[2026-04-22T12:12:04.475+0530] {local_task_job_runner.py:120} INFO - ::group::Pre task execution logs
[2026-04-22T12:12:04.486+0530] {taskinstance.py:2076} INFO - Dependencies all met for dep_context=non-requeueable deps ti=<TaskInstance: fraud_detection_pipeline.check_drift manual__2026-04-10T14:19:05+00:00 [queued]>
[2026-04-22T12:12:04.488+0530] {taskinstance.py:2076} INFO - Dependencies all met for dep_context=requeueable deps ti=<TaskInstance: fraud_detection_pipeline.check_drift manual__2026-04-10T14:19:05+00:00 [queued]>
[2026-04-22T12:12:04.488+0530] {taskinstance.py:2306} INFO - Starting attempt 5 of 7
[2026-04-22T12:12:04.492+0530] {taskinstance.py:2330} INFO - Executing <Task(PythonOperator): check_drift> on 2026-04-10 14:19:05+00:00
[2026-04-22T12:12:04.495+0530] {standard_task_runner.py:63} INFO - Started process 71055 to run task
[2026-04-22T12:12:04.497+0530] {standard_task_runner.py:90} INFO - Running: ['airflow', 'tasks', 'run', 'fraud_detection_pipeline', 'check_drift', 'manual__2026-04-10T14:19:05+00:00', '--job-id', '223', '--raw', '--subdir', 'DAGS_FOLDER/fraud_pipeline.py', '--cfg-path', '/var/folders/t3/vln6zx7d3f73chjjcynlp_qh0000gn/T/tmpvm8zxuf9']
[2026-04-22T12:12:04.498+0530] {standard_task_runner.py:91} INFO - Job 223: Subtask check_drift
[2026-04-22T12:12:04.511+0530] {task_command.py:426} INFO - Running <TaskInstance: fraud_detection_pipeline.check_drift manual__2026-04-10T14:19:05+00:00 [running]> on host srishtis-macbook-air.local
[2026-04-22T12:12:04.573+0530] {taskinstance.py:2648} INFO - Exporting env vars: AIRFLOW_CTX_DAG_OWNER='mlops-team' AIRFLOW_CTX_DAG_ID='fraud_detection_pipeline' AIRFLOW_CTX_TASK_ID='check_drift' AIRFLOW_CTX_EXECUTION_DATE='2026-04-10T14:19:05+00:00' AIRFLOW_CTX_TRY_NUMBER='5' AIRFLOW_CTX_DAG_RUN_ID='manual__2026-04-10T14:19:05+00:00'
[2026-04-22T12:12:04.573+0530] {taskinstance.py:430} INFO - ::endgroup::
[2026-04-22T12:12:04.573+0530] {fraud_pipeline.py:268} INFO - 🔍 Task 3: Checking for data drift...
[2026-04-22T12:12:05.066+0530] {logging_mixin.py:188} INFO - 
🔍 Running drift check...
[2026-04-22T12:12:05.066+0530] {logging_mixin.py:188} INFO -    Current data: 118,108 samples
[2026-04-22T12:12:05.071+0530] {logging_mixin.py:188} INFO -    Reference data: 118,108 samples (from 2026-04-22)
[2026-04-22T12:12:05.127+0530] {logging_mixin.py:188} INFO - 
   📊 PSI Results:
[2026-04-22T12:12:05.127+0530] {logging_mixin.py:188} INFO -       🟢 TransactionAmt: 0.0678
[2026-04-22T12:12:05.127+0530] {logging_mixin.py:188} INFO -       🟢 TransactionAmt_log: 0.0678
[2026-04-22T12:12:05.127+0530] {logging_mixin.py:188} INFO -       🟢 Transaction_hour: 0.0027
[2026-04-22T12:12:05.128+0530] {logging_mixin.py:188} INFO -       🟢 addr1: 0.0027
[2026-04-22T12:12:05.128+0530] {logging_mixin.py:188} INFO -       🟢 card1: 0.0016
[2026-04-22T12:12:05.128+0530] {logging_mixin.py:188} INFO -       🟢 C1: 0.0016
[2026-04-22T12:12:05.128+0530] {logging_mixin.py:188} INFO -       🟢 D15: 0.0015
[2026-04-22T12:12:05.128+0530] {logging_mixin.py:188} INFO -       🟢 D1: 0.0012
[2026-04-22T12:12:05.128+0530] {logging_mixin.py:188} INFO -       🟢 dist1: 0.0008
[2026-04-22T12:12:05.128+0530] {logging_mixin.py:188} INFO -       🟢 C6: 0.0008
[2026-04-22T12:12:05.128+0530] {logging_mixin.py:188} INFO -       🟢 C2: 0.0007
[2026-04-22T12:12:05.128+0530] {logging_mixin.py:188} INFO -       🟢 card4: 0.0004
[2026-04-22T12:12:05.129+0530] {logging_mixin.py:188} INFO -       🟢 C13: 0.0004
[2026-04-22T12:12:05.129+0530] {logging_mixin.py:188} INFO -       🟢 D10: 0.0004
[2026-04-22T12:12:05.129+0530] {logging_mixin.py:188} INFO -       🟢 card6: 0.0002
[2026-04-22T12:12:05.129+0530] {logging_mixin.py:188} INFO - 
   Status: STABLE
[2026-04-22T12:12:05.129+0530] {logging_mixin.py:188} INFO -    Max PSI: 0.0678
[2026-04-22T12:12:05.129+0530] {logging_mixin.py:188} INFO -    Drift detected: False
[2026-04-22T12:12:10.057+0530] {logging_mixin.py:188} INFO - ✅ Evidently drift report saved → /Users/srish/Documents/mlops+fintech/data/processed/drift_reports/drift_report_20260422_064209.html
[2026-04-22T12:12:10.057+0530] {logging_mixin.py:188} INFO - 
   ✅ Result saved → /Users/srish/Documents/mlops+fintech/data/processed/drift_reports/latest_drift_result.json
[2026-04-22T12:12:10.057+0530] {fraud_pipeline.py:282} INFO -    Max PSI: 0.0678
[2026-04-22T12:12:10.057+0530] {fraud_pipeline.py:283} INFO -    Drift detected: False
[2026-04-22T12:12:10.062+0530] {python.py:237} INFO - Done. Returned value was: 0.0678
[2026-04-22T12:12:10.062+0530] {taskinstance.py:441} INFO - ::group::Post task execution logs
[2026-04-22T12:12:10.065+0530] {taskinstance.py:1206} INFO - Marking task as SUCCESS. dag_id=fraud_detection_pipeline, task_id=check_drift, run_id=manual__2026-04-10T14:19:05+00:00, execution_date=20260410T141905, start_date=20260422T064204, end_date=20260422T064210
[2026-04-22T12:12:10.102+0530] {local_task_job_runner.py:240} INFO - Task exited with return code 0
[2026-04-22T12:12:10.142+0530] {taskinstance.py:3498} INFO - 1 downstream tasks scheduled from follow-on schedule check
[2026-04-22T12:12:10.142+0530] {local_task_job_runner.py:222} INFO - ::endgroup::
