[2026-04-22T05:56:58.684+0530] {processor.py:161} INFO - Started process (PID=68487) to work on /Library/Frameworks/Python.framework/Versions/3.10/lib/python3.10/site-packages/airflow/example_dags/subdags/subdag.py
[2026-04-22T05:56:58.685+0530] {processor.py:830} INFO - Processing file /Library/Frameworks/Python.framework/Versions/3.10/lib/python3.10/site-packages/airflow/example_dags/subdags/subdag.py for tasks to queue
[2026-04-22T05:56:58.685+0530] {logging_mixin.py:188} INFO - [2026-04-22T05:56:58.685+0530] {dagbag.py:545} INFO - Filling up the DagBag from /Library/Frameworks/Python.framework/Versions/3.10/lib/python3.10/site-packages/airflow/example_dags/subdags/subdag.py
[2026-04-22T05:56:58.686+0530] {processor.py:842} WARNING - No viable dags retrieved from /Library/Frameworks/Python.framework/Versions/3.10/lib/python3.10/site-packages/airflow/example_dags/subdags/subdag.py
[2026-04-22T05:56:58.726+0530] {processor.py:183} INFO - Processing /Library/Frameworks/Python.framework/Versions/3.10/lib/python3.10/site-packages/airflow/example_dags/subdags/subdag.py took 0.043 seconds
[2026-04-22T07:23:24.010+0530] {processor.py:161} INFO - Started process (PID=68778) to work on /Library/Frameworks/Python.framework/Versions/3.10/lib/python3.10/site-packages/airflow/example_dags/subdags/subdag.py
[2026-04-22T07:23:24.011+0530] {processor.py:830} INFO - Processing file /Library/Frameworks/Python.framework/Versions/3.10/lib/python3.10/site-packages/airflow/example_dags/subdags/subdag.py for tasks to queue
[2026-04-22T07:23:24.011+0530] {logging_mixin.py:188} INFO - [2026-04-22T07:23:24.011+0530] {dagbag.py:545} INFO - Filling up the DagBag from /Library/Frameworks/Python.framework/Versions/3.10/lib/python3.10/site-packages/airflow/example_dags/subdags/subdag.py
[2026-04-22T07:23:24.012+0530] {processor.py:842} WARNING - No viable dags retrieved from /Library/Frameworks/Python.framework/Versions/3.10/lib/python3.10/site-packages/airflow/example_dags/subdags/subdag.py
[2026-04-22T07:23:24.037+0530] {processor.py:183} INFO - Processing /Library/Frameworks/Python.framework/Versions/3.10/lib/python3.10/site-packages/airflow/example_dags/subdags/subdag.py took 0.028 seconds
[2026-04-22T09:48:07.601+0530] {processor.py:161} INFO - Started process (PID=69078) to work on /Library/Frameworks/Python.framework/Versions/3.10/lib/python3.10/site-packages/airflow/example_dags/subdags/subdag.py
[2026-04-22T09:48:07.602+0530] {processor.py:830} INFO - Processing file /Library/Frameworks/Python.framework/Versions/3.10/lib/python3.10/site-packages/airflow/example_dags/subdags/subdag.py for tasks to queue
[2026-04-22T09:48:07.602+0530] {logging_mixin.py:188} INFO - [2026-04-22T09:48:07.602+0530] {dagbag.py:545} INFO - Filling up the DagBag from /Library/Frameworks/Python.framework/Versions/3.10/lib/python3.10/site-packages/airflow/example_dags/subdags/subdag.py
[2026-04-22T09:48:07.604+0530] {processor.py:842} WARNING - No viable dags retrieved from /Library/Frameworks/Python.framework/Versions/3.10/lib/python3.10/site-packages/airflow/example_dags/subdags/subdag.py
[2026-04-22T09:48:07.634+0530] {processor.py:183} INFO - Processing /Library/Frameworks/Python.framework/Versions/3.10/lib/python3.10/site-packages/airflow/example_dags/subdags/subdag.py took 0.034 seconds
[2026-04-22T11:47:54.442+0530] {processor.py:161} INFO - Started process (PID=69343) to work on /Library/Frameworks/Python.framework/Versions/3.10/lib/python3.10/site-packages/airflow/example_dags/subdags/subdag.py
[2026-04-22T11:47:54.443+0530] {processor.py:830} INFO - Processing file /Library/Frameworks/Python.framework/Versions/3.10/lib/python3.10/site-packages/airflow/example_dags/subdags/subdag.py for tasks to queue
[2026-04-22T11:47:54.443+0530] {logging_mixin.py:188} INFO - [2026-04-22T11:47:54.443+0530] {dagbag.py:545} INFO - Filling up the DagBag from /Library/Frameworks/Python.framework/Versions/3.10/lib/python3.10/site-packages/airflow/example_dags/subdags/subdag.py
[2026-04-22T11:47:54.444+0530] {processor.py:842} WARNING - No viable dags retrieved from /Library/Frameworks/Python.framework/Versions/3.10/lib/python3.10/site-packages/airflow/example_dags/subdags/subdag.py
[2026-04-22T11:47:54.467+0530] {processor.py:183} INFO - Processing /Library/Frameworks/Python.framework/Versions/3.10/lib/python3.10/site-packages/airflow/example_dags/subdags/subdag.py took 0.025 seconds
[2026-04-22T11:48:31.751+0530] {processor.py:161} INFO - Started process (PID=69411) to work on /Library/Frameworks/Python.framework/Versions/3.10/lib/python3.10/site-packages/airflow/example_dags/subdags/subdag.py
[2026-04-22T11:48:31.751+0530] {processor.py:830} INFO - Processing file /Library/Frameworks/Python.framework/Versions/3.10/lib/python3.10/site-packages/airflow/example_dags/subdags/subdag.py for tasks to queue
[2026-04-22T11:48:31.752+0530] {logging_mixin.py:188} INFO - [2026-04-22T11:48:31.752+0530] {dagbag.py:545} INFO - Filling up the DagBag from /Library/Frameworks/Python.framework/Versions/3.10/lib/python3.10/site-packages/airflow/example_dags/subdags/subdag.py
[2026-04-22T11:48:31.752+0530] {processor.py:842} WARNING - No viable dags retrieved from /Library/Frameworks/Python.framework/Versions/3.10/lib/python3.10/site-packages/airflow/example_dags/subdags/subdag.py
[2026-04-22T11:48:31.777+0530] {processor.py:183} INFO - Processing /Library/Frameworks/Python.framework/Versions/3.10/lib/python3.10/site-packages/airflow/example_dags/subdags/subdag.py took 0.027 seconds
[2026-04-22T11:49:09.401+0530] {processor.py:161} INFO - Started process (PID=69472) to work on /Library/Frameworks/Python.framework/Versions/3.10/lib/python3.10/site-packages/airflow/example_dags/subdags/subdag.py
[2026-04-22T11:49:09.402+0530] {processor.py:830} INFO - Processing file /Library/Frameworks/Python.framework/Versions/3.10/lib/python3.10/site-packages/airflow/example_dags/subdags/subdag.py for tasks to queue
[2026-04-22T11:49:09.402+0530] {logging_mixin.py:188} INFO - [2026-04-22T11:49:09.402+0530] {dagbag.py:545} INFO - Filling up the DagBag from /Library/Frameworks/Python.framework/Versions/3.10/lib/python3.10/site-packages/airflow/example_dags/subdags/subdag.py
[2026-04-22T11:49:09.403+0530] {processor.py:842} WARNING - No viable dags retrieved from /Library/Frameworks/Python.framework/Versions/3.10/lib/python3.10/site-packages/airflow/example_dags/subdags/subdag.py
[2026-04-22T11:49:09.426+0530] {processor.py:183} INFO - Processing /Library/Frameworks/Python.framework/Versions/3.10/lib/python3.10/site-packages/airflow/example_dags/subdags/subdag.py took 0.026 seconds
[2026-04-22T11:49:45.410+0530] {processor.py:161} INFO - Started process (PID=69531) to work on /Library/Frameworks/Python.framework/Versions/3.10/lib/python3.10/site-packages/airflow/example_dags/subdags/subdag.py
[2026-04-22T11:49:45.411+0530] {processor.py:830} INFO - Processing file /Library/Frameworks/Python.framework/Versions/3.10/lib/python3.10/site-packages/airflow/example_dags/subdags/subdag.py for tasks to queue
[2026-04-22T11:49:45.412+0530] {logging_mixin.py:188} INFO - [2026-04-22T11:49:45.412+0530] {dagbag.py:545} INFO - Filling up the DagBag from /Library/Frameworks/Python.framework/Versions/3.10/lib/python3.10/site-packages/airflow/example_dags/subdags/subdag.py
[2026-04-22T11:49:45.412+0530] {processor.py:842} WARNING - No viable dags retrieved from /Library/Frameworks/Python.framework/Versions/3.10/lib/python3.10/site-packages/airflow/example_dags/subdags/subdag.py
[2026-04-22T11:49:45.436+0530] {processor.py:183} INFO - Processing /Library/Frameworks/Python.framework/Versions/3.10/lib/python3.10/site-packages/airflow/example_dags/subdags/subdag.py took 0.027 seconds
[2026-04-22T11:50:22.970+0530] {processor.py:161} INFO - Started process (PID=69595) to work on /Library/Frameworks/Python.framework/Versions/3.10/lib/python3.10/site-packages/airflow/example_dags/subdags/subdag.py
[2026-04-22T11:50:22.972+0530] {processor.py:830} INFO - Processing file /Library/Frameworks/Python.framework/Versions/3.10/lib/python3.10/site-packages/airflow/example_dags/subdags/subdag.py for tasks to queue
[2026-04-22T11:50:22.972+0530] {logging_mixin.py:188} INFO - [2026-04-22T11:50:22.972+0530] {dagbag.py:545} INFO - Filling up the DagBag from /Library/Frameworks/Python.framework/Versions/3.10/lib/python3.10/site-packages/airflow/example_dags/subdags/subdag.py
[2026-04-22T11:50:22.973+0530] {processor.py:842} WARNING - No viable dags retrieved from /Library/Frameworks/Python.framework/Versions/3.10/lib/python3.10/site-packages/airflow/example_dags/subdags/subdag.py
[2026-04-22T11:50:22.997+0530] {processor.py:183} INFO - Processing /Library/Frameworks/Python.framework/Versions/3.10/lib/python3.10/site-packages/airflow/example_dags/subdags/subdag.py took 0.027 seconds
[2026-04-22T11:51:00.173+0530] {processor.py:161} INFO - Started process (PID=69696) to work on /Library/Frameworks/Python.framework/Versions/3.10/lib/python3.10/site-packages/airflow/example_dags/subdags/subdag.py
[2026-04-22T11:51:00.173+0530] {processor.py:830} INFO - Processing file /Library/Frameworks/Python.framework/Versions/3.10/lib/python3.10/site-packages/airflow/example_dags/subdags/subdag.py for tasks to queue
[2026-04-22T11:51:00.174+0530] {logging_mixin.py:188} INFO - [2026-04-22T11:51:00.173+0530] {dagbag.py:545} INFO - Filling up the DagBag from /Library/Frameworks/Python.framework/Versions/3.10/lib/python3.10/site-packages/airflow/example_dags/subdags/subdag.py
[2026-04-22T11:51:00.174+0530] {processor.py:842} WARNING - No viable dags retrieved from /Library/Frameworks/Python.framework/Versions/3.10/lib/python3.10/site-packages/airflow/example_dags/subdags/subdag.py
[2026-04-22T11:51:00.198+0530] {processor.py:183} INFO - Processing /Library/Frameworks/Python.framework/Versions/3.10/lib/python3.10/site-packages/airflow/example_dags/subdags/subdag.py took 0.026 seconds
[2026-04-22T12:08:26.940+0530] {processor.py:161} INFO - Started process (PID=70789) to work on /Library/Frameworks/Python.framework/Versions/3.10/lib/python3.10/site-packages/airflow/example_dags/subdags/subdag.py
[2026-04-22T12:08:26.942+0530] {processor.py:830} INFO - Processing file /Library/Frameworks/Python.framework/Versions/3.10/lib/python3.10/site-packages/airflow/example_dags/subdags/subdag.py for tasks to queue
[2026-04-22T12:08:26.942+0530] {logging_mixin.py:188} INFO - [2026-04-22T12:08:26.942+0530] {dagbag.py:545} INFO - Filling up the DagBag from /Library/Frameworks/Python.framework/Versions/3.10/lib/python3.10/site-packages/airflow/example_dags/subdags/subdag.py
[2026-04-22T12:08:26.943+0530] {processor.py:842} WARNING - No viable dags retrieved from /Library/Frameworks/Python.framework/Versions/3.10/lib/python3.10/site-packages/airflow/example_dags/subdags/subdag.py
[2026-04-22T12:08:26.967+0530] {processor.py:183} INFO - Processing /Library/Frameworks/Python.framework/Versions/3.10/lib/python3.10/site-packages/airflow/example_dags/subdags/subdag.py took 0.027 seconds
[2026-04-22T12:13:16.606+0530] {processor.py:161} INFO - Started process (PID=71149) to work on /Library/Frameworks/Python.framework/Versions/3.10/lib/python3.10/site-packages/airflow/example_dags/subdags/subdag.py
[2026-04-22T12:13:16.607+0530] {processor.py:830} INFO - Processing file /Library/Frameworks/Python.framework/Versions/3.10/lib/python3.10/site-packages/airflow/example_dags/subdags/subdag.py for tasks to queue
[2026-04-22T12:13:16.607+0530] {logging_mixin.py:188} INFO - [2026-04-22T12:13:16.607+0530] {dagbag.py:545} INFO - Filling up the DagBag from /Library/Frameworks/Python.framework/Versions/3.10/lib/python3.10/site-packages/airflow/example_dags/subdags/subdag.py
[2026-04-22T12:13:16.608+0530] {processor.py:842} WARNING - No viable dags retrieved from /Library/Frameworks/Python.framework/Versions/3.10/lib/python3.10/site-packages/airflow/example_dags/subdags/subdag.py
[2026-04-22T12:13:16.631+0530] {processor.py:183} INFO - Processing /Library/Frameworks/Python.framework/Versions/3.10/lib/python3.10/site-packages/airflow/example_dags/subdags/subdag.py took 0.026 seconds
[2026-04-22T12:17:33.650+0530] {processor.py:161} INFO - Started process (PID=71444) to work on /Library/Frameworks/Python.framework/Versions/3.10/lib/python3.10/site-packages/airflow/example_dags/subdags/subdag.py
[2026-04-22T12:17:33.650+0530] {processor.py:830} INFO - Processing file /Library/Frameworks/Python.framework/Versions/3.10/lib/python3.10/site-packages/airflow/example_dags/subdags/subdag.py for tasks to queue
[2026-04-22T12:17:33.651+0530] {logging_mixin.py:188} INFO - [2026-04-22T12:17:33.650+0530] {dagbag.py:545} INFO - Filling up the DagBag from /Library/Frameworks/Python.framework/Versions/3.10/lib/python3.10/site-packages/airflow/example_dags/subdags/subdag.py
[2026-04-22T12:17:33.651+0530] {processor.py:842} WARNING - No viable dags retrieved from /Library/Frameworks/Python.framework/Versions/3.10/lib/python3.10/site-packages/airflow/example_dags/subdags/subdag.py
[2026-04-22T12:17:33.674+0530] {processor.py:183} INFO - Processing /Library/Frameworks/Python.framework/Versions/3.10/lib/python3.10/site-packages/airflow/example_dags/subdags/subdag.py took 0.026 seconds
[2026-04-22T12:19:59.076+0530] {processor.py:161} INFO - Started process (PID=71805) to work on /Library/Frameworks/Python.framework/Versions/3.10/lib/python3.10/site-packages/airflow/example_dags/subdags/subdag.py
[2026-04-22T12:19:59.077+0530] {processor.py:830} INFO - Processing file /Library/Frameworks/Python.framework/Versions/3.10/lib/python3.10/site-packages/airflow/example_dags/subdags/subdag.py for tasks to queue
[2026-04-22T12:19:59.077+0530] {logging_mixin.py:188} INFO - [2026-04-22T12:19:59.077+0530] {dagbag.py:545} INFO - Filling up the DagBag from /Library/Frameworks/Python.framework/Versions/3.10/lib/python3.10/site-packages/airflow/example_dags/subdags/subdag.py
[2026-04-22T12:19:59.078+0530] {processor.py:842} WARNING - No viable dags retrieved from /Library/Frameworks/Python.framework/Versions/3.10/lib/python3.10/site-packages/airflow/example_dags/subdags/subdag.py
[2026-04-22T12:19:59.104+0530] {processor.py:183} INFO - Processing /Library/Frameworks/Python.framework/Versions/3.10/lib/python3.10/site-packages/airflow/example_dags/subdags/subdag.py took 0.029 seconds
[2026-04-22T12:21:03.033+0530] {processor.py:161} INFO - Started process (PID=72262) to work on /Library/Frameworks/Python.framework/Versions/3.10/lib/python3.10/site-packages/airflow/example_dags/subdags/subdag.py
[2026-04-22T12:21:03.033+0530] {processor.py:830} INFO - Processing file /Library/Frameworks/Python.framework/Versions/3.10/lib/python3.10/site-packages/airflow/example_dags/subdags/subdag.py for tasks to queue
[2026-04-22T12:21:03.034+0530] {logging_mixin.py:188} INFO - [2026-04-22T12:21:03.034+0530] {dagbag.py:545} INFO - Filling up the DagBag from /Library/Frameworks/Python.framework/Versions/3.10/lib/python3.10/site-packages/airflow/example_dags/subdags/subdag.py
[2026-04-22T12:21:03.034+0530] {processor.py:842} WARNING - No viable dags retrieved from /Library/Frameworks/Python.framework/Versions/3.10/lib/python3.10/site-packages/airflow/example_dags/subdags/subdag.py
[2026-04-22T12:21:03.058+0530] {processor.py:183} INFO - Processing /Library/Frameworks/Python.framework/Versions/3.10/lib/python3.10/site-packages/airflow/example_dags/subdags/subdag.py took 0.026 seconds
[2026-04-22T12:21:58.265+0530] {processor.py:161} INFO - Started process (PID=72386) to work on /Library/Frameworks/Python.framework/Versions/3.10/lib/python3.10/site-packages/airflow/example_dags/subdags/subdag.py
[2026-04-22T12:21:58.266+0530] {processor.py:830} INFO - Processing file /Library/Frameworks/Python.framework/Versions/3.10/lib/python3.10/site-packages/airflow/example_dags/subdags/subdag.py for tasks to queue
[2026-04-22T12:21:58.266+0530] {logging_mixin.py:188} INFO - [2026-04-22T12:21:58.266+0530] {dagbag.py:545} INFO - Filling up the DagBag from /Library/Frameworks/Python.framework/Versions/3.10/lib/python3.10/site-packages/airflow/example_dags/subdags/subdag.py
[2026-04-22T12:21:58.267+0530] {processor.py:842} WARNING - No viable dags retrieved from /Library/Frameworks/Python.framework/Versions/3.10/lib/python3.10/site-packages/airflow/example_dags/subdags/subdag.py
[2026-04-22T12:21:58.291+0530] {processor.py:183} INFO - Processing /Library/Frameworks/Python.framework/Versions/3.10/lib/python3.10/site-packages/airflow/example_dags/subdags/subdag.py took 0.027 seconds
[2026-04-22T12:22:49.117+0530] {processor.py:161} INFO - Started process (PID=72484) to work on /Library/Frameworks/Python.framework/Versions/3.10/lib/python3.10/site-packages/airflow/example_dags/subdags/subdag.py
[2026-04-22T12:22:49.118+0530] {processor.py:830} INFO - Processing file /Library/Frameworks/Python.framework/Versions/3.10/lib/python3.10/site-packages/airflow/example_dags/subdags/subdag.py for tasks to queue
[2026-04-22T12:22:49.118+0530] {logging_mixin.py:188} INFO - [2026-04-22T12:22:49.118+0530] {dagbag.py:545} INFO - Filling up the DagBag from /Library/Frameworks/Python.framework/Versions/3.10/lib/python3.10/site-packages/airflow/example_dags/subdags/subdag.py
[2026-04-22T12:22:49.119+0530] {processor.py:842} WARNING - No viable dags retrieved from /Library/Frameworks/Python.framework/Versions/3.10/lib/python3.10/site-packages/airflow/example_dags/subdags/subdag.py
[2026-04-22T12:22:49.143+0530] {processor.py:183} INFO - Processing /Library/Frameworks/Python.framework/Versions/3.10/lib/python3.10/site-packages/airflow/example_dags/subdags/subdag.py took 0.027 seconds
[2026-04-22T12:23:40.369+0530] {processor.py:161} INFO - Started process (PID=72555) to work on /Library/Frameworks/Python.framework/Versions/3.10/lib/python3.10/site-packages/airflow/example_dags/subdags/subdag.py
[2026-04-22T12:23:40.370+0530] {processor.py:830} INFO - Processing file /Library/Frameworks/Python.framework/Versions/3.10/lib/python3.10/site-packages/airflow/example_dags/subdags/subdag.py for tasks to queue
[2026-04-22T12:23:40.370+0530] {logging_mixin.py:188} INFO - [2026-04-22T12:23:40.370+0530] {dagbag.py:545} INFO - Filling up the DagBag from /Library/Frameworks/Python.framework/Versions/3.10/lib/python3.10/site-packages/airflow/example_dags/subdags/subdag.py
[2026-04-22T12:23:40.371+0530] {processor.py:842} WARNING - No viable dags retrieved from /Library/Frameworks/Python.framework/Versions/3.10/lib/python3.10/site-packages/airflow/example_dags/subdags/subdag.py
[2026-04-22T12:23:40.394+0530] {processor.py:183} INFO - Processing /Library/Frameworks/Python.framework/Versions/3.10/lib/python3.10/site-packages/airflow/example_dags/subdags/subdag.py took 0.026 seconds
[2026-04-22T12:24:31.461+0530] {processor.py:161} INFO - Started process (PID=72607) to work on /Library/Frameworks/Python.framework/Versions/3.10/lib/python3.10/site-packages/airflow/example_dags/subdags/subdag.py
[2026-04-22T12:24:31.462+0530] {processor.py:830} INFO - Processing file /Library/Frameworks/Python.framework/Versions/3.10/lib/python3.10/site-packages/airflow/example_dags/subdags/subdag.py for tasks to queue
[2026-04-22T12:24:31.462+0530] {logging_mixin.py:188} INFO - [2026-04-22T12:24:31.462+0530] {dagbag.py:545} INFO - Filling up the DagBag from /Library/Frameworks/Python.framework/Versions/3.10/lib/python3.10/site-packages/airflow/example_dags/subdags/subdag.py
[2026-04-22T12:24:31.463+0530] {processor.py:842} WARNING - No viable dags retrieved from /Library/Frameworks/Python.framework/Versions/3.10/lib/python3.10/site-packages/airflow/example_dags/subdags/subdag.py
[2026-04-22T12:24:31.486+0530] {processor.py:183} INFO - Processing /Library/Frameworks/Python.framework/Versions/3.10/lib/python3.10/site-packages/airflow/example_dags/subdags/subdag.py took 0.026 seconds
[2026-04-22T12:25:23.068+0530] {processor.py:161} INFO - Started process (PID=72811) to work on /Library/Frameworks/Python.framework/Versions/3.10/lib/python3.10/site-packages/airflow/example_dags/subdags/subdag.py
[2026-04-22T12:25:23.069+0530] {processor.py:830} INFO - Processing file /Library/Frameworks/Python.framework/Versions/3.10/lib/python3.10/site-packages/airflow/example_dags/subdags/subdag.py for tasks to queue
[2026-04-22T12:25:23.069+0530] {logging_mixin.py:188} INFO - [2026-04-22T12:25:23.069+0530] {dagbag.py:545} INFO - Filling up the DagBag from /Library/Frameworks/Python.framework/Versions/3.10/lib/python3.10/site-packages/airflow/example_dags/subdags/subdag.py
[2026-04-22T12:25:23.070+0530] {processor.py:842} WARNING - No viable dags retrieved from /Library/Frameworks/Python.framework/Versions/3.10/lib/python3.10/site-packages/airflow/example_dags/subdags/subdag.py
[2026-04-22T12:25:23.094+0530] {processor.py:183} INFO - Processing /Library/Frameworks/Python.framework/Versions/3.10/lib/python3.10/site-packages/airflow/example_dags/subdags/subdag.py took 0.027 seconds
[2026-04-22T12:26:17.479+0530] {processor.py:161} INFO - Started process (PID=72892) to work on /Library/Frameworks/Python.framework/Versions/3.10/lib/python3.10/site-packages/airflow/example_dags/subdags/subdag.py
[2026-04-22T12:26:17.479+0530] {processor.py:830} INFO - Processing file /Library/Frameworks/Python.framework/Versions/3.10/lib/python3.10/site-packages/airflow/example_dags/subdags/subdag.py for tasks to queue
[2026-04-22T12:26:17.479+0530] {logging_mixin.py:188} INFO - [2026-04-22T12:26:17.479+0530] {dagbag.py:545} INFO - Filling up the DagBag from /Library/Frameworks/Python.framework/Versions/3.10/lib/python3.10/site-packages/airflow/example_dags/subdags/subdag.py
[2026-04-22T12:26:17.480+0530] {processor.py:842} WARNING - No viable dags retrieved from /Library/Frameworks/Python.framework/Versions/3.10/lib/python3.10/site-packages/airflow/example_dags/subdags/subdag.py
[2026-04-22T12:26:17.503+0530] {processor.py:183} INFO - Processing /Library/Frameworks/Python.framework/Versions/3.10/lib/python3.10/site-packages/airflow/example_dags/subdags/subdag.py took 0.025 seconds
[2026-04-22T12:27:09.498+0530] {processor.py:161} INFO - Started process (PID=72956) to work on /Library/Frameworks/Python.framework/Versions/3.10/lib/python3.10/site-packages/airflow/example_dags/subdags/subdag.py
[2026-04-22T12:27:09.499+0530] {processor.py:830} INFO - Processing file /Library/Frameworks/Python.framework/Versions/3.10/lib/python3.10/site-packages/airflow/example_dags/subdags/subdag.py for tasks to queue
[2026-04-22T12:27:09.499+0530] {logging_mixin.py:188} INFO - [2026-04-22T12:27:09.499+0530] {dagbag.py:545} INFO - Filling up the DagBag from /Library/Frameworks/Python.framework/Versions/3.10/lib/python3.10/site-packages/airflow/example_dags/subdags/subdag.py
[2026-04-22T12:27:09.500+0530] {processor.py:842} WARNING - No viable dags retrieved from /Library/Frameworks/Python.framework/Versions/3.10/lib/python3.10/site-packages/airflow/example_dags/subdags/subdag.py
[2026-04-22T12:27:09.523+0530] {processor.py:183} INFO - Processing /Library/Frameworks/Python.framework/Versions/3.10/lib/python3.10/site-packages/airflow/example_dags/subdags/subdag.py took 0.026 seconds
[2026-04-22T12:28:05.243+0530] {processor.py:161} INFO - Started process (PID=73075) to work on /Library/Frameworks/Python.framework/Versions/3.10/lib/python3.10/site-packages/airflow/example_dags/subdags/subdag.py
[2026-04-22T12:28:05.244+0530] {processor.py:830} INFO - Processing file /Library/Frameworks/Python.framework/Versions/3.10/lib/python3.10/site-packages/airflow/example_dags/subdags/subdag.py for tasks to queue
[2026-04-22T12:28:05.244+0530] {logging_mixin.py:188} INFO - [2026-04-22T12:28:05.244+0530] {dagbag.py:545} INFO - Filling up the DagBag from /Library/Frameworks/Python.framework/Versions/3.10/lib/python3.10/site-packages/airflow/example_dags/subdags/subdag.py
[2026-04-22T12:28:05.245+0530] {processor.py:842} WARNING - No viable dags retrieved from /Library/Frameworks/Python.framework/Versions/3.10/lib/python3.10/site-packages/airflow/example_dags/subdags/subdag.py
[2026-04-22T12:28:05.269+0530] {processor.py:183} INFO - Processing /Library/Frameworks/Python.framework/Versions/3.10/lib/python3.10/site-packages/airflow/example_dags/subdags/subdag.py took 0.027 seconds
[2026-04-22T12:29:03.996+0530] {processor.py:161} INFO - Started process (PID=73171) to work on /Library/Frameworks/Python.framework/Versions/3.10/lib/python3.10/site-packages/airflow/example_dags/subdags/subdag.py
[2026-04-22T12:29:03.997+0530] {processor.py:830} INFO - Processing file /Library/Frameworks/Python.framework/Versions/3.10/lib/python3.10/site-packages/airflow/example_dags/subdags/subdag.py for tasks to queue
[2026-04-22T12:29:03.997+0530] {logging_mixin.py:188} INFO - [2026-04-22T12:29:03.997+0530] {dagbag.py:545} INFO - Filling up the DagBag from /Library/Frameworks/Python.framework/Versions/3.10/lib/python3.10/site-packages/airflow/example_dags/subdags/subdag.py
[2026-04-22T12:29:03.998+0530] {processor.py:842} WARNING - No viable dags retrieved from /Library/Frameworks/Python.framework/Versions/3.10/lib/python3.10/site-packages/airflow/example_dags/subdags/subdag.py
[2026-04-22T12:29:04.021+0530] {processor.py:183} INFO - Processing /Library/Frameworks/Python.framework/Versions/3.10/lib/python3.10/site-packages/airflow/example_dags/subdags/subdag.py took 0.026 seconds
[2026-04-22T12:29:59.043+0530] {processor.py:161} INFO - Started process (PID=73304) to work on /Library/Frameworks/Python.framework/Versions/3.10/lib/python3.10/site-packages/airflow/example_dags/subdags/subdag.py
[2026-04-22T12:29:59.044+0530] {processor.py:830} INFO - Processing file /Library/Frameworks/Python.framework/Versions/3.10/lib/python3.10/site-packages/airflow/example_dags/subdags/subdag.py for tasks to queue
[2026-04-22T12:29:59.044+0530] {logging_mixin.py:188} INFO - [2026-04-22T12:29:59.044+0530] {dagbag.py:545} INFO - Filling up the DagBag from /Library/Frameworks/Python.framework/Versions/3.10/lib/python3.10/site-packages/airflow/example_dags/subdags/subdag.py
[2026-04-22T12:29:59.045+0530] {processor.py:842} WARNING - No viable dags retrieved from /Library/Frameworks/Python.framework/Versions/3.10/lib/python3.10/site-packages/airflow/example_dags/subdags/subdag.py
[2026-04-22T12:29:59.068+0530] {processor.py:183} INFO - Processing /Library/Frameworks/Python.framework/Versions/3.10/lib/python3.10/site-packages/airflow/example_dags/subdags/subdag.py took 0.026 seconds
[2026-04-22T12:30:52.835+0530] {processor.py:161} INFO - Started process (PID=73438) to work on /Library/Frameworks/Python.framework/Versions/3.10/lib/python3.10/site-packages/airflow/example_dags/subdags/subdag.py
[2026-04-22T12:30:52.836+0530] {processor.py:830} INFO - Processing file /Library/Frameworks/Python.framework/Versions/3.10/lib/python3.10/site-packages/airflow/example_dags/subdags/subdag.py for tasks to queue
[2026-04-22T12:30:52.836+0530] {logging_mixin.py:188} INFO - [2026-04-22T12:30:52.836+0530] {dagbag.py:545} INFO - Filling up the DagBag from /Library/Frameworks/Python.framework/Versions/3.10/lib/python3.10/site-packages/airflow/example_dags/subdags/subdag.py
[2026-04-22T12:30:52.837+0530] {processor.py:842} WARNING - No viable dags retrieved from /Library/Frameworks/Python.framework/Versions/3.10/lib/python3.10/site-packages/airflow/example_dags/subdags/subdag.py
[2026-04-22T12:30:52.861+0530] {processor.py:183} INFO - Processing /Library/Frameworks/Python.framework/Versions/3.10/lib/python3.10/site-packages/airflow/example_dags/subdags/subdag.py took 0.026 seconds
[2026-04-22T12:31:48.630+0530] {processor.py:161} INFO - Started process (PID=73542) to work on /Library/Frameworks/Python.framework/Versions/3.10/lib/python3.10/site-packages/airflow/example_dags/subdags/subdag.py
[2026-04-22T12:31:48.630+0530] {processor.py:830} INFO - Processing file /Library/Frameworks/Python.framework/Versions/3.10/lib/python3.10/site-packages/airflow/example_dags/subdags/subdag.py for tasks to queue
[2026-04-22T12:31:48.630+0530] {logging_mixin.py:188} INFO - [2026-04-22T12:31:48.630+0530] {dagbag.py:545} INFO - Filling up the DagBag from /Library/Frameworks/Python.framework/Versions/3.10/lib/python3.10/site-packages/airflow/example_dags/subdags/subdag.py
[2026-04-22T12:31:48.631+0530] {processor.py:842} WARNING - No viable dags retrieved from /Library/Frameworks/Python.framework/Versions/3.10/lib/python3.10/site-packages/airflow/example_dags/subdags/subdag.py
[2026-04-22T12:31:48.657+0530] {processor.py:183} INFO - Processing /Library/Frameworks/Python.framework/Versions/3.10/lib/python3.10/site-packages/airflow/example_dags/subdags/subdag.py took 0.028 seconds
[2026-04-22T12:32:40.254+0530] {processor.py:161} INFO - Started process (PID=73649) to work on /Library/Frameworks/Python.framework/Versions/3.10/lib/python3.10/site-packages/airflow/example_dags/subdags/subdag.py
[2026-04-22T12:32:40.254+0530] {processor.py:830} INFO - Processing file /Library/Frameworks/Python.framework/Versions/3.10/lib/python3.10/site-packages/airflow/example_dags/subdags/subdag.py for tasks to queue
[2026-04-22T12:32:40.254+0530] {logging_mixin.py:188} INFO - [2026-04-22T12:32:40.254+0530] {dagbag.py:545} INFO - Filling up the DagBag from /Library/Frameworks/Python.framework/Versions/3.10/lib/python3.10/site-packages/airflow/example_dags/subdags/subdag.py
[2026-04-22T12:32:40.255+0530] {processor.py:842} WARNING - No viable dags retrieved from /Library/Frameworks/Python.framework/Versions/3.10/lib/python3.10/site-packages/airflow/example_dags/subdags/subdag.py
[2026-04-22T12:32:40.281+0530] {processor.py:183} INFO - Processing /Library/Frameworks/Python.framework/Versions/3.10/lib/python3.10/site-packages/airflow/example_dags/subdags/subdag.py took 0.028 seconds
[2026-04-22T12:33:32.874+0530] {processor.py:161} INFO - Started process (PID=73730) to work on /Library/Frameworks/Python.framework/Versions/3.10/lib/python3.10/site-packages/airflow/example_dags/subdags/subdag.py
[2026-04-22T12:33:32.874+0530] {processor.py:830} INFO - Processing file /Library/Frameworks/Python.framework/Versions/3.10/lib/python3.10/site-packages/airflow/example_dags/subdags/subdag.py for tasks to queue
[2026-04-22T12:33:32.875+0530] {logging_mixin.py:188} INFO - [2026-04-22T12:33:32.874+0530] {dagbag.py:545} INFO - Filling up the DagBag from /Library/Frameworks/Python.framework/Versions/3.10/lib/python3.10/site-packages/airflow/example_dags/subdags/subdag.py
[2026-04-22T12:33:32.875+0530] {processor.py:842} WARNING - No viable dags retrieved from /Library/Frameworks/Python.framework/Versions/3.10/lib/python3.10/site-packages/airflow/example_dags/subdags/subdag.py
[2026-04-22T12:33:32.899+0530] {processor.py:183} INFO - Processing /Library/Frameworks/Python.framework/Versions/3.10/lib/python3.10/site-packages/airflow/example_dags/subdags/subdag.py took 0.026 seconds
[2026-04-22T12:34:24.316+0530] {processor.py:161} INFO - Started process (PID=73789) to work on /Library/Frameworks/Python.framework/Versions/3.10/lib/python3.10/site-packages/airflow/example_dags/subdags/subdag.py
[2026-04-22T12:34:24.317+0530] {processor.py:830} INFO - Processing file /Library/Frameworks/Python.framework/Versions/3.10/lib/python3.10/site-packages/airflow/example_dags/subdags/subdag.py for tasks to queue
[2026-04-22T12:34:24.317+0530] {logging_mixin.py:188} INFO - [2026-04-22T12:34:24.317+0530] {dagbag.py:545} INFO - Filling up the DagBag from /Library/Frameworks/Python.framework/Versions/3.10/lib/python3.10/site-packages/airflow/example_dags/subdags/subdag.py
[2026-04-22T12:34:24.318+0530] {processor.py:842} WARNING - No viable dags retrieved from /Library/Frameworks/Python.framework/Versions/3.10/lib/python3.10/site-packages/airflow/example_dags/subdags/subdag.py
[2026-04-22T12:34:24.342+0530] {processor.py:183} INFO - Processing /Library/Frameworks/Python.framework/Versions/3.10/lib/python3.10/site-packages/airflow/example_dags/subdags/subdag.py took 0.026 seconds
[2026-04-22T12:35:17.647+0530] {processor.py:161} INFO - Started process (PID=73864) to work on /Library/Frameworks/Python.framework/Versions/3.10/lib/python3.10/site-packages/airflow/example_dags/subdags/subdag.py
[2026-04-22T12:35:17.648+0530] {processor.py:830} INFO - Processing file /Library/Frameworks/Python.framework/Versions/3.10/lib/python3.10/site-packages/airflow/example_dags/subdags/subdag.py for tasks to queue
[2026-04-22T12:35:17.648+0530] {logging_mixin.py:188} INFO - [2026-04-22T12:35:17.648+0530] {dagbag.py:545} INFO - Filling up the DagBag from /Library/Frameworks/Python.framework/Versions/3.10/lib/python3.10/site-packages/airflow/example_dags/subdags/subdag.py
[2026-04-22T12:35:17.649+0530] {processor.py:842} WARNING - No viable dags retrieved from /Library/Frameworks/Python.framework/Versions/3.10/lib/python3.10/site-packages/airflow/example_dags/subdags/subdag.py
[2026-04-22T12:35:17.674+0530] {processor.py:183} INFO - Processing /Library/Frameworks/Python.framework/Versions/3.10/lib/python3.10/site-packages/airflow/example_dags/subdags/subdag.py took 0.027 seconds
[2026-04-22T12:36:09.694+0530] {processor.py:161} INFO - Started process (PID=73934) to work on /Library/Frameworks/Python.framework/Versions/3.10/lib/python3.10/site-packages/airflow/example_dags/subdags/subdag.py
[2026-04-22T12:36:09.695+0530] {processor.py:830} INFO - Processing file /Library/Frameworks/Python.framework/Versions/3.10/lib/python3.10/site-packages/airflow/example_dags/subdags/subdag.py for tasks to queue
[2026-04-22T12:36:09.695+0530] {logging_mixin.py:188} INFO - [2026-04-22T12:36:09.695+0530] {dagbag.py:545} INFO - Filling up the DagBag from /Library/Frameworks/Python.framework/Versions/3.10/lib/python3.10/site-packages/airflow/example_dags/subdags/subdag.py
[2026-04-22T12:36:09.696+0530] {processor.py:842} WARNING - No viable dags retrieved from /Library/Frameworks/Python.framework/Versions/3.10/lib/python3.10/site-packages/airflow/example_dags/subdags/subdag.py
[2026-04-22T12:36:09.722+0530] {processor.py:183} INFO - Processing /Library/Frameworks/Python.framework/Versions/3.10/lib/python3.10/site-packages/airflow/example_dags/subdags/subdag.py took 0.028 seconds
[2026-04-22T12:36:59.330+0530] {processor.py:161} INFO - Started process (PID=73988) to work on /Library/Frameworks/Python.framework/Versions/3.10/lib/python3.10/site-packages/airflow/example_dags/subdags/subdag.py
[2026-04-22T12:36:59.331+0530] {processor.py:830} INFO - Processing file /Library/Frameworks/Python.framework/Versions/3.10/lib/python3.10/site-packages/airflow/example_dags/subdags/subdag.py for tasks to queue
[2026-04-22T12:36:59.332+0530] {logging_mixin.py:188} INFO - [2026-04-22T12:36:59.331+0530] {dagbag.py:545} INFO - Filling up the DagBag from /Library/Frameworks/Python.framework/Versions/3.10/lib/python3.10/site-packages/airflow/example_dags/subdags/subdag.py
[2026-04-22T12:36:59.332+0530] {processor.py:842} WARNING - No viable dags retrieved from /Library/Frameworks/Python.framework/Versions/3.10/lib/python3.10/site-packages/airflow/example_dags/subdags/subdag.py
[2026-04-22T12:36:59.356+0530] {processor.py:183} INFO - Processing /Library/Frameworks/Python.framework/Versions/3.10/lib/python3.10/site-packages/airflow/example_dags/subdags/subdag.py took 0.027 seconds
[2026-04-22T12:37:54.340+0530] {processor.py:161} INFO - Started process (PID=74046) to work on /Library/Frameworks/Python.framework/Versions/3.10/lib/python3.10/site-packages/airflow/example_dags/subdags/subdag.py
[2026-04-22T12:37:54.340+0530] {processor.py:830} INFO - Processing file /Library/Frameworks/Python.framework/Versions/3.10/lib/python3.10/site-packages/airflow/example_dags/subdags/subdag.py for tasks to queue
[2026-04-22T12:37:54.340+0530] {logging_mixin.py:188} INFO - [2026-04-22T12:37:54.340+0530] {dagbag.py:545} INFO - Filling up the DagBag from /Library/Frameworks/Python.framework/Versions/3.10/lib/python3.10/site-packages/airflow/example_dags/subdags/subdag.py
[2026-04-22T12:37:54.341+0530] {processor.py:842} WARNING - No viable dags retrieved from /Library/Frameworks/Python.framework/Versions/3.10/lib/python3.10/site-packages/airflow/example_dags/subdags/subdag.py
[2026-04-22T12:37:54.366+0530] {processor.py:183} INFO - Processing /Library/Frameworks/Python.framework/Versions/3.10/lib/python3.10/site-packages/airflow/example_dags/subdags/subdag.py took 0.027 seconds
[2026-04-22T12:38:54.913+0530] {processor.py:161} INFO - Started process (PID=74110) to work on /Library/Frameworks/Python.framework/Versions/3.10/lib/python3.10/site-packages/airflow/example_dags/subdags/subdag.py
[2026-04-22T12:38:54.915+0530] {processor.py:830} INFO - Processing file /Library/Frameworks/Python.framework/Versions/3.10/lib/python3.10/site-packages/airflow/example_dags/subdags/subdag.py for tasks to queue
[2026-04-22T12:38:54.915+0530] {logging_mixin.py:188} INFO - [2026-04-22T12:38:54.915+0530] {dagbag.py:545} INFO - Filling up the DagBag from /Library/Frameworks/Python.framework/Versions/3.10/lib/python3.10/site-packages/airflow/example_dags/subdags/subdag.py
[2026-04-22T12:38:54.916+0530] {processor.py:842} WARNING - No viable dags retrieved from /Library/Frameworks/Python.framework/Versions/3.10/lib/python3.10/site-packages/airflow/example_dags/subdags/subdag.py
[2026-04-22T12:38:54.940+0530] {processor.py:183} INFO - Processing /Library/Frameworks/Python.framework/Versions/3.10/lib/python3.10/site-packages/airflow/example_dags/subdags/subdag.py took 0.027 seconds
[2026-04-22T12:39:54.946+0530] {processor.py:161} INFO - Started process (PID=74189) to work on /Library/Frameworks/Python.framework/Versions/3.10/lib/python3.10/site-packages/airflow/example_dags/subdags/subdag.py
[2026-04-22T12:39:54.947+0530] {processor.py:830} INFO - Processing file /Library/Frameworks/Python.framework/Versions/3.10/lib/python3.10/site-packages/airflow/example_dags/subdags/subdag.py for tasks to queue
[2026-04-22T12:39:54.947+0530] {logging_mixin.py:188} INFO - [2026-04-22T12:39:54.947+0530] {dagbag.py:545} INFO - Filling up the DagBag from /Library/Frameworks/Python.framework/Versions/3.10/lib/python3.10/site-packages/airflow/example_dags/subdags/subdag.py
[2026-04-22T12:39:54.948+0530] {processor.py:842} WARNING - No viable dags retrieved from /Library/Frameworks/Python.framework/Versions/3.10/lib/python3.10/site-packages/airflow/example_dags/subdags/subdag.py
[2026-04-22T12:39:54.972+0530] {processor.py:183} INFO - Processing /Library/Frameworks/Python.framework/Versions/3.10/lib/python3.10/site-packages/airflow/example_dags/subdags/subdag.py took 0.026 seconds
[2026-04-22T12:40:55.242+0530] {processor.py:161} INFO - Started process (PID=74256) to work on /Library/Frameworks/Python.framework/Versions/3.10/lib/python3.10/site-packages/airflow/example_dags/subdags/subdag.py
[2026-04-22T12:40:55.243+0530] {processor.py:830} INFO - Processing file /Library/Frameworks/Python.framework/Versions/3.10/lib/python3.10/site-packages/airflow/example_dags/subdags/subdag.py for tasks to queue
[2026-04-22T12:40:55.243+0530] {logging_mixin.py:188} INFO - [2026-04-22T12:40:55.243+0530] {dagbag.py:545} INFO - Filling up the DagBag from /Library/Frameworks/Python.framework/Versions/3.10/lib/python3.10/site-packages/airflow/example_dags/subdags/subdag.py
[2026-04-22T12:40:55.244+0530] {processor.py:842} WARNING - No viable dags retrieved from /Library/Frameworks/Python.framework/Versions/3.10/lib/python3.10/site-packages/airflow/example_dags/subdags/subdag.py
[2026-04-22T12:40:55.271+0530] {processor.py:183} INFO - Processing /Library/Frameworks/Python.framework/Versions/3.10/lib/python3.10/site-packages/airflow/example_dags/subdags/subdag.py took 0.030 seconds
[2026-04-22T12:41:56.008+0530] {processor.py:161} INFO - Started process (PID=74333) to work on /Library/Frameworks/Python.framework/Versions/3.10/lib/python3.10/site-packages/airflow/example_dags/subdags/subdag.py
[2026-04-22T12:41:56.009+0530] {processor.py:830} INFO - Processing file /Library/Frameworks/Python.framework/Versions/3.10/lib/python3.10/site-packages/airflow/example_dags/subdags/subdag.py for tasks to queue
[2026-04-22T12:41:56.009+0530] {logging_mixin.py:188} INFO - [2026-04-22T12:41:56.009+0530] {dagbag.py:545} INFO - Filling up the DagBag from /Library/Frameworks/Python.framework/Versions/3.10/lib/python3.10/site-packages/airflow/example_dags/subdags/subdag.py
[2026-04-22T12:41:56.010+0530] {processor.py:842} WARNING - No viable dags retrieved from /Library/Frameworks/Python.framework/Versions/3.10/lib/python3.10/site-packages/airflow/example_dags/subdags/subdag.py
[2026-04-22T12:41:56.033+0530] {processor.py:183} INFO - Processing /Library/Frameworks/Python.framework/Versions/3.10/lib/python3.10/site-packages/airflow/example_dags/subdags/subdag.py took 0.026 seconds
[2026-04-22T12:42:51.485+0530] {processor.py:161} INFO - Started process (PID=74393) to work on /Library/Frameworks/Python.framework/Versions/3.10/lib/python3.10/site-packages/airflow/example_dags/subdags/subdag.py
[2026-04-22T12:42:51.487+0530] {processor.py:830} INFO - Processing file /Library/Frameworks/Python.framework/Versions/3.10/lib/python3.10/site-packages/airflow/example_dags/subdags/subdag.py for tasks to queue
[2026-04-22T12:42:51.487+0530] {logging_mixin.py:188} INFO - [2026-04-22T12:42:51.487+0530] {dagbag.py:545} INFO - Filling up the DagBag from /Library/Frameworks/Python.framework/Versions/3.10/lib/python3.10/site-packages/airflow/example_dags/subdags/subdag.py
[2026-04-22T12:42:51.488+0530] {processor.py:842} WARNING - No viable dags retrieved from /Library/Frameworks/Python.framework/Versions/3.10/lib/python3.10/site-packages/airflow/example_dags/subdags/subdag.py
[2026-04-22T12:42:51.512+0530] {processor.py:183} INFO - Processing /Library/Frameworks/Python.framework/Versions/3.10/lib/python3.10/site-packages/airflow/example_dags/subdags/subdag.py took 0.027 seconds
