[2026-04-21T16:30:11.086+0530] {processor.py:161} INFO - Started process (PID=66045) to work on /Library/Frameworks/Python.framework/Versions/3.10/lib/python3.10/site-packages/airflow/example_dags/example_time_delta_sensor_async.py
[2026-04-21T16:30:11.086+0530] {processor.py:830} INFO - Processing file /Library/Frameworks/Python.framework/Versions/3.10/lib/python3.10/site-packages/airflow/example_dags/example_time_delta_sensor_async.py for tasks to queue
[2026-04-21T16:30:11.086+0530] {logging_mixin.py:188} INFO - [2026-04-21T16:30:11.086+0530] {dagbag.py:545} INFO - Filling up the DagBag from /Library/Frameworks/Python.framework/Versions/3.10/lib/python3.10/site-packages/airflow/example_dags/example_time_delta_sensor_async.py
[2026-04-21T16:30:11.090+0530] {processor.py:840} INFO - DAG(s) 'example_time_delta_sensor_async' retrieved from /Library/Frameworks/Python.framework/Versions/3.10/lib/python3.10/site-packages/airflow/example_dags/example_time_delta_sensor_async.py
[2026-04-21T16:30:11.153+0530] {logging_mixin.py:188} INFO - [2026-04-21T16:30:11.153+0530] {override.py:1829} INFO - Created Permission View: can edit on DAG:example_time_delta_sensor_async
[2026-04-21T16:30:11.155+0530] {logging_mixin.py:188} INFO - [2026-04-21T16:30:11.155+0530] {override.py:1829} INFO - Created Permission View: can delete on DAG:example_time_delta_sensor_async
[2026-04-21T16:30:11.157+0530] {logging_mixin.py:188} INFO - [2026-04-21T16:30:11.156+0530] {override.py:1829} INFO - Created Permission View: can read on DAG:example_time_delta_sensor_async
[2026-04-21T16:30:11.157+0530] {logging_mixin.py:188} INFO - [2026-04-21T16:30:11.157+0530] {dag.py:3096} INFO - Sync 1 DAGs
[2026-04-21T16:30:11.159+0530] {logging_mixin.py:188} INFO - [2026-04-21T16:30:11.159+0530] {dag.py:3118} INFO - Creating ORM DAG for example_time_delta_sensor_async
[2026-04-21T16:30:11.160+0530] {logging_mixin.py:188} INFO - [2026-04-21T16:30:11.160+0530] {dag.py:3954} INFO - Setting next_dagrun for example_time_delta_sensor_async to None, run_after=None
[2026-04-21T16:30:11.164+0530] {processor.py:183} INFO - Processing /Library/Frameworks/Python.framework/Versions/3.10/lib/python3.10/site-packages/airflow/example_dags/example_time_delta_sensor_async.py took 0.079 seconds
[2026-04-21T19:22:56.518+0530] {processor.py:161} INFO - Started process (PID=66818) to work on /Library/Frameworks/Python.framework/Versions/3.10/lib/python3.10/site-packages/airflow/example_dags/example_time_delta_sensor_async.py
[2026-04-21T19:22:56.518+0530] {processor.py:830} INFO - Processing file /Library/Frameworks/Python.framework/Versions/3.10/lib/python3.10/site-packages/airflow/example_dags/example_time_delta_sensor_async.py for tasks to queue
[2026-04-21T19:22:56.518+0530] {logging_mixin.py:188} INFO - [2026-04-21T19:22:56.518+0530] {dagbag.py:545} INFO - Filling up the DagBag from /Library/Frameworks/Python.framework/Versions/3.10/lib/python3.10/site-packages/airflow/example_dags/example_time_delta_sensor_async.py
[2026-04-21T19:22:56.522+0530] {processor.py:840} INFO - DAG(s) 'example_time_delta_sensor_async' retrieved from /Library/Frameworks/Python.framework/Versions/3.10/lib/python3.10/site-packages/airflow/example_dags/example_time_delta_sensor_async.py
[2026-04-21T19:22:56.565+0530] {logging_mixin.py:188} INFO - [2026-04-21T19:22:56.565+0530] {dag.py:3096} INFO - Sync 1 DAGs
[2026-04-21T19:22:56.568+0530] {logging_mixin.py:188} INFO - [2026-04-21T19:22:56.568+0530] {dag.py:3954} INFO - Setting next_dagrun for example_time_delta_sensor_async to None, run_after=None
[2026-04-21T19:22:56.574+0530] {processor.py:183} INFO - Processing /Library/Frameworks/Python.framework/Versions/3.10/lib/python3.10/site-packages/airflow/example_dags/example_time_delta_sensor_async.py took 0.058 seconds
[2026-04-21T21:55:34.941+0530] {processor.py:161} INFO - Started process (PID=67252) to work on /Library/Frameworks/Python.framework/Versions/3.10/lib/python3.10/site-packages/airflow/example_dags/example_time_delta_sensor_async.py
[2026-04-21T21:55:34.941+0530] {processor.py:830} INFO - Processing file /Library/Frameworks/Python.framework/Versions/3.10/lib/python3.10/site-packages/airflow/example_dags/example_time_delta_sensor_async.py for tasks to queue
[2026-04-21T21:55:34.941+0530] {logging_mixin.py:188} INFO - [2026-04-21T21:55:34.941+0530] {dagbag.py:545} INFO - Filling up the DagBag from /Library/Frameworks/Python.framework/Versions/3.10/lib/python3.10/site-packages/airflow/example_dags/example_time_delta_sensor_async.py
[2026-04-21T21:55:34.945+0530] {processor.py:840} INFO - DAG(s) 'example_time_delta_sensor_async' retrieved from /Library/Frameworks/Python.framework/Versions/3.10/lib/python3.10/site-packages/airflow/example_dags/example_time_delta_sensor_async.py
[2026-04-21T21:55:34.993+0530] {logging_mixin.py:188} INFO - [2026-04-21T21:55:34.993+0530] {dag.py:3096} INFO - Sync 1 DAGs
[2026-04-21T21:55:34.996+0530] {logging_mixin.py:188} INFO - [2026-04-21T21:55:34.996+0530] {dag.py:3954} INFO - Setting next_dagrun for example_time_delta_sensor_async to None, run_after=None
[2026-04-21T21:55:35.003+0530] {processor.py:183} INFO - Processing /Library/Frameworks/Python.framework/Versions/3.10/lib/python3.10/site-packages/airflow/example_dags/example_time_delta_sensor_async.py took 0.063 seconds
[2026-04-21T23:17:16.137+0530] {processor.py:161} INFO - Started process (PID=67496) to work on /Library/Frameworks/Python.framework/Versions/3.10/lib/python3.10/site-packages/airflow/example_dags/example_time_delta_sensor_async.py
[2026-04-21T23:17:16.138+0530] {processor.py:830} INFO - Processing file /Library/Frameworks/Python.framework/Versions/3.10/lib/python3.10/site-packages/airflow/example_dags/example_time_delta_sensor_async.py for tasks to queue
[2026-04-21T23:17:16.138+0530] {logging_mixin.py:188} INFO - [2026-04-21T23:17:16.138+0530] {dagbag.py:545} INFO - Filling up the DagBag from /Library/Frameworks/Python.framework/Versions/3.10/lib/python3.10/site-packages/airflow/example_dags/example_time_delta_sensor_async.py
[2026-04-21T23:17:16.142+0530] {processor.py:840} INFO - DAG(s) 'example_time_delta_sensor_async' retrieved from /Library/Frameworks/Python.framework/Versions/3.10/lib/python3.10/site-packages/airflow/example_dags/example_time_delta_sensor_async.py
[2026-04-21T23:17:16.188+0530] {logging_mixin.py:188} INFO - [2026-04-21T23:17:16.188+0530] {dag.py:3096} INFO - Sync 1 DAGs
[2026-04-21T23:17:16.191+0530] {logging_mixin.py:188} INFO - [2026-04-21T23:17:16.191+0530] {dag.py:3954} INFO - Setting next_dagrun for example_time_delta_sensor_async to None, run_after=None
[2026-04-21T23:17:16.197+0530] {processor.py:183} INFO - Processing /Library/Frameworks/Python.framework/Versions/3.10/lib/python3.10/site-packages/airflow/example_dags/example_time_delta_sensor_async.py took 0.061 seconds
[2026-04-22T01:53:21.299+0530] {processor.py:161} INFO - Started process (PID=67877) to work on /Library/Frameworks/Python.framework/Versions/3.10/lib/python3.10/site-packages/airflow/example_dags/example_time_delta_sensor_async.py
[2026-04-22T01:53:21.299+0530] {processor.py:830} INFO - Processing file /Library/Frameworks/Python.framework/Versions/3.10/lib/python3.10/site-packages/airflow/example_dags/example_time_delta_sensor_async.py for tasks to queue
[2026-04-22T01:53:21.299+0530] {logging_mixin.py:188} INFO - [2026-04-22T01:53:21.299+0530] {dagbag.py:545} INFO - Filling up the DagBag from /Library/Frameworks/Python.framework/Versions/3.10/lib/python3.10/site-packages/airflow/example_dags/example_time_delta_sensor_async.py
[2026-04-22T01:53:21.303+0530] {processor.py:840} INFO - DAG(s) 'example_time_delta_sensor_async' retrieved from /Library/Frameworks/Python.framework/Versions/3.10/lib/python3.10/site-packages/airflow/example_dags/example_time_delta_sensor_async.py
[2026-04-22T01:53:21.346+0530] {logging_mixin.py:188} INFO - [2026-04-22T01:53:21.346+0530] {dag.py:3096} INFO - Sync 1 DAGs
[2026-04-22T01:53:21.349+0530] {logging_mixin.py:188} INFO - [2026-04-22T01:53:21.349+0530] {dag.py:3954} INFO - Setting next_dagrun for example_time_delta_sensor_async to None, run_after=None
[2026-04-22T01:53:21.355+0530] {processor.py:183} INFO - Processing /Library/Frameworks/Python.framework/Versions/3.10/lib/python3.10/site-packages/airflow/example_dags/example_time_delta_sensor_async.py took 0.057 seconds
[2026-04-22T03:15:26.248+0530] {processor.py:161} INFO - Started process (PID=68109) to work on /Library/Frameworks/Python.framework/Versions/3.10/lib/python3.10/site-packages/airflow/example_dags/example_time_delta_sensor_async.py
[2026-04-22T03:15:26.248+0530] {processor.py:830} INFO - Processing file /Library/Frameworks/Python.framework/Versions/3.10/lib/python3.10/site-packages/airflow/example_dags/example_time_delta_sensor_async.py for tasks to queue
[2026-04-22T03:15:26.248+0530] {logging_mixin.py:188} INFO - [2026-04-22T03:15:26.248+0530] {dagbag.py:545} INFO - Filling up the DagBag from /Library/Frameworks/Python.framework/Versions/3.10/lib/python3.10/site-packages/airflow/example_dags/example_time_delta_sensor_async.py
[2026-04-22T03:15:26.251+0530] {processor.py:840} INFO - DAG(s) 'example_time_delta_sensor_async' retrieved from /Library/Frameworks/Python.framework/Versions/3.10/lib/python3.10/site-packages/airflow/example_dags/example_time_delta_sensor_async.py
[2026-04-22T03:15:26.289+0530] {logging_mixin.py:188} INFO - [2026-04-22T03:15:26.289+0530] {dag.py:3096} INFO - Sync 1 DAGs
[2026-04-22T03:15:26.292+0530] {logging_mixin.py:188} INFO - [2026-04-22T03:15:26.292+0530] {dag.py:3954} INFO - Setting next_dagrun for example_time_delta_sensor_async to None, run_after=None
[2026-04-22T03:15:26.297+0530] {processor.py:183} INFO - Processing /Library/Frameworks/Python.framework/Versions/3.10/lib/python3.10/site-packages/airflow/example_dags/example_time_delta_sensor_async.py took 0.050 seconds
