[2026-04-21T16:30:43.168+0530] {processor.py:161} INFO - Started process (PID=66543) to work on /Library/Frameworks/Python.framework/Versions/3.10/lib/python3.10/site-packages/airflow/example_dags/example_branch_day_of_week_operator.py
[2026-04-21T16:30:43.168+0530] {processor.py:830} INFO - Processing file /Library/Frameworks/Python.framework/Versions/3.10/lib/python3.10/site-packages/airflow/example_dags/example_branch_day_of_week_operator.py for tasks to queue
[2026-04-21T16:30:43.168+0530] {logging_mixin.py:188} INFO - [2026-04-21T16:30:43.168+0530] {dagbag.py:545} INFO - Filling up the DagBag from /Library/Frameworks/Python.framework/Versions/3.10/lib/python3.10/site-packages/airflow/example_dags/example_branch_day_of_week_operator.py
[2026-04-21T16:30:43.173+0530] {processor.py:840} INFO - DAG(s) 'example_weekday_branch_operator' retrieved from /Library/Frameworks/Python.framework/Versions/3.10/lib/python3.10/site-packages/airflow/example_dags/example_branch_day_of_week_operator.py
[2026-04-21T16:30:43.231+0530] {logging_mixin.py:188} INFO - [2026-04-21T16:30:43.231+0530] {override.py:1829} INFO - Created Permission View: can edit on DAG:example_weekday_branch_operator
[2026-04-21T16:30:43.234+0530] {logging_mixin.py:188} INFO - [2026-04-21T16:30:43.233+0530] {override.py:1829} INFO - Created Permission View: can read on DAG:example_weekday_branch_operator
[2026-04-21T16:30:43.235+0530] {logging_mixin.py:188} INFO - [2026-04-21T16:30:43.235+0530] {override.py:1829} INFO - Created Permission View: can delete on DAG:example_weekday_branch_operator
[2026-04-21T16:30:43.235+0530] {logging_mixin.py:188} INFO - [2026-04-21T16:30:43.235+0530] {dag.py:3096} INFO - Sync 1 DAGs
[2026-04-21T16:30:43.238+0530] {logging_mixin.py:188} INFO - [2026-04-21T16:30:43.238+0530] {dag.py:3118} INFO - Creating ORM DAG for example_weekday_branch_operator
[2026-04-21T16:30:43.240+0530] {logging_mixin.py:188} INFO - [2026-04-21T16:30:43.240+0530] {dag.py:3954} INFO - Setting next_dagrun for example_weekday_branch_operator to 2026-04-20 00:00:00+00:00, run_after=2026-04-21 00:00:00+00:00
[2026-04-21T16:30:43.245+0530] {processor.py:183} INFO - Processing /Library/Frameworks/Python.framework/Versions/3.10/lib/python3.10/site-packages/airflow/example_dags/example_branch_day_of_week_operator.py took 0.078 seconds
[2026-04-21T20:50:16.402+0530] {processor.py:161} INFO - Started process (PID=67088) to work on /Library/Frameworks/Python.framework/Versions/3.10/lib/python3.10/site-packages/airflow/example_dags/example_branch_day_of_week_operator.py
[2026-04-21T20:50:16.403+0530] {processor.py:830} INFO - Processing file /Library/Frameworks/Python.framework/Versions/3.10/lib/python3.10/site-packages/airflow/example_dags/example_branch_day_of_week_operator.py for tasks to queue
[2026-04-21T20:50:16.404+0530] {logging_mixin.py:188} INFO - [2026-04-21T20:50:16.404+0530] {dagbag.py:545} INFO - Filling up the DagBag from /Library/Frameworks/Python.framework/Versions/3.10/lib/python3.10/site-packages/airflow/example_dags/example_branch_day_of_week_operator.py
[2026-04-21T20:50:16.409+0530] {processor.py:840} INFO - DAG(s) 'example_weekday_branch_operator' retrieved from /Library/Frameworks/Python.framework/Versions/3.10/lib/python3.10/site-packages/airflow/example_dags/example_branch_day_of_week_operator.py
[2026-04-21T20:50:16.460+0530] {logging_mixin.py:188} INFO - [2026-04-21T20:50:16.460+0530] {dag.py:3096} INFO - Sync 1 DAGs
[2026-04-21T20:50:16.467+0530] {logging_mixin.py:188} INFO - [2026-04-21T20:50:16.467+0530] {dag.py:3954} INFO - Setting next_dagrun for example_weekday_branch_operator to 2026-04-20 00:00:00+00:00, run_after=2026-04-21 00:00:00+00:00
[2026-04-21T20:50:16.475+0530] {processor.py:183} INFO - Processing /Library/Frameworks/Python.framework/Versions/3.10/lib/python3.10/site-packages/airflow/example_dags/example_branch_day_of_week_operator.py took 0.074 seconds
[2026-04-21T23:16:54.345+0530] {processor.py:161} INFO - Started process (PID=67452) to work on /Library/Frameworks/Python.framework/Versions/3.10/lib/python3.10/site-packages/airflow/example_dags/example_branch_day_of_week_operator.py
[2026-04-21T23:16:54.346+0530] {processor.py:830} INFO - Processing file /Library/Frameworks/Python.framework/Versions/3.10/lib/python3.10/site-packages/airflow/example_dags/example_branch_day_of_week_operator.py for tasks to queue
[2026-04-21T23:16:54.346+0530] {logging_mixin.py:188} INFO - [2026-04-21T23:16:54.346+0530] {dagbag.py:545} INFO - Filling up the DagBag from /Library/Frameworks/Python.framework/Versions/3.10/lib/python3.10/site-packages/airflow/example_dags/example_branch_day_of_week_operator.py
[2026-04-21T23:16:54.350+0530] {processor.py:840} INFO - DAG(s) 'example_weekday_branch_operator' retrieved from /Library/Frameworks/Python.framework/Versions/3.10/lib/python3.10/site-packages/airflow/example_dags/example_branch_day_of_week_operator.py
[2026-04-21T23:16:54.387+0530] {logging_mixin.py:188} INFO - [2026-04-21T23:16:54.387+0530] {dag.py:3096} INFO - Sync 1 DAGs
[2026-04-21T23:16:54.392+0530] {logging_mixin.py:188} INFO - [2026-04-21T23:16:54.392+0530] {dag.py:3954} INFO - Setting next_dagrun for example_weekday_branch_operator to 2026-04-20 00:00:00+00:00, run_after=2026-04-21 00:00:00+00:00
[2026-04-21T23:16:54.398+0530] {processor.py:183} INFO - Processing /Library/Frameworks/Python.framework/Versions/3.10/lib/python3.10/site-packages/airflow/example_dags/example_branch_day_of_week_operator.py took 0.054 seconds
[2026-04-22T01:55:32.218+0530] {processor.py:161} INFO - Started process (PID=67930) to work on /Library/Frameworks/Python.framework/Versions/3.10/lib/python3.10/site-packages/airflow/example_dags/example_branch_day_of_week_operator.py
[2026-04-22T01:55:32.219+0530] {processor.py:830} INFO - Processing file /Library/Frameworks/Python.framework/Versions/3.10/lib/python3.10/site-packages/airflow/example_dags/example_branch_day_of_week_operator.py for tasks to queue
[2026-04-22T01:55:32.219+0530] {logging_mixin.py:188} INFO - [2026-04-22T01:55:32.219+0530] {dagbag.py:545} INFO - Filling up the DagBag from /Library/Frameworks/Python.framework/Versions/3.10/lib/python3.10/site-packages/airflow/example_dags/example_branch_day_of_week_operator.py
[2026-04-22T01:55:32.223+0530] {processor.py:840} INFO - DAG(s) 'example_weekday_branch_operator' retrieved from /Library/Frameworks/Python.framework/Versions/3.10/lib/python3.10/site-packages/airflow/example_dags/example_branch_day_of_week_operator.py
[2026-04-22T01:55:32.259+0530] {logging_mixin.py:188} INFO - [2026-04-22T01:55:32.259+0530] {dag.py:3096} INFO - Sync 1 DAGs
[2026-04-22T01:55:32.264+0530] {logging_mixin.py:188} INFO - [2026-04-22T01:55:32.264+0530] {dag.py:3954} INFO - Setting next_dagrun for example_weekday_branch_operator to 2026-04-20 00:00:00+00:00, run_after=2026-04-21 00:00:00+00:00
[2026-04-22T01:55:32.270+0530] {processor.py:183} INFO - Processing /Library/Frameworks/Python.framework/Versions/3.10/lib/python3.10/site-packages/airflow/example_dags/example_branch_day_of_week_operator.py took 0.053 seconds
