[2026-04-21T16:30:27.296+0530] {processor.py:161} INFO - Started process (PID=66078) to work on /Library/Frameworks/Python.framework/Versions/3.10/lib/python3.10/site-packages/airflow/example_dags/example_nested_branch_dag.py
[2026-04-21T16:30:27.297+0530] {processor.py:830} INFO - Processing file /Library/Frameworks/Python.framework/Versions/3.10/lib/python3.10/site-packages/airflow/example_dags/example_nested_branch_dag.py for tasks to queue
[2026-04-21T16:30:27.297+0530] {logging_mixin.py:188} INFO - [2026-04-21T16:30:27.297+0530] {dagbag.py:545} INFO - Filling up the DagBag from /Library/Frameworks/Python.framework/Versions/3.10/lib/python3.10/site-packages/airflow/example_dags/example_nested_branch_dag.py
[2026-04-21T16:30:27.310+0530] {processor.py:840} INFO - DAG(s) 'example_nested_branch_dag' retrieved from /Library/Frameworks/Python.framework/Versions/3.10/lib/python3.10/site-packages/airflow/example_dags/example_nested_branch_dag.py
[2026-04-21T16:30:27.369+0530] {logging_mixin.py:188} INFO - [2026-04-21T16:30:27.369+0530] {override.py:1829} INFO - Created Permission View: can delete on DAG:example_nested_branch_dag
[2026-04-21T16:30:27.371+0530] {logging_mixin.py:188} INFO - [2026-04-21T16:30:27.371+0530] {override.py:1829} INFO - Created Permission View: can read on DAG:example_nested_branch_dag
[2026-04-21T16:30:27.373+0530] {logging_mixin.py:188} INFO - [2026-04-21T16:30:27.373+0530] {override.py:1829} INFO - Created Permission View: can edit on DAG:example_nested_branch_dag
[2026-04-21T16:30:27.373+0530] {logging_mixin.py:188} INFO - [2026-04-21T16:30:27.373+0530] {dag.py:3096} INFO - Sync 1 DAGs
[2026-04-21T16:30:27.376+0530] {logging_mixin.py:188} INFO - [2026-04-21T16:30:27.376+0530] {dag.py:3118} INFO - Creating ORM DAG for example_nested_branch_dag
[2026-04-21T16:30:27.379+0530] {logging_mixin.py:188} INFO - [2026-04-21T16:30:27.379+0530] {dag.py:3954} INFO - Setting next_dagrun for example_nested_branch_dag to 2026-04-20 00:00:00+00:00, run_after=2026-04-21 00:00:00+00:00
[2026-04-21T16:30:27.383+0530] {processor.py:183} INFO - Processing /Library/Frameworks/Python.framework/Versions/3.10/lib/python3.10/site-packages/airflow/example_dags/example_nested_branch_dag.py took 0.088 seconds
[2026-04-21T19:25:06.718+0530] {processor.py:161} INFO - Started process (PID=66869) to work on /Library/Frameworks/Python.framework/Versions/3.10/lib/python3.10/site-packages/airflow/example_dags/example_nested_branch_dag.py
[2026-04-21T19:25:06.718+0530] {processor.py:830} INFO - Processing file /Library/Frameworks/Python.framework/Versions/3.10/lib/python3.10/site-packages/airflow/example_dags/example_nested_branch_dag.py for tasks to queue
[2026-04-21T19:25:06.719+0530] {logging_mixin.py:188} INFO - [2026-04-21T19:25:06.719+0530] {dagbag.py:545} INFO - Filling up the DagBag from /Library/Frameworks/Python.framework/Versions/3.10/lib/python3.10/site-packages/airflow/example_dags/example_nested_branch_dag.py
[2026-04-21T19:25:06.732+0530] {processor.py:840} INFO - DAG(s) 'example_nested_branch_dag' retrieved from /Library/Frameworks/Python.framework/Versions/3.10/lib/python3.10/site-packages/airflow/example_dags/example_nested_branch_dag.py
[2026-04-21T19:25:06.767+0530] {logging_mixin.py:188} INFO - [2026-04-21T19:25:06.767+0530] {dag.py:3096} INFO - Sync 1 DAGs
[2026-04-21T19:25:06.773+0530] {logging_mixin.py:188} INFO - [2026-04-21T19:25:06.773+0530] {dag.py:3954} INFO - Setting next_dagrun for example_nested_branch_dag to 2026-04-20 00:00:00+00:00, run_after=2026-04-21 00:00:00+00:00
[2026-04-21T19:25:06.778+0530] {processor.py:183} INFO - Processing /Library/Frameworks/Python.framework/Versions/3.10/lib/python3.10/site-packages/airflow/example_dags/example_nested_branch_dag.py took 0.061 seconds
[2026-04-21T22:11:44.443+0530] {processor.py:161} INFO - Started process (PID=67287) to work on /Library/Frameworks/Python.framework/Versions/3.10/lib/python3.10/site-packages/airflow/example_dags/example_nested_branch_dag.py
[2026-04-21T22:11:44.444+0530] {processor.py:830} INFO - Processing file /Library/Frameworks/Python.framework/Versions/3.10/lib/python3.10/site-packages/airflow/example_dags/example_nested_branch_dag.py for tasks to queue
[2026-04-21T22:11:44.444+0530] {logging_mixin.py:188} INFO - [2026-04-21T22:11:44.444+0530] {dagbag.py:545} INFO - Filling up the DagBag from /Library/Frameworks/Python.framework/Versions/3.10/lib/python3.10/site-packages/airflow/example_dags/example_nested_branch_dag.py
[2026-04-21T22:11:44.466+0530] {processor.py:840} INFO - DAG(s) 'example_nested_branch_dag' retrieved from /Library/Frameworks/Python.framework/Versions/3.10/lib/python3.10/site-packages/airflow/example_dags/example_nested_branch_dag.py
[2026-04-21T22:11:44.521+0530] {logging_mixin.py:188} INFO - [2026-04-21T22:11:44.521+0530] {dag.py:3096} INFO - Sync 1 DAGs
[2026-04-21T22:11:44.529+0530] {logging_mixin.py:188} INFO - [2026-04-21T22:11:44.529+0530] {dag.py:3954} INFO - Setting next_dagrun for example_nested_branch_dag to 2026-04-20 00:00:00+00:00, run_after=2026-04-21 00:00:00+00:00
[2026-04-21T22:11:44.538+0530] {processor.py:183} INFO - Processing /Library/Frameworks/Python.framework/Versions/3.10/lib/python3.10/site-packages/airflow/example_dags/example_nested_branch_dag.py took 0.097 seconds
[2026-04-22T01:54:27.136+0530] {processor.py:161} INFO - Started process (PID=67903) to work on /Library/Frameworks/Python.framework/Versions/3.10/lib/python3.10/site-packages/airflow/example_dags/example_nested_branch_dag.py
[2026-04-22T01:54:27.136+0530] {processor.py:830} INFO - Processing file /Library/Frameworks/Python.framework/Versions/3.10/lib/python3.10/site-packages/airflow/example_dags/example_nested_branch_dag.py for tasks to queue
[2026-04-22T01:54:27.137+0530] {logging_mixin.py:188} INFO - [2026-04-22T01:54:27.137+0530] {dagbag.py:545} INFO - Filling up the DagBag from /Library/Frameworks/Python.framework/Versions/3.10/lib/python3.10/site-packages/airflow/example_dags/example_nested_branch_dag.py
[2026-04-22T01:54:27.156+0530] {processor.py:840} INFO - DAG(s) 'example_nested_branch_dag' retrieved from /Library/Frameworks/Python.framework/Versions/3.10/lib/python3.10/site-packages/airflow/example_dags/example_nested_branch_dag.py
[2026-04-22T01:54:27.205+0530] {logging_mixin.py:188} INFO - [2026-04-22T01:54:27.205+0530] {dag.py:3096} INFO - Sync 1 DAGs
[2026-04-22T01:54:27.212+0530] {logging_mixin.py:188} INFO - [2026-04-22T01:54:27.212+0530] {dag.py:3954} INFO - Setting next_dagrun for example_nested_branch_dag to 2026-04-20 00:00:00+00:00, run_after=2026-04-21 00:00:00+00:00
[2026-04-22T01:54:27.220+0530] {processor.py:183} INFO - Processing /Library/Frameworks/Python.framework/Versions/3.10/lib/python3.10/site-packages/airflow/example_dags/example_nested_branch_dag.py took 0.086 seconds
[2026-04-22T04:41:56.072+0530] {processor.py:161} INFO - Started process (PID=68310) to work on /Library/Frameworks/Python.framework/Versions/3.10/lib/python3.10/site-packages/airflow/example_dags/example_nested_branch_dag.py
[2026-04-22T04:41:56.073+0530] {processor.py:830} INFO - Processing file /Library/Frameworks/Python.framework/Versions/3.10/lib/python3.10/site-packages/airflow/example_dags/example_nested_branch_dag.py for tasks to queue
[2026-04-22T04:41:56.073+0530] {logging_mixin.py:188} INFO - [2026-04-22T04:41:56.073+0530] {dagbag.py:545} INFO - Filling up the DagBag from /Library/Frameworks/Python.framework/Versions/3.10/lib/python3.10/site-packages/airflow/example_dags/example_nested_branch_dag.py
[2026-04-22T04:41:56.095+0530] {processor.py:840} INFO - DAG(s) 'example_nested_branch_dag' retrieved from /Library/Frameworks/Python.framework/Versions/3.10/lib/python3.10/site-packages/airflow/example_dags/example_nested_branch_dag.py
[2026-04-22T04:41:56.146+0530] {logging_mixin.py:188} INFO - [2026-04-22T04:41:56.146+0530] {dag.py:3096} INFO - Sync 1 DAGs
[2026-04-22T04:41:56.154+0530] {logging_mixin.py:188} INFO - [2026-04-22T04:41:56.154+0530] {dag.py:3954} INFO - Setting next_dagrun for example_nested_branch_dag to 2026-04-20 00:00:00+00:00, run_after=2026-04-21 00:00:00+00:00
[2026-04-22T04:41:56.163+0530] {processor.py:183} INFO - Processing /Library/Frameworks/Python.framework/Versions/3.10/lib/python3.10/site-packages/airflow/example_dags/example_nested_branch_dag.py took 0.091 seconds
