[2026-04-21T16:30:44.890+0530] {processor.py:161} INFO - Started process (PID=66548) to work on /Library/Frameworks/Python.framework/Versions/3.10/lib/python3.10/site-packages/airflow/example_dags/example_bash_operator.py
[2026-04-21T16:30:44.891+0530] {processor.py:830} INFO - Processing file /Library/Frameworks/Python.framework/Versions/3.10/lib/python3.10/site-packages/airflow/example_dags/example_bash_operator.py for tasks to queue
[2026-04-21T16:30:44.891+0530] {logging_mixin.py:188} INFO - [2026-04-21T16:30:44.891+0530] {dagbag.py:545} INFO - Filling up the DagBag from /Library/Frameworks/Python.framework/Versions/3.10/lib/python3.10/site-packages/airflow/example_dags/example_bash_operator.py
[2026-04-21T16:30:44.895+0530] {processor.py:840} INFO - DAG(s) 'example_bash_operator' retrieved from /Library/Frameworks/Python.framework/Versions/3.10/lib/python3.10/site-packages/airflow/example_dags/example_bash_operator.py
[2026-04-21T16:30:44.953+0530] {logging_mixin.py:188} INFO - [2026-04-21T16:30:44.953+0530] {override.py:1829} INFO - Created Permission View: can read on DAG:example_bash_operator
[2026-04-21T16:30:44.956+0530] {logging_mixin.py:188} INFO - [2026-04-21T16:30:44.956+0530] {override.py:1829} INFO - Created Permission View: can edit on DAG:example_bash_operator
[2026-04-21T16:30:44.957+0530] {logging_mixin.py:188} INFO - [2026-04-21T16:30:44.957+0530] {override.py:1829} INFO - Created Permission View: can delete on DAG:example_bash_operator
[2026-04-21T16:30:44.957+0530] {logging_mixin.py:188} INFO - [2026-04-21T16:30:44.957+0530] {dag.py:3096} INFO - Sync 1 DAGs
[2026-04-21T16:30:44.960+0530] {logging_mixin.py:188} INFO - [2026-04-21T16:30:44.960+0530] {dag.py:3118} INFO - Creating ORM DAG for example_bash_operator
[2026-04-21T16:30:44.962+0530] {logging_mixin.py:188} INFO - [2026-04-21T16:30:44.962+0530] {dag.py:3954} INFO - Setting next_dagrun for example_bash_operator to 2026-04-20 00:00:00+00:00, run_after=2026-04-21 00:00:00+00:00
[2026-04-21T16:30:44.967+0530] {processor.py:183} INFO - Processing /Library/Frameworks/Python.framework/Versions/3.10/lib/python3.10/site-packages/airflow/example_dags/example_bash_operator.py took 0.078 seconds
[2026-04-21T23:16:56.101+0530] {processor.py:161} INFO - Started process (PID=67457) to work on /Library/Frameworks/Python.framework/Versions/3.10/lib/python3.10/site-packages/airflow/example_dags/example_bash_operator.py
[2026-04-21T23:16:56.102+0530] {processor.py:830} INFO - Processing file /Library/Frameworks/Python.framework/Versions/3.10/lib/python3.10/site-packages/airflow/example_dags/example_bash_operator.py for tasks to queue
[2026-04-21T23:16:56.103+0530] {logging_mixin.py:188} INFO - [2026-04-21T23:16:56.103+0530] {dagbag.py:545} INFO - Filling up the DagBag from /Library/Frameworks/Python.framework/Versions/3.10/lib/python3.10/site-packages/airflow/example_dags/example_bash_operator.py
[2026-04-21T23:16:56.107+0530] {processor.py:840} INFO - DAG(s) 'example_bash_operator' retrieved from /Library/Frameworks/Python.framework/Versions/3.10/lib/python3.10/site-packages/airflow/example_dags/example_bash_operator.py
[2026-04-21T23:16:56.145+0530] {logging_mixin.py:188} INFO - [2026-04-21T23:16:56.145+0530] {dag.py:3096} INFO - Sync 1 DAGs
[2026-04-21T23:16:56.150+0530] {logging_mixin.py:188} INFO - [2026-04-21T23:16:56.150+0530] {dag.py:3954} INFO - Setting next_dagrun for example_bash_operator to 2026-04-20 00:00:00+00:00, run_after=2026-04-21 00:00:00+00:00
[2026-04-21T23:16:56.156+0530] {processor.py:183} INFO - Processing /Library/Frameworks/Python.framework/Versions/3.10/lib/python3.10/site-packages/airflow/example_dags/example_bash_operator.py took 0.055 seconds
[2026-04-22T01:55:34.394+0530] {processor.py:161} INFO - Started process (PID=67932) to work on /Library/Frameworks/Python.framework/Versions/3.10/lib/python3.10/site-packages/airflow/example_dags/example_bash_operator.py
[2026-04-22T01:55:34.395+0530] {processor.py:830} INFO - Processing file /Library/Frameworks/Python.framework/Versions/3.10/lib/python3.10/site-packages/airflow/example_dags/example_bash_operator.py for tasks to queue
[2026-04-22T01:55:34.396+0530] {logging_mixin.py:188} INFO - [2026-04-22T01:55:34.396+0530] {dagbag.py:545} INFO - Filling up the DagBag from /Library/Frameworks/Python.framework/Versions/3.10/lib/python3.10/site-packages/airflow/example_dags/example_bash_operator.py
[2026-04-22T01:55:34.401+0530] {processor.py:840} INFO - DAG(s) 'example_bash_operator' retrieved from /Library/Frameworks/Python.framework/Versions/3.10/lib/python3.10/site-packages/airflow/example_dags/example_bash_operator.py
[2026-04-22T01:55:34.444+0530] {logging_mixin.py:188} INFO - [2026-04-22T01:55:34.444+0530] {dag.py:3096} INFO - Sync 1 DAGs
[2026-04-22T01:55:34.450+0530] {logging_mixin.py:188} INFO - [2026-04-22T01:55:34.450+0530] {dag.py:3954} INFO - Setting next_dagrun for example_bash_operator to 2026-04-20 00:00:00+00:00, run_after=2026-04-21 00:00:00+00:00
[2026-04-22T01:55:34.457+0530] {processor.py:183} INFO - Processing /Library/Frameworks/Python.framework/Versions/3.10/lib/python3.10/site-packages/airflow/example_dags/example_bash_operator.py took 0.064 seconds
