[2026-04-21T16:30:15.249+0530] {processor.py:161} INFO - Started process (PID=66050) to work on /Library/Frameworks/Python.framework/Versions/3.10/lib/python3.10/site-packages/airflow/example_dags/example_sla_dag.py
[2026-04-21T16:30:15.250+0530] {processor.py:830} INFO - Processing file /Library/Frameworks/Python.framework/Versions/3.10/lib/python3.10/site-packages/airflow/example_dags/example_sla_dag.py for tasks to queue
[2026-04-21T16:30:15.250+0530] {logging_mixin.py:188} INFO - [2026-04-21T16:30:15.250+0530] {dagbag.py:545} INFO - Filling up the DagBag from /Library/Frameworks/Python.framework/Versions/3.10/lib/python3.10/site-packages/airflow/example_dags/example_sla_dag.py
[2026-04-21T16:30:15.263+0530] {processor.py:840} INFO - DAG(s) 'example_sla_dag' retrieved from /Library/Frameworks/Python.framework/Versions/3.10/lib/python3.10/site-packages/airflow/example_dags/example_sla_dag.py
[2026-04-21T16:30:15.319+0530] {logging_mixin.py:188} INFO - [2026-04-21T16:30:15.319+0530] {override.py:1829} INFO - Created Permission View: can delete on DAG:example_sla_dag
[2026-04-21T16:30:15.322+0530] {logging_mixin.py:188} INFO - [2026-04-21T16:30:15.321+0530] {override.py:1829} INFO - Created Permission View: can read on DAG:example_sla_dag
[2026-04-21T16:30:15.323+0530] {logging_mixin.py:188} INFO - [2026-04-21T16:30:15.323+0530] {override.py:1829} INFO - Created Permission View: can edit on DAG:example_sla_dag
[2026-04-21T16:30:15.323+0530] {logging_mixin.py:188} INFO - [2026-04-21T16:30:15.323+0530] {dag.py:3096} INFO - Sync 1 DAGs
[2026-04-21T16:30:15.326+0530] {logging_mixin.py:188} INFO - [2026-04-21T16:30:15.326+0530] {dag.py:3118} INFO - Creating ORM DAG for example_sla_dag
[2026-04-21T16:30:15.330+0530] {logging_mixin.py:188} INFO - [2026-04-21T16:30:15.330+0530] {dag.py:3954} INFO - Setting next_dagrun for example_sla_dag to 2026-04-21 10:58:00+00:00, run_after=2026-04-21 11:00:00+00:00
[2026-04-21T16:30:15.334+0530] {processor.py:183} INFO - Processing /Library/Frameworks/Python.framework/Versions/3.10/lib/python3.10/site-packages/airflow/example_dags/example_sla_dag.py took 0.086 seconds
[2026-04-21T19:23:25.225+0530] {processor.py:161} INFO - Started process (PID=66825) to work on /Library/Frameworks/Python.framework/Versions/3.10/lib/python3.10/site-packages/airflow/example_dags/example_sla_dag.py
[2026-04-21T19:23:25.225+0530] {processor.py:830} INFO - Processing file /Library/Frameworks/Python.framework/Versions/3.10/lib/python3.10/site-packages/airflow/example_dags/example_sla_dag.py for tasks to queue
[2026-04-21T19:23:25.226+0530] {logging_mixin.py:188} INFO - [2026-04-21T19:23:25.226+0530] {dagbag.py:545} INFO - Filling up the DagBag from /Library/Frameworks/Python.framework/Versions/3.10/lib/python3.10/site-packages/airflow/example_dags/example_sla_dag.py
[2026-04-21T19:23:25.238+0530] {processor.py:840} INFO - DAG(s) 'example_sla_dag' retrieved from /Library/Frameworks/Python.framework/Versions/3.10/lib/python3.10/site-packages/airflow/example_dags/example_sla_dag.py
[2026-04-21T19:23:25.269+0530] {logging_mixin.py:188} INFO - [2026-04-21T19:23:25.269+0530] {dag.py:3096} INFO - Sync 1 DAGs
[2026-04-21T19:23:25.275+0530] {logging_mixin.py:188} INFO - [2026-04-21T19:23:25.275+0530] {dag.py:3954} INFO - Setting next_dagrun for example_sla_dag to 2026-04-21 13:50:00+00:00, run_after=2026-04-21 13:52:00+00:00
[2026-04-21T19:23:25.280+0530] {processor.py:183} INFO - Processing /Library/Frameworks/Python.framework/Versions/3.10/lib/python3.10/site-packages/airflow/example_dags/example_sla_dag.py took 0.056 seconds
[2026-04-21T21:55:38.842+0530] {processor.py:161} INFO - Started process (PID=67260) to work on /Library/Frameworks/Python.framework/Versions/3.10/lib/python3.10/site-packages/airflow/example_dags/example_sla_dag.py
[2026-04-21T21:55:38.843+0530] {processor.py:830} INFO - Processing file /Library/Frameworks/Python.framework/Versions/3.10/lib/python3.10/site-packages/airflow/example_dags/example_sla_dag.py for tasks to queue
[2026-04-21T21:55:38.843+0530] {logging_mixin.py:188} INFO - [2026-04-21T21:55:38.843+0530] {dagbag.py:545} INFO - Filling up the DagBag from /Library/Frameworks/Python.framework/Versions/3.10/lib/python3.10/site-packages/airflow/example_dags/example_sla_dag.py
[2026-04-21T21:55:38.855+0530] {processor.py:840} INFO - DAG(s) 'example_sla_dag' retrieved from /Library/Frameworks/Python.framework/Versions/3.10/lib/python3.10/site-packages/airflow/example_dags/example_sla_dag.py
[2026-04-21T21:55:38.887+0530] {logging_mixin.py:188} INFO - [2026-04-21T21:55:38.887+0530] {dag.py:3096} INFO - Sync 1 DAGs
[2026-04-21T21:55:38.893+0530] {logging_mixin.py:188} INFO - [2026-04-21T21:55:38.893+0530] {dag.py:3954} INFO - Setting next_dagrun for example_sla_dag to 2026-04-21 16:22:00+00:00, run_after=2026-04-21 16:24:00+00:00
[2026-04-21T21:55:38.898+0530] {processor.py:183} INFO - Processing /Library/Frameworks/Python.framework/Versions/3.10/lib/python3.10/site-packages/airflow/example_dags/example_sla_dag.py took 0.057 seconds
[2026-04-22T00:19:10.381+0530] {processor.py:161} INFO - Started process (PID=67645) to work on /Library/Frameworks/Python.framework/Versions/3.10/lib/python3.10/site-packages/airflow/example_dags/example_sla_dag.py
[2026-04-22T00:19:10.381+0530] {processor.py:830} INFO - Processing file /Library/Frameworks/Python.framework/Versions/3.10/lib/python3.10/site-packages/airflow/example_dags/example_sla_dag.py for tasks to queue
[2026-04-22T00:19:10.381+0530] {logging_mixin.py:188} INFO - [2026-04-22T00:19:10.381+0530] {dagbag.py:545} INFO - Filling up the DagBag from /Library/Frameworks/Python.framework/Versions/3.10/lib/python3.10/site-packages/airflow/example_dags/example_sla_dag.py
[2026-04-22T00:19:10.397+0530] {processor.py:840} INFO - DAG(s) 'example_sla_dag' retrieved from /Library/Frameworks/Python.framework/Versions/3.10/lib/python3.10/site-packages/airflow/example_dags/example_sla_dag.py
[2026-04-22T00:19:10.432+0530] {logging_mixin.py:188} INFO - [2026-04-22T00:19:10.432+0530] {dag.py:3096} INFO - Sync 1 DAGs
[2026-04-22T00:19:10.439+0530] {logging_mixin.py:188} INFO - [2026-04-22T00:19:10.439+0530] {dag.py:3954} INFO - Setting next_dagrun for example_sla_dag to 2026-04-21 18:46:00+00:00, run_after=2026-04-21 18:48:00+00:00
[2026-04-22T00:19:10.444+0530] {processor.py:183} INFO - Processing /Library/Frameworks/Python.framework/Versions/3.10/lib/python3.10/site-packages/airflow/example_dags/example_sla_dag.py took 0.065 seconds
[2026-04-22T01:53:25.404+0530] {processor.py:161} INFO - Started process (PID=67883) to work on /Library/Frameworks/Python.framework/Versions/3.10/lib/python3.10/site-packages/airflow/example_dags/example_sla_dag.py
[2026-04-22T01:53:25.404+0530] {processor.py:830} INFO - Processing file /Library/Frameworks/Python.framework/Versions/3.10/lib/python3.10/site-packages/airflow/example_dags/example_sla_dag.py for tasks to queue
[2026-04-22T01:53:25.404+0530] {logging_mixin.py:188} INFO - [2026-04-22T01:53:25.404+0530] {dagbag.py:545} INFO - Filling up the DagBag from /Library/Frameworks/Python.framework/Versions/3.10/lib/python3.10/site-packages/airflow/example_dags/example_sla_dag.py
[2026-04-22T01:53:25.417+0530] {processor.py:840} INFO - DAG(s) 'example_sla_dag' retrieved from /Library/Frameworks/Python.framework/Versions/3.10/lib/python3.10/site-packages/airflow/example_dags/example_sla_dag.py
[2026-04-22T01:53:25.452+0530] {logging_mixin.py:188} INFO - [2026-04-22T01:53:25.452+0530] {dag.py:3096} INFO - Sync 1 DAGs
[2026-04-22T01:53:25.458+0530] {logging_mixin.py:188} INFO - [2026-04-22T01:53:25.458+0530] {dag.py:3954} INFO - Setting next_dagrun for example_sla_dag to 2026-04-21 20:20:00+00:00, run_after=2026-04-21 20:22:00+00:00
[2026-04-22T01:53:25.464+0530] {processor.py:183} INFO - Processing /Library/Frameworks/Python.framework/Versions/3.10/lib/python3.10/site-packages/airflow/example_dags/example_sla_dag.py took 0.061 seconds
[2026-04-22T03:15:55.095+0530] {processor.py:161} INFO - Started process (PID=68126) to work on /Library/Frameworks/Python.framework/Versions/3.10/lib/python3.10/site-packages/airflow/example_dags/example_sla_dag.py
[2026-04-22T03:15:55.097+0530] {processor.py:830} INFO - Processing file /Library/Frameworks/Python.framework/Versions/3.10/lib/python3.10/site-packages/airflow/example_dags/example_sla_dag.py for tasks to queue
[2026-04-22T03:15:55.097+0530] {logging_mixin.py:188} INFO - [2026-04-22T03:15:55.097+0530] {dagbag.py:545} INFO - Filling up the DagBag from /Library/Frameworks/Python.framework/Versions/3.10/lib/python3.10/site-packages/airflow/example_dags/example_sla_dag.py
[2026-04-22T03:15:55.118+0530] {processor.py:840} INFO - DAG(s) 'example_sla_dag' retrieved from /Library/Frameworks/Python.framework/Versions/3.10/lib/python3.10/site-packages/airflow/example_dags/example_sla_dag.py
[2026-04-22T03:15:55.173+0530] {logging_mixin.py:188} INFO - [2026-04-22T03:15:55.173+0530] {dag.py:3096} INFO - Sync 1 DAGs
[2026-04-22T03:15:55.183+0530] {logging_mixin.py:188} INFO - [2026-04-22T03:15:55.183+0530] {dag.py:3954} INFO - Setting next_dagrun for example_sla_dag to 2026-04-21 21:42:00+00:00, run_after=2026-04-21 21:44:00+00:00
[2026-04-22T03:15:55.191+0530] {processor.py:183} INFO - Processing /Library/Frameworks/Python.framework/Versions/3.10/lib/python3.10/site-packages/airflow/example_dags/example_sla_dag.py took 0.097 seconds
