[2026-04-21T16:30:12.126+0530] {processor.py:161} INFO - Started process (PID=66046) to work on /Library/Frameworks/Python.framework/Versions/3.10/lib/python3.10/site-packages/airflow/example_dags/example_task_group_decorator.py
[2026-04-21T16:30:12.126+0530] {processor.py:830} INFO - Processing file /Library/Frameworks/Python.framework/Versions/3.10/lib/python3.10/site-packages/airflow/example_dags/example_task_group_decorator.py for tasks to queue
[2026-04-21T16:30:12.126+0530] {logging_mixin.py:188} INFO - [2026-04-21T16:30:12.126+0530] {dagbag.py:545} INFO - Filling up the DagBag from /Library/Frameworks/Python.framework/Versions/3.10/lib/python3.10/site-packages/airflow/example_dags/example_task_group_decorator.py
[2026-04-21T16:30:12.140+0530] {processor.py:840} INFO - DAG(s) 'example_task_group_decorator' retrieved from /Library/Frameworks/Python.framework/Versions/3.10/lib/python3.10/site-packages/airflow/example_dags/example_task_group_decorator.py
[2026-04-21T16:30:12.200+0530] {logging_mixin.py:188} INFO - [2026-04-21T16:30:12.199+0530] {override.py:1829} INFO - Created Permission View: can edit on DAG:example_task_group_decorator
[2026-04-21T16:30:12.202+0530] {logging_mixin.py:188} INFO - [2026-04-21T16:30:12.202+0530] {override.py:1829} INFO - Created Permission View: can read on DAG:example_task_group_decorator
[2026-04-21T16:30:12.203+0530] {logging_mixin.py:188} INFO - [2026-04-21T16:30:12.203+0530] {override.py:1829} INFO - Created Permission View: can delete on DAG:example_task_group_decorator
[2026-04-21T16:30:12.204+0530] {logging_mixin.py:188} INFO - [2026-04-21T16:30:12.203+0530] {dag.py:3096} INFO - Sync 1 DAGs
[2026-04-21T16:30:12.206+0530] {logging_mixin.py:188} INFO - [2026-04-21T16:30:12.206+0530] {dag.py:3118} INFO - Creating ORM DAG for example_task_group_decorator
[2026-04-21T16:30:12.209+0530] {logging_mixin.py:188} INFO - [2026-04-21T16:30:12.209+0530] {dag.py:3954} INFO - Setting next_dagrun for example_task_group_decorator to 2026-04-20 00:00:00+00:00, run_after=2026-04-21 00:00:00+00:00
[2026-04-21T16:30:12.214+0530] {processor.py:183} INFO - Processing /Library/Frameworks/Python.framework/Versions/3.10/lib/python3.10/site-packages/airflow/example_dags/example_task_group_decorator.py took 0.089 seconds
[2026-04-21T19:23:22.423+0530] {processor.py:161} INFO - Started process (PID=66819) to work on /Library/Frameworks/Python.framework/Versions/3.10/lib/python3.10/site-packages/airflow/example_dags/example_task_group_decorator.py
[2026-04-21T19:23:22.423+0530] {processor.py:830} INFO - Processing file /Library/Frameworks/Python.framework/Versions/3.10/lib/python3.10/site-packages/airflow/example_dags/example_task_group_decorator.py for tasks to queue
[2026-04-21T19:23:22.423+0530] {logging_mixin.py:188} INFO - [2026-04-21T19:23:22.423+0530] {dagbag.py:545} INFO - Filling up the DagBag from /Library/Frameworks/Python.framework/Versions/3.10/lib/python3.10/site-packages/airflow/example_dags/example_task_group_decorator.py
[2026-04-21T19:23:22.438+0530] {processor.py:840} INFO - DAG(s) 'example_task_group_decorator' retrieved from /Library/Frameworks/Python.framework/Versions/3.10/lib/python3.10/site-packages/airflow/example_dags/example_task_group_decorator.py
[2026-04-21T19:23:22.475+0530] {logging_mixin.py:188} INFO - [2026-04-21T19:23:22.475+0530] {dag.py:3096} INFO - Sync 1 DAGs
[2026-04-21T19:23:22.480+0530] {logging_mixin.py:188} INFO - [2026-04-21T19:23:22.480+0530] {dag.py:3954} INFO - Setting next_dagrun for example_task_group_decorator to 2026-04-20 00:00:00+00:00, run_after=2026-04-21 00:00:00+00:00
[2026-04-21T19:23:22.485+0530] {processor.py:183} INFO - Processing /Library/Frameworks/Python.framework/Versions/3.10/lib/python3.10/site-packages/airflow/example_dags/example_task_group_decorator.py took 0.064 seconds
[2026-04-21T21:55:35.833+0530] {processor.py:161} INFO - Started process (PID=67256) to work on /Library/Frameworks/Python.framework/Versions/3.10/lib/python3.10/site-packages/airflow/example_dags/example_task_group_decorator.py
[2026-04-21T21:55:35.834+0530] {processor.py:830} INFO - Processing file /Library/Frameworks/Python.framework/Versions/3.10/lib/python3.10/site-packages/airflow/example_dags/example_task_group_decorator.py for tasks to queue
[2026-04-21T21:55:35.834+0530] {logging_mixin.py:188} INFO - [2026-04-21T21:55:35.834+0530] {dagbag.py:545} INFO - Filling up the DagBag from /Library/Frameworks/Python.framework/Versions/3.10/lib/python3.10/site-packages/airflow/example_dags/example_task_group_decorator.py
[2026-04-21T21:55:35.851+0530] {processor.py:840} INFO - DAG(s) 'example_task_group_decorator' retrieved from /Library/Frameworks/Python.framework/Versions/3.10/lib/python3.10/site-packages/airflow/example_dags/example_task_group_decorator.py
[2026-04-21T21:55:35.892+0530] {logging_mixin.py:188} INFO - [2026-04-21T21:55:35.892+0530] {dag.py:3096} INFO - Sync 1 DAGs
[2026-04-21T21:55:35.898+0530] {logging_mixin.py:188} INFO - [2026-04-21T21:55:35.898+0530] {dag.py:3954} INFO - Setting next_dagrun for example_task_group_decorator to 2026-04-20 00:00:00+00:00, run_after=2026-04-21 00:00:00+00:00
[2026-04-21T21:55:35.904+0530] {processor.py:183} INFO - Processing /Library/Frameworks/Python.framework/Versions/3.10/lib/python3.10/site-packages/airflow/example_dags/example_task_group_decorator.py took 0.072 seconds
[2026-04-21T23:34:23.410+0530] {processor.py:161} INFO - Started process (PID=67497) to work on /Library/Frameworks/Python.framework/Versions/3.10/lib/python3.10/site-packages/airflow/example_dags/example_task_group_decorator.py
[2026-04-21T23:34:23.411+0530] {processor.py:830} INFO - Processing file /Library/Frameworks/Python.framework/Versions/3.10/lib/python3.10/site-packages/airflow/example_dags/example_task_group_decorator.py for tasks to queue
[2026-04-21T23:34:23.411+0530] {logging_mixin.py:188} INFO - [2026-04-21T23:34:23.411+0530] {dagbag.py:545} INFO - Filling up the DagBag from /Library/Frameworks/Python.framework/Versions/3.10/lib/python3.10/site-packages/airflow/example_dags/example_task_group_decorator.py
[2026-04-21T23:34:23.427+0530] {processor.py:840} INFO - DAG(s) 'example_task_group_decorator' retrieved from /Library/Frameworks/Python.framework/Versions/3.10/lib/python3.10/site-packages/airflow/example_dags/example_task_group_decorator.py
[2026-04-21T23:34:23.466+0530] {logging_mixin.py:188} INFO - [2026-04-21T23:34:23.466+0530] {dag.py:3096} INFO - Sync 1 DAGs
[2026-04-21T23:34:23.472+0530] {logging_mixin.py:188} INFO - [2026-04-21T23:34:23.472+0530] {dag.py:3954} INFO - Setting next_dagrun for example_task_group_decorator to 2026-04-20 00:00:00+00:00, run_after=2026-04-21 00:00:00+00:00
[2026-04-21T23:34:23.479+0530] {processor.py:183} INFO - Processing /Library/Frameworks/Python.framework/Versions/3.10/lib/python3.10/site-packages/airflow/example_dags/example_task_group_decorator.py took 0.070 seconds
[2026-04-22T01:53:22.323+0530] {processor.py:161} INFO - Started process (PID=67879) to work on /Library/Frameworks/Python.framework/Versions/3.10/lib/python3.10/site-packages/airflow/example_dags/example_task_group_decorator.py
[2026-04-22T01:53:22.324+0530] {processor.py:830} INFO - Processing file /Library/Frameworks/Python.framework/Versions/3.10/lib/python3.10/site-packages/airflow/example_dags/example_task_group_decorator.py for tasks to queue
[2026-04-22T01:53:22.324+0530] {logging_mixin.py:188} INFO - [2026-04-22T01:53:22.324+0530] {dagbag.py:545} INFO - Filling up the DagBag from /Library/Frameworks/Python.framework/Versions/3.10/lib/python3.10/site-packages/airflow/example_dags/example_task_group_decorator.py
[2026-04-22T01:53:22.339+0530] {processor.py:840} INFO - DAG(s) 'example_task_group_decorator' retrieved from /Library/Frameworks/Python.framework/Versions/3.10/lib/python3.10/site-packages/airflow/example_dags/example_task_group_decorator.py
[2026-04-22T01:53:22.374+0530] {logging_mixin.py:188} INFO - [2026-04-22T01:53:22.374+0530] {dag.py:3096} INFO - Sync 1 DAGs
[2026-04-22T01:53:22.380+0530] {logging_mixin.py:188} INFO - [2026-04-22T01:53:22.380+0530] {dag.py:3954} INFO - Setting next_dagrun for example_task_group_decorator to 2026-04-20 00:00:00+00:00, run_after=2026-04-21 00:00:00+00:00
[2026-04-22T01:53:22.385+0530] {processor.py:183} INFO - Processing /Library/Frameworks/Python.framework/Versions/3.10/lib/python3.10/site-packages/airflow/example_dags/example_task_group_decorator.py took 0.063 seconds
[2026-04-22T03:15:51.985+0530] {processor.py:161} INFO - Started process (PID=68112) to work on /Library/Frameworks/Python.framework/Versions/3.10/lib/python3.10/site-packages/airflow/example_dags/example_task_group_decorator.py
[2026-04-22T03:15:51.986+0530] {processor.py:830} INFO - Processing file /Library/Frameworks/Python.framework/Versions/3.10/lib/python3.10/site-packages/airflow/example_dags/example_task_group_decorator.py for tasks to queue
[2026-04-22T03:15:51.986+0530] {logging_mixin.py:188} INFO - [2026-04-22T03:15:51.986+0530] {dagbag.py:545} INFO - Filling up the DagBag from /Library/Frameworks/Python.framework/Versions/3.10/lib/python3.10/site-packages/airflow/example_dags/example_task_group_decorator.py
[2026-04-22T03:15:52.002+0530] {processor.py:840} INFO - DAG(s) 'example_task_group_decorator' retrieved from /Library/Frameworks/Python.framework/Versions/3.10/lib/python3.10/site-packages/airflow/example_dags/example_task_group_decorator.py
[2026-04-22T03:15:52.042+0530] {logging_mixin.py:188} INFO - [2026-04-22T03:15:52.041+0530] {dag.py:3096} INFO - Sync 1 DAGs
[2026-04-22T03:15:52.047+0530] {logging_mixin.py:188} INFO - [2026-04-22T03:15:52.047+0530] {dag.py:3954} INFO - Setting next_dagrun for example_task_group_decorator to 2026-04-20 00:00:00+00:00, run_after=2026-04-21 00:00:00+00:00
[2026-04-22T03:15:52.054+0530] {processor.py:183} INFO - Processing /Library/Frameworks/Python.framework/Versions/3.10/lib/python3.10/site-packages/airflow/example_dags/example_task_group_decorator.py took 0.070 seconds
