[2026-04-21T16:30:37.465+0530] {processor.py:161} INFO - Started process (PID=66210) to work on /Library/Frameworks/Python.framework/Versions/3.10/lib/python3.10/site-packages/airflow/example_dags/example_dag_decorator.py
[2026-04-21T16:30:37.465+0530] {processor.py:830} INFO - Processing file /Library/Frameworks/Python.framework/Versions/3.10/lib/python3.10/site-packages/airflow/example_dags/example_dag_decorator.py for tasks to queue
[2026-04-21T16:30:37.465+0530] {logging_mixin.py:188} INFO - [2026-04-21T16:30:37.465+0530] {dagbag.py:545} INFO - Filling up the DagBag from /Library/Frameworks/Python.framework/Versions/3.10/lib/python3.10/site-packages/airflow/example_dags/example_dag_decorator.py
[2026-04-21T16:30:37.549+0530] {processor.py:840} INFO - DAG(s) 'example_dag_decorator' retrieved from /Library/Frameworks/Python.framework/Versions/3.10/lib/python3.10/site-packages/airflow/example_dags/example_dag_decorator.py
[2026-04-21T16:30:37.619+0530] {logging_mixin.py:188} INFO - [2026-04-21T16:30:37.619+0530] {override.py:1829} INFO - Created Permission View: can delete on DAG:example_dag_decorator
[2026-04-21T16:30:37.622+0530] {logging_mixin.py:188} INFO - [2026-04-21T16:30:37.622+0530] {override.py:1829} INFO - Created Permission View: can edit on DAG:example_dag_decorator
[2026-04-21T16:30:37.624+0530] {logging_mixin.py:188} INFO - [2026-04-21T16:30:37.624+0530] {override.py:1829} INFO - Created Permission View: can read on DAG:example_dag_decorator
[2026-04-21T16:30:37.624+0530] {logging_mixin.py:188} INFO - [2026-04-21T16:30:37.624+0530] {dag.py:3096} INFO - Sync 1 DAGs
[2026-04-21T16:30:37.628+0530] {logging_mixin.py:188} INFO - [2026-04-21T16:30:37.628+0530] {dag.py:3118} INFO - Creating ORM DAG for example_dag_decorator
[2026-04-21T16:30:37.628+0530] {logging_mixin.py:188} INFO - [2026-04-21T16:30:37.628+0530] {dag.py:3954} INFO - Setting next_dagrun for example_dag_decorator to None, run_after=None
[2026-04-21T16:30:37.638+0530] {processor.py:183} INFO - Processing /Library/Frameworks/Python.framework/Versions/3.10/lib/python3.10/site-packages/airflow/example_dags/example_dag_decorator.py took 0.174 seconds
[2026-04-21T20:31:18.869+0530] {processor.py:161} INFO - Started process (PID=67029) to work on /Library/Frameworks/Python.framework/Versions/3.10/lib/python3.10/site-packages/airflow/example_dags/example_dag_decorator.py
[2026-04-21T20:31:18.870+0530] {processor.py:830} INFO - Processing file /Library/Frameworks/Python.framework/Versions/3.10/lib/python3.10/site-packages/airflow/example_dags/example_dag_decorator.py for tasks to queue
[2026-04-21T20:31:18.870+0530] {logging_mixin.py:188} INFO - [2026-04-21T20:31:18.870+0530] {dagbag.py:545} INFO - Filling up the DagBag from /Library/Frameworks/Python.framework/Versions/3.10/lib/python3.10/site-packages/airflow/example_dags/example_dag_decorator.py
[2026-04-21T20:31:18.945+0530] {processor.py:840} INFO - DAG(s) 'example_dag_decorator' retrieved from /Library/Frameworks/Python.framework/Versions/3.10/lib/python3.10/site-packages/airflow/example_dags/example_dag_decorator.py
[2026-04-21T20:31:19.018+0530] {logging_mixin.py:188} INFO - [2026-04-21T20:31:19.018+0530] {dag.py:3096} INFO - Sync 1 DAGs
[2026-04-21T20:31:19.021+0530] {logging_mixin.py:188} INFO - [2026-04-21T20:31:19.021+0530] {dag.py:3954} INFO - Setting next_dagrun for example_dag_decorator to None, run_after=None
[2026-04-21T20:31:19.027+0530] {processor.py:183} INFO - Processing /Library/Frameworks/Python.framework/Versions/3.10/lib/python3.10/site-packages/airflow/example_dags/example_dag_decorator.py took 0.159 seconds
[2026-04-21T23:16:23.681+0530] {processor.py:161} INFO - Started process (PID=67446) to work on /Library/Frameworks/Python.framework/Versions/3.10/lib/python3.10/site-packages/airflow/example_dags/example_dag_decorator.py
[2026-04-21T23:16:23.682+0530] {processor.py:830} INFO - Processing file /Library/Frameworks/Python.framework/Versions/3.10/lib/python3.10/site-packages/airflow/example_dags/example_dag_decorator.py for tasks to queue
[2026-04-21T23:16:23.682+0530] {logging_mixin.py:188} INFO - [2026-04-21T23:16:23.682+0530] {dagbag.py:545} INFO - Filling up the DagBag from /Library/Frameworks/Python.framework/Versions/3.10/lib/python3.10/site-packages/airflow/example_dags/example_dag_decorator.py
[2026-04-21T23:16:23.756+0530] {processor.py:840} INFO - DAG(s) 'example_dag_decorator' retrieved from /Library/Frameworks/Python.framework/Versions/3.10/lib/python3.10/site-packages/airflow/example_dags/example_dag_decorator.py
[2026-04-21T23:16:23.822+0530] {logging_mixin.py:188} INFO - [2026-04-21T23:16:23.822+0530] {dag.py:3096} INFO - Sync 1 DAGs
[2026-04-21T23:16:23.825+0530] {logging_mixin.py:188} INFO - [2026-04-21T23:16:23.825+0530] {dag.py:3954} INFO - Setting next_dagrun for example_dag_decorator to None, run_after=None
[2026-04-21T23:16:23.830+0530] {processor.py:183} INFO - Processing /Library/Frameworks/Python.framework/Versions/3.10/lib/python3.10/site-packages/airflow/example_dags/example_dag_decorator.py took 0.150 seconds
[2026-04-22T01:55:02.102+0530] {processor.py:161} INFO - Started process (PID=67921) to work on /Library/Frameworks/Python.framework/Versions/3.10/lib/python3.10/site-packages/airflow/example_dags/example_dag_decorator.py
[2026-04-22T01:55:02.104+0530] {processor.py:830} INFO - Processing file /Library/Frameworks/Python.framework/Versions/3.10/lib/python3.10/site-packages/airflow/example_dags/example_dag_decorator.py for tasks to queue
[2026-04-22T01:55:02.104+0530] {logging_mixin.py:188} INFO - [2026-04-22T01:55:02.104+0530] {dagbag.py:545} INFO - Filling up the DagBag from /Library/Frameworks/Python.framework/Versions/3.10/lib/python3.10/site-packages/airflow/example_dags/example_dag_decorator.py
[2026-04-22T01:55:02.183+0530] {processor.py:840} INFO - DAG(s) 'example_dag_decorator' retrieved from /Library/Frameworks/Python.framework/Versions/3.10/lib/python3.10/site-packages/airflow/example_dags/example_dag_decorator.py
[2026-04-22T01:55:02.253+0530] {logging_mixin.py:188} INFO - [2026-04-22T01:55:02.253+0530] {dag.py:3096} INFO - Sync 1 DAGs
[2026-04-22T01:55:02.256+0530] {logging_mixin.py:188} INFO - [2026-04-22T01:55:02.256+0530] {dag.py:3954} INFO - Setting next_dagrun for example_dag_decorator to None, run_after=None
[2026-04-22T01:55:02.264+0530] {processor.py:183} INFO - Processing /Library/Frameworks/Python.framework/Versions/3.10/lib/python3.10/site-packages/airflow/example_dags/example_dag_decorator.py took 0.163 seconds
