[2026-04-21T16:30:21.861+0530] {processor.py:161} INFO - Started process (PID=66066) to work on /Library/Frameworks/Python.framework/Versions/3.10/lib/python3.10/site-packages/airflow/example_dags/example_sensor_decorator.py
[2026-04-21T16:30:21.861+0530] {processor.py:830} INFO - Processing file /Library/Frameworks/Python.framework/Versions/3.10/lib/python3.10/site-packages/airflow/example_dags/example_sensor_decorator.py for tasks to queue
[2026-04-21T16:30:21.861+0530] {logging_mixin.py:188} INFO - [2026-04-21T16:30:21.861+0530] {dagbag.py:545} INFO - Filling up the DagBag from /Library/Frameworks/Python.framework/Versions/3.10/lib/python3.10/site-packages/airflow/example_dags/example_sensor_decorator.py
[2026-04-21T16:30:21.873+0530] {processor.py:840} INFO - DAG(s) 'example_sensor_decorator' retrieved from /Library/Frameworks/Python.framework/Versions/3.10/lib/python3.10/site-packages/airflow/example_dags/example_sensor_decorator.py
[2026-04-21T16:30:21.937+0530] {logging_mixin.py:188} INFO - [2026-04-21T16:30:21.937+0530] {override.py:1829} INFO - Created Permission View: can read on DAG:example_sensor_decorator
[2026-04-21T16:30:21.940+0530] {logging_mixin.py:188} INFO - [2026-04-21T16:30:21.940+0530] {override.py:1829} INFO - Created Permission View: can edit on DAG:example_sensor_decorator
[2026-04-21T16:30:21.941+0530] {logging_mixin.py:188} INFO - [2026-04-21T16:30:21.941+0530] {override.py:1829} INFO - Created Permission View: can delete on DAG:example_sensor_decorator
[2026-04-21T16:30:21.941+0530] {logging_mixin.py:188} INFO - [2026-04-21T16:30:21.941+0530] {dag.py:3096} INFO - Sync 1 DAGs
[2026-04-21T16:30:21.945+0530] {logging_mixin.py:188} INFO - [2026-04-21T16:30:21.945+0530] {dag.py:3118} INFO - Creating ORM DAG for example_sensor_decorator
[2026-04-21T16:30:21.945+0530] {logging_mixin.py:188} INFO - [2026-04-21T16:30:21.945+0530] {dag.py:3954} INFO - Setting next_dagrun for example_sensor_decorator to None, run_after=None
[2026-04-21T16:30:21.950+0530] {processor.py:183} INFO - Processing /Library/Frameworks/Python.framework/Versions/3.10/lib/python3.10/site-packages/airflow/example_dags/example_sensor_decorator.py took 0.090 seconds
[2026-04-21T19:24:36.163+0530] {processor.py:161} INFO - Started process (PID=66856) to work on /Library/Frameworks/Python.framework/Versions/3.10/lib/python3.10/site-packages/airflow/example_dags/example_sensor_decorator.py
[2026-04-21T19:24:36.164+0530] {processor.py:830} INFO - Processing file /Library/Frameworks/Python.framework/Versions/3.10/lib/python3.10/site-packages/airflow/example_dags/example_sensor_decorator.py for tasks to queue
[2026-04-21T19:24:36.164+0530] {logging_mixin.py:188} INFO - [2026-04-21T19:24:36.164+0530] {dagbag.py:545} INFO - Filling up the DagBag from /Library/Frameworks/Python.framework/Versions/3.10/lib/python3.10/site-packages/airflow/example_dags/example_sensor_decorator.py
[2026-04-21T19:24:36.185+0530] {processor.py:840} INFO - DAG(s) 'example_sensor_decorator' retrieved from /Library/Frameworks/Python.framework/Versions/3.10/lib/python3.10/site-packages/airflow/example_dags/example_sensor_decorator.py
[2026-04-21T19:24:36.251+0530] {logging_mixin.py:188} INFO - [2026-04-21T19:24:36.251+0530] {dag.py:3096} INFO - Sync 1 DAGs
[2026-04-21T19:24:36.255+0530] {logging_mixin.py:188} INFO - [2026-04-21T19:24:36.255+0530] {dag.py:3954} INFO - Setting next_dagrun for example_sensor_decorator to None, run_after=None
[2026-04-21T19:24:36.264+0530] {processor.py:183} INFO - Processing /Library/Frameworks/Python.framework/Versions/3.10/lib/python3.10/site-packages/airflow/example_dags/example_sensor_decorator.py took 0.103 seconds
[2026-04-21T21:56:10.121+0530] {processor.py:161} INFO - Started process (PID=67270) to work on /Library/Frameworks/Python.framework/Versions/3.10/lib/python3.10/site-packages/airflow/example_dags/example_sensor_decorator.py
[2026-04-21T21:56:10.121+0530] {processor.py:830} INFO - Processing file /Library/Frameworks/Python.framework/Versions/3.10/lib/python3.10/site-packages/airflow/example_dags/example_sensor_decorator.py for tasks to queue
[2026-04-21T21:56:10.122+0530] {logging_mixin.py:188} INFO - [2026-04-21T21:56:10.122+0530] {dagbag.py:545} INFO - Filling up the DagBag from /Library/Frameworks/Python.framework/Versions/3.10/lib/python3.10/site-packages/airflow/example_dags/example_sensor_decorator.py
[2026-04-21T21:56:10.133+0530] {processor.py:840} INFO - DAG(s) 'example_sensor_decorator' retrieved from /Library/Frameworks/Python.framework/Versions/3.10/lib/python3.10/site-packages/airflow/example_dags/example_sensor_decorator.py
[2026-04-21T21:56:10.171+0530] {logging_mixin.py:188} INFO - [2026-04-21T21:56:10.171+0530] {dag.py:3096} INFO - Sync 1 DAGs
[2026-04-21T21:56:10.174+0530] {logging_mixin.py:188} INFO - [2026-04-21T21:56:10.174+0530] {dag.py:3954} INFO - Setting next_dagrun for example_sensor_decorator to None, run_after=None
[2026-04-21T21:56:10.179+0530] {processor.py:183} INFO - Processing /Library/Frameworks/Python.framework/Versions/3.10/lib/python3.10/site-packages/airflow/example_dags/example_sensor_decorator.py took 0.059 seconds
[2026-04-22T01:53:56.844+0530] {processor.py:161} INFO - Started process (PID=67893) to work on /Library/Frameworks/Python.framework/Versions/3.10/lib/python3.10/site-packages/airflow/example_dags/example_sensor_decorator.py
[2026-04-22T01:53:56.845+0530] {processor.py:830} INFO - Processing file /Library/Frameworks/Python.framework/Versions/3.10/lib/python3.10/site-packages/airflow/example_dags/example_sensor_decorator.py for tasks to queue
[2026-04-22T01:53:56.845+0530] {logging_mixin.py:188} INFO - [2026-04-22T01:53:56.845+0530] {dagbag.py:545} INFO - Filling up the DagBag from /Library/Frameworks/Python.framework/Versions/3.10/lib/python3.10/site-packages/airflow/example_dags/example_sensor_decorator.py
[2026-04-22T01:53:56.858+0530] {processor.py:840} INFO - DAG(s) 'example_sensor_decorator' retrieved from /Library/Frameworks/Python.framework/Versions/3.10/lib/python3.10/site-packages/airflow/example_dags/example_sensor_decorator.py
[2026-04-22T01:53:56.899+0530] {logging_mixin.py:188} INFO - [2026-04-22T01:53:56.899+0530] {dag.py:3096} INFO - Sync 1 DAGs
[2026-04-22T01:53:56.902+0530] {logging_mixin.py:188} INFO - [2026-04-22T01:53:56.902+0530] {dag.py:3954} INFO - Setting next_dagrun for example_sensor_decorator to None, run_after=None
[2026-04-22T01:53:56.908+0530] {processor.py:183} INFO - Processing /Library/Frameworks/Python.framework/Versions/3.10/lib/python3.10/site-packages/airflow/example_dags/example_sensor_decorator.py took 0.065 seconds
[2026-04-22T03:16:26.838+0530] {processor.py:161} INFO - Started process (PID=68141) to work on /Library/Frameworks/Python.framework/Versions/3.10/lib/python3.10/site-packages/airflow/example_dags/example_sensor_decorator.py
[2026-04-22T03:16:26.839+0530] {processor.py:830} INFO - Processing file /Library/Frameworks/Python.framework/Versions/3.10/lib/python3.10/site-packages/airflow/example_dags/example_sensor_decorator.py for tasks to queue
[2026-04-22T03:16:26.839+0530] {logging_mixin.py:188} INFO - [2026-04-22T03:16:26.839+0530] {dagbag.py:545} INFO - Filling up the DagBag from /Library/Frameworks/Python.framework/Versions/3.10/lib/python3.10/site-packages/airflow/example_dags/example_sensor_decorator.py
[2026-04-22T03:16:26.851+0530] {processor.py:840} INFO - DAG(s) 'example_sensor_decorator' retrieved from /Library/Frameworks/Python.framework/Versions/3.10/lib/python3.10/site-packages/airflow/example_dags/example_sensor_decorator.py
[2026-04-22T03:16:26.886+0530] {logging_mixin.py:188} INFO - [2026-04-22T03:16:26.886+0530] {dag.py:3096} INFO - Sync 1 DAGs
[2026-04-22T03:16:26.889+0530] {logging_mixin.py:188} INFO - [2026-04-22T03:16:26.889+0530] {dag.py:3954} INFO - Setting next_dagrun for example_sensor_decorator to None, run_after=None
[2026-04-22T03:16:26.894+0530] {processor.py:183} INFO - Processing /Library/Frameworks/Python.framework/Versions/3.10/lib/python3.10/site-packages/airflow/example_dags/example_sensor_decorator.py took 0.057 seconds
