[2026-04-21T16:30:36.557+0530] {processor.py:161} INFO - Started process (PID=66096) to work on /Library/Frameworks/Python.framework/Versions/3.10/lib/python3.10/site-packages/airflow/example_dags/example_datasets.py
[2026-04-21T16:30:36.557+0530] {processor.py:830} INFO - Processing file /Library/Frameworks/Python.framework/Versions/3.10/lib/python3.10/site-packages/airflow/example_dags/example_datasets.py for tasks to queue
[2026-04-21T16:30:36.558+0530] {logging_mixin.py:188} INFO - [2026-04-21T16:30:36.558+0530] {dagbag.py:545} INFO - Filling up the DagBag from /Library/Frameworks/Python.framework/Versions/3.10/lib/python3.10/site-packages/airflow/example_dags/example_datasets.py
[2026-04-21T16:30:36.585+0530] {processor.py:840} INFO - DAG(s) 'dataset_consumes_1', 'dataset_produces_2', 'dataset_consumes_1_never_scheduled', 'consume_1_or_2_with_dataset_expressions', 'consume_1_or_both_2_and_3_with_dataset_expressions', 'dataset_produces_1', 'dataset_consumes_unknown_never_scheduled', 'dataset_consumes_1_and_2', 'consume_1_and_2_with_dataset_expressions', 'conditional_dataset_and_time_based_timetable' retrieved from /Library/Frameworks/Python.framework/Versions/3.10/lib/python3.10/site-packages/airflow/example_dags/example_datasets.py
[2026-04-21T16:30:36.655+0530] {logging_mixin.py:188} INFO - [2026-04-21T16:30:36.654+0530] {override.py:1829} INFO - Created Permission View: can read on DAG:dataset_consumes_1
[2026-04-21T16:30:36.658+0530] {logging_mixin.py:188} INFO - [2026-04-21T16:30:36.658+0530] {override.py:1829} INFO - Created Permission View: can edit on DAG:dataset_consumes_1
[2026-04-21T16:30:36.659+0530] {logging_mixin.py:188} INFO - [2026-04-21T16:30:36.659+0530] {override.py:1829} INFO - Created Permission View: can delete on DAG:dataset_consumes_1
[2026-04-21T16:30:36.663+0530] {logging_mixin.py:188} INFO - [2026-04-21T16:30:36.663+0530] {override.py:1829} INFO - Created Permission View: can read on DAG:dataset_produces_2
[2026-04-21T16:30:36.664+0530] {logging_mixin.py:188} INFO - [2026-04-21T16:30:36.664+0530] {override.py:1829} INFO - Created Permission View: can edit on DAG:dataset_produces_2
[2026-04-21T16:30:36.666+0530] {logging_mixin.py:188} INFO - [2026-04-21T16:30:36.665+0530] {override.py:1829} INFO - Created Permission View: can delete on DAG:dataset_produces_2
[2026-04-21T16:30:36.669+0530] {logging_mixin.py:188} INFO - [2026-04-21T16:30:36.668+0530] {override.py:1829} INFO - Created Permission View: can read on DAG:dataset_consumes_1_never_scheduled
[2026-04-21T16:30:36.670+0530] {logging_mixin.py:188} INFO - [2026-04-21T16:30:36.670+0530] {override.py:1829} INFO - Created Permission View: can edit on DAG:dataset_consumes_1_never_scheduled
[2026-04-21T16:30:36.672+0530] {logging_mixin.py:188} INFO - [2026-04-21T16:30:36.672+0530] {override.py:1829} INFO - Created Permission View: can delete on DAG:dataset_consumes_1_never_scheduled
[2026-04-21T16:30:36.675+0530] {logging_mixin.py:188} INFO - [2026-04-21T16:30:36.675+0530] {override.py:1829} INFO - Created Permission View: can read on DAG:consume_1_or_2_with_dataset_expressions
[2026-04-21T16:30:36.677+0530] {logging_mixin.py:188} INFO - [2026-04-21T16:30:36.677+0530] {override.py:1829} INFO - Created Permission View: can edit on DAG:consume_1_or_2_with_dataset_expressions
[2026-04-21T16:30:36.681+0530] {logging_mixin.py:188} INFO - [2026-04-21T16:30:36.681+0530] {override.py:1829} INFO - Created Permission View: can delete on DAG:consume_1_or_2_with_dataset_expressions
[2026-04-21T16:30:36.684+0530] {logging_mixin.py:188} INFO - [2026-04-21T16:30:36.684+0530] {override.py:1829} INFO - Created Permission View: can read on DAG:consume_1_or_both_2_and_3_with_dataset_expressions
[2026-04-21T16:30:36.685+0530] {logging_mixin.py:188} INFO - [2026-04-21T16:30:36.685+0530] {override.py:1829} INFO - Created Permission View: can edit on DAG:consume_1_or_both_2_and_3_with_dataset_expressions
[2026-04-21T16:30:36.687+0530] {logging_mixin.py:188} INFO - [2026-04-21T16:30:36.687+0530] {override.py:1829} INFO - Created Permission View: can delete on DAG:consume_1_or_both_2_and_3_with_dataset_expressions
[2026-04-21T16:30:36.690+0530] {logging_mixin.py:188} INFO - [2026-04-21T16:30:36.690+0530] {override.py:1829} INFO - Created Permission View: can read on DAG:dataset_produces_1
[2026-04-21T16:30:36.691+0530] {logging_mixin.py:188} INFO - [2026-04-21T16:30:36.691+0530] {override.py:1829} INFO - Created Permission View: can edit on DAG:dataset_produces_1
[2026-04-21T16:30:36.693+0530] {logging_mixin.py:188} INFO - [2026-04-21T16:30:36.693+0530] {override.py:1829} INFO - Created Permission View: can delete on DAG:dataset_produces_1
[2026-04-21T16:30:36.696+0530] {logging_mixin.py:188} INFO - [2026-04-21T16:30:36.696+0530] {override.py:1829} INFO - Created Permission View: can read on DAG:dataset_consumes_unknown_never_scheduled
[2026-04-21T16:30:36.698+0530] {logging_mixin.py:188} INFO - [2026-04-21T16:30:36.698+0530] {override.py:1829} INFO - Created Permission View: can edit on DAG:dataset_consumes_unknown_never_scheduled
[2026-04-21T16:30:36.699+0530] {logging_mixin.py:188} INFO - [2026-04-21T16:30:36.699+0530] {override.py:1829} INFO - Created Permission View: can delete on DAG:dataset_consumes_unknown_never_scheduled
[2026-04-21T16:30:36.703+0530] {logging_mixin.py:188} INFO - [2026-04-21T16:30:36.703+0530] {override.py:1829} INFO - Created Permission View: can read on DAG:dataset_consumes_1_and_2
[2026-04-21T16:30:36.706+0530] {logging_mixin.py:188} INFO - [2026-04-21T16:30:36.706+0530] {override.py:1829} INFO - Created Permission View: can edit on DAG:dataset_consumes_1_and_2
[2026-04-21T16:30:36.708+0530] {logging_mixin.py:188} INFO - [2026-04-21T16:30:36.708+0530] {override.py:1829} INFO - Created Permission View: can delete on DAG:dataset_consumes_1_and_2
[2026-04-21T16:30:36.712+0530] {logging_mixin.py:188} INFO - [2026-04-21T16:30:36.711+0530] {override.py:1829} INFO - Created Permission View: can read on DAG:consume_1_and_2_with_dataset_expressions
[2026-04-21T16:30:36.713+0530] {logging_mixin.py:188} INFO - [2026-04-21T16:30:36.713+0530] {override.py:1829} INFO - Created Permission View: can edit on DAG:consume_1_and_2_with_dataset_expressions
[2026-04-21T16:30:36.715+0530] {logging_mixin.py:188} INFO - [2026-04-21T16:30:36.715+0530] {override.py:1829} INFO - Created Permission View: can delete on DAG:consume_1_and_2_with_dataset_expressions
[2026-04-21T16:30:36.718+0530] {logging_mixin.py:188} INFO - [2026-04-21T16:30:36.718+0530] {override.py:1829} INFO - Created Permission View: can read on DAG:conditional_dataset_and_time_based_timetable
[2026-04-21T16:30:36.719+0530] {logging_mixin.py:188} INFO - [2026-04-21T16:30:36.719+0530] {override.py:1829} INFO - Created Permission View: can edit on DAG:conditional_dataset_and_time_based_timetable
[2026-04-21T16:30:36.721+0530] {logging_mixin.py:188} INFO - [2026-04-21T16:30:36.721+0530] {override.py:1829} INFO - Created Permission View: can delete on DAG:conditional_dataset_and_time_based_timetable
[2026-04-21T16:30:36.721+0530] {logging_mixin.py:188} INFO - [2026-04-21T16:30:36.721+0530] {dag.py:3096} INFO - Sync 10 DAGs
[2026-04-21T16:30:36.724+0530] {logging_mixin.py:188} INFO - [2026-04-21T16:30:36.724+0530] {dag.py:3118} INFO - Creating ORM DAG for dataset_consumes_1
[2026-04-21T16:30:36.724+0530] {logging_mixin.py:188} INFO - [2026-04-21T16:30:36.724+0530] {dag.py:3118} INFO - Creating ORM DAG for dataset_consumes_1_never_scheduled
[2026-04-21T16:30:36.724+0530] {logging_mixin.py:188} INFO - [2026-04-21T16:30:36.724+0530] {dag.py:3118} INFO - Creating ORM DAG for dataset_consumes_1_and_2
[2026-04-21T16:30:36.724+0530] {logging_mixin.py:188} INFO - [2026-04-21T16:30:36.724+0530] {dag.py:3118} INFO - Creating ORM DAG for consume_1_or_2_with_dataset_expressions
[2026-04-21T16:30:36.725+0530] {logging_mixin.py:188} INFO - [2026-04-21T16:30:36.725+0530] {dag.py:3118} INFO - Creating ORM DAG for dataset_consumes_unknown_never_scheduled
[2026-04-21T16:30:36.725+0530] {logging_mixin.py:188} INFO - [2026-04-21T16:30:36.725+0530] {dag.py:3118} INFO - Creating ORM DAG for consume_1_or_both_2_and_3_with_dataset_expressions
[2026-04-21T16:30:36.725+0530] {logging_mixin.py:188} INFO - [2026-04-21T16:30:36.725+0530] {dag.py:3118} INFO - Creating ORM DAG for dataset_produces_1
[2026-04-21T16:30:36.725+0530] {logging_mixin.py:188} INFO - [2026-04-21T16:30:36.725+0530] {dag.py:3118} INFO - Creating ORM DAG for conditional_dataset_and_time_based_timetable
[2026-04-21T16:30:36.725+0530] {logging_mixin.py:188} INFO - [2026-04-21T16:30:36.725+0530] {dag.py:3118} INFO - Creating ORM DAG for consume_1_and_2_with_dataset_expressions
[2026-04-21T16:30:36.725+0530] {logging_mixin.py:188} INFO - [2026-04-21T16:30:36.725+0530] {dag.py:3118} INFO - Creating ORM DAG for dataset_produces_2
[2026-04-21T16:30:36.728+0530] {logging_mixin.py:188} INFO - [2026-04-21T16:30:36.728+0530] {dag.py:3954} INFO - Setting next_dagrun for conditional_dataset_and_time_based_timetable to 2026-04-15 01:00:00+00:00, run_after=2026-04-15 01:00:00+00:00
[2026-04-21T16:30:36.728+0530] {logging_mixin.py:188} INFO - [2026-04-21T16:30:36.728+0530] {dag.py:3954} INFO - Setting next_dagrun for consume_1_and_2_with_dataset_expressions to None, run_after=None
[2026-04-21T16:30:36.728+0530] {logging_mixin.py:188} INFO - [2026-04-21T16:30:36.728+0530] {dag.py:3954} INFO - Setting next_dagrun for consume_1_or_2_with_dataset_expressions to None, run_after=None
[2026-04-21T16:30:36.728+0530] {logging_mixin.py:188} INFO - [2026-04-21T16:30:36.728+0530] {dag.py:3954} INFO - Setting next_dagrun for consume_1_or_both_2_and_3_with_dataset_expressions to None, run_after=None
[2026-04-21T16:30:36.728+0530] {logging_mixin.py:188} INFO - [2026-04-21T16:30:36.728+0530] {dag.py:3954} INFO - Setting next_dagrun for dataset_consumes_1 to None, run_after=None
[2026-04-21T16:30:36.728+0530] {logging_mixin.py:188} INFO - [2026-04-21T16:30:36.728+0530] {dag.py:3954} INFO - Setting next_dagrun for dataset_consumes_1_and_2 to None, run_after=None
[2026-04-21T16:30:36.729+0530] {logging_mixin.py:188} INFO - [2026-04-21T16:30:36.729+0530] {dag.py:3954} INFO - Setting next_dagrun for dataset_consumes_1_never_scheduled to None, run_after=None
[2026-04-21T16:30:36.729+0530] {logging_mixin.py:188} INFO - [2026-04-21T16:30:36.729+0530] {dag.py:3954} INFO - Setting next_dagrun for dataset_consumes_unknown_never_scheduled to None, run_after=None
[2026-04-21T16:30:36.729+0530] {logging_mixin.py:188} INFO - [2026-04-21T16:30:36.729+0530] {dag.py:3954} INFO - Setting next_dagrun for dataset_produces_1 to 2026-04-20 00:00:00+00:00, run_after=2026-04-21 00:00:00+00:00
[2026-04-21T16:30:36.729+0530] {logging_mixin.py:188} INFO - [2026-04-21T16:30:36.729+0530] {dag.py:3954} INFO - Setting next_dagrun for dataset_produces_2 to None, run_after=None
[2026-04-21T16:30:36.742+0530] {processor.py:183} INFO - Processing /Library/Frameworks/Python.framework/Versions/3.10/lib/python3.10/site-packages/airflow/example_dags/example_datasets.py took 0.186 seconds
[2026-04-21T19:32:49.704+0530] {processor.py:161} INFO - Started process (PID=66888) to work on /Library/Frameworks/Python.framework/Versions/3.10/lib/python3.10/site-packages/airflow/example_dags/example_datasets.py
[2026-04-21T19:32:49.704+0530] {processor.py:830} INFO - Processing file /Library/Frameworks/Python.framework/Versions/3.10/lib/python3.10/site-packages/airflow/example_dags/example_datasets.py for tasks to queue
[2026-04-21T19:32:49.705+0530] {logging_mixin.py:188} INFO - [2026-04-21T19:32:49.705+0530] {dagbag.py:545} INFO - Filling up the DagBag from /Library/Frameworks/Python.framework/Versions/3.10/lib/python3.10/site-packages/airflow/example_dags/example_datasets.py
[2026-04-21T19:32:49.739+0530] {processor.py:840} INFO - DAG(s) 'dataset_produces_2', 'dataset_consumes_1_never_scheduled', 'conditional_dataset_and_time_based_timetable', 'dataset_consumes_1_and_2', 'consume_1_and_2_with_dataset_expressions', 'consume_1_or_2_with_dataset_expressions', 'consume_1_or_both_2_and_3_with_dataset_expressions', 'dataset_consumes_1', 'dataset_produces_1', 'dataset_consumes_unknown_never_scheduled' retrieved from /Library/Frameworks/Python.framework/Versions/3.10/lib/python3.10/site-packages/airflow/example_dags/example_datasets.py
[2026-04-21T19:32:49.794+0530] {logging_mixin.py:188} INFO - [2026-04-21T19:32:49.794+0530] {dag.py:3096} INFO - Sync 10 DAGs
[2026-04-21T19:32:49.802+0530] {logging_mixin.py:188} INFO - [2026-04-21T19:32:49.802+0530] {dag.py:3954} INFO - Setting next_dagrun for conditional_dataset_and_time_based_timetable to 2026-04-15 01:00:00+00:00, run_after=2026-04-15 01:00:00+00:00
[2026-04-21T19:32:49.804+0530] {logging_mixin.py:188} INFO - [2026-04-21T19:32:49.803+0530] {dag.py:3954} INFO - Setting next_dagrun for consume_1_and_2_with_dataset_expressions to None, run_after=None
[2026-04-21T19:32:49.804+0530] {logging_mixin.py:188} INFO - [2026-04-21T19:32:49.804+0530] {dag.py:3954} INFO - Setting next_dagrun for consume_1_or_2_with_dataset_expressions to None, run_after=None
[2026-04-21T19:32:49.804+0530] {logging_mixin.py:188} INFO - [2026-04-21T19:32:49.804+0530] {dag.py:3954} INFO - Setting next_dagrun for consume_1_or_both_2_and_3_with_dataset_expressions to None, run_after=None
[2026-04-21T19:32:49.804+0530] {logging_mixin.py:188} INFO - [2026-04-21T19:32:49.804+0530] {dag.py:3954} INFO - Setting next_dagrun for dataset_consumes_1 to None, run_after=None
[2026-04-21T19:32:49.805+0530] {logging_mixin.py:188} INFO - [2026-04-21T19:32:49.805+0530] {dag.py:3954} INFO - Setting next_dagrun for dataset_consumes_1_and_2 to None, run_after=None
[2026-04-21T19:32:49.805+0530] {logging_mixin.py:188} INFO - [2026-04-21T19:32:49.805+0530] {dag.py:3954} INFO - Setting next_dagrun for dataset_consumes_1_never_scheduled to None, run_after=None
[2026-04-21T19:32:49.805+0530] {logging_mixin.py:188} INFO - [2026-04-21T19:32:49.805+0530] {dag.py:3954} INFO - Setting next_dagrun for dataset_consumes_unknown_never_scheduled to None, run_after=None
[2026-04-21T19:32:49.806+0530] {logging_mixin.py:188} INFO - [2026-04-21T19:32:49.806+0530] {dag.py:3954} INFO - Setting next_dagrun for dataset_produces_1 to 2026-04-20 00:00:00+00:00, run_after=2026-04-21 00:00:00+00:00
[2026-04-21T19:32:49.806+0530] {logging_mixin.py:188} INFO - [2026-04-21T19:32:49.806+0530] {dag.py:3954} INFO - Setting next_dagrun for dataset_produces_2 to None, run_after=None
[2026-04-21T19:32:49.817+0530] {processor.py:183} INFO - Processing /Library/Frameworks/Python.framework/Versions/3.10/lib/python3.10/site-packages/airflow/example_dags/example_datasets.py took 0.114 seconds
[2026-04-21T23:16:23.025+0530] {processor.py:161} INFO - Started process (PID=67445) to work on /Library/Frameworks/Python.framework/Versions/3.10/lib/python3.10/site-packages/airflow/example_dags/example_datasets.py
[2026-04-21T23:16:23.026+0530] {processor.py:830} INFO - Processing file /Library/Frameworks/Python.framework/Versions/3.10/lib/python3.10/site-packages/airflow/example_dags/example_datasets.py for tasks to queue
[2026-04-21T23:16:23.026+0530] {logging_mixin.py:188} INFO - [2026-04-21T23:16:23.026+0530] {dagbag.py:545} INFO - Filling up the DagBag from /Library/Frameworks/Python.framework/Versions/3.10/lib/python3.10/site-packages/airflow/example_dags/example_datasets.py
[2026-04-21T23:16:23.053+0530] {processor.py:840} INFO - DAG(s) 'consume_1_or_both_2_and_3_with_dataset_expressions', 'consume_1_and_2_with_dataset_expressions', 'dataset_produces_1', 'consume_1_or_2_with_dataset_expressions', 'dataset_consumes_unknown_never_scheduled', 'dataset_consumes_1_and_2', 'dataset_produces_2', 'conditional_dataset_and_time_based_timetable', 'dataset_consumes_1_never_scheduled', 'dataset_consumes_1' retrieved from /Library/Frameworks/Python.framework/Versions/3.10/lib/python3.10/site-packages/airflow/example_dags/example_datasets.py
[2026-04-21T23:16:23.090+0530] {logging_mixin.py:188} INFO - [2026-04-21T23:16:23.090+0530] {dag.py:3096} INFO - Sync 10 DAGs
[2026-04-21T23:16:23.095+0530] {logging_mixin.py:188} INFO - [2026-04-21T23:16:23.095+0530] {dag.py:3954} INFO - Setting next_dagrun for conditional_dataset_and_time_based_timetable to 2026-04-15 01:00:00+00:00, run_after=2026-04-15 01:00:00+00:00
[2026-04-21T23:16:23.096+0530] {logging_mixin.py:188} INFO - [2026-04-21T23:16:23.096+0530] {dag.py:3954} INFO - Setting next_dagrun for consume_1_and_2_with_dataset_expressions to None, run_after=None
[2026-04-21T23:16:23.096+0530] {logging_mixin.py:188} INFO - [2026-04-21T23:16:23.096+0530] {dag.py:3954} INFO - Setting next_dagrun for consume_1_or_2_with_dataset_expressions to None, run_after=None
[2026-04-21T23:16:23.097+0530] {logging_mixin.py:188} INFO - [2026-04-21T23:16:23.097+0530] {dag.py:3954} INFO - Setting next_dagrun for consume_1_or_both_2_and_3_with_dataset_expressions to None, run_after=None
[2026-04-21T23:16:23.097+0530] {logging_mixin.py:188} INFO - [2026-04-21T23:16:23.097+0530] {dag.py:3954} INFO - Setting next_dagrun for dataset_consumes_1 to None, run_after=None
[2026-04-21T23:16:23.097+0530] {logging_mixin.py:188} INFO - [2026-04-21T23:16:23.097+0530] {dag.py:3954} INFO - Setting next_dagrun for dataset_consumes_1_and_2 to None, run_after=None
[2026-04-21T23:16:23.097+0530] {logging_mixin.py:188} INFO - [2026-04-21T23:16:23.097+0530] {dag.py:3954} INFO - Setting next_dagrun for dataset_consumes_1_never_scheduled to None, run_after=None
[2026-04-21T23:16:23.098+0530] {logging_mixin.py:188} INFO - [2026-04-21T23:16:23.098+0530] {dag.py:3954} INFO - Setting next_dagrun for dataset_consumes_unknown_never_scheduled to None, run_after=None
[2026-04-21T23:16:23.098+0530] {logging_mixin.py:188} INFO - [2026-04-21T23:16:23.098+0530] {dag.py:3954} INFO - Setting next_dagrun for dataset_produces_1 to 2026-04-20 00:00:00+00:00, run_after=2026-04-21 00:00:00+00:00
[2026-04-21T23:16:23.098+0530] {logging_mixin.py:188} INFO - [2026-04-21T23:16:23.098+0530] {dag.py:3954} INFO - Setting next_dagrun for dataset_produces_2 to None, run_after=None
[2026-04-21T23:16:23.105+0530] {processor.py:183} INFO - Processing /Library/Frameworks/Python.framework/Versions/3.10/lib/python3.10/site-packages/airflow/example_dags/example_datasets.py took 0.081 seconds
[2026-04-22T01:55:01.174+0530] {processor.py:161} INFO - Started process (PID=67920) to work on /Library/Frameworks/Python.framework/Versions/3.10/lib/python3.10/site-packages/airflow/example_dags/example_datasets.py
[2026-04-22T01:55:01.174+0530] {processor.py:830} INFO - Processing file /Library/Frameworks/Python.framework/Versions/3.10/lib/python3.10/site-packages/airflow/example_dags/example_datasets.py for tasks to queue
[2026-04-22T01:55:01.175+0530] {logging_mixin.py:188} INFO - [2026-04-22T01:55:01.175+0530] {dagbag.py:545} INFO - Filling up the DagBag from /Library/Frameworks/Python.framework/Versions/3.10/lib/python3.10/site-packages/airflow/example_dags/example_datasets.py
[2026-04-22T01:55:01.209+0530] {processor.py:840} INFO - DAG(s) 'consume_1_or_both_2_and_3_with_dataset_expressions', 'conditional_dataset_and_time_based_timetable', 'dataset_consumes_1_never_scheduled', 'dataset_consumes_1_and_2', 'dataset_consumes_unknown_never_scheduled', 'consume_1_and_2_with_dataset_expressions', 'dataset_produces_2', 'dataset_consumes_1', 'dataset_produces_1', 'consume_1_or_2_with_dataset_expressions' retrieved from /Library/Frameworks/Python.framework/Versions/3.10/lib/python3.10/site-packages/airflow/example_dags/example_datasets.py
[2026-04-22T01:55:01.262+0530] {logging_mixin.py:188} INFO - [2026-04-22T01:55:01.262+0530] {dag.py:3096} INFO - Sync 10 DAGs
[2026-04-22T01:55:01.270+0530] {logging_mixin.py:188} INFO - [2026-04-22T01:55:01.270+0530] {dag.py:3954} INFO - Setting next_dagrun for conditional_dataset_and_time_based_timetable to 2026-04-15 01:00:00+00:00, run_after=2026-04-15 01:00:00+00:00
[2026-04-22T01:55:01.271+0530] {logging_mixin.py:188} INFO - [2026-04-22T01:55:01.271+0530] {dag.py:3954} INFO - Setting next_dagrun for consume_1_and_2_with_dataset_expressions to None, run_after=None
[2026-04-22T01:55:01.271+0530] {logging_mixin.py:188} INFO - [2026-04-22T01:55:01.271+0530] {dag.py:3954} INFO - Setting next_dagrun for consume_1_or_2_with_dataset_expressions to None, run_after=None
[2026-04-22T01:55:01.272+0530] {logging_mixin.py:188} INFO - [2026-04-22T01:55:01.272+0530] {dag.py:3954} INFO - Setting next_dagrun for consume_1_or_both_2_and_3_with_dataset_expressions to None, run_after=None
[2026-04-22T01:55:01.272+0530] {logging_mixin.py:188} INFO - [2026-04-22T01:55:01.272+0530] {dag.py:3954} INFO - Setting next_dagrun for dataset_consumes_1 to None, run_after=None
[2026-04-22T01:55:01.272+0530] {logging_mixin.py:188} INFO - [2026-04-22T01:55:01.272+0530] {dag.py:3954} INFO - Setting next_dagrun for dataset_consumes_1_and_2 to None, run_after=None
[2026-04-22T01:55:01.272+0530] {logging_mixin.py:188} INFO - [2026-04-22T01:55:01.272+0530] {dag.py:3954} INFO - Setting next_dagrun for dataset_consumes_1_never_scheduled to None, run_after=None
[2026-04-22T01:55:01.273+0530] {logging_mixin.py:188} INFO - [2026-04-22T01:55:01.273+0530] {dag.py:3954} INFO - Setting next_dagrun for dataset_consumes_unknown_never_scheduled to None, run_after=None
[2026-04-22T01:55:01.274+0530] {logging_mixin.py:188} INFO - [2026-04-22T01:55:01.274+0530] {dag.py:3954} INFO - Setting next_dagrun for dataset_produces_1 to 2026-04-20 00:00:00+00:00, run_after=2026-04-21 00:00:00+00:00
[2026-04-22T01:55:01.274+0530] {logging_mixin.py:188} INFO - [2026-04-22T01:55:01.274+0530] {dag.py:3954} INFO - Setting next_dagrun for dataset_produces_2 to None, run_after=None
[2026-04-22T01:55:01.285+0530] {processor.py:183} INFO - Processing /Library/Frameworks/Python.framework/Versions/3.10/lib/python3.10/site-packages/airflow/example_dags/example_datasets.py took 0.112 seconds
