[2026-04-21T16:30:14.203+0530] {processor.py:161} INFO - Started process (PID=66049) to work on /Library/Frameworks/Python.framework/Versions/3.10/lib/python3.10/site-packages/airflow/example_dags/example_subdag_operator.py
[2026-04-21T16:30:14.203+0530] {processor.py:830} INFO - Processing file /Library/Frameworks/Python.framework/Versions/3.10/lib/python3.10/site-packages/airflow/example_dags/example_subdag_operator.py for tasks to queue
[2026-04-21T16:30:14.203+0530] {logging_mixin.py:188} INFO - [2026-04-21T16:30:14.203+0530] {dagbag.py:545} INFO - Filling up the DagBag from /Library/Frameworks/Python.framework/Versions/3.10/lib/python3.10/site-packages/airflow/example_dags/example_subdag_operator.py
[2026-04-21T16:30:14.231+0530] {processor.py:840} INFO - DAG(s) 'example_subdag_operator.section-1', 'example_subdag_operator.section-2', 'example_subdag_operator' retrieved from /Library/Frameworks/Python.framework/Versions/3.10/lib/python3.10/site-packages/airflow/example_dags/example_subdag_operator.py
[2026-04-21T16:30:14.276+0530] {logging_mixin.py:188} INFO - [2026-04-21T16:30:14.276+0530] {override.py:1829} INFO - Created Permission View: can edit on DAG:example_subdag_operator
[2026-04-21T16:30:14.278+0530] {logging_mixin.py:188} INFO - [2026-04-21T16:30:14.278+0530] {override.py:1829} INFO - Created Permission View: can delete on DAG:example_subdag_operator
[2026-04-21T16:30:14.280+0530] {logging_mixin.py:188} INFO - [2026-04-21T16:30:14.279+0530] {override.py:1829} INFO - Created Permission View: can read on DAG:example_subdag_operator
[2026-04-21T16:30:14.280+0530] {logging_mixin.py:188} INFO - [2026-04-21T16:30:14.280+0530] {dag.py:3096} INFO - Sync 3 DAGs
[2026-04-21T16:30:14.283+0530] {logging_mixin.py:188} INFO - [2026-04-21T16:30:14.282+0530] {dag.py:3118} INFO - Creating ORM DAG for example_subdag_operator
[2026-04-21T16:30:14.283+0530] {logging_mixin.py:188} INFO - [2026-04-21T16:30:14.283+0530] {dag.py:3118} INFO - Creating ORM DAG for example_subdag_operator.section-1
[2026-04-21T16:30:14.283+0530] {logging_mixin.py:188} INFO - [2026-04-21T16:30:14.283+0530] {dag.py:3118} INFO - Creating ORM DAG for example_subdag_operator.section-2
[2026-04-21T16:30:14.285+0530] {logging_mixin.py:188} INFO - [2026-04-21T16:30:14.285+0530] {dag.py:3954} INFO - Setting next_dagrun for example_subdag_operator to 2022-01-01 00:00:00+00:00, run_after=2022-01-01 00:00:00+00:00
[2026-04-21T16:30:14.285+0530] {logging_mixin.py:188} INFO - [2026-04-21T16:30:14.285+0530] {dag.py:3954} INFO - Setting next_dagrun for example_subdag_operator.section-1 to None, run_after=None
[2026-04-21T16:30:14.285+0530] {logging_mixin.py:188} INFO - [2026-04-21T16:30:14.285+0530] {dag.py:3954} INFO - Setting next_dagrun for example_subdag_operator.section-2 to None, run_after=None
[2026-04-21T16:30:14.287+0530] {logging_mixin.py:188} INFO - [2026-04-21T16:30:14.287+0530] {dag.py:3096} INFO - Sync 2 DAGs
[2026-04-21T16:30:14.288+0530] {logging_mixin.py:188} INFO - [2026-04-21T16:30:14.288+0530] {dag.py:3954} INFO - Setting next_dagrun for example_subdag_operator.section-1 to None, run_after=None
[2026-04-21T16:30:14.288+0530] {logging_mixin.py:188} INFO - [2026-04-21T16:30:14.288+0530] {dag.py:3954} INFO - Setting next_dagrun for example_subdag_operator.section-2 to None, run_after=None
[2026-04-21T16:30:14.292+0530] {processor.py:183} INFO - Processing /Library/Frameworks/Python.framework/Versions/3.10/lib/python3.10/site-packages/airflow/example_dags/example_subdag_operator.py took 0.090 seconds
[2026-04-21T19:23:24.169+0530] {processor.py:161} INFO - Started process (PID=66824) to work on /Library/Frameworks/Python.framework/Versions/3.10/lib/python3.10/site-packages/airflow/example_dags/example_subdag_operator.py
[2026-04-21T19:23:24.170+0530] {processor.py:830} INFO - Processing file /Library/Frameworks/Python.framework/Versions/3.10/lib/python3.10/site-packages/airflow/example_dags/example_subdag_operator.py for tasks to queue
[2026-04-21T19:23:24.170+0530] {logging_mixin.py:188} INFO - [2026-04-21T19:23:24.170+0530] {dagbag.py:545} INFO - Filling up the DagBag from /Library/Frameworks/Python.framework/Versions/3.10/lib/python3.10/site-packages/airflow/example_dags/example_subdag_operator.py
[2026-04-21T19:23:24.196+0530] {processor.py:840} INFO - DAG(s) 'example_subdag_operator.section-1', 'example_subdag_operator.section-2', 'example_subdag_operator' retrieved from /Library/Frameworks/Python.framework/Versions/3.10/lib/python3.10/site-packages/airflow/example_dags/example_subdag_operator.py
[2026-04-21T19:23:24.213+0530] {logging_mixin.py:188} INFO - [2026-04-21T19:23:24.212+0530] {dag.py:3096} INFO - Sync 3 DAGs
[2026-04-21T19:23:24.217+0530] {logging_mixin.py:188} INFO - [2026-04-21T19:23:24.217+0530] {dag.py:3954} INFO - Setting next_dagrun for example_subdag_operator to 2022-01-01 00:00:00+00:00, run_after=2022-01-01 00:00:00+00:00
[2026-04-21T19:23:24.218+0530] {logging_mixin.py:188} INFO - [2026-04-21T19:23:24.218+0530] {dag.py:3954} INFO - Setting next_dagrun for example_subdag_operator.section-1 to None, run_after=None
[2026-04-21T19:23:24.218+0530] {logging_mixin.py:188} INFO - [2026-04-21T19:23:24.218+0530] {dag.py:3954} INFO - Setting next_dagrun for example_subdag_operator.section-2 to None, run_after=None
[2026-04-21T19:23:24.220+0530] {logging_mixin.py:188} INFO - [2026-04-21T19:23:24.220+0530] {dag.py:3096} INFO - Sync 2 DAGs
[2026-04-21T19:23:24.221+0530] {logging_mixin.py:188} INFO - [2026-04-21T19:23:24.221+0530] {dag.py:3954} INFO - Setting next_dagrun for example_subdag_operator.section-1 to None, run_after=None
[2026-04-21T19:23:24.221+0530] {logging_mixin.py:188} INFO - [2026-04-21T19:23:24.221+0530] {dag.py:3954} INFO - Setting next_dagrun for example_subdag_operator.section-2 to None, run_after=None
[2026-04-21T19:23:24.224+0530] {processor.py:183} INFO - Processing /Library/Frameworks/Python.framework/Versions/3.10/lib/python3.10/site-packages/airflow/example_dags/example_subdag_operator.py took 0.056 seconds
[2026-04-21T21:55:37.798+0530] {processor.py:161} INFO - Started process (PID=67258) to work on /Library/Frameworks/Python.framework/Versions/3.10/lib/python3.10/site-packages/airflow/example_dags/example_subdag_operator.py
[2026-04-21T21:55:37.799+0530] {processor.py:830} INFO - Processing file /Library/Frameworks/Python.framework/Versions/3.10/lib/python3.10/site-packages/airflow/example_dags/example_subdag_operator.py for tasks to queue
[2026-04-21T21:55:37.799+0530] {logging_mixin.py:188} INFO - [2026-04-21T21:55:37.799+0530] {dagbag.py:545} INFO - Filling up the DagBag from /Library/Frameworks/Python.framework/Versions/3.10/lib/python3.10/site-packages/airflow/example_dags/example_subdag_operator.py
[2026-04-21T21:55:37.827+0530] {processor.py:840} INFO - DAG(s) 'example_subdag_operator.section-1', 'example_subdag_operator.section-2', 'example_subdag_operator' retrieved from /Library/Frameworks/Python.framework/Versions/3.10/lib/python3.10/site-packages/airflow/example_dags/example_subdag_operator.py
[2026-04-21T21:55:37.844+0530] {logging_mixin.py:188} INFO - [2026-04-21T21:55:37.844+0530] {dag.py:3096} INFO - Sync 3 DAGs
[2026-04-21T21:55:37.848+0530] {logging_mixin.py:188} INFO - [2026-04-21T21:55:37.848+0530] {dag.py:3954} INFO - Setting next_dagrun for example_subdag_operator to 2022-01-01 00:00:00+00:00, run_after=2022-01-01 00:00:00+00:00
[2026-04-21T21:55:37.849+0530] {logging_mixin.py:188} INFO - [2026-04-21T21:55:37.849+0530] {dag.py:3954} INFO - Setting next_dagrun for example_subdag_operator.section-1 to None, run_after=None
[2026-04-21T21:55:37.849+0530] {logging_mixin.py:188} INFO - [2026-04-21T21:55:37.849+0530] {dag.py:3954} INFO - Setting next_dagrun for example_subdag_operator.section-2 to None, run_after=None
[2026-04-21T21:55:37.851+0530] {logging_mixin.py:188} INFO - [2026-04-21T21:55:37.851+0530] {dag.py:3096} INFO - Sync 2 DAGs
[2026-04-21T21:55:37.852+0530] {logging_mixin.py:188} INFO - [2026-04-21T21:55:37.852+0530] {dag.py:3954} INFO - Setting next_dagrun for example_subdag_operator.section-1 to None, run_after=None
[2026-04-21T21:55:37.852+0530] {logging_mixin.py:188} INFO - [2026-04-21T21:55:37.852+0530] {dag.py:3954} INFO - Setting next_dagrun for example_subdag_operator.section-2 to None, run_after=None
[2026-04-21T21:55:37.856+0530] {processor.py:183} INFO - Processing /Library/Frameworks/Python.framework/Versions/3.10/lib/python3.10/site-packages/airflow/example_dags/example_subdag_operator.py took 0.059 seconds
[2026-04-22T00:19:09.497+0530] {processor.py:161} INFO - Started process (PID=67643) to work on /Library/Frameworks/Python.framework/Versions/3.10/lib/python3.10/site-packages/airflow/example_dags/example_subdag_operator.py
[2026-04-22T00:19:09.497+0530] {processor.py:830} INFO - Processing file /Library/Frameworks/Python.framework/Versions/3.10/lib/python3.10/site-packages/airflow/example_dags/example_subdag_operator.py for tasks to queue
[2026-04-22T00:19:09.498+0530] {logging_mixin.py:188} INFO - [2026-04-22T00:19:09.498+0530] {dagbag.py:545} INFO - Filling up the DagBag from /Library/Frameworks/Python.framework/Versions/3.10/lib/python3.10/site-packages/airflow/example_dags/example_subdag_operator.py
[2026-04-22T00:19:09.529+0530] {processor.py:840} INFO - DAG(s) 'example_subdag_operator.section-1', 'example_subdag_operator.section-2', 'example_subdag_operator' retrieved from /Library/Frameworks/Python.framework/Versions/3.10/lib/python3.10/site-packages/airflow/example_dags/example_subdag_operator.py
[2026-04-22T00:19:09.552+0530] {logging_mixin.py:188} INFO - [2026-04-22T00:19:09.552+0530] {dag.py:3096} INFO - Sync 3 DAGs
[2026-04-22T00:19:09.557+0530] {logging_mixin.py:188} INFO - [2026-04-22T00:19:09.557+0530] {dag.py:3954} INFO - Setting next_dagrun for example_subdag_operator to 2022-01-01 00:00:00+00:00, run_after=2022-01-01 00:00:00+00:00
[2026-04-22T00:19:09.558+0530] {logging_mixin.py:188} INFO - [2026-04-22T00:19:09.558+0530] {dag.py:3954} INFO - Setting next_dagrun for example_subdag_operator.section-1 to None, run_after=None
[2026-04-22T00:19:09.558+0530] {logging_mixin.py:188} INFO - [2026-04-22T00:19:09.558+0530] {dag.py:3954} INFO - Setting next_dagrun for example_subdag_operator.section-2 to None, run_after=None
[2026-04-22T00:19:09.561+0530] {logging_mixin.py:188} INFO - [2026-04-22T00:19:09.561+0530] {dag.py:3096} INFO - Sync 2 DAGs
[2026-04-22T00:19:09.562+0530] {logging_mixin.py:188} INFO - [2026-04-22T00:19:09.562+0530] {dag.py:3954} INFO - Setting next_dagrun for example_subdag_operator.section-1 to None, run_after=None
[2026-04-22T00:19:09.562+0530] {logging_mixin.py:188} INFO - [2026-04-22T00:19:09.562+0530] {dag.py:3954} INFO - Setting next_dagrun for example_subdag_operator.section-2 to None, run_after=None
[2026-04-22T00:19:09.566+0530] {processor.py:183} INFO - Processing /Library/Frameworks/Python.framework/Versions/3.10/lib/python3.10/site-packages/airflow/example_dags/example_subdag_operator.py took 0.070 seconds
[2026-04-22T01:53:24.407+0530] {processor.py:161} INFO - Started process (PID=67882) to work on /Library/Frameworks/Python.framework/Versions/3.10/lib/python3.10/site-packages/airflow/example_dags/example_subdag_operator.py
[2026-04-22T01:53:24.408+0530] {processor.py:830} INFO - Processing file /Library/Frameworks/Python.framework/Versions/3.10/lib/python3.10/site-packages/airflow/example_dags/example_subdag_operator.py for tasks to queue
[2026-04-22T01:53:24.408+0530] {logging_mixin.py:188} INFO - [2026-04-22T01:53:24.408+0530] {dagbag.py:545} INFO - Filling up the DagBag from /Library/Frameworks/Python.framework/Versions/3.10/lib/python3.10/site-packages/airflow/example_dags/example_subdag_operator.py
[2026-04-22T01:53:24.438+0530] {processor.py:840} INFO - DAG(s) 'example_subdag_operator.section-1', 'example_subdag_operator.section-2', 'example_subdag_operator' retrieved from /Library/Frameworks/Python.framework/Versions/3.10/lib/python3.10/site-packages/airflow/example_dags/example_subdag_operator.py
[2026-04-22T01:53:24.457+0530] {logging_mixin.py:188} INFO - [2026-04-22T01:53:24.457+0530] {dag.py:3096} INFO - Sync 3 DAGs
[2026-04-22T01:53:24.463+0530] {logging_mixin.py:188} INFO - [2026-04-22T01:53:24.462+0530] {dag.py:3954} INFO - Setting next_dagrun for example_subdag_operator to 2022-01-01 00:00:00+00:00, run_after=2022-01-01 00:00:00+00:00
[2026-04-22T01:53:24.463+0530] {logging_mixin.py:188} INFO - [2026-04-22T01:53:24.463+0530] {dag.py:3954} INFO - Setting next_dagrun for example_subdag_operator.section-1 to None, run_after=None
[2026-04-22T01:53:24.464+0530] {logging_mixin.py:188} INFO - [2026-04-22T01:53:24.464+0530] {dag.py:3954} INFO - Setting next_dagrun for example_subdag_operator.section-2 to None, run_after=None
[2026-04-22T01:53:24.466+0530] {logging_mixin.py:188} INFO - [2026-04-22T01:53:24.466+0530] {dag.py:3096} INFO - Sync 2 DAGs
[2026-04-22T01:53:24.467+0530] {logging_mixin.py:188} INFO - [2026-04-22T01:53:24.467+0530] {dag.py:3954} INFO - Setting next_dagrun for example_subdag_operator.section-1 to None, run_after=None
[2026-04-22T01:53:24.467+0530] {logging_mixin.py:188} INFO - [2026-04-22T01:53:24.467+0530] {dag.py:3954} INFO - Setting next_dagrun for example_subdag_operator.section-2 to None, run_after=None
[2026-04-22T01:53:24.471+0530] {processor.py:183} INFO - Processing /Library/Frameworks/Python.framework/Versions/3.10/lib/python3.10/site-packages/airflow/example_dags/example_subdag_operator.py took 0.065 seconds
[2026-04-22T03:15:54.005+0530] {processor.py:161} INFO - Started process (PID=68123) to work on /Library/Frameworks/Python.framework/Versions/3.10/lib/python3.10/site-packages/airflow/example_dags/example_subdag_operator.py
[2026-04-22T03:15:54.005+0530] {processor.py:830} INFO - Processing file /Library/Frameworks/Python.framework/Versions/3.10/lib/python3.10/site-packages/airflow/example_dags/example_subdag_operator.py for tasks to queue
[2026-04-22T03:15:54.006+0530] {logging_mixin.py:188} INFO - [2026-04-22T03:15:54.006+0530] {dagbag.py:545} INFO - Filling up the DagBag from /Library/Frameworks/Python.framework/Versions/3.10/lib/python3.10/site-packages/airflow/example_dags/example_subdag_operator.py
[2026-04-22T03:15:54.050+0530] {processor.py:840} INFO - DAG(s) 'example_subdag_operator.section-1', 'example_subdag_operator.section-2', 'example_subdag_operator' retrieved from /Library/Frameworks/Python.framework/Versions/3.10/lib/python3.10/site-packages/airflow/example_dags/example_subdag_operator.py
[2026-04-22T03:15:54.079+0530] {logging_mixin.py:188} INFO - [2026-04-22T03:15:54.079+0530] {dag.py:3096} INFO - Sync 3 DAGs
[2026-04-22T03:15:54.087+0530] {logging_mixin.py:188} INFO - [2026-04-22T03:15:54.087+0530] {dag.py:3954} INFO - Setting next_dagrun for example_subdag_operator to 2022-01-01 00:00:00+00:00, run_after=2022-01-01 00:00:00+00:00
[2026-04-22T03:15:54.088+0530] {logging_mixin.py:188} INFO - [2026-04-22T03:15:54.088+0530] {dag.py:3954} INFO - Setting next_dagrun for example_subdag_operator.section-1 to None, run_after=None
[2026-04-22T03:15:54.089+0530] {logging_mixin.py:188} INFO - [2026-04-22T03:15:54.089+0530] {dag.py:3954} INFO - Setting next_dagrun for example_subdag_operator.section-2 to None, run_after=None
[2026-04-22T03:15:54.092+0530] {logging_mixin.py:188} INFO - [2026-04-22T03:15:54.092+0530] {dag.py:3096} INFO - Sync 2 DAGs
[2026-04-22T03:15:54.094+0530] {logging_mixin.py:188} INFO - [2026-04-22T03:15:54.094+0530] {dag.py:3954} INFO - Setting next_dagrun for example_subdag_operator.section-1 to None, run_after=None
[2026-04-22T03:15:54.095+0530] {logging_mixin.py:188} INFO - [2026-04-22T03:15:54.094+0530] {dag.py:3954} INFO - Setting next_dagrun for example_subdag_operator.section-2 to None, run_after=None
[2026-04-22T03:15:54.100+0530] {processor.py:183} INFO - Processing /Library/Frameworks/Python.framework/Versions/3.10/lib/python3.10/site-packages/airflow/example_dags/example_subdag_operator.py took 0.097 seconds
