[2026-04-21T16:30:23.768+0530] {processor.py:161} INFO - Started process (PID=66068) to work on /Library/Frameworks/Python.framework/Versions/3.10/lib/python3.10/site-packages/airflow/example_dags/example_python_decorator.py
[2026-04-21T16:30:23.768+0530] {processor.py:830} INFO - Processing file /Library/Frameworks/Python.framework/Versions/3.10/lib/python3.10/site-packages/airflow/example_dags/example_python_decorator.py for tasks to queue
[2026-04-21T16:30:23.769+0530] {logging_mixin.py:188} INFO - [2026-04-21T16:30:23.769+0530] {dagbag.py:545} INFO - Filling up the DagBag from /Library/Frameworks/Python.framework/Versions/3.10/lib/python3.10/site-packages/airflow/example_dags/example_python_decorator.py
[2026-04-21T16:30:23.782+0530] {logging_mixin.py:188} INFO - [2026-04-21T16:30:23.782+0530] {example_python_decorator.py:80} WARNING - The virtalenv_python example task requires virtualenv, please install it.
[2026-04-21T16:30:23.782+0530] {processor.py:840} INFO - DAG(s) 'example_python_decorator' retrieved from /Library/Frameworks/Python.framework/Versions/3.10/lib/python3.10/site-packages/airflow/example_dags/example_python_decorator.py
[2026-04-21T16:30:23.842+0530] {logging_mixin.py:188} INFO - [2026-04-21T16:30:23.842+0530] {override.py:1829} INFO - Created Permission View: can read on DAG:example_python_decorator
[2026-04-21T16:30:23.844+0530] {logging_mixin.py:188} INFO - [2026-04-21T16:30:23.844+0530] {override.py:1829} INFO - Created Permission View: can delete on DAG:example_python_decorator
[2026-04-21T16:30:23.846+0530] {logging_mixin.py:188} INFO - [2026-04-21T16:30:23.845+0530] {override.py:1829} INFO - Created Permission View: can edit on DAG:example_python_decorator
[2026-04-21T16:30:23.846+0530] {logging_mixin.py:188} INFO - [2026-04-21T16:30:23.846+0530] {dag.py:3096} INFO - Sync 1 DAGs
[2026-04-21T16:30:23.849+0530] {logging_mixin.py:188} INFO - [2026-04-21T16:30:23.849+0530] {dag.py:3118} INFO - Creating ORM DAG for example_python_decorator
[2026-04-21T16:30:23.849+0530] {logging_mixin.py:188} INFO - [2026-04-21T16:30:23.849+0530] {dag.py:3954} INFO - Setting next_dagrun for example_python_decorator to None, run_after=None
[2026-04-21T16:30:23.854+0530] {processor.py:183} INFO - Processing /Library/Frameworks/Python.framework/Versions/3.10/lib/python3.10/site-packages/airflow/example_dags/example_python_decorator.py took 0.088 seconds
[2026-04-21T19:24:38.106+0530] {processor.py:161} INFO - Started process (PID=66861) to work on /Library/Frameworks/Python.framework/Versions/3.10/lib/python3.10/site-packages/airflow/example_dags/example_python_decorator.py
[2026-04-21T19:24:38.107+0530] {processor.py:830} INFO - Processing file /Library/Frameworks/Python.framework/Versions/3.10/lib/python3.10/site-packages/airflow/example_dags/example_python_decorator.py for tasks to queue
[2026-04-21T19:24:38.107+0530] {logging_mixin.py:188} INFO - [2026-04-21T19:24:38.107+0530] {dagbag.py:545} INFO - Filling up the DagBag from /Library/Frameworks/Python.framework/Versions/3.10/lib/python3.10/site-packages/airflow/example_dags/example_python_decorator.py
[2026-04-21T19:25:03.110+0530] {logging_mixin.py:188} INFO - [2026-04-21T19:25:03.109+0530] {example_python_decorator.py:80} WARNING - The virtalenv_python example task requires virtualenv, please install it.
[2026-04-21T19:25:03.111+0530] {processor.py:840} INFO - DAG(s) 'example_python_decorator' retrieved from /Library/Frameworks/Python.framework/Versions/3.10/lib/python3.10/site-packages/airflow/example_dags/example_python_decorator.py
[2026-04-21T19:25:03.162+0530] {logging_mixin.py:188} INFO - [2026-04-21T19:25:03.162+0530] {dag.py:3096} INFO - Sync 1 DAGs
[2026-04-21T19:25:03.166+0530] {logging_mixin.py:188} INFO - [2026-04-21T19:25:03.166+0530] {dag.py:3954} INFO - Setting next_dagrun for example_python_decorator to None, run_after=None
[2026-04-21T19:25:03.172+0530] {processor.py:183} INFO - Processing /Library/Frameworks/Python.framework/Versions/3.10/lib/python3.10/site-packages/airflow/example_dags/example_python_decorator.py took 0.215 seconds
[2026-04-21T21:56:12.200+0530] {processor.py:161} INFO - Started process (PID=67274) to work on /Library/Frameworks/Python.framework/Versions/3.10/lib/python3.10/site-packages/airflow/example_dags/example_python_decorator.py
[2026-04-21T21:56:12.201+0530] {processor.py:830} INFO - Processing file /Library/Frameworks/Python.framework/Versions/3.10/lib/python3.10/site-packages/airflow/example_dags/example_python_decorator.py for tasks to queue
[2026-04-21T21:56:12.201+0530] {logging_mixin.py:188} INFO - [2026-04-21T21:56:12.201+0530] {dagbag.py:545} INFO - Filling up the DagBag from /Library/Frameworks/Python.framework/Versions/3.10/lib/python3.10/site-packages/airflow/example_dags/example_python_decorator.py
[2026-04-21T21:56:12.214+0530] {logging_mixin.py:188} INFO - [2026-04-21T21:56:12.213+0530] {example_python_decorator.py:80} WARNING - The virtalenv_python example task requires virtualenv, please install it.
[2026-04-21T21:56:12.214+0530] {processor.py:840} INFO - DAG(s) 'example_python_decorator' retrieved from /Library/Frameworks/Python.framework/Versions/3.10/lib/python3.10/site-packages/airflow/example_dags/example_python_decorator.py
[2026-04-21T21:56:12.247+0530] {logging_mixin.py:188} INFO - [2026-04-21T21:56:12.247+0530] {dag.py:3096} INFO - Sync 1 DAGs
[2026-04-21T21:56:12.251+0530] {logging_mixin.py:188} INFO - [2026-04-21T21:56:12.250+0530] {dag.py:3954} INFO - Setting next_dagrun for example_python_decorator to None, run_after=None
[2026-04-21T21:56:12.256+0530] {processor.py:183} INFO - Processing /Library/Frameworks/Python.framework/Versions/3.10/lib/python3.10/site-packages/airflow/example_dags/example_python_decorator.py took 0.056 seconds
[2026-04-22T01:54:23.790+0530] {processor.py:161} INFO - Started process (PID=67895) to work on /Library/Frameworks/Python.framework/Versions/3.10/lib/python3.10/site-packages/airflow/example_dags/example_python_decorator.py
[2026-04-22T01:54:23.790+0530] {processor.py:830} INFO - Processing file /Library/Frameworks/Python.framework/Versions/3.10/lib/python3.10/site-packages/airflow/example_dags/example_python_decorator.py for tasks to queue
[2026-04-22T01:54:23.790+0530] {logging_mixin.py:188} INFO - [2026-04-22T01:54:23.790+0530] {dagbag.py:545} INFO - Filling up the DagBag from /Library/Frameworks/Python.framework/Versions/3.10/lib/python3.10/site-packages/airflow/example_dags/example_python_decorator.py
[2026-04-22T01:54:23.803+0530] {logging_mixin.py:188} INFO - [2026-04-22T01:54:23.803+0530] {example_python_decorator.py:80} WARNING - The virtalenv_python example task requires virtualenv, please install it.
[2026-04-22T01:54:23.803+0530] {processor.py:840} INFO - DAG(s) 'example_python_decorator' retrieved from /Library/Frameworks/Python.framework/Versions/3.10/lib/python3.10/site-packages/airflow/example_dags/example_python_decorator.py
[2026-04-22T01:54:23.837+0530] {logging_mixin.py:188} INFO - [2026-04-22T01:54:23.837+0530] {dag.py:3096} INFO - Sync 1 DAGs
[2026-04-22T01:54:23.840+0530] {logging_mixin.py:188} INFO - [2026-04-22T01:54:23.840+0530] {dag.py:3954} INFO - Setting next_dagrun for example_python_decorator to None, run_after=None
[2026-04-22T01:54:23.845+0530] {processor.py:183} INFO - Processing /Library/Frameworks/Python.framework/Versions/3.10/lib/python3.10/site-packages/airflow/example_dags/example_python_decorator.py took 0.056 seconds
[2026-04-22T03:16:28.939+0530] {processor.py:161} INFO - Started process (PID=68143) to work on /Library/Frameworks/Python.framework/Versions/3.10/lib/python3.10/site-packages/airflow/example_dags/example_python_decorator.py
[2026-04-22T03:16:28.940+0530] {processor.py:830} INFO - Processing file /Library/Frameworks/Python.framework/Versions/3.10/lib/python3.10/site-packages/airflow/example_dags/example_python_decorator.py for tasks to queue
[2026-04-22T03:16:28.940+0530] {logging_mixin.py:188} INFO - [2026-04-22T03:16:28.940+0530] {dagbag.py:545} INFO - Filling up the DagBag from /Library/Frameworks/Python.framework/Versions/3.10/lib/python3.10/site-packages/airflow/example_dags/example_python_decorator.py
[2026-04-22T03:16:28.952+0530] {logging_mixin.py:188} INFO - [2026-04-22T03:16:28.952+0530] {example_python_decorator.py:80} WARNING - The virtalenv_python example task requires virtualenv, please install it.
[2026-04-22T03:16:28.953+0530] {processor.py:840} INFO - DAG(s) 'example_python_decorator' retrieved from /Library/Frameworks/Python.framework/Versions/3.10/lib/python3.10/site-packages/airflow/example_dags/example_python_decorator.py
[2026-04-22T03:16:28.985+0530] {logging_mixin.py:188} INFO - [2026-04-22T03:16:28.985+0530] {dag.py:3096} INFO - Sync 1 DAGs
[2026-04-22T03:16:28.988+0530] {logging_mixin.py:188} INFO - [2026-04-22T03:16:28.988+0530] {dag.py:3954} INFO - Setting next_dagrun for example_python_decorator to None, run_after=None
[2026-04-22T03:16:28.993+0530] {processor.py:183} INFO - Processing /Library/Frameworks/Python.framework/Versions/3.10/lib/python3.10/site-packages/airflow/example_dags/example_python_decorator.py took 0.055 seconds
