[2026-04-21T16:30:30.069+0530] {processor.py:161} INFO - Started process (PID=66082) to work on /Library/Frameworks/Python.framework/Versions/3.10/lib/python3.10/site-packages/airflow/example_dags/example_latest_only.py
[2026-04-21T16:30:30.069+0530] {processor.py:830} INFO - Processing file /Library/Frameworks/Python.framework/Versions/3.10/lib/python3.10/site-packages/airflow/example_dags/example_latest_only.py for tasks to queue
[2026-04-21T16:30:30.070+0530] {logging_mixin.py:188} INFO - [2026-04-21T16:30:30.070+0530] {dagbag.py:545} INFO - Filling up the DagBag from /Library/Frameworks/Python.framework/Versions/3.10/lib/python3.10/site-packages/airflow/example_dags/example_latest_only.py
[2026-04-21T16:30:30.072+0530] {processor.py:840} INFO - DAG(s) 'latest_only' retrieved from /Library/Frameworks/Python.framework/Versions/3.10/lib/python3.10/site-packages/airflow/example_dags/example_latest_only.py
[2026-04-21T16:30:30.130+0530] {logging_mixin.py:188} INFO - [2026-04-21T16:30:30.130+0530] {override.py:1829} INFO - Created Permission View: can edit on DAG:latest_only
[2026-04-21T16:30:30.133+0530] {logging_mixin.py:188} INFO - [2026-04-21T16:30:30.133+0530] {override.py:1829} INFO - Created Permission View: can read on DAG:latest_only
[2026-04-21T16:30:30.134+0530] {logging_mixin.py:188} INFO - [2026-04-21T16:30:30.134+0530] {override.py:1829} INFO - Created Permission View: can delete on DAG:latest_only
[2026-04-21T16:30:30.134+0530] {logging_mixin.py:188} INFO - [2026-04-21T16:30:30.134+0530] {dag.py:3096} INFO - Sync 1 DAGs
[2026-04-21T16:30:30.137+0530] {logging_mixin.py:188} INFO - [2026-04-21T16:30:30.137+0530] {dag.py:3118} INFO - Creating ORM DAG for latest_only
[2026-04-21T16:30:30.139+0530] {logging_mixin.py:188} INFO - [2026-04-21T16:30:30.139+0530] {dag.py:3954} INFO - Setting next_dagrun for latest_only to 2026-04-21 04:00:00+00:00, run_after=2026-04-21 08:00:00+00:00
[2026-04-21T16:30:30.144+0530] {processor.py:183} INFO - Processing /Library/Frameworks/Python.framework/Versions/3.10/lib/python3.10/site-packages/airflow/example_dags/example_latest_only.py took 0.076 seconds
[2026-04-21T19:25:10.103+0530] {processor.py:161} INFO - Started process (PID=66874) to work on /Library/Frameworks/Python.framework/Versions/3.10/lib/python3.10/site-packages/airflow/example_dags/example_latest_only.py
[2026-04-21T19:25:10.104+0530] {processor.py:830} INFO - Processing file /Library/Frameworks/Python.framework/Versions/3.10/lib/python3.10/site-packages/airflow/example_dags/example_latest_only.py for tasks to queue
[2026-04-21T19:25:10.105+0530] {logging_mixin.py:188} INFO - [2026-04-21T19:25:10.105+0530] {dagbag.py:545} INFO - Filling up the DagBag from /Library/Frameworks/Python.framework/Versions/3.10/lib/python3.10/site-packages/airflow/example_dags/example_latest_only.py
[2026-04-21T19:25:10.110+0530] {processor.py:840} INFO - DAG(s) 'latest_only' retrieved from /Library/Frameworks/Python.framework/Versions/3.10/lib/python3.10/site-packages/airflow/example_dags/example_latest_only.py
[2026-04-21T19:25:10.172+0530] {logging_mixin.py:188} INFO - [2026-04-21T19:25:10.172+0530] {dag.py:3096} INFO - Sync 1 DAGs
[2026-04-21T19:25:10.180+0530] {logging_mixin.py:188} INFO - [2026-04-21T19:25:10.180+0530] {dag.py:3954} INFO - Setting next_dagrun for latest_only to 2026-04-21 08:00:00+00:00, run_after=2026-04-21 12:00:00+00:00
[2026-04-21T19:25:10.190+0530] {processor.py:183} INFO - Processing /Library/Frameworks/Python.framework/Versions/3.10/lib/python3.10/site-packages/airflow/example_dags/example_latest_only.py took 0.089 seconds
[2026-04-21T23:15:52.043+0530] {processor.py:161} INFO - Started process (PID=67432) to work on /Library/Frameworks/Python.framework/Versions/3.10/lib/python3.10/site-packages/airflow/example_dags/example_latest_only.py
[2026-04-21T23:15:52.044+0530] {processor.py:830} INFO - Processing file /Library/Frameworks/Python.framework/Versions/3.10/lib/python3.10/site-packages/airflow/example_dags/example_latest_only.py for tasks to queue
[2026-04-21T23:15:52.044+0530] {logging_mixin.py:188} INFO - [2026-04-21T23:15:52.044+0530] {dagbag.py:545} INFO - Filling up the DagBag from /Library/Frameworks/Python.framework/Versions/3.10/lib/python3.10/site-packages/airflow/example_dags/example_latest_only.py
[2026-04-21T23:15:52.049+0530] {processor.py:840} INFO - DAG(s) 'latest_only' retrieved from /Library/Frameworks/Python.framework/Versions/3.10/lib/python3.10/site-packages/airflow/example_dags/example_latest_only.py
[2026-04-21T23:15:52.104+0530] {logging_mixin.py:188} INFO - [2026-04-21T23:15:52.104+0530] {dag.py:3096} INFO - Sync 1 DAGs
[2026-04-21T23:15:52.112+0530] {logging_mixin.py:188} INFO - [2026-04-21T23:15:52.112+0530] {dag.py:3954} INFO - Setting next_dagrun for latest_only to 2026-04-21 12:00:00+00:00, run_after=2026-04-21 16:00:00+00:00
[2026-04-21T23:15:52.121+0530] {processor.py:183} INFO - Processing /Library/Frameworks/Python.framework/Versions/3.10/lib/python3.10/site-packages/airflow/example_dags/example_latest_only.py took 0.079 seconds
[2026-04-22T01:54:55.413+0530] {processor.py:161} INFO - Started process (PID=67911) to work on /Library/Frameworks/Python.framework/Versions/3.10/lib/python3.10/site-packages/airflow/example_dags/example_latest_only.py
[2026-04-22T01:54:55.414+0530] {processor.py:830} INFO - Processing file /Library/Frameworks/Python.framework/Versions/3.10/lib/python3.10/site-packages/airflow/example_dags/example_latest_only.py for tasks to queue
[2026-04-22T01:54:55.414+0530] {logging_mixin.py:188} INFO - [2026-04-22T01:54:55.414+0530] {dagbag.py:545} INFO - Filling up the DagBag from /Library/Frameworks/Python.framework/Versions/3.10/lib/python3.10/site-packages/airflow/example_dags/example_latest_only.py
[2026-04-22T01:54:55.417+0530] {processor.py:840} INFO - DAG(s) 'latest_only' retrieved from /Library/Frameworks/Python.framework/Versions/3.10/lib/python3.10/site-packages/airflow/example_dags/example_latest_only.py
[2026-04-22T01:54:55.455+0530] {logging_mixin.py:188} INFO - [2026-04-22T01:54:55.455+0530] {dag.py:3096} INFO - Sync 1 DAGs
[2026-04-22T01:54:55.460+0530] {logging_mixin.py:188} INFO - [2026-04-22T01:54:55.460+0530] {dag.py:3954} INFO - Setting next_dagrun for latest_only to 2026-04-21 16:00:00+00:00, run_after=2026-04-21 20:00:00+00:00
[2026-04-22T01:54:55.467+0530] {processor.py:183} INFO - Processing /Library/Frameworks/Python.framework/Versions/3.10/lib/python3.10/site-packages/airflow/example_dags/example_latest_only.py took 0.055 seconds
[2026-04-22T04:41:59.395+0530] {processor.py:161} INFO - Started process (PID=68313) to work on /Library/Frameworks/Python.framework/Versions/3.10/lib/python3.10/site-packages/airflow/example_dags/example_latest_only.py
[2026-04-22T04:41:59.395+0530] {processor.py:830} INFO - Processing file /Library/Frameworks/Python.framework/Versions/3.10/lib/python3.10/site-packages/airflow/example_dags/example_latest_only.py for tasks to queue
[2026-04-22T04:41:59.396+0530] {logging_mixin.py:188} INFO - [2026-04-22T04:41:59.396+0530] {dagbag.py:545} INFO - Filling up the DagBag from /Library/Frameworks/Python.framework/Versions/3.10/lib/python3.10/site-packages/airflow/example_dags/example_latest_only.py
[2026-04-22T04:41:59.401+0530] {processor.py:840} INFO - DAG(s) 'latest_only' retrieved from /Library/Frameworks/Python.framework/Versions/3.10/lib/python3.10/site-packages/airflow/example_dags/example_latest_only.py
[2026-04-22T04:41:59.471+0530] {logging_mixin.py:188} INFO - [2026-04-22T04:41:59.471+0530] {dag.py:3096} INFO - Sync 1 DAGs
[2026-04-22T04:41:59.481+0530] {logging_mixin.py:188} INFO - [2026-04-22T04:41:59.480+0530] {dag.py:3954} INFO - Setting next_dagrun for latest_only to 2026-04-21 16:00:00+00:00, run_after=2026-04-21 20:00:00+00:00
[2026-04-22T04:41:59.492+0530] {processor.py:183} INFO - Processing /Library/Frameworks/Python.framework/Versions/3.10/lib/python3.10/site-packages/airflow/example_dags/example_latest_only.py took 0.099 seconds
