[2026-04-21T16:30:29.038+0530] {processor.py:161} INFO - Started process (PID=66080) to work on /Library/Frameworks/Python.framework/Versions/3.10/lib/python3.10/site-packages/airflow/example_dags/example_latest_only_with_trigger.py
[2026-04-21T16:30:29.038+0530] {processor.py:830} INFO - Processing file /Library/Frameworks/Python.framework/Versions/3.10/lib/python3.10/site-packages/airflow/example_dags/example_latest_only_with_trigger.py for tasks to queue
[2026-04-21T16:30:29.038+0530] {logging_mixin.py:188} INFO - [2026-04-21T16:30:29.038+0530] {dagbag.py:545} INFO - Filling up the DagBag from /Library/Frameworks/Python.framework/Versions/3.10/lib/python3.10/site-packages/airflow/example_dags/example_latest_only_with_trigger.py
[2026-04-21T16:30:29.041+0530] {processor.py:840} INFO - DAG(s) 'latest_only_with_trigger' retrieved from /Library/Frameworks/Python.framework/Versions/3.10/lib/python3.10/site-packages/airflow/example_dags/example_latest_only_with_trigger.py
[2026-04-21T16:30:29.097+0530] {logging_mixin.py:188} INFO - [2026-04-21T16:30:29.097+0530] {override.py:1829} INFO - Created Permission View: can delete on DAG:latest_only_with_trigger
[2026-04-21T16:30:29.100+0530] {logging_mixin.py:188} INFO - [2026-04-21T16:30:29.100+0530] {override.py:1829} INFO - Created Permission View: can edit on DAG:latest_only_with_trigger
[2026-04-21T16:30:29.101+0530] {logging_mixin.py:188} INFO - [2026-04-21T16:30:29.101+0530] {override.py:1829} INFO - Created Permission View: can read on DAG:latest_only_with_trigger
[2026-04-21T16:30:29.102+0530] {logging_mixin.py:188} INFO - [2026-04-21T16:30:29.101+0530] {dag.py:3096} INFO - Sync 1 DAGs
[2026-04-21T16:30:29.104+0530] {logging_mixin.py:188} INFO - [2026-04-21T16:30:29.104+0530] {dag.py:3118} INFO - Creating ORM DAG for latest_only_with_trigger
[2026-04-21T16:30:29.107+0530] {logging_mixin.py:188} INFO - [2026-04-21T16:30:29.107+0530] {dag.py:3954} INFO - Setting next_dagrun for latest_only_with_trigger to 2026-04-21 04:00:00+00:00, run_after=2026-04-21 08:00:00+00:00
[2026-04-21T16:30:29.111+0530] {processor.py:183} INFO - Processing /Library/Frameworks/Python.framework/Versions/3.10/lib/python3.10/site-packages/airflow/example_dags/example_latest_only_with_trigger.py took 0.074 seconds
[2026-04-21T19:25:08.857+0530] {processor.py:161} INFO - Started process (PID=66873) to work on /Library/Frameworks/Python.framework/Versions/3.10/lib/python3.10/site-packages/airflow/example_dags/example_latest_only_with_trigger.py
[2026-04-21T19:25:08.858+0530] {processor.py:830} INFO - Processing file /Library/Frameworks/Python.framework/Versions/3.10/lib/python3.10/site-packages/airflow/example_dags/example_latest_only_with_trigger.py for tasks to queue
[2026-04-21T19:25:08.858+0530] {logging_mixin.py:188} INFO - [2026-04-21T19:25:08.858+0530] {dagbag.py:545} INFO - Filling up the DagBag from /Library/Frameworks/Python.framework/Versions/3.10/lib/python3.10/site-packages/airflow/example_dags/example_latest_only_with_trigger.py
[2026-04-21T19:25:08.863+0530] {processor.py:840} INFO - DAG(s) 'latest_only_with_trigger' retrieved from /Library/Frameworks/Python.framework/Versions/3.10/lib/python3.10/site-packages/airflow/example_dags/example_latest_only_with_trigger.py
[2026-04-21T19:25:08.919+0530] {logging_mixin.py:188} INFO - [2026-04-21T19:25:08.919+0530] {dag.py:3096} INFO - Sync 1 DAGs
[2026-04-21T19:25:08.926+0530] {logging_mixin.py:188} INFO - [2026-04-21T19:25:08.926+0530] {dag.py:3954} INFO - Setting next_dagrun for latest_only_with_trigger to 2026-04-21 08:00:00+00:00, run_after=2026-04-21 12:00:00+00:00
[2026-04-21T19:25:08.935+0530] {processor.py:183} INFO - Processing /Library/Frameworks/Python.framework/Versions/3.10/lib/python3.10/site-packages/airflow/example_dags/example_latest_only_with_trigger.py took 0.080 seconds
[2026-04-21T23:15:50.909+0530] {processor.py:161} INFO - Started process (PID=67431) to work on /Library/Frameworks/Python.framework/Versions/3.10/lib/python3.10/site-packages/airflow/example_dags/example_latest_only_with_trigger.py
[2026-04-21T23:15:50.910+0530] {processor.py:830} INFO - Processing file /Library/Frameworks/Python.framework/Versions/3.10/lib/python3.10/site-packages/airflow/example_dags/example_latest_only_with_trigger.py for tasks to queue
[2026-04-21T23:15:50.910+0530] {logging_mixin.py:188} INFO - [2026-04-21T23:15:50.910+0530] {dagbag.py:545} INFO - Filling up the DagBag from /Library/Frameworks/Python.framework/Versions/3.10/lib/python3.10/site-packages/airflow/example_dags/example_latest_only_with_trigger.py
[2026-04-21T23:15:50.915+0530] {processor.py:840} INFO - DAG(s) 'latest_only_with_trigger' retrieved from /Library/Frameworks/Python.framework/Versions/3.10/lib/python3.10/site-packages/airflow/example_dags/example_latest_only_with_trigger.py
[2026-04-21T23:15:50.965+0530] {logging_mixin.py:188} INFO - [2026-04-21T23:15:50.965+0530] {dag.py:3096} INFO - Sync 1 DAGs
[2026-04-21T23:15:50.972+0530] {logging_mixin.py:188} INFO - [2026-04-21T23:15:50.972+0530] {dag.py:3954} INFO - Setting next_dagrun for latest_only_with_trigger to 2026-04-21 12:00:00+00:00, run_after=2026-04-21 16:00:00+00:00
[2026-04-21T23:15:50.980+0530] {processor.py:183} INFO - Processing /Library/Frameworks/Python.framework/Versions/3.10/lib/python3.10/site-packages/airflow/example_dags/example_latest_only_with_trigger.py took 0.072 seconds
[2026-04-22T01:54:29.497+0530] {processor.py:161} INFO - Started process (PID=67909) to work on /Library/Frameworks/Python.framework/Versions/3.10/lib/python3.10/site-packages/airflow/example_dags/example_latest_only_with_trigger.py
[2026-04-22T01:54:29.498+0530] {processor.py:830} INFO - Processing file /Library/Frameworks/Python.framework/Versions/3.10/lib/python3.10/site-packages/airflow/example_dags/example_latest_only_with_trigger.py for tasks to queue
[2026-04-22T01:54:29.499+0530] {logging_mixin.py:188} INFO - [2026-04-22T01:54:29.498+0530] {dagbag.py:545} INFO - Filling up the DagBag from /Library/Frameworks/Python.framework/Versions/3.10/lib/python3.10/site-packages/airflow/example_dags/example_latest_only_with_trigger.py
[2026-04-22T01:54:29.503+0530] {processor.py:840} INFO - DAG(s) 'latest_only_with_trigger' retrieved from /Library/Frameworks/Python.framework/Versions/3.10/lib/python3.10/site-packages/airflow/example_dags/example_latest_only_with_trigger.py
[2026-04-22T01:54:29.555+0530] {logging_mixin.py:188} INFO - [2026-04-22T01:54:29.555+0530] {dag.py:3096} INFO - Sync 1 DAGs
[2026-04-22T01:54:29.562+0530] {logging_mixin.py:188} INFO - [2026-04-22T01:54:29.562+0530] {dag.py:3954} INFO - Setting next_dagrun for latest_only_with_trigger to 2026-04-21 16:00:00+00:00, run_after=2026-04-21 20:00:00+00:00
[2026-04-22T01:54:29.570+0530] {processor.py:183} INFO - Processing /Library/Frameworks/Python.framework/Versions/3.10/lib/python3.10/site-packages/airflow/example_dags/example_latest_only_with_trigger.py took 0.074 seconds
[2026-04-22T04:41:58.254+0530] {processor.py:161} INFO - Started process (PID=68312) to work on /Library/Frameworks/Python.framework/Versions/3.10/lib/python3.10/site-packages/airflow/example_dags/example_latest_only_with_trigger.py
[2026-04-22T04:41:58.255+0530] {processor.py:830} INFO - Processing file /Library/Frameworks/Python.framework/Versions/3.10/lib/python3.10/site-packages/airflow/example_dags/example_latest_only_with_trigger.py for tasks to queue
[2026-04-22T04:41:58.255+0530] {logging_mixin.py:188} INFO - [2026-04-22T04:41:58.255+0530] {dagbag.py:545} INFO - Filling up the DagBag from /Library/Frameworks/Python.framework/Versions/3.10/lib/python3.10/site-packages/airflow/example_dags/example_latest_only_with_trigger.py
[2026-04-22T04:41:58.260+0530] {processor.py:840} INFO - DAG(s) 'latest_only_with_trigger' retrieved from /Library/Frameworks/Python.framework/Versions/3.10/lib/python3.10/site-packages/airflow/example_dags/example_latest_only_with_trigger.py
[2026-04-22T04:41:58.310+0530] {logging_mixin.py:188} INFO - [2026-04-22T04:41:58.309+0530] {dag.py:3096} INFO - Sync 1 DAGs
[2026-04-22T04:41:58.317+0530] {logging_mixin.py:188} INFO - [2026-04-22T04:41:58.317+0530] {dag.py:3954} INFO - Setting next_dagrun for latest_only_with_trigger to 2026-04-21 16:00:00+00:00, run_after=2026-04-21 20:00:00+00:00
[2026-04-22T04:41:58.325+0530] {processor.py:183} INFO - Processing /Library/Frameworks/Python.framework/Versions/3.10/lib/python3.10/site-packages/airflow/example_dags/example_latest_only_with_trigger.py took 0.072 seconds
