[2026-04-21T16:30:13.187+0530] {processor.py:161} INFO - Started process (PID=66048) to work on /Library/Frameworks/Python.framework/Versions/3.10/lib/python3.10/site-packages/airflow/example_dags/example_task_group.py
[2026-04-21T16:30:13.188+0530] {processor.py:830} INFO - Processing file /Library/Frameworks/Python.framework/Versions/3.10/lib/python3.10/site-packages/airflow/example_dags/example_task_group.py for tasks to queue
[2026-04-21T16:30:13.188+0530] {logging_mixin.py:188} INFO - [2026-04-21T16:30:13.188+0530] {dagbag.py:545} INFO - Filling up the DagBag from /Library/Frameworks/Python.framework/Versions/3.10/lib/python3.10/site-packages/airflow/example_dags/example_task_group.py
[2026-04-21T16:30:13.191+0530] {processor.py:840} INFO - DAG(s) 'example_task_group' retrieved from /Library/Frameworks/Python.framework/Versions/3.10/lib/python3.10/site-packages/airflow/example_dags/example_task_group.py
[2026-04-21T16:30:13.252+0530] {logging_mixin.py:188} INFO - [2026-04-21T16:30:13.252+0530] {override.py:1829} INFO - Created Permission View: can read on DAG:example_task_group
[2026-04-21T16:30:13.255+0530] {logging_mixin.py:188} INFO - [2026-04-21T16:30:13.255+0530] {override.py:1829} INFO - Created Permission View: can edit on DAG:example_task_group
[2026-04-21T16:30:13.257+0530] {logging_mixin.py:188} INFO - [2026-04-21T16:30:13.257+0530] {override.py:1829} INFO - Created Permission View: can delete on DAG:example_task_group
[2026-04-21T16:30:13.257+0530] {logging_mixin.py:188} INFO - [2026-04-21T16:30:13.257+0530] {dag.py:3096} INFO - Sync 1 DAGs
[2026-04-21T16:30:13.260+0530] {logging_mixin.py:188} INFO - [2026-04-21T16:30:13.260+0530] {dag.py:3118} INFO - Creating ORM DAG for example_task_group
[2026-04-21T16:30:13.262+0530] {logging_mixin.py:188} INFO - [2026-04-21T16:30:13.262+0530] {dag.py:3954} INFO - Setting next_dagrun for example_task_group to 2026-04-20 00:00:00+00:00, run_after=2026-04-21 00:00:00+00:00
[2026-04-21T16:30:13.267+0530] {processor.py:183} INFO - Processing /Library/Frameworks/Python.framework/Versions/3.10/lib/python3.10/site-packages/airflow/example_dags/example_task_group.py took 0.081 seconds
[2026-04-21T19:23:23.314+0530] {processor.py:161} INFO - Started process (PID=66823) to work on /Library/Frameworks/Python.framework/Versions/3.10/lib/python3.10/site-packages/airflow/example_dags/example_task_group.py
[2026-04-21T19:23:23.315+0530] {processor.py:830} INFO - Processing file /Library/Frameworks/Python.framework/Versions/3.10/lib/python3.10/site-packages/airflow/example_dags/example_task_group.py for tasks to queue
[2026-04-21T19:23:23.315+0530] {logging_mixin.py:188} INFO - [2026-04-21T19:23:23.315+0530] {dagbag.py:545} INFO - Filling up the DagBag from /Library/Frameworks/Python.framework/Versions/3.10/lib/python3.10/site-packages/airflow/example_dags/example_task_group.py
[2026-04-21T19:23:23.318+0530] {processor.py:840} INFO - DAG(s) 'example_task_group' retrieved from /Library/Frameworks/Python.framework/Versions/3.10/lib/python3.10/site-packages/airflow/example_dags/example_task_group.py
[2026-04-21T19:23:23.351+0530] {logging_mixin.py:188} INFO - [2026-04-21T19:23:23.351+0530] {dag.py:3096} INFO - Sync 1 DAGs
[2026-04-21T19:23:23.356+0530] {logging_mixin.py:188} INFO - [2026-04-21T19:23:23.355+0530] {dag.py:3954} INFO - Setting next_dagrun for example_task_group to 2026-04-20 00:00:00+00:00, run_after=2026-04-21 00:00:00+00:00
[2026-04-21T19:23:23.361+0530] {processor.py:183} INFO - Processing /Library/Frameworks/Python.framework/Versions/3.10/lib/python3.10/site-packages/airflow/example_dags/example_task_group.py took 0.047 seconds
[2026-04-21T21:55:36.812+0530] {processor.py:161} INFO - Started process (PID=67257) to work on /Library/Frameworks/Python.framework/Versions/3.10/lib/python3.10/site-packages/airflow/example_dags/example_task_group.py
[2026-04-21T21:55:36.812+0530] {processor.py:830} INFO - Processing file /Library/Frameworks/Python.framework/Versions/3.10/lib/python3.10/site-packages/airflow/example_dags/example_task_group.py for tasks to queue
[2026-04-21T21:55:36.813+0530] {logging_mixin.py:188} INFO - [2026-04-21T21:55:36.812+0530] {dagbag.py:545} INFO - Filling up the DagBag from /Library/Frameworks/Python.framework/Versions/3.10/lib/python3.10/site-packages/airflow/example_dags/example_task_group.py
[2026-04-21T21:55:36.816+0530] {processor.py:840} INFO - DAG(s) 'example_task_group' retrieved from /Library/Frameworks/Python.framework/Versions/3.10/lib/python3.10/site-packages/airflow/example_dags/example_task_group.py
[2026-04-21T21:55:36.853+0530] {logging_mixin.py:188} INFO - [2026-04-21T21:55:36.853+0530] {dag.py:3096} INFO - Sync 1 DAGs
[2026-04-21T21:55:36.858+0530] {logging_mixin.py:188} INFO - [2026-04-21T21:55:36.858+0530] {dag.py:3954} INFO - Setting next_dagrun for example_task_group to 2026-04-20 00:00:00+00:00, run_after=2026-04-21 00:00:00+00:00
[2026-04-21T21:55:36.863+0530] {processor.py:183} INFO - Processing /Library/Frameworks/Python.framework/Versions/3.10/lib/python3.10/site-packages/airflow/example_dags/example_task_group.py took 0.052 seconds
[2026-04-21T23:34:24.322+0530] {processor.py:161} INFO - Started process (PID=67509) to work on /Library/Frameworks/Python.framework/Versions/3.10/lib/python3.10/site-packages/airflow/example_dags/example_task_group.py
[2026-04-21T23:34:24.323+0530] {processor.py:830} INFO - Processing file /Library/Frameworks/Python.framework/Versions/3.10/lib/python3.10/site-packages/airflow/example_dags/example_task_group.py for tasks to queue
[2026-04-21T23:34:24.323+0530] {logging_mixin.py:188} INFO - [2026-04-21T23:34:24.323+0530] {dagbag.py:545} INFO - Filling up the DagBag from /Library/Frameworks/Python.framework/Versions/3.10/lib/python3.10/site-packages/airflow/example_dags/example_task_group.py
[2026-04-21T23:34:24.328+0530] {processor.py:840} INFO - DAG(s) 'example_task_group' retrieved from /Library/Frameworks/Python.framework/Versions/3.10/lib/python3.10/site-packages/airflow/example_dags/example_task_group.py
[2026-04-21T23:34:24.378+0530] {logging_mixin.py:188} INFO - [2026-04-21T23:34:24.378+0530] {dag.py:3096} INFO - Sync 1 DAGs
[2026-04-21T23:34:24.385+0530] {logging_mixin.py:188} INFO - [2026-04-21T23:34:24.384+0530] {dag.py:3954} INFO - Setting next_dagrun for example_task_group to 2026-04-20 00:00:00+00:00, run_after=2026-04-21 00:00:00+00:00
[2026-04-21T23:34:24.392+0530] {processor.py:183} INFO - Processing /Library/Frameworks/Python.framework/Versions/3.10/lib/python3.10/site-packages/airflow/example_dags/example_task_group.py took 0.071 seconds
[2026-04-22T01:53:23.361+0530] {processor.py:161} INFO - Started process (PID=67881) to work on /Library/Frameworks/Python.framework/Versions/3.10/lib/python3.10/site-packages/airflow/example_dags/example_task_group.py
[2026-04-22T01:53:23.362+0530] {processor.py:830} INFO - Processing file /Library/Frameworks/Python.framework/Versions/3.10/lib/python3.10/site-packages/airflow/example_dags/example_task_group.py for tasks to queue
[2026-04-22T01:53:23.362+0530] {logging_mixin.py:188} INFO - [2026-04-22T01:53:23.362+0530] {dagbag.py:545} INFO - Filling up the DagBag from /Library/Frameworks/Python.framework/Versions/3.10/lib/python3.10/site-packages/airflow/example_dags/example_task_group.py
[2026-04-22T01:53:23.366+0530] {processor.py:840} INFO - DAG(s) 'example_task_group' retrieved from /Library/Frameworks/Python.framework/Versions/3.10/lib/python3.10/site-packages/airflow/example_dags/example_task_group.py
[2026-04-22T01:53:23.403+0530] {logging_mixin.py:188} INFO - [2026-04-22T01:53:23.403+0530] {dag.py:3096} INFO - Sync 1 DAGs
[2026-04-22T01:53:23.408+0530] {logging_mixin.py:188} INFO - [2026-04-22T01:53:23.408+0530] {dag.py:3954} INFO - Setting next_dagrun for example_task_group to 2026-04-20 00:00:00+00:00, run_after=2026-04-21 00:00:00+00:00
[2026-04-22T01:53:23.414+0530] {processor.py:183} INFO - Processing /Library/Frameworks/Python.framework/Versions/3.10/lib/python3.10/site-packages/airflow/example_dags/example_task_group.py took 0.054 seconds
[2026-04-22T03:15:52.903+0530] {processor.py:161} INFO - Started process (PID=68120) to work on /Library/Frameworks/Python.framework/Versions/3.10/lib/python3.10/site-packages/airflow/example_dags/example_task_group.py
[2026-04-22T03:15:52.904+0530] {processor.py:830} INFO - Processing file /Library/Frameworks/Python.framework/Versions/3.10/lib/python3.10/site-packages/airflow/example_dags/example_task_group.py for tasks to queue
[2026-04-22T03:15:52.904+0530] {logging_mixin.py:188} INFO - [2026-04-22T03:15:52.904+0530] {dagbag.py:545} INFO - Filling up the DagBag from /Library/Frameworks/Python.framework/Versions/3.10/lib/python3.10/site-packages/airflow/example_dags/example_task_group.py
[2026-04-22T03:15:52.908+0530] {processor.py:840} INFO - DAG(s) 'example_task_group' retrieved from /Library/Frameworks/Python.framework/Versions/3.10/lib/python3.10/site-packages/airflow/example_dags/example_task_group.py
[2026-04-22T03:15:52.951+0530] {logging_mixin.py:188} INFO - [2026-04-22T03:15:52.951+0530] {dag.py:3096} INFO - Sync 1 DAGs
[2026-04-22T03:15:52.957+0530] {logging_mixin.py:188} INFO - [2026-04-22T03:15:52.957+0530] {dag.py:3954} INFO - Setting next_dagrun for example_task_group to 2026-04-20 00:00:00+00:00, run_after=2026-04-21 00:00:00+00:00
[2026-04-22T03:15:52.964+0530] {processor.py:183} INFO - Processing /Library/Frameworks/Python.framework/Versions/3.10/lib/python3.10/site-packages/airflow/example_dags/example_task_group.py took 0.062 seconds
