[2026-04-21T16:30:07.084+0530] {processor.py:161} INFO - Started process (PID=66037) to work on /Library/Frameworks/Python.framework/Versions/3.10/lib/python3.10/site-packages/airflow/example_dags/example_xcomargs.py
[2026-04-21T16:30:07.085+0530] {processor.py:830} INFO - Processing file /Library/Frameworks/Python.framework/Versions/3.10/lib/python3.10/site-packages/airflow/example_dags/example_xcomargs.py for tasks to queue
[2026-04-21T16:30:07.085+0530] {logging_mixin.py:188} INFO - [2026-04-21T16:30:07.085+0530] {dagbag.py:545} INFO - Filling up the DagBag from /Library/Frameworks/Python.framework/Versions/3.10/lib/python3.10/site-packages/airflow/example_dags/example_xcomargs.py
[2026-04-21T16:30:07.097+0530] {processor.py:840} INFO - DAG(s) 'example_xcom_args_with_operators', 'example_xcom_args' retrieved from /Library/Frameworks/Python.framework/Versions/3.10/lib/python3.10/site-packages/airflow/example_dags/example_xcomargs.py
[2026-04-21T16:30:07.156+0530] {logging_mixin.py:188} INFO - [2026-04-21T16:30:07.156+0530] {override.py:1829} INFO - Created Permission View: can read on DAG:example_xcom_args_with_operators
[2026-04-21T16:30:07.158+0530] {logging_mixin.py:188} INFO - [2026-04-21T16:30:07.158+0530] {override.py:1829} INFO - Created Permission View: can edit on DAG:example_xcom_args_with_operators
[2026-04-21T16:30:07.160+0530] {logging_mixin.py:188} INFO - [2026-04-21T16:30:07.160+0530] {override.py:1829} INFO - Created Permission View: can delete on DAG:example_xcom_args_with_operators
[2026-04-21T16:30:07.163+0530] {logging_mixin.py:188} INFO - [2026-04-21T16:30:07.163+0530] {override.py:1829} INFO - Created Permission View: can read on DAG:example_xcom_args
[2026-04-21T16:30:07.164+0530] {logging_mixin.py:188} INFO - [2026-04-21T16:30:07.164+0530] {override.py:1829} INFO - Created Permission View: can edit on DAG:example_xcom_args
[2026-04-21T16:30:07.166+0530] {logging_mixin.py:188} INFO - [2026-04-21T16:30:07.166+0530] {override.py:1829} INFO - Created Permission View: can delete on DAG:example_xcom_args
[2026-04-21T16:30:07.166+0530] {logging_mixin.py:188} INFO - [2026-04-21T16:30:07.166+0530] {dag.py:3096} INFO - Sync 2 DAGs
[2026-04-21T16:30:07.169+0530] {logging_mixin.py:188} INFO - [2026-04-21T16:30:07.169+0530] {dag.py:3118} INFO - Creating ORM DAG for example_xcom_args_with_operators
[2026-04-21T16:30:07.169+0530] {logging_mixin.py:188} INFO - [2026-04-21T16:30:07.169+0530] {dag.py:3118} INFO - Creating ORM DAG for example_xcom_args
[2026-04-21T16:30:07.169+0530] {logging_mixin.py:188} INFO - [2026-04-21T16:30:07.169+0530] {dag.py:3954} INFO - Setting next_dagrun for example_xcom_args to None, run_after=None
[2026-04-21T16:30:07.169+0530] {logging_mixin.py:188} INFO - [2026-04-21T16:30:07.169+0530] {dag.py:3954} INFO - Setting next_dagrun for example_xcom_args_with_operators to None, run_after=None
[2026-04-21T16:30:07.174+0530] {processor.py:183} INFO - Processing /Library/Frameworks/Python.framework/Versions/3.10/lib/python3.10/site-packages/airflow/example_dags/example_xcomargs.py took 0.091 seconds
[2026-04-21T19:22:52.268+0530] {processor.py:161} INFO - Started process (PID=66812) to work on /Library/Frameworks/Python.framework/Versions/3.10/lib/python3.10/site-packages/airflow/example_dags/example_xcomargs.py
[2026-04-21T19:22:52.269+0530] {processor.py:830} INFO - Processing file /Library/Frameworks/Python.framework/Versions/3.10/lib/python3.10/site-packages/airflow/example_dags/example_xcomargs.py for tasks to queue
[2026-04-21T19:22:52.270+0530] {logging_mixin.py:188} INFO - [2026-04-21T19:22:52.270+0530] {dagbag.py:545} INFO - Filling up the DagBag from /Library/Frameworks/Python.framework/Versions/3.10/lib/python3.10/site-packages/airflow/example_dags/example_xcomargs.py
[2026-04-21T19:22:52.296+0530] {processor.py:840} INFO - DAG(s) 'example_xcom_args', 'example_xcom_args_with_operators' retrieved from /Library/Frameworks/Python.framework/Versions/3.10/lib/python3.10/site-packages/airflow/example_dags/example_xcomargs.py
[2026-04-21T19:22:52.361+0530] {logging_mixin.py:188} INFO - [2026-04-21T19:22:52.361+0530] {dag.py:3096} INFO - Sync 2 DAGs
[2026-04-21T19:22:52.367+0530] {logging_mixin.py:188} INFO - [2026-04-21T19:22:52.367+0530] {dag.py:3954} INFO - Setting next_dagrun for example_xcom_args to None, run_after=None
[2026-04-21T19:22:52.369+0530] {logging_mixin.py:188} INFO - [2026-04-21T19:22:52.368+0530] {dag.py:3954} INFO - Setting next_dagrun for example_xcom_args_with_operators to None, run_after=None
[2026-04-21T19:22:52.378+0530] {processor.py:183} INFO - Processing /Library/Frameworks/Python.framework/Versions/3.10/lib/python3.10/site-packages/airflow/example_dags/example_xcomargs.py took 0.111 seconds
[2026-04-21T19:24:02.044+0530] {processor.py:161} INFO - Started process (PID=66841) to work on /Library/Frameworks/Python.framework/Versions/3.10/lib/python3.10/site-packages/airflow/example_dags/example_xcomargs.py
[2026-04-21T19:24:02.044+0530] {processor.py:830} INFO - Processing file /Library/Frameworks/Python.framework/Versions/3.10/lib/python3.10/site-packages/airflow/example_dags/example_xcomargs.py for tasks to queue
[2026-04-21T19:24:02.044+0530] {logging_mixin.py:188} INFO - [2026-04-21T19:24:02.044+0530] {dagbag.py:545} INFO - Filling up the DagBag from /Library/Frameworks/Python.framework/Versions/3.10/lib/python3.10/site-packages/airflow/example_dags/example_xcomargs.py
[2026-04-21T19:24:02.059+0530] {processor.py:840} INFO - DAG(s) 'example_xcom_args_with_operators', 'example_xcom_args' retrieved from /Library/Frameworks/Python.framework/Versions/3.10/lib/python3.10/site-packages/airflow/example_dags/example_xcomargs.py
[2026-04-21T19:24:02.099+0530] {logging_mixin.py:188} INFO - [2026-04-21T19:24:02.099+0530] {dag.py:3096} INFO - Sync 2 DAGs
[2026-04-21T19:24:02.103+0530] {logging_mixin.py:188} INFO - [2026-04-21T19:24:02.103+0530] {dag.py:3954} INFO - Setting next_dagrun for example_xcom_args to None, run_after=None
[2026-04-21T19:24:02.104+0530] {logging_mixin.py:188} INFO - [2026-04-21T19:24:02.104+0530] {dag.py:3954} INFO - Setting next_dagrun for example_xcom_args_with_operators to None, run_after=None
[2026-04-21T19:24:02.110+0530] {processor.py:183} INFO - Processing /Library/Frameworks/Python.framework/Versions/3.10/lib/python3.10/site-packages/airflow/example_dags/example_xcomargs.py took 0.067 seconds
[2026-04-21T21:55:06.210+0530] {processor.py:161} INFO - Started process (PID=67248) to work on /Library/Frameworks/Python.framework/Versions/3.10/lib/python3.10/site-packages/airflow/example_dags/example_xcomargs.py
[2026-04-21T21:55:06.210+0530] {processor.py:830} INFO - Processing file /Library/Frameworks/Python.framework/Versions/3.10/lib/python3.10/site-packages/airflow/example_dags/example_xcomargs.py for tasks to queue
[2026-04-21T21:55:06.211+0530] {logging_mixin.py:188} INFO - [2026-04-21T21:55:06.210+0530] {dagbag.py:545} INFO - Filling up the DagBag from /Library/Frameworks/Python.framework/Versions/3.10/lib/python3.10/site-packages/airflow/example_dags/example_xcomargs.py
[2026-04-21T21:55:06.223+0530] {processor.py:840} INFO - DAG(s) 'example_xcom_args_with_operators', 'example_xcom_args' retrieved from /Library/Frameworks/Python.framework/Versions/3.10/lib/python3.10/site-packages/airflow/example_dags/example_xcomargs.py
[2026-04-21T21:55:06.255+0530] {logging_mixin.py:188} INFO - [2026-04-21T21:55:06.255+0530] {dag.py:3096} INFO - Sync 2 DAGs
[2026-04-21T21:55:06.258+0530] {logging_mixin.py:188} INFO - [2026-04-21T21:55:06.258+0530] {dag.py:3954} INFO - Setting next_dagrun for example_xcom_args to None, run_after=None
[2026-04-21T21:55:06.259+0530] {logging_mixin.py:188} INFO - [2026-04-21T21:55:06.259+0530] {dag.py:3954} INFO - Setting next_dagrun for example_xcom_args_with_operators to None, run_after=None
[2026-04-21T21:55:06.264+0530] {processor.py:183} INFO - Processing /Library/Frameworks/Python.framework/Versions/3.10/lib/python3.10/site-packages/airflow/example_dags/example_xcomargs.py took 0.055 seconds
[2026-04-21T23:17:12.196+0530] {processor.py:161} INFO - Started process (PID=67487) to work on /Library/Frameworks/Python.framework/Versions/3.10/lib/python3.10/site-packages/airflow/example_dags/example_xcomargs.py
[2026-04-21T23:17:12.197+0530] {processor.py:830} INFO - Processing file /Library/Frameworks/Python.framework/Versions/3.10/lib/python3.10/site-packages/airflow/example_dags/example_xcomargs.py for tasks to queue
[2026-04-21T23:17:12.197+0530] {logging_mixin.py:188} INFO - [2026-04-21T23:17:12.197+0530] {dagbag.py:545} INFO - Filling up the DagBag from /Library/Frameworks/Python.framework/Versions/3.10/lib/python3.10/site-packages/airflow/example_dags/example_xcomargs.py
[2026-04-21T23:17:12.214+0530] {processor.py:840} INFO - DAG(s) 'example_xcom_args_with_operators', 'example_xcom_args' retrieved from /Library/Frameworks/Python.framework/Versions/3.10/lib/python3.10/site-packages/airflow/example_dags/example_xcomargs.py
[2026-04-21T23:17:12.259+0530] {logging_mixin.py:188} INFO - [2026-04-21T23:17:12.259+0530] {dag.py:3096} INFO - Sync 2 DAGs
[2026-04-21T23:17:12.263+0530] {logging_mixin.py:188} INFO - [2026-04-21T23:17:12.263+0530] {dag.py:3954} INFO - Setting next_dagrun for example_xcom_args to None, run_after=None
[2026-04-21T23:17:12.264+0530] {logging_mixin.py:188} INFO - [2026-04-21T23:17:12.264+0530] {dag.py:3954} INFO - Setting next_dagrun for example_xcom_args_with_operators to None, run_after=None
[2026-04-21T23:17:12.271+0530] {processor.py:183} INFO - Processing /Library/Frameworks/Python.framework/Versions/3.10/lib/python3.10/site-packages/airflow/example_dags/example_xcomargs.py took 0.076 seconds
[2026-04-22T01:52:53.010+0530] {processor.py:161} INFO - Started process (PID=67866) to work on /Library/Frameworks/Python.framework/Versions/3.10/lib/python3.10/site-packages/airflow/example_dags/example_xcomargs.py
[2026-04-22T01:52:53.012+0530] {processor.py:830} INFO - Processing file /Library/Frameworks/Python.framework/Versions/3.10/lib/python3.10/site-packages/airflow/example_dags/example_xcomargs.py for tasks to queue
[2026-04-22T01:52:53.012+0530] {logging_mixin.py:188} INFO - [2026-04-22T01:52:53.012+0530] {dagbag.py:545} INFO - Filling up the DagBag from /Library/Frameworks/Python.framework/Versions/3.10/lib/python3.10/site-packages/airflow/example_dags/example_xcomargs.py
[2026-04-22T01:52:53.029+0530] {processor.py:840} INFO - DAG(s) 'example_xcom_args', 'example_xcom_args_with_operators' retrieved from /Library/Frameworks/Python.framework/Versions/3.10/lib/python3.10/site-packages/airflow/example_dags/example_xcomargs.py
[2026-04-22T01:52:53.074+0530] {logging_mixin.py:188} INFO - [2026-04-22T01:52:53.074+0530] {dag.py:3096} INFO - Sync 2 DAGs
[2026-04-22T01:52:53.078+0530] {logging_mixin.py:188} INFO - [2026-04-22T01:52:53.078+0530] {dag.py:3954} INFO - Setting next_dagrun for example_xcom_args to None, run_after=None
[2026-04-22T01:52:53.079+0530] {logging_mixin.py:188} INFO - [2026-04-22T01:52:53.079+0530] {dag.py:3954} INFO - Setting next_dagrun for example_xcom_args_with_operators to None, run_after=None
[2026-04-22T01:52:53.086+0530] {processor.py:183} INFO - Processing /Library/Frameworks/Python.framework/Versions/3.10/lib/python3.10/site-packages/airflow/example_dags/example_xcomargs.py took 0.076 seconds
[2026-04-22T03:15:22.252+0530] {processor.py:161} INFO - Started process (PID=68105) to work on /Library/Frameworks/Python.framework/Versions/3.10/lib/python3.10/site-packages/airflow/example_dags/example_xcomargs.py
[2026-04-22T03:15:22.253+0530] {processor.py:830} INFO - Processing file /Library/Frameworks/Python.framework/Versions/3.10/lib/python3.10/site-packages/airflow/example_dags/example_xcomargs.py for tasks to queue
[2026-04-22T03:15:22.253+0530] {logging_mixin.py:188} INFO - [2026-04-22T03:15:22.253+0530] {dagbag.py:545} INFO - Filling up the DagBag from /Library/Frameworks/Python.framework/Versions/3.10/lib/python3.10/site-packages/airflow/example_dags/example_xcomargs.py
[2026-04-22T03:15:22.265+0530] {processor.py:840} INFO - DAG(s) 'example_xcom_args_with_operators', 'example_xcom_args' retrieved from /Library/Frameworks/Python.framework/Versions/3.10/lib/python3.10/site-packages/airflow/example_dags/example_xcomargs.py
[2026-04-22T03:15:22.298+0530] {logging_mixin.py:188} INFO - [2026-04-22T03:15:22.297+0530] {dag.py:3096} INFO - Sync 2 DAGs
[2026-04-22T03:15:22.301+0530] {logging_mixin.py:188} INFO - [2026-04-22T03:15:22.300+0530] {dag.py:3954} INFO - Setting next_dagrun for example_xcom_args to None, run_after=None
[2026-04-22T03:15:22.301+0530] {logging_mixin.py:188} INFO - [2026-04-22T03:15:22.301+0530] {dag.py:3954} INFO - Setting next_dagrun for example_xcom_args_with_operators to None, run_after=None
[2026-04-22T03:15:22.306+0530] {processor.py:183} INFO - Processing /Library/Frameworks/Python.framework/Versions/3.10/lib/python3.10/site-packages/airflow/example_dags/example_xcomargs.py took 0.055 seconds
