[2026-04-21T16:30:34.098+0530] {processor.py:161} INFO - Started process (PID=66087) to work on /Library/Frameworks/Python.framework/Versions/3.10/lib/python3.10/site-packages/airflow/example_dags/example_dynamic_task_mapping.py
[2026-04-21T16:30:34.099+0530] {processor.py:830} INFO - Processing file /Library/Frameworks/Python.framework/Versions/3.10/lib/python3.10/site-packages/airflow/example_dags/example_dynamic_task_mapping.py for tasks to queue
[2026-04-21T16:30:34.099+0530] {logging_mixin.py:188} INFO - [2026-04-21T16:30:34.099+0530] {dagbag.py:545} INFO - Filling up the DagBag from /Library/Frameworks/Python.framework/Versions/3.10/lib/python3.10/site-packages/airflow/example_dags/example_dynamic_task_mapping.py
[2026-04-21T16:30:34.110+0530] {processor.py:840} INFO - DAG(s) 'example_dynamic_task_mapping' retrieved from /Library/Frameworks/Python.framework/Versions/3.10/lib/python3.10/site-packages/airflow/example_dags/example_dynamic_task_mapping.py
[2026-04-21T16:30:34.166+0530] {logging_mixin.py:188} INFO - [2026-04-21T16:30:34.166+0530] {override.py:1829} INFO - Created Permission View: can edit on DAG:example_dynamic_task_mapping
[2026-04-21T16:30:34.169+0530] {logging_mixin.py:188} INFO - [2026-04-21T16:30:34.169+0530] {override.py:1829} INFO - Created Permission View: can read on DAG:example_dynamic_task_mapping
[2026-04-21T16:30:34.170+0530] {logging_mixin.py:188} INFO - [2026-04-21T16:30:34.170+0530] {override.py:1829} INFO - Created Permission View: can delete on DAG:example_dynamic_task_mapping
[2026-04-21T16:30:34.170+0530] {logging_mixin.py:188} INFO - [2026-04-21T16:30:34.170+0530] {dag.py:3096} INFO - Sync 1 DAGs
[2026-04-21T16:30:34.173+0530] {logging_mixin.py:188} INFO - [2026-04-21T16:30:34.173+0530] {dag.py:3118} INFO - Creating ORM DAG for example_dynamic_task_mapping
[2026-04-21T16:30:34.175+0530] {logging_mixin.py:188} INFO - [2026-04-21T16:30:34.175+0530] {dag.py:3954} INFO - Setting next_dagrun for example_dynamic_task_mapping to 2022-03-04 00:00:00+00:00, run_after=2022-03-05 00:00:00+00:00
[2026-04-21T16:30:34.180+0530] {processor.py:183} INFO - Processing /Library/Frameworks/Python.framework/Versions/3.10/lib/python3.10/site-packages/airflow/example_dags/example_dynamic_task_mapping.py took 0.082 seconds
[2026-04-21T19:25:14.130+0530] {processor.py:161} INFO - Started process (PID=66881) to work on /Library/Frameworks/Python.framework/Versions/3.10/lib/python3.10/site-packages/airflow/example_dags/example_dynamic_task_mapping.py
[2026-04-21T19:25:14.131+0530] {processor.py:830} INFO - Processing file /Library/Frameworks/Python.framework/Versions/3.10/lib/python3.10/site-packages/airflow/example_dags/example_dynamic_task_mapping.py for tasks to queue
[2026-04-21T19:25:14.132+0530] {logging_mixin.py:188} INFO - [2026-04-21T19:25:14.132+0530] {dagbag.py:545} INFO - Filling up the DagBag from /Library/Frameworks/Python.framework/Versions/3.10/lib/python3.10/site-packages/airflow/example_dags/example_dynamic_task_mapping.py
[2026-04-21T19:25:14.146+0530] {processor.py:840} INFO - DAG(s) 'example_dynamic_task_mapping' retrieved from /Library/Frameworks/Python.framework/Versions/3.10/lib/python3.10/site-packages/airflow/example_dags/example_dynamic_task_mapping.py
[2026-04-21T19:25:14.184+0530] {logging_mixin.py:188} INFO - [2026-04-21T19:25:14.184+0530] {dag.py:3096} INFO - Sync 1 DAGs
[2026-04-21T19:25:14.190+0530] {logging_mixin.py:188} INFO - [2026-04-21T19:25:14.190+0530] {dag.py:3954} INFO - Setting next_dagrun for example_dynamic_task_mapping to 2022-03-04 00:00:00+00:00, run_after=2022-03-05 00:00:00+00:00
[2026-04-21T19:25:14.195+0530] {processor.py:183} INFO - Processing /Library/Frameworks/Python.framework/Versions/3.10/lib/python3.10/site-packages/airflow/example_dags/example_dynamic_task_mapping.py took 0.066 seconds
[2026-04-21T23:15:56.043+0530] {processor.py:161} INFO - Started process (PID=67439) to work on /Library/Frameworks/Python.framework/Versions/3.10/lib/python3.10/site-packages/airflow/example_dags/example_dynamic_task_mapping.py
[2026-04-21T23:15:56.044+0530] {processor.py:830} INFO - Processing file /Library/Frameworks/Python.framework/Versions/3.10/lib/python3.10/site-packages/airflow/example_dags/example_dynamic_task_mapping.py for tasks to queue
[2026-04-21T23:15:56.045+0530] {logging_mixin.py:188} INFO - [2026-04-21T23:15:56.045+0530] {dagbag.py:545} INFO - Filling up the DagBag from /Library/Frameworks/Python.framework/Versions/3.10/lib/python3.10/site-packages/airflow/example_dags/example_dynamic_task_mapping.py
[2026-04-21T23:15:56.059+0530] {processor.py:840} INFO - DAG(s) 'example_dynamic_task_mapping' retrieved from /Library/Frameworks/Python.framework/Versions/3.10/lib/python3.10/site-packages/airflow/example_dags/example_dynamic_task_mapping.py
[2026-04-21T23:15:56.096+0530] {logging_mixin.py:188} INFO - [2026-04-21T23:15:56.096+0530] {dag.py:3096} INFO - Sync 1 DAGs
[2026-04-21T23:15:56.102+0530] {logging_mixin.py:188} INFO - [2026-04-21T23:15:56.102+0530] {dag.py:3954} INFO - Setting next_dagrun for example_dynamic_task_mapping to 2022-03-04 00:00:00+00:00, run_after=2022-03-05 00:00:00+00:00
[2026-04-21T23:15:56.108+0530] {processor.py:183} INFO - Processing /Library/Frameworks/Python.framework/Versions/3.10/lib/python3.10/site-packages/airflow/example_dags/example_dynamic_task_mapping.py took 0.065 seconds
[2026-04-22T01:54:58.924+0530] {processor.py:161} INFO - Started process (PID=67918) to work on /Library/Frameworks/Python.framework/Versions/3.10/lib/python3.10/site-packages/airflow/example_dags/example_dynamic_task_mapping.py
[2026-04-22T01:54:58.925+0530] {processor.py:830} INFO - Processing file /Library/Frameworks/Python.framework/Versions/3.10/lib/python3.10/site-packages/airflow/example_dags/example_dynamic_task_mapping.py for tasks to queue
[2026-04-22T01:54:58.925+0530] {logging_mixin.py:188} INFO - [2026-04-22T01:54:58.925+0530] {dagbag.py:545} INFO - Filling up the DagBag from /Library/Frameworks/Python.framework/Versions/3.10/lib/python3.10/site-packages/airflow/example_dags/example_dynamic_task_mapping.py
[2026-04-22T01:54:58.938+0530] {processor.py:840} INFO - DAG(s) 'example_dynamic_task_mapping' retrieved from /Library/Frameworks/Python.framework/Versions/3.10/lib/python3.10/site-packages/airflow/example_dags/example_dynamic_task_mapping.py
[2026-04-22T01:54:58.973+0530] {logging_mixin.py:188} INFO - [2026-04-22T01:54:58.972+0530] {dag.py:3096} INFO - Sync 1 DAGs
[2026-04-22T01:54:58.978+0530] {logging_mixin.py:188} INFO - [2026-04-22T01:54:58.978+0530] {dag.py:3954} INFO - Setting next_dagrun for example_dynamic_task_mapping to 2022-03-04 00:00:00+00:00, run_after=2022-03-05 00:00:00+00:00
[2026-04-22T01:54:58.983+0530] {processor.py:183} INFO - Processing /Library/Frameworks/Python.framework/Versions/3.10/lib/python3.10/site-packages/airflow/example_dags/example_dynamic_task_mapping.py took 0.060 seconds
[2026-04-22T04:59:15.214+0530] {processor.py:161} INFO - Started process (PID=68365) to work on /Library/Frameworks/Python.framework/Versions/3.10/lib/python3.10/site-packages/airflow/example_dags/example_dynamic_task_mapping.py
[2026-04-22T04:59:15.216+0530] {processor.py:830} INFO - Processing file /Library/Frameworks/Python.framework/Versions/3.10/lib/python3.10/site-packages/airflow/example_dags/example_dynamic_task_mapping.py for tasks to queue
[2026-04-22T04:59:15.216+0530] {logging_mixin.py:188} INFO - [2026-04-22T04:59:15.216+0530] {dagbag.py:545} INFO - Filling up the DagBag from /Library/Frameworks/Python.framework/Versions/3.10/lib/python3.10/site-packages/airflow/example_dags/example_dynamic_task_mapping.py
[2026-04-22T04:59:15.243+0530] {processor.py:840} INFO - DAG(s) 'example_dynamic_task_mapping' retrieved from /Library/Frameworks/Python.framework/Versions/3.10/lib/python3.10/site-packages/airflow/example_dags/example_dynamic_task_mapping.py
[2026-04-22T04:59:15.315+0530] {logging_mixin.py:188} INFO - [2026-04-22T04:59:15.315+0530] {dag.py:3096} INFO - Sync 1 DAGs
[2026-04-22T04:59:15.326+0530] {logging_mixin.py:188} INFO - [2026-04-22T04:59:15.326+0530] {dag.py:3954} INFO - Setting next_dagrun for example_dynamic_task_mapping to 2022-03-04 00:00:00+00:00, run_after=2022-03-05 00:00:00+00:00
[2026-04-22T04:59:15.337+0530] {processor.py:183} INFO - Processing /Library/Frameworks/Python.framework/Versions/3.10/lib/python3.10/site-packages/airflow/example_dags/example_dynamic_task_mapping.py took 0.125 seconds
