[2026-04-21T16:30:43.936+0530] {processor.py:161} INFO - Started process (PID=66545) to work on /Library/Frameworks/Python.framework/Versions/3.10/lib/python3.10/site-packages/airflow/example_dags/example_branch_datetime_operator.py
[2026-04-21T16:30:43.937+0530] {processor.py:830} INFO - Processing file /Library/Frameworks/Python.framework/Versions/3.10/lib/python3.10/site-packages/airflow/example_dags/example_branch_datetime_operator.py for tasks to queue
[2026-04-21T16:30:43.937+0530] {logging_mixin.py:188} INFO - [2026-04-21T16:30:43.937+0530] {dagbag.py:545} INFO - Filling up the DagBag from /Library/Frameworks/Python.framework/Versions/3.10/lib/python3.10/site-packages/airflow/example_dags/example_branch_datetime_operator.py
[2026-04-21T16:30:43.941+0530] {processor.py:840} INFO - DAG(s) 'example_branch_datetime_operator', 'example_branch_datetime_operator_2', 'example_branch_datetime_operator_3' retrieved from /Library/Frameworks/Python.framework/Versions/3.10/lib/python3.10/site-packages/airflow/example_dags/example_branch_datetime_operator.py
[2026-04-21T16:30:43.999+0530] {logging_mixin.py:188} INFO - [2026-04-21T16:30:43.998+0530] {override.py:1829} INFO - Created Permission View: can edit on DAG:example_branch_datetime_operator
[2026-04-21T16:30:44.001+0530] {logging_mixin.py:188} INFO - [2026-04-21T16:30:44.001+0530] {override.py:1829} INFO - Created Permission View: can delete on DAG:example_branch_datetime_operator
[2026-04-21T16:30:44.003+0530] {logging_mixin.py:188} INFO - [2026-04-21T16:30:44.003+0530] {override.py:1829} INFO - Created Permission View: can read on DAG:example_branch_datetime_operator
[2026-04-21T16:30:44.006+0530] {logging_mixin.py:188} INFO - [2026-04-21T16:30:44.006+0530] {override.py:1829} INFO - Created Permission View: can edit on DAG:example_branch_datetime_operator_2
[2026-04-21T16:30:44.007+0530] {logging_mixin.py:188} INFO - [2026-04-21T16:30:44.007+0530] {override.py:1829} INFO - Created Permission View: can delete on DAG:example_branch_datetime_operator_2
[2026-04-21T16:30:44.009+0530] {logging_mixin.py:188} INFO - [2026-04-21T16:30:44.009+0530] {override.py:1829} INFO - Created Permission View: can read on DAG:example_branch_datetime_operator_2
[2026-04-21T16:30:44.012+0530] {logging_mixin.py:188} INFO - [2026-04-21T16:30:44.012+0530] {override.py:1829} INFO - Created Permission View: can edit on DAG:example_branch_datetime_operator_3
[2026-04-21T16:30:44.014+0530] {logging_mixin.py:188} INFO - [2026-04-21T16:30:44.014+0530] {override.py:1829} INFO - Created Permission View: can delete on DAG:example_branch_datetime_operator_3
[2026-04-21T16:30:44.015+0530] {logging_mixin.py:188} INFO - [2026-04-21T16:30:44.015+0530] {override.py:1829} INFO - Created Permission View: can read on DAG:example_branch_datetime_operator_3
[2026-04-21T16:30:44.015+0530] {logging_mixin.py:188} INFO - [2026-04-21T16:30:44.015+0530] {dag.py:3096} INFO - Sync 3 DAGs
[2026-04-21T16:30:44.018+0530] {logging_mixin.py:188} INFO - [2026-04-21T16:30:44.018+0530] {dag.py:3118} INFO - Creating ORM DAG for example_branch_datetime_operator_3
[2026-04-21T16:30:44.018+0530] {logging_mixin.py:188} INFO - [2026-04-21T16:30:44.018+0530] {dag.py:3118} INFO - Creating ORM DAG for example_branch_datetime_operator
[2026-04-21T16:30:44.018+0530] {logging_mixin.py:188} INFO - [2026-04-21T16:30:44.018+0530] {dag.py:3118} INFO - Creating ORM DAG for example_branch_datetime_operator_2
[2026-04-21T16:30:44.021+0530] {logging_mixin.py:188} INFO - [2026-04-21T16:30:44.021+0530] {dag.py:3954} INFO - Setting next_dagrun for example_branch_datetime_operator to 2026-04-20 00:00:00+00:00, run_after=2026-04-21 00:00:00+00:00
[2026-04-21T16:30:44.021+0530] {logging_mixin.py:188} INFO - [2026-04-21T16:30:44.021+0530] {dag.py:3954} INFO - Setting next_dagrun for example_branch_datetime_operator_2 to 2026-04-20 00:00:00+00:00, run_after=2026-04-21 00:00:00+00:00
[2026-04-21T16:30:44.021+0530] {logging_mixin.py:188} INFO - [2026-04-21T16:30:44.021+0530] {dag.py:3954} INFO - Setting next_dagrun for example_branch_datetime_operator_3 to 2026-04-20 00:00:00+00:00, run_after=2026-04-21 00:00:00+00:00
[2026-04-21T16:30:44.026+0530] {processor.py:183} INFO - Processing /Library/Frameworks/Python.framework/Versions/3.10/lib/python3.10/site-packages/airflow/example_dags/example_branch_datetime_operator.py took 0.091 seconds
[2026-04-21T20:50:19.338+0530] {processor.py:161} INFO - Started process (PID=67097) to work on /Library/Frameworks/Python.framework/Versions/3.10/lib/python3.10/site-packages/airflow/example_dags/example_branch_datetime_operator.py
[2026-04-21T20:50:19.339+0530] {processor.py:830} INFO - Processing file /Library/Frameworks/Python.framework/Versions/3.10/lib/python3.10/site-packages/airflow/example_dags/example_branch_datetime_operator.py for tasks to queue
[2026-04-21T20:50:19.339+0530] {logging_mixin.py:188} INFO - [2026-04-21T20:50:19.339+0530] {dagbag.py:545} INFO - Filling up the DagBag from /Library/Frameworks/Python.framework/Versions/3.10/lib/python3.10/site-packages/airflow/example_dags/example_branch_datetime_operator.py
[2026-04-21T20:50:19.346+0530] {processor.py:840} INFO - DAG(s) 'example_branch_datetime_operator_2', 'example_branch_datetime_operator_3', 'example_branch_datetime_operator' retrieved from /Library/Frameworks/Python.framework/Versions/3.10/lib/python3.10/site-packages/airflow/example_dags/example_branch_datetime_operator.py
[2026-04-21T20:50:19.398+0530] {logging_mixin.py:188} INFO - [2026-04-21T20:50:19.397+0530] {dag.py:3096} INFO - Sync 3 DAGs
[2026-04-21T20:50:19.405+0530] {logging_mixin.py:188} INFO - [2026-04-21T20:50:19.405+0530] {dag.py:3954} INFO - Setting next_dagrun for example_branch_datetime_operator to 2026-04-20 00:00:00+00:00, run_after=2026-04-21 00:00:00+00:00
[2026-04-21T20:50:19.407+0530] {logging_mixin.py:188} INFO - [2026-04-21T20:50:19.407+0530] {dag.py:3954} INFO - Setting next_dagrun for example_branch_datetime_operator_2 to 2026-04-20 00:00:00+00:00, run_after=2026-04-21 00:00:00+00:00
[2026-04-21T20:50:19.408+0530] {logging_mixin.py:188} INFO - [2026-04-21T20:50:19.407+0530] {dag.py:3954} INFO - Setting next_dagrun for example_branch_datetime_operator_3 to 2026-04-20 00:00:00+00:00, run_after=2026-04-21 00:00:00+00:00
[2026-04-21T20:50:19.415+0530] {processor.py:183} INFO - Processing /Library/Frameworks/Python.framework/Versions/3.10/lib/python3.10/site-packages/airflow/example_dags/example_branch_datetime_operator.py took 0.078 seconds
[2026-04-21T23:16:55.070+0530] {processor.py:161} INFO - Started process (PID=67453) to work on /Library/Frameworks/Python.framework/Versions/3.10/lib/python3.10/site-packages/airflow/example_dags/example_branch_datetime_operator.py
[2026-04-21T23:16:55.071+0530] {processor.py:830} INFO - Processing file /Library/Frameworks/Python.framework/Versions/3.10/lib/python3.10/site-packages/airflow/example_dags/example_branch_datetime_operator.py for tasks to queue
[2026-04-21T23:16:55.071+0530] {logging_mixin.py:188} INFO - [2026-04-21T23:16:55.071+0530] {dagbag.py:545} INFO - Filling up the DagBag from /Library/Frameworks/Python.framework/Versions/3.10/lib/python3.10/site-packages/airflow/example_dags/example_branch_datetime_operator.py
[2026-04-21T23:16:55.076+0530] {processor.py:840} INFO - DAG(s) 'example_branch_datetime_operator', 'example_branch_datetime_operator_3', 'example_branch_datetime_operator_2' retrieved from /Library/Frameworks/Python.framework/Versions/3.10/lib/python3.10/site-packages/airflow/example_dags/example_branch_datetime_operator.py
[2026-04-21T23:16:55.114+0530] {logging_mixin.py:188} INFO - [2026-04-21T23:16:55.113+0530] {dag.py:3096} INFO - Sync 3 DAGs
[2026-04-21T23:16:55.119+0530] {logging_mixin.py:188} INFO - [2026-04-21T23:16:55.119+0530] {dag.py:3954} INFO - Setting next_dagrun for example_branch_datetime_operator to 2026-04-20 00:00:00+00:00, run_after=2026-04-21 00:00:00+00:00
[2026-04-21T23:16:55.120+0530] {logging_mixin.py:188} INFO - [2026-04-21T23:16:55.120+0530] {dag.py:3954} INFO - Setting next_dagrun for example_branch_datetime_operator_2 to 2026-04-20 00:00:00+00:00, run_after=2026-04-21 00:00:00+00:00
[2026-04-21T23:16:55.121+0530] {logging_mixin.py:188} INFO - [2026-04-21T23:16:55.121+0530] {dag.py:3954} INFO - Setting next_dagrun for example_branch_datetime_operator_3 to 2026-04-20 00:00:00+00:00, run_after=2026-04-21 00:00:00+00:00
[2026-04-21T23:16:55.126+0530] {processor.py:183} INFO - Processing /Library/Frameworks/Python.framework/Versions/3.10/lib/python3.10/site-packages/airflow/example_dags/example_branch_datetime_operator.py took 0.057 seconds
[2026-04-22T01:55:33.289+0530] {processor.py:161} INFO - Started process (PID=67931) to work on /Library/Frameworks/Python.framework/Versions/3.10/lib/python3.10/site-packages/airflow/example_dags/example_branch_datetime_operator.py
[2026-04-22T01:55:33.290+0530] {processor.py:830} INFO - Processing file /Library/Frameworks/Python.framework/Versions/3.10/lib/python3.10/site-packages/airflow/example_dags/example_branch_datetime_operator.py for tasks to queue
[2026-04-22T01:55:33.290+0530] {logging_mixin.py:188} INFO - [2026-04-22T01:55:33.290+0530] {dagbag.py:545} INFO - Filling up the DagBag from /Library/Frameworks/Python.framework/Versions/3.10/lib/python3.10/site-packages/airflow/example_dags/example_branch_datetime_operator.py
[2026-04-22T01:55:33.295+0530] {processor.py:840} INFO - DAG(s) 'example_branch_datetime_operator_2', 'example_branch_datetime_operator', 'example_branch_datetime_operator_3' retrieved from /Library/Frameworks/Python.framework/Versions/3.10/lib/python3.10/site-packages/airflow/example_dags/example_branch_datetime_operator.py
[2026-04-22T01:55:33.337+0530] {logging_mixin.py:188} INFO - [2026-04-22T01:55:33.337+0530] {dag.py:3096} INFO - Sync 3 DAGs
[2026-04-22T01:55:33.344+0530] {logging_mixin.py:188} INFO - [2026-04-22T01:55:33.344+0530] {dag.py:3954} INFO - Setting next_dagrun for example_branch_datetime_operator to 2026-04-20 00:00:00+00:00, run_after=2026-04-21 00:00:00+00:00
[2026-04-22T01:55:33.345+0530] {logging_mixin.py:188} INFO - [2026-04-22T01:55:33.345+0530] {dag.py:3954} INFO - Setting next_dagrun for example_branch_datetime_operator_2 to 2026-04-20 00:00:00+00:00, run_after=2026-04-21 00:00:00+00:00
[2026-04-22T01:55:33.346+0530] {logging_mixin.py:188} INFO - [2026-04-22T01:55:33.346+0530] {dag.py:3954} INFO - Setting next_dagrun for example_branch_datetime_operator_3 to 2026-04-20 00:00:00+00:00, run_after=2026-04-21 00:00:00+00:00
[2026-04-22T01:55:33.352+0530] {processor.py:183} INFO - Processing /Library/Frameworks/Python.framework/Versions/3.10/lib/python3.10/site-packages/airflow/example_dags/example_branch_datetime_operator.py took 0.064 seconds
