[2026-04-21T16:30:19.785+0530] {processor.py:161} INFO - Started process (PID=66059) to work on /Library/Frameworks/Python.framework/Versions/3.10/lib/python3.10/site-packages/airflow/example_dags/example_setup_teardown.py
[2026-04-21T16:30:19.786+0530] {processor.py:830} INFO - Processing file /Library/Frameworks/Python.framework/Versions/3.10/lib/python3.10/site-packages/airflow/example_dags/example_setup_teardown.py for tasks to queue
[2026-04-21T16:30:19.786+0530] {logging_mixin.py:188} INFO - [2026-04-21T16:30:19.786+0530] {dagbag.py:545} INFO - Filling up the DagBag from /Library/Frameworks/Python.framework/Versions/3.10/lib/python3.10/site-packages/airflow/example_dags/example_setup_teardown.py
[2026-04-21T16:30:19.789+0530] {processor.py:840} INFO - DAG(s) 'example_setup_teardown' retrieved from /Library/Frameworks/Python.framework/Versions/3.10/lib/python3.10/site-packages/airflow/example_dags/example_setup_teardown.py
[2026-04-21T16:30:19.847+0530] {logging_mixin.py:188} INFO - [2026-04-21T16:30:19.846+0530] {override.py:1829} INFO - Created Permission View: can edit on DAG:example_setup_teardown
[2026-04-21T16:30:19.849+0530] {logging_mixin.py:188} INFO - [2026-04-21T16:30:19.849+0530] {override.py:1829} INFO - Created Permission View: can delete on DAG:example_setup_teardown
[2026-04-21T16:30:19.851+0530] {logging_mixin.py:188} INFO - [2026-04-21T16:30:19.851+0530] {override.py:1829} INFO - Created Permission View: can read on DAG:example_setup_teardown
[2026-04-21T16:30:19.851+0530] {logging_mixin.py:188} INFO - [2026-04-21T16:30:19.851+0530] {dag.py:3096} INFO - Sync 1 DAGs
[2026-04-21T16:30:19.854+0530] {logging_mixin.py:188} INFO - [2026-04-21T16:30:19.854+0530] {dag.py:3118} INFO - Creating ORM DAG for example_setup_teardown
[2026-04-21T16:30:19.856+0530] {logging_mixin.py:188} INFO - [2026-04-21T16:30:19.856+0530] {dag.py:3954} INFO - Setting next_dagrun for example_setup_teardown to 2026-04-20 00:00:00+00:00, run_after=2026-04-21 00:00:00+00:00
[2026-04-21T16:30:19.860+0530] {processor.py:183} INFO - Processing /Library/Frameworks/Python.framework/Versions/3.10/lib/python3.10/site-packages/airflow/example_dags/example_setup_teardown.py took 0.076 seconds
[2026-04-21T19:24:33.910+0530] {processor.py:161} INFO - Started process (PID=66854) to work on /Library/Frameworks/Python.framework/Versions/3.10/lib/python3.10/site-packages/airflow/example_dags/example_setup_teardown.py
[2026-04-21T19:24:33.911+0530] {processor.py:830} INFO - Processing file /Library/Frameworks/Python.framework/Versions/3.10/lib/python3.10/site-packages/airflow/example_dags/example_setup_teardown.py for tasks to queue
[2026-04-21T19:24:33.911+0530] {logging_mixin.py:188} INFO - [2026-04-21T19:24:33.911+0530] {dagbag.py:545} INFO - Filling up the DagBag from /Library/Frameworks/Python.framework/Versions/3.10/lib/python3.10/site-packages/airflow/example_dags/example_setup_teardown.py
[2026-04-21T19:24:33.916+0530] {processor.py:840} INFO - DAG(s) 'example_setup_teardown' retrieved from /Library/Frameworks/Python.framework/Versions/3.10/lib/python3.10/site-packages/airflow/example_dags/example_setup_teardown.py
[2026-04-21T19:24:33.967+0530] {logging_mixin.py:188} INFO - [2026-04-21T19:24:33.967+0530] {dag.py:3096} INFO - Sync 1 DAGs
[2026-04-21T19:24:33.974+0530] {logging_mixin.py:188} INFO - [2026-04-21T19:24:33.974+0530] {dag.py:3954} INFO - Setting next_dagrun for example_setup_teardown to 2026-04-20 00:00:00+00:00, run_after=2026-04-21 00:00:00+00:00
[2026-04-21T19:24:33.982+0530] {processor.py:183} INFO - Processing /Library/Frameworks/Python.framework/Versions/3.10/lib/python3.10/site-packages/airflow/example_dags/example_setup_teardown.py took 0.073 seconds
[2026-04-21T21:56:08.277+0530] {processor.py:161} INFO - Started process (PID=67265) to work on /Library/Frameworks/Python.framework/Versions/3.10/lib/python3.10/site-packages/airflow/example_dags/example_setup_teardown.py
[2026-04-21T21:56:08.278+0530] {processor.py:830} INFO - Processing file /Library/Frameworks/Python.framework/Versions/3.10/lib/python3.10/site-packages/airflow/example_dags/example_setup_teardown.py for tasks to queue
[2026-04-21T21:56:08.278+0530] {logging_mixin.py:188} INFO - [2026-04-21T21:56:08.278+0530] {dagbag.py:545} INFO - Filling up the DagBag from /Library/Frameworks/Python.framework/Versions/3.10/lib/python3.10/site-packages/airflow/example_dags/example_setup_teardown.py
[2026-04-21T21:56:08.281+0530] {processor.py:840} INFO - DAG(s) 'example_setup_teardown' retrieved from /Library/Frameworks/Python.framework/Versions/3.10/lib/python3.10/site-packages/airflow/example_dags/example_setup_teardown.py
[2026-04-21T21:56:08.318+0530] {logging_mixin.py:188} INFO - [2026-04-21T21:56:08.318+0530] {dag.py:3096} INFO - Sync 1 DAGs
[2026-04-21T21:56:08.323+0530] {logging_mixin.py:188} INFO - [2026-04-21T21:56:08.323+0530] {dag.py:3954} INFO - Setting next_dagrun for example_setup_teardown to 2026-04-20 00:00:00+00:00, run_after=2026-04-21 00:00:00+00:00
[2026-04-21T21:56:08.329+0530] {processor.py:183} INFO - Processing /Library/Frameworks/Python.framework/Versions/3.10/lib/python3.10/site-packages/airflow/example_dags/example_setup_teardown.py took 0.053 seconds
[2026-04-22T00:36:37.845+0530] {processor.py:161} INFO - Started process (PID=67706) to work on /Library/Frameworks/Python.framework/Versions/3.10/lib/python3.10/site-packages/airflow/example_dags/example_setup_teardown.py
[2026-04-22T00:36:37.845+0530] {processor.py:830} INFO - Processing file /Library/Frameworks/Python.framework/Versions/3.10/lib/python3.10/site-packages/airflow/example_dags/example_setup_teardown.py for tasks to queue
[2026-04-22T00:36:37.846+0530] {logging_mixin.py:188} INFO - [2026-04-22T00:36:37.845+0530] {dagbag.py:545} INFO - Filling up the DagBag from /Library/Frameworks/Python.framework/Versions/3.10/lib/python3.10/site-packages/airflow/example_dags/example_setup_teardown.py
[2026-04-22T00:36:37.849+0530] {processor.py:840} INFO - DAG(s) 'example_setup_teardown' retrieved from /Library/Frameworks/Python.framework/Versions/3.10/lib/python3.10/site-packages/airflow/example_dags/example_setup_teardown.py
[2026-04-22T00:36:37.891+0530] {logging_mixin.py:188} INFO - [2026-04-22T00:36:37.891+0530] {dag.py:3096} INFO - Sync 1 DAGs
[2026-04-22T00:36:37.896+0530] {logging_mixin.py:188} INFO - [2026-04-22T00:36:37.896+0530] {dag.py:3954} INFO - Setting next_dagrun for example_setup_teardown to 2026-04-20 00:00:00+00:00, run_after=2026-04-21 00:00:00+00:00
[2026-04-22T00:36:37.903+0530] {processor.py:183} INFO - Processing /Library/Frameworks/Python.framework/Versions/3.10/lib/python3.10/site-packages/airflow/example_dags/example_setup_teardown.py took 0.059 seconds
[2026-04-22T01:53:54.892+0530] {processor.py:161} INFO - Started process (PID=67891) to work on /Library/Frameworks/Python.framework/Versions/3.10/lib/python3.10/site-packages/airflow/example_dags/example_setup_teardown.py
[2026-04-22T01:53:54.893+0530] {processor.py:830} INFO - Processing file /Library/Frameworks/Python.framework/Versions/3.10/lib/python3.10/site-packages/airflow/example_dags/example_setup_teardown.py for tasks to queue
[2026-04-22T01:53:54.894+0530] {logging_mixin.py:188} INFO - [2026-04-22T01:53:54.893+0530] {dagbag.py:545} INFO - Filling up the DagBag from /Library/Frameworks/Python.framework/Versions/3.10/lib/python3.10/site-packages/airflow/example_dags/example_setup_teardown.py
[2026-04-22T01:53:54.896+0530] {processor.py:840} INFO - DAG(s) 'example_setup_teardown' retrieved from /Library/Frameworks/Python.framework/Versions/3.10/lib/python3.10/site-packages/airflow/example_dags/example_setup_teardown.py
[2026-04-22T01:53:54.929+0530] {logging_mixin.py:188} INFO - [2026-04-22T01:53:54.928+0530] {dag.py:3096} INFO - Sync 1 DAGs
[2026-04-22T01:53:54.933+0530] {logging_mixin.py:188} INFO - [2026-04-22T01:53:54.933+0530] {dag.py:3954} INFO - Setting next_dagrun for example_setup_teardown to 2026-04-20 00:00:00+00:00, run_after=2026-04-21 00:00:00+00:00
[2026-04-22T01:53:54.938+0530] {processor.py:183} INFO - Processing /Library/Frameworks/Python.framework/Versions/3.10/lib/python3.10/site-packages/airflow/example_dags/example_setup_teardown.py took 0.047 seconds
[2026-04-22T03:16:24.953+0530] {processor.py:161} INFO - Started process (PID=68136) to work on /Library/Frameworks/Python.framework/Versions/3.10/lib/python3.10/site-packages/airflow/example_dags/example_setup_teardown.py
[2026-04-22T03:16:24.954+0530] {processor.py:830} INFO - Processing file /Library/Frameworks/Python.framework/Versions/3.10/lib/python3.10/site-packages/airflow/example_dags/example_setup_teardown.py for tasks to queue
[2026-04-22T03:16:24.954+0530] {logging_mixin.py:188} INFO - [2026-04-22T03:16:24.954+0530] {dagbag.py:545} INFO - Filling up the DagBag from /Library/Frameworks/Python.framework/Versions/3.10/lib/python3.10/site-packages/airflow/example_dags/example_setup_teardown.py
[2026-04-22T03:16:24.957+0530] {processor.py:840} INFO - DAG(s) 'example_setup_teardown' retrieved from /Library/Frameworks/Python.framework/Versions/3.10/lib/python3.10/site-packages/airflow/example_dags/example_setup_teardown.py
[2026-04-22T03:16:24.990+0530] {logging_mixin.py:188} INFO - [2026-04-22T03:16:24.990+0530] {dag.py:3096} INFO - Sync 1 DAGs
[2026-04-22T03:16:24.995+0530] {logging_mixin.py:188} INFO - [2026-04-22T03:16:24.994+0530] {dag.py:3954} INFO - Setting next_dagrun for example_setup_teardown to 2026-04-20 00:00:00+00:00, run_after=2026-04-21 00:00:00+00:00
[2026-04-22T03:16:25.000+0530] {processor.py:183} INFO - Processing /Library/Frameworks/Python.framework/Versions/3.10/lib/python3.10/site-packages/airflow/example_dags/example_setup_teardown.py took 0.048 seconds
