[2026-04-21T16:30:17.678+0530] {processor.py:161} INFO - Started process (PID=66057) to work on /Library/Frameworks/Python.framework/Versions/3.10/lib/python3.10/site-packages/airflow/example_dags/example_short_circuit_decorator.py
[2026-04-21T16:30:17.678+0530] {processor.py:830} INFO - Processing file /Library/Frameworks/Python.framework/Versions/3.10/lib/python3.10/site-packages/airflow/example_dags/example_short_circuit_decorator.py for tasks to queue
[2026-04-21T16:30:17.678+0530] {logging_mixin.py:188} INFO - [2026-04-21T16:30:17.678+0530] {dagbag.py:545} INFO - Filling up the DagBag from /Library/Frameworks/Python.framework/Versions/3.10/lib/python3.10/site-packages/airflow/example_dags/example_short_circuit_decorator.py
[2026-04-21T16:30:17.691+0530] {processor.py:840} INFO - DAG(s) 'example_short_circuit_decorator' retrieved from /Library/Frameworks/Python.framework/Versions/3.10/lib/python3.10/site-packages/airflow/example_dags/example_short_circuit_decorator.py
[2026-04-21T16:30:17.747+0530] {logging_mixin.py:188} INFO - [2026-04-21T16:30:17.747+0530] {override.py:1829} INFO - Created Permission View: can delete on DAG:example_short_circuit_decorator
[2026-04-21T16:30:17.750+0530] {logging_mixin.py:188} INFO - [2026-04-21T16:30:17.749+0530] {override.py:1829} INFO - Created Permission View: can edit on DAG:example_short_circuit_decorator
[2026-04-21T16:30:17.751+0530] {logging_mixin.py:188} INFO - [2026-04-21T16:30:17.751+0530] {override.py:1829} INFO - Created Permission View: can read on DAG:example_short_circuit_decorator
[2026-04-21T16:30:17.751+0530] {logging_mixin.py:188} INFO - [2026-04-21T16:30:17.751+0530] {dag.py:3096} INFO - Sync 1 DAGs
[2026-04-21T16:30:17.754+0530] {logging_mixin.py:188} INFO - [2026-04-21T16:30:17.754+0530] {dag.py:3118} INFO - Creating ORM DAG for example_short_circuit_decorator
[2026-04-21T16:30:17.756+0530] {logging_mixin.py:188} INFO - [2026-04-21T16:30:17.756+0530] {dag.py:3954} INFO - Setting next_dagrun for example_short_circuit_decorator to 2026-04-20 00:00:00+00:00, run_after=2026-04-21 00:00:00+00:00
[2026-04-21T16:30:17.761+0530] {processor.py:183} INFO - Processing /Library/Frameworks/Python.framework/Versions/3.10/lib/python3.10/site-packages/airflow/example_dags/example_short_circuit_decorator.py took 0.084 seconds
[2026-04-21T19:24:32.002+0530] {processor.py:161} INFO - Started process (PID=66852) to work on /Library/Frameworks/Python.framework/Versions/3.10/lib/python3.10/site-packages/airflow/example_dags/example_short_circuit_decorator.py
[2026-04-21T19:24:32.003+0530] {processor.py:830} INFO - Processing file /Library/Frameworks/Python.framework/Versions/3.10/lib/python3.10/site-packages/airflow/example_dags/example_short_circuit_decorator.py for tasks to queue
[2026-04-21T19:24:32.003+0530] {logging_mixin.py:188} INFO - [2026-04-21T19:24:32.003+0530] {dagbag.py:545} INFO - Filling up the DagBag from /Library/Frameworks/Python.framework/Versions/3.10/lib/python3.10/site-packages/airflow/example_dags/example_short_circuit_decorator.py
[2026-04-21T19:24:32.017+0530] {processor.py:840} INFO - DAG(s) 'example_short_circuit_decorator' retrieved from /Library/Frameworks/Python.framework/Versions/3.10/lib/python3.10/site-packages/airflow/example_dags/example_short_circuit_decorator.py
[2026-04-21T19:24:32.054+0530] {logging_mixin.py:188} INFO - [2026-04-21T19:24:32.054+0530] {dag.py:3096} INFO - Sync 1 DAGs
[2026-04-21T19:24:32.059+0530] {logging_mixin.py:188} INFO - [2026-04-21T19:24:32.059+0530] {dag.py:3954} INFO - Setting next_dagrun for example_short_circuit_decorator to 2026-04-20 00:00:00+00:00, run_after=2026-04-21 00:00:00+00:00
[2026-04-21T19:24:32.065+0530] {processor.py:183} INFO - Processing /Library/Frameworks/Python.framework/Versions/3.10/lib/python3.10/site-packages/airflow/example_dags/example_short_circuit_decorator.py took 0.063 seconds
[2026-04-21T21:55:41.372+0530] {processor.py:161} INFO - Started process (PID=67263) to work on /Library/Frameworks/Python.framework/Versions/3.10/lib/python3.10/site-packages/airflow/example_dags/example_short_circuit_decorator.py
[2026-04-21T21:55:41.373+0530] {processor.py:830} INFO - Processing file /Library/Frameworks/Python.framework/Versions/3.10/lib/python3.10/site-packages/airflow/example_dags/example_short_circuit_decorator.py for tasks to queue
[2026-04-21T21:55:41.373+0530] {logging_mixin.py:188} INFO - [2026-04-21T21:55:41.373+0530] {dagbag.py:545} INFO - Filling up the DagBag from /Library/Frameworks/Python.framework/Versions/3.10/lib/python3.10/site-packages/airflow/example_dags/example_short_circuit_decorator.py
[2026-04-21T21:55:41.390+0530] {processor.py:840} INFO - DAG(s) 'example_short_circuit_decorator' retrieved from /Library/Frameworks/Python.framework/Versions/3.10/lib/python3.10/site-packages/airflow/example_dags/example_short_circuit_decorator.py
[2026-04-21T21:55:41.434+0530] {logging_mixin.py:188} INFO - [2026-04-21T21:55:41.434+0530] {dag.py:3096} INFO - Sync 1 DAGs
[2026-04-21T21:55:41.441+0530] {logging_mixin.py:188} INFO - [2026-04-21T21:55:41.440+0530] {dag.py:3954} INFO - Setting next_dagrun for example_short_circuit_decorator to 2026-04-20 00:00:00+00:00, run_after=2026-04-21 00:00:00+00:00
[2026-04-21T21:55:41.448+0530] {processor.py:183} INFO - Processing /Library/Frameworks/Python.framework/Versions/3.10/lib/python3.10/site-packages/airflow/example_dags/example_short_circuit_decorator.py took 0.077 seconds
[2026-04-22T00:35:06.766+0530] {processor.py:161} INFO - Started process (PID=67675) to work on /Library/Frameworks/Python.framework/Versions/3.10/lib/python3.10/site-packages/airflow/example_dags/example_short_circuit_decorator.py
[2026-04-22T00:35:06.767+0530] {processor.py:830} INFO - Processing file /Library/Frameworks/Python.framework/Versions/3.10/lib/python3.10/site-packages/airflow/example_dags/example_short_circuit_decorator.py for tasks to queue
[2026-04-22T00:35:06.767+0530] {logging_mixin.py:188} INFO - [2026-04-22T00:35:06.767+0530] {dagbag.py:545} INFO - Filling up the DagBag from /Library/Frameworks/Python.framework/Versions/3.10/lib/python3.10/site-packages/airflow/example_dags/example_short_circuit_decorator.py
[2026-04-22T00:35:06.790+0530] {processor.py:840} INFO - DAG(s) 'example_short_circuit_decorator' retrieved from /Library/Frameworks/Python.framework/Versions/3.10/lib/python3.10/site-packages/airflow/example_dags/example_short_circuit_decorator.py
[2026-04-22T00:35:06.840+0530] {logging_mixin.py:188} INFO - [2026-04-22T00:35:06.840+0530] {dag.py:3096} INFO - Sync 1 DAGs
[2026-04-22T00:35:06.846+0530] {logging_mixin.py:188} INFO - [2026-04-22T00:35:06.846+0530] {dag.py:3954} INFO - Setting next_dagrun for example_short_circuit_decorator to 2026-04-20 00:00:00+00:00, run_after=2026-04-21 00:00:00+00:00
[2026-04-22T00:35:06.853+0530] {processor.py:183} INFO - Processing /Library/Frameworks/Python.framework/Versions/3.10/lib/python3.10/site-packages/airflow/example_dags/example_short_circuit_decorator.py took 0.088 seconds
[2026-04-22T01:53:52.822+0530] {processor.py:161} INFO - Started process (PID=67889) to work on /Library/Frameworks/Python.framework/Versions/3.10/lib/python3.10/site-packages/airflow/example_dags/example_short_circuit_decorator.py
[2026-04-22T01:53:52.822+0530] {processor.py:830} INFO - Processing file /Library/Frameworks/Python.framework/Versions/3.10/lib/python3.10/site-packages/airflow/example_dags/example_short_circuit_decorator.py for tasks to queue
[2026-04-22T01:53:52.823+0530] {logging_mixin.py:188} INFO - [2026-04-22T01:53:52.822+0530] {dagbag.py:545} INFO - Filling up the DagBag from /Library/Frameworks/Python.framework/Versions/3.10/lib/python3.10/site-packages/airflow/example_dags/example_short_circuit_decorator.py
[2026-04-22T01:53:52.835+0530] {processor.py:840} INFO - DAG(s) 'example_short_circuit_decorator' retrieved from /Library/Frameworks/Python.framework/Versions/3.10/lib/python3.10/site-packages/airflow/example_dags/example_short_circuit_decorator.py
[2026-04-22T01:53:52.868+0530] {logging_mixin.py:188} INFO - [2026-04-22T01:53:52.868+0530] {dag.py:3096} INFO - Sync 1 DAGs
[2026-04-22T01:53:52.873+0530] {logging_mixin.py:188} INFO - [2026-04-22T01:53:52.873+0530] {dag.py:3954} INFO - Setting next_dagrun for example_short_circuit_decorator to 2026-04-20 00:00:00+00:00, run_after=2026-04-21 00:00:00+00:00
[2026-04-22T01:53:52.878+0530] {processor.py:183} INFO - Processing /Library/Frameworks/Python.framework/Versions/3.10/lib/python3.10/site-packages/airflow/example_dags/example_short_circuit_decorator.py took 0.057 seconds
[2026-04-22T03:15:58.208+0530] {processor.py:161} INFO - Started process (PID=68134) to work on /Library/Frameworks/Python.framework/Versions/3.10/lib/python3.10/site-packages/airflow/example_dags/example_short_circuit_decorator.py
[2026-04-22T03:15:58.210+0530] {processor.py:830} INFO - Processing file /Library/Frameworks/Python.framework/Versions/3.10/lib/python3.10/site-packages/airflow/example_dags/example_short_circuit_decorator.py for tasks to queue
[2026-04-22T03:15:58.210+0530] {logging_mixin.py:188} INFO - [2026-04-22T03:15:58.210+0530] {dagbag.py:545} INFO - Filling up the DagBag from /Library/Frameworks/Python.framework/Versions/3.10/lib/python3.10/site-packages/airflow/example_dags/example_short_circuit_decorator.py
[2026-04-22T03:15:58.226+0530] {processor.py:840} INFO - DAG(s) 'example_short_circuit_decorator' retrieved from /Library/Frameworks/Python.framework/Versions/3.10/lib/python3.10/site-packages/airflow/example_dags/example_short_circuit_decorator.py
[2026-04-22T03:15:58.267+0530] {logging_mixin.py:188} INFO - [2026-04-22T03:15:58.267+0530] {dag.py:3096} INFO - Sync 1 DAGs
[2026-04-22T03:15:58.273+0530] {logging_mixin.py:188} INFO - [2026-04-22T03:15:58.273+0530] {dag.py:3954} INFO - Setting next_dagrun for example_short_circuit_decorator to 2026-04-20 00:00:00+00:00, run_after=2026-04-21 00:00:00+00:00
[2026-04-22T03:15:58.279+0530] {processor.py:183} INFO - Processing /Library/Frameworks/Python.framework/Versions/3.10/lib/python3.10/site-packages/airflow/example_dags/example_short_circuit_decorator.py took 0.071 seconds
