[2026-04-21T16:30:22.713+0530] {processor.py:161} INFO - Started process (PID=66067) to work on /Library/Frameworks/Python.framework/Versions/3.10/lib/python3.10/site-packages/airflow/example_dags/example_python_operator.py
[2026-04-21T16:30:22.714+0530] {processor.py:830} INFO - Processing file /Library/Frameworks/Python.framework/Versions/3.10/lib/python3.10/site-packages/airflow/example_dags/example_python_operator.py for tasks to queue
[2026-04-21T16:30:22.714+0530] {logging_mixin.py:188} INFO - [2026-04-21T16:30:22.714+0530] {dagbag.py:545} INFO - Filling up the DagBag from /Library/Frameworks/Python.framework/Versions/3.10/lib/python3.10/site-packages/airflow/example_dags/example_python_operator.py
[2026-04-21T16:30:22.722+0530] {logging_mixin.py:188} INFO - [2026-04-21T16:30:22.722+0530] {example_python_operator.py:93} WARNING - The virtalenv_python example task requires virtualenv, please install it.
[2026-04-21T16:30:22.723+0530] {processor.py:840} INFO - DAG(s) 'example_python_operator' retrieved from /Library/Frameworks/Python.framework/Versions/3.10/lib/python3.10/site-packages/airflow/example_dags/example_python_operator.py
[2026-04-21T16:30:22.781+0530] {logging_mixin.py:188} INFO - [2026-04-21T16:30:22.780+0530] {override.py:1829} INFO - Created Permission View: can read on DAG:example_python_operator
[2026-04-21T16:30:22.783+0530] {logging_mixin.py:188} INFO - [2026-04-21T16:30:22.783+0530] {override.py:1829} INFO - Created Permission View: can delete on DAG:example_python_operator
[2026-04-21T16:30:22.784+0530] {logging_mixin.py:188} INFO - [2026-04-21T16:30:22.784+0530] {override.py:1829} INFO - Created Permission View: can edit on DAG:example_python_operator
[2026-04-21T16:30:22.785+0530] {logging_mixin.py:188} INFO - [2026-04-21T16:30:22.785+0530] {dag.py:3096} INFO - Sync 1 DAGs
[2026-04-21T16:30:22.788+0530] {logging_mixin.py:188} INFO - [2026-04-21T16:30:22.788+0530] {dag.py:3118} INFO - Creating ORM DAG for example_python_operator
[2026-04-21T16:30:22.788+0530] {logging_mixin.py:188} INFO - [2026-04-21T16:30:22.788+0530] {dag.py:3954} INFO - Setting next_dagrun for example_python_operator to None, run_after=None
[2026-04-21T16:30:22.792+0530] {processor.py:183} INFO - Processing /Library/Frameworks/Python.framework/Versions/3.10/lib/python3.10/site-packages/airflow/example_dags/example_python_operator.py took 0.080 seconds
[2026-04-21T19:24:37.204+0530] {processor.py:161} INFO - Started process (PID=66857) to work on /Library/Frameworks/Python.framework/Versions/3.10/lib/python3.10/site-packages/airflow/example_dags/example_python_operator.py
[2026-04-21T19:24:37.205+0530] {processor.py:830} INFO - Processing file /Library/Frameworks/Python.framework/Versions/3.10/lib/python3.10/site-packages/airflow/example_dags/example_python_operator.py for tasks to queue
[2026-04-21T19:24:37.205+0530] {logging_mixin.py:188} INFO - [2026-04-21T19:24:37.205+0530] {dagbag.py:545} INFO - Filling up the DagBag from /Library/Frameworks/Python.framework/Versions/3.10/lib/python3.10/site-packages/airflow/example_dags/example_python_operator.py
[2026-04-21T19:24:37.216+0530] {logging_mixin.py:188} INFO - [2026-04-21T19:24:37.216+0530] {example_python_operator.py:93} WARNING - The virtalenv_python example task requires virtualenv, please install it.
[2026-04-21T19:24:37.218+0530] {processor.py:840} INFO - DAG(s) 'example_python_operator' retrieved from /Library/Frameworks/Python.framework/Versions/3.10/lib/python3.10/site-packages/airflow/example_dags/example_python_operator.py
[2026-04-21T19:24:37.263+0530] {logging_mixin.py:188} INFO - [2026-04-21T19:24:37.263+0530] {dag.py:3096} INFO - Sync 1 DAGs
[2026-04-21T19:24:37.267+0530] {logging_mixin.py:188} INFO - [2026-04-21T19:24:37.266+0530] {dag.py:3954} INFO - Setting next_dagrun for example_python_operator to None, run_after=None
[2026-04-21T19:24:37.274+0530] {processor.py:183} INFO - Processing /Library/Frameworks/Python.framework/Versions/3.10/lib/python3.10/site-packages/airflow/example_dags/example_python_operator.py took 0.071 seconds
[2026-04-21T21:56:11.153+0530] {processor.py:161} INFO - Started process (PID=67271) to work on /Library/Frameworks/Python.framework/Versions/3.10/lib/python3.10/site-packages/airflow/example_dags/example_python_operator.py
[2026-04-21T21:56:11.153+0530] {processor.py:830} INFO - Processing file /Library/Frameworks/Python.framework/Versions/3.10/lib/python3.10/site-packages/airflow/example_dags/example_python_operator.py for tasks to queue
[2026-04-21T21:56:11.154+0530] {logging_mixin.py:188} INFO - [2026-04-21T21:56:11.154+0530] {dagbag.py:545} INFO - Filling up the DagBag from /Library/Frameworks/Python.framework/Versions/3.10/lib/python3.10/site-packages/airflow/example_dags/example_python_operator.py
[2026-04-21T21:56:11.162+0530] {logging_mixin.py:188} INFO - [2026-04-21T21:56:11.162+0530] {example_python_operator.py:93} WARNING - The virtalenv_python example task requires virtualenv, please install it.
[2026-04-21T21:56:11.163+0530] {processor.py:840} INFO - DAG(s) 'example_python_operator' retrieved from /Library/Frameworks/Python.framework/Versions/3.10/lib/python3.10/site-packages/airflow/example_dags/example_python_operator.py
[2026-04-21T21:56:11.196+0530] {logging_mixin.py:188} INFO - [2026-04-21T21:56:11.196+0530] {dag.py:3096} INFO - Sync 1 DAGs
[2026-04-21T21:56:11.199+0530] {logging_mixin.py:188} INFO - [2026-04-21T21:56:11.199+0530] {dag.py:3954} INFO - Setting next_dagrun for example_python_operator to None, run_after=None
[2026-04-21T21:56:11.204+0530] {processor.py:183} INFO - Processing /Library/Frameworks/Python.framework/Versions/3.10/lib/python3.10/site-packages/airflow/example_dags/example_python_operator.py took 0.052 seconds
[2026-04-22T01:53:57.872+0530] {processor.py:161} INFO - Started process (PID=67894) to work on /Library/Frameworks/Python.framework/Versions/3.10/lib/python3.10/site-packages/airflow/example_dags/example_python_operator.py
[2026-04-22T01:53:57.873+0530] {processor.py:830} INFO - Processing file /Library/Frameworks/Python.framework/Versions/3.10/lib/python3.10/site-packages/airflow/example_dags/example_python_operator.py for tasks to queue
[2026-04-22T01:53:57.874+0530] {logging_mixin.py:188} INFO - [2026-04-22T01:53:57.873+0530] {dagbag.py:545} INFO - Filling up the DagBag from /Library/Frameworks/Python.framework/Versions/3.10/lib/python3.10/site-packages/airflow/example_dags/example_python_operator.py
[2026-04-22T01:54:22.844+0530] {logging_mixin.py:188} INFO - [2026-04-22T01:54:22.844+0530] {example_python_operator.py:93} WARNING - The virtalenv_python example task requires virtualenv, please install it.
[2026-04-22T01:54:22.856+0530] {processor.py:840} INFO - DAG(s) 'example_python_operator' retrieved from /Library/Frameworks/Python.framework/Versions/3.10/lib/python3.10/site-packages/airflow/example_dags/example_python_operator.py
[2026-04-22T01:54:22.917+0530] {logging_mixin.py:188} INFO - [2026-04-22T01:54:22.917+0530] {dag.py:3096} INFO - Sync 1 DAGs
[2026-04-22T01:54:22.921+0530] {logging_mixin.py:188} INFO - [2026-04-22T01:54:22.921+0530] {dag.py:3954} INFO - Setting next_dagrun for example_python_operator to None, run_after=None
[2026-04-22T01:54:22.928+0530] {processor.py:183} INFO - Processing /Library/Frameworks/Python.framework/Versions/3.10/lib/python3.10/site-packages/airflow/example_dags/example_python_operator.py took 0.184 seconds
[2026-04-22T03:16:27.891+0530] {processor.py:161} INFO - Started process (PID=68142) to work on /Library/Frameworks/Python.framework/Versions/3.10/lib/python3.10/site-packages/airflow/example_dags/example_python_operator.py
[2026-04-22T03:16:27.892+0530] {processor.py:830} INFO - Processing file /Library/Frameworks/Python.framework/Versions/3.10/lib/python3.10/site-packages/airflow/example_dags/example_python_operator.py for tasks to queue
[2026-04-22T03:16:27.892+0530] {logging_mixin.py:188} INFO - [2026-04-22T03:16:27.892+0530] {dagbag.py:545} INFO - Filling up the DagBag from /Library/Frameworks/Python.framework/Versions/3.10/lib/python3.10/site-packages/airflow/example_dags/example_python_operator.py
[2026-04-22T03:16:27.900+0530] {logging_mixin.py:188} INFO - [2026-04-22T03:16:27.900+0530] {example_python_operator.py:93} WARNING - The virtalenv_python example task requires virtualenv, please install it.
[2026-04-22T03:16:27.901+0530] {processor.py:840} INFO - DAG(s) 'example_python_operator' retrieved from /Library/Frameworks/Python.framework/Versions/3.10/lib/python3.10/site-packages/airflow/example_dags/example_python_operator.py
[2026-04-22T03:16:27.934+0530] {logging_mixin.py:188} INFO - [2026-04-22T03:16:27.934+0530] {dag.py:3096} INFO - Sync 1 DAGs
[2026-04-22T03:16:27.937+0530] {logging_mixin.py:188} INFO - [2026-04-22T03:16:27.937+0530] {dag.py:3954} INFO - Setting next_dagrun for example_python_operator to None, run_after=None
[2026-04-22T03:16:27.943+0530] {processor.py:183} INFO - Processing /Library/Frameworks/Python.framework/Versions/3.10/lib/python3.10/site-packages/airflow/example_dags/example_python_operator.py took 0.053 seconds
