[2026-04-21T16:30:16.986+0530] {processor.py:161} INFO - Started process (PID=66056) to work on /Library/Frameworks/Python.framework/Versions/3.10/lib/python3.10/site-packages/airflow/example_dags/example_short_circuit_operator.py
[2026-04-21T16:30:16.987+0530] {processor.py:830} INFO - Processing file /Library/Frameworks/Python.framework/Versions/3.10/lib/python3.10/site-packages/airflow/example_dags/example_short_circuit_operator.py for tasks to queue
[2026-04-21T16:30:16.987+0530] {logging_mixin.py:188} INFO - [2026-04-21T16:30:16.987+0530] {dagbag.py:545} INFO - Filling up the DagBag from /Library/Frameworks/Python.framework/Versions/3.10/lib/python3.10/site-packages/airflow/example_dags/example_short_circuit_operator.py
[2026-04-21T16:30:16.996+0530] {processor.py:840} INFO - DAG(s) 'example_short_circuit_operator' retrieved from /Library/Frameworks/Python.framework/Versions/3.10/lib/python3.10/site-packages/airflow/example_dags/example_short_circuit_operator.py
[2026-04-21T16:30:17.053+0530] {logging_mixin.py:188} INFO - [2026-04-21T16:30:17.053+0530] {override.py:1829} INFO - Created Permission View: can edit on DAG:example_short_circuit_operator
[2026-04-21T16:30:17.055+0530] {logging_mixin.py:188} INFO - [2026-04-21T16:30:17.055+0530] {override.py:1829} INFO - Created Permission View: can read on DAG:example_short_circuit_operator
[2026-04-21T16:30:17.056+0530] {logging_mixin.py:188} INFO - [2026-04-21T16:30:17.056+0530] {override.py:1829} INFO - Created Permission View: can delete on DAG:example_short_circuit_operator
[2026-04-21T16:30:17.057+0530] {logging_mixin.py:188} INFO - [2026-04-21T16:30:17.056+0530] {dag.py:3096} INFO - Sync 1 DAGs
[2026-04-21T16:30:17.060+0530] {logging_mixin.py:188} INFO - [2026-04-21T16:30:17.060+0530] {dag.py:3118} INFO - Creating ORM DAG for example_short_circuit_operator
[2026-04-21T16:30:17.062+0530] {logging_mixin.py:188} INFO - [2026-04-21T16:30:17.062+0530] {dag.py:3954} INFO - Setting next_dagrun for example_short_circuit_operator to 2026-04-20 00:00:00+00:00, run_after=2026-04-21 00:00:00+00:00
[2026-04-21T16:30:17.067+0530] {processor.py:183} INFO - Processing /Library/Frameworks/Python.framework/Versions/3.10/lib/python3.10/site-packages/airflow/example_dags/example_short_circuit_operator.py took 0.081 seconds
[2026-04-21T19:24:30.938+0530] {processor.py:161} INFO - Started process (PID=66849) to work on /Library/Frameworks/Python.framework/Versions/3.10/lib/python3.10/site-packages/airflow/example_dags/example_short_circuit_operator.py
[2026-04-21T19:24:30.939+0530] {processor.py:830} INFO - Processing file /Library/Frameworks/Python.framework/Versions/3.10/lib/python3.10/site-packages/airflow/example_dags/example_short_circuit_operator.py for tasks to queue
[2026-04-21T19:24:30.939+0530] {logging_mixin.py:188} INFO - [2026-04-21T19:24:30.939+0530] {dagbag.py:545} INFO - Filling up the DagBag from /Library/Frameworks/Python.framework/Versions/3.10/lib/python3.10/site-packages/airflow/example_dags/example_short_circuit_operator.py
[2026-04-21T19:24:30.949+0530] {processor.py:840} INFO - DAG(s) 'example_short_circuit_operator' retrieved from /Library/Frameworks/Python.framework/Versions/3.10/lib/python3.10/site-packages/airflow/example_dags/example_short_circuit_operator.py
[2026-04-21T19:24:30.985+0530] {logging_mixin.py:188} INFO - [2026-04-21T19:24:30.985+0530] {dag.py:3096} INFO - Sync 1 DAGs
[2026-04-21T19:24:30.990+0530] {logging_mixin.py:188} INFO - [2026-04-21T19:24:30.990+0530] {dag.py:3954} INFO - Setting next_dagrun for example_short_circuit_operator to 2026-04-20 00:00:00+00:00, run_after=2026-04-21 00:00:00+00:00
[2026-04-21T19:24:30.996+0530] {processor.py:183} INFO - Processing /Library/Frameworks/Python.framework/Versions/3.10/lib/python3.10/site-packages/airflow/example_dags/example_short_circuit_operator.py took 0.059 seconds
[2026-04-21T21:55:40.322+0530] {processor.py:161} INFO - Started process (PID=67262) to work on /Library/Frameworks/Python.framework/Versions/3.10/lib/python3.10/site-packages/airflow/example_dags/example_short_circuit_operator.py
[2026-04-21T21:55:40.324+0530] {processor.py:830} INFO - Processing file /Library/Frameworks/Python.framework/Versions/3.10/lib/python3.10/site-packages/airflow/example_dags/example_short_circuit_operator.py for tasks to queue
[2026-04-21T21:55:40.324+0530] {logging_mixin.py:188} INFO - [2026-04-21T21:55:40.324+0530] {dagbag.py:545} INFO - Filling up the DagBag from /Library/Frameworks/Python.framework/Versions/3.10/lib/python3.10/site-packages/airflow/example_dags/example_short_circuit_operator.py
[2026-04-21T21:55:40.337+0530] {processor.py:840} INFO - DAG(s) 'example_short_circuit_operator' retrieved from /Library/Frameworks/Python.framework/Versions/3.10/lib/python3.10/site-packages/airflow/example_dags/example_short_circuit_operator.py
[2026-04-21T21:55:40.382+0530] {logging_mixin.py:188} INFO - [2026-04-21T21:55:40.382+0530] {dag.py:3096} INFO - Sync 1 DAGs
[2026-04-21T21:55:40.389+0530] {logging_mixin.py:188} INFO - [2026-04-21T21:55:40.389+0530] {dag.py:3954} INFO - Setting next_dagrun for example_short_circuit_operator to 2026-04-20 00:00:00+00:00, run_after=2026-04-21 00:00:00+00:00
[2026-04-21T21:55:40.396+0530] {processor.py:183} INFO - Processing /Library/Frameworks/Python.framework/Versions/3.10/lib/python3.10/site-packages/airflow/example_dags/example_short_circuit_operator.py took 0.075 seconds
[2026-04-22T00:19:12.434+0530] {processor.py:161} INFO - Started process (PID=67652) to work on /Library/Frameworks/Python.framework/Versions/3.10/lib/python3.10/site-packages/airflow/example_dags/example_short_circuit_operator.py
[2026-04-22T00:19:12.434+0530] {processor.py:830} INFO - Processing file /Library/Frameworks/Python.framework/Versions/3.10/lib/python3.10/site-packages/airflow/example_dags/example_short_circuit_operator.py for tasks to queue
[2026-04-22T00:19:12.434+0530] {logging_mixin.py:188} INFO - [2026-04-22T00:19:12.434+0530] {dagbag.py:545} INFO - Filling up the DagBag from /Library/Frameworks/Python.framework/Versions/3.10/lib/python3.10/site-packages/airflow/example_dags/example_short_circuit_operator.py
[2026-04-22T00:19:12.445+0530] {processor.py:840} INFO - DAG(s) 'example_short_circuit_operator' retrieved from /Library/Frameworks/Python.framework/Versions/3.10/lib/python3.10/site-packages/airflow/example_dags/example_short_circuit_operator.py
[2026-04-22T00:19:12.483+0530] {logging_mixin.py:188} INFO - [2026-04-22T00:19:12.483+0530] {dag.py:3096} INFO - Sync 1 DAGs
[2026-04-22T00:19:12.488+0530] {logging_mixin.py:188} INFO - [2026-04-22T00:19:12.488+0530] {dag.py:3954} INFO - Setting next_dagrun for example_short_circuit_operator to 2026-04-20 00:00:00+00:00, run_after=2026-04-21 00:00:00+00:00
[2026-04-22T00:19:12.494+0530] {processor.py:183} INFO - Processing /Library/Frameworks/Python.framework/Versions/3.10/lib/python3.10/site-packages/airflow/example_dags/example_short_circuit_operator.py took 0.062 seconds
[2026-04-22T01:53:51.832+0530] {processor.py:161} INFO - Started process (PID=67888) to work on /Library/Frameworks/Python.framework/Versions/3.10/lib/python3.10/site-packages/airflow/example_dags/example_short_circuit_operator.py
[2026-04-22T01:53:51.832+0530] {processor.py:830} INFO - Processing file /Library/Frameworks/Python.framework/Versions/3.10/lib/python3.10/site-packages/airflow/example_dags/example_short_circuit_operator.py for tasks to queue
[2026-04-22T01:53:51.833+0530] {logging_mixin.py:188} INFO - [2026-04-22T01:53:51.832+0530] {dagbag.py:545} INFO - Filling up the DagBag from /Library/Frameworks/Python.framework/Versions/3.10/lib/python3.10/site-packages/airflow/example_dags/example_short_circuit_operator.py
[2026-04-22T01:53:51.843+0530] {processor.py:840} INFO - DAG(s) 'example_short_circuit_operator' retrieved from /Library/Frameworks/Python.framework/Versions/3.10/lib/python3.10/site-packages/airflow/example_dags/example_short_circuit_operator.py
[2026-04-22T01:53:51.879+0530] {logging_mixin.py:188} INFO - [2026-04-22T01:53:51.879+0530] {dag.py:3096} INFO - Sync 1 DAGs
[2026-04-22T01:53:51.884+0530] {logging_mixin.py:188} INFO - [2026-04-22T01:53:51.884+0530] {dag.py:3954} INFO - Setting next_dagrun for example_short_circuit_operator to 2026-04-20 00:00:00+00:00, run_after=2026-04-21 00:00:00+00:00
[2026-04-22T01:53:51.890+0530] {processor.py:183} INFO - Processing /Library/Frameworks/Python.framework/Versions/3.10/lib/python3.10/site-packages/airflow/example_dags/example_short_circuit_operator.py took 0.059 seconds
[2026-04-22T03:15:57.322+0530] {processor.py:161} INFO - Started process (PID=68128) to work on /Library/Frameworks/Python.framework/Versions/3.10/lib/python3.10/site-packages/airflow/example_dags/example_short_circuit_operator.py
[2026-04-22T03:15:57.323+0530] {processor.py:830} INFO - Processing file /Library/Frameworks/Python.framework/Versions/3.10/lib/python3.10/site-packages/airflow/example_dags/example_short_circuit_operator.py for tasks to queue
[2026-04-22T03:15:57.324+0530] {logging_mixin.py:188} INFO - [2026-04-22T03:15:57.324+0530] {dagbag.py:545} INFO - Filling up the DagBag from /Library/Frameworks/Python.framework/Versions/3.10/lib/python3.10/site-packages/airflow/example_dags/example_short_circuit_operator.py
[2026-04-22T03:15:57.337+0530] {processor.py:840} INFO - DAG(s) 'example_short_circuit_operator' retrieved from /Library/Frameworks/Python.framework/Versions/3.10/lib/python3.10/site-packages/airflow/example_dags/example_short_circuit_operator.py
[2026-04-22T03:15:57.386+0530] {logging_mixin.py:188} INFO - [2026-04-22T03:15:57.386+0530] {dag.py:3096} INFO - Sync 1 DAGs
[2026-04-22T03:15:57.393+0530] {logging_mixin.py:188} INFO - [2026-04-22T03:15:57.393+0530] {dag.py:3954} INFO - Setting next_dagrun for example_short_circuit_operator to 2026-04-20 00:00:00+00:00, run_after=2026-04-21 00:00:00+00:00
[2026-04-22T03:15:57.401+0530] {processor.py:183} INFO - Processing /Library/Frameworks/Python.framework/Versions/3.10/lib/python3.10/site-packages/airflow/example_dags/example_short_circuit_operator.py took 0.080 seconds
