[2026-04-21T16:30:10.220+0530] {processor.py:161} INFO - Started process (PID=66044) to work on /Library/Frameworks/Python.framework/Versions/3.10/lib/python3.10/site-packages/airflow/example_dags/example_trigger_controller_dag.py
[2026-04-21T16:30:10.221+0530] {processor.py:830} INFO - Processing file /Library/Frameworks/Python.framework/Versions/3.10/lib/python3.10/site-packages/airflow/example_dags/example_trigger_controller_dag.py for tasks to queue
[2026-04-21T16:30:10.221+0530] {logging_mixin.py:188} INFO - [2026-04-21T16:30:10.221+0530] {dagbag.py:545} INFO - Filling up the DagBag from /Library/Frameworks/Python.framework/Versions/3.10/lib/python3.10/site-packages/airflow/example_dags/example_trigger_controller_dag.py
[2026-04-21T16:30:10.225+0530] {processor.py:840} INFO - DAG(s) 'example_trigger_controller_dag' retrieved from /Library/Frameworks/Python.framework/Versions/3.10/lib/python3.10/site-packages/airflow/example_dags/example_trigger_controller_dag.py
[2026-04-21T16:30:10.281+0530] {logging_mixin.py:188} INFO - [2026-04-21T16:30:10.280+0530] {override.py:1829} INFO - Created Permission View: can delete on DAG:example_trigger_controller_dag
[2026-04-21T16:30:10.283+0530] {logging_mixin.py:188} INFO - [2026-04-21T16:30:10.283+0530] {override.py:1829} INFO - Created Permission View: can edit on DAG:example_trigger_controller_dag
[2026-04-21T16:30:10.285+0530] {logging_mixin.py:188} INFO - [2026-04-21T16:30:10.285+0530] {override.py:1829} INFO - Created Permission View: can read on DAG:example_trigger_controller_dag
[2026-04-21T16:30:10.285+0530] {logging_mixin.py:188} INFO - [2026-04-21T16:30:10.285+0530] {dag.py:3096} INFO - Sync 1 DAGs
[2026-04-21T16:30:10.288+0530] {logging_mixin.py:188} INFO - [2026-04-21T16:30:10.288+0530] {dag.py:3118} INFO - Creating ORM DAG for example_trigger_controller_dag
[2026-04-21T16:30:10.290+0530] {logging_mixin.py:188} INFO - [2026-04-21T16:30:10.290+0530] {dag.py:3954} INFO - Setting next_dagrun for example_trigger_controller_dag to 2021-01-01 00:00:00+00:00, run_after=2021-01-01 00:00:00+00:00
[2026-04-21T16:30:10.295+0530] {processor.py:183} INFO - Processing /Library/Frameworks/Python.framework/Versions/3.10/lib/python3.10/site-packages/airflow/example_dags/example_trigger_controller_dag.py took 0.075 seconds
[2026-04-21T19:22:55.718+0530] {processor.py:161} INFO - Started process (PID=66817) to work on /Library/Frameworks/Python.framework/Versions/3.10/lib/python3.10/site-packages/airflow/example_dags/example_trigger_controller_dag.py
[2026-04-21T19:22:55.719+0530] {processor.py:830} INFO - Processing file /Library/Frameworks/Python.framework/Versions/3.10/lib/python3.10/site-packages/airflow/example_dags/example_trigger_controller_dag.py for tasks to queue
[2026-04-21T19:22:55.719+0530] {logging_mixin.py:188} INFO - [2026-04-21T19:22:55.719+0530] {dagbag.py:545} INFO - Filling up the DagBag from /Library/Frameworks/Python.framework/Versions/3.10/lib/python3.10/site-packages/airflow/example_dags/example_trigger_controller_dag.py
[2026-04-21T19:22:55.725+0530] {processor.py:840} INFO - DAG(s) 'example_trigger_controller_dag' retrieved from /Library/Frameworks/Python.framework/Versions/3.10/lib/python3.10/site-packages/airflow/example_dags/example_trigger_controller_dag.py
[2026-04-21T19:22:55.767+0530] {logging_mixin.py:188} INFO - [2026-04-21T19:22:55.767+0530] {dag.py:3096} INFO - Sync 1 DAGs
[2026-04-21T19:22:55.773+0530] {logging_mixin.py:188} INFO - [2026-04-21T19:22:55.773+0530] {dag.py:3954} INFO - Setting next_dagrun for example_trigger_controller_dag to 2021-01-01 00:00:00+00:00, run_after=2021-01-01 00:00:00+00:00
[2026-04-21T19:22:55.780+0530] {processor.py:183} INFO - Processing /Library/Frameworks/Python.framework/Versions/3.10/lib/python3.10/site-packages/airflow/example_dags/example_trigger_controller_dag.py took 0.063 seconds
[2026-04-21T21:55:09.124+0530] {processor.py:161} INFO - Started process (PID=67251) to work on /Library/Frameworks/Python.framework/Versions/3.10/lib/python3.10/site-packages/airflow/example_dags/example_trigger_controller_dag.py
[2026-04-21T21:55:09.127+0530] {processor.py:830} INFO - Processing file /Library/Frameworks/Python.framework/Versions/3.10/lib/python3.10/site-packages/airflow/example_dags/example_trigger_controller_dag.py for tasks to queue
[2026-04-21T21:55:09.127+0530] {logging_mixin.py:188} INFO - [2026-04-21T21:55:09.127+0530] {dagbag.py:545} INFO - Filling up the DagBag from /Library/Frameworks/Python.framework/Versions/3.10/lib/python3.10/site-packages/airflow/example_dags/example_trigger_controller_dag.py
[2026-04-21T21:55:09.132+0530] {processor.py:840} INFO - DAG(s) 'example_trigger_controller_dag' retrieved from /Library/Frameworks/Python.framework/Versions/3.10/lib/python3.10/site-packages/airflow/example_dags/example_trigger_controller_dag.py
[2026-04-21T21:55:09.169+0530] {logging_mixin.py:188} INFO - [2026-04-21T21:55:09.169+0530] {dag.py:3096} INFO - Sync 1 DAGs
[2026-04-21T21:55:09.174+0530] {logging_mixin.py:188} INFO - [2026-04-21T21:55:09.174+0530] {dag.py:3954} INFO - Setting next_dagrun for example_trigger_controller_dag to 2021-01-01 00:00:00+00:00, run_after=2021-01-01 00:00:00+00:00
[2026-04-21T21:55:09.180+0530] {processor.py:183} INFO - Processing /Library/Frameworks/Python.framework/Versions/3.10/lib/python3.10/site-packages/airflow/example_dags/example_trigger_controller_dag.py took 0.058 seconds
[2026-04-21T23:17:15.231+0530] {processor.py:161} INFO - Started process (PID=67492) to work on /Library/Frameworks/Python.framework/Versions/3.10/lib/python3.10/site-packages/airflow/example_dags/example_trigger_controller_dag.py
[2026-04-21T23:17:15.232+0530] {processor.py:830} INFO - Processing file /Library/Frameworks/Python.framework/Versions/3.10/lib/python3.10/site-packages/airflow/example_dags/example_trigger_controller_dag.py for tasks to queue
[2026-04-21T23:17:15.233+0530] {logging_mixin.py:188} INFO - [2026-04-21T23:17:15.232+0530] {dagbag.py:545} INFO - Filling up the DagBag from /Library/Frameworks/Python.framework/Versions/3.10/lib/python3.10/site-packages/airflow/example_dags/example_trigger_controller_dag.py
[2026-04-21T23:17:15.238+0530] {processor.py:840} INFO - DAG(s) 'example_trigger_controller_dag' retrieved from /Library/Frameworks/Python.framework/Versions/3.10/lib/python3.10/site-packages/airflow/example_dags/example_trigger_controller_dag.py
[2026-04-21T23:17:15.280+0530] {logging_mixin.py:188} INFO - [2026-04-21T23:17:15.280+0530] {dag.py:3096} INFO - Sync 1 DAGs
[2026-04-21T23:17:15.286+0530] {logging_mixin.py:188} INFO - [2026-04-21T23:17:15.286+0530] {dag.py:3954} INFO - Setting next_dagrun for example_trigger_controller_dag to 2021-01-01 00:00:00+00:00, run_after=2021-01-01 00:00:00+00:00
[2026-04-21T23:17:15.293+0530] {processor.py:183} INFO - Processing /Library/Frameworks/Python.framework/Versions/3.10/lib/python3.10/site-packages/airflow/example_dags/example_trigger_controller_dag.py took 0.063 seconds
[2026-04-22T01:53:20.566+0530] {processor.py:161} INFO - Started process (PID=67875) to work on /Library/Frameworks/Python.framework/Versions/3.10/lib/python3.10/site-packages/airflow/example_dags/example_trigger_controller_dag.py
[2026-04-22T01:53:20.568+0530] {processor.py:830} INFO - Processing file /Library/Frameworks/Python.framework/Versions/3.10/lib/python3.10/site-packages/airflow/example_dags/example_trigger_controller_dag.py for tasks to queue
[2026-04-22T01:53:20.568+0530] {logging_mixin.py:188} INFO - [2026-04-22T01:53:20.568+0530] {dagbag.py:545} INFO - Filling up the DagBag from /Library/Frameworks/Python.framework/Versions/3.10/lib/python3.10/site-packages/airflow/example_dags/example_trigger_controller_dag.py
[2026-04-22T01:53:20.572+0530] {processor.py:840} INFO - DAG(s) 'example_trigger_controller_dag' retrieved from /Library/Frameworks/Python.framework/Versions/3.10/lib/python3.10/site-packages/airflow/example_dags/example_trigger_controller_dag.py
[2026-04-22T01:53:20.608+0530] {logging_mixin.py:188} INFO - [2026-04-22T01:53:20.607+0530] {dag.py:3096} INFO - Sync 1 DAGs
[2026-04-22T01:53:20.612+0530] {logging_mixin.py:188} INFO - [2026-04-22T01:53:20.612+0530] {dag.py:3954} INFO - Setting next_dagrun for example_trigger_controller_dag to 2021-01-01 00:00:00+00:00, run_after=2021-01-01 00:00:00+00:00
[2026-04-22T01:53:20.618+0530] {processor.py:183} INFO - Processing /Library/Frameworks/Python.framework/Versions/3.10/lib/python3.10/site-packages/airflow/example_dags/example_trigger_controller_dag.py took 0.053 seconds
[2026-04-22T03:15:25.382+0530] {processor.py:161} INFO - Started process (PID=68108) to work on /Library/Frameworks/Python.framework/Versions/3.10/lib/python3.10/site-packages/airflow/example_dags/example_trigger_controller_dag.py
[2026-04-22T03:15:25.383+0530] {processor.py:830} INFO - Processing file /Library/Frameworks/Python.framework/Versions/3.10/lib/python3.10/site-packages/airflow/example_dags/example_trigger_controller_dag.py for tasks to queue
[2026-04-22T03:15:25.383+0530] {logging_mixin.py:188} INFO - [2026-04-22T03:15:25.383+0530] {dagbag.py:545} INFO - Filling up the DagBag from /Library/Frameworks/Python.framework/Versions/3.10/lib/python3.10/site-packages/airflow/example_dags/example_trigger_controller_dag.py
[2026-04-22T03:15:25.386+0530] {processor.py:840} INFO - DAG(s) 'example_trigger_controller_dag' retrieved from /Library/Frameworks/Python.framework/Versions/3.10/lib/python3.10/site-packages/airflow/example_dags/example_trigger_controller_dag.py
[2026-04-22T03:15:25.417+0530] {logging_mixin.py:188} INFO - [2026-04-22T03:15:25.417+0530] {dag.py:3096} INFO - Sync 1 DAGs
[2026-04-22T03:15:25.421+0530] {logging_mixin.py:188} INFO - [2026-04-22T03:15:25.421+0530] {dag.py:3954} INFO - Setting next_dagrun for example_trigger_controller_dag to 2021-01-01 00:00:00+00:00, run_after=2021-01-01 00:00:00+00:00
[2026-04-22T03:15:25.426+0530] {processor.py:183} INFO - Processing /Library/Frameworks/Python.framework/Versions/3.10/lib/python3.10/site-packages/airflow/example_dags/example_trigger_controller_dag.py took 0.045 seconds
