[2026-04-21T16:30:16.303+0530] {processor.py:161} INFO - Started process (PID=66055) to work on /Library/Frameworks/Python.framework/Versions/3.10/lib/python3.10/site-packages/airflow/example_dags/example_skip_dag.py
[2026-04-21T16:30:16.303+0530] {processor.py:830} INFO - Processing file /Library/Frameworks/Python.framework/Versions/3.10/lib/python3.10/site-packages/airflow/example_dags/example_skip_dag.py for tasks to queue
[2026-04-21T16:30:16.303+0530] {logging_mixin.py:188} INFO - [2026-04-21T16:30:16.303+0530] {dagbag.py:545} INFO - Filling up the DagBag from /Library/Frameworks/Python.framework/Versions/3.10/lib/python3.10/site-packages/airflow/example_dags/example_skip_dag.py
[2026-04-21T16:30:16.306+0530] {processor.py:840} INFO - DAG(s) 'example_skip_dag' retrieved from /Library/Frameworks/Python.framework/Versions/3.10/lib/python3.10/site-packages/airflow/example_dags/example_skip_dag.py
[2026-04-21T16:30:16.365+0530] {logging_mixin.py:188} INFO - [2026-04-21T16:30:16.365+0530] {override.py:1829} INFO - Created Permission View: can edit on DAG:example_skip_dag
[2026-04-21T16:30:16.367+0530] {logging_mixin.py:188} INFO - [2026-04-21T16:30:16.367+0530] {override.py:1829} INFO - Created Permission View: can delete on DAG:example_skip_dag
[2026-04-21T16:30:16.369+0530] {logging_mixin.py:188} INFO - [2026-04-21T16:30:16.369+0530] {override.py:1829} INFO - Created Permission View: can read on DAG:example_skip_dag
[2026-04-21T16:30:16.369+0530] {logging_mixin.py:188} INFO - [2026-04-21T16:30:16.369+0530] {dag.py:3096} INFO - Sync 1 DAGs
[2026-04-21T16:30:16.372+0530] {logging_mixin.py:188} INFO - [2026-04-21T16:30:16.372+0530] {dag.py:3118} INFO - Creating ORM DAG for example_skip_dag
[2026-04-21T16:30:16.374+0530] {logging_mixin.py:188} INFO - [2026-04-21T16:30:16.374+0530] {dag.py:3954} INFO - Setting next_dagrun for example_skip_dag to 2026-04-20 00:00:00+00:00, run_after=2026-04-21 00:00:00+00:00
[2026-04-21T16:30:16.379+0530] {processor.py:183} INFO - Processing /Library/Frameworks/Python.framework/Versions/3.10/lib/python3.10/site-packages/airflow/example_dags/example_skip_dag.py took 0.077 seconds
[2026-04-21T19:24:29.928+0530] {processor.py:161} INFO - Started process (PID=66847) to work on /Library/Frameworks/Python.framework/Versions/3.10/lib/python3.10/site-packages/airflow/example_dags/example_skip_dag.py
[2026-04-21T19:24:29.929+0530] {processor.py:830} INFO - Processing file /Library/Frameworks/Python.framework/Versions/3.10/lib/python3.10/site-packages/airflow/example_dags/example_skip_dag.py for tasks to queue
[2026-04-21T19:24:29.930+0530] {logging_mixin.py:188} INFO - [2026-04-21T19:24:29.930+0530] {dagbag.py:545} INFO - Filling up the DagBag from /Library/Frameworks/Python.framework/Versions/3.10/lib/python3.10/site-packages/airflow/example_dags/example_skip_dag.py
[2026-04-21T19:24:29.933+0530] {processor.py:840} INFO - DAG(s) 'example_skip_dag' retrieved from /Library/Frameworks/Python.framework/Versions/3.10/lib/python3.10/site-packages/airflow/example_dags/example_skip_dag.py
[2026-04-21T19:24:29.968+0530] {logging_mixin.py:188} INFO - [2026-04-21T19:24:29.968+0530] {dag.py:3096} INFO - Sync 1 DAGs
[2026-04-21T19:24:29.973+0530] {logging_mixin.py:188} INFO - [2026-04-21T19:24:29.973+0530] {dag.py:3954} INFO - Setting next_dagrun for example_skip_dag to 2026-04-20 00:00:00+00:00, run_after=2026-04-21 00:00:00+00:00
[2026-04-21T19:24:29.978+0530] {processor.py:183} INFO - Processing /Library/Frameworks/Python.framework/Versions/3.10/lib/python3.10/site-packages/airflow/example_dags/example_skip_dag.py took 0.051 seconds
[2026-04-21T21:55:39.523+0530] {processor.py:161} INFO - Started process (PID=67261) to work on /Library/Frameworks/Python.framework/Versions/3.10/lib/python3.10/site-packages/airflow/example_dags/example_skip_dag.py
[2026-04-21T21:55:39.524+0530] {processor.py:830} INFO - Processing file /Library/Frameworks/Python.framework/Versions/3.10/lib/python3.10/site-packages/airflow/example_dags/example_skip_dag.py for tasks to queue
[2026-04-21T21:55:39.525+0530] {logging_mixin.py:188} INFO - [2026-04-21T21:55:39.525+0530] {dagbag.py:545} INFO - Filling up the DagBag from /Library/Frameworks/Python.framework/Versions/3.10/lib/python3.10/site-packages/airflow/example_dags/example_skip_dag.py
[2026-04-21T21:55:39.528+0530] {processor.py:840} INFO - DAG(s) 'example_skip_dag' retrieved from /Library/Frameworks/Python.framework/Versions/3.10/lib/python3.10/site-packages/airflow/example_dags/example_skip_dag.py
[2026-04-21T21:55:39.563+0530] {logging_mixin.py:188} INFO - [2026-04-21T21:55:39.563+0530] {dag.py:3096} INFO - Sync 1 DAGs
[2026-04-21T21:55:39.568+0530] {logging_mixin.py:188} INFO - [2026-04-21T21:55:39.568+0530] {dag.py:3954} INFO - Setting next_dagrun for example_skip_dag to 2026-04-20 00:00:00+00:00, run_after=2026-04-21 00:00:00+00:00
[2026-04-21T21:55:39.573+0530] {processor.py:183} INFO - Processing /Library/Frameworks/Python.framework/Versions/3.10/lib/python3.10/site-packages/airflow/example_dags/example_skip_dag.py took 0.051 seconds
[2026-04-22T00:19:11.372+0530] {processor.py:161} INFO - Started process (PID=67651) to work on /Library/Frameworks/Python.framework/Versions/3.10/lib/python3.10/site-packages/airflow/example_dags/example_skip_dag.py
[2026-04-22T00:19:11.373+0530] {processor.py:830} INFO - Processing file /Library/Frameworks/Python.framework/Versions/3.10/lib/python3.10/site-packages/airflow/example_dags/example_skip_dag.py for tasks to queue
[2026-04-22T00:19:11.373+0530] {logging_mixin.py:188} INFO - [2026-04-22T00:19:11.373+0530] {dagbag.py:545} INFO - Filling up the DagBag from /Library/Frameworks/Python.framework/Versions/3.10/lib/python3.10/site-packages/airflow/example_dags/example_skip_dag.py
[2026-04-22T00:19:11.376+0530] {processor.py:840} INFO - DAG(s) 'example_skip_dag' retrieved from /Library/Frameworks/Python.framework/Versions/3.10/lib/python3.10/site-packages/airflow/example_dags/example_skip_dag.py
[2026-04-22T00:19:11.409+0530] {logging_mixin.py:188} INFO - [2026-04-22T00:19:11.409+0530] {dag.py:3096} INFO - Sync 1 DAGs
[2026-04-22T00:19:11.414+0530] {logging_mixin.py:188} INFO - [2026-04-22T00:19:11.414+0530] {dag.py:3954} INFO - Setting next_dagrun for example_skip_dag to 2026-04-20 00:00:00+00:00, run_after=2026-04-21 00:00:00+00:00
[2026-04-22T00:19:11.419+0530] {processor.py:183} INFO - Processing /Library/Frameworks/Python.framework/Versions/3.10/lib/python3.10/site-packages/airflow/example_dags/example_skip_dag.py took 0.048 seconds
[2026-04-22T01:53:51.121+0530] {processor.py:161} INFO - Started process (PID=67884) to work on /Library/Frameworks/Python.framework/Versions/3.10/lib/python3.10/site-packages/airflow/example_dags/example_skip_dag.py
[2026-04-22T01:53:51.122+0530] {processor.py:830} INFO - Processing file /Library/Frameworks/Python.framework/Versions/3.10/lib/python3.10/site-packages/airflow/example_dags/example_skip_dag.py for tasks to queue
[2026-04-22T01:53:51.122+0530] {logging_mixin.py:188} INFO - [2026-04-22T01:53:51.122+0530] {dagbag.py:545} INFO - Filling up the DagBag from /Library/Frameworks/Python.framework/Versions/3.10/lib/python3.10/site-packages/airflow/example_dags/example_skip_dag.py
[2026-04-22T01:53:51.125+0530] {processor.py:840} INFO - DAG(s) 'example_skip_dag' retrieved from /Library/Frameworks/Python.framework/Versions/3.10/lib/python3.10/site-packages/airflow/example_dags/example_skip_dag.py
[2026-04-22T01:53:51.162+0530] {logging_mixin.py:188} INFO - [2026-04-22T01:53:51.162+0530] {dag.py:3096} INFO - Sync 1 DAGs
[2026-04-22T01:53:51.167+0530] {logging_mixin.py:188} INFO - [2026-04-22T01:53:51.167+0530] {dag.py:3954} INFO - Setting next_dagrun for example_skip_dag to 2026-04-20 00:00:00+00:00, run_after=2026-04-21 00:00:00+00:00
[2026-04-22T01:53:51.173+0530] {processor.py:183} INFO - Processing /Library/Frameworks/Python.framework/Versions/3.10/lib/python3.10/site-packages/airflow/example_dags/example_skip_dag.py took 0.052 seconds
[2026-04-22T03:15:56.244+0530] {processor.py:161} INFO - Started process (PID=68127) to work on /Library/Frameworks/Python.framework/Versions/3.10/lib/python3.10/site-packages/airflow/example_dags/example_skip_dag.py
[2026-04-22T03:15:56.245+0530] {processor.py:830} INFO - Processing file /Library/Frameworks/Python.framework/Versions/3.10/lib/python3.10/site-packages/airflow/example_dags/example_skip_dag.py for tasks to queue
[2026-04-22T03:15:56.245+0530] {logging_mixin.py:188} INFO - [2026-04-22T03:15:56.245+0530] {dagbag.py:545} INFO - Filling up the DagBag from /Library/Frameworks/Python.framework/Versions/3.10/lib/python3.10/site-packages/airflow/example_dags/example_skip_dag.py
[2026-04-22T03:15:56.250+0530] {processor.py:840} INFO - DAG(s) 'example_skip_dag' retrieved from /Library/Frameworks/Python.framework/Versions/3.10/lib/python3.10/site-packages/airflow/example_dags/example_skip_dag.py
[2026-04-22T03:15:56.306+0530] {logging_mixin.py:188} INFO - [2026-04-22T03:15:56.306+0530] {dag.py:3096} INFO - Sync 1 DAGs
[2026-04-22T03:15:56.314+0530] {logging_mixin.py:188} INFO - [2026-04-22T03:15:56.314+0530] {dag.py:3954} INFO - Setting next_dagrun for example_skip_dag to 2026-04-20 00:00:00+00:00, run_after=2026-04-21 00:00:00+00:00
[2026-04-22T03:15:56.323+0530] {processor.py:183} INFO - Processing /Library/Frameworks/Python.framework/Versions/3.10/lib/python3.10/site-packages/airflow/example_dags/example_skip_dag.py took 0.080 seconds
