[2026-04-21T16:30:31.134+0530] {processor.py:161} INFO - Started process (PID=66084) to work on /Library/Frameworks/Python.framework/Versions/3.10/lib/python3.10/site-packages/airflow/example_dags/example_kubernetes_executor.py
[2026-04-21T16:30:31.134+0530] {processor.py:830} INFO - Processing file /Library/Frameworks/Python.framework/Versions/3.10/lib/python3.10/site-packages/airflow/example_dags/example_kubernetes_executor.py for tasks to queue
[2026-04-21T16:30:31.134+0530] {logging_mixin.py:188} INFO - [2026-04-21T16:30:31.134+0530] {dagbag.py:545} INFO - Filling up the DagBag from /Library/Frameworks/Python.framework/Versions/3.10/lib/python3.10/site-packages/airflow/example_dags/example_kubernetes_executor.py
[2026-04-21T16:30:31.146+0530] {logging_mixin.py:188} INFO - [2026-04-21T16:30:31.146+0530] {example_kubernetes_executor.py:39} WARNING - The example_kubernetes_executor example DAG requires the kubernetes provider. Please install it with: pip install apache-airflow[cncf.kubernetes]
[2026-04-21T16:30:31.146+0530] {processor.py:842} WARNING - No viable dags retrieved from /Library/Frameworks/Python.framework/Versions/3.10/lib/python3.10/site-packages/airflow/example_dags/example_kubernetes_executor.py
[2026-04-21T16:30:31.170+0530] {processor.py:183} INFO - Processing /Library/Frameworks/Python.framework/Versions/3.10/lib/python3.10/site-packages/airflow/example_dags/example_kubernetes_executor.py took 0.037 seconds
[2026-04-21T19:25:11.266+0530] {processor.py:161} INFO - Started process (PID=66875) to work on /Library/Frameworks/Python.framework/Versions/3.10/lib/python3.10/site-packages/airflow/example_dags/example_kubernetes_executor.py
[2026-04-21T19:25:11.267+0530] {processor.py:830} INFO - Processing file /Library/Frameworks/Python.framework/Versions/3.10/lib/python3.10/site-packages/airflow/example_dags/example_kubernetes_executor.py for tasks to queue
[2026-04-21T19:25:11.267+0530] {logging_mixin.py:188} INFO - [2026-04-21T19:25:11.267+0530] {dagbag.py:545} INFO - Filling up the DagBag from /Library/Frameworks/Python.framework/Versions/3.10/lib/python3.10/site-packages/airflow/example_dags/example_kubernetes_executor.py
[2026-04-21T19:25:11.287+0530] {logging_mixin.py:188} INFO - [2026-04-21T19:25:11.287+0530] {example_kubernetes_executor.py:39} WARNING - The example_kubernetes_executor example DAG requires the kubernetes provider. Please install it with: pip install apache-airflow[cncf.kubernetes]
[2026-04-21T19:25:11.287+0530] {processor.py:842} WARNING - No viable dags retrieved from /Library/Frameworks/Python.framework/Versions/3.10/lib/python3.10/site-packages/airflow/example_dags/example_kubernetes_executor.py
[2026-04-21T19:25:11.326+0530] {processor.py:183} INFO - Processing /Library/Frameworks/Python.framework/Versions/3.10/lib/python3.10/site-packages/airflow/example_dags/example_kubernetes_executor.py took 0.061 seconds
[2026-04-21T23:15:53.121+0530] {processor.py:161} INFO - Started process (PID=67433) to work on /Library/Frameworks/Python.framework/Versions/3.10/lib/python3.10/site-packages/airflow/example_dags/example_kubernetes_executor.py
[2026-04-21T23:15:53.121+0530] {processor.py:830} INFO - Processing file /Library/Frameworks/Python.framework/Versions/3.10/lib/python3.10/site-packages/airflow/example_dags/example_kubernetes_executor.py for tasks to queue
[2026-04-21T23:15:53.122+0530] {logging_mixin.py:188} INFO - [2026-04-21T23:15:53.122+0530] {dagbag.py:545} INFO - Filling up the DagBag from /Library/Frameworks/Python.framework/Versions/3.10/lib/python3.10/site-packages/airflow/example_dags/example_kubernetes_executor.py
[2026-04-21T23:15:53.140+0530] {logging_mixin.py:188} INFO - [2026-04-21T23:15:53.140+0530] {example_kubernetes_executor.py:39} WARNING - The example_kubernetes_executor example DAG requires the kubernetes provider. Please install it with: pip install apache-airflow[cncf.kubernetes]
[2026-04-21T23:15:53.141+0530] {processor.py:842} WARNING - No viable dags retrieved from /Library/Frameworks/Python.framework/Versions/3.10/lib/python3.10/site-packages/airflow/example_dags/example_kubernetes_executor.py
[2026-04-21T23:15:53.180+0530] {processor.py:183} INFO - Processing /Library/Frameworks/Python.framework/Versions/3.10/lib/python3.10/site-packages/airflow/example_dags/example_kubernetes_executor.py took 0.061 seconds
[2026-04-22T01:54:56.174+0530] {processor.py:161} INFO - Started process (PID=67915) to work on /Library/Frameworks/Python.framework/Versions/3.10/lib/python3.10/site-packages/airflow/example_dags/example_kubernetes_executor.py
[2026-04-22T01:54:56.175+0530] {processor.py:830} INFO - Processing file /Library/Frameworks/Python.framework/Versions/3.10/lib/python3.10/site-packages/airflow/example_dags/example_kubernetes_executor.py for tasks to queue
[2026-04-22T01:54:56.175+0530] {logging_mixin.py:188} INFO - [2026-04-22T01:54:56.175+0530] {dagbag.py:545} INFO - Filling up the DagBag from /Library/Frameworks/Python.framework/Versions/3.10/lib/python3.10/site-packages/airflow/example_dags/example_kubernetes_executor.py
[2026-04-22T01:54:56.187+0530] {logging_mixin.py:188} INFO - [2026-04-22T01:54:56.187+0530] {example_kubernetes_executor.py:39} WARNING - The example_kubernetes_executor example DAG requires the kubernetes provider. Please install it with: pip install apache-airflow[cncf.kubernetes]
[2026-04-22T01:54:56.187+0530] {processor.py:842} WARNING - No viable dags retrieved from /Library/Frameworks/Python.framework/Versions/3.10/lib/python3.10/site-packages/airflow/example_dags/example_kubernetes_executor.py
[2026-04-22T01:54:56.212+0530] {processor.py:183} INFO - Processing /Library/Frameworks/Python.framework/Versions/3.10/lib/python3.10/site-packages/airflow/example_dags/example_kubernetes_executor.py took 0.039 seconds
[2026-04-22T04:43:34.132+0530] {processor.py:161} INFO - Started process (PID=68332) to work on /Library/Frameworks/Python.framework/Versions/3.10/lib/python3.10/site-packages/airflow/example_dags/example_kubernetes_executor.py
[2026-04-22T04:43:34.133+0530] {processor.py:830} INFO - Processing file /Library/Frameworks/Python.framework/Versions/3.10/lib/python3.10/site-packages/airflow/example_dags/example_kubernetes_executor.py for tasks to queue
[2026-04-22T04:43:34.133+0530] {logging_mixin.py:188} INFO - [2026-04-22T04:43:34.133+0530] {dagbag.py:545} INFO - Filling up the DagBag from /Library/Frameworks/Python.framework/Versions/3.10/lib/python3.10/site-packages/airflow/example_dags/example_kubernetes_executor.py
[2026-04-22T04:43:34.150+0530] {logging_mixin.py:188} INFO - [2026-04-22T04:43:34.150+0530] {example_kubernetes_executor.py:39} WARNING - The example_kubernetes_executor example DAG requires the kubernetes provider. Please install it with: pip install apache-airflow[cncf.kubernetes]
[2026-04-22T04:43:34.150+0530] {processor.py:842} WARNING - No viable dags retrieved from /Library/Frameworks/Python.framework/Versions/3.10/lib/python3.10/site-packages/airflow/example_dags/example_kubernetes_executor.py
[2026-04-22T04:43:34.175+0530] {processor.py:183} INFO - Processing /Library/Frameworks/Python.framework/Versions/3.10/lib/python3.10/site-packages/airflow/example_dags/example_kubernetes_executor.py took 0.044 seconds
