[2026-04-21T16:30:18.734+0530] {processor.py:161} INFO - Started process (PID=66058) to work on /Library/Frameworks/Python.framework/Versions/3.10/lib/python3.10/site-packages/airflow/example_dags/example_setup_teardown_taskflow.py
[2026-04-21T16:30:18.734+0530] {processor.py:830} INFO - Processing file /Library/Frameworks/Python.framework/Versions/3.10/lib/python3.10/site-packages/airflow/example_dags/example_setup_teardown_taskflow.py for tasks to queue
[2026-04-21T16:30:18.734+0530] {logging_mixin.py:188} INFO - [2026-04-21T16:30:18.734+0530] {dagbag.py:545} INFO - Filling up the DagBag from /Library/Frameworks/Python.framework/Versions/3.10/lib/python3.10/site-packages/airflow/example_dags/example_setup_teardown_taskflow.py
[2026-04-21T16:30:18.747+0530] {processor.py:840} INFO - DAG(s) 'example_setup_teardown_taskflow' retrieved from /Library/Frameworks/Python.framework/Versions/3.10/lib/python3.10/site-packages/airflow/example_dags/example_setup_teardown_taskflow.py
[2026-04-21T16:30:18.803+0530] {logging_mixin.py:188} INFO - [2026-04-21T16:30:18.803+0530] {override.py:1829} INFO - Created Permission View: can edit on DAG:example_setup_teardown_taskflow
[2026-04-21T16:30:18.805+0530] {logging_mixin.py:188} INFO - [2026-04-21T16:30:18.805+0530] {override.py:1829} INFO - Created Permission View: can delete on DAG:example_setup_teardown_taskflow
[2026-04-21T16:30:18.807+0530] {logging_mixin.py:188} INFO - [2026-04-21T16:30:18.807+0530] {override.py:1829} INFO - Created Permission View: can read on DAG:example_setup_teardown_taskflow
[2026-04-21T16:30:18.807+0530] {logging_mixin.py:188} INFO - [2026-04-21T16:30:18.807+0530] {dag.py:3096} INFO - Sync 1 DAGs
[2026-04-21T16:30:18.810+0530] {logging_mixin.py:188} INFO - [2026-04-21T16:30:18.810+0530] {dag.py:3118} INFO - Creating ORM DAG for example_setup_teardown_taskflow
[2026-04-21T16:30:18.812+0530] {logging_mixin.py:188} INFO - [2026-04-21T16:30:18.812+0530] {dag.py:3954} INFO - Setting next_dagrun for example_setup_teardown_taskflow to 2026-04-20 00:00:00+00:00, run_after=2026-04-21 00:00:00+00:00
[2026-04-21T16:30:18.817+0530] {processor.py:183} INFO - Processing /Library/Frameworks/Python.framework/Versions/3.10/lib/python3.10/site-packages/airflow/example_dags/example_setup_teardown_taskflow.py took 0.084 seconds
[2026-04-21T19:24:33.055+0530] {processor.py:161} INFO - Started process (PID=66853) to work on /Library/Frameworks/Python.framework/Versions/3.10/lib/python3.10/site-packages/airflow/example_dags/example_setup_teardown_taskflow.py
[2026-04-21T19:24:33.056+0530] {processor.py:830} INFO - Processing file /Library/Frameworks/Python.framework/Versions/3.10/lib/python3.10/site-packages/airflow/example_dags/example_setup_teardown_taskflow.py for tasks to queue
[2026-04-21T19:24:33.056+0530] {logging_mixin.py:188} INFO - [2026-04-21T19:24:33.056+0530] {dagbag.py:545} INFO - Filling up the DagBag from /Library/Frameworks/Python.framework/Versions/3.10/lib/python3.10/site-packages/airflow/example_dags/example_setup_teardown_taskflow.py
[2026-04-21T19:24:33.071+0530] {processor.py:840} INFO - DAG(s) 'example_setup_teardown_taskflow' retrieved from /Library/Frameworks/Python.framework/Versions/3.10/lib/python3.10/site-packages/airflow/example_dags/example_setup_teardown_taskflow.py
[2026-04-21T19:24:33.110+0530] {logging_mixin.py:188} INFO - [2026-04-21T19:24:33.110+0530] {dag.py:3096} INFO - Sync 1 DAGs
[2026-04-21T19:24:33.115+0530] {logging_mixin.py:188} INFO - [2026-04-21T19:24:33.115+0530] {dag.py:3954} INFO - Setting next_dagrun for example_setup_teardown_taskflow to 2026-04-20 00:00:00+00:00, run_after=2026-04-21 00:00:00+00:00
[2026-04-21T19:24:33.122+0530] {processor.py:183} INFO - Processing /Library/Frameworks/Python.framework/Versions/3.10/lib/python3.10/site-packages/airflow/example_dags/example_setup_teardown_taskflow.py took 0.067 seconds
[2026-04-21T21:56:07.383+0530] {processor.py:161} INFO - Started process (PID=67264) to work on /Library/Frameworks/Python.framework/Versions/3.10/lib/python3.10/site-packages/airflow/example_dags/example_setup_teardown_taskflow.py
[2026-04-21T21:56:07.384+0530] {processor.py:830} INFO - Processing file /Library/Frameworks/Python.framework/Versions/3.10/lib/python3.10/site-packages/airflow/example_dags/example_setup_teardown_taskflow.py for tasks to queue
[2026-04-21T21:56:07.384+0530] {logging_mixin.py:188} INFO - [2026-04-21T21:56:07.384+0530] {dagbag.py:545} INFO - Filling up the DagBag from /Library/Frameworks/Python.framework/Versions/3.10/lib/python3.10/site-packages/airflow/example_dags/example_setup_teardown_taskflow.py
[2026-04-21T21:56:07.400+0530] {processor.py:840} INFO - DAG(s) 'example_setup_teardown_taskflow' retrieved from /Library/Frameworks/Python.framework/Versions/3.10/lib/python3.10/site-packages/airflow/example_dags/example_setup_teardown_taskflow.py
[2026-04-21T21:56:07.440+0530] {logging_mixin.py:188} INFO - [2026-04-21T21:56:07.440+0530] {dag.py:3096} INFO - Sync 1 DAGs
[2026-04-21T21:56:07.446+0530] {logging_mixin.py:188} INFO - [2026-04-21T21:56:07.446+0530] {dag.py:3954} INFO - Setting next_dagrun for example_setup_teardown_taskflow to 2026-04-20 00:00:00+00:00, run_after=2026-04-21 00:00:00+00:00
[2026-04-21T21:56:07.452+0530] {processor.py:183} INFO - Processing /Library/Frameworks/Python.framework/Versions/3.10/lib/python3.10/site-packages/airflow/example_dags/example_setup_teardown_taskflow.py took 0.070 seconds
[2026-04-22T00:35:36.698+0530] {processor.py:161} INFO - Started process (PID=67687) to work on /Library/Frameworks/Python.framework/Versions/3.10/lib/python3.10/site-packages/airflow/example_dags/example_setup_teardown_taskflow.py
[2026-04-22T00:35:36.698+0530] {processor.py:830} INFO - Processing file /Library/Frameworks/Python.framework/Versions/3.10/lib/python3.10/site-packages/airflow/example_dags/example_setup_teardown_taskflow.py for tasks to queue
[2026-04-22T00:35:36.698+0530] {logging_mixin.py:188} INFO - [2026-04-22T00:35:36.698+0530] {dagbag.py:545} INFO - Filling up the DagBag from /Library/Frameworks/Python.framework/Versions/3.10/lib/python3.10/site-packages/airflow/example_dags/example_setup_teardown_taskflow.py
[2026-04-22T00:35:36.716+0530] {processor.py:840} INFO - DAG(s) 'example_setup_teardown_taskflow' retrieved from /Library/Frameworks/Python.framework/Versions/3.10/lib/python3.10/site-packages/airflow/example_dags/example_setup_teardown_taskflow.py
[2026-04-22T00:35:36.765+0530] {logging_mixin.py:188} INFO - [2026-04-22T00:35:36.764+0530] {dag.py:3096} INFO - Sync 1 DAGs
[2026-04-22T00:35:36.772+0530] {logging_mixin.py:188} INFO - [2026-04-22T00:35:36.772+0530] {dag.py:3954} INFO - Setting next_dagrun for example_setup_teardown_taskflow to 2026-04-20 00:00:00+00:00, run_after=2026-04-21 00:00:00+00:00
[2026-04-22T00:35:36.780+0530] {processor.py:183} INFO - Processing /Library/Frameworks/Python.framework/Versions/3.10/lib/python3.10/site-packages/airflow/example_dags/example_setup_teardown_taskflow.py took 0.084 seconds
[2026-04-22T01:53:53.842+0530] {processor.py:161} INFO - Started process (PID=67890) to work on /Library/Frameworks/Python.framework/Versions/3.10/lib/python3.10/site-packages/airflow/example_dags/example_setup_teardown_taskflow.py
[2026-04-22T01:53:53.842+0530] {processor.py:830} INFO - Processing file /Library/Frameworks/Python.framework/Versions/3.10/lib/python3.10/site-packages/airflow/example_dags/example_setup_teardown_taskflow.py for tasks to queue
[2026-04-22T01:53:53.842+0530] {logging_mixin.py:188} INFO - [2026-04-22T01:53:53.842+0530] {dagbag.py:545} INFO - Filling up the DagBag from /Library/Frameworks/Python.framework/Versions/3.10/lib/python3.10/site-packages/airflow/example_dags/example_setup_teardown_taskflow.py
[2026-04-22T01:53:53.855+0530] {processor.py:840} INFO - DAG(s) 'example_setup_teardown_taskflow' retrieved from /Library/Frameworks/Python.framework/Versions/3.10/lib/python3.10/site-packages/airflow/example_dags/example_setup_teardown_taskflow.py
[2026-04-22T01:53:53.891+0530] {logging_mixin.py:188} INFO - [2026-04-22T01:53:53.891+0530] {dag.py:3096} INFO - Sync 1 DAGs
[2026-04-22T01:53:53.895+0530] {logging_mixin.py:188} INFO - [2026-04-22T01:53:53.895+0530] {dag.py:3954} INFO - Setting next_dagrun for example_setup_teardown_taskflow to 2026-04-20 00:00:00+00:00, run_after=2026-04-21 00:00:00+00:00
[2026-04-22T01:53:53.901+0530] {processor.py:183} INFO - Processing /Library/Frameworks/Python.framework/Versions/3.10/lib/python3.10/site-packages/airflow/example_dags/example_setup_teardown_taskflow.py took 0.060 seconds
[2026-04-22T03:16:24.128+0530] {processor.py:161} INFO - Started process (PID=68135) to work on /Library/Frameworks/Python.framework/Versions/3.10/lib/python3.10/site-packages/airflow/example_dags/example_setup_teardown_taskflow.py
[2026-04-22T03:16:24.129+0530] {processor.py:830} INFO - Processing file /Library/Frameworks/Python.framework/Versions/3.10/lib/python3.10/site-packages/airflow/example_dags/example_setup_teardown_taskflow.py for tasks to queue
[2026-04-22T03:16:24.129+0530] {logging_mixin.py:188} INFO - [2026-04-22T03:16:24.129+0530] {dagbag.py:545} INFO - Filling up the DagBag from /Library/Frameworks/Python.framework/Versions/3.10/lib/python3.10/site-packages/airflow/example_dags/example_setup_teardown_taskflow.py
[2026-04-22T03:16:24.142+0530] {processor.py:840} INFO - DAG(s) 'example_setup_teardown_taskflow' retrieved from /Library/Frameworks/Python.framework/Versions/3.10/lib/python3.10/site-packages/airflow/example_dags/example_setup_teardown_taskflow.py
[2026-04-22T03:16:24.175+0530] {logging_mixin.py:188} INFO - [2026-04-22T03:16:24.175+0530] {dag.py:3096} INFO - Sync 1 DAGs
[2026-04-22T03:16:24.180+0530] {logging_mixin.py:188} INFO - [2026-04-22T03:16:24.179+0530] {dag.py:3954} INFO - Setting next_dagrun for example_setup_teardown_taskflow to 2026-04-20 00:00:00+00:00, run_after=2026-04-21 00:00:00+00:00
[2026-04-22T03:16:24.185+0530] {processor.py:183} INFO - Processing /Library/Frameworks/Python.framework/Versions/3.10/lib/python3.10/site-packages/airflow/example_dags/example_setup_teardown_taskflow.py took 0.058 seconds
