[2026-04-21T16:30:09.173+0530] {processor.py:161} INFO - Started process (PID=66041) to work on /Library/Frameworks/Python.framework/Versions/3.10/lib/python3.10/site-packages/airflow/example_dags/example_trigger_target_dag.py
[2026-04-21T16:30:09.174+0530] {processor.py:830} INFO - Processing file /Library/Frameworks/Python.framework/Versions/3.10/lib/python3.10/site-packages/airflow/example_dags/example_trigger_target_dag.py for tasks to queue
[2026-04-21T16:30:09.174+0530] {logging_mixin.py:188} INFO - [2026-04-21T16:30:09.174+0530] {dagbag.py:545} INFO - Filling up the DagBag from /Library/Frameworks/Python.framework/Versions/3.10/lib/python3.10/site-packages/airflow/example_dags/example_trigger_target_dag.py
[2026-04-21T16:30:09.186+0530] {processor.py:840} INFO - DAG(s) 'example_trigger_target_dag' retrieved from /Library/Frameworks/Python.framework/Versions/3.10/lib/python3.10/site-packages/airflow/example_dags/example_trigger_target_dag.py
[2026-04-21T16:30:09.242+0530] {logging_mixin.py:188} INFO - [2026-04-21T16:30:09.242+0530] {override.py:1829} INFO - Created Permission View: can delete on DAG:example_trigger_target_dag
[2026-04-21T16:30:09.245+0530] {logging_mixin.py:188} INFO - [2026-04-21T16:30:09.244+0530] {override.py:1829} INFO - Created Permission View: can read on DAG:example_trigger_target_dag
[2026-04-21T16:30:09.246+0530] {logging_mixin.py:188} INFO - [2026-04-21T16:30:09.246+0530] {override.py:1829} INFO - Created Permission View: can edit on DAG:example_trigger_target_dag
[2026-04-21T16:30:09.246+0530] {logging_mixin.py:188} INFO - [2026-04-21T16:30:09.246+0530] {dag.py:3096} INFO - Sync 1 DAGs
[2026-04-21T16:30:09.249+0530] {logging_mixin.py:188} INFO - [2026-04-21T16:30:09.249+0530] {dag.py:3118} INFO - Creating ORM DAG for example_trigger_target_dag
[2026-04-21T16:30:09.249+0530] {logging_mixin.py:188} INFO - [2026-04-21T16:30:09.249+0530] {dag.py:3954} INFO - Setting next_dagrun for example_trigger_target_dag to None, run_after=None
[2026-04-21T16:30:09.254+0530] {processor.py:183} INFO - Processing /Library/Frameworks/Python.framework/Versions/3.10/lib/python3.10/site-packages/airflow/example_dags/example_trigger_target_dag.py took 0.082 seconds
[2026-04-21T19:22:54.665+0530] {processor.py:161} INFO - Started process (PID=66816) to work on /Library/Frameworks/Python.framework/Versions/3.10/lib/python3.10/site-packages/airflow/example_dags/example_trigger_target_dag.py
[2026-04-21T19:22:54.665+0530] {processor.py:830} INFO - Processing file /Library/Frameworks/Python.framework/Versions/3.10/lib/python3.10/site-packages/airflow/example_dags/example_trigger_target_dag.py for tasks to queue
[2026-04-21T19:22:54.666+0530] {logging_mixin.py:188} INFO - [2026-04-21T19:22:54.666+0530] {dagbag.py:545} INFO - Filling up the DagBag from /Library/Frameworks/Python.framework/Versions/3.10/lib/python3.10/site-packages/airflow/example_dags/example_trigger_target_dag.py
[2026-04-21T19:22:54.686+0530] {processor.py:840} INFO - DAG(s) 'example_trigger_target_dag' retrieved from /Library/Frameworks/Python.framework/Versions/3.10/lib/python3.10/site-packages/airflow/example_dags/example_trigger_target_dag.py
[2026-04-21T19:22:54.740+0530] {logging_mixin.py:188} INFO - [2026-04-21T19:22:54.740+0530] {dag.py:3096} INFO - Sync 1 DAGs
[2026-04-21T19:22:54.745+0530] {logging_mixin.py:188} INFO - [2026-04-21T19:22:54.745+0530] {dag.py:3954} INFO - Setting next_dagrun for example_trigger_target_dag to None, run_after=None
[2026-04-21T19:22:54.753+0530] {processor.py:183} INFO - Processing /Library/Frameworks/Python.framework/Versions/3.10/lib/python3.10/site-packages/airflow/example_dags/example_trigger_target_dag.py took 0.090 seconds
[2026-04-21T19:24:29.064+0530] {processor.py:161} INFO - Started process (PID=66846) to work on /Library/Frameworks/Python.framework/Versions/3.10/lib/python3.10/site-packages/airflow/example_dags/example_trigger_target_dag.py
[2026-04-21T19:24:29.065+0530] {processor.py:830} INFO - Processing file /Library/Frameworks/Python.framework/Versions/3.10/lib/python3.10/site-packages/airflow/example_dags/example_trigger_target_dag.py for tasks to queue
[2026-04-21T19:24:29.065+0530] {logging_mixin.py:188} INFO - [2026-04-21T19:24:29.065+0530] {dagbag.py:545} INFO - Filling up the DagBag from /Library/Frameworks/Python.framework/Versions/3.10/lib/python3.10/site-packages/airflow/example_dags/example_trigger_target_dag.py
[2026-04-21T19:24:29.078+0530] {processor.py:840} INFO - DAG(s) 'example_trigger_target_dag' retrieved from /Library/Frameworks/Python.framework/Versions/3.10/lib/python3.10/site-packages/airflow/example_dags/example_trigger_target_dag.py
[2026-04-21T19:24:29.116+0530] {logging_mixin.py:188} INFO - [2026-04-21T19:24:29.116+0530] {dag.py:3096} INFO - Sync 1 DAGs
[2026-04-21T19:24:29.120+0530] {logging_mixin.py:188} INFO - [2026-04-21T19:24:29.119+0530] {dag.py:3954} INFO - Setting next_dagrun for example_trigger_target_dag to None, run_after=None
[2026-04-21T19:24:29.126+0530] {processor.py:183} INFO - Processing /Library/Frameworks/Python.framework/Versions/3.10/lib/python3.10/site-packages/airflow/example_dags/example_trigger_target_dag.py took 0.062 seconds
[2026-04-21T21:55:08.349+0530] {processor.py:161} INFO - Started process (PID=67250) to work on /Library/Frameworks/Python.framework/Versions/3.10/lib/python3.10/site-packages/airflow/example_dags/example_trigger_target_dag.py
[2026-04-21T21:55:08.349+0530] {processor.py:830} INFO - Processing file /Library/Frameworks/Python.framework/Versions/3.10/lib/python3.10/site-packages/airflow/example_dags/example_trigger_target_dag.py for tasks to queue
[2026-04-21T21:55:08.350+0530] {logging_mixin.py:188} INFO - [2026-04-21T21:55:08.350+0530] {dagbag.py:545} INFO - Filling up the DagBag from /Library/Frameworks/Python.framework/Versions/3.10/lib/python3.10/site-packages/airflow/example_dags/example_trigger_target_dag.py
[2026-04-21T21:55:08.362+0530] {processor.py:840} INFO - DAG(s) 'example_trigger_target_dag' retrieved from /Library/Frameworks/Python.framework/Versions/3.10/lib/python3.10/site-packages/airflow/example_dags/example_trigger_target_dag.py
[2026-04-21T21:55:08.396+0530] {logging_mixin.py:188} INFO - [2026-04-21T21:55:08.396+0530] {dag.py:3096} INFO - Sync 1 DAGs
[2026-04-21T21:55:08.399+0530] {logging_mixin.py:188} INFO - [2026-04-21T21:55:08.399+0530] {dag.py:3954} INFO - Setting next_dagrun for example_trigger_target_dag to None, run_after=None
[2026-04-21T21:55:08.405+0530] {processor.py:183} INFO - Processing /Library/Frameworks/Python.framework/Versions/3.10/lib/python3.10/site-packages/airflow/example_dags/example_trigger_target_dag.py took 0.057 seconds
[2026-04-21T23:17:14.237+0530] {processor.py:161} INFO - Started process (PID=67490) to work on /Library/Frameworks/Python.framework/Versions/3.10/lib/python3.10/site-packages/airflow/example_dags/example_trigger_target_dag.py
[2026-04-21T23:17:14.238+0530] {processor.py:830} INFO - Processing file /Library/Frameworks/Python.framework/Versions/3.10/lib/python3.10/site-packages/airflow/example_dags/example_trigger_target_dag.py for tasks to queue
[2026-04-21T23:17:14.239+0530] {logging_mixin.py:188} INFO - [2026-04-21T23:17:14.238+0530] {dagbag.py:545} INFO - Filling up the DagBag from /Library/Frameworks/Python.framework/Versions/3.10/lib/python3.10/site-packages/airflow/example_dags/example_trigger_target_dag.py
[2026-04-21T23:17:14.256+0530] {processor.py:840} INFO - DAG(s) 'example_trigger_target_dag' retrieved from /Library/Frameworks/Python.framework/Versions/3.10/lib/python3.10/site-packages/airflow/example_dags/example_trigger_target_dag.py
[2026-04-21T23:17:14.305+0530] {logging_mixin.py:188} INFO - [2026-04-21T23:17:14.305+0530] {dag.py:3096} INFO - Sync 1 DAGs
[2026-04-21T23:17:14.310+0530] {logging_mixin.py:188} INFO - [2026-04-21T23:17:14.310+0530] {dag.py:3954} INFO - Setting next_dagrun for example_trigger_target_dag to None, run_after=None
[2026-04-21T23:17:14.317+0530] {processor.py:183} INFO - Processing /Library/Frameworks/Python.framework/Versions/3.10/lib/python3.10/site-packages/airflow/example_dags/example_trigger_target_dag.py took 0.082 seconds
[2026-04-22T01:53:19.775+0530] {processor.py:161} INFO - Started process (PID=67869) to work on /Library/Frameworks/Python.framework/Versions/3.10/lib/python3.10/site-packages/airflow/example_dags/example_trigger_target_dag.py
[2026-04-22T01:53:19.775+0530] {processor.py:830} INFO - Processing file /Library/Frameworks/Python.framework/Versions/3.10/lib/python3.10/site-packages/airflow/example_dags/example_trigger_target_dag.py for tasks to queue
[2026-04-22T01:53:19.775+0530] {logging_mixin.py:188} INFO - [2026-04-22T01:53:19.775+0530] {dagbag.py:545} INFO - Filling up the DagBag from /Library/Frameworks/Python.framework/Versions/3.10/lib/python3.10/site-packages/airflow/example_dags/example_trigger_target_dag.py
[2026-04-22T01:53:19.790+0530] {processor.py:840} INFO - DAG(s) 'example_trigger_target_dag' retrieved from /Library/Frameworks/Python.framework/Versions/3.10/lib/python3.10/site-packages/airflow/example_dags/example_trigger_target_dag.py
[2026-04-22T01:53:19.832+0530] {logging_mixin.py:188} INFO - [2026-04-22T01:53:19.832+0530] {dag.py:3096} INFO - Sync 1 DAGs
[2026-04-22T01:53:19.836+0530] {logging_mixin.py:188} INFO - [2026-04-22T01:53:19.836+0530] {dag.py:3954} INFO - Setting next_dagrun for example_trigger_target_dag to None, run_after=None
[2026-04-22T01:53:19.843+0530] {processor.py:183} INFO - Processing /Library/Frameworks/Python.framework/Versions/3.10/lib/python3.10/site-packages/airflow/example_dags/example_trigger_target_dag.py took 0.069 seconds
[2026-04-22T03:15:24.328+0530] {processor.py:161} INFO - Started process (PID=68107) to work on /Library/Frameworks/Python.framework/Versions/3.10/lib/python3.10/site-packages/airflow/example_dags/example_trigger_target_dag.py
[2026-04-22T03:15:24.329+0530] {processor.py:830} INFO - Processing file /Library/Frameworks/Python.framework/Versions/3.10/lib/python3.10/site-packages/airflow/example_dags/example_trigger_target_dag.py for tasks to queue
[2026-04-22T03:15:24.329+0530] {logging_mixin.py:188} INFO - [2026-04-22T03:15:24.329+0530] {dagbag.py:545} INFO - Filling up the DagBag from /Library/Frameworks/Python.framework/Versions/3.10/lib/python3.10/site-packages/airflow/example_dags/example_trigger_target_dag.py
[2026-04-22T03:15:24.340+0530] {processor.py:840} INFO - DAG(s) 'example_trigger_target_dag' retrieved from /Library/Frameworks/Python.framework/Versions/3.10/lib/python3.10/site-packages/airflow/example_dags/example_trigger_target_dag.py
[2026-04-22T03:15:24.371+0530] {logging_mixin.py:188} INFO - [2026-04-22T03:15:24.371+0530] {dag.py:3096} INFO - Sync 1 DAGs
[2026-04-22T03:15:24.374+0530] {logging_mixin.py:188} INFO - [2026-04-22T03:15:24.374+0530] {dag.py:3954} INFO - Setting next_dagrun for example_trigger_target_dag to None, run_after=None
[2026-04-22T03:15:24.380+0530] {processor.py:183} INFO - Processing /Library/Frameworks/Python.framework/Versions/3.10/lib/python3.10/site-packages/airflow/example_dags/example_trigger_target_dag.py took 0.052 seconds
