[2026-04-21T16:30:26.599+0530] {processor.py:161} INFO - Started process (PID=66076) to work on /Library/Frameworks/Python.framework/Versions/3.10/lib/python3.10/site-packages/airflow/example_dags/example_params_trigger_ui.py
[2026-04-21T16:30:26.600+0530] {processor.py:830} INFO - Processing file /Library/Frameworks/Python.framework/Versions/3.10/lib/python3.10/site-packages/airflow/example_dags/example_params_trigger_ui.py for tasks to queue
[2026-04-21T16:30:26.600+0530] {logging_mixin.py:188} INFO - [2026-04-21T16:30:26.600+0530] {dagbag.py:545} INFO - Filling up the DagBag from /Library/Frameworks/Python.framework/Versions/3.10/lib/python3.10/site-packages/airflow/example_dags/example_params_trigger_ui.py
[2026-04-21T16:30:26.613+0530] {processor.py:840} INFO - DAG(s) 'example_params_trigger_ui' retrieved from /Library/Frameworks/Python.framework/Versions/3.10/lib/python3.10/site-packages/airflow/example_dags/example_params_trigger_ui.py
[2026-04-21T16:30:26.676+0530] {logging_mixin.py:188} INFO - [2026-04-21T16:30:26.675+0530] {override.py:1829} INFO - Created Permission View: can edit on DAG:example_params_trigger_ui
[2026-04-21T16:30:26.678+0530] {logging_mixin.py:188} INFO - [2026-04-21T16:30:26.678+0530] {override.py:1829} INFO - Created Permission View: can delete on DAG:example_params_trigger_ui
[2026-04-21T16:30:26.679+0530] {logging_mixin.py:188} INFO - [2026-04-21T16:30:26.679+0530] {override.py:1829} INFO - Created Permission View: can read on DAG:example_params_trigger_ui
[2026-04-21T16:30:26.680+0530] {logging_mixin.py:188} INFO - [2026-04-21T16:30:26.679+0530] {dag.py:3096} INFO - Sync 1 DAGs
[2026-04-21T16:30:26.683+0530] {logging_mixin.py:188} INFO - [2026-04-21T16:30:26.683+0530] {dag.py:3118} INFO - Creating ORM DAG for example_params_trigger_ui
[2026-04-21T16:30:26.683+0530] {logging_mixin.py:188} INFO - [2026-04-21T16:30:26.683+0530] {dag.py:3954} INFO - Setting next_dagrun for example_params_trigger_ui to None, run_after=None
[2026-04-21T16:30:26.687+0530] {processor.py:183} INFO - Processing /Library/Frameworks/Python.framework/Versions/3.10/lib/python3.10/site-packages/airflow/example_dags/example_params_trigger_ui.py took 0.089 seconds
[2026-04-21T19:25:05.668+0530] {processor.py:161} INFO - Started process (PID=66868) to work on /Library/Frameworks/Python.framework/Versions/3.10/lib/python3.10/site-packages/airflow/example_dags/example_params_trigger_ui.py
[2026-04-21T19:25:05.669+0530] {processor.py:830} INFO - Processing file /Library/Frameworks/Python.framework/Versions/3.10/lib/python3.10/site-packages/airflow/example_dags/example_params_trigger_ui.py for tasks to queue
[2026-04-21T19:25:05.669+0530] {logging_mixin.py:188} INFO - [2026-04-21T19:25:05.669+0530] {dagbag.py:545} INFO - Filling up the DagBag from /Library/Frameworks/Python.framework/Versions/3.10/lib/python3.10/site-packages/airflow/example_dags/example_params_trigger_ui.py
[2026-04-21T19:25:05.682+0530] {processor.py:840} INFO - DAG(s) 'example_params_trigger_ui' retrieved from /Library/Frameworks/Python.framework/Versions/3.10/lib/python3.10/site-packages/airflow/example_dags/example_params_trigger_ui.py
[2026-04-21T19:25:05.721+0530] {logging_mixin.py:188} INFO - [2026-04-21T19:25:05.721+0530] {dag.py:3096} INFO - Sync 1 DAGs
[2026-04-21T19:25:05.724+0530] {logging_mixin.py:188} INFO - [2026-04-21T19:25:05.724+0530] {dag.py:3954} INFO - Setting next_dagrun for example_params_trigger_ui to None, run_after=None
[2026-04-21T19:25:05.729+0530] {processor.py:183} INFO - Processing /Library/Frameworks/Python.framework/Versions/3.10/lib/python3.10/site-packages/airflow/example_dags/example_params_trigger_ui.py took 0.062 seconds
[2026-04-21T22:11:43.421+0530] {processor.py:161} INFO - Started process (PID=67278) to work on /Library/Frameworks/Python.framework/Versions/3.10/lib/python3.10/site-packages/airflow/example_dags/example_params_trigger_ui.py
[2026-04-21T22:11:43.421+0530] {processor.py:830} INFO - Processing file /Library/Frameworks/Python.framework/Versions/3.10/lib/python3.10/site-packages/airflow/example_dags/example_params_trigger_ui.py for tasks to queue
[2026-04-21T22:11:43.422+0530] {logging_mixin.py:188} INFO - [2026-04-21T22:11:43.421+0530] {dagbag.py:545} INFO - Filling up the DagBag from /Library/Frameworks/Python.framework/Versions/3.10/lib/python3.10/site-packages/airflow/example_dags/example_params_trigger_ui.py
[2026-04-21T22:11:43.440+0530] {processor.py:840} INFO - DAG(s) 'example_params_trigger_ui' retrieved from /Library/Frameworks/Python.framework/Versions/3.10/lib/python3.10/site-packages/airflow/example_dags/example_params_trigger_ui.py
[2026-04-21T22:11:43.495+0530] {logging_mixin.py:188} INFO - [2026-04-21T22:11:43.495+0530] {dag.py:3096} INFO - Sync 1 DAGs
[2026-04-21T22:11:43.499+0530] {logging_mixin.py:188} INFO - [2026-04-21T22:11:43.499+0530] {dag.py:3954} INFO - Setting next_dagrun for example_params_trigger_ui to None, run_after=None
[2026-04-21T22:11:43.506+0530] {processor.py:183} INFO - Processing /Library/Frameworks/Python.framework/Versions/3.10/lib/python3.10/site-packages/airflow/example_dags/example_params_trigger_ui.py took 0.086 seconds
[2026-04-22T01:54:26.307+0530] {processor.py:161} INFO - Started process (PID=67902) to work on /Library/Frameworks/Python.framework/Versions/3.10/lib/python3.10/site-packages/airflow/example_dags/example_params_trigger_ui.py
[2026-04-22T01:54:26.308+0530] {processor.py:830} INFO - Processing file /Library/Frameworks/Python.framework/Versions/3.10/lib/python3.10/site-packages/airflow/example_dags/example_params_trigger_ui.py for tasks to queue
[2026-04-22T01:54:26.308+0530] {logging_mixin.py:188} INFO - [2026-04-22T01:54:26.308+0530] {dagbag.py:545} INFO - Filling up the DagBag from /Library/Frameworks/Python.framework/Versions/3.10/lib/python3.10/site-packages/airflow/example_dags/example_params_trigger_ui.py
[2026-04-22T01:54:26.323+0530] {processor.py:840} INFO - DAG(s) 'example_params_trigger_ui' retrieved from /Library/Frameworks/Python.framework/Versions/3.10/lib/python3.10/site-packages/airflow/example_dags/example_params_trigger_ui.py
[2026-04-22T01:54:26.368+0530] {logging_mixin.py:188} INFO - [2026-04-22T01:54:26.367+0530] {dag.py:3096} INFO - Sync 1 DAGs
[2026-04-22T01:54:26.371+0530] {logging_mixin.py:188} INFO - [2026-04-22T01:54:26.371+0530] {dag.py:3954} INFO - Setting next_dagrun for example_params_trigger_ui to None, run_after=None
[2026-04-22T01:54:26.376+0530] {processor.py:183} INFO - Processing /Library/Frameworks/Python.framework/Versions/3.10/lib/python3.10/site-packages/airflow/example_dags/example_params_trigger_ui.py took 0.070 seconds
[2026-04-22T03:31:30.532+0530] {processor.py:161} INFO - Started process (PID=68148) to work on /Library/Frameworks/Python.framework/Versions/3.10/lib/python3.10/site-packages/airflow/example_dags/example_params_trigger_ui.py
[2026-04-22T03:31:30.532+0530] {processor.py:830} INFO - Processing file /Library/Frameworks/Python.framework/Versions/3.10/lib/python3.10/site-packages/airflow/example_dags/example_params_trigger_ui.py for tasks to queue
[2026-04-22T03:31:30.533+0530] {logging_mixin.py:188} INFO - [2026-04-22T03:31:30.532+0530] {dagbag.py:545} INFO - Filling up the DagBag from /Library/Frameworks/Python.framework/Versions/3.10/lib/python3.10/site-packages/airflow/example_dags/example_params_trigger_ui.py
[2026-04-22T03:31:30.553+0530] {processor.py:840} INFO - DAG(s) 'example_params_trigger_ui' retrieved from /Library/Frameworks/Python.framework/Versions/3.10/lib/python3.10/site-packages/airflow/example_dags/example_params_trigger_ui.py
[2026-04-22T03:31:30.615+0530] {logging_mixin.py:188} INFO - [2026-04-22T03:31:30.615+0530] {dag.py:3096} INFO - Sync 1 DAGs
[2026-04-22T03:31:30.619+0530] {logging_mixin.py:188} INFO - [2026-04-22T03:31:30.619+0530] {dag.py:3954} INFO - Setting next_dagrun for example_params_trigger_ui to None, run_after=None
[2026-04-22T03:31:30.627+0530] {processor.py:183} INFO - Processing /Library/Frameworks/Python.framework/Versions/3.10/lib/python3.10/site-packages/airflow/example_dags/example_params_trigger_ui.py took 0.097 seconds
