[2026-04-21T16:30:32.163+0530] {processor.py:161} INFO - Started process (PID=66085) to work on /Library/Frameworks/Python.framework/Versions/3.10/lib/python3.10/site-packages/airflow/example_dags/example_external_task_marker_dag.py
[2026-04-21T16:30:32.163+0530] {processor.py:830} INFO - Processing file /Library/Frameworks/Python.framework/Versions/3.10/lib/python3.10/site-packages/airflow/example_dags/example_external_task_marker_dag.py for tasks to queue
[2026-04-21T16:30:32.163+0530] {logging_mixin.py:188} INFO - [2026-04-21T16:30:32.163+0530] {dagbag.py:545} INFO - Filling up the DagBag from /Library/Frameworks/Python.framework/Versions/3.10/lib/python3.10/site-packages/airflow/example_dags/example_external_task_marker_dag.py
[2026-04-21T16:30:32.168+0530] {processor.py:840} INFO - DAG(s) 'example_external_task_marker_parent', 'example_external_task_marker_child' retrieved from /Library/Frameworks/Python.framework/Versions/3.10/lib/python3.10/site-packages/airflow/example_dags/example_external_task_marker_dag.py
[2026-04-21T16:30:32.224+0530] {logging_mixin.py:188} INFO - [2026-04-21T16:30:32.224+0530] {override.py:1829} INFO - Created Permission View: can edit on DAG:example_external_task_marker_parent
[2026-04-21T16:30:32.227+0530] {logging_mixin.py:188} INFO - [2026-04-21T16:30:32.227+0530] {override.py:1829} INFO - Created Permission View: can read on DAG:example_external_task_marker_parent
[2026-04-21T16:30:32.228+0530] {logging_mixin.py:188} INFO - [2026-04-21T16:30:32.228+0530] {override.py:1829} INFO - Created Permission View: can delete on DAG:example_external_task_marker_parent
[2026-04-21T16:30:32.237+0530] {logging_mixin.py:188} INFO - [2026-04-21T16:30:32.237+0530] {override.py:1829} INFO - Created Permission View: can edit on DAG:example_external_task_marker_child
[2026-04-21T16:30:32.239+0530] {logging_mixin.py:188} INFO - [2026-04-21T16:30:32.239+0530] {override.py:1829} INFO - Created Permission View: can read on DAG:example_external_task_marker_child
[2026-04-21T16:30:32.240+0530] {logging_mixin.py:188} INFO - [2026-04-21T16:30:32.240+0530] {override.py:1829} INFO - Created Permission View: can delete on DAG:example_external_task_marker_child
[2026-04-21T16:30:32.240+0530] {logging_mixin.py:188} INFO - [2026-04-21T16:30:32.240+0530] {dag.py:3096} INFO - Sync 2 DAGs
[2026-04-21T16:30:32.243+0530] {logging_mixin.py:188} INFO - [2026-04-21T16:30:32.243+0530] {dag.py:3118} INFO - Creating ORM DAG for example_external_task_marker_parent
[2026-04-21T16:30:32.243+0530] {logging_mixin.py:188} INFO - [2026-04-21T16:30:32.243+0530] {dag.py:3118} INFO - Creating ORM DAG for example_external_task_marker_child
[2026-04-21T16:30:32.243+0530] {logging_mixin.py:188} INFO - [2026-04-21T16:30:32.243+0530] {dag.py:3954} INFO - Setting next_dagrun for example_external_task_marker_child to None, run_after=None
[2026-04-21T16:30:32.243+0530] {logging_mixin.py:188} INFO - [2026-04-21T16:30:32.243+0530] {dag.py:3954} INFO - Setting next_dagrun for example_external_task_marker_parent to None, run_after=None
[2026-04-21T16:30:32.248+0530] {processor.py:183} INFO - Processing /Library/Frameworks/Python.framework/Versions/3.10/lib/python3.10/site-packages/airflow/example_dags/example_external_task_marker_dag.py took 0.086 seconds
[2026-04-21T19:25:12.315+0530] {processor.py:161} INFO - Started process (PID=66876) to work on /Library/Frameworks/Python.framework/Versions/3.10/lib/python3.10/site-packages/airflow/example_dags/example_external_task_marker_dag.py
[2026-04-21T19:25:12.316+0530] {processor.py:830} INFO - Processing file /Library/Frameworks/Python.framework/Versions/3.10/lib/python3.10/site-packages/airflow/example_dags/example_external_task_marker_dag.py for tasks to queue
[2026-04-21T19:25:12.316+0530] {logging_mixin.py:188} INFO - [2026-04-21T19:25:12.316+0530] {dagbag.py:545} INFO - Filling up the DagBag from /Library/Frameworks/Python.framework/Versions/3.10/lib/python3.10/site-packages/airflow/example_dags/example_external_task_marker_dag.py
[2026-04-21T19:25:12.323+0530] {processor.py:840} INFO - DAG(s) 'example_external_task_marker_child', 'example_external_task_marker_parent' retrieved from /Library/Frameworks/Python.framework/Versions/3.10/lib/python3.10/site-packages/airflow/example_dags/example_external_task_marker_dag.py
[2026-04-21T19:25:12.379+0530] {logging_mixin.py:188} INFO - [2026-04-21T19:25:12.379+0530] {dag.py:3096} INFO - Sync 2 DAGs
[2026-04-21T19:25:12.383+0530] {logging_mixin.py:188} INFO - [2026-04-21T19:25:12.383+0530] {dag.py:3954} INFO - Setting next_dagrun for example_external_task_marker_child to None, run_after=None
[2026-04-21T19:25:12.385+0530] {logging_mixin.py:188} INFO - [2026-04-21T19:25:12.385+0530] {dag.py:3954} INFO - Setting next_dagrun for example_external_task_marker_parent to None, run_after=None
[2026-04-21T19:25:12.392+0530] {processor.py:183} INFO - Processing /Library/Frameworks/Python.framework/Versions/3.10/lib/python3.10/site-packages/airflow/example_dags/example_external_task_marker_dag.py took 0.078 seconds
[2026-04-21T23:15:54.182+0530] {processor.py:161} INFO - Started process (PID=67435) to work on /Library/Frameworks/Python.framework/Versions/3.10/lib/python3.10/site-packages/airflow/example_dags/example_external_task_marker_dag.py
[2026-04-21T23:15:54.184+0530] {processor.py:830} INFO - Processing file /Library/Frameworks/Python.framework/Versions/3.10/lib/python3.10/site-packages/airflow/example_dags/example_external_task_marker_dag.py for tasks to queue
[2026-04-21T23:15:54.184+0530] {logging_mixin.py:188} INFO - [2026-04-21T23:15:54.184+0530] {dagbag.py:545} INFO - Filling up the DagBag from /Library/Frameworks/Python.framework/Versions/3.10/lib/python3.10/site-packages/airflow/example_dags/example_external_task_marker_dag.py
[2026-04-21T23:15:54.191+0530] {processor.py:840} INFO - DAG(s) 'example_external_task_marker_parent', 'example_external_task_marker_child' retrieved from /Library/Frameworks/Python.framework/Versions/3.10/lib/python3.10/site-packages/airflow/example_dags/example_external_task_marker_dag.py
[2026-04-21T23:15:54.255+0530] {logging_mixin.py:188} INFO - [2026-04-21T23:15:54.255+0530] {dag.py:3096} INFO - Sync 2 DAGs
[2026-04-21T23:15:54.259+0530] {logging_mixin.py:188} INFO - [2026-04-21T23:15:54.259+0530] {dag.py:3954} INFO - Setting next_dagrun for example_external_task_marker_child to None, run_after=None
[2026-04-21T23:15:54.261+0530] {logging_mixin.py:188} INFO - [2026-04-21T23:15:54.261+0530] {dag.py:3954} INFO - Setting next_dagrun for example_external_task_marker_parent to None, run_after=None
[2026-04-21T23:15:54.268+0530] {processor.py:183} INFO - Processing /Library/Frameworks/Python.framework/Versions/3.10/lib/python3.10/site-packages/airflow/example_dags/example_external_task_marker_dag.py took 0.088 seconds
[2026-04-22T01:54:56.887+0530] {processor.py:161} INFO - Started process (PID=67916) to work on /Library/Frameworks/Python.framework/Versions/3.10/lib/python3.10/site-packages/airflow/example_dags/example_external_task_marker_dag.py
[2026-04-22T01:54:56.889+0530] {processor.py:830} INFO - Processing file /Library/Frameworks/Python.framework/Versions/3.10/lib/python3.10/site-packages/airflow/example_dags/example_external_task_marker_dag.py for tasks to queue
[2026-04-22T01:54:56.889+0530] {logging_mixin.py:188} INFO - [2026-04-22T01:54:56.889+0530] {dagbag.py:545} INFO - Filling up the DagBag from /Library/Frameworks/Python.framework/Versions/3.10/lib/python3.10/site-packages/airflow/example_dags/example_external_task_marker_dag.py
[2026-04-22T01:54:56.894+0530] {processor.py:840} INFO - DAG(s) 'example_external_task_marker_child', 'example_external_task_marker_parent' retrieved from /Library/Frameworks/Python.framework/Versions/3.10/lib/python3.10/site-packages/airflow/example_dags/example_external_task_marker_dag.py
[2026-04-22T01:54:56.933+0530] {logging_mixin.py:188} INFO - [2026-04-22T01:54:56.933+0530] {dag.py:3096} INFO - Sync 2 DAGs
[2026-04-22T01:54:56.936+0530] {logging_mixin.py:188} INFO - [2026-04-22T01:54:56.936+0530] {dag.py:3954} INFO - Setting next_dagrun for example_external_task_marker_child to None, run_after=None
[2026-04-22T01:54:56.937+0530] {logging_mixin.py:188} INFO - [2026-04-22T01:54:56.937+0530] {dag.py:3954} INFO - Setting next_dagrun for example_external_task_marker_parent to None, run_after=None
[2026-04-22T01:54:56.942+0530] {processor.py:183} INFO - Processing /Library/Frameworks/Python.framework/Versions/3.10/lib/python3.10/site-packages/airflow/example_dags/example_external_task_marker_dag.py took 0.055 seconds
[2026-04-22T04:43:38.856+0530] {processor.py:161} INFO - Started process (PID=68340) to work on /Library/Frameworks/Python.framework/Versions/3.10/lib/python3.10/site-packages/airflow/example_dags/example_external_task_marker_dag.py
[2026-04-22T04:43:38.858+0530] {processor.py:830} INFO - Processing file /Library/Frameworks/Python.framework/Versions/3.10/lib/python3.10/site-packages/airflow/example_dags/example_external_task_marker_dag.py for tasks to queue
[2026-04-22T04:43:38.858+0530] {logging_mixin.py:188} INFO - [2026-04-22T04:43:38.858+0530] {dagbag.py:545} INFO - Filling up the DagBag from /Library/Frameworks/Python.framework/Versions/3.10/lib/python3.10/site-packages/airflow/example_dags/example_external_task_marker_dag.py
[2026-04-22T04:43:38.864+0530] {processor.py:840} INFO - DAG(s) 'example_external_task_marker_parent', 'example_external_task_marker_child' retrieved from /Library/Frameworks/Python.framework/Versions/3.10/lib/python3.10/site-packages/airflow/example_dags/example_external_task_marker_dag.py
[2026-04-22T04:43:38.910+0530] {logging_mixin.py:188} INFO - [2026-04-22T04:43:38.910+0530] {dag.py:3096} INFO - Sync 2 DAGs
[2026-04-22T04:43:38.914+0530] {logging_mixin.py:188} INFO - [2026-04-22T04:43:38.914+0530] {dag.py:3954} INFO - Setting next_dagrun for example_external_task_marker_child to None, run_after=None
[2026-04-22T04:43:38.915+0530] {logging_mixin.py:188} INFO - [2026-04-22T04:43:38.915+0530] {dag.py:3954} INFO - Setting next_dagrun for example_external_task_marker_parent to None, run_after=None
[2026-04-22T04:43:38.921+0530] {processor.py:183} INFO - Processing /Library/Frameworks/Python.framework/Versions/3.10/lib/python3.10/site-packages/airflow/example_dags/example_external_task_marker_dag.py took 0.065 seconds
