[2026-04-21T16:30:25.878+0530] {processor.py:161} INFO - Started process (PID=66073) to work on /Library/Frameworks/Python.framework/Versions/3.10/lib/python3.10/site-packages/airflow/example_dags/example_params_ui_tutorial.py
[2026-04-21T16:30:25.879+0530] {processor.py:830} INFO - Processing file /Library/Frameworks/Python.framework/Versions/3.10/lib/python3.10/site-packages/airflow/example_dags/example_params_ui_tutorial.py for tasks to queue
[2026-04-21T16:30:25.879+0530] {logging_mixin.py:188} INFO - [2026-04-21T16:30:25.879+0530] {dagbag.py:545} INFO - Filling up the DagBag from /Library/Frameworks/Python.framework/Versions/3.10/lib/python3.10/site-packages/airflow/example_dags/example_params_ui_tutorial.py
[2026-04-21T16:30:25.892+0530] {processor.py:840} INFO - DAG(s) 'example_params_ui_tutorial' retrieved from /Library/Frameworks/Python.framework/Versions/3.10/lib/python3.10/site-packages/airflow/example_dags/example_params_ui_tutorial.py
[2026-04-21T16:30:25.957+0530] {logging_mixin.py:188} INFO - [2026-04-21T16:30:25.957+0530] {override.py:1829} INFO - Created Permission View: can read on DAG:example_params_ui_tutorial
[2026-04-21T16:30:25.959+0530] {logging_mixin.py:188} INFO - [2026-04-21T16:30:25.959+0530] {override.py:1829} INFO - Created Permission View: can edit on DAG:example_params_ui_tutorial
[2026-04-21T16:30:25.961+0530] {logging_mixin.py:188} INFO - [2026-04-21T16:30:25.961+0530] {override.py:1829} INFO - Created Permission View: can delete on DAG:example_params_ui_tutorial
[2026-04-21T16:30:25.961+0530] {logging_mixin.py:188} INFO - [2026-04-21T16:30:25.961+0530] {dag.py:3096} INFO - Sync 1 DAGs
[2026-04-21T16:30:25.964+0530] {logging_mixin.py:188} INFO - [2026-04-21T16:30:25.964+0530] {dag.py:3118} INFO - Creating ORM DAG for example_params_ui_tutorial
[2026-04-21T16:30:25.964+0530] {logging_mixin.py:188} INFO - [2026-04-21T16:30:25.964+0530] {dag.py:3954} INFO - Setting next_dagrun for example_params_ui_tutorial to None, run_after=None
[2026-04-21T16:30:25.969+0530] {processor.py:183} INFO - Processing /Library/Frameworks/Python.framework/Versions/3.10/lib/python3.10/site-packages/airflow/example_dags/example_params_ui_tutorial.py took 0.091 seconds
[2026-04-21T19:25:04.878+0530] {processor.py:161} INFO - Started process (PID=66867) to work on /Library/Frameworks/Python.framework/Versions/3.10/lib/python3.10/site-packages/airflow/example_dags/example_params_ui_tutorial.py
[2026-04-21T19:25:04.880+0530] {processor.py:830} INFO - Processing file /Library/Frameworks/Python.framework/Versions/3.10/lib/python3.10/site-packages/airflow/example_dags/example_params_ui_tutorial.py for tasks to queue
[2026-04-21T19:25:04.880+0530] {logging_mixin.py:188} INFO - [2026-04-21T19:25:04.880+0530] {dagbag.py:545} INFO - Filling up the DagBag from /Library/Frameworks/Python.framework/Versions/3.10/lib/python3.10/site-packages/airflow/example_dags/example_params_ui_tutorial.py
[2026-04-21T19:25:04.893+0530] {processor.py:840} INFO - DAG(s) 'example_params_ui_tutorial' retrieved from /Library/Frameworks/Python.framework/Versions/3.10/lib/python3.10/site-packages/airflow/example_dags/example_params_ui_tutorial.py
[2026-04-21T19:25:04.935+0530] {logging_mixin.py:188} INFO - [2026-04-21T19:25:04.935+0530] {dag.py:3096} INFO - Sync 1 DAGs
[2026-04-21T19:25:04.938+0530] {logging_mixin.py:188} INFO - [2026-04-21T19:25:04.938+0530] {dag.py:3954} INFO - Setting next_dagrun for example_params_ui_tutorial to None, run_after=None
[2026-04-21T19:25:04.943+0530] {processor.py:183} INFO - Processing /Library/Frameworks/Python.framework/Versions/3.10/lib/python3.10/site-packages/airflow/example_dags/example_params_ui_tutorial.py took 0.066 seconds
[2026-04-21T21:56:13.966+0530] {processor.py:161} INFO - Started process (PID=67277) to work on /Library/Frameworks/Python.framework/Versions/3.10/lib/python3.10/site-packages/airflow/example_dags/example_params_ui_tutorial.py
[2026-04-21T21:56:13.967+0530] {processor.py:830} INFO - Processing file /Library/Frameworks/Python.framework/Versions/3.10/lib/python3.10/site-packages/airflow/example_dags/example_params_ui_tutorial.py for tasks to queue
[2026-04-21T21:56:13.967+0530] {logging_mixin.py:188} INFO - [2026-04-21T21:56:13.967+0530] {dagbag.py:545} INFO - Filling up the DagBag from /Library/Frameworks/Python.framework/Versions/3.10/lib/python3.10/site-packages/airflow/example_dags/example_params_ui_tutorial.py
[2026-04-21T21:56:13.981+0530] {processor.py:840} INFO - DAG(s) 'example_params_ui_tutorial' retrieved from /Library/Frameworks/Python.framework/Versions/3.10/lib/python3.10/site-packages/airflow/example_dags/example_params_ui_tutorial.py
[2026-04-21T21:56:14.025+0530] {logging_mixin.py:188} INFO - [2026-04-21T21:56:14.025+0530] {dag.py:3096} INFO - Sync 1 DAGs
[2026-04-21T21:56:14.028+0530] {logging_mixin.py:188} INFO - [2026-04-21T21:56:14.028+0530] {dag.py:3954} INFO - Setting next_dagrun for example_params_ui_tutorial to None, run_after=None
[2026-04-21T21:56:14.034+0530] {processor.py:183} INFO - Processing /Library/Frameworks/Python.framework/Versions/3.10/lib/python3.10/site-packages/airflow/example_dags/example_params_ui_tutorial.py took 0.069 seconds
[2026-04-22T01:54:25.536+0530] {processor.py:161} INFO - Started process (PID=67901) to work on /Library/Frameworks/Python.framework/Versions/3.10/lib/python3.10/site-packages/airflow/example_dags/example_params_ui_tutorial.py
[2026-04-22T01:54:25.536+0530] {processor.py:830} INFO - Processing file /Library/Frameworks/Python.framework/Versions/3.10/lib/python3.10/site-packages/airflow/example_dags/example_params_ui_tutorial.py for tasks to queue
[2026-04-22T01:54:25.536+0530] {logging_mixin.py:188} INFO - [2026-04-22T01:54:25.536+0530] {dagbag.py:545} INFO - Filling up the DagBag from /Library/Frameworks/Python.framework/Versions/3.10/lib/python3.10/site-packages/airflow/example_dags/example_params_ui_tutorial.py
[2026-04-22T01:54:25.550+0530] {processor.py:840} INFO - DAG(s) 'example_params_ui_tutorial' retrieved from /Library/Frameworks/Python.framework/Versions/3.10/lib/python3.10/site-packages/airflow/example_dags/example_params_ui_tutorial.py
[2026-04-22T01:54:25.638+0530] {logging_mixin.py:188} INFO - [2026-04-22T01:54:25.638+0530] {dag.py:3096} INFO - Sync 1 DAGs
[2026-04-22T01:54:25.640+0530] {logging_mixin.py:188} INFO - [2026-04-22T01:54:25.640+0530] {dag.py:3954} INFO - Setting next_dagrun for example_params_ui_tutorial to None, run_after=None
[2026-04-22T01:54:25.647+0530] {processor.py:183} INFO - Processing /Library/Frameworks/Python.framework/Versions/3.10/lib/python3.10/site-packages/airflow/example_dags/example_params_ui_tutorial.py took 0.112 seconds
[2026-04-22T03:16:30.979+0530] {processor.py:161} INFO - Started process (PID=68145) to work on /Library/Frameworks/Python.framework/Versions/3.10/lib/python3.10/site-packages/airflow/example_dags/example_params_ui_tutorial.py
[2026-04-22T03:16:30.980+0530] {processor.py:830} INFO - Processing file /Library/Frameworks/Python.framework/Versions/3.10/lib/python3.10/site-packages/airflow/example_dags/example_params_ui_tutorial.py for tasks to queue
[2026-04-22T03:16:30.980+0530] {logging_mixin.py:188} INFO - [2026-04-22T03:16:30.980+0530] {dagbag.py:545} INFO - Filling up the DagBag from /Library/Frameworks/Python.framework/Versions/3.10/lib/python3.10/site-packages/airflow/example_dags/example_params_ui_tutorial.py
[2026-04-22T03:16:30.993+0530] {processor.py:840} INFO - DAG(s) 'example_params_ui_tutorial' retrieved from /Library/Frameworks/Python.framework/Versions/3.10/lib/python3.10/site-packages/airflow/example_dags/example_params_ui_tutorial.py
[2026-04-22T03:16:31.033+0530] {logging_mixin.py:188} INFO - [2026-04-22T03:16:31.033+0530] {dag.py:3096} INFO - Sync 1 DAGs
[2026-04-22T03:16:31.035+0530] {logging_mixin.py:188} INFO - [2026-04-22T03:16:31.035+0530] {dag.py:3954} INFO - Setting next_dagrun for example_params_ui_tutorial to None, run_after=None
[2026-04-22T03:16:31.041+0530] {processor.py:183} INFO - Processing /Library/Frameworks/Python.framework/Versions/3.10/lib/python3.10/site-packages/airflow/example_dags/example_params_ui_tutorial.py took 0.063 seconds
