[2026-04-21T16:30:39.469+0530] {processor.py:161} INFO - Started process (PID=66523) to work on /Library/Frameworks/Python.framework/Versions/3.10/lib/python3.10/site-packages/airflow/example_dags/example_branch_python_dop_operator_3.py
[2026-04-21T16:30:39.469+0530] {processor.py:830} INFO - Processing file /Library/Frameworks/Python.framework/Versions/3.10/lib/python3.10/site-packages/airflow/example_dags/example_branch_python_dop_operator_3.py for tasks to queue
[2026-04-21T16:30:39.469+0530] {logging_mixin.py:188} INFO - [2026-04-21T16:30:39.469+0530] {dagbag.py:545} INFO - Filling up the DagBag from /Library/Frameworks/Python.framework/Versions/3.10/lib/python3.10/site-packages/airflow/example_dags/example_branch_python_dop_operator_3.py
[2026-04-21T16:30:39.485+0530] {processor.py:840} INFO - DAG(s) 'example_branch_dop_operator_v3' retrieved from /Library/Frameworks/Python.framework/Versions/3.10/lib/python3.10/site-packages/airflow/example_dags/example_branch_python_dop_operator_3.py
[2026-04-21T16:30:39.552+0530] {logging_mixin.py:188} INFO - [2026-04-21T16:30:39.551+0530] {override.py:1829} INFO - Created Permission View: can edit on DAG:example_branch_dop_operator_v3
[2026-04-21T16:30:39.555+0530] {logging_mixin.py:188} INFO - [2026-04-21T16:30:39.555+0530] {override.py:1829} INFO - Created Permission View: can read on DAG:example_branch_dop_operator_v3
[2026-04-21T16:30:39.559+0530] {logging_mixin.py:188} INFO - [2026-04-21T16:30:39.559+0530] {override.py:1829} INFO - Created Permission View: can delete on DAG:example_branch_dop_operator_v3
[2026-04-21T16:30:39.559+0530] {logging_mixin.py:188} INFO - [2026-04-21T16:30:39.559+0530] {dag.py:3096} INFO - Sync 1 DAGs
[2026-04-21T16:30:39.563+0530] {logging_mixin.py:188} INFO - [2026-04-21T16:30:39.563+0530] {dag.py:3118} INFO - Creating ORM DAG for example_branch_dop_operator_v3
[2026-04-21T16:30:39.567+0530] {logging_mixin.py:188} INFO - [2026-04-21T16:30:39.567+0530] {dag.py:3954} INFO - Setting next_dagrun for example_branch_dop_operator_v3 to 2026-04-21 10:59:00+00:00, run_after=2026-04-21 11:00:00+00:00
[2026-04-21T16:30:39.573+0530] {processor.py:183} INFO - Processing /Library/Frameworks/Python.framework/Versions/3.10/lib/python3.10/site-packages/airflow/example_dags/example_branch_python_dop_operator_3.py took 0.105 seconds
[2026-04-21T20:31:20.920+0530] {processor.py:161} INFO - Started process (PID=67034) to work on /Library/Frameworks/Python.framework/Versions/3.10/lib/python3.10/site-packages/airflow/example_dags/example_branch_python_dop_operator_3.py
[2026-04-21T20:31:20.921+0530] {processor.py:830} INFO - Processing file /Library/Frameworks/Python.framework/Versions/3.10/lib/python3.10/site-packages/airflow/example_dags/example_branch_python_dop_operator_3.py for tasks to queue
[2026-04-21T20:31:20.921+0530] {logging_mixin.py:188} INFO - [2026-04-21T20:31:20.921+0530] {dagbag.py:545} INFO - Filling up the DagBag from /Library/Frameworks/Python.framework/Versions/3.10/lib/python3.10/site-packages/airflow/example_dags/example_branch_python_dop_operator_3.py
[2026-04-21T20:31:20.934+0530] {processor.py:840} INFO - DAG(s) 'example_branch_dop_operator_v3' retrieved from /Library/Frameworks/Python.framework/Versions/3.10/lib/python3.10/site-packages/airflow/example_dags/example_branch_python_dop_operator_3.py
[2026-04-21T20:31:20.967+0530] {logging_mixin.py:188} INFO - [2026-04-21T20:31:20.967+0530] {dag.py:3096} INFO - Sync 1 DAGs
[2026-04-21T20:31:20.974+0530] {logging_mixin.py:188} INFO - [2026-04-21T20:31:20.973+0530] {dag.py:3954} INFO - Setting next_dagrun for example_branch_dop_operator_v3 to 2026-04-21 15:00:00+00:00, run_after=2026-04-21 15:01:00+00:00
[2026-04-21T20:31:20.979+0530] {processor.py:183} INFO - Processing /Library/Frameworks/Python.framework/Versions/3.10/lib/python3.10/site-packages/airflow/example_dags/example_branch_python_dop_operator_3.py took 0.059 seconds
[2026-04-21T23:16:25.472+0530] {processor.py:161} INFO - Started process (PID=67448) to work on /Library/Frameworks/Python.framework/Versions/3.10/lib/python3.10/site-packages/airflow/example_dags/example_branch_python_dop_operator_3.py
[2026-04-21T23:16:25.473+0530] {processor.py:830} INFO - Processing file /Library/Frameworks/Python.framework/Versions/3.10/lib/python3.10/site-packages/airflow/example_dags/example_branch_python_dop_operator_3.py for tasks to queue
[2026-04-21T23:16:25.473+0530] {logging_mixin.py:188} INFO - [2026-04-21T23:16:25.473+0530] {dagbag.py:545} INFO - Filling up the DagBag from /Library/Frameworks/Python.framework/Versions/3.10/lib/python3.10/site-packages/airflow/example_dags/example_branch_python_dop_operator_3.py
[2026-04-21T23:16:25.486+0530] {processor.py:840} INFO - DAG(s) 'example_branch_dop_operator_v3' retrieved from /Library/Frameworks/Python.framework/Versions/3.10/lib/python3.10/site-packages/airflow/example_dags/example_branch_python_dop_operator_3.py
[2026-04-21T23:16:25.518+0530] {logging_mixin.py:188} INFO - [2026-04-21T23:16:25.518+0530] {dag.py:3096} INFO - Sync 1 DAGs
[2026-04-21T23:16:25.524+0530] {logging_mixin.py:188} INFO - [2026-04-21T23:16:25.524+0530] {dag.py:3954} INFO - Setting next_dagrun for example_branch_dop_operator_v3 to 2026-04-21 17:45:00+00:00, run_after=2026-04-21 17:46:00+00:00
[2026-04-21T23:16:25.530+0530] {processor.py:183} INFO - Processing /Library/Frameworks/Python.framework/Versions/3.10/lib/python3.10/site-packages/airflow/example_dags/example_branch_python_dop_operator_3.py took 0.059 seconds
[2026-04-22T01:55:28.908+0530] {processor.py:161} INFO - Started process (PID=67923) to work on /Library/Frameworks/Python.framework/Versions/3.10/lib/python3.10/site-packages/airflow/example_dags/example_branch_python_dop_operator_3.py
[2026-04-22T01:55:28.909+0530] {processor.py:830} INFO - Processing file /Library/Frameworks/Python.framework/Versions/3.10/lib/python3.10/site-packages/airflow/example_dags/example_branch_python_dop_operator_3.py for tasks to queue
[2026-04-22T01:55:28.909+0530] {logging_mixin.py:188} INFO - [2026-04-22T01:55:28.909+0530] {dagbag.py:545} INFO - Filling up the DagBag from /Library/Frameworks/Python.framework/Versions/3.10/lib/python3.10/site-packages/airflow/example_dags/example_branch_python_dop_operator_3.py
[2026-04-22T01:55:28.923+0530] {processor.py:840} INFO - DAG(s) 'example_branch_dop_operator_v3' retrieved from /Library/Frameworks/Python.framework/Versions/3.10/lib/python3.10/site-packages/airflow/example_dags/example_branch_python_dop_operator_3.py
[2026-04-22T01:55:28.959+0530] {logging_mixin.py:188} INFO - [2026-04-22T01:55:28.959+0530] {dag.py:3096} INFO - Sync 1 DAGs
[2026-04-22T01:55:28.965+0530] {logging_mixin.py:188} INFO - [2026-04-22T01:55:28.965+0530] {dag.py:3954} INFO - Setting next_dagrun for example_branch_dop_operator_v3 to 2026-04-21 20:24:00+00:00, run_after=2026-04-21 20:25:00+00:00
[2026-04-22T01:55:28.971+0530] {processor.py:183} INFO - Processing /Library/Frameworks/Python.framework/Versions/3.10/lib/python3.10/site-packages/airflow/example_dags/example_branch_python_dop_operator_3.py took 0.064 seconds
