[2026-04-21T16:30:42.145+0530] {processor.py:161} INFO - Started process (PID=66540) to work on /Library/Frameworks/Python.framework/Versions/3.10/lib/python3.10/site-packages/airflow/example_dags/example_branch_labels.py
[2026-04-21T16:30:42.145+0530] {processor.py:830} INFO - Processing file /Library/Frameworks/Python.framework/Versions/3.10/lib/python3.10/site-packages/airflow/example_dags/example_branch_labels.py for tasks to queue
[2026-04-21T16:30:42.145+0530] {logging_mixin.py:188} INFO - [2026-04-21T16:30:42.145+0530] {dagbag.py:545} INFO - Filling up the DagBag from /Library/Frameworks/Python.framework/Versions/3.10/lib/python3.10/site-packages/airflow/example_dags/example_branch_labels.py
[2026-04-21T16:30:42.149+0530] {processor.py:840} INFO - DAG(s) 'example_branch_labels' retrieved from /Library/Frameworks/Python.framework/Versions/3.10/lib/python3.10/site-packages/airflow/example_dags/example_branch_labels.py
[2026-04-21T16:30:42.211+0530] {logging_mixin.py:188} INFO - [2026-04-21T16:30:42.210+0530] {override.py:1829} INFO - Created Permission View: can edit on DAG:example_branch_labels
[2026-04-21T16:30:42.213+0530] {logging_mixin.py:188} INFO - [2026-04-21T16:30:42.213+0530] {override.py:1829} INFO - Created Permission View: can read on DAG:example_branch_labels
[2026-04-21T16:30:42.215+0530] {logging_mixin.py:188} INFO - [2026-04-21T16:30:42.215+0530] {override.py:1829} INFO - Created Permission View: can delete on DAG:example_branch_labels
[2026-04-21T16:30:42.215+0530] {logging_mixin.py:188} INFO - [2026-04-21T16:30:42.215+0530] {dag.py:3096} INFO - Sync 1 DAGs
[2026-04-21T16:30:42.218+0530] {logging_mixin.py:188} INFO - [2026-04-21T16:30:42.218+0530] {dag.py:3118} INFO - Creating ORM DAG for example_branch_labels
[2026-04-21T16:30:42.220+0530] {logging_mixin.py:188} INFO - [2026-04-21T16:30:42.220+0530] {dag.py:3954} INFO - Setting next_dagrun for example_branch_labels to 2026-04-20 00:00:00+00:00, run_after=2026-04-21 00:00:00+00:00
[2026-04-21T16:30:42.225+0530] {processor.py:183} INFO - Processing /Library/Frameworks/Python.framework/Versions/3.10/lib/python3.10/site-packages/airflow/example_dags/example_branch_labels.py took 0.081 seconds
[2026-04-21T20:50:07.230+0530] {processor.py:161} INFO - Started process (PID=67076) to work on /Library/Frameworks/Python.framework/Versions/3.10/lib/python3.10/site-packages/airflow/example_dags/example_branch_labels.py
[2026-04-21T20:50:07.231+0530] {processor.py:830} INFO - Processing file /Library/Frameworks/Python.framework/Versions/3.10/lib/python3.10/site-packages/airflow/example_dags/example_branch_labels.py for tasks to queue
[2026-04-21T20:50:07.232+0530] {logging_mixin.py:188} INFO - [2026-04-21T20:50:07.231+0530] {dagbag.py:545} INFO - Filling up the DagBag from /Library/Frameworks/Python.framework/Versions/3.10/lib/python3.10/site-packages/airflow/example_dags/example_branch_labels.py
[2026-04-21T20:50:07.235+0530] {processor.py:840} INFO - DAG(s) 'example_branch_labels' retrieved from /Library/Frameworks/Python.framework/Versions/3.10/lib/python3.10/site-packages/airflow/example_dags/example_branch_labels.py
[2026-04-21T20:50:07.272+0530] {logging_mixin.py:188} INFO - [2026-04-21T20:50:07.272+0530] {dag.py:3096} INFO - Sync 1 DAGs
[2026-04-21T20:50:07.277+0530] {logging_mixin.py:188} INFO - [2026-04-21T20:50:07.277+0530] {dag.py:3954} INFO - Setting next_dagrun for example_branch_labels to 2026-04-20 00:00:00+00:00, run_after=2026-04-21 00:00:00+00:00
[2026-04-21T20:50:07.283+0530] {processor.py:183} INFO - Processing /Library/Frameworks/Python.framework/Versions/3.10/lib/python3.10/site-packages/airflow/example_dags/example_branch_labels.py took 0.054 seconds
[2026-04-21T23:16:28.424+0530] {processor.py:161} INFO - Started process (PID=67451) to work on /Library/Frameworks/Python.framework/Versions/3.10/lib/python3.10/site-packages/airflow/example_dags/example_branch_labels.py
[2026-04-21T23:16:28.425+0530] {processor.py:830} INFO - Processing file /Library/Frameworks/Python.framework/Versions/3.10/lib/python3.10/site-packages/airflow/example_dags/example_branch_labels.py for tasks to queue
[2026-04-21T23:16:28.425+0530] {logging_mixin.py:188} INFO - [2026-04-21T23:16:28.425+0530] {dagbag.py:545} INFO - Filling up the DagBag from /Library/Frameworks/Python.framework/Versions/3.10/lib/python3.10/site-packages/airflow/example_dags/example_branch_labels.py
[2026-04-21T23:16:28.429+0530] {processor.py:840} INFO - DAG(s) 'example_branch_labels' retrieved from /Library/Frameworks/Python.framework/Versions/3.10/lib/python3.10/site-packages/airflow/example_dags/example_branch_labels.py
[2026-04-21T23:16:28.467+0530] {logging_mixin.py:188} INFO - [2026-04-21T23:16:28.467+0530] {dag.py:3096} INFO - Sync 1 DAGs
[2026-04-21T23:16:28.472+0530] {logging_mixin.py:188} INFO - [2026-04-21T23:16:28.472+0530] {dag.py:3954} INFO - Setting next_dagrun for example_branch_labels to 2026-04-20 00:00:00+00:00, run_after=2026-04-21 00:00:00+00:00
[2026-04-21T23:16:28.478+0530] {processor.py:183} INFO - Processing /Library/Frameworks/Python.framework/Versions/3.10/lib/python3.10/site-packages/airflow/example_dags/example_branch_labels.py took 0.055 seconds
[2026-04-22T01:55:31.549+0530] {processor.py:161} INFO - Started process (PID=67929) to work on /Library/Frameworks/Python.framework/Versions/3.10/lib/python3.10/site-packages/airflow/example_dags/example_branch_labels.py
[2026-04-22T01:55:31.551+0530] {processor.py:830} INFO - Processing file /Library/Frameworks/Python.framework/Versions/3.10/lib/python3.10/site-packages/airflow/example_dags/example_branch_labels.py for tasks to queue
[2026-04-22T01:55:31.551+0530] {logging_mixin.py:188} INFO - [2026-04-22T01:55:31.551+0530] {dagbag.py:545} INFO - Filling up the DagBag from /Library/Frameworks/Python.framework/Versions/3.10/lib/python3.10/site-packages/airflow/example_dags/example_branch_labels.py
[2026-04-22T01:55:31.554+0530] {processor.py:840} INFO - DAG(s) 'example_branch_labels' retrieved from /Library/Frameworks/Python.framework/Versions/3.10/lib/python3.10/site-packages/airflow/example_dags/example_branch_labels.py
[2026-04-22T01:55:31.587+0530] {logging_mixin.py:188} INFO - [2026-04-22T01:55:31.587+0530] {dag.py:3096} INFO - Sync 1 DAGs
[2026-04-22T01:55:31.592+0530] {logging_mixin.py:188} INFO - [2026-04-22T01:55:31.592+0530] {dag.py:3954} INFO - Setting next_dagrun for example_branch_labels to 2026-04-20 00:00:00+00:00, run_after=2026-04-21 00:00:00+00:00
[2026-04-22T01:55:31.597+0530] {processor.py:183} INFO - Processing /Library/Frameworks/Python.framework/Versions/3.10/lib/python3.10/site-packages/airflow/example_dags/example_branch_labels.py took 0.049 seconds
