[2026-04-21T16:28:39.335+0530] {processor.py:161} INFO - Started process (PID=65960) to work on /Library/Frameworks/Python.framework/Versions/3.10/lib/python3.10/site-packages/airflow/example_dags/tutorial_taskflow_api.py
[2026-04-21T16:28:39.335+0530] {processor.py:830} INFO - Processing file /Library/Frameworks/Python.framework/Versions/3.10/lib/python3.10/site-packages/airflow/example_dags/tutorial_taskflow_api.py for tasks to queue
[2026-04-21T16:28:39.336+0530] {logging_mixin.py:188} INFO - [2026-04-21T16:28:39.336+0530] {dagbag.py:545} INFO - Filling up the DagBag from /Library/Frameworks/Python.framework/Versions/3.10/lib/python3.10/site-packages/airflow/example_dags/tutorial_taskflow_api.py
[2026-04-21T16:28:39.348+0530] {processor.py:840} INFO - DAG(s) 'tutorial_taskflow_api' retrieved from /Library/Frameworks/Python.framework/Versions/3.10/lib/python3.10/site-packages/airflow/example_dags/tutorial_taskflow_api.py
[2026-04-21T16:28:39.420+0530] {logging_mixin.py:188} INFO - [2026-04-21T16:28:39.420+0530] {override.py:1829} INFO - Created Permission View: can edit on DAG:tutorial_taskflow_api
[2026-04-21T16:28:39.422+0530] {logging_mixin.py:188} INFO - [2026-04-21T16:28:39.422+0530] {override.py:1829} INFO - Created Permission View: can read on DAG:tutorial_taskflow_api
[2026-04-21T16:28:39.424+0530] {logging_mixin.py:188} INFO - [2026-04-21T16:28:39.424+0530] {override.py:1829} INFO - Created Permission View: can delete on DAG:tutorial_taskflow_api
[2026-04-21T16:28:39.424+0530] {logging_mixin.py:188} INFO - [2026-04-21T16:28:39.424+0530] {dag.py:3096} INFO - Sync 1 DAGs
[2026-04-21T16:28:39.427+0530] {logging_mixin.py:188} INFO - [2026-04-21T16:28:39.427+0530] {dag.py:3118} INFO - Creating ORM DAG for tutorial_taskflow_api
[2026-04-21T16:28:39.427+0530] {logging_mixin.py:188} INFO - [2026-04-21T16:28:39.427+0530] {dag.py:3954} INFO - Setting next_dagrun for tutorial_taskflow_api to None, run_after=None
[2026-04-21T16:28:39.432+0530] {processor.py:183} INFO - Processing /Library/Frameworks/Python.framework/Versions/3.10/lib/python3.10/site-packages/airflow/example_dags/tutorial_taskflow_api.py took 0.098 seconds
[2026-04-21T16:30:03.653+0530] {processor.py:161} INFO - Started process (PID=66030) to work on /Library/Frameworks/Python.framework/Versions/3.10/lib/python3.10/site-packages/airflow/example_dags/tutorial_taskflow_api.py
[2026-04-21T16:30:03.654+0530] {processor.py:830} INFO - Processing file /Library/Frameworks/Python.framework/Versions/3.10/lib/python3.10/site-packages/airflow/example_dags/tutorial_taskflow_api.py for tasks to queue
[2026-04-21T16:30:03.655+0530] {logging_mixin.py:188} INFO - [2026-04-21T16:30:03.655+0530] {dagbag.py:545} INFO - Filling up the DagBag from /Library/Frameworks/Python.framework/Versions/3.10/lib/python3.10/site-packages/airflow/example_dags/tutorial_taskflow_api.py
[2026-04-21T16:30:03.667+0530] {processor.py:840} INFO - DAG(s) 'tutorial_taskflow_api' retrieved from /Library/Frameworks/Python.framework/Versions/3.10/lib/python3.10/site-packages/airflow/example_dags/tutorial_taskflow_api.py
[2026-04-21T16:30:03.699+0530] {logging_mixin.py:188} INFO - [2026-04-21T16:30:03.699+0530] {dag.py:3096} INFO - Sync 1 DAGs
[2026-04-21T16:30:03.702+0530] {logging_mixin.py:188} INFO - [2026-04-21T16:30:03.702+0530] {dag.py:3954} INFO - Setting next_dagrun for tutorial_taskflow_api to None, run_after=None
[2026-04-21T16:30:03.707+0530] {processor.py:183} INFO - Processing /Library/Frameworks/Python.framework/Versions/3.10/lib/python3.10/site-packages/airflow/example_dags/tutorial_taskflow_api.py took 0.055 seconds
[2026-04-21T16:46:57.152+0530] {processor.py:161} INFO - Started process (PID=66570) to work on /Library/Frameworks/Python.framework/Versions/3.10/lib/python3.10/site-packages/airflow/example_dags/tutorial_taskflow_api.py
[2026-04-21T16:46:57.152+0530] {processor.py:830} INFO - Processing file /Library/Frameworks/Python.framework/Versions/3.10/lib/python3.10/site-packages/airflow/example_dags/tutorial_taskflow_api.py for tasks to queue
[2026-04-21T16:46:57.152+0530] {logging_mixin.py:188} INFO - [2026-04-21T16:46:57.152+0530] {dagbag.py:545} INFO - Filling up the DagBag from /Library/Frameworks/Python.framework/Versions/3.10/lib/python3.10/site-packages/airflow/example_dags/tutorial_taskflow_api.py
[2026-04-21T16:46:57.165+0530] {processor.py:840} INFO - DAG(s) 'tutorial_taskflow_api' retrieved from /Library/Frameworks/Python.framework/Versions/3.10/lib/python3.10/site-packages/airflow/example_dags/tutorial_taskflow_api.py
[2026-04-21T16:46:57.200+0530] {logging_mixin.py:188} INFO - [2026-04-21T16:46:57.199+0530] {dag.py:3096} INFO - Sync 1 DAGs
[2026-04-21T16:46:57.203+0530] {logging_mixin.py:188} INFO - [2026-04-21T16:46:57.203+0530] {dag.py:3954} INFO - Setting next_dagrun for tutorial_taskflow_api to None, run_after=None
[2026-04-21T16:46:57.208+0530] {processor.py:183} INFO - Processing /Library/Frameworks/Python.framework/Versions/3.10/lib/python3.10/site-packages/airflow/example_dags/tutorial_taskflow_api.py took 0.058 seconds
[2026-04-21T19:23:58.225+0530] {processor.py:161} INFO - Started process (PID=66837) to work on /Library/Frameworks/Python.framework/Versions/3.10/lib/python3.10/site-packages/airflow/example_dags/tutorial_taskflow_api.py
[2026-04-21T19:23:58.226+0530] {processor.py:830} INFO - Processing file /Library/Frameworks/Python.framework/Versions/3.10/lib/python3.10/site-packages/airflow/example_dags/tutorial_taskflow_api.py for tasks to queue
[2026-04-21T19:23:58.226+0530] {logging_mixin.py:188} INFO - [2026-04-21T19:23:58.226+0530] {dagbag.py:545} INFO - Filling up the DagBag from /Library/Frameworks/Python.framework/Versions/3.10/lib/python3.10/site-packages/airflow/example_dags/tutorial_taskflow_api.py
[2026-04-21T19:23:58.238+0530] {processor.py:840} INFO - DAG(s) 'tutorial_taskflow_api' retrieved from /Library/Frameworks/Python.framework/Versions/3.10/lib/python3.10/site-packages/airflow/example_dags/tutorial_taskflow_api.py
[2026-04-21T19:23:58.271+0530] {logging_mixin.py:188} INFO - [2026-04-21T19:23:58.270+0530] {dag.py:3096} INFO - Sync 1 DAGs
[2026-04-21T19:23:58.274+0530] {logging_mixin.py:188} INFO - [2026-04-21T19:23:58.274+0530] {dag.py:3954} INFO - Setting next_dagrun for tutorial_taskflow_api to None, run_after=None
[2026-04-21T19:23:58.279+0530] {processor.py:183} INFO - Processing /Library/Frameworks/Python.framework/Versions/3.10/lib/python3.10/site-packages/airflow/example_dags/tutorial_taskflow_api.py took 0.055 seconds
[2026-04-21T21:55:02.414+0530] {processor.py:161} INFO - Started process (PID=67238) to work on /Library/Frameworks/Python.framework/Versions/3.10/lib/python3.10/site-packages/airflow/example_dags/tutorial_taskflow_api.py
[2026-04-21T21:55:02.414+0530] {processor.py:830} INFO - Processing file /Library/Frameworks/Python.framework/Versions/3.10/lib/python3.10/site-packages/airflow/example_dags/tutorial_taskflow_api.py for tasks to queue
[2026-04-21T21:55:02.415+0530] {logging_mixin.py:188} INFO - [2026-04-21T21:55:02.415+0530] {dagbag.py:545} INFO - Filling up the DagBag from /Library/Frameworks/Python.framework/Versions/3.10/lib/python3.10/site-packages/airflow/example_dags/tutorial_taskflow_api.py
[2026-04-21T21:55:02.427+0530] {processor.py:840} INFO - DAG(s) 'tutorial_taskflow_api' retrieved from /Library/Frameworks/Python.framework/Versions/3.10/lib/python3.10/site-packages/airflow/example_dags/tutorial_taskflow_api.py
[2026-04-21T21:55:02.462+0530] {logging_mixin.py:188} INFO - [2026-04-21T21:55:02.462+0530] {dag.py:3096} INFO - Sync 1 DAGs
[2026-04-21T21:55:02.465+0530] {logging_mixin.py:188} INFO - [2026-04-21T21:55:02.465+0530] {dag.py:3954} INFO - Setting next_dagrun for tutorial_taskflow_api to None, run_after=None
[2026-04-21T21:55:02.471+0530] {processor.py:183} INFO - Processing /Library/Frameworks/Python.framework/Versions/3.10/lib/python3.10/site-packages/airflow/example_dags/tutorial_taskflow_api.py took 0.058 seconds
[2026-04-21T23:17:08.229+0530] {processor.py:161} INFO - Started process (PID=67481) to work on /Library/Frameworks/Python.framework/Versions/3.10/lib/python3.10/site-packages/airflow/example_dags/tutorial_taskflow_api.py
[2026-04-21T23:17:08.229+0530] {processor.py:830} INFO - Processing file /Library/Frameworks/Python.framework/Versions/3.10/lib/python3.10/site-packages/airflow/example_dags/tutorial_taskflow_api.py for tasks to queue
[2026-04-21T23:17:08.229+0530] {logging_mixin.py:188} INFO - [2026-04-21T23:17:08.229+0530] {dagbag.py:545} INFO - Filling up the DagBag from /Library/Frameworks/Python.framework/Versions/3.10/lib/python3.10/site-packages/airflow/example_dags/tutorial_taskflow_api.py
[2026-04-21T23:17:08.246+0530] {processor.py:840} INFO - DAG(s) 'tutorial_taskflow_api' retrieved from /Library/Frameworks/Python.framework/Versions/3.10/lib/python3.10/site-packages/airflow/example_dags/tutorial_taskflow_api.py
[2026-04-21T23:17:08.291+0530] {logging_mixin.py:188} INFO - [2026-04-21T23:17:08.291+0530] {dag.py:3096} INFO - Sync 1 DAGs
[2026-04-21T23:17:08.295+0530] {logging_mixin.py:188} INFO - [2026-04-21T23:17:08.295+0530] {dag.py:3954} INFO - Setting next_dagrun for tutorial_taskflow_api to None, run_after=None
[2026-04-21T23:17:08.302+0530] {processor.py:183} INFO - Processing /Library/Frameworks/Python.framework/Versions/3.10/lib/python3.10/site-packages/airflow/example_dags/tutorial_taskflow_api.py took 0.075 seconds
[2026-04-22T01:52:48.693+0530] {processor.py:161} INFO - Started process (PID=67862) to work on /Library/Frameworks/Python.framework/Versions/3.10/lib/python3.10/site-packages/airflow/example_dags/tutorial_taskflow_api.py
[2026-04-22T01:52:48.693+0530] {processor.py:830} INFO - Processing file /Library/Frameworks/Python.framework/Versions/3.10/lib/python3.10/site-packages/airflow/example_dags/tutorial_taskflow_api.py for tasks to queue
[2026-04-22T01:52:48.693+0530] {logging_mixin.py:188} INFO - [2026-04-22T01:52:48.693+0530] {dagbag.py:545} INFO - Filling up the DagBag from /Library/Frameworks/Python.framework/Versions/3.10/lib/python3.10/site-packages/airflow/example_dags/tutorial_taskflow_api.py
[2026-04-22T01:52:48.705+0530] {processor.py:840} INFO - DAG(s) 'tutorial_taskflow_api' retrieved from /Library/Frameworks/Python.framework/Versions/3.10/lib/python3.10/site-packages/airflow/example_dags/tutorial_taskflow_api.py
[2026-04-22T01:52:48.736+0530] {logging_mixin.py:188} INFO - [2026-04-22T01:52:48.736+0530] {dag.py:3096} INFO - Sync 1 DAGs
[2026-04-22T01:52:48.739+0530] {logging_mixin.py:188} INFO - [2026-04-22T01:52:48.739+0530] {dag.py:3954} INFO - Setting next_dagrun for tutorial_taskflow_api to None, run_after=None
[2026-04-22T01:52:48.744+0530] {processor.py:183} INFO - Processing /Library/Frameworks/Python.framework/Versions/3.10/lib/python3.10/site-packages/airflow/example_dags/tutorial_taskflow_api.py took 0.052 seconds
[2026-04-22T03:14:53.687+0530] {processor.py:161} INFO - Started process (PID=68098) to work on /Library/Frameworks/Python.framework/Versions/3.10/lib/python3.10/site-packages/airflow/example_dags/tutorial_taskflow_api.py
[2026-04-22T03:14:53.687+0530] {processor.py:830} INFO - Processing file /Library/Frameworks/Python.framework/Versions/3.10/lib/python3.10/site-packages/airflow/example_dags/tutorial_taskflow_api.py for tasks to queue
[2026-04-22T03:14:53.687+0530] {logging_mixin.py:188} INFO - [2026-04-22T03:14:53.687+0530] {dagbag.py:545} INFO - Filling up the DagBag from /Library/Frameworks/Python.framework/Versions/3.10/lib/python3.10/site-packages/airflow/example_dags/tutorial_taskflow_api.py
[2026-04-22T03:14:53.704+0530] {processor.py:840} INFO - DAG(s) 'tutorial_taskflow_api' retrieved from /Library/Frameworks/Python.framework/Versions/3.10/lib/python3.10/site-packages/airflow/example_dags/tutorial_taskflow_api.py
[2026-04-22T03:14:53.749+0530] {logging_mixin.py:188} INFO - [2026-04-22T03:14:53.748+0530] {dag.py:3096} INFO - Sync 1 DAGs
[2026-04-22T03:14:53.753+0530] {logging_mixin.py:188} INFO - [2026-04-22T03:14:53.753+0530] {dag.py:3954} INFO - Setting next_dagrun for tutorial_taskflow_api to None, run_after=None
[2026-04-22T03:14:53.760+0530] {processor.py:183} INFO - Processing /Library/Frameworks/Python.framework/Versions/3.10/lib/python3.10/site-packages/airflow/example_dags/tutorial_taskflow_api.py took 0.075 seconds
