[2026-04-21T16:28:41.376+0530] {processor.py:161} INFO - Started process (PID=65964) to work on /Library/Frameworks/Python.framework/Versions/3.10/lib/python3.10/site-packages/airflow/example_dags/tutorial_objectstorage.py
[2026-04-21T16:28:41.377+0530] {processor.py:830} INFO - Processing file /Library/Frameworks/Python.framework/Versions/3.10/lib/python3.10/site-packages/airflow/example_dags/tutorial_objectstorage.py for tasks to queue
[2026-04-21T16:28:41.377+0530] {logging_mixin.py:188} INFO - [2026-04-21T16:28:41.377+0530] {dagbag.py:545} INFO - Filling up the DagBag from /Library/Frameworks/Python.framework/Versions/3.10/lib/python3.10/site-packages/airflow/example_dags/tutorial_objectstorage.py
[2026-04-21T16:28:41.405+0530] {processor.py:840} INFO - DAG(s) 'tutorial_objectstorage' retrieved from /Library/Frameworks/Python.framework/Versions/3.10/lib/python3.10/site-packages/airflow/example_dags/tutorial_objectstorage.py
[2026-04-21T16:28:41.462+0530] {logging_mixin.py:188} INFO - [2026-04-21T16:28:41.461+0530] {override.py:1829} INFO - Created Permission View: can read on DAG:tutorial_objectstorage
[2026-04-21T16:28:41.464+0530] {logging_mixin.py:188} INFO - [2026-04-21T16:28:41.464+0530] {override.py:1829} INFO - Created Permission View: can delete on DAG:tutorial_objectstorage
[2026-04-21T16:28:41.465+0530] {logging_mixin.py:188} INFO - [2026-04-21T16:28:41.465+0530] {override.py:1829} INFO - Created Permission View: can edit on DAG:tutorial_objectstorage
[2026-04-21T16:28:41.465+0530] {logging_mixin.py:188} INFO - [2026-04-21T16:28:41.465+0530] {dag.py:3096} INFO - Sync 1 DAGs
[2026-04-21T16:28:41.468+0530] {logging_mixin.py:188} INFO - [2026-04-21T16:28:41.468+0530] {dag.py:3118} INFO - Creating ORM DAG for tutorial_objectstorage
[2026-04-21T16:28:41.468+0530] {logging_mixin.py:188} INFO - [2026-04-21T16:28:41.468+0530] {dag.py:3954} INFO - Setting next_dagrun for tutorial_objectstorage to None, run_after=None
[2026-04-21T16:28:41.473+0530] {processor.py:183} INFO - Processing /Library/Frameworks/Python.framework/Versions/3.10/lib/python3.10/site-packages/airflow/example_dags/tutorial_objectstorage.py took 0.098 seconds
[2026-04-21T16:30:04.702+0530] {processor.py:161} INFO - Started process (PID=66031) to work on /Library/Frameworks/Python.framework/Versions/3.10/lib/python3.10/site-packages/airflow/example_dags/tutorial_objectstorage.py
[2026-04-21T16:30:04.703+0530] {processor.py:830} INFO - Processing file /Library/Frameworks/Python.framework/Versions/3.10/lib/python3.10/site-packages/airflow/example_dags/tutorial_objectstorage.py for tasks to queue
[2026-04-21T16:30:04.704+0530] {logging_mixin.py:188} INFO - [2026-04-21T16:30:04.704+0530] {dagbag.py:545} INFO - Filling up the DagBag from /Library/Frameworks/Python.framework/Versions/3.10/lib/python3.10/site-packages/airflow/example_dags/tutorial_objectstorage.py
[2026-04-21T16:30:04.731+0530] {processor.py:840} INFO - DAG(s) 'tutorial_objectstorage' retrieved from /Library/Frameworks/Python.framework/Versions/3.10/lib/python3.10/site-packages/airflow/example_dags/tutorial_objectstorage.py
[2026-04-21T16:30:04.763+0530] {logging_mixin.py:188} INFO - [2026-04-21T16:30:04.762+0530] {dag.py:3096} INFO - Sync 1 DAGs
[2026-04-21T16:30:04.765+0530] {logging_mixin.py:188} INFO - [2026-04-21T16:30:04.765+0530] {dag.py:3954} INFO - Setting next_dagrun for tutorial_objectstorage to None, run_after=None
[2026-04-21T16:30:04.771+0530] {processor.py:183} INFO - Processing /Library/Frameworks/Python.framework/Versions/3.10/lib/python3.10/site-packages/airflow/example_dags/tutorial_objectstorage.py took 0.070 seconds
[2026-04-21T16:46:57.986+0530] {processor.py:161} INFO - Started process (PID=66576) to work on /Library/Frameworks/Python.framework/Versions/3.10/lib/python3.10/site-packages/airflow/example_dags/tutorial_objectstorage.py
[2026-04-21T16:46:57.986+0530] {processor.py:830} INFO - Processing file /Library/Frameworks/Python.framework/Versions/3.10/lib/python3.10/site-packages/airflow/example_dags/tutorial_objectstorage.py for tasks to queue
[2026-04-21T16:46:57.986+0530] {logging_mixin.py:188} INFO - [2026-04-21T16:46:57.986+0530] {dagbag.py:545} INFO - Filling up the DagBag from /Library/Frameworks/Python.framework/Versions/3.10/lib/python3.10/site-packages/airflow/example_dags/tutorial_objectstorage.py
[2026-04-21T16:46:58.020+0530] {processor.py:840} INFO - DAG(s) 'tutorial_objectstorage' retrieved from /Library/Frameworks/Python.framework/Versions/3.10/lib/python3.10/site-packages/airflow/example_dags/tutorial_objectstorage.py
[2026-04-21T16:46:58.052+0530] {logging_mixin.py:188} INFO - [2026-04-21T16:46:58.052+0530] {dag.py:3096} INFO - Sync 1 DAGs
[2026-04-21T16:46:58.055+0530] {logging_mixin.py:188} INFO - [2026-04-21T16:46:58.055+0530] {dag.py:3954} INFO - Setting next_dagrun for tutorial_objectstorage to None, run_after=None
[2026-04-21T16:46:58.060+0530] {processor.py:183} INFO - Processing /Library/Frameworks/Python.framework/Versions/3.10/lib/python3.10/site-packages/airflow/example_dags/tutorial_objectstorage.py took 0.076 seconds
[2026-04-21T19:23:59.255+0530] {processor.py:161} INFO - Started process (PID=66838) to work on /Library/Frameworks/Python.framework/Versions/3.10/lib/python3.10/site-packages/airflow/example_dags/tutorial_objectstorage.py
[2026-04-21T19:23:59.256+0530] {processor.py:830} INFO - Processing file /Library/Frameworks/Python.framework/Versions/3.10/lib/python3.10/site-packages/airflow/example_dags/tutorial_objectstorage.py for tasks to queue
[2026-04-21T19:23:59.257+0530] {logging_mixin.py:188} INFO - [2026-04-21T19:23:59.257+0530] {dagbag.py:545} INFO - Filling up the DagBag from /Library/Frameworks/Python.framework/Versions/3.10/lib/python3.10/site-packages/airflow/example_dags/tutorial_objectstorage.py
[2026-04-21T19:23:59.291+0530] {processor.py:840} INFO - DAG(s) 'tutorial_objectstorage' retrieved from /Library/Frameworks/Python.framework/Versions/3.10/lib/python3.10/site-packages/airflow/example_dags/tutorial_objectstorage.py
[2026-04-21T19:23:59.324+0530] {logging_mixin.py:188} INFO - [2026-04-21T19:23:59.324+0530] {dag.py:3096} INFO - Sync 1 DAGs
[2026-04-21T19:23:59.326+0530] {logging_mixin.py:188} INFO - [2026-04-21T19:23:59.326+0530] {dag.py:3954} INFO - Setting next_dagrun for tutorial_objectstorage to None, run_after=None
[2026-04-21T19:23:59.332+0530] {processor.py:183} INFO - Processing /Library/Frameworks/Python.framework/Versions/3.10/lib/python3.10/site-packages/airflow/example_dags/tutorial_objectstorage.py took 0.077 seconds
[2026-04-21T21:55:03.491+0530] {processor.py:161} INFO - Started process (PID=67242) to work on /Library/Frameworks/Python.framework/Versions/3.10/lib/python3.10/site-packages/airflow/example_dags/tutorial_objectstorage.py
[2026-04-21T21:55:03.492+0530] {processor.py:830} INFO - Processing file /Library/Frameworks/Python.framework/Versions/3.10/lib/python3.10/site-packages/airflow/example_dags/tutorial_objectstorage.py for tasks to queue
[2026-04-21T21:55:03.492+0530] {logging_mixin.py:188} INFO - [2026-04-21T21:55:03.492+0530] {dagbag.py:545} INFO - Filling up the DagBag from /Library/Frameworks/Python.framework/Versions/3.10/lib/python3.10/site-packages/airflow/example_dags/tutorial_objectstorage.py
[2026-04-21T21:55:03.520+0530] {processor.py:840} INFO - DAG(s) 'tutorial_objectstorage' retrieved from /Library/Frameworks/Python.framework/Versions/3.10/lib/python3.10/site-packages/airflow/example_dags/tutorial_objectstorage.py
[2026-04-21T21:55:03.550+0530] {logging_mixin.py:188} INFO - [2026-04-21T21:55:03.550+0530] {dag.py:3096} INFO - Sync 1 DAGs
[2026-04-21T21:55:03.553+0530] {logging_mixin.py:188} INFO - [2026-04-21T21:55:03.553+0530] {dag.py:3954} INFO - Setting next_dagrun for tutorial_objectstorage to None, run_after=None
[2026-04-21T21:55:03.558+0530] {processor.py:183} INFO - Processing /Library/Frameworks/Python.framework/Versions/3.10/lib/python3.10/site-packages/airflow/example_dags/tutorial_objectstorage.py took 0.068 seconds
[2026-04-21T23:17:09.105+0530] {processor.py:161} INFO - Started process (PID=67482) to work on /Library/Frameworks/Python.framework/Versions/3.10/lib/python3.10/site-packages/airflow/example_dags/tutorial_objectstorage.py
[2026-04-21T23:17:09.106+0530] {processor.py:830} INFO - Processing file /Library/Frameworks/Python.framework/Versions/3.10/lib/python3.10/site-packages/airflow/example_dags/tutorial_objectstorage.py for tasks to queue
[2026-04-21T23:17:09.106+0530] {logging_mixin.py:188} INFO - [2026-04-21T23:17:09.106+0530] {dagbag.py:545} INFO - Filling up the DagBag from /Library/Frameworks/Python.framework/Versions/3.10/lib/python3.10/site-packages/airflow/example_dags/tutorial_objectstorage.py
[2026-04-21T23:17:09.152+0530] {processor.py:840} INFO - DAG(s) 'tutorial_objectstorage' retrieved from /Library/Frameworks/Python.framework/Versions/3.10/lib/python3.10/site-packages/airflow/example_dags/tutorial_objectstorage.py
[2026-04-21T23:17:09.195+0530] {logging_mixin.py:188} INFO - [2026-04-21T23:17:09.195+0530] {dag.py:3096} INFO - Sync 1 DAGs
[2026-04-21T23:17:09.199+0530] {logging_mixin.py:188} INFO - [2026-04-21T23:17:09.199+0530] {dag.py:3954} INFO - Setting next_dagrun for tutorial_objectstorage to None, run_after=None
[2026-04-21T23:17:09.206+0530] {processor.py:183} INFO - Processing /Library/Frameworks/Python.framework/Versions/3.10/lib/python3.10/site-packages/airflow/example_dags/tutorial_objectstorage.py took 0.102 seconds
[2026-04-22T01:52:49.787+0530] {processor.py:161} INFO - Started process (PID=67863) to work on /Library/Frameworks/Python.framework/Versions/3.10/lib/python3.10/site-packages/airflow/example_dags/tutorial_objectstorage.py
[2026-04-22T01:52:49.788+0530] {processor.py:830} INFO - Processing file /Library/Frameworks/Python.framework/Versions/3.10/lib/python3.10/site-packages/airflow/example_dags/tutorial_objectstorage.py for tasks to queue
[2026-04-22T01:52:49.789+0530] {logging_mixin.py:188} INFO - [2026-04-22T01:52:49.789+0530] {dagbag.py:545} INFO - Filling up the DagBag from /Library/Frameworks/Python.framework/Versions/3.10/lib/python3.10/site-packages/airflow/example_dags/tutorial_objectstorage.py
[2026-04-22T01:52:49.820+0530] {processor.py:840} INFO - DAG(s) 'tutorial_objectstorage' retrieved from /Library/Frameworks/Python.framework/Versions/3.10/lib/python3.10/site-packages/airflow/example_dags/tutorial_objectstorage.py
[2026-04-22T01:52:49.855+0530] {logging_mixin.py:188} INFO - [2026-04-22T01:52:49.855+0530] {dag.py:3096} INFO - Sync 1 DAGs
[2026-04-22T01:52:49.858+0530] {logging_mixin.py:188} INFO - [2026-04-22T01:52:49.858+0530] {dag.py:3954} INFO - Setting next_dagrun for tutorial_objectstorage to None, run_after=None
[2026-04-22T01:52:49.864+0530] {processor.py:183} INFO - Processing /Library/Frameworks/Python.framework/Versions/3.10/lib/python3.10/site-packages/airflow/example_dags/tutorial_objectstorage.py took 0.078 seconds
[2026-04-22T03:15:19.557+0530] {processor.py:161} INFO - Started process (PID=68099) to work on /Library/Frameworks/Python.framework/Versions/3.10/lib/python3.10/site-packages/airflow/example_dags/tutorial_objectstorage.py
[2026-04-22T03:15:19.558+0530] {processor.py:830} INFO - Processing file /Library/Frameworks/Python.framework/Versions/3.10/lib/python3.10/site-packages/airflow/example_dags/tutorial_objectstorage.py for tasks to queue
[2026-04-22T03:15:19.558+0530] {logging_mixin.py:188} INFO - [2026-04-22T03:15:19.558+0530] {dagbag.py:545} INFO - Filling up the DagBag from /Library/Frameworks/Python.framework/Versions/3.10/lib/python3.10/site-packages/airflow/example_dags/tutorial_objectstorage.py
[2026-04-22T03:15:19.596+0530] {processor.py:840} INFO - DAG(s) 'tutorial_objectstorage' retrieved from /Library/Frameworks/Python.framework/Versions/3.10/lib/python3.10/site-packages/airflow/example_dags/tutorial_objectstorage.py
[2026-04-22T03:15:19.630+0530] {logging_mixin.py:188} INFO - [2026-04-22T03:15:19.630+0530] {dag.py:3096} INFO - Sync 1 DAGs
[2026-04-22T03:15:19.633+0530] {logging_mixin.py:188} INFO - [2026-04-22T03:15:19.633+0530] {dag.py:3954} INFO - Setting next_dagrun for tutorial_objectstorage to None, run_after=None
[2026-04-22T03:15:19.639+0530] {processor.py:183} INFO - Processing /Library/Frameworks/Python.framework/Versions/3.10/lib/python3.10/site-packages/airflow/example_dags/tutorial_objectstorage.py took 0.083 seconds
