[2026-04-22T07:22:14.042+0530] {processor.py:161} INFO - Started process (PID=68748) to work on /Library/Frameworks/Python.framework/Versions/3.10/lib/python3.10/site-packages/airflow/example_dags/example_nested_branch_dag.py
[2026-04-22T07:22:14.042+0530] {processor.py:830} INFO - Processing file /Library/Frameworks/Python.framework/Versions/3.10/lib/python3.10/site-packages/airflow/example_dags/example_nested_branch_dag.py for tasks to queue
[2026-04-22T07:22:14.042+0530] {logging_mixin.py:188} INFO - [2026-04-22T07:22:14.042+0530] {dagbag.py:545} INFO - Filling up the DagBag from /Library/Frameworks/Python.framework/Versions/3.10/lib/python3.10/site-packages/airflow/example_dags/example_nested_branch_dag.py
[2026-04-22T07:22:14.057+0530] {processor.py:840} INFO - DAG(s) 'example_nested_branch_dag' retrieved from /Library/Frameworks/Python.framework/Versions/3.10/lib/python3.10/site-packages/airflow/example_dags/example_nested_branch_dag.py
[2026-04-22T07:22:14.094+0530] {logging_mixin.py:188} INFO - [2026-04-22T07:22:14.094+0530] {dag.py:3096} INFO - Sync 1 DAGs
[2026-04-22T07:22:14.100+0530] {logging_mixin.py:188} INFO - [2026-04-22T07:22:14.099+0530] {dag.py:3954} INFO - Setting next_dagrun for example_nested_branch_dag to 2026-04-21 00:00:00+00:00, run_after=2026-04-22 00:00:00+00:00
[2026-04-22T07:22:14.106+0530] {processor.py:183} INFO - Processing /Library/Frameworks/Python.framework/Versions/3.10/lib/python3.10/site-packages/airflow/example_dags/example_nested_branch_dag.py took 0.065 seconds
[2026-04-22T11:47:34.277+0530] {processor.py:161} INFO - Started process (PID=69312) to work on /Library/Frameworks/Python.framework/Versions/3.10/lib/python3.10/site-packages/airflow/example_dags/example_nested_branch_dag.py
[2026-04-22T11:47:34.278+0530] {processor.py:830} INFO - Processing file /Library/Frameworks/Python.framework/Versions/3.10/lib/python3.10/site-packages/airflow/example_dags/example_nested_branch_dag.py for tasks to queue
[2026-04-22T11:47:34.278+0530] {logging_mixin.py:188} INFO - [2026-04-22T11:47:34.278+0530] {dagbag.py:545} INFO - Filling up the DagBag from /Library/Frameworks/Python.framework/Versions/3.10/lib/python3.10/site-packages/airflow/example_dags/example_nested_branch_dag.py
[2026-04-22T11:47:34.290+0530] {processor.py:840} INFO - DAG(s) 'example_nested_branch_dag' retrieved from /Library/Frameworks/Python.framework/Versions/3.10/lib/python3.10/site-packages/airflow/example_dags/example_nested_branch_dag.py
[2026-04-22T11:47:34.322+0530] {logging_mixin.py:188} INFO - [2026-04-22T11:47:34.322+0530] {dag.py:3096} INFO - Sync 1 DAGs
[2026-04-22T11:47:34.327+0530] {logging_mixin.py:188} INFO - [2026-04-22T11:47:34.326+0530] {dag.py:3954} INFO - Setting next_dagrun for example_nested_branch_dag to 2026-04-21 00:00:00+00:00, run_after=2026-04-22 00:00:00+00:00
[2026-04-22T11:47:34.332+0530] {processor.py:183} INFO - Processing /Library/Frameworks/Python.framework/Versions/3.10/lib/python3.10/site-packages/airflow/example_dags/example_nested_branch_dag.py took 0.056 seconds
[2026-04-22T11:48:23.407+0530] {processor.py:161} INFO - Started process (PID=69399) to work on /Library/Frameworks/Python.framework/Versions/3.10/lib/python3.10/site-packages/airflow/example_dags/example_nested_branch_dag.py
[2026-04-22T11:48:23.408+0530] {processor.py:830} INFO - Processing file /Library/Frameworks/Python.framework/Versions/3.10/lib/python3.10/site-packages/airflow/example_dags/example_nested_branch_dag.py for tasks to queue
[2026-04-22T11:48:23.408+0530] {logging_mixin.py:188} INFO - [2026-04-22T11:48:23.408+0530] {dagbag.py:545} INFO - Filling up the DagBag from /Library/Frameworks/Python.framework/Versions/3.10/lib/python3.10/site-packages/airflow/example_dags/example_nested_branch_dag.py
[2026-04-22T11:48:23.421+0530] {processor.py:840} INFO - DAG(s) 'example_nested_branch_dag' retrieved from /Library/Frameworks/Python.framework/Versions/3.10/lib/python3.10/site-packages/airflow/example_dags/example_nested_branch_dag.py
[2026-04-22T11:48:23.453+0530] {logging_mixin.py:188} INFO - [2026-04-22T11:48:23.452+0530] {dag.py:3096} INFO - Sync 1 DAGs
[2026-04-22T11:48:23.457+0530] {logging_mixin.py:188} INFO - [2026-04-22T11:48:23.457+0530] {dag.py:3954} INFO - Setting next_dagrun for example_nested_branch_dag to 2026-04-21 00:00:00+00:00, run_after=2026-04-22 00:00:00+00:00
[2026-04-22T11:48:23.463+0530] {processor.py:183} INFO - Processing /Library/Frameworks/Python.framework/Versions/3.10/lib/python3.10/site-packages/airflow/example_dags/example_nested_branch_dag.py took 0.057 seconds
[2026-04-22T11:49:19.107+0530] {processor.py:161} INFO - Started process (PID=69488) to work on /Library/Frameworks/Python.framework/Versions/3.10/lib/python3.10/site-packages/airflow/example_dags/example_nested_branch_dag.py
[2026-04-22T11:49:19.108+0530] {processor.py:830} INFO - Processing file /Library/Frameworks/Python.framework/Versions/3.10/lib/python3.10/site-packages/airflow/example_dags/example_nested_branch_dag.py for tasks to queue
[2026-04-22T11:49:19.108+0530] {logging_mixin.py:188} INFO - [2026-04-22T11:49:19.108+0530] {dagbag.py:545} INFO - Filling up the DagBag from /Library/Frameworks/Python.framework/Versions/3.10/lib/python3.10/site-packages/airflow/example_dags/example_nested_branch_dag.py
[2026-04-22T11:49:19.122+0530] {processor.py:840} INFO - DAG(s) 'example_nested_branch_dag' retrieved from /Library/Frameworks/Python.framework/Versions/3.10/lib/python3.10/site-packages/airflow/example_dags/example_nested_branch_dag.py
[2026-04-22T11:49:19.159+0530] {logging_mixin.py:188} INFO - [2026-04-22T11:49:19.159+0530] {dag.py:3096} INFO - Sync 1 DAGs
[2026-04-22T11:49:19.166+0530] {logging_mixin.py:188} INFO - [2026-04-22T11:49:19.166+0530] {dag.py:3954} INFO - Setting next_dagrun for example_nested_branch_dag to 2026-04-21 00:00:00+00:00, run_after=2026-04-22 00:00:00+00:00
[2026-04-22T11:49:19.171+0530] {processor.py:183} INFO - Processing /Library/Frameworks/Python.framework/Versions/3.10/lib/python3.10/site-packages/airflow/example_dags/example_nested_branch_dag.py took 0.065 seconds
[2026-04-22T11:50:14.712+0530] {processor.py:161} INFO - Started process (PID=69581) to work on /Library/Frameworks/Python.framework/Versions/3.10/lib/python3.10/site-packages/airflow/example_dags/example_nested_branch_dag.py
[2026-04-22T11:50:14.713+0530] {processor.py:830} INFO - Processing file /Library/Frameworks/Python.framework/Versions/3.10/lib/python3.10/site-packages/airflow/example_dags/example_nested_branch_dag.py for tasks to queue
[2026-04-22T11:50:14.713+0530] {logging_mixin.py:188} INFO - [2026-04-22T11:50:14.713+0530] {dagbag.py:545} INFO - Filling up the DagBag from /Library/Frameworks/Python.framework/Versions/3.10/lib/python3.10/site-packages/airflow/example_dags/example_nested_branch_dag.py
[2026-04-22T11:50:14.726+0530] {processor.py:840} INFO - DAG(s) 'example_nested_branch_dag' retrieved from /Library/Frameworks/Python.framework/Versions/3.10/lib/python3.10/site-packages/airflow/example_dags/example_nested_branch_dag.py
[2026-04-22T11:50:14.758+0530] {logging_mixin.py:188} INFO - [2026-04-22T11:50:14.758+0530] {dag.py:3096} INFO - Sync 1 DAGs
[2026-04-22T11:50:14.763+0530] {logging_mixin.py:188} INFO - [2026-04-22T11:50:14.763+0530] {dag.py:3954} INFO - Setting next_dagrun for example_nested_branch_dag to 2026-04-21 00:00:00+00:00, run_after=2026-04-22 00:00:00+00:00
[2026-04-22T11:50:14.768+0530] {processor.py:183} INFO - Processing /Library/Frameworks/Python.framework/Versions/3.10/lib/python3.10/site-packages/airflow/example_dags/example_nested_branch_dag.py took 0.057 seconds
[2026-04-22T12:11:07.367+0530] {processor.py:161} INFO - Started process (PID=70990) to work on /Library/Frameworks/Python.framework/Versions/3.10/lib/python3.10/site-packages/airflow/example_dags/example_nested_branch_dag.py
[2026-04-22T12:11:07.368+0530] {processor.py:830} INFO - Processing file /Library/Frameworks/Python.framework/Versions/3.10/lib/python3.10/site-packages/airflow/example_dags/example_nested_branch_dag.py for tasks to queue
[2026-04-22T12:11:07.368+0530] {logging_mixin.py:188} INFO - [2026-04-22T12:11:07.368+0530] {dagbag.py:545} INFO - Filling up the DagBag from /Library/Frameworks/Python.framework/Versions/3.10/lib/python3.10/site-packages/airflow/example_dags/example_nested_branch_dag.py
[2026-04-22T12:11:07.381+0530] {processor.py:840} INFO - DAG(s) 'example_nested_branch_dag' retrieved from /Library/Frameworks/Python.framework/Versions/3.10/lib/python3.10/site-packages/airflow/example_dags/example_nested_branch_dag.py
[2026-04-22T12:11:07.413+0530] {logging_mixin.py:188} INFO - [2026-04-22T12:11:07.413+0530] {dag.py:3096} INFO - Sync 1 DAGs
[2026-04-22T12:11:07.418+0530] {logging_mixin.py:188} INFO - [2026-04-22T12:11:07.418+0530] {dag.py:3954} INFO - Setting next_dagrun for example_nested_branch_dag to 2026-04-21 00:00:00+00:00, run_after=2026-04-22 00:00:00+00:00
[2026-04-22T12:11:07.424+0530] {processor.py:183} INFO - Processing /Library/Frameworks/Python.framework/Versions/3.10/lib/python3.10/site-packages/airflow/example_dags/example_nested_branch_dag.py took 0.057 seconds
[2026-04-22T12:16:03.309+0530] {processor.py:161} INFO - Started process (PID=71342) to work on /Library/Frameworks/Python.framework/Versions/3.10/lib/python3.10/site-packages/airflow/example_dags/example_nested_branch_dag.py
[2026-04-22T12:16:03.310+0530] {processor.py:830} INFO - Processing file /Library/Frameworks/Python.framework/Versions/3.10/lib/python3.10/site-packages/airflow/example_dags/example_nested_branch_dag.py for tasks to queue
[2026-04-22T12:16:03.310+0530] {logging_mixin.py:188} INFO - [2026-04-22T12:16:03.310+0530] {dagbag.py:545} INFO - Filling up the DagBag from /Library/Frameworks/Python.framework/Versions/3.10/lib/python3.10/site-packages/airflow/example_dags/example_nested_branch_dag.py
[2026-04-22T12:16:03.322+0530] {processor.py:840} INFO - DAG(s) 'example_nested_branch_dag' retrieved from /Library/Frameworks/Python.framework/Versions/3.10/lib/python3.10/site-packages/airflow/example_dags/example_nested_branch_dag.py
[2026-04-22T12:16:03.354+0530] {logging_mixin.py:188} INFO - [2026-04-22T12:16:03.354+0530] {dag.py:3096} INFO - Sync 1 DAGs
[2026-04-22T12:16:03.359+0530] {logging_mixin.py:188} INFO - [2026-04-22T12:16:03.359+0530] {dag.py:3954} INFO - Setting next_dagrun for example_nested_branch_dag to 2026-04-21 00:00:00+00:00, run_after=2026-04-22 00:00:00+00:00
[2026-04-22T12:16:03.364+0530] {processor.py:183} INFO - Processing /Library/Frameworks/Python.framework/Versions/3.10/lib/python3.10/site-packages/airflow/example_dags/example_nested_branch_dag.py took 0.056 seconds
[2026-04-22T12:19:16.529+0530] {processor.py:161} INFO - Started process (PID=71609) to work on /Library/Frameworks/Python.framework/Versions/3.10/lib/python3.10/site-packages/airflow/example_dags/example_nested_branch_dag.py
[2026-04-22T12:19:16.529+0530] {processor.py:830} INFO - Processing file /Library/Frameworks/Python.framework/Versions/3.10/lib/python3.10/site-packages/airflow/example_dags/example_nested_branch_dag.py for tasks to queue
[2026-04-22T12:19:16.530+0530] {logging_mixin.py:188} INFO - [2026-04-22T12:19:16.530+0530] {dagbag.py:545} INFO - Filling up the DagBag from /Library/Frameworks/Python.framework/Versions/3.10/lib/python3.10/site-packages/airflow/example_dags/example_nested_branch_dag.py
[2026-04-22T12:19:16.543+0530] {processor.py:840} INFO - DAG(s) 'example_nested_branch_dag' retrieved from /Library/Frameworks/Python.framework/Versions/3.10/lib/python3.10/site-packages/airflow/example_dags/example_nested_branch_dag.py
[2026-04-22T12:19:16.576+0530] {logging_mixin.py:188} INFO - [2026-04-22T12:19:16.576+0530] {dag.py:3096} INFO - Sync 1 DAGs
[2026-04-22T12:19:16.582+0530] {logging_mixin.py:188} INFO - [2026-04-22T12:19:16.582+0530] {dag.py:3954} INFO - Setting next_dagrun for example_nested_branch_dag to 2026-04-21 00:00:00+00:00, run_after=2026-04-22 00:00:00+00:00
[2026-04-22T12:19:16.587+0530] {processor.py:183} INFO - Processing /Library/Frameworks/Python.framework/Versions/3.10/lib/python3.10/site-packages/airflow/example_dags/example_nested_branch_dag.py took 0.059 seconds
[2026-04-22T12:21:33.285+0530] {processor.py:161} INFO - Started process (PID=72332) to work on /Library/Frameworks/Python.framework/Versions/3.10/lib/python3.10/site-packages/airflow/example_dags/example_nested_branch_dag.py
[2026-04-22T12:21:33.286+0530] {processor.py:830} INFO - Processing file /Library/Frameworks/Python.framework/Versions/3.10/lib/python3.10/site-packages/airflow/example_dags/example_nested_branch_dag.py for tasks to queue
[2026-04-22T12:21:33.286+0530] {logging_mixin.py:188} INFO - [2026-04-22T12:21:33.286+0530] {dagbag.py:545} INFO - Filling up the DagBag from /Library/Frameworks/Python.framework/Versions/3.10/lib/python3.10/site-packages/airflow/example_dags/example_nested_branch_dag.py
[2026-04-22T12:21:33.298+0530] {processor.py:840} INFO - DAG(s) 'example_nested_branch_dag' retrieved from /Library/Frameworks/Python.framework/Versions/3.10/lib/python3.10/site-packages/airflow/example_dags/example_nested_branch_dag.py
[2026-04-22T12:21:33.330+0530] {logging_mixin.py:188} INFO - [2026-04-22T12:21:33.330+0530] {dag.py:3096} INFO - Sync 1 DAGs
[2026-04-22T12:21:33.335+0530] {logging_mixin.py:188} INFO - [2026-04-22T12:21:33.335+0530] {dag.py:3954} INFO - Setting next_dagrun for example_nested_branch_dag to 2026-04-21 00:00:00+00:00, run_after=2026-04-22 00:00:00+00:00
[2026-04-22T12:21:33.340+0530] {processor.py:183} INFO - Processing /Library/Frameworks/Python.framework/Versions/3.10/lib/python3.10/site-packages/airflow/example_dags/example_nested_branch_dag.py took 0.056 seconds
[2026-04-22T12:23:13.509+0530] {processor.py:161} INFO - Started process (PID=72522) to work on /Library/Frameworks/Python.framework/Versions/3.10/lib/python3.10/site-packages/airflow/example_dags/example_nested_branch_dag.py
[2026-04-22T12:23:13.511+0530] {processor.py:830} INFO - Processing file /Library/Frameworks/Python.framework/Versions/3.10/lib/python3.10/site-packages/airflow/example_dags/example_nested_branch_dag.py for tasks to queue
[2026-04-22T12:23:13.511+0530] {logging_mixin.py:188} INFO - [2026-04-22T12:23:13.511+0530] {dagbag.py:545} INFO - Filling up the DagBag from /Library/Frameworks/Python.framework/Versions/3.10/lib/python3.10/site-packages/airflow/example_dags/example_nested_branch_dag.py
[2026-04-22T12:23:13.523+0530] {processor.py:840} INFO - DAG(s) 'example_nested_branch_dag' retrieved from /Library/Frameworks/Python.framework/Versions/3.10/lib/python3.10/site-packages/airflow/example_dags/example_nested_branch_dag.py
[2026-04-22T12:23:13.556+0530] {logging_mixin.py:188} INFO - [2026-04-22T12:23:13.556+0530] {dag.py:3096} INFO - Sync 1 DAGs
[2026-04-22T12:23:13.561+0530] {logging_mixin.py:188} INFO - [2026-04-22T12:23:13.561+0530] {dag.py:3954} INFO - Setting next_dagrun for example_nested_branch_dag to 2026-04-21 00:00:00+00:00, run_after=2026-04-22 00:00:00+00:00
[2026-04-22T12:23:13.566+0530] {processor.py:183} INFO - Processing /Library/Frameworks/Python.framework/Versions/3.10/lib/python3.10/site-packages/airflow/example_dags/example_nested_branch_dag.py took 0.057 seconds
[2026-04-22T12:24:56.759+0530] {processor.py:161} INFO - Started process (PID=72725) to work on /Library/Frameworks/Python.framework/Versions/3.10/lib/python3.10/site-packages/airflow/example_dags/example_nested_branch_dag.py
[2026-04-22T12:24:56.759+0530] {processor.py:830} INFO - Processing file /Library/Frameworks/Python.framework/Versions/3.10/lib/python3.10/site-packages/airflow/example_dags/example_nested_branch_dag.py for tasks to queue
[2026-04-22T12:24:56.760+0530] {logging_mixin.py:188} INFO - [2026-04-22T12:24:56.760+0530] {dagbag.py:545} INFO - Filling up the DagBag from /Library/Frameworks/Python.framework/Versions/3.10/lib/python3.10/site-packages/airflow/example_dags/example_nested_branch_dag.py
[2026-04-22T12:24:56.774+0530] {processor.py:840} INFO - DAG(s) 'example_nested_branch_dag' retrieved from /Library/Frameworks/Python.framework/Versions/3.10/lib/python3.10/site-packages/airflow/example_dags/example_nested_branch_dag.py
[2026-04-22T12:24:56.809+0530] {logging_mixin.py:188} INFO - [2026-04-22T12:24:56.808+0530] {dag.py:3096} INFO - Sync 1 DAGs
[2026-04-22T12:24:56.815+0530] {logging_mixin.py:188} INFO - [2026-04-22T12:24:56.815+0530] {dag.py:3954} INFO - Setting next_dagrun for example_nested_branch_dag to 2026-04-21 00:00:00+00:00, run_after=2026-04-22 00:00:00+00:00
[2026-04-22T12:24:56.820+0530] {processor.py:183} INFO - Processing /Library/Frameworks/Python.framework/Versions/3.10/lib/python3.10/site-packages/airflow/example_dags/example_nested_branch_dag.py took 0.062 seconds
[2026-04-22T12:26:44.245+0530] {processor.py:161} INFO - Started process (PID=72916) to work on /Library/Frameworks/Python.framework/Versions/3.10/lib/python3.10/site-packages/airflow/example_dags/example_nested_branch_dag.py
[2026-04-22T12:26:44.246+0530] {processor.py:830} INFO - Processing file /Library/Frameworks/Python.framework/Versions/3.10/lib/python3.10/site-packages/airflow/example_dags/example_nested_branch_dag.py for tasks to queue
[2026-04-22T12:26:44.247+0530] {logging_mixin.py:188} INFO - [2026-04-22T12:26:44.247+0530] {dagbag.py:545} INFO - Filling up the DagBag from /Library/Frameworks/Python.framework/Versions/3.10/lib/python3.10/site-packages/airflow/example_dags/example_nested_branch_dag.py
[2026-04-22T12:26:44.260+0530] {processor.py:840} INFO - DAG(s) 'example_nested_branch_dag' retrieved from /Library/Frameworks/Python.framework/Versions/3.10/lib/python3.10/site-packages/airflow/example_dags/example_nested_branch_dag.py
[2026-04-22T12:26:44.292+0530] {logging_mixin.py:188} INFO - [2026-04-22T12:26:44.292+0530] {dag.py:3096} INFO - Sync 1 DAGs
[2026-04-22T12:26:44.298+0530] {logging_mixin.py:188} INFO - [2026-04-22T12:26:44.298+0530] {dag.py:3954} INFO - Setting next_dagrun for example_nested_branch_dag to 2026-04-21 00:00:00+00:00, run_after=2026-04-22 00:00:00+00:00
[2026-04-22T12:26:44.303+0530] {processor.py:183} INFO - Processing /Library/Frameworks/Python.framework/Versions/3.10/lib/python3.10/site-packages/airflow/example_dags/example_nested_branch_dag.py took 0.058 seconds
[2026-04-22T12:28:37.950+0530] {processor.py:161} INFO - Started process (PID=73148) to work on /Library/Frameworks/Python.framework/Versions/3.10/lib/python3.10/site-packages/airflow/example_dags/example_nested_branch_dag.py
[2026-04-22T12:28:37.951+0530] {processor.py:830} INFO - Processing file /Library/Frameworks/Python.framework/Versions/3.10/lib/python3.10/site-packages/airflow/example_dags/example_nested_branch_dag.py for tasks to queue
[2026-04-22T12:28:37.951+0530] {logging_mixin.py:188} INFO - [2026-04-22T12:28:37.951+0530] {dagbag.py:545} INFO - Filling up the DagBag from /Library/Frameworks/Python.framework/Versions/3.10/lib/python3.10/site-packages/airflow/example_dags/example_nested_branch_dag.py
[2026-04-22T12:28:37.965+0530] {processor.py:840} INFO - DAG(s) 'example_nested_branch_dag' retrieved from /Library/Frameworks/Python.framework/Versions/3.10/lib/python3.10/site-packages/airflow/example_dags/example_nested_branch_dag.py
[2026-04-22T12:28:37.999+0530] {logging_mixin.py:188} INFO - [2026-04-22T12:28:37.999+0530] {dag.py:3096} INFO - Sync 1 DAGs
[2026-04-22T12:28:38.005+0530] {logging_mixin.py:188} INFO - [2026-04-22T12:28:38.005+0530] {dag.py:3954} INFO - Setting next_dagrun for example_nested_branch_dag to 2026-04-21 00:00:00+00:00, run_after=2026-04-22 00:00:00+00:00
[2026-04-22T12:28:38.011+0530] {processor.py:183} INFO - Processing /Library/Frameworks/Python.framework/Versions/3.10/lib/python3.10/site-packages/airflow/example_dags/example_nested_branch_dag.py took 0.061 seconds
[2026-04-22T12:30:25.231+0530] {processor.py:161} INFO - Started process (PID=73366) to work on /Library/Frameworks/Python.framework/Versions/3.10/lib/python3.10/site-packages/airflow/example_dags/example_nested_branch_dag.py
[2026-04-22T12:30:25.231+0530] {processor.py:830} INFO - Processing file /Library/Frameworks/Python.framework/Versions/3.10/lib/python3.10/site-packages/airflow/example_dags/example_nested_branch_dag.py for tasks to queue
[2026-04-22T12:30:25.231+0530] {logging_mixin.py:188} INFO - [2026-04-22T12:30:25.231+0530] {dagbag.py:545} INFO - Filling up the DagBag from /Library/Frameworks/Python.framework/Versions/3.10/lib/python3.10/site-packages/airflow/example_dags/example_nested_branch_dag.py
[2026-04-22T12:30:25.244+0530] {processor.py:840} INFO - DAG(s) 'example_nested_branch_dag' retrieved from /Library/Frameworks/Python.framework/Versions/3.10/lib/python3.10/site-packages/airflow/example_dags/example_nested_branch_dag.py
[2026-04-22T12:30:25.278+0530] {logging_mixin.py:188} INFO - [2026-04-22T12:30:25.278+0530] {dag.py:3096} INFO - Sync 1 DAGs
[2026-04-22T12:30:25.283+0530] {logging_mixin.py:188} INFO - [2026-04-22T12:30:25.283+0530] {dag.py:3954} INFO - Setting next_dagrun for example_nested_branch_dag to 2026-04-21 00:00:00+00:00, run_after=2026-04-22 00:00:00+00:00
[2026-04-22T12:30:25.289+0530] {processor.py:183} INFO - Processing /Library/Frameworks/Python.framework/Versions/3.10/lib/python3.10/site-packages/airflow/example_dags/example_nested_branch_dag.py took 0.059 seconds
[2026-04-22T12:32:14.964+0530] {processor.py:161} INFO - Started process (PID=73596) to work on /Library/Frameworks/Python.framework/Versions/3.10/lib/python3.10/site-packages/airflow/example_dags/example_nested_branch_dag.py
[2026-04-22T12:32:14.964+0530] {processor.py:830} INFO - Processing file /Library/Frameworks/Python.framework/Versions/3.10/lib/python3.10/site-packages/airflow/example_dags/example_nested_branch_dag.py for tasks to queue
[2026-04-22T12:32:14.964+0530] {logging_mixin.py:188} INFO - [2026-04-22T12:32:14.964+0530] {dagbag.py:545} INFO - Filling up the DagBag from /Library/Frameworks/Python.framework/Versions/3.10/lib/python3.10/site-packages/airflow/example_dags/example_nested_branch_dag.py
[2026-04-22T12:32:14.978+0530] {processor.py:840} INFO - DAG(s) 'example_nested_branch_dag' retrieved from /Library/Frameworks/Python.framework/Versions/3.10/lib/python3.10/site-packages/airflow/example_dags/example_nested_branch_dag.py
[2026-04-22T12:32:15.011+0530] {logging_mixin.py:188} INFO - [2026-04-22T12:32:15.011+0530] {dag.py:3096} INFO - Sync 1 DAGs
[2026-04-22T12:32:15.018+0530] {logging_mixin.py:188} INFO - [2026-04-22T12:32:15.018+0530] {dag.py:3954} INFO - Setting next_dagrun for example_nested_branch_dag to 2026-04-21 00:00:00+00:00, run_after=2026-04-22 00:00:00+00:00
[2026-04-22T12:32:15.023+0530] {processor.py:183} INFO - Processing /Library/Frameworks/Python.framework/Versions/3.10/lib/python3.10/site-packages/airflow/example_dags/example_nested_branch_dag.py took 0.060 seconds
[2026-04-22T12:33:59.279+0530] {processor.py:161} INFO - Started process (PID=73761) to work on /Library/Frameworks/Python.framework/Versions/3.10/lib/python3.10/site-packages/airflow/example_dags/example_nested_branch_dag.py
[2026-04-22T12:33:59.280+0530] {processor.py:830} INFO - Processing file /Library/Frameworks/Python.framework/Versions/3.10/lib/python3.10/site-packages/airflow/example_dags/example_nested_branch_dag.py for tasks to queue
[2026-04-22T12:33:59.280+0530] {logging_mixin.py:188} INFO - [2026-04-22T12:33:59.280+0530] {dagbag.py:545} INFO - Filling up the DagBag from /Library/Frameworks/Python.framework/Versions/3.10/lib/python3.10/site-packages/airflow/example_dags/example_nested_branch_dag.py
[2026-04-22T12:33:59.293+0530] {processor.py:840} INFO - DAG(s) 'example_nested_branch_dag' retrieved from /Library/Frameworks/Python.framework/Versions/3.10/lib/python3.10/site-packages/airflow/example_dags/example_nested_branch_dag.py
[2026-04-22T12:33:59.324+0530] {logging_mixin.py:188} INFO - [2026-04-22T12:33:59.324+0530] {dag.py:3096} INFO - Sync 1 DAGs
[2026-04-22T12:33:59.329+0530] {logging_mixin.py:188} INFO - [2026-04-22T12:33:59.329+0530] {dag.py:3954} INFO - Setting next_dagrun for example_nested_branch_dag to 2026-04-21 00:00:00+00:00, run_after=2026-04-22 00:00:00+00:00
[2026-04-22T12:33:59.334+0530] {processor.py:183} INFO - Processing /Library/Frameworks/Python.framework/Versions/3.10/lib/python3.10/site-packages/airflow/example_dags/example_nested_branch_dag.py took 0.056 seconds
[2026-04-22T12:35:44.116+0530] {processor.py:161} INFO - Started process (PID=73896) to work on /Library/Frameworks/Python.framework/Versions/3.10/lib/python3.10/site-packages/airflow/example_dags/example_nested_branch_dag.py
[2026-04-22T12:35:44.117+0530] {processor.py:830} INFO - Processing file /Library/Frameworks/Python.framework/Versions/3.10/lib/python3.10/site-packages/airflow/example_dags/example_nested_branch_dag.py for tasks to queue
[2026-04-22T12:35:44.117+0530] {logging_mixin.py:188} INFO - [2026-04-22T12:35:44.117+0530] {dagbag.py:545} INFO - Filling up the DagBag from /Library/Frameworks/Python.framework/Versions/3.10/lib/python3.10/site-packages/airflow/example_dags/example_nested_branch_dag.py
[2026-04-22T12:35:44.130+0530] {processor.py:840} INFO - DAG(s) 'example_nested_branch_dag' retrieved from /Library/Frameworks/Python.framework/Versions/3.10/lib/python3.10/site-packages/airflow/example_dags/example_nested_branch_dag.py
[2026-04-22T12:35:44.165+0530] {logging_mixin.py:188} INFO - [2026-04-22T12:35:44.165+0530] {dag.py:3096} INFO - Sync 1 DAGs
[2026-04-22T12:35:44.170+0530] {logging_mixin.py:188} INFO - [2026-04-22T12:35:44.170+0530] {dag.py:3954} INFO - Setting next_dagrun for example_nested_branch_dag to 2026-04-21 00:00:00+00:00, run_after=2026-04-22 00:00:00+00:00
[2026-04-22T12:35:44.177+0530] {processor.py:183} INFO - Processing /Library/Frameworks/Python.framework/Versions/3.10/lib/python3.10/site-packages/airflow/example_dags/example_nested_branch_dag.py took 0.061 seconds
[2026-04-22T12:37:27.199+0530] {processor.py:161} INFO - Started process (PID=74024) to work on /Library/Frameworks/Python.framework/Versions/3.10/lib/python3.10/site-packages/airflow/example_dags/example_nested_branch_dag.py
[2026-04-22T12:37:27.200+0530] {processor.py:830} INFO - Processing file /Library/Frameworks/Python.framework/Versions/3.10/lib/python3.10/site-packages/airflow/example_dags/example_nested_branch_dag.py for tasks to queue
[2026-04-22T12:37:27.201+0530] {logging_mixin.py:188} INFO - [2026-04-22T12:37:27.200+0530] {dagbag.py:545} INFO - Filling up the DagBag from /Library/Frameworks/Python.framework/Versions/3.10/lib/python3.10/site-packages/airflow/example_dags/example_nested_branch_dag.py
[2026-04-22T12:37:27.214+0530] {processor.py:840} INFO - DAG(s) 'example_nested_branch_dag' retrieved from /Library/Frameworks/Python.framework/Versions/3.10/lib/python3.10/site-packages/airflow/example_dags/example_nested_branch_dag.py
[2026-04-22T12:37:27.246+0530] {logging_mixin.py:188} INFO - [2026-04-22T12:37:27.246+0530] {dag.py:3096} INFO - Sync 1 DAGs
[2026-04-22T12:37:27.253+0530] {logging_mixin.py:188} INFO - [2026-04-22T12:37:27.252+0530] {dag.py:3954} INFO - Setting next_dagrun for example_nested_branch_dag to 2026-04-21 00:00:00+00:00, run_after=2026-04-22 00:00:00+00:00
[2026-04-22T12:37:27.261+0530] {processor.py:183} INFO - Processing /Library/Frameworks/Python.framework/Versions/3.10/lib/python3.10/site-packages/airflow/example_dags/example_nested_branch_dag.py took 0.062 seconds
[2026-04-22T12:39:27.545+0530] {processor.py:161} INFO - Started process (PID=74152) to work on /Library/Frameworks/Python.framework/Versions/3.10/lib/python3.10/site-packages/airflow/example_dags/example_nested_branch_dag.py
[2026-04-22T12:39:27.546+0530] {processor.py:830} INFO - Processing file /Library/Frameworks/Python.framework/Versions/3.10/lib/python3.10/site-packages/airflow/example_dags/example_nested_branch_dag.py for tasks to queue
[2026-04-22T12:39:27.546+0530] {logging_mixin.py:188} INFO - [2026-04-22T12:39:27.546+0530] {dagbag.py:545} INFO - Filling up the DagBag from /Library/Frameworks/Python.framework/Versions/3.10/lib/python3.10/site-packages/airflow/example_dags/example_nested_branch_dag.py
[2026-04-22T12:39:27.559+0530] {processor.py:840} INFO - DAG(s) 'example_nested_branch_dag' retrieved from /Library/Frameworks/Python.framework/Versions/3.10/lib/python3.10/site-packages/airflow/example_dags/example_nested_branch_dag.py
[2026-04-22T12:39:27.591+0530] {logging_mixin.py:188} INFO - [2026-04-22T12:39:27.591+0530] {dag.py:3096} INFO - Sync 1 DAGs
[2026-04-22T12:39:27.596+0530] {logging_mixin.py:188} INFO - [2026-04-22T12:39:27.596+0530] {dag.py:3954} INFO - Setting next_dagrun for example_nested_branch_dag to 2026-04-21 00:00:00+00:00, run_after=2026-04-22 00:00:00+00:00
[2026-04-22T12:39:27.601+0530] {processor.py:183} INFO - Processing /Library/Frameworks/Python.framework/Versions/3.10/lib/python3.10/site-packages/airflow/example_dags/example_nested_branch_dag.py took 0.057 seconds
[2026-04-22T12:41:28.291+0530] {processor.py:161} INFO - Started process (PID=74300) to work on /Library/Frameworks/Python.framework/Versions/3.10/lib/python3.10/site-packages/airflow/example_dags/example_nested_branch_dag.py
[2026-04-22T12:41:28.292+0530] {processor.py:830} INFO - Processing file /Library/Frameworks/Python.framework/Versions/3.10/lib/python3.10/site-packages/airflow/example_dags/example_nested_branch_dag.py for tasks to queue
[2026-04-22T12:41:28.292+0530] {logging_mixin.py:188} INFO - [2026-04-22T12:41:28.292+0530] {dagbag.py:545} INFO - Filling up the DagBag from /Library/Frameworks/Python.framework/Versions/3.10/lib/python3.10/site-packages/airflow/example_dags/example_nested_branch_dag.py
[2026-04-22T12:41:28.305+0530] {processor.py:840} INFO - DAG(s) 'example_nested_branch_dag' retrieved from /Library/Frameworks/Python.framework/Versions/3.10/lib/python3.10/site-packages/airflow/example_dags/example_nested_branch_dag.py
[2026-04-22T12:41:28.339+0530] {logging_mixin.py:188} INFO - [2026-04-22T12:41:28.339+0530] {dag.py:3096} INFO - Sync 1 DAGs
[2026-04-22T12:41:28.344+0530] {logging_mixin.py:188} INFO - [2026-04-22T12:41:28.344+0530] {dag.py:3954} INFO - Setting next_dagrun for example_nested_branch_dag to 2026-04-21 00:00:00+00:00, run_after=2026-04-22 00:00:00+00:00
[2026-04-22T12:41:28.351+0530] {processor.py:183} INFO - Processing /Library/Frameworks/Python.framework/Versions/3.10/lib/python3.10/site-packages/airflow/example_dags/example_nested_branch_dag.py took 0.061 seconds
