[2026-04-22T07:23:18.994+0530] {processor.py:161} INFO - Started process (PID=68770) to work on /Library/Frameworks/Python.framework/Versions/3.10/lib/python3.10/site-packages/airflow/example_dags/example_branch_day_of_week_operator.py
[2026-04-22T07:23:18.995+0530] {processor.py:830} INFO - Processing file /Library/Frameworks/Python.framework/Versions/3.10/lib/python3.10/site-packages/airflow/example_dags/example_branch_day_of_week_operator.py for tasks to queue
[2026-04-22T07:23:18.995+0530] {logging_mixin.py:188} INFO - [2026-04-22T07:23:18.995+0530] {dagbag.py:545} INFO - Filling up the DagBag from /Library/Frameworks/Python.framework/Versions/3.10/lib/python3.10/site-packages/airflow/example_dags/example_branch_day_of_week_operator.py
[2026-04-22T07:23:18.999+0530] {processor.py:840} INFO - DAG(s) 'example_weekday_branch_operator' retrieved from /Library/Frameworks/Python.framework/Versions/3.10/lib/python3.10/site-packages/airflow/example_dags/example_branch_day_of_week_operator.py
[2026-04-22T07:23:19.035+0530] {logging_mixin.py:188} INFO - [2026-04-22T07:23:19.034+0530] {dag.py:3096} INFO - Sync 1 DAGs
[2026-04-22T07:23:19.040+0530] {logging_mixin.py:188} INFO - [2026-04-22T07:23:19.040+0530] {dag.py:3954} INFO - Setting next_dagrun for example_weekday_branch_operator to 2026-04-21 00:00:00+00:00, run_after=2026-04-22 00:00:00+00:00
[2026-04-22T07:23:19.046+0530] {processor.py:183} INFO - Processing /Library/Frameworks/Python.framework/Versions/3.10/lib/python3.10/site-packages/airflow/example_dags/example_branch_day_of_week_operator.py took 0.052 seconds
[2026-04-22T11:47:49.586+0530] {processor.py:161} INFO - Started process (PID=69338) to work on /Library/Frameworks/Python.framework/Versions/3.10/lib/python3.10/site-packages/airflow/example_dags/example_branch_day_of_week_operator.py
[2026-04-22T11:47:49.587+0530] {processor.py:830} INFO - Processing file /Library/Frameworks/Python.framework/Versions/3.10/lib/python3.10/site-packages/airflow/example_dags/example_branch_day_of_week_operator.py for tasks to queue
[2026-04-22T11:47:49.587+0530] {logging_mixin.py:188} INFO - [2026-04-22T11:47:49.587+0530] {dagbag.py:545} INFO - Filling up the DagBag from /Library/Frameworks/Python.framework/Versions/3.10/lib/python3.10/site-packages/airflow/example_dags/example_branch_day_of_week_operator.py
[2026-04-22T11:47:49.591+0530] {processor.py:840} INFO - DAG(s) 'example_weekday_branch_operator' retrieved from /Library/Frameworks/Python.framework/Versions/3.10/lib/python3.10/site-packages/airflow/example_dags/example_branch_day_of_week_operator.py
[2026-04-22T11:47:49.624+0530] {logging_mixin.py:188} INFO - [2026-04-22T11:47:49.624+0530] {dag.py:3096} INFO - Sync 1 DAGs
[2026-04-22T11:47:49.628+0530] {logging_mixin.py:188} INFO - [2026-04-22T11:47:49.628+0530] {dag.py:3954} INFO - Setting next_dagrun for example_weekday_branch_operator to 2026-04-21 00:00:00+00:00, run_after=2026-04-22 00:00:00+00:00
[2026-04-22T11:47:49.634+0530] {processor.py:183} INFO - Processing /Library/Frameworks/Python.framework/Versions/3.10/lib/python3.10/site-packages/airflow/example_dags/example_branch_day_of_week_operator.py took 0.048 seconds
[2026-04-22T11:48:45.754+0530] {processor.py:161} INFO - Started process (PID=69440) to work on /Library/Frameworks/Python.framework/Versions/3.10/lib/python3.10/site-packages/airflow/example_dags/example_branch_day_of_week_operator.py
[2026-04-22T11:48:45.755+0530] {processor.py:830} INFO - Processing file /Library/Frameworks/Python.framework/Versions/3.10/lib/python3.10/site-packages/airflow/example_dags/example_branch_day_of_week_operator.py for tasks to queue
[2026-04-22T11:48:45.755+0530] {logging_mixin.py:188} INFO - [2026-04-22T11:48:45.755+0530] {dagbag.py:545} INFO - Filling up the DagBag from /Library/Frameworks/Python.framework/Versions/3.10/lib/python3.10/site-packages/airflow/example_dags/example_branch_day_of_week_operator.py
[2026-04-22T11:48:45.759+0530] {processor.py:840} INFO - DAG(s) 'example_weekday_branch_operator' retrieved from /Library/Frameworks/Python.framework/Versions/3.10/lib/python3.10/site-packages/airflow/example_dags/example_branch_day_of_week_operator.py
[2026-04-22T11:48:45.791+0530] {logging_mixin.py:188} INFO - [2026-04-22T11:48:45.791+0530] {dag.py:3096} INFO - Sync 1 DAGs
[2026-04-22T11:48:45.796+0530] {logging_mixin.py:188} INFO - [2026-04-22T11:48:45.796+0530] {dag.py:3954} INFO - Setting next_dagrun for example_weekday_branch_operator to 2026-04-21 00:00:00+00:00, run_after=2026-04-22 00:00:00+00:00
[2026-04-22T11:48:45.801+0530] {processor.py:183} INFO - Processing /Library/Frameworks/Python.framework/Versions/3.10/lib/python3.10/site-packages/airflow/example_dags/example_branch_day_of_week_operator.py took 0.048 seconds
[2026-04-22T11:49:40.888+0530] {processor.py:161} INFO - Started process (PID=69519) to work on /Library/Frameworks/Python.framework/Versions/3.10/lib/python3.10/site-packages/airflow/example_dags/example_branch_day_of_week_operator.py
[2026-04-22T11:49:40.889+0530] {processor.py:830} INFO - Processing file /Library/Frameworks/Python.framework/Versions/3.10/lib/python3.10/site-packages/airflow/example_dags/example_branch_day_of_week_operator.py for tasks to queue
[2026-04-22T11:49:40.889+0530] {logging_mixin.py:188} INFO - [2026-04-22T11:49:40.889+0530] {dagbag.py:545} INFO - Filling up the DagBag from /Library/Frameworks/Python.framework/Versions/3.10/lib/python3.10/site-packages/airflow/example_dags/example_branch_day_of_week_operator.py
[2026-04-22T11:49:40.893+0530] {processor.py:840} INFO - DAG(s) 'example_weekday_branch_operator' retrieved from /Library/Frameworks/Python.framework/Versions/3.10/lib/python3.10/site-packages/airflow/example_dags/example_branch_day_of_week_operator.py
[2026-04-22T11:49:40.925+0530] {logging_mixin.py:188} INFO - [2026-04-22T11:49:40.925+0530] {dag.py:3096} INFO - Sync 1 DAGs
[2026-04-22T11:49:40.931+0530] {logging_mixin.py:188} INFO - [2026-04-22T11:49:40.931+0530] {dag.py:3954} INFO - Setting next_dagrun for example_weekday_branch_operator to 2026-04-21 00:00:00+00:00, run_after=2026-04-22 00:00:00+00:00
[2026-04-22T11:49:40.938+0530] {processor.py:183} INFO - Processing /Library/Frameworks/Python.framework/Versions/3.10/lib/python3.10/site-packages/airflow/example_dags/example_branch_day_of_week_operator.py took 0.050 seconds
[2026-04-22T11:50:36.590+0530] {processor.py:161} INFO - Started process (PID=69622) to work on /Library/Frameworks/Python.framework/Versions/3.10/lib/python3.10/site-packages/airflow/example_dags/example_branch_day_of_week_operator.py
[2026-04-22T11:50:36.591+0530] {processor.py:830} INFO - Processing file /Library/Frameworks/Python.framework/Versions/3.10/lib/python3.10/site-packages/airflow/example_dags/example_branch_day_of_week_operator.py for tasks to queue
[2026-04-22T11:50:36.591+0530] {logging_mixin.py:188} INFO - [2026-04-22T11:50:36.591+0530] {dagbag.py:545} INFO - Filling up the DagBag from /Library/Frameworks/Python.framework/Versions/3.10/lib/python3.10/site-packages/airflow/example_dags/example_branch_day_of_week_operator.py
[2026-04-22T11:50:36.596+0530] {processor.py:840} INFO - DAG(s) 'example_weekday_branch_operator' retrieved from /Library/Frameworks/Python.framework/Versions/3.10/lib/python3.10/site-packages/airflow/example_dags/example_branch_day_of_week_operator.py
[2026-04-22T11:50:36.631+0530] {logging_mixin.py:188} INFO - [2026-04-22T11:50:36.631+0530] {dag.py:3096} INFO - Sync 1 DAGs
[2026-04-22T11:50:36.636+0530] {logging_mixin.py:188} INFO - [2026-04-22T11:50:36.636+0530] {dag.py:3954} INFO - Setting next_dagrun for example_weekday_branch_operator to 2026-04-21 00:00:00+00:00, run_after=2026-04-22 00:00:00+00:00
[2026-04-22T11:50:36.641+0530] {processor.py:183} INFO - Processing /Library/Frameworks/Python.framework/Versions/3.10/lib/python3.10/site-packages/airflow/example_dags/example_branch_day_of_week_operator.py took 0.052 seconds
[2026-04-22T12:12:45.544+0530] {processor.py:161} INFO - Started process (PID=71102) to work on /Library/Frameworks/Python.framework/Versions/3.10/lib/python3.10/site-packages/airflow/example_dags/example_branch_day_of_week_operator.py
[2026-04-22T12:12:45.545+0530] {processor.py:830} INFO - Processing file /Library/Frameworks/Python.framework/Versions/3.10/lib/python3.10/site-packages/airflow/example_dags/example_branch_day_of_week_operator.py for tasks to queue
[2026-04-22T12:12:45.545+0530] {logging_mixin.py:188} INFO - [2026-04-22T12:12:45.545+0530] {dagbag.py:545} INFO - Filling up the DagBag from /Library/Frameworks/Python.framework/Versions/3.10/lib/python3.10/site-packages/airflow/example_dags/example_branch_day_of_week_operator.py
[2026-04-22T12:12:45.549+0530] {processor.py:840} INFO - DAG(s) 'example_weekday_branch_operator' retrieved from /Library/Frameworks/Python.framework/Versions/3.10/lib/python3.10/site-packages/airflow/example_dags/example_branch_day_of_week_operator.py
[2026-04-22T12:12:45.581+0530] {logging_mixin.py:188} INFO - [2026-04-22T12:12:45.581+0530] {dag.py:3096} INFO - Sync 1 DAGs
[2026-04-22T12:12:45.586+0530] {logging_mixin.py:188} INFO - [2026-04-22T12:12:45.586+0530] {dag.py:3954} INFO - Setting next_dagrun for example_weekday_branch_operator to 2026-04-21 00:00:00+00:00, run_after=2026-04-22 00:00:00+00:00
[2026-04-22T12:12:45.591+0530] {processor.py:183} INFO - Processing /Library/Frameworks/Python.framework/Versions/3.10/lib/python3.10/site-packages/airflow/example_dags/example_branch_day_of_week_operator.py took 0.048 seconds
[2026-04-22T12:19:33.134+0530] {processor.py:161} INFO - Started process (PID=71638) to work on /Library/Frameworks/Python.framework/Versions/3.10/lib/python3.10/site-packages/airflow/example_dags/example_branch_day_of_week_operator.py
[2026-04-22T12:19:33.135+0530] {processor.py:830} INFO - Processing file /Library/Frameworks/Python.framework/Versions/3.10/lib/python3.10/site-packages/airflow/example_dags/example_branch_day_of_week_operator.py for tasks to queue
[2026-04-22T12:19:33.135+0530] {logging_mixin.py:188} INFO - [2026-04-22T12:19:33.135+0530] {dagbag.py:545} INFO - Filling up the DagBag from /Library/Frameworks/Python.framework/Versions/3.10/lib/python3.10/site-packages/airflow/example_dags/example_branch_day_of_week_operator.py
[2026-04-22T12:19:33.140+0530] {processor.py:840} INFO - DAG(s) 'example_weekday_branch_operator' retrieved from /Library/Frameworks/Python.framework/Versions/3.10/lib/python3.10/site-packages/airflow/example_dags/example_branch_day_of_week_operator.py
[2026-04-22T12:19:33.174+0530] {logging_mixin.py:188} INFO - [2026-04-22T12:19:33.174+0530] {dag.py:3096} INFO - Sync 1 DAGs
[2026-04-22T12:19:33.178+0530] {logging_mixin.py:188} INFO - [2026-04-22T12:19:33.178+0530] {dag.py:3954} INFO - Setting next_dagrun for example_weekday_branch_operator to 2026-04-21 00:00:00+00:00, run_after=2026-04-22 00:00:00+00:00
[2026-04-22T12:19:33.184+0530] {processor.py:183} INFO - Processing /Library/Frameworks/Python.framework/Versions/3.10/lib/python3.10/site-packages/airflow/example_dags/example_branch_day_of_week_operator.py took 0.051 seconds
[2026-04-22T12:21:49.786+0530] {processor.py:161} INFO - Started process (PID=72369) to work on /Library/Frameworks/Python.framework/Versions/3.10/lib/python3.10/site-packages/airflow/example_dags/example_branch_day_of_week_operator.py
[2026-04-22T12:21:49.786+0530] {processor.py:830} INFO - Processing file /Library/Frameworks/Python.framework/Versions/3.10/lib/python3.10/site-packages/airflow/example_dags/example_branch_day_of_week_operator.py for tasks to queue
[2026-04-22T12:21:49.787+0530] {logging_mixin.py:188} INFO - [2026-04-22T12:21:49.786+0530] {dagbag.py:545} INFO - Filling up the DagBag from /Library/Frameworks/Python.framework/Versions/3.10/lib/python3.10/site-packages/airflow/example_dags/example_branch_day_of_week_operator.py
[2026-04-22T12:21:49.791+0530] {processor.py:840} INFO - DAG(s) 'example_weekday_branch_operator' retrieved from /Library/Frameworks/Python.framework/Versions/3.10/lib/python3.10/site-packages/airflow/example_dags/example_branch_day_of_week_operator.py
[2026-04-22T12:21:49.827+0530] {logging_mixin.py:188} INFO - [2026-04-22T12:21:49.827+0530] {dag.py:3096} INFO - Sync 1 DAGs
[2026-04-22T12:21:49.831+0530] {logging_mixin.py:188} INFO - [2026-04-22T12:21:49.831+0530] {dag.py:3954} INFO - Setting next_dagrun for example_weekday_branch_operator to 2026-04-21 00:00:00+00:00, run_after=2026-04-22 00:00:00+00:00
[2026-04-22T12:21:49.837+0530] {processor.py:183} INFO - Processing /Library/Frameworks/Python.framework/Versions/3.10/lib/python3.10/site-packages/airflow/example_dags/example_branch_day_of_week_operator.py took 0.052 seconds
[2026-04-22T12:23:31.871+0530] {processor.py:161} INFO - Started process (PID=72545) to work on /Library/Frameworks/Python.framework/Versions/3.10/lib/python3.10/site-packages/airflow/example_dags/example_branch_day_of_week_operator.py
[2026-04-22T12:23:31.872+0530] {processor.py:830} INFO - Processing file /Library/Frameworks/Python.framework/Versions/3.10/lib/python3.10/site-packages/airflow/example_dags/example_branch_day_of_week_operator.py for tasks to queue
[2026-04-22T12:23:31.872+0530] {logging_mixin.py:188} INFO - [2026-04-22T12:23:31.872+0530] {dagbag.py:545} INFO - Filling up the DagBag from /Library/Frameworks/Python.framework/Versions/3.10/lib/python3.10/site-packages/airflow/example_dags/example_branch_day_of_week_operator.py
[2026-04-22T12:23:31.876+0530] {processor.py:840} INFO - DAG(s) 'example_weekday_branch_operator' retrieved from /Library/Frameworks/Python.framework/Versions/3.10/lib/python3.10/site-packages/airflow/example_dags/example_branch_day_of_week_operator.py
[2026-04-22T12:23:31.910+0530] {logging_mixin.py:188} INFO - [2026-04-22T12:23:31.910+0530] {dag.py:3096} INFO - Sync 1 DAGs
[2026-04-22T12:23:31.914+0530] {logging_mixin.py:188} INFO - [2026-04-22T12:23:31.914+0530] {dag.py:3954} INFO - Setting next_dagrun for example_weekday_branch_operator to 2026-04-21 00:00:00+00:00, run_after=2026-04-22 00:00:00+00:00
[2026-04-22T12:23:31.919+0530] {processor.py:183} INFO - Processing /Library/Frameworks/Python.framework/Versions/3.10/lib/python3.10/site-packages/airflow/example_dags/example_branch_day_of_week_operator.py took 0.050 seconds
[2026-04-22T12:25:14.325+0530] {processor.py:161} INFO - Started process (PID=72793) to work on /Library/Frameworks/Python.framework/Versions/3.10/lib/python3.10/site-packages/airflow/example_dags/example_branch_day_of_week_operator.py
[2026-04-22T12:25:14.326+0530] {processor.py:830} INFO - Processing file /Library/Frameworks/Python.framework/Versions/3.10/lib/python3.10/site-packages/airflow/example_dags/example_branch_day_of_week_operator.py for tasks to queue
[2026-04-22T12:25:14.326+0530] {logging_mixin.py:188} INFO - [2026-04-22T12:25:14.326+0530] {dagbag.py:545} INFO - Filling up the DagBag from /Library/Frameworks/Python.framework/Versions/3.10/lib/python3.10/site-packages/airflow/example_dags/example_branch_day_of_week_operator.py
[2026-04-22T12:25:14.330+0530] {processor.py:840} INFO - DAG(s) 'example_weekday_branch_operator' retrieved from /Library/Frameworks/Python.framework/Versions/3.10/lib/python3.10/site-packages/airflow/example_dags/example_branch_day_of_week_operator.py
[2026-04-22T12:25:14.363+0530] {logging_mixin.py:188} INFO - [2026-04-22T12:25:14.363+0530] {dag.py:3096} INFO - Sync 1 DAGs
[2026-04-22T12:25:14.367+0530] {logging_mixin.py:188} INFO - [2026-04-22T12:25:14.367+0530] {dag.py:3954} INFO - Setting next_dagrun for example_weekday_branch_operator to 2026-04-21 00:00:00+00:00, run_after=2026-04-22 00:00:00+00:00
[2026-04-22T12:25:14.372+0530] {processor.py:183} INFO - Processing /Library/Frameworks/Python.framework/Versions/3.10/lib/python3.10/site-packages/airflow/example_dags/example_branch_day_of_week_operator.py took 0.048 seconds
[2026-04-22T12:27:01.598+0530] {processor.py:161} INFO - Started process (PID=72943) to work on /Library/Frameworks/Python.framework/Versions/3.10/lib/python3.10/site-packages/airflow/example_dags/example_branch_day_of_week_operator.py
[2026-04-22T12:27:01.599+0530] {processor.py:830} INFO - Processing file /Library/Frameworks/Python.framework/Versions/3.10/lib/python3.10/site-packages/airflow/example_dags/example_branch_day_of_week_operator.py for tasks to queue
[2026-04-22T12:27:01.599+0530] {logging_mixin.py:188} INFO - [2026-04-22T12:27:01.599+0530] {dagbag.py:545} INFO - Filling up the DagBag from /Library/Frameworks/Python.framework/Versions/3.10/lib/python3.10/site-packages/airflow/example_dags/example_branch_day_of_week_operator.py
[2026-04-22T12:27:01.603+0530] {processor.py:840} INFO - DAG(s) 'example_weekday_branch_operator' retrieved from /Library/Frameworks/Python.framework/Versions/3.10/lib/python3.10/site-packages/airflow/example_dags/example_branch_day_of_week_operator.py
[2026-04-22T12:27:01.636+0530] {logging_mixin.py:188} INFO - [2026-04-22T12:27:01.636+0530] {dag.py:3096} INFO - Sync 1 DAGs
[2026-04-22T12:27:01.641+0530] {logging_mixin.py:188} INFO - [2026-04-22T12:27:01.641+0530] {dag.py:3954} INFO - Setting next_dagrun for example_weekday_branch_operator to 2026-04-21 00:00:00+00:00, run_after=2026-04-22 00:00:00+00:00
[2026-04-22T12:27:01.646+0530] {processor.py:183} INFO - Processing /Library/Frameworks/Python.framework/Versions/3.10/lib/python3.10/site-packages/airflow/example_dags/example_branch_day_of_week_operator.py took 0.049 seconds
[2026-04-22T12:28:56.683+0530] {processor.py:161} INFO - Started process (PID=73165) to work on /Library/Frameworks/Python.framework/Versions/3.10/lib/python3.10/site-packages/airflow/example_dags/example_branch_day_of_week_operator.py
[2026-04-22T12:28:56.684+0530] {processor.py:830} INFO - Processing file /Library/Frameworks/Python.framework/Versions/3.10/lib/python3.10/site-packages/airflow/example_dags/example_branch_day_of_week_operator.py for tasks to queue
[2026-04-22T12:28:56.684+0530] {logging_mixin.py:188} INFO - [2026-04-22T12:28:56.684+0530] {dagbag.py:545} INFO - Filling up the DagBag from /Library/Frameworks/Python.framework/Versions/3.10/lib/python3.10/site-packages/airflow/example_dags/example_branch_day_of_week_operator.py
[2026-04-22T12:28:56.688+0530] {processor.py:840} INFO - DAG(s) 'example_weekday_branch_operator' retrieved from /Library/Frameworks/Python.framework/Versions/3.10/lib/python3.10/site-packages/airflow/example_dags/example_branch_day_of_week_operator.py
[2026-04-22T12:28:56.720+0530] {logging_mixin.py:188} INFO - [2026-04-22T12:28:56.720+0530] {dag.py:3096} INFO - Sync 1 DAGs
[2026-04-22T12:28:56.725+0530] {logging_mixin.py:188} INFO - [2026-04-22T12:28:56.725+0530] {dag.py:3954} INFO - Setting next_dagrun for example_weekday_branch_operator to 2026-04-21 00:00:00+00:00, run_after=2026-04-22 00:00:00+00:00
[2026-04-22T12:28:56.730+0530] {processor.py:183} INFO - Processing /Library/Frameworks/Python.framework/Versions/3.10/lib/python3.10/site-packages/airflow/example_dags/example_branch_day_of_week_operator.py took 0.048 seconds
[2026-04-22T12:30:44.156+0530] {processor.py:161} INFO - Started process (PID=73413) to work on /Library/Frameworks/Python.framework/Versions/3.10/lib/python3.10/site-packages/airflow/example_dags/example_branch_day_of_week_operator.py
[2026-04-22T12:30:44.157+0530] {processor.py:830} INFO - Processing file /Library/Frameworks/Python.framework/Versions/3.10/lib/python3.10/site-packages/airflow/example_dags/example_branch_day_of_week_operator.py for tasks to queue
[2026-04-22T12:30:44.157+0530] {logging_mixin.py:188} INFO - [2026-04-22T12:30:44.157+0530] {dagbag.py:545} INFO - Filling up the DagBag from /Library/Frameworks/Python.framework/Versions/3.10/lib/python3.10/site-packages/airflow/example_dags/example_branch_day_of_week_operator.py
[2026-04-22T12:30:44.161+0530] {processor.py:840} INFO - DAG(s) 'example_weekday_branch_operator' retrieved from /Library/Frameworks/Python.framework/Versions/3.10/lib/python3.10/site-packages/airflow/example_dags/example_branch_day_of_week_operator.py
[2026-04-22T12:30:44.197+0530] {logging_mixin.py:188} INFO - [2026-04-22T12:30:44.197+0530] {dag.py:3096} INFO - Sync 1 DAGs
[2026-04-22T12:30:44.202+0530] {logging_mixin.py:188} INFO - [2026-04-22T12:30:44.202+0530] {dag.py:3954} INFO - Setting next_dagrun for example_weekday_branch_operator to 2026-04-21 00:00:00+00:00, run_after=2026-04-22 00:00:00+00:00
[2026-04-22T12:30:44.208+0530] {processor.py:183} INFO - Processing /Library/Frameworks/Python.framework/Versions/3.10/lib/python3.10/site-packages/airflow/example_dags/example_branch_day_of_week_operator.py took 0.053 seconds
[2026-04-22T12:32:32.486+0530] {processor.py:161} INFO - Started process (PID=73633) to work on /Library/Frameworks/Python.framework/Versions/3.10/lib/python3.10/site-packages/airflow/example_dags/example_branch_day_of_week_operator.py
[2026-04-22T12:32:32.487+0530] {processor.py:830} INFO - Processing file /Library/Frameworks/Python.framework/Versions/3.10/lib/python3.10/site-packages/airflow/example_dags/example_branch_day_of_week_operator.py for tasks to queue
[2026-04-22T12:32:32.487+0530] {logging_mixin.py:188} INFO - [2026-04-22T12:32:32.487+0530] {dagbag.py:545} INFO - Filling up the DagBag from /Library/Frameworks/Python.framework/Versions/3.10/lib/python3.10/site-packages/airflow/example_dags/example_branch_day_of_week_operator.py
[2026-04-22T12:32:32.491+0530] {processor.py:840} INFO - DAG(s) 'example_weekday_branch_operator' retrieved from /Library/Frameworks/Python.framework/Versions/3.10/lib/python3.10/site-packages/airflow/example_dags/example_branch_day_of_week_operator.py
[2026-04-22T12:32:32.526+0530] {logging_mixin.py:188} INFO - [2026-04-22T12:32:32.526+0530] {dag.py:3096} INFO - Sync 1 DAGs
[2026-04-22T12:32:32.530+0530] {logging_mixin.py:188} INFO - [2026-04-22T12:32:32.530+0530] {dag.py:3954} INFO - Setting next_dagrun for example_weekday_branch_operator to 2026-04-21 00:00:00+00:00, run_after=2026-04-22 00:00:00+00:00
[2026-04-22T12:32:32.538+0530] {processor.py:183} INFO - Processing /Library/Frameworks/Python.framework/Versions/3.10/lib/python3.10/site-packages/airflow/example_dags/example_branch_day_of_week_operator.py took 0.053 seconds
[2026-04-22T12:34:15.870+0530] {processor.py:161} INFO - Started process (PID=73781) to work on /Library/Frameworks/Python.framework/Versions/3.10/lib/python3.10/site-packages/airflow/example_dags/example_branch_day_of_week_operator.py
[2026-04-22T12:34:15.871+0530] {processor.py:830} INFO - Processing file /Library/Frameworks/Python.framework/Versions/3.10/lib/python3.10/site-packages/airflow/example_dags/example_branch_day_of_week_operator.py for tasks to queue
[2026-04-22T12:34:15.871+0530] {logging_mixin.py:188} INFO - [2026-04-22T12:34:15.871+0530] {dagbag.py:545} INFO - Filling up the DagBag from /Library/Frameworks/Python.framework/Versions/3.10/lib/python3.10/site-packages/airflow/example_dags/example_branch_day_of_week_operator.py
[2026-04-22T12:34:15.875+0530] {processor.py:840} INFO - DAG(s) 'example_weekday_branch_operator' retrieved from /Library/Frameworks/Python.framework/Versions/3.10/lib/python3.10/site-packages/airflow/example_dags/example_branch_day_of_week_operator.py
[2026-04-22T12:34:15.908+0530] {logging_mixin.py:188} INFO - [2026-04-22T12:34:15.907+0530] {dag.py:3096} INFO - Sync 1 DAGs
[2026-04-22T12:34:15.912+0530] {logging_mixin.py:188} INFO - [2026-04-22T12:34:15.912+0530] {dag.py:3954} INFO - Setting next_dagrun for example_weekday_branch_operator to 2026-04-21 00:00:00+00:00, run_after=2026-04-22 00:00:00+00:00
[2026-04-22T12:34:15.917+0530] {processor.py:183} INFO - Processing /Library/Frameworks/Python.framework/Versions/3.10/lib/python3.10/site-packages/airflow/example_dags/example_branch_day_of_week_operator.py took 0.049 seconds
[2026-04-22T12:36:00.778+0530] {processor.py:161} INFO - Started process (PID=73919) to work on /Library/Frameworks/Python.framework/Versions/3.10/lib/python3.10/site-packages/airflow/example_dags/example_branch_day_of_week_operator.py
[2026-04-22T12:36:00.778+0530] {processor.py:830} INFO - Processing file /Library/Frameworks/Python.framework/Versions/3.10/lib/python3.10/site-packages/airflow/example_dags/example_branch_day_of_week_operator.py for tasks to queue
[2026-04-22T12:36:00.778+0530] {logging_mixin.py:188} INFO - [2026-04-22T12:36:00.778+0530] {dagbag.py:545} INFO - Filling up the DagBag from /Library/Frameworks/Python.framework/Versions/3.10/lib/python3.10/site-packages/airflow/example_dags/example_branch_day_of_week_operator.py
[2026-04-22T12:36:00.783+0530] {processor.py:840} INFO - DAG(s) 'example_weekday_branch_operator' retrieved from /Library/Frameworks/Python.framework/Versions/3.10/lib/python3.10/site-packages/airflow/example_dags/example_branch_day_of_week_operator.py
[2026-04-22T12:36:00.817+0530] {logging_mixin.py:188} INFO - [2026-04-22T12:36:00.817+0530] {dag.py:3096} INFO - Sync 1 DAGs
[2026-04-22T12:36:00.822+0530] {logging_mixin.py:188} INFO - [2026-04-22T12:36:00.822+0530] {dag.py:3954} INFO - Setting next_dagrun for example_weekday_branch_operator to 2026-04-21 00:00:00+00:00, run_after=2026-04-22 00:00:00+00:00
[2026-04-22T12:36:00.827+0530] {processor.py:183} INFO - Processing /Library/Frameworks/Python.framework/Versions/3.10/lib/python3.10/site-packages/airflow/example_dags/example_branch_day_of_week_operator.py took 0.050 seconds
[2026-04-22T12:37:45.757+0530] {processor.py:161} INFO - Started process (PID=74038) to work on /Library/Frameworks/Python.framework/Versions/3.10/lib/python3.10/site-packages/airflow/example_dags/example_branch_day_of_week_operator.py
[2026-04-22T12:37:45.758+0530] {processor.py:830} INFO - Processing file /Library/Frameworks/Python.framework/Versions/3.10/lib/python3.10/site-packages/airflow/example_dags/example_branch_day_of_week_operator.py for tasks to queue
[2026-04-22T12:37:45.758+0530] {logging_mixin.py:188} INFO - [2026-04-22T12:37:45.758+0530] {dagbag.py:545} INFO - Filling up the DagBag from /Library/Frameworks/Python.framework/Versions/3.10/lib/python3.10/site-packages/airflow/example_dags/example_branch_day_of_week_operator.py
[2026-04-22T12:37:45.762+0530] {processor.py:840} INFO - DAG(s) 'example_weekday_branch_operator' retrieved from /Library/Frameworks/Python.framework/Versions/3.10/lib/python3.10/site-packages/airflow/example_dags/example_branch_day_of_week_operator.py
[2026-04-22T12:37:45.797+0530] {logging_mixin.py:188} INFO - [2026-04-22T12:37:45.797+0530] {dag.py:3096} INFO - Sync 1 DAGs
[2026-04-22T12:37:45.802+0530] {logging_mixin.py:188} INFO - [2026-04-22T12:37:45.802+0530] {dag.py:3954} INFO - Setting next_dagrun for example_weekday_branch_operator to 2026-04-21 00:00:00+00:00, run_after=2026-04-22 00:00:00+00:00
[2026-04-22T12:37:45.809+0530] {processor.py:183} INFO - Processing /Library/Frameworks/Python.framework/Versions/3.10/lib/python3.10/site-packages/airflow/example_dags/example_branch_day_of_week_operator.py took 0.053 seconds
[2026-04-22T12:39:46.323+0530] {processor.py:161} INFO - Started process (PID=74176) to work on /Library/Frameworks/Python.framework/Versions/3.10/lib/python3.10/site-packages/airflow/example_dags/example_branch_day_of_week_operator.py
[2026-04-22T12:39:46.324+0530] {processor.py:830} INFO - Processing file /Library/Frameworks/Python.framework/Versions/3.10/lib/python3.10/site-packages/airflow/example_dags/example_branch_day_of_week_operator.py for tasks to queue
[2026-04-22T12:39:46.324+0530] {logging_mixin.py:188} INFO - [2026-04-22T12:39:46.324+0530] {dagbag.py:545} INFO - Filling up the DagBag from /Library/Frameworks/Python.framework/Versions/3.10/lib/python3.10/site-packages/airflow/example_dags/example_branch_day_of_week_operator.py
[2026-04-22T12:39:46.328+0530] {processor.py:840} INFO - DAG(s) 'example_weekday_branch_operator' retrieved from /Library/Frameworks/Python.framework/Versions/3.10/lib/python3.10/site-packages/airflow/example_dags/example_branch_day_of_week_operator.py
[2026-04-22T12:39:46.361+0530] {logging_mixin.py:188} INFO - [2026-04-22T12:39:46.361+0530] {dag.py:3096} INFO - Sync 1 DAGs
[2026-04-22T12:39:46.366+0530] {logging_mixin.py:188} INFO - [2026-04-22T12:39:46.366+0530] {dag.py:3954} INFO - Setting next_dagrun for example_weekday_branch_operator to 2026-04-21 00:00:00+00:00, run_after=2026-04-22 00:00:00+00:00
[2026-04-22T12:39:46.371+0530] {processor.py:183} INFO - Processing /Library/Frameworks/Python.framework/Versions/3.10/lib/python3.10/site-packages/airflow/example_dags/example_branch_day_of_week_operator.py took 0.049 seconds
[2026-04-22T12:41:47.305+0530] {processor.py:161} INFO - Started process (PID=74328) to work on /Library/Frameworks/Python.framework/Versions/3.10/lib/python3.10/site-packages/airflow/example_dags/example_branch_day_of_week_operator.py
[2026-04-22T12:41:47.307+0530] {processor.py:830} INFO - Processing file /Library/Frameworks/Python.framework/Versions/3.10/lib/python3.10/site-packages/airflow/example_dags/example_branch_day_of_week_operator.py for tasks to queue
[2026-04-22T12:41:47.307+0530] {logging_mixin.py:188} INFO - [2026-04-22T12:41:47.307+0530] {dagbag.py:545} INFO - Filling up the DagBag from /Library/Frameworks/Python.framework/Versions/3.10/lib/python3.10/site-packages/airflow/example_dags/example_branch_day_of_week_operator.py
[2026-04-22T12:41:47.311+0530] {processor.py:840} INFO - DAG(s) 'example_weekday_branch_operator' retrieved from /Library/Frameworks/Python.framework/Versions/3.10/lib/python3.10/site-packages/airflow/example_dags/example_branch_day_of_week_operator.py
[2026-04-22T12:41:47.349+0530] {logging_mixin.py:188} INFO - [2026-04-22T12:41:47.348+0530] {dag.py:3096} INFO - Sync 1 DAGs
[2026-04-22T12:41:47.353+0530] {logging_mixin.py:188} INFO - [2026-04-22T12:41:47.353+0530] {dag.py:3954} INFO - Setting next_dagrun for example_weekday_branch_operator to 2026-04-21 00:00:00+00:00, run_after=2026-04-22 00:00:00+00:00
[2026-04-22T12:41:47.360+0530] {processor.py:183} INFO - Processing /Library/Frameworks/Python.framework/Versions/3.10/lib/python3.10/site-packages/airflow/example_dags/example_branch_day_of_week_operator.py took 0.055 seconds
