[2026-04-22T07:22:45.601+0530] {processor.py:161} INFO - Started process (PID=68758) to work on /Library/Frameworks/Python.framework/Versions/3.10/lib/python3.10/site-packages/airflow/example_dags/example_dynamic_task_mapping.py
[2026-04-22T07:22:45.602+0530] {processor.py:830} INFO - Processing file /Library/Frameworks/Python.framework/Versions/3.10/lib/python3.10/site-packages/airflow/example_dags/example_dynamic_task_mapping.py for tasks to queue
[2026-04-22T07:22:45.602+0530] {logging_mixin.py:188} INFO - [2026-04-22T07:22:45.602+0530] {dagbag.py:545} INFO - Filling up the DagBag from /Library/Frameworks/Python.framework/Versions/3.10/lib/python3.10/site-packages/airflow/example_dags/example_dynamic_task_mapping.py
[2026-04-22T07:22:45.615+0530] {processor.py:840} INFO - DAG(s) 'example_dynamic_task_mapping' retrieved from /Library/Frameworks/Python.framework/Versions/3.10/lib/python3.10/site-packages/airflow/example_dags/example_dynamic_task_mapping.py
[2026-04-22T07:22:45.651+0530] {logging_mixin.py:188} INFO - [2026-04-22T07:22:45.651+0530] {dag.py:3096} INFO - Sync 1 DAGs
[2026-04-22T07:22:45.657+0530] {logging_mixin.py:188} INFO - [2026-04-22T07:22:45.657+0530] {dag.py:3954} INFO - Setting next_dagrun for example_dynamic_task_mapping to 2022-03-04 00:00:00+00:00, run_after=2022-03-05 00:00:00+00:00
[2026-04-22T07:22:45.663+0530] {processor.py:183} INFO - Processing /Library/Frameworks/Python.framework/Versions/3.10/lib/python3.10/site-packages/airflow/example_dags/example_dynamic_task_mapping.py took 0.062 seconds
[2026-04-22T11:47:41.390+0530] {processor.py:161} INFO - Started process (PID=69324) to work on /Library/Frameworks/Python.framework/Versions/3.10/lib/python3.10/site-packages/airflow/example_dags/example_dynamic_task_mapping.py
[2026-04-22T11:47:41.391+0530] {processor.py:830} INFO - Processing file /Library/Frameworks/Python.framework/Versions/3.10/lib/python3.10/site-packages/airflow/example_dags/example_dynamic_task_mapping.py for tasks to queue
[2026-04-22T11:47:41.391+0530] {logging_mixin.py:188} INFO - [2026-04-22T11:47:41.391+0530] {dagbag.py:545} INFO - Filling up the DagBag from /Library/Frameworks/Python.framework/Versions/3.10/lib/python3.10/site-packages/airflow/example_dags/example_dynamic_task_mapping.py
[2026-04-22T11:47:41.403+0530] {processor.py:840} INFO - DAG(s) 'example_dynamic_task_mapping' retrieved from /Library/Frameworks/Python.framework/Versions/3.10/lib/python3.10/site-packages/airflow/example_dags/example_dynamic_task_mapping.py
[2026-04-22T11:47:41.435+0530] {logging_mixin.py:188} INFO - [2026-04-22T11:47:41.435+0530] {dag.py:3096} INFO - Sync 1 DAGs
[2026-04-22T11:47:41.439+0530] {logging_mixin.py:188} INFO - [2026-04-22T11:47:41.439+0530] {dag.py:3954} INFO - Setting next_dagrun for example_dynamic_task_mapping to 2022-03-04 00:00:00+00:00, run_after=2022-03-05 00:00:00+00:00
[2026-04-22T11:47:41.444+0530] {processor.py:183} INFO - Processing /Library/Frameworks/Python.framework/Versions/3.10/lib/python3.10/site-packages/airflow/example_dags/example_dynamic_task_mapping.py took 0.055 seconds
[2026-04-22T11:48:29.663+0530] {processor.py:161} INFO - Started process (PID=69409) to work on /Library/Frameworks/Python.framework/Versions/3.10/lib/python3.10/site-packages/airflow/example_dags/example_dynamic_task_mapping.py
[2026-04-22T11:48:29.664+0530] {processor.py:830} INFO - Processing file /Library/Frameworks/Python.framework/Versions/3.10/lib/python3.10/site-packages/airflow/example_dags/example_dynamic_task_mapping.py for tasks to queue
[2026-04-22T11:48:29.664+0530] {logging_mixin.py:188} INFO - [2026-04-22T11:48:29.664+0530] {dagbag.py:545} INFO - Filling up the DagBag from /Library/Frameworks/Python.framework/Versions/3.10/lib/python3.10/site-packages/airflow/example_dags/example_dynamic_task_mapping.py
[2026-04-22T11:48:29.676+0530] {processor.py:840} INFO - DAG(s) 'example_dynamic_task_mapping' retrieved from /Library/Frameworks/Python.framework/Versions/3.10/lib/python3.10/site-packages/airflow/example_dags/example_dynamic_task_mapping.py
[2026-04-22T11:48:29.708+0530] {logging_mixin.py:188} INFO - [2026-04-22T11:48:29.707+0530] {dag.py:3096} INFO - Sync 1 DAGs
[2026-04-22T11:48:29.712+0530] {logging_mixin.py:188} INFO - [2026-04-22T11:48:29.712+0530] {dag.py:3954} INFO - Setting next_dagrun for example_dynamic_task_mapping to 2022-03-04 00:00:00+00:00, run_after=2022-03-05 00:00:00+00:00
[2026-04-22T11:48:29.717+0530] {processor.py:183} INFO - Processing /Library/Frameworks/Python.framework/Versions/3.10/lib/python3.10/site-packages/airflow/example_dags/example_dynamic_task_mapping.py took 0.055 seconds
[2026-04-22T11:49:25.927+0530] {processor.py:161} INFO - Started process (PID=69498) to work on /Library/Frameworks/Python.framework/Versions/3.10/lib/python3.10/site-packages/airflow/example_dags/example_dynamic_task_mapping.py
[2026-04-22T11:49:25.928+0530] {processor.py:830} INFO - Processing file /Library/Frameworks/Python.framework/Versions/3.10/lib/python3.10/site-packages/airflow/example_dags/example_dynamic_task_mapping.py for tasks to queue
[2026-04-22T11:49:25.928+0530] {logging_mixin.py:188} INFO - [2026-04-22T11:49:25.928+0530] {dagbag.py:545} INFO - Filling up the DagBag from /Library/Frameworks/Python.framework/Versions/3.10/lib/python3.10/site-packages/airflow/example_dags/example_dynamic_task_mapping.py
[2026-04-22T11:49:25.942+0530] {processor.py:840} INFO - DAG(s) 'example_dynamic_task_mapping' retrieved from /Library/Frameworks/Python.framework/Versions/3.10/lib/python3.10/site-packages/airflow/example_dags/example_dynamic_task_mapping.py
[2026-04-22T11:49:25.976+0530] {logging_mixin.py:188} INFO - [2026-04-22T11:49:25.976+0530] {dag.py:3096} INFO - Sync 1 DAGs
[2026-04-22T11:49:25.982+0530] {logging_mixin.py:188} INFO - [2026-04-22T11:49:25.982+0530] {dag.py:3954} INFO - Setting next_dagrun for example_dynamic_task_mapping to 2022-03-04 00:00:00+00:00, run_after=2022-03-05 00:00:00+00:00
[2026-04-22T11:49:25.987+0530] {processor.py:183} INFO - Processing /Library/Frameworks/Python.framework/Versions/3.10/lib/python3.10/site-packages/airflow/example_dags/example_dynamic_task_mapping.py took 0.061 seconds
[2026-04-22T11:50:20.866+0530] {processor.py:161} INFO - Started process (PID=69592) to work on /Library/Frameworks/Python.framework/Versions/3.10/lib/python3.10/site-packages/airflow/example_dags/example_dynamic_task_mapping.py
[2026-04-22T11:50:20.867+0530] {processor.py:830} INFO - Processing file /Library/Frameworks/Python.framework/Versions/3.10/lib/python3.10/site-packages/airflow/example_dags/example_dynamic_task_mapping.py for tasks to queue
[2026-04-22T11:50:20.867+0530] {logging_mixin.py:188} INFO - [2026-04-22T11:50:20.867+0530] {dagbag.py:545} INFO - Filling up the DagBag from /Library/Frameworks/Python.framework/Versions/3.10/lib/python3.10/site-packages/airflow/example_dags/example_dynamic_task_mapping.py
[2026-04-22T11:50:20.884+0530] {processor.py:840} INFO - DAG(s) 'example_dynamic_task_mapping' retrieved from /Library/Frameworks/Python.framework/Versions/3.10/lib/python3.10/site-packages/airflow/example_dags/example_dynamic_task_mapping.py
[2026-04-22T11:50:20.919+0530] {logging_mixin.py:188} INFO - [2026-04-22T11:50:20.918+0530] {dag.py:3096} INFO - Sync 1 DAGs
[2026-04-22T11:50:20.923+0530] {logging_mixin.py:188} INFO - [2026-04-22T11:50:20.923+0530] {dag.py:3954} INFO - Setting next_dagrun for example_dynamic_task_mapping to 2022-03-04 00:00:00+00:00, run_after=2022-03-05 00:00:00+00:00
[2026-04-22T11:50:20.929+0530] {processor.py:183} INFO - Processing /Library/Frameworks/Python.framework/Versions/3.10/lib/python3.10/site-packages/airflow/example_dags/example_dynamic_task_mapping.py took 0.065 seconds
[2026-04-22T12:11:59.474+0530] {processor.py:161} INFO - Started process (PID=71046) to work on /Library/Frameworks/Python.framework/Versions/3.10/lib/python3.10/site-packages/airflow/example_dags/example_dynamic_task_mapping.py
[2026-04-22T12:11:59.475+0530] {processor.py:830} INFO - Processing file /Library/Frameworks/Python.framework/Versions/3.10/lib/python3.10/site-packages/airflow/example_dags/example_dynamic_task_mapping.py for tasks to queue
[2026-04-22T12:11:59.476+0530] {logging_mixin.py:188} INFO - [2026-04-22T12:11:59.476+0530] {dagbag.py:545} INFO - Filling up the DagBag from /Library/Frameworks/Python.framework/Versions/3.10/lib/python3.10/site-packages/airflow/example_dags/example_dynamic_task_mapping.py
[2026-04-22T12:11:59.492+0530] {processor.py:840} INFO - DAG(s) 'example_dynamic_task_mapping' retrieved from /Library/Frameworks/Python.framework/Versions/3.10/lib/python3.10/site-packages/airflow/example_dags/example_dynamic_task_mapping.py
[2026-04-22T12:11:59.532+0530] {logging_mixin.py:188} INFO - [2026-04-22T12:11:59.532+0530] {dag.py:3096} INFO - Sync 1 DAGs
[2026-04-22T12:11:59.538+0530] {logging_mixin.py:188} INFO - [2026-04-22T12:11:59.538+0530] {dag.py:3954} INFO - Setting next_dagrun for example_dynamic_task_mapping to 2022-03-04 00:00:00+00:00, run_after=2022-03-05 00:00:00+00:00
[2026-04-22T12:11:59.543+0530] {processor.py:183} INFO - Processing /Library/Frameworks/Python.framework/Versions/3.10/lib/python3.10/site-packages/airflow/example_dags/example_dynamic_task_mapping.py took 0.070 seconds
[2026-04-22T12:16:37.746+0530] {processor.py:161} INFO - Started process (PID=71381) to work on /Library/Frameworks/Python.framework/Versions/3.10/lib/python3.10/site-packages/airflow/example_dags/example_dynamic_task_mapping.py
[2026-04-22T12:16:37.747+0530] {processor.py:830} INFO - Processing file /Library/Frameworks/Python.framework/Versions/3.10/lib/python3.10/site-packages/airflow/example_dags/example_dynamic_task_mapping.py for tasks to queue
[2026-04-22T12:16:37.747+0530] {logging_mixin.py:188} INFO - [2026-04-22T12:16:37.747+0530] {dagbag.py:545} INFO - Filling up the DagBag from /Library/Frameworks/Python.framework/Versions/3.10/lib/python3.10/site-packages/airflow/example_dags/example_dynamic_task_mapping.py
[2026-04-22T12:16:37.759+0530] {processor.py:840} INFO - DAG(s) 'example_dynamic_task_mapping' retrieved from /Library/Frameworks/Python.framework/Versions/3.10/lib/python3.10/site-packages/airflow/example_dags/example_dynamic_task_mapping.py
[2026-04-22T12:16:37.791+0530] {logging_mixin.py:188} INFO - [2026-04-22T12:16:37.791+0530] {dag.py:3096} INFO - Sync 1 DAGs
[2026-04-22T12:16:37.796+0530] {logging_mixin.py:188} INFO - [2026-04-22T12:16:37.796+0530] {dag.py:3954} INFO - Setting next_dagrun for example_dynamic_task_mapping to 2022-03-04 00:00:00+00:00, run_after=2022-03-05 00:00:00+00:00
[2026-04-22T12:16:37.801+0530] {processor.py:183} INFO - Processing /Library/Frameworks/Python.framework/Versions/3.10/lib/python3.10/site-packages/airflow/example_dags/example_dynamic_task_mapping.py took 0.056 seconds
[2026-04-22T12:19:27.387+0530] {processor.py:161} INFO - Started process (PID=71626) to work on /Library/Frameworks/Python.framework/Versions/3.10/lib/python3.10/site-packages/airflow/example_dags/example_dynamic_task_mapping.py
[2026-04-22T12:19:27.388+0530] {processor.py:830} INFO - Processing file /Library/Frameworks/Python.framework/Versions/3.10/lib/python3.10/site-packages/airflow/example_dags/example_dynamic_task_mapping.py for tasks to queue
[2026-04-22T12:19:27.388+0530] {logging_mixin.py:188} INFO - [2026-04-22T12:19:27.388+0530] {dagbag.py:545} INFO - Filling up the DagBag from /Library/Frameworks/Python.framework/Versions/3.10/lib/python3.10/site-packages/airflow/example_dags/example_dynamic_task_mapping.py
[2026-04-22T12:19:27.400+0530] {processor.py:840} INFO - DAG(s) 'example_dynamic_task_mapping' retrieved from /Library/Frameworks/Python.framework/Versions/3.10/lib/python3.10/site-packages/airflow/example_dags/example_dynamic_task_mapping.py
[2026-04-22T12:19:27.432+0530] {logging_mixin.py:188} INFO - [2026-04-22T12:19:27.431+0530] {dag.py:3096} INFO - Sync 1 DAGs
[2026-04-22T12:19:27.436+0530] {logging_mixin.py:188} INFO - [2026-04-22T12:19:27.436+0530] {dag.py:3954} INFO - Setting next_dagrun for example_dynamic_task_mapping to 2022-03-04 00:00:00+00:00, run_after=2022-03-05 00:00:00+00:00
[2026-04-22T12:19:27.441+0530] {processor.py:183} INFO - Processing /Library/Frameworks/Python.framework/Versions/3.10/lib/python3.10/site-packages/airflow/example_dags/example_dynamic_task_mapping.py took 0.055 seconds
[2026-04-22T12:21:44.095+0530] {processor.py:161} INFO - Started process (PID=72353) to work on /Library/Frameworks/Python.framework/Versions/3.10/lib/python3.10/site-packages/airflow/example_dags/example_dynamic_task_mapping.py
[2026-04-22T12:21:44.095+0530] {processor.py:830} INFO - Processing file /Library/Frameworks/Python.framework/Versions/3.10/lib/python3.10/site-packages/airflow/example_dags/example_dynamic_task_mapping.py for tasks to queue
[2026-04-22T12:21:44.095+0530] {logging_mixin.py:188} INFO - [2026-04-22T12:21:44.095+0530] {dagbag.py:545} INFO - Filling up the DagBag from /Library/Frameworks/Python.framework/Versions/3.10/lib/python3.10/site-packages/airflow/example_dags/example_dynamic_task_mapping.py
[2026-04-22T12:21:44.107+0530] {processor.py:840} INFO - DAG(s) 'example_dynamic_task_mapping' retrieved from /Library/Frameworks/Python.framework/Versions/3.10/lib/python3.10/site-packages/airflow/example_dags/example_dynamic_task_mapping.py
[2026-04-22T12:21:44.139+0530] {logging_mixin.py:188} INFO - [2026-04-22T12:21:44.139+0530] {dag.py:3096} INFO - Sync 1 DAGs
[2026-04-22T12:21:44.144+0530] {logging_mixin.py:188} INFO - [2026-04-22T12:21:44.144+0530] {dag.py:3954} INFO - Setting next_dagrun for example_dynamic_task_mapping to 2022-03-04 00:00:00+00:00, run_after=2022-03-05 00:00:00+00:00
[2026-04-22T12:21:44.149+0530] {processor.py:183} INFO - Processing /Library/Frameworks/Python.framework/Versions/3.10/lib/python3.10/site-packages/airflow/example_dags/example_dynamic_task_mapping.py took 0.056 seconds
[2026-04-22T12:23:25.034+0530] {processor.py:161} INFO - Started process (PID=72538) to work on /Library/Frameworks/Python.framework/Versions/3.10/lib/python3.10/site-packages/airflow/example_dags/example_dynamic_task_mapping.py
[2026-04-22T12:23:25.035+0530] {processor.py:830} INFO - Processing file /Library/Frameworks/Python.framework/Versions/3.10/lib/python3.10/site-packages/airflow/example_dags/example_dynamic_task_mapping.py for tasks to queue
[2026-04-22T12:23:25.036+0530] {logging_mixin.py:188} INFO - [2026-04-22T12:23:25.036+0530] {dagbag.py:545} INFO - Filling up the DagBag from /Library/Frameworks/Python.framework/Versions/3.10/lib/python3.10/site-packages/airflow/example_dags/example_dynamic_task_mapping.py
[2026-04-22T12:23:25.047+0530] {processor.py:840} INFO - DAG(s) 'example_dynamic_task_mapping' retrieved from /Library/Frameworks/Python.framework/Versions/3.10/lib/python3.10/site-packages/airflow/example_dags/example_dynamic_task_mapping.py
[2026-04-22T12:23:25.079+0530] {logging_mixin.py:188} INFO - [2026-04-22T12:23:25.079+0530] {dag.py:3096} INFO - Sync 1 DAGs
[2026-04-22T12:23:25.084+0530] {logging_mixin.py:188} INFO - [2026-04-22T12:23:25.084+0530] {dag.py:3954} INFO - Setting next_dagrun for example_dynamic_task_mapping to 2022-03-04 00:00:00+00:00, run_after=2022-03-05 00:00:00+00:00
[2026-04-22T12:23:25.089+0530] {processor.py:183} INFO - Processing /Library/Frameworks/Python.framework/Versions/3.10/lib/python3.10/site-packages/airflow/example_dags/example_dynamic_task_mapping.py took 0.055 seconds
[2026-04-22T12:25:07.402+0530] {processor.py:161} INFO - Started process (PID=72778) to work on /Library/Frameworks/Python.framework/Versions/3.10/lib/python3.10/site-packages/airflow/example_dags/example_dynamic_task_mapping.py
[2026-04-22T12:25:07.405+0530] {processor.py:830} INFO - Processing file /Library/Frameworks/Python.framework/Versions/3.10/lib/python3.10/site-packages/airflow/example_dags/example_dynamic_task_mapping.py for tasks to queue
[2026-04-22T12:25:07.405+0530] {logging_mixin.py:188} INFO - [2026-04-22T12:25:07.405+0530] {dagbag.py:545} INFO - Filling up the DagBag from /Library/Frameworks/Python.framework/Versions/3.10/lib/python3.10/site-packages/airflow/example_dags/example_dynamic_task_mapping.py
[2026-04-22T12:25:07.417+0530] {processor.py:840} INFO - DAG(s) 'example_dynamic_task_mapping' retrieved from /Library/Frameworks/Python.framework/Versions/3.10/lib/python3.10/site-packages/airflow/example_dags/example_dynamic_task_mapping.py
[2026-04-22T12:25:07.450+0530] {logging_mixin.py:188} INFO - [2026-04-22T12:25:07.450+0530] {dag.py:3096} INFO - Sync 1 DAGs
[2026-04-22T12:25:07.456+0530] {logging_mixin.py:188} INFO - [2026-04-22T12:25:07.456+0530] {dag.py:3954} INFO - Setting next_dagrun for example_dynamic_task_mapping to 2022-03-04 00:00:00+00:00, run_after=2022-03-05 00:00:00+00:00
[2026-04-22T12:25:07.461+0530] {processor.py:183} INFO - Processing /Library/Frameworks/Python.framework/Versions/3.10/lib/python3.10/site-packages/airflow/example_dags/example_dynamic_task_mapping.py took 0.059 seconds
[2026-04-22T12:26:56.152+0530] {processor.py:161} INFO - Started process (PID=72934) to work on /Library/Frameworks/Python.framework/Versions/3.10/lib/python3.10/site-packages/airflow/example_dags/example_dynamic_task_mapping.py
[2026-04-22T12:26:56.153+0530] {processor.py:830} INFO - Processing file /Library/Frameworks/Python.framework/Versions/3.10/lib/python3.10/site-packages/airflow/example_dags/example_dynamic_task_mapping.py for tasks to queue
[2026-04-22T12:26:56.153+0530] {logging_mixin.py:188} INFO - [2026-04-22T12:26:56.153+0530] {dagbag.py:545} INFO - Filling up the DagBag from /Library/Frameworks/Python.framework/Versions/3.10/lib/python3.10/site-packages/airflow/example_dags/example_dynamic_task_mapping.py
[2026-04-22T12:26:56.166+0530] {processor.py:840} INFO - DAG(s) 'example_dynamic_task_mapping' retrieved from /Library/Frameworks/Python.framework/Versions/3.10/lib/python3.10/site-packages/airflow/example_dags/example_dynamic_task_mapping.py
[2026-04-22T12:26:56.199+0530] {logging_mixin.py:188} INFO - [2026-04-22T12:26:56.199+0530] {dag.py:3096} INFO - Sync 1 DAGs
[2026-04-22T12:26:56.204+0530] {logging_mixin.py:188} INFO - [2026-04-22T12:26:56.204+0530] {dag.py:3954} INFO - Setting next_dagrun for example_dynamic_task_mapping to 2022-03-04 00:00:00+00:00, run_after=2022-03-05 00:00:00+00:00
[2026-04-22T12:26:56.210+0530] {processor.py:183} INFO - Processing /Library/Frameworks/Python.framework/Versions/3.10/lib/python3.10/site-packages/airflow/example_dags/example_dynamic_task_mapping.py took 0.059 seconds
[2026-04-22T12:28:49.895+0530] {processor.py:161} INFO - Started process (PID=73158) to work on /Library/Frameworks/Python.framework/Versions/3.10/lib/python3.10/site-packages/airflow/example_dags/example_dynamic_task_mapping.py
[2026-04-22T12:28:49.896+0530] {processor.py:830} INFO - Processing file /Library/Frameworks/Python.framework/Versions/3.10/lib/python3.10/site-packages/airflow/example_dags/example_dynamic_task_mapping.py for tasks to queue
[2026-04-22T12:28:49.896+0530] {logging_mixin.py:188} INFO - [2026-04-22T12:28:49.896+0530] {dagbag.py:545} INFO - Filling up the DagBag from /Library/Frameworks/Python.framework/Versions/3.10/lib/python3.10/site-packages/airflow/example_dags/example_dynamic_task_mapping.py
[2026-04-22T12:28:49.907+0530] {processor.py:840} INFO - DAG(s) 'example_dynamic_task_mapping' retrieved from /Library/Frameworks/Python.framework/Versions/3.10/lib/python3.10/site-packages/airflow/example_dags/example_dynamic_task_mapping.py
[2026-04-22T12:28:49.938+0530] {logging_mixin.py:188} INFO - [2026-04-22T12:28:49.938+0530] {dag.py:3096} INFO - Sync 1 DAGs
[2026-04-22T12:28:49.942+0530] {logging_mixin.py:188} INFO - [2026-04-22T12:28:49.942+0530] {dag.py:3954} INFO - Setting next_dagrun for example_dynamic_task_mapping to 2022-03-04 00:00:00+00:00, run_after=2022-03-05 00:00:00+00:00
[2026-04-22T12:28:49.947+0530] {processor.py:183} INFO - Processing /Library/Frameworks/Python.framework/Versions/3.10/lib/python3.10/site-packages/airflow/example_dags/example_dynamic_task_mapping.py took 0.053 seconds
[2026-04-22T12:30:37.097+0530] {processor.py:161} INFO - Started process (PID=73404) to work on /Library/Frameworks/Python.framework/Versions/3.10/lib/python3.10/site-packages/airflow/example_dags/example_dynamic_task_mapping.py
[2026-04-22T12:30:37.098+0530] {processor.py:830} INFO - Processing file /Library/Frameworks/Python.framework/Versions/3.10/lib/python3.10/site-packages/airflow/example_dags/example_dynamic_task_mapping.py for tasks to queue
[2026-04-22T12:30:37.099+0530] {logging_mixin.py:188} INFO - [2026-04-22T12:30:37.098+0530] {dagbag.py:545} INFO - Filling up the DagBag from /Library/Frameworks/Python.framework/Versions/3.10/lib/python3.10/site-packages/airflow/example_dags/example_dynamic_task_mapping.py
[2026-04-22T12:30:37.110+0530] {processor.py:840} INFO - DAG(s) 'example_dynamic_task_mapping' retrieved from /Library/Frameworks/Python.framework/Versions/3.10/lib/python3.10/site-packages/airflow/example_dags/example_dynamic_task_mapping.py
[2026-04-22T12:30:37.142+0530] {logging_mixin.py:188} INFO - [2026-04-22T12:30:37.142+0530] {dag.py:3096} INFO - Sync 1 DAGs
[2026-04-22T12:30:37.147+0530] {logging_mixin.py:188} INFO - [2026-04-22T12:30:37.147+0530] {dag.py:3954} INFO - Setting next_dagrun for example_dynamic_task_mapping to 2022-03-04 00:00:00+00:00, run_after=2022-03-05 00:00:00+00:00
[2026-04-22T12:30:37.153+0530] {processor.py:183} INFO - Processing /Library/Frameworks/Python.framework/Versions/3.10/lib/python3.10/site-packages/airflow/example_dags/example_dynamic_task_mapping.py took 0.057 seconds
[2026-04-22T12:32:25.647+0530] {processor.py:161} INFO - Started process (PID=73618) to work on /Library/Frameworks/Python.framework/Versions/3.10/lib/python3.10/site-packages/airflow/example_dags/example_dynamic_task_mapping.py
[2026-04-22T12:32:25.647+0530] {processor.py:830} INFO - Processing file /Library/Frameworks/Python.framework/Versions/3.10/lib/python3.10/site-packages/airflow/example_dags/example_dynamic_task_mapping.py for tasks to queue
[2026-04-22T12:32:25.648+0530] {logging_mixin.py:188} INFO - [2026-04-22T12:32:25.648+0530] {dagbag.py:545} INFO - Filling up the DagBag from /Library/Frameworks/Python.framework/Versions/3.10/lib/python3.10/site-packages/airflow/example_dags/example_dynamic_task_mapping.py
[2026-04-22T12:32:25.659+0530] {processor.py:840} INFO - DAG(s) 'example_dynamic_task_mapping' retrieved from /Library/Frameworks/Python.framework/Versions/3.10/lib/python3.10/site-packages/airflow/example_dags/example_dynamic_task_mapping.py
[2026-04-22T12:32:25.692+0530] {logging_mixin.py:188} INFO - [2026-04-22T12:32:25.692+0530] {dag.py:3096} INFO - Sync 1 DAGs
[2026-04-22T12:32:25.697+0530] {logging_mixin.py:188} INFO - [2026-04-22T12:32:25.697+0530] {dag.py:3954} INFO - Setting next_dagrun for example_dynamic_task_mapping to 2022-03-04 00:00:00+00:00, run_after=2022-03-05 00:00:00+00:00
[2026-04-22T12:32:25.703+0530] {processor.py:183} INFO - Processing /Library/Frameworks/Python.framework/Versions/3.10/lib/python3.10/site-packages/airflow/example_dags/example_dynamic_task_mapping.py took 0.057 seconds
[2026-04-22T12:34:10.172+0530] {processor.py:161} INFO - Started process (PID=73773) to work on /Library/Frameworks/Python.framework/Versions/3.10/lib/python3.10/site-packages/airflow/example_dags/example_dynamic_task_mapping.py
[2026-04-22T12:34:10.173+0530] {processor.py:830} INFO - Processing file /Library/Frameworks/Python.framework/Versions/3.10/lib/python3.10/site-packages/airflow/example_dags/example_dynamic_task_mapping.py for tasks to queue
[2026-04-22T12:34:10.173+0530] {logging_mixin.py:188} INFO - [2026-04-22T12:34:10.173+0530] {dagbag.py:545} INFO - Filling up the DagBag from /Library/Frameworks/Python.framework/Versions/3.10/lib/python3.10/site-packages/airflow/example_dags/example_dynamic_task_mapping.py
[2026-04-22T12:34:10.184+0530] {processor.py:840} INFO - DAG(s) 'example_dynamic_task_mapping' retrieved from /Library/Frameworks/Python.framework/Versions/3.10/lib/python3.10/site-packages/airflow/example_dags/example_dynamic_task_mapping.py
[2026-04-22T12:34:10.216+0530] {logging_mixin.py:188} INFO - [2026-04-22T12:34:10.216+0530] {dag.py:3096} INFO - Sync 1 DAGs
[2026-04-22T12:34:10.221+0530] {logging_mixin.py:188} INFO - [2026-04-22T12:34:10.221+0530] {dag.py:3954} INFO - Setting next_dagrun for example_dynamic_task_mapping to 2022-03-04 00:00:00+00:00, run_after=2022-03-05 00:00:00+00:00
[2026-04-22T12:34:10.226+0530] {processor.py:183} INFO - Processing /Library/Frameworks/Python.framework/Versions/3.10/lib/python3.10/site-packages/airflow/example_dags/example_dynamic_task_mapping.py took 0.055 seconds
[2026-04-22T12:35:54.852+0530] {processor.py:161} INFO - Started process (PID=73906) to work on /Library/Frameworks/Python.framework/Versions/3.10/lib/python3.10/site-packages/airflow/example_dags/example_dynamic_task_mapping.py
[2026-04-22T12:35:54.853+0530] {processor.py:830} INFO - Processing file /Library/Frameworks/Python.framework/Versions/3.10/lib/python3.10/site-packages/airflow/example_dags/example_dynamic_task_mapping.py for tasks to queue
[2026-04-22T12:35:54.854+0530] {logging_mixin.py:188} INFO - [2026-04-22T12:35:54.854+0530] {dagbag.py:545} INFO - Filling up the DagBag from /Library/Frameworks/Python.framework/Versions/3.10/lib/python3.10/site-packages/airflow/example_dags/example_dynamic_task_mapping.py
[2026-04-22T12:35:54.865+0530] {processor.py:840} INFO - DAG(s) 'example_dynamic_task_mapping' retrieved from /Library/Frameworks/Python.framework/Versions/3.10/lib/python3.10/site-packages/airflow/example_dags/example_dynamic_task_mapping.py
[2026-04-22T12:35:54.897+0530] {logging_mixin.py:188} INFO - [2026-04-22T12:35:54.897+0530] {dag.py:3096} INFO - Sync 1 DAGs
[2026-04-22T12:35:54.902+0530] {logging_mixin.py:188} INFO - [2026-04-22T12:35:54.902+0530] {dag.py:3954} INFO - Setting next_dagrun for example_dynamic_task_mapping to 2022-03-04 00:00:00+00:00, run_after=2022-03-05 00:00:00+00:00
[2026-04-22T12:35:54.907+0530] {processor.py:183} INFO - Processing /Library/Frameworks/Python.framework/Versions/3.10/lib/python3.10/site-packages/airflow/example_dags/example_dynamic_task_mapping.py took 0.055 seconds
[2026-04-22T12:37:38.989+0530] {processor.py:161} INFO - Started process (PID=74034) to work on /Library/Frameworks/Python.framework/Versions/3.10/lib/python3.10/site-packages/airflow/example_dags/example_dynamic_task_mapping.py
[2026-04-22T12:37:38.990+0530] {processor.py:830} INFO - Processing file /Library/Frameworks/Python.framework/Versions/3.10/lib/python3.10/site-packages/airflow/example_dags/example_dynamic_task_mapping.py for tasks to queue
[2026-04-22T12:37:38.990+0530] {logging_mixin.py:188} INFO - [2026-04-22T12:37:38.990+0530] {dagbag.py:545} INFO - Filling up the DagBag from /Library/Frameworks/Python.framework/Versions/3.10/lib/python3.10/site-packages/airflow/example_dags/example_dynamic_task_mapping.py
[2026-04-22T12:37:39.002+0530] {processor.py:840} INFO - DAG(s) 'example_dynamic_task_mapping' retrieved from /Library/Frameworks/Python.framework/Versions/3.10/lib/python3.10/site-packages/airflow/example_dags/example_dynamic_task_mapping.py
[2026-04-22T12:37:39.034+0530] {logging_mixin.py:188} INFO - [2026-04-22T12:37:39.034+0530] {dag.py:3096} INFO - Sync 1 DAGs
[2026-04-22T12:37:39.039+0530] {logging_mixin.py:188} INFO - [2026-04-22T12:37:39.039+0530] {dag.py:3954} INFO - Setting next_dagrun for example_dynamic_task_mapping to 2022-03-04 00:00:00+00:00, run_after=2022-03-05 00:00:00+00:00
[2026-04-22T12:37:39.044+0530] {processor.py:183} INFO - Processing /Library/Frameworks/Python.framework/Versions/3.10/lib/python3.10/site-packages/airflow/example_dags/example_dynamic_task_mapping.py took 0.055 seconds
[2026-04-22T12:39:39.365+0530] {processor.py:161} INFO - Started process (PID=74165) to work on /Library/Frameworks/Python.framework/Versions/3.10/lib/python3.10/site-packages/airflow/example_dags/example_dynamic_task_mapping.py
[2026-04-22T12:39:39.366+0530] {processor.py:830} INFO - Processing file /Library/Frameworks/Python.framework/Versions/3.10/lib/python3.10/site-packages/airflow/example_dags/example_dynamic_task_mapping.py for tasks to queue
[2026-04-22T12:39:39.366+0530] {logging_mixin.py:188} INFO - [2026-04-22T12:39:39.366+0530] {dagbag.py:545} INFO - Filling up the DagBag from /Library/Frameworks/Python.framework/Versions/3.10/lib/python3.10/site-packages/airflow/example_dags/example_dynamic_task_mapping.py
[2026-04-22T12:39:39.377+0530] {processor.py:840} INFO - DAG(s) 'example_dynamic_task_mapping' retrieved from /Library/Frameworks/Python.framework/Versions/3.10/lib/python3.10/site-packages/airflow/example_dags/example_dynamic_task_mapping.py
[2026-04-22T12:39:39.408+0530] {logging_mixin.py:188} INFO - [2026-04-22T12:39:39.408+0530] {dag.py:3096} INFO - Sync 1 DAGs
[2026-04-22T12:39:39.413+0530] {logging_mixin.py:188} INFO - [2026-04-22T12:39:39.413+0530] {dag.py:3954} INFO - Setting next_dagrun for example_dynamic_task_mapping to 2022-03-04 00:00:00+00:00, run_after=2022-03-05 00:00:00+00:00
[2026-04-22T12:39:39.418+0530] {processor.py:183} INFO - Processing /Library/Frameworks/Python.framework/Versions/3.10/lib/python3.10/site-packages/airflow/example_dags/example_dynamic_task_mapping.py took 0.054 seconds
[2026-04-22T12:41:40.130+0530] {processor.py:161} INFO - Started process (PID=74316) to work on /Library/Frameworks/Python.framework/Versions/3.10/lib/python3.10/site-packages/airflow/example_dags/example_dynamic_task_mapping.py
[2026-04-22T12:41:40.131+0530] {processor.py:830} INFO - Processing file /Library/Frameworks/Python.framework/Versions/3.10/lib/python3.10/site-packages/airflow/example_dags/example_dynamic_task_mapping.py for tasks to queue
[2026-04-22T12:41:40.131+0530] {logging_mixin.py:188} INFO - [2026-04-22T12:41:40.131+0530] {dagbag.py:545} INFO - Filling up the DagBag from /Library/Frameworks/Python.framework/Versions/3.10/lib/python3.10/site-packages/airflow/example_dags/example_dynamic_task_mapping.py
[2026-04-22T12:41:40.143+0530] {processor.py:840} INFO - DAG(s) 'example_dynamic_task_mapping' retrieved from /Library/Frameworks/Python.framework/Versions/3.10/lib/python3.10/site-packages/airflow/example_dags/example_dynamic_task_mapping.py
[2026-04-22T12:41:40.174+0530] {logging_mixin.py:188} INFO - [2026-04-22T12:41:40.174+0530] {dag.py:3096} INFO - Sync 1 DAGs
[2026-04-22T12:41:40.179+0530] {logging_mixin.py:188} INFO - [2026-04-22T12:41:40.179+0530] {dag.py:3954} INFO - Setting next_dagrun for example_dynamic_task_mapping to 2022-03-04 00:00:00+00:00, run_after=2022-03-05 00:00:00+00:00
[2026-04-22T12:41:40.184+0530] {processor.py:183} INFO - Processing /Library/Frameworks/Python.framework/Versions/3.10/lib/python3.10/site-packages/airflow/example_dags/example_dynamic_task_mapping.py took 0.055 seconds
