[2026-04-22T07:21:43.162+0530] {processor.py:161} INFO - Started process (PID=68740) to work on /Library/Frameworks/Python.framework/Versions/3.10/lib/python3.10/site-packages/airflow/example_dags/example_sensor_decorator.py
[2026-04-22T07:21:43.162+0530] {processor.py:830} INFO - Processing file /Library/Frameworks/Python.framework/Versions/3.10/lib/python3.10/site-packages/airflow/example_dags/example_sensor_decorator.py for tasks to queue
[2026-04-22T07:21:43.162+0530] {logging_mixin.py:188} INFO - [2026-04-22T07:21:43.162+0530] {dagbag.py:545} INFO - Filling up the DagBag from /Library/Frameworks/Python.framework/Versions/3.10/lib/python3.10/site-packages/airflow/example_dags/example_sensor_decorator.py
[2026-04-22T07:21:43.175+0530] {processor.py:840} INFO - DAG(s) 'example_sensor_decorator' retrieved from /Library/Frameworks/Python.framework/Versions/3.10/lib/python3.10/site-packages/airflow/example_dags/example_sensor_decorator.py
[2026-04-22T07:21:43.212+0530] {logging_mixin.py:188} INFO - [2026-04-22T07:21:43.212+0530] {dag.py:3096} INFO - Sync 1 DAGs
[2026-04-22T07:21:43.214+0530] {logging_mixin.py:188} INFO - [2026-04-22T07:21:43.214+0530] {dag.py:3954} INFO - Setting next_dagrun for example_sensor_decorator to None, run_after=None
[2026-04-22T07:21:43.219+0530] {processor.py:183} INFO - Processing /Library/Frameworks/Python.framework/Versions/3.10/lib/python3.10/site-packages/airflow/example_dags/example_sensor_decorator.py took 0.059 seconds
[2026-04-22T11:47:28.806+0530] {processor.py:161} INFO - Started process (PID=69303) to work on /Library/Frameworks/Python.framework/Versions/3.10/lib/python3.10/site-packages/airflow/example_dags/example_sensor_decorator.py
[2026-04-22T11:47:28.807+0530] {processor.py:830} INFO - Processing file /Library/Frameworks/Python.framework/Versions/3.10/lib/python3.10/site-packages/airflow/example_dags/example_sensor_decorator.py for tasks to queue
[2026-04-22T11:47:28.807+0530] {logging_mixin.py:188} INFO - [2026-04-22T11:47:28.807+0530] {dagbag.py:545} INFO - Filling up the DagBag from /Library/Frameworks/Python.framework/Versions/3.10/lib/python3.10/site-packages/airflow/example_dags/example_sensor_decorator.py
[2026-04-22T11:47:28.819+0530] {processor.py:840} INFO - DAG(s) 'example_sensor_decorator' retrieved from /Library/Frameworks/Python.framework/Versions/3.10/lib/python3.10/site-packages/airflow/example_dags/example_sensor_decorator.py
[2026-04-22T11:47:28.856+0530] {logging_mixin.py:188} INFO - [2026-04-22T11:47:28.856+0530] {dag.py:3096} INFO - Sync 1 DAGs
[2026-04-22T11:47:28.859+0530] {logging_mixin.py:188} INFO - [2026-04-22T11:47:28.859+0530] {dag.py:3954} INFO - Setting next_dagrun for example_sensor_decorator to None, run_after=None
[2026-04-22T11:47:28.864+0530] {processor.py:183} INFO - Processing /Library/Frameworks/Python.framework/Versions/3.10/lib/python3.10/site-packages/airflow/example_dags/example_sensor_decorator.py took 0.059 seconds
[2026-04-22T11:48:17.324+0530] {processor.py:161} INFO - Started process (PID=69389) to work on /Library/Frameworks/Python.framework/Versions/3.10/lib/python3.10/site-packages/airflow/example_dags/example_sensor_decorator.py
[2026-04-22T11:48:17.324+0530] {processor.py:830} INFO - Processing file /Library/Frameworks/Python.framework/Versions/3.10/lib/python3.10/site-packages/airflow/example_dags/example_sensor_decorator.py for tasks to queue
[2026-04-22T11:48:17.324+0530] {logging_mixin.py:188} INFO - [2026-04-22T11:48:17.324+0530] {dagbag.py:545} INFO - Filling up the DagBag from /Library/Frameworks/Python.framework/Versions/3.10/lib/python3.10/site-packages/airflow/example_dags/example_sensor_decorator.py
[2026-04-22T11:48:17.336+0530] {processor.py:840} INFO - DAG(s) 'example_sensor_decorator' retrieved from /Library/Frameworks/Python.framework/Versions/3.10/lib/python3.10/site-packages/airflow/example_dags/example_sensor_decorator.py
[2026-04-22T11:48:17.378+0530] {logging_mixin.py:188} INFO - [2026-04-22T11:48:17.378+0530] {dag.py:3096} INFO - Sync 1 DAGs
[2026-04-22T11:48:17.380+0530] {logging_mixin.py:188} INFO - [2026-04-22T11:48:17.380+0530] {dag.py:3954} INFO - Setting next_dagrun for example_sensor_decorator to None, run_after=None
[2026-04-22T11:48:17.386+0530] {processor.py:183} INFO - Processing /Library/Frameworks/Python.framework/Versions/3.10/lib/python3.10/site-packages/airflow/example_dags/example_sensor_decorator.py took 0.063 seconds
[2026-04-22T11:49:06.283+0530] {processor.py:161} INFO - Started process (PID=69469) to work on /Library/Frameworks/Python.framework/Versions/3.10/lib/python3.10/site-packages/airflow/example_dags/example_sensor_decorator.py
[2026-04-22T11:49:06.284+0530] {processor.py:830} INFO - Processing file /Library/Frameworks/Python.framework/Versions/3.10/lib/python3.10/site-packages/airflow/example_dags/example_sensor_decorator.py for tasks to queue
[2026-04-22T11:49:06.284+0530] {logging_mixin.py:188} INFO - [2026-04-22T11:49:06.284+0530] {dagbag.py:545} INFO - Filling up the DagBag from /Library/Frameworks/Python.framework/Versions/3.10/lib/python3.10/site-packages/airflow/example_dags/example_sensor_decorator.py
[2026-04-22T11:49:06.296+0530] {processor.py:840} INFO - DAG(s) 'example_sensor_decorator' retrieved from /Library/Frameworks/Python.framework/Versions/3.10/lib/python3.10/site-packages/airflow/example_dags/example_sensor_decorator.py
[2026-04-22T11:49:06.334+0530] {logging_mixin.py:188} INFO - [2026-04-22T11:49:06.334+0530] {dag.py:3096} INFO - Sync 1 DAGs
[2026-04-22T11:49:06.337+0530] {logging_mixin.py:188} INFO - [2026-04-22T11:49:06.337+0530] {dag.py:3954} INFO - Setting next_dagrun for example_sensor_decorator to None, run_after=None
[2026-04-22T11:49:06.342+0530] {processor.py:183} INFO - Processing /Library/Frameworks/Python.framework/Versions/3.10/lib/python3.10/site-packages/airflow/example_dags/example_sensor_decorator.py took 0.060 seconds
[2026-04-22T11:50:01.918+0530] {processor.py:161} INFO - Started process (PID=69562) to work on /Library/Frameworks/Python.framework/Versions/3.10/lib/python3.10/site-packages/airflow/example_dags/example_sensor_decorator.py
[2026-04-22T11:50:01.919+0530] {processor.py:830} INFO - Processing file /Library/Frameworks/Python.framework/Versions/3.10/lib/python3.10/site-packages/airflow/example_dags/example_sensor_decorator.py for tasks to queue
[2026-04-22T11:50:01.919+0530] {logging_mixin.py:188} INFO - [2026-04-22T11:50:01.919+0530] {dagbag.py:545} INFO - Filling up the DagBag from /Library/Frameworks/Python.framework/Versions/3.10/lib/python3.10/site-packages/airflow/example_dags/example_sensor_decorator.py
[2026-04-22T11:50:01.931+0530] {processor.py:840} INFO - DAG(s) 'example_sensor_decorator' retrieved from /Library/Frameworks/Python.framework/Versions/3.10/lib/python3.10/site-packages/airflow/example_dags/example_sensor_decorator.py
[2026-04-22T11:50:01.969+0530] {logging_mixin.py:188} INFO - [2026-04-22T11:50:01.969+0530] {dag.py:3096} INFO - Sync 1 DAGs
[2026-04-22T11:50:01.971+0530] {logging_mixin.py:188} INFO - [2026-04-22T11:50:01.971+0530] {dag.py:3954} INFO - Setting next_dagrun for example_sensor_decorator to None, run_after=None
[2026-04-22T11:50:01.976+0530] {processor.py:183} INFO - Processing /Library/Frameworks/Python.framework/Versions/3.10/lib/python3.10/site-packages/airflow/example_dags/example_sensor_decorator.py took 0.059 seconds
[2026-04-22T11:50:57.431+0530] {processor.py:161} INFO - Started process (PID=69693) to work on /Library/Frameworks/Python.framework/Versions/3.10/lib/python3.10/site-packages/airflow/example_dags/example_sensor_decorator.py
[2026-04-22T11:50:57.432+0530] {processor.py:830} INFO - Processing file /Library/Frameworks/Python.framework/Versions/3.10/lib/python3.10/site-packages/airflow/example_dags/example_sensor_decorator.py for tasks to queue
[2026-04-22T11:50:57.432+0530] {logging_mixin.py:188} INFO - [2026-04-22T11:50:57.432+0530] {dagbag.py:545} INFO - Filling up the DagBag from /Library/Frameworks/Python.framework/Versions/3.10/lib/python3.10/site-packages/airflow/example_dags/example_sensor_decorator.py
[2026-04-22T11:50:57.444+0530] {processor.py:840} INFO - DAG(s) 'example_sensor_decorator' retrieved from /Library/Frameworks/Python.framework/Versions/3.10/lib/python3.10/site-packages/airflow/example_dags/example_sensor_decorator.py
[2026-04-22T11:50:57.482+0530] {logging_mixin.py:188} INFO - [2026-04-22T11:50:57.482+0530] {dag.py:3096} INFO - Sync 1 DAGs
[2026-04-22T11:50:57.485+0530] {logging_mixin.py:188} INFO - [2026-04-22T11:50:57.485+0530] {dag.py:3954} INFO - Setting next_dagrun for example_sensor_decorator to None, run_after=None
[2026-04-22T11:50:57.490+0530] {processor.py:183} INFO - Processing /Library/Frameworks/Python.framework/Versions/3.10/lib/python3.10/site-packages/airflow/example_dags/example_sensor_decorator.py took 0.060 seconds
[2026-04-22T12:10:32.502+0530] {processor.py:161} INFO - Started process (PID=70952) to work on /Library/Frameworks/Python.framework/Versions/3.10/lib/python3.10/site-packages/airflow/example_dags/example_sensor_decorator.py
[2026-04-22T12:10:32.502+0530] {processor.py:830} INFO - Processing file /Library/Frameworks/Python.framework/Versions/3.10/lib/python3.10/site-packages/airflow/example_dags/example_sensor_decorator.py for tasks to queue
[2026-04-22T12:10:32.502+0530] {logging_mixin.py:188} INFO - [2026-04-22T12:10:32.502+0530] {dagbag.py:545} INFO - Filling up the DagBag from /Library/Frameworks/Python.framework/Versions/3.10/lib/python3.10/site-packages/airflow/example_dags/example_sensor_decorator.py
[2026-04-22T12:10:32.514+0530] {processor.py:840} INFO - DAG(s) 'example_sensor_decorator' retrieved from /Library/Frameworks/Python.framework/Versions/3.10/lib/python3.10/site-packages/airflow/example_dags/example_sensor_decorator.py
[2026-04-22T12:10:32.552+0530] {logging_mixin.py:188} INFO - [2026-04-22T12:10:32.552+0530] {dag.py:3096} INFO - Sync 1 DAGs
[2026-04-22T12:10:32.554+0530] {logging_mixin.py:188} INFO - [2026-04-22T12:10:32.554+0530] {dag.py:3954} INFO - Setting next_dagrun for example_sensor_decorator to None, run_after=None
[2026-04-22T12:10:32.560+0530] {processor.py:183} INFO - Processing /Library/Frameworks/Python.framework/Versions/3.10/lib/python3.10/site-packages/airflow/example_dags/example_sensor_decorator.py took 0.059 seconds
[2026-04-22T12:15:30.107+0530] {processor.py:161} INFO - Started process (PID=71306) to work on /Library/Frameworks/Python.framework/Versions/3.10/lib/python3.10/site-packages/airflow/example_dags/example_sensor_decorator.py
[2026-04-22T12:15:30.108+0530] {processor.py:830} INFO - Processing file /Library/Frameworks/Python.framework/Versions/3.10/lib/python3.10/site-packages/airflow/example_dags/example_sensor_decorator.py for tasks to queue
[2026-04-22T12:15:30.108+0530] {logging_mixin.py:188} INFO - [2026-04-22T12:15:30.108+0530] {dagbag.py:545} INFO - Filling up the DagBag from /Library/Frameworks/Python.framework/Versions/3.10/lib/python3.10/site-packages/airflow/example_dags/example_sensor_decorator.py
[2026-04-22T12:15:30.120+0530] {processor.py:840} INFO - DAG(s) 'example_sensor_decorator' retrieved from /Library/Frameworks/Python.framework/Versions/3.10/lib/python3.10/site-packages/airflow/example_dags/example_sensor_decorator.py
[2026-04-22T12:15:30.156+0530] {logging_mixin.py:188} INFO - [2026-04-22T12:15:30.156+0530] {dag.py:3096} INFO - Sync 1 DAGs
[2026-04-22T12:15:30.159+0530] {logging_mixin.py:188} INFO - [2026-04-22T12:15:30.159+0530] {dag.py:3954} INFO - Setting next_dagrun for example_sensor_decorator to None, run_after=None
[2026-04-22T12:15:30.164+0530] {processor.py:183} INFO - Processing /Library/Frameworks/Python.framework/Versions/3.10/lib/python3.10/site-packages/airflow/example_dags/example_sensor_decorator.py took 0.058 seconds
[2026-04-22T12:19:07.010+0530] {processor.py:161} INFO - Started process (PID=71598) to work on /Library/Frameworks/Python.framework/Versions/3.10/lib/python3.10/site-packages/airflow/example_dags/example_sensor_decorator.py
[2026-04-22T12:19:07.011+0530] {processor.py:830} INFO - Processing file /Library/Frameworks/Python.framework/Versions/3.10/lib/python3.10/site-packages/airflow/example_dags/example_sensor_decorator.py for tasks to queue
[2026-04-22T12:19:07.011+0530] {logging_mixin.py:188} INFO - [2026-04-22T12:19:07.011+0530] {dagbag.py:545} INFO - Filling up the DagBag from /Library/Frameworks/Python.framework/Versions/3.10/lib/python3.10/site-packages/airflow/example_dags/example_sensor_decorator.py
[2026-04-22T12:19:07.022+0530] {processor.py:840} INFO - DAG(s) 'example_sensor_decorator' retrieved from /Library/Frameworks/Python.framework/Versions/3.10/lib/python3.10/site-packages/airflow/example_dags/example_sensor_decorator.py
[2026-04-22T12:19:07.059+0530] {logging_mixin.py:188} INFO - [2026-04-22T12:19:07.059+0530] {dag.py:3096} INFO - Sync 1 DAGs
[2026-04-22T12:19:07.062+0530] {logging_mixin.py:188} INFO - [2026-04-22T12:19:07.061+0530] {dag.py:3954} INFO - Setting next_dagrun for example_sensor_decorator to None, run_after=None
[2026-04-22T12:19:07.067+0530] {processor.py:183} INFO - Processing /Library/Frameworks/Python.framework/Versions/3.10/lib/python3.10/site-packages/airflow/example_dags/example_sensor_decorator.py took 0.058 seconds
[2026-04-22T12:20:49.820+0530] {processor.py:161} INFO - Started process (PID=72235) to work on /Library/Frameworks/Python.framework/Versions/3.10/lib/python3.10/site-packages/airflow/example_dags/example_sensor_decorator.py
[2026-04-22T12:20:49.820+0530] {processor.py:830} INFO - Processing file /Library/Frameworks/Python.framework/Versions/3.10/lib/python3.10/site-packages/airflow/example_dags/example_sensor_decorator.py for tasks to queue
[2026-04-22T12:20:49.821+0530] {logging_mixin.py:188} INFO - [2026-04-22T12:20:49.821+0530] {dagbag.py:545} INFO - Filling up the DagBag from /Library/Frameworks/Python.framework/Versions/3.10/lib/python3.10/site-packages/airflow/example_dags/example_sensor_decorator.py
[2026-04-22T12:20:49.832+0530] {processor.py:840} INFO - DAG(s) 'example_sensor_decorator' retrieved from /Library/Frameworks/Python.framework/Versions/3.10/lib/python3.10/site-packages/airflow/example_dags/example_sensor_decorator.py
[2026-04-22T12:20:49.869+0530] {logging_mixin.py:188} INFO - [2026-04-22T12:20:49.869+0530] {dag.py:3096} INFO - Sync 1 DAGs
[2026-04-22T12:20:49.872+0530] {logging_mixin.py:188} INFO - [2026-04-22T12:20:49.872+0530] {dag.py:3954} INFO - Setting next_dagrun for example_sensor_decorator to None, run_after=None
[2026-04-22T12:20:49.877+0530] {processor.py:183} INFO - Processing /Library/Frameworks/Python.framework/Versions/3.10/lib/python3.10/site-packages/airflow/example_dags/example_sensor_decorator.py took 0.058 seconds
[2026-04-22T12:22:37.267+0530] {processor.py:161} INFO - Started process (PID=72468) to work on /Library/Frameworks/Python.framework/Versions/3.10/lib/python3.10/site-packages/airflow/example_dags/example_sensor_decorator.py
[2026-04-22T12:22:37.268+0530] {processor.py:830} INFO - Processing file /Library/Frameworks/Python.framework/Versions/3.10/lib/python3.10/site-packages/airflow/example_dags/example_sensor_decorator.py for tasks to queue
[2026-04-22T12:22:37.268+0530] {logging_mixin.py:188} INFO - [2026-04-22T12:22:37.268+0530] {dagbag.py:545} INFO - Filling up the DagBag from /Library/Frameworks/Python.framework/Versions/3.10/lib/python3.10/site-packages/airflow/example_dags/example_sensor_decorator.py
[2026-04-22T12:22:37.279+0530] {processor.py:840} INFO - DAG(s) 'example_sensor_decorator' retrieved from /Library/Frameworks/Python.framework/Versions/3.10/lib/python3.10/site-packages/airflow/example_dags/example_sensor_decorator.py
[2026-04-22T12:22:37.316+0530] {logging_mixin.py:188} INFO - [2026-04-22T12:22:37.316+0530] {dag.py:3096} INFO - Sync 1 DAGs
[2026-04-22T12:22:37.319+0530] {logging_mixin.py:188} INFO - [2026-04-22T12:22:37.319+0530] {dag.py:3954} INFO - Setting next_dagrun for example_sensor_decorator to None, run_after=None
[2026-04-22T12:22:37.324+0530] {processor.py:183} INFO - Processing /Library/Frameworks/Python.framework/Versions/3.10/lib/python3.10/site-packages/airflow/example_dags/example_sensor_decorator.py took 0.058 seconds
[2026-04-22T12:24:17.266+0530] {processor.py:161} INFO - Started process (PID=72595) to work on /Library/Frameworks/Python.framework/Versions/3.10/lib/python3.10/site-packages/airflow/example_dags/example_sensor_decorator.py
[2026-04-22T12:24:17.267+0530] {processor.py:830} INFO - Processing file /Library/Frameworks/Python.framework/Versions/3.10/lib/python3.10/site-packages/airflow/example_dags/example_sensor_decorator.py for tasks to queue
[2026-04-22T12:24:17.267+0530] {logging_mixin.py:188} INFO - [2026-04-22T12:24:17.267+0530] {dagbag.py:545} INFO - Filling up the DagBag from /Library/Frameworks/Python.framework/Versions/3.10/lib/python3.10/site-packages/airflow/example_dags/example_sensor_decorator.py
[2026-04-22T12:24:17.279+0530] {processor.py:840} INFO - DAG(s) 'example_sensor_decorator' retrieved from /Library/Frameworks/Python.framework/Versions/3.10/lib/python3.10/site-packages/airflow/example_dags/example_sensor_decorator.py
[2026-04-22T12:24:17.316+0530] {logging_mixin.py:188} INFO - [2026-04-22T12:24:17.316+0530] {dag.py:3096} INFO - Sync 1 DAGs
[2026-04-22T12:24:17.319+0530] {logging_mixin.py:188} INFO - [2026-04-22T12:24:17.319+0530] {dag.py:3954} INFO - Setting next_dagrun for example_sensor_decorator to None, run_after=None
[2026-04-22T12:24:17.324+0530] {processor.py:183} INFO - Processing /Library/Frameworks/Python.framework/Versions/3.10/lib/python3.10/site-packages/airflow/example_dags/example_sensor_decorator.py took 0.058 seconds
[2026-04-22T12:26:04.463+0530] {processor.py:161} INFO - Started process (PID=72871) to work on /Library/Frameworks/Python.framework/Versions/3.10/lib/python3.10/site-packages/airflow/example_dags/example_sensor_decorator.py
[2026-04-22T12:26:04.464+0530] {processor.py:830} INFO - Processing file /Library/Frameworks/Python.framework/Versions/3.10/lib/python3.10/site-packages/airflow/example_dags/example_sensor_decorator.py for tasks to queue
[2026-04-22T12:26:04.464+0530] {logging_mixin.py:188} INFO - [2026-04-22T12:26:04.464+0530] {dagbag.py:545} INFO - Filling up the DagBag from /Library/Frameworks/Python.framework/Versions/3.10/lib/python3.10/site-packages/airflow/example_dags/example_sensor_decorator.py
[2026-04-22T12:26:04.476+0530] {processor.py:840} INFO - DAG(s) 'example_sensor_decorator' retrieved from /Library/Frameworks/Python.framework/Versions/3.10/lib/python3.10/site-packages/airflow/example_dags/example_sensor_decorator.py
[2026-04-22T12:26:04.513+0530] {logging_mixin.py:188} INFO - [2026-04-22T12:26:04.513+0530] {dag.py:3096} INFO - Sync 1 DAGs
[2026-04-22T12:26:04.515+0530] {logging_mixin.py:188} INFO - [2026-04-22T12:26:04.515+0530] {dag.py:3954} INFO - Setting next_dagrun for example_sensor_decorator to None, run_after=None
[2026-04-22T12:26:04.521+0530] {processor.py:183} INFO - Processing /Library/Frameworks/Python.framework/Versions/3.10/lib/python3.10/site-packages/airflow/example_dags/example_sensor_decorator.py took 0.059 seconds
[2026-04-22T12:27:49.915+0530] {processor.py:161} INFO - Started process (PID=73051) to work on /Library/Frameworks/Python.framework/Versions/3.10/lib/python3.10/site-packages/airflow/example_dags/example_sensor_decorator.py
[2026-04-22T12:27:49.916+0530] {processor.py:830} INFO - Processing file /Library/Frameworks/Python.framework/Versions/3.10/lib/python3.10/site-packages/airflow/example_dags/example_sensor_decorator.py for tasks to queue
[2026-04-22T12:27:49.917+0530] {logging_mixin.py:188} INFO - [2026-04-22T12:27:49.917+0530] {dagbag.py:545} INFO - Filling up the DagBag from /Library/Frameworks/Python.framework/Versions/3.10/lib/python3.10/site-packages/airflow/example_dags/example_sensor_decorator.py
[2026-04-22T12:27:49.928+0530] {processor.py:840} INFO - DAG(s) 'example_sensor_decorator' retrieved from /Library/Frameworks/Python.framework/Versions/3.10/lib/python3.10/site-packages/airflow/example_dags/example_sensor_decorator.py
[2026-04-22T12:27:49.967+0530] {logging_mixin.py:188} INFO - [2026-04-22T12:27:49.967+0530] {dag.py:3096} INFO - Sync 1 DAGs
[2026-04-22T12:27:49.970+0530] {logging_mixin.py:188} INFO - [2026-04-22T12:27:49.970+0530] {dag.py:3954} INFO - Setting next_dagrun for example_sensor_decorator to None, run_after=None
[2026-04-22T12:27:49.975+0530] {processor.py:183} INFO - Processing /Library/Frameworks/Python.framework/Versions/3.10/lib/python3.10/site-packages/airflow/example_dags/example_sensor_decorator.py took 0.060 seconds
[2026-04-22T12:29:44.865+0530] {processor.py:161} INFO - Started process (PID=73265) to work on /Library/Frameworks/Python.framework/Versions/3.10/lib/python3.10/site-packages/airflow/example_dags/example_sensor_decorator.py
[2026-04-22T12:29:44.866+0530] {processor.py:830} INFO - Processing file /Library/Frameworks/Python.framework/Versions/3.10/lib/python3.10/site-packages/airflow/example_dags/example_sensor_decorator.py for tasks to queue
[2026-04-22T12:29:44.866+0530] {logging_mixin.py:188} INFO - [2026-04-22T12:29:44.866+0530] {dagbag.py:545} INFO - Filling up the DagBag from /Library/Frameworks/Python.framework/Versions/3.10/lib/python3.10/site-packages/airflow/example_dags/example_sensor_decorator.py
[2026-04-22T12:29:44.880+0530] {processor.py:840} INFO - DAG(s) 'example_sensor_decorator' retrieved from /Library/Frameworks/Python.framework/Versions/3.10/lib/python3.10/site-packages/airflow/example_dags/example_sensor_decorator.py
[2026-04-22T12:29:44.920+0530] {logging_mixin.py:188} INFO - [2026-04-22T12:29:44.920+0530] {dag.py:3096} INFO - Sync 1 DAGs
[2026-04-22T12:29:44.922+0530] {logging_mixin.py:188} INFO - [2026-04-22T12:29:44.922+0530] {dag.py:3954} INFO - Setting next_dagrun for example_sensor_decorator to None, run_after=None
[2026-04-22T12:29:44.928+0530] {processor.py:183} INFO - Processing /Library/Frameworks/Python.framework/Versions/3.10/lib/python3.10/site-packages/airflow/example_dags/example_sensor_decorator.py took 0.064 seconds
[2026-04-22T12:31:33.113+0530] {processor.py:161} INFO - Started process (PID=73512) to work on /Library/Frameworks/Python.framework/Versions/3.10/lib/python3.10/site-packages/airflow/example_dags/example_sensor_decorator.py
[2026-04-22T12:31:33.114+0530] {processor.py:830} INFO - Processing file /Library/Frameworks/Python.framework/Versions/3.10/lib/python3.10/site-packages/airflow/example_dags/example_sensor_decorator.py for tasks to queue
[2026-04-22T12:31:33.114+0530] {logging_mixin.py:188} INFO - [2026-04-22T12:31:33.114+0530] {dagbag.py:545} INFO - Filling up the DagBag from /Library/Frameworks/Python.framework/Versions/3.10/lib/python3.10/site-packages/airflow/example_dags/example_sensor_decorator.py
[2026-04-22T12:31:33.126+0530] {processor.py:840} INFO - DAG(s) 'example_sensor_decorator' retrieved from /Library/Frameworks/Python.framework/Versions/3.10/lib/python3.10/site-packages/airflow/example_dags/example_sensor_decorator.py
[2026-04-22T12:31:33.164+0530] {logging_mixin.py:188} INFO - [2026-04-22T12:31:33.164+0530] {dag.py:3096} INFO - Sync 1 DAGs
[2026-04-22T12:31:33.166+0530] {logging_mixin.py:188} INFO - [2026-04-22T12:31:33.166+0530] {dag.py:3954} INFO - Setting next_dagrun for example_sensor_decorator to None, run_after=None
[2026-04-22T12:31:33.172+0530] {processor.py:183} INFO - Processing /Library/Frameworks/Python.framework/Versions/3.10/lib/python3.10/site-packages/airflow/example_dags/example_sensor_decorator.py took 0.060 seconds
[2026-04-22T12:33:17.947+0530] {processor.py:161} INFO - Started process (PID=73717) to work on /Library/Frameworks/Python.framework/Versions/3.10/lib/python3.10/site-packages/airflow/example_dags/example_sensor_decorator.py
[2026-04-22T12:33:17.948+0530] {processor.py:830} INFO - Processing file /Library/Frameworks/Python.framework/Versions/3.10/lib/python3.10/site-packages/airflow/example_dags/example_sensor_decorator.py for tasks to queue
[2026-04-22T12:33:17.948+0530] {logging_mixin.py:188} INFO - [2026-04-22T12:33:17.948+0530] {dagbag.py:545} INFO - Filling up the DagBag from /Library/Frameworks/Python.framework/Versions/3.10/lib/python3.10/site-packages/airflow/example_dags/example_sensor_decorator.py
[2026-04-22T12:33:17.963+0530] {processor.py:840} INFO - DAG(s) 'example_sensor_decorator' retrieved from /Library/Frameworks/Python.framework/Versions/3.10/lib/python3.10/site-packages/airflow/example_dags/example_sensor_decorator.py
[2026-04-22T12:33:18.009+0530] {logging_mixin.py:188} INFO - [2026-04-22T12:33:18.009+0530] {dag.py:3096} INFO - Sync 1 DAGs
[2026-04-22T12:33:18.012+0530] {logging_mixin.py:188} INFO - [2026-04-22T12:33:18.012+0530] {dag.py:3954} INFO - Setting next_dagrun for example_sensor_decorator to None, run_after=None
[2026-04-22T12:33:18.018+0530] {processor.py:183} INFO - Processing /Library/Frameworks/Python.framework/Versions/3.10/lib/python3.10/site-packages/airflow/example_dags/example_sensor_decorator.py took 0.071 seconds
[2026-04-22T12:35:02.459+0530] {processor.py:161} INFO - Started process (PID=73837) to work on /Library/Frameworks/Python.framework/Versions/3.10/lib/python3.10/site-packages/airflow/example_dags/example_sensor_decorator.py
[2026-04-22T12:35:02.459+0530] {processor.py:830} INFO - Processing file /Library/Frameworks/Python.framework/Versions/3.10/lib/python3.10/site-packages/airflow/example_dags/example_sensor_decorator.py for tasks to queue
[2026-04-22T12:35:02.459+0530] {logging_mixin.py:188} INFO - [2026-04-22T12:35:02.459+0530] {dagbag.py:545} INFO - Filling up the DagBag from /Library/Frameworks/Python.framework/Versions/3.10/lib/python3.10/site-packages/airflow/example_dags/example_sensor_decorator.py
[2026-04-22T12:35:02.471+0530] {processor.py:840} INFO - DAG(s) 'example_sensor_decorator' retrieved from /Library/Frameworks/Python.framework/Versions/3.10/lib/python3.10/site-packages/airflow/example_dags/example_sensor_decorator.py
[2026-04-22T12:35:02.509+0530] {logging_mixin.py:188} INFO - [2026-04-22T12:35:02.509+0530] {dag.py:3096} INFO - Sync 1 DAGs
[2026-04-22T12:35:02.512+0530] {logging_mixin.py:188} INFO - [2026-04-22T12:35:02.512+0530] {dag.py:3954} INFO - Setting next_dagrun for example_sensor_decorator to None, run_after=None
[2026-04-22T12:35:02.517+0530] {processor.py:183} INFO - Processing /Library/Frameworks/Python.framework/Versions/3.10/lib/python3.10/site-packages/airflow/example_dags/example_sensor_decorator.py took 0.059 seconds
[2026-04-22T12:36:44.423+0530] {processor.py:161} INFO - Started process (PID=73971) to work on /Library/Frameworks/Python.framework/Versions/3.10/lib/python3.10/site-packages/airflow/example_dags/example_sensor_decorator.py
[2026-04-22T12:36:44.423+0530] {processor.py:830} INFO - Processing file /Library/Frameworks/Python.framework/Versions/3.10/lib/python3.10/site-packages/airflow/example_dags/example_sensor_decorator.py for tasks to queue
[2026-04-22T12:36:44.423+0530] {logging_mixin.py:188} INFO - [2026-04-22T12:36:44.423+0530] {dagbag.py:545} INFO - Filling up the DagBag from /Library/Frameworks/Python.framework/Versions/3.10/lib/python3.10/site-packages/airflow/example_dags/example_sensor_decorator.py
[2026-04-22T12:36:44.435+0530] {processor.py:840} INFO - DAG(s) 'example_sensor_decorator' retrieved from /Library/Frameworks/Python.framework/Versions/3.10/lib/python3.10/site-packages/airflow/example_dags/example_sensor_decorator.py
[2026-04-22T12:36:44.473+0530] {logging_mixin.py:188} INFO - [2026-04-22T12:36:44.473+0530] {dag.py:3096} INFO - Sync 1 DAGs
[2026-04-22T12:36:44.476+0530] {logging_mixin.py:188} INFO - [2026-04-22T12:36:44.476+0530] {dag.py:3954} INFO - Setting next_dagrun for example_sensor_decorator to None, run_after=None
[2026-04-22T12:36:44.482+0530] {processor.py:183} INFO - Processing /Library/Frameworks/Python.framework/Versions/3.10/lib/python3.10/site-packages/airflow/example_dags/example_sensor_decorator.py took 0.060 seconds
[2026-04-22T12:38:37.727+0530] {processor.py:161} INFO - Started process (PID=74097) to work on /Library/Frameworks/Python.framework/Versions/3.10/lib/python3.10/site-packages/airflow/example_dags/example_sensor_decorator.py
[2026-04-22T12:38:37.728+0530] {processor.py:830} INFO - Processing file /Library/Frameworks/Python.framework/Versions/3.10/lib/python3.10/site-packages/airflow/example_dags/example_sensor_decorator.py for tasks to queue
[2026-04-22T12:38:37.728+0530] {logging_mixin.py:188} INFO - [2026-04-22T12:38:37.728+0530] {dagbag.py:545} INFO - Filling up the DagBag from /Library/Frameworks/Python.framework/Versions/3.10/lib/python3.10/site-packages/airflow/example_dags/example_sensor_decorator.py
[2026-04-22T12:38:37.740+0530] {processor.py:840} INFO - DAG(s) 'example_sensor_decorator' retrieved from /Library/Frameworks/Python.framework/Versions/3.10/lib/python3.10/site-packages/airflow/example_dags/example_sensor_decorator.py
[2026-04-22T12:38:37.777+0530] {logging_mixin.py:188} INFO - [2026-04-22T12:38:37.777+0530] {dag.py:3096} INFO - Sync 1 DAGs
[2026-04-22T12:38:37.780+0530] {logging_mixin.py:188} INFO - [2026-04-22T12:38:37.780+0530] {dag.py:3954} INFO - Setting next_dagrun for example_sensor_decorator to None, run_after=None
[2026-04-22T12:38:37.785+0530] {processor.py:183} INFO - Processing /Library/Frameworks/Python.framework/Versions/3.10/lib/python3.10/site-packages/airflow/example_dags/example_sensor_decorator.py took 0.059 seconds
[2026-04-22T12:40:37.828+0530] {processor.py:161} INFO - Started process (PID=74236) to work on /Library/Frameworks/Python.framework/Versions/3.10/lib/python3.10/site-packages/airflow/example_dags/example_sensor_decorator.py
[2026-04-22T12:40:37.828+0530] {processor.py:830} INFO - Processing file /Library/Frameworks/Python.framework/Versions/3.10/lib/python3.10/site-packages/airflow/example_dags/example_sensor_decorator.py for tasks to queue
[2026-04-22T12:40:37.829+0530] {logging_mixin.py:188} INFO - [2026-04-22T12:40:37.829+0530] {dagbag.py:545} INFO - Filling up the DagBag from /Library/Frameworks/Python.framework/Versions/3.10/lib/python3.10/site-packages/airflow/example_dags/example_sensor_decorator.py
[2026-04-22T12:40:37.840+0530] {processor.py:840} INFO - DAG(s) 'example_sensor_decorator' retrieved from /Library/Frameworks/Python.framework/Versions/3.10/lib/python3.10/site-packages/airflow/example_dags/example_sensor_decorator.py
[2026-04-22T12:40:37.877+0530] {logging_mixin.py:188} INFO - [2026-04-22T12:40:37.877+0530] {dag.py:3096} INFO - Sync 1 DAGs
[2026-04-22T12:40:37.879+0530] {logging_mixin.py:188} INFO - [2026-04-22T12:40:37.879+0530] {dag.py:3954} INFO - Setting next_dagrun for example_sensor_decorator to None, run_after=None
[2026-04-22T12:40:37.884+0530] {processor.py:183} INFO - Processing /Library/Frameworks/Python.framework/Versions/3.10/lib/python3.10/site-packages/airflow/example_dags/example_sensor_decorator.py took 0.057 seconds
[2026-04-22T12:42:34.289+0530] {processor.py:161} INFO - Started process (PID=74377) to work on /Library/Frameworks/Python.framework/Versions/3.10/lib/python3.10/site-packages/airflow/example_dags/example_sensor_decorator.py
[2026-04-22T12:42:34.290+0530] {processor.py:830} INFO - Processing file /Library/Frameworks/Python.framework/Versions/3.10/lib/python3.10/site-packages/airflow/example_dags/example_sensor_decorator.py for tasks to queue
[2026-04-22T12:42:34.291+0530] {logging_mixin.py:188} INFO - [2026-04-22T12:42:34.291+0530] {dagbag.py:545} INFO - Filling up the DagBag from /Library/Frameworks/Python.framework/Versions/3.10/lib/python3.10/site-packages/airflow/example_dags/example_sensor_decorator.py
[2026-04-22T12:42:34.303+0530] {processor.py:840} INFO - DAG(s) 'example_sensor_decorator' retrieved from /Library/Frameworks/Python.framework/Versions/3.10/lib/python3.10/site-packages/airflow/example_dags/example_sensor_decorator.py
[2026-04-22T12:42:34.341+0530] {logging_mixin.py:188} INFO - [2026-04-22T12:42:34.341+0530] {dag.py:3096} INFO - Sync 1 DAGs
[2026-04-22T12:42:34.343+0530] {logging_mixin.py:188} INFO - [2026-04-22T12:42:34.343+0530] {dag.py:3954} INFO - Setting next_dagrun for example_sensor_decorator to None, run_after=None
[2026-04-22T12:42:34.348+0530] {processor.py:183} INFO - Processing /Library/Frameworks/Python.framework/Versions/3.10/lib/python3.10/site-packages/airflow/example_dags/example_sensor_decorator.py took 0.060 seconds
