[2026-04-22T07:22:19.037+0530] {processor.py:161} INFO - Started process (PID=68756) to work on /Library/Frameworks/Python.framework/Versions/3.10/lib/python3.10/site-packages/airflow/example_dags/example_external_task_marker_dag.py
[2026-04-22T07:22:19.037+0530] {processor.py:830} INFO - Processing file /Library/Frameworks/Python.framework/Versions/3.10/lib/python3.10/site-packages/airflow/example_dags/example_external_task_marker_dag.py for tasks to queue
[2026-04-22T07:22:19.037+0530] {logging_mixin.py:188} INFO - [2026-04-22T07:22:19.037+0530] {dagbag.py:545} INFO - Filling up the DagBag from /Library/Frameworks/Python.framework/Versions/3.10/lib/python3.10/site-packages/airflow/example_dags/example_external_task_marker_dag.py
[2026-04-22T07:22:19.042+0530] {processor.py:840} INFO - DAG(s) 'example_external_task_marker_child', 'example_external_task_marker_parent' retrieved from /Library/Frameworks/Python.framework/Versions/3.10/lib/python3.10/site-packages/airflow/example_dags/example_external_task_marker_dag.py
[2026-04-22T07:22:19.081+0530] {logging_mixin.py:188} INFO - [2026-04-22T07:22:19.081+0530] {dag.py:3096} INFO - Sync 2 DAGs
[2026-04-22T07:22:19.084+0530] {logging_mixin.py:188} INFO - [2026-04-22T07:22:19.084+0530] {dag.py:3954} INFO - Setting next_dagrun for example_external_task_marker_child to None, run_after=None
[2026-04-22T07:22:19.085+0530] {logging_mixin.py:188} INFO - [2026-04-22T07:22:19.085+0530] {dag.py:3954} INFO - Setting next_dagrun for example_external_task_marker_parent to None, run_after=None
[2026-04-22T07:22:19.090+0530] {processor.py:183} INFO - Processing /Library/Frameworks/Python.framework/Versions/3.10/lib/python3.10/site-packages/airflow/example_dags/example_external_task_marker_dag.py took 0.054 seconds
[2026-04-22T11:47:39.317+0530] {processor.py:161} INFO - Started process (PID=69322) to work on /Library/Frameworks/Python.framework/Versions/3.10/lib/python3.10/site-packages/airflow/example_dags/example_external_task_marker_dag.py
[2026-04-22T11:47:39.318+0530] {processor.py:830} INFO - Processing file /Library/Frameworks/Python.framework/Versions/3.10/lib/python3.10/site-packages/airflow/example_dags/example_external_task_marker_dag.py for tasks to queue
[2026-04-22T11:47:39.318+0530] {logging_mixin.py:188} INFO - [2026-04-22T11:47:39.318+0530] {dagbag.py:545} INFO - Filling up the DagBag from /Library/Frameworks/Python.framework/Versions/3.10/lib/python3.10/site-packages/airflow/example_dags/example_external_task_marker_dag.py
[2026-04-22T11:47:39.322+0530] {processor.py:840} INFO - DAG(s) 'example_external_task_marker_child', 'example_external_task_marker_parent' retrieved from /Library/Frameworks/Python.framework/Versions/3.10/lib/python3.10/site-packages/airflow/example_dags/example_external_task_marker_dag.py
[2026-04-22T11:47:39.359+0530] {logging_mixin.py:188} INFO - [2026-04-22T11:47:39.359+0530] {dag.py:3096} INFO - Sync 2 DAGs
[2026-04-22T11:47:39.362+0530] {logging_mixin.py:188} INFO - [2026-04-22T11:47:39.362+0530] {dag.py:3954} INFO - Setting next_dagrun for example_external_task_marker_child to None, run_after=None
[2026-04-22T11:47:39.363+0530] {logging_mixin.py:188} INFO - [2026-04-22T11:47:39.363+0530] {dag.py:3954} INFO - Setting next_dagrun for example_external_task_marker_parent to None, run_after=None
[2026-04-22T11:47:39.367+0530] {processor.py:183} INFO - Processing /Library/Frameworks/Python.framework/Versions/3.10/lib/python3.10/site-packages/airflow/example_dags/example_external_task_marker_dag.py took 0.051 seconds
[2026-04-22T11:48:27.862+0530] {processor.py:161} INFO - Started process (PID=69407) to work on /Library/Frameworks/Python.framework/Versions/3.10/lib/python3.10/site-packages/airflow/example_dags/example_external_task_marker_dag.py
[2026-04-22T11:48:27.863+0530] {processor.py:830} INFO - Processing file /Library/Frameworks/Python.framework/Versions/3.10/lib/python3.10/site-packages/airflow/example_dags/example_external_task_marker_dag.py for tasks to queue
[2026-04-22T11:48:27.863+0530] {logging_mixin.py:188} INFO - [2026-04-22T11:48:27.863+0530] {dagbag.py:545} INFO - Filling up the DagBag from /Library/Frameworks/Python.framework/Versions/3.10/lib/python3.10/site-packages/airflow/example_dags/example_external_task_marker_dag.py
[2026-04-22T11:48:27.868+0530] {processor.py:840} INFO - DAG(s) 'example_external_task_marker_parent', 'example_external_task_marker_child' retrieved from /Library/Frameworks/Python.framework/Versions/3.10/lib/python3.10/site-packages/airflow/example_dags/example_external_task_marker_dag.py
[2026-04-22T11:48:27.905+0530] {logging_mixin.py:188} INFO - [2026-04-22T11:48:27.905+0530] {dag.py:3096} INFO - Sync 2 DAGs
[2026-04-22T11:48:27.908+0530] {logging_mixin.py:188} INFO - [2026-04-22T11:48:27.908+0530] {dag.py:3954} INFO - Setting next_dagrun for example_external_task_marker_child to None, run_after=None
[2026-04-22T11:48:27.909+0530] {logging_mixin.py:188} INFO - [2026-04-22T11:48:27.909+0530] {dag.py:3954} INFO - Setting next_dagrun for example_external_task_marker_parent to None, run_after=None
[2026-04-22T11:48:27.914+0530] {processor.py:183} INFO - Processing /Library/Frameworks/Python.framework/Versions/3.10/lib/python3.10/site-packages/airflow/example_dags/example_external_task_marker_dag.py took 0.053 seconds
[2026-04-22T11:49:23.970+0530] {processor.py:161} INFO - Started process (PID=69493) to work on /Library/Frameworks/Python.framework/Versions/3.10/lib/python3.10/site-packages/airflow/example_dags/example_external_task_marker_dag.py
[2026-04-22T11:49:23.970+0530] {processor.py:830} INFO - Processing file /Library/Frameworks/Python.framework/Versions/3.10/lib/python3.10/site-packages/airflow/example_dags/example_external_task_marker_dag.py for tasks to queue
[2026-04-22T11:49:23.971+0530] {logging_mixin.py:188} INFO - [2026-04-22T11:49:23.971+0530] {dagbag.py:545} INFO - Filling up the DagBag from /Library/Frameworks/Python.framework/Versions/3.10/lib/python3.10/site-packages/airflow/example_dags/example_external_task_marker_dag.py
[2026-04-22T11:49:23.975+0530] {processor.py:840} INFO - DAG(s) 'example_external_task_marker_parent', 'example_external_task_marker_child' retrieved from /Library/Frameworks/Python.framework/Versions/3.10/lib/python3.10/site-packages/airflow/example_dags/example_external_task_marker_dag.py
[2026-04-22T11:49:24.012+0530] {logging_mixin.py:188} INFO - [2026-04-22T11:49:24.012+0530] {dag.py:3096} INFO - Sync 2 DAGs
[2026-04-22T11:49:24.014+0530] {logging_mixin.py:188} INFO - [2026-04-22T11:49:24.014+0530] {dag.py:3954} INFO - Setting next_dagrun for example_external_task_marker_child to None, run_after=None
[2026-04-22T11:49:24.015+0530] {logging_mixin.py:188} INFO - [2026-04-22T11:49:24.015+0530] {dag.py:3954} INFO - Setting next_dagrun for example_external_task_marker_parent to None, run_after=None
[2026-04-22T11:49:24.020+0530] {processor.py:183} INFO - Processing /Library/Frameworks/Python.framework/Versions/3.10/lib/python3.10/site-packages/airflow/example_dags/example_external_task_marker_dag.py took 0.051 seconds
[2026-04-22T11:50:19.144+0530] {processor.py:161} INFO - Started process (PID=69589) to work on /Library/Frameworks/Python.framework/Versions/3.10/lib/python3.10/site-packages/airflow/example_dags/example_external_task_marker_dag.py
[2026-04-22T11:50:19.144+0530] {processor.py:830} INFO - Processing file /Library/Frameworks/Python.framework/Versions/3.10/lib/python3.10/site-packages/airflow/example_dags/example_external_task_marker_dag.py for tasks to queue
[2026-04-22T11:50:19.144+0530] {logging_mixin.py:188} INFO - [2026-04-22T11:50:19.144+0530] {dagbag.py:545} INFO - Filling up the DagBag from /Library/Frameworks/Python.framework/Versions/3.10/lib/python3.10/site-packages/airflow/example_dags/example_external_task_marker_dag.py
[2026-04-22T11:50:19.149+0530] {processor.py:840} INFO - DAG(s) 'example_external_task_marker_child', 'example_external_task_marker_parent' retrieved from /Library/Frameworks/Python.framework/Versions/3.10/lib/python3.10/site-packages/airflow/example_dags/example_external_task_marker_dag.py
[2026-04-22T11:50:19.187+0530] {logging_mixin.py:188} INFO - [2026-04-22T11:50:19.186+0530] {dag.py:3096} INFO - Sync 2 DAGs
[2026-04-22T11:50:19.189+0530] {logging_mixin.py:188} INFO - [2026-04-22T11:50:19.189+0530] {dag.py:3954} INFO - Setting next_dagrun for example_external_task_marker_child to None, run_after=None
[2026-04-22T11:50:19.190+0530] {logging_mixin.py:188} INFO - [2026-04-22T11:50:19.190+0530] {dag.py:3954} INFO - Setting next_dagrun for example_external_task_marker_parent to None, run_after=None
[2026-04-22T11:50:19.195+0530] {processor.py:183} INFO - Processing /Library/Frameworks/Python.framework/Versions/3.10/lib/python3.10/site-packages/airflow/example_dags/example_external_task_marker_dag.py took 0.052 seconds
[2026-04-22T12:11:39.719+0530] {processor.py:161} INFO - Started process (PID=71032) to work on /Library/Frameworks/Python.framework/Versions/3.10/lib/python3.10/site-packages/airflow/example_dags/example_external_task_marker_dag.py
[2026-04-22T12:11:39.720+0530] {processor.py:830} INFO - Processing file /Library/Frameworks/Python.framework/Versions/3.10/lib/python3.10/site-packages/airflow/example_dags/example_external_task_marker_dag.py for tasks to queue
[2026-04-22T12:11:39.720+0530] {logging_mixin.py:188} INFO - [2026-04-22T12:11:39.720+0530] {dagbag.py:545} INFO - Filling up the DagBag from /Library/Frameworks/Python.framework/Versions/3.10/lib/python3.10/site-packages/airflow/example_dags/example_external_task_marker_dag.py
[2026-04-22T12:11:39.724+0530] {processor.py:840} INFO - DAG(s) 'example_external_task_marker_child', 'example_external_task_marker_parent' retrieved from /Library/Frameworks/Python.framework/Versions/3.10/lib/python3.10/site-packages/airflow/example_dags/example_external_task_marker_dag.py
[2026-04-22T12:11:39.760+0530] {logging_mixin.py:188} INFO - [2026-04-22T12:11:39.760+0530] {dag.py:3096} INFO - Sync 2 DAGs
[2026-04-22T12:11:39.763+0530] {logging_mixin.py:188} INFO - [2026-04-22T12:11:39.763+0530] {dag.py:3954} INFO - Setting next_dagrun for example_external_task_marker_child to None, run_after=None
[2026-04-22T12:11:39.763+0530] {logging_mixin.py:188} INFO - [2026-04-22T12:11:39.763+0530] {dag.py:3954} INFO - Setting next_dagrun for example_external_task_marker_parent to None, run_after=None
[2026-04-22T12:11:39.768+0530] {processor.py:183} INFO - Processing /Library/Frameworks/Python.framework/Versions/3.10/lib/python3.10/site-packages/airflow/example_dags/example_external_task_marker_dag.py took 0.050 seconds
[2026-04-22T12:16:34.016+0530] {processor.py:161} INFO - Started process (PID=71374) to work on /Library/Frameworks/Python.framework/Versions/3.10/lib/python3.10/site-packages/airflow/example_dags/example_external_task_marker_dag.py
[2026-04-22T12:16:34.017+0530] {processor.py:830} INFO - Processing file /Library/Frameworks/Python.framework/Versions/3.10/lib/python3.10/site-packages/airflow/example_dags/example_external_task_marker_dag.py for tasks to queue
[2026-04-22T12:16:34.017+0530] {logging_mixin.py:188} INFO - [2026-04-22T12:16:34.017+0530] {dagbag.py:545} INFO - Filling up the DagBag from /Library/Frameworks/Python.framework/Versions/3.10/lib/python3.10/site-packages/airflow/example_dags/example_external_task_marker_dag.py
[2026-04-22T12:16:34.021+0530] {processor.py:840} INFO - DAG(s) 'example_external_task_marker_parent', 'example_external_task_marker_child' retrieved from /Library/Frameworks/Python.framework/Versions/3.10/lib/python3.10/site-packages/airflow/example_dags/example_external_task_marker_dag.py
[2026-04-22T12:16:34.057+0530] {logging_mixin.py:188} INFO - [2026-04-22T12:16:34.057+0530] {dag.py:3096} INFO - Sync 2 DAGs
[2026-04-22T12:16:34.060+0530] {logging_mixin.py:188} INFO - [2026-04-22T12:16:34.060+0530] {dag.py:3954} INFO - Setting next_dagrun for example_external_task_marker_child to None, run_after=None
[2026-04-22T12:16:34.061+0530] {logging_mixin.py:188} INFO - [2026-04-22T12:16:34.060+0530] {dag.py:3954} INFO - Setting next_dagrun for example_external_task_marker_parent to None, run_after=None
[2026-04-22T12:16:34.065+0530] {processor.py:183} INFO - Processing /Library/Frameworks/Python.framework/Versions/3.10/lib/python3.10/site-packages/airflow/example_dags/example_external_task_marker_dag.py took 0.050 seconds
[2026-04-22T12:19:23.932+0530] {processor.py:161} INFO - Started process (PID=71620) to work on /Library/Frameworks/Python.framework/Versions/3.10/lib/python3.10/site-packages/airflow/example_dags/example_external_task_marker_dag.py
[2026-04-22T12:19:23.932+0530] {processor.py:830} INFO - Processing file /Library/Frameworks/Python.framework/Versions/3.10/lib/python3.10/site-packages/airflow/example_dags/example_external_task_marker_dag.py for tasks to queue
[2026-04-22T12:19:23.932+0530] {logging_mixin.py:188} INFO - [2026-04-22T12:19:23.932+0530] {dagbag.py:545} INFO - Filling up the DagBag from /Library/Frameworks/Python.framework/Versions/3.10/lib/python3.10/site-packages/airflow/example_dags/example_external_task_marker_dag.py
[2026-04-22T12:19:23.936+0530] {processor.py:840} INFO - DAG(s) 'example_external_task_marker_child', 'example_external_task_marker_parent' retrieved from /Library/Frameworks/Python.framework/Versions/3.10/lib/python3.10/site-packages/airflow/example_dags/example_external_task_marker_dag.py
[2026-04-22T12:19:23.976+0530] {logging_mixin.py:188} INFO - [2026-04-22T12:19:23.975+0530] {dag.py:3096} INFO - Sync 2 DAGs
[2026-04-22T12:19:23.978+0530] {logging_mixin.py:188} INFO - [2026-04-22T12:19:23.978+0530] {dag.py:3954} INFO - Setting next_dagrun for example_external_task_marker_child to None, run_after=None
[2026-04-22T12:19:23.979+0530] {logging_mixin.py:188} INFO - [2026-04-22T12:19:23.979+0530] {dag.py:3954} INFO - Setting next_dagrun for example_external_task_marker_parent to None, run_after=None
[2026-04-22T12:19:23.984+0530] {processor.py:183} INFO - Processing /Library/Frameworks/Python.framework/Versions/3.10/lib/python3.10/site-packages/airflow/example_dags/example_external_task_marker_dag.py took 0.054 seconds
[2026-04-22T12:21:40.720+0530] {processor.py:161} INFO - Started process (PID=72349) to work on /Library/Frameworks/Python.framework/Versions/3.10/lib/python3.10/site-packages/airflow/example_dags/example_external_task_marker_dag.py
[2026-04-22T12:21:40.720+0530] {processor.py:830} INFO - Processing file /Library/Frameworks/Python.framework/Versions/3.10/lib/python3.10/site-packages/airflow/example_dags/example_external_task_marker_dag.py for tasks to queue
[2026-04-22T12:21:40.720+0530] {logging_mixin.py:188} INFO - [2026-04-22T12:21:40.720+0530] {dagbag.py:545} INFO - Filling up the DagBag from /Library/Frameworks/Python.framework/Versions/3.10/lib/python3.10/site-packages/airflow/example_dags/example_external_task_marker_dag.py
[2026-04-22T12:21:40.725+0530] {processor.py:840} INFO - DAG(s) 'example_external_task_marker_parent', 'example_external_task_marker_child' retrieved from /Library/Frameworks/Python.framework/Versions/3.10/lib/python3.10/site-packages/airflow/example_dags/example_external_task_marker_dag.py
[2026-04-22T12:21:40.763+0530] {logging_mixin.py:188} INFO - [2026-04-22T12:21:40.763+0530] {dag.py:3096} INFO - Sync 2 DAGs
[2026-04-22T12:21:40.766+0530] {logging_mixin.py:188} INFO - [2026-04-22T12:21:40.766+0530] {dag.py:3954} INFO - Setting next_dagrun for example_external_task_marker_child to None, run_after=None
[2026-04-22T12:21:40.767+0530] {logging_mixin.py:188} INFO - [2026-04-22T12:21:40.766+0530] {dag.py:3954} INFO - Setting next_dagrun for example_external_task_marker_parent to None, run_after=None
[2026-04-22T12:21:40.771+0530] {processor.py:183} INFO - Processing /Library/Frameworks/Python.framework/Versions/3.10/lib/python3.10/site-packages/airflow/example_dags/example_external_task_marker_dag.py took 0.052 seconds
[2026-04-22T12:23:21.635+0530] {processor.py:161} INFO - Started process (PID=72534) to work on /Library/Frameworks/Python.framework/Versions/3.10/lib/python3.10/site-packages/airflow/example_dags/example_external_task_marker_dag.py
[2026-04-22T12:23:21.636+0530] {processor.py:830} INFO - Processing file /Library/Frameworks/Python.framework/Versions/3.10/lib/python3.10/site-packages/airflow/example_dags/example_external_task_marker_dag.py for tasks to queue
[2026-04-22T12:23:21.636+0530] {logging_mixin.py:188} INFO - [2026-04-22T12:23:21.636+0530] {dagbag.py:545} INFO - Filling up the DagBag from /Library/Frameworks/Python.framework/Versions/3.10/lib/python3.10/site-packages/airflow/example_dags/example_external_task_marker_dag.py
[2026-04-22T12:23:21.640+0530] {processor.py:840} INFO - DAG(s) 'example_external_task_marker_parent', 'example_external_task_marker_child' retrieved from /Library/Frameworks/Python.framework/Versions/3.10/lib/python3.10/site-packages/airflow/example_dags/example_external_task_marker_dag.py
[2026-04-22T12:23:21.677+0530] {logging_mixin.py:188} INFO - [2026-04-22T12:23:21.677+0530] {dag.py:3096} INFO - Sync 2 DAGs
[2026-04-22T12:23:21.680+0530] {logging_mixin.py:188} INFO - [2026-04-22T12:23:21.680+0530] {dag.py:3954} INFO - Setting next_dagrun for example_external_task_marker_child to None, run_after=None
[2026-04-22T12:23:21.681+0530] {logging_mixin.py:188} INFO - [2026-04-22T12:23:21.681+0530] {dag.py:3954} INFO - Setting next_dagrun for example_external_task_marker_parent to None, run_after=None
[2026-04-22T12:23:21.685+0530] {processor.py:183} INFO - Processing /Library/Frameworks/Python.framework/Versions/3.10/lib/python3.10/site-packages/airflow/example_dags/example_external_task_marker_dag.py took 0.051 seconds
[2026-04-22T12:25:04.912+0530] {processor.py:161} INFO - Started process (PID=72773) to work on /Library/Frameworks/Python.framework/Versions/3.10/lib/python3.10/site-packages/airflow/example_dags/example_external_task_marker_dag.py
[2026-04-22T12:25:04.912+0530] {processor.py:830} INFO - Processing file /Library/Frameworks/Python.framework/Versions/3.10/lib/python3.10/site-packages/airflow/example_dags/example_external_task_marker_dag.py for tasks to queue
[2026-04-22T12:25:04.912+0530] {logging_mixin.py:188} INFO - [2026-04-22T12:25:04.912+0530] {dagbag.py:545} INFO - Filling up the DagBag from /Library/Frameworks/Python.framework/Versions/3.10/lib/python3.10/site-packages/airflow/example_dags/example_external_task_marker_dag.py
[2026-04-22T12:25:04.917+0530] {processor.py:840} INFO - DAG(s) 'example_external_task_marker_child', 'example_external_task_marker_parent' retrieved from /Library/Frameworks/Python.framework/Versions/3.10/lib/python3.10/site-packages/airflow/example_dags/example_external_task_marker_dag.py
[2026-04-22T12:25:04.957+0530] {logging_mixin.py:188} INFO - [2026-04-22T12:25:04.957+0530] {dag.py:3096} INFO - Sync 2 DAGs
[2026-04-22T12:25:04.960+0530] {logging_mixin.py:188} INFO - [2026-04-22T12:25:04.960+0530] {dag.py:3954} INFO - Setting next_dagrun for example_external_task_marker_child to None, run_after=None
[2026-04-22T12:25:04.961+0530] {logging_mixin.py:188} INFO - [2026-04-22T12:25:04.961+0530] {dag.py:3954} INFO - Setting next_dagrun for example_external_task_marker_parent to None, run_after=None
[2026-04-22T12:25:04.966+0530] {processor.py:183} INFO - Processing /Library/Frameworks/Python.framework/Versions/3.10/lib/python3.10/site-packages/airflow/example_dags/example_external_task_marker_dag.py took 0.055 seconds
[2026-04-22T12:26:52.601+0530] {processor.py:161} INFO - Started process (PID=72924) to work on /Library/Frameworks/Python.framework/Versions/3.10/lib/python3.10/site-packages/airflow/example_dags/example_external_task_marker_dag.py
[2026-04-22T12:26:52.601+0530] {processor.py:830} INFO - Processing file /Library/Frameworks/Python.framework/Versions/3.10/lib/python3.10/site-packages/airflow/example_dags/example_external_task_marker_dag.py for tasks to queue
[2026-04-22T12:26:52.602+0530] {logging_mixin.py:188} INFO - [2026-04-22T12:26:52.601+0530] {dagbag.py:545} INFO - Filling up the DagBag from /Library/Frameworks/Python.framework/Versions/3.10/lib/python3.10/site-packages/airflow/example_dags/example_external_task_marker_dag.py
[2026-04-22T12:26:52.606+0530] {processor.py:840} INFO - DAG(s) 'example_external_task_marker_parent', 'example_external_task_marker_child' retrieved from /Library/Frameworks/Python.framework/Versions/3.10/lib/python3.10/site-packages/airflow/example_dags/example_external_task_marker_dag.py
[2026-04-22T12:26:52.642+0530] {logging_mixin.py:188} INFO - [2026-04-22T12:26:52.642+0530] {dag.py:3096} INFO - Sync 2 DAGs
[2026-04-22T12:26:52.645+0530] {logging_mixin.py:188} INFO - [2026-04-22T12:26:52.645+0530] {dag.py:3954} INFO - Setting next_dagrun for example_external_task_marker_child to None, run_after=None
[2026-04-22T12:26:52.645+0530] {logging_mixin.py:188} INFO - [2026-04-22T12:26:52.645+0530] {dag.py:3954} INFO - Setting next_dagrun for example_external_task_marker_parent to None, run_after=None
[2026-04-22T12:26:52.650+0530] {processor.py:183} INFO - Processing /Library/Frameworks/Python.framework/Versions/3.10/lib/python3.10/site-packages/airflow/example_dags/example_external_task_marker_dag.py took 0.050 seconds
[2026-04-22T12:28:46.468+0530] {processor.py:161} INFO - Started process (PID=73156) to work on /Library/Frameworks/Python.framework/Versions/3.10/lib/python3.10/site-packages/airflow/example_dags/example_external_task_marker_dag.py
[2026-04-22T12:28:46.468+0530] {processor.py:830} INFO - Processing file /Library/Frameworks/Python.framework/Versions/3.10/lib/python3.10/site-packages/airflow/example_dags/example_external_task_marker_dag.py for tasks to queue
[2026-04-22T12:28:46.468+0530] {logging_mixin.py:188} INFO - [2026-04-22T12:28:46.468+0530] {dagbag.py:545} INFO - Filling up the DagBag from /Library/Frameworks/Python.framework/Versions/3.10/lib/python3.10/site-packages/airflow/example_dags/example_external_task_marker_dag.py
[2026-04-22T12:28:46.473+0530] {processor.py:840} INFO - DAG(s) 'example_external_task_marker_child', 'example_external_task_marker_parent' retrieved from /Library/Frameworks/Python.framework/Versions/3.10/lib/python3.10/site-packages/airflow/example_dags/example_external_task_marker_dag.py
[2026-04-22T12:28:46.510+0530] {logging_mixin.py:188} INFO - [2026-04-22T12:28:46.510+0530] {dag.py:3096} INFO - Sync 2 DAGs
[2026-04-22T12:28:46.513+0530] {logging_mixin.py:188} INFO - [2026-04-22T12:28:46.513+0530] {dag.py:3954} INFO - Setting next_dagrun for example_external_task_marker_child to None, run_after=None
[2026-04-22T12:28:46.514+0530] {logging_mixin.py:188} INFO - [2026-04-22T12:28:46.514+0530] {dag.py:3954} INFO - Setting next_dagrun for example_external_task_marker_parent to None, run_after=None
[2026-04-22T12:28:46.518+0530] {processor.py:183} INFO - Processing /Library/Frameworks/Python.framework/Versions/3.10/lib/python3.10/site-packages/airflow/example_dags/example_external_task_marker_dag.py took 0.052 seconds
[2026-04-22T12:30:33.698+0530] {processor.py:161} INFO - Started process (PID=73388) to work on /Library/Frameworks/Python.framework/Versions/3.10/lib/python3.10/site-packages/airflow/example_dags/example_external_task_marker_dag.py
[2026-04-22T12:30:33.698+0530] {processor.py:830} INFO - Processing file /Library/Frameworks/Python.framework/Versions/3.10/lib/python3.10/site-packages/airflow/example_dags/example_external_task_marker_dag.py for tasks to queue
[2026-04-22T12:30:33.699+0530] {logging_mixin.py:188} INFO - [2026-04-22T12:30:33.699+0530] {dagbag.py:545} INFO - Filling up the DagBag from /Library/Frameworks/Python.framework/Versions/3.10/lib/python3.10/site-packages/airflow/example_dags/example_external_task_marker_dag.py
[2026-04-22T12:30:33.703+0530] {processor.py:840} INFO - DAG(s) 'example_external_task_marker_child', 'example_external_task_marker_parent' retrieved from /Library/Frameworks/Python.framework/Versions/3.10/lib/python3.10/site-packages/airflow/example_dags/example_external_task_marker_dag.py
[2026-04-22T12:30:33.739+0530] {logging_mixin.py:188} INFO - [2026-04-22T12:30:33.739+0530] {dag.py:3096} INFO - Sync 2 DAGs
[2026-04-22T12:30:33.741+0530] {logging_mixin.py:188} INFO - [2026-04-22T12:30:33.741+0530] {dag.py:3954} INFO - Setting next_dagrun for example_external_task_marker_child to None, run_after=None
[2026-04-22T12:30:33.742+0530] {logging_mixin.py:188} INFO - [2026-04-22T12:30:33.742+0530] {dag.py:3954} INFO - Setting next_dagrun for example_external_task_marker_parent to None, run_after=None
[2026-04-22T12:30:33.747+0530] {processor.py:183} INFO - Processing /Library/Frameworks/Python.framework/Versions/3.10/lib/python3.10/site-packages/airflow/example_dags/example_external_task_marker_dag.py took 0.050 seconds
[2026-04-22T12:32:23.434+0530] {processor.py:161} INFO - Started process (PID=73612) to work on /Library/Frameworks/Python.framework/Versions/3.10/lib/python3.10/site-packages/airflow/example_dags/example_external_task_marker_dag.py
[2026-04-22T12:32:23.434+0530] {processor.py:830} INFO - Processing file /Library/Frameworks/Python.framework/Versions/3.10/lib/python3.10/site-packages/airflow/example_dags/example_external_task_marker_dag.py for tasks to queue
[2026-04-22T12:32:23.434+0530] {logging_mixin.py:188} INFO - [2026-04-22T12:32:23.434+0530] {dagbag.py:545} INFO - Filling up the DagBag from /Library/Frameworks/Python.framework/Versions/3.10/lib/python3.10/site-packages/airflow/example_dags/example_external_task_marker_dag.py
[2026-04-22T12:32:23.439+0530] {processor.py:840} INFO - DAG(s) 'example_external_task_marker_child', 'example_external_task_marker_parent' retrieved from /Library/Frameworks/Python.framework/Versions/3.10/lib/python3.10/site-packages/airflow/example_dags/example_external_task_marker_dag.py
[2026-04-22T12:32:23.475+0530] {logging_mixin.py:188} INFO - [2026-04-22T12:32:23.475+0530] {dag.py:3096} INFO - Sync 2 DAGs
[2026-04-22T12:32:23.478+0530] {logging_mixin.py:188} INFO - [2026-04-22T12:32:23.477+0530] {dag.py:3954} INFO - Setting next_dagrun for example_external_task_marker_child to None, run_after=None
[2026-04-22T12:32:23.478+0530] {logging_mixin.py:188} INFO - [2026-04-22T12:32:23.478+0530] {dag.py:3954} INFO - Setting next_dagrun for example_external_task_marker_parent to None, run_after=None
[2026-04-22T12:32:23.483+0530] {processor.py:183} INFO - Processing /Library/Frameworks/Python.framework/Versions/3.10/lib/python3.10/site-packages/airflow/example_dags/example_external_task_marker_dag.py took 0.050 seconds
[2026-04-22T12:34:06.823+0530] {processor.py:161} INFO - Started process (PID=73771) to work on /Library/Frameworks/Python.framework/Versions/3.10/lib/python3.10/site-packages/airflow/example_dags/example_external_task_marker_dag.py
[2026-04-22T12:34:06.824+0530] {processor.py:830} INFO - Processing file /Library/Frameworks/Python.framework/Versions/3.10/lib/python3.10/site-packages/airflow/example_dags/example_external_task_marker_dag.py for tasks to queue
[2026-04-22T12:34:06.824+0530] {logging_mixin.py:188} INFO - [2026-04-22T12:34:06.824+0530] {dagbag.py:545} INFO - Filling up the DagBag from /Library/Frameworks/Python.framework/Versions/3.10/lib/python3.10/site-packages/airflow/example_dags/example_external_task_marker_dag.py
[2026-04-22T12:34:06.828+0530] {processor.py:840} INFO - DAG(s) 'example_external_task_marker_parent', 'example_external_task_marker_child' retrieved from /Library/Frameworks/Python.framework/Versions/3.10/lib/python3.10/site-packages/airflow/example_dags/example_external_task_marker_dag.py
[2026-04-22T12:34:06.864+0530] {logging_mixin.py:188} INFO - [2026-04-22T12:34:06.864+0530] {dag.py:3096} INFO - Sync 2 DAGs
[2026-04-22T12:34:06.866+0530] {logging_mixin.py:188} INFO - [2026-04-22T12:34:06.866+0530] {dag.py:3954} INFO - Setting next_dagrun for example_external_task_marker_child to None, run_after=None
[2026-04-22T12:34:06.867+0530] {logging_mixin.py:188} INFO - [2026-04-22T12:34:06.867+0530] {dag.py:3954} INFO - Setting next_dagrun for example_external_task_marker_parent to None, run_after=None
[2026-04-22T12:34:06.872+0530] {processor.py:183} INFO - Processing /Library/Frameworks/Python.framework/Versions/3.10/lib/python3.10/site-packages/airflow/example_dags/example_external_task_marker_dag.py took 0.049 seconds
[2026-04-22T12:35:51.496+0530] {processor.py:161} INFO - Started process (PID=73904) to work on /Library/Frameworks/Python.framework/Versions/3.10/lib/python3.10/site-packages/airflow/example_dags/example_external_task_marker_dag.py
[2026-04-22T12:35:51.497+0530] {processor.py:830} INFO - Processing file /Library/Frameworks/Python.framework/Versions/3.10/lib/python3.10/site-packages/airflow/example_dags/example_external_task_marker_dag.py for tasks to queue
[2026-04-22T12:35:51.497+0530] {logging_mixin.py:188} INFO - [2026-04-22T12:35:51.497+0530] {dagbag.py:545} INFO - Filling up the DagBag from /Library/Frameworks/Python.framework/Versions/3.10/lib/python3.10/site-packages/airflow/example_dags/example_external_task_marker_dag.py
[2026-04-22T12:35:51.501+0530] {processor.py:840} INFO - DAG(s) 'example_external_task_marker_child', 'example_external_task_marker_parent' retrieved from /Library/Frameworks/Python.framework/Versions/3.10/lib/python3.10/site-packages/airflow/example_dags/example_external_task_marker_dag.py
[2026-04-22T12:35:51.537+0530] {logging_mixin.py:188} INFO - [2026-04-22T12:35:51.537+0530] {dag.py:3096} INFO - Sync 2 DAGs
[2026-04-22T12:35:51.540+0530] {logging_mixin.py:188} INFO - [2026-04-22T12:35:51.540+0530] {dag.py:3954} INFO - Setting next_dagrun for example_external_task_marker_child to None, run_after=None
[2026-04-22T12:35:51.540+0530] {logging_mixin.py:188} INFO - [2026-04-22T12:35:51.540+0530] {dag.py:3954} INFO - Setting next_dagrun for example_external_task_marker_parent to None, run_after=None
[2026-04-22T12:35:51.545+0530] {processor.py:183} INFO - Processing /Library/Frameworks/Python.framework/Versions/3.10/lib/python3.10/site-packages/airflow/example_dags/example_external_task_marker_dag.py took 0.049 seconds
[2026-04-22T12:37:35.597+0530] {processor.py:161} INFO - Started process (PID=74029) to work on /Library/Frameworks/Python.framework/Versions/3.10/lib/python3.10/site-packages/airflow/example_dags/example_external_task_marker_dag.py
[2026-04-22T12:37:35.597+0530] {processor.py:830} INFO - Processing file /Library/Frameworks/Python.framework/Versions/3.10/lib/python3.10/site-packages/airflow/example_dags/example_external_task_marker_dag.py for tasks to queue
[2026-04-22T12:37:35.597+0530] {logging_mixin.py:188} INFO - [2026-04-22T12:37:35.597+0530] {dagbag.py:545} INFO - Filling up the DagBag from /Library/Frameworks/Python.framework/Versions/3.10/lib/python3.10/site-packages/airflow/example_dags/example_external_task_marker_dag.py
[2026-04-22T12:37:35.602+0530] {processor.py:840} INFO - DAG(s) 'example_external_task_marker_child', 'example_external_task_marker_parent' retrieved from /Library/Frameworks/Python.framework/Versions/3.10/lib/python3.10/site-packages/airflow/example_dags/example_external_task_marker_dag.py
[2026-04-22T12:37:35.640+0530] {logging_mixin.py:188} INFO - [2026-04-22T12:37:35.640+0530] {dag.py:3096} INFO - Sync 2 DAGs
[2026-04-22T12:37:35.643+0530] {logging_mixin.py:188} INFO - [2026-04-22T12:37:35.643+0530] {dag.py:3954} INFO - Setting next_dagrun for example_external_task_marker_child to None, run_after=None
[2026-04-22T12:37:35.644+0530] {logging_mixin.py:188} INFO - [2026-04-22T12:37:35.644+0530] {dag.py:3954} INFO - Setting next_dagrun for example_external_task_marker_parent to None, run_after=None
[2026-04-22T12:37:35.649+0530] {processor.py:183} INFO - Processing /Library/Frameworks/Python.framework/Versions/3.10/lib/python3.10/site-packages/airflow/example_dags/example_external_task_marker_dag.py took 0.053 seconds
[2026-04-22T12:39:35.977+0530] {processor.py:161} INFO - Started process (PID=74159) to work on /Library/Frameworks/Python.framework/Versions/3.10/lib/python3.10/site-packages/airflow/example_dags/example_external_task_marker_dag.py
[2026-04-22T12:39:35.977+0530] {processor.py:830} INFO - Processing file /Library/Frameworks/Python.framework/Versions/3.10/lib/python3.10/site-packages/airflow/example_dags/example_external_task_marker_dag.py for tasks to queue
[2026-04-22T12:39:35.977+0530] {logging_mixin.py:188} INFO - [2026-04-22T12:39:35.977+0530] {dagbag.py:545} INFO - Filling up the DagBag from /Library/Frameworks/Python.framework/Versions/3.10/lib/python3.10/site-packages/airflow/example_dags/example_external_task_marker_dag.py
[2026-04-22T12:39:35.982+0530] {processor.py:840} INFO - DAG(s) 'example_external_task_marker_child', 'example_external_task_marker_parent' retrieved from /Library/Frameworks/Python.framework/Versions/3.10/lib/python3.10/site-packages/airflow/example_dags/example_external_task_marker_dag.py
[2026-04-22T12:39:36.019+0530] {logging_mixin.py:188} INFO - [2026-04-22T12:39:36.019+0530] {dag.py:3096} INFO - Sync 2 DAGs
[2026-04-22T12:39:36.021+0530] {logging_mixin.py:188} INFO - [2026-04-22T12:39:36.021+0530] {dag.py:3954} INFO - Setting next_dagrun for example_external_task_marker_child to None, run_after=None
[2026-04-22T12:39:36.022+0530] {logging_mixin.py:188} INFO - [2026-04-22T12:39:36.022+0530] {dag.py:3954} INFO - Setting next_dagrun for example_external_task_marker_parent to None, run_after=None
[2026-04-22T12:39:36.026+0530] {processor.py:183} INFO - Processing /Library/Frameworks/Python.framework/Versions/3.10/lib/python3.10/site-packages/airflow/example_dags/example_external_task_marker_dag.py took 0.051 seconds
[2026-04-22T12:41:36.744+0530] {processor.py:161} INFO - Started process (PID=74312) to work on /Library/Frameworks/Python.framework/Versions/3.10/lib/python3.10/site-packages/airflow/example_dags/example_external_task_marker_dag.py
[2026-04-22T12:41:36.745+0530] {processor.py:830} INFO - Processing file /Library/Frameworks/Python.framework/Versions/3.10/lib/python3.10/site-packages/airflow/example_dags/example_external_task_marker_dag.py for tasks to queue
[2026-04-22T12:41:36.745+0530] {logging_mixin.py:188} INFO - [2026-04-22T12:41:36.745+0530] {dagbag.py:545} INFO - Filling up the DagBag from /Library/Frameworks/Python.framework/Versions/3.10/lib/python3.10/site-packages/airflow/example_dags/example_external_task_marker_dag.py
[2026-04-22T12:41:36.751+0530] {processor.py:840} INFO - DAG(s) 'example_external_task_marker_child', 'example_external_task_marker_parent' retrieved from /Library/Frameworks/Python.framework/Versions/3.10/lib/python3.10/site-packages/airflow/example_dags/example_external_task_marker_dag.py
[2026-04-22T12:41:36.788+0530] {logging_mixin.py:188} INFO - [2026-04-22T12:41:36.788+0530] {dag.py:3096} INFO - Sync 2 DAGs
[2026-04-22T12:41:36.791+0530] {logging_mixin.py:188} INFO - [2026-04-22T12:41:36.791+0530] {dag.py:3954} INFO - Setting next_dagrun for example_external_task_marker_child to None, run_after=None
[2026-04-22T12:41:36.792+0530] {logging_mixin.py:188} INFO - [2026-04-22T12:41:36.792+0530] {dag.py:3954} INFO - Setting next_dagrun for example_external_task_marker_parent to None, run_after=None
[2026-04-22T12:41:36.797+0530] {processor.py:183} INFO - Processing /Library/Frameworks/Python.framework/Versions/3.10/lib/python3.10/site-packages/airflow/example_dags/example_external_task_marker_dag.py took 0.054 seconds
