[2026-04-22T07:22:52.105+0530] {processor.py:161} INFO - Started process (PID=68768) to work on /Library/Frameworks/Python.framework/Versions/3.10/lib/python3.10/site-packages/airflow/example_dags/example_branch_operator.py
[2026-04-22T07:22:52.106+0530] {processor.py:830} INFO - Processing file /Library/Frameworks/Python.framework/Versions/3.10/lib/python3.10/site-packages/airflow/example_dags/example_branch_operator.py for tasks to queue
[2026-04-22T07:22:52.106+0530] {logging_mixin.py:188} INFO - [2026-04-22T07:22:52.106+0530] {dagbag.py:545} INFO - Filling up the DagBag from /Library/Frameworks/Python.framework/Versions/3.10/lib/python3.10/site-packages/airflow/example_dags/example_branch_operator.py
[2026-04-22T07:22:52.115+0530] {processor.py:842} WARNING - No viable dags retrieved from /Library/Frameworks/Python.framework/Versions/3.10/lib/python3.10/site-packages/airflow/example_dags/example_branch_operator.py
[2026-04-22T07:22:52.144+0530] {processor.py:183} INFO - Processing /Library/Frameworks/Python.framework/Versions/3.10/lib/python3.10/site-packages/airflow/example_dags/example_branch_operator.py took 0.040 seconds
[2026-04-22T11:47:47.670+0530] {processor.py:161} INFO - Started process (PID=69335) to work on /Library/Frameworks/Python.framework/Versions/3.10/lib/python3.10/site-packages/airflow/example_dags/example_branch_operator.py
[2026-04-22T11:47:47.671+0530] {processor.py:830} INFO - Processing file /Library/Frameworks/Python.framework/Versions/3.10/lib/python3.10/site-packages/airflow/example_dags/example_branch_operator.py for tasks to queue
[2026-04-22T11:47:47.671+0530] {logging_mixin.py:188} INFO - [2026-04-22T11:47:47.671+0530] {dagbag.py:545} INFO - Filling up the DagBag from /Library/Frameworks/Python.framework/Versions/3.10/lib/python3.10/site-packages/airflow/example_dags/example_branch_operator.py
[2026-04-22T11:47:47.678+0530] {processor.py:842} WARNING - No viable dags retrieved from /Library/Frameworks/Python.framework/Versions/3.10/lib/python3.10/site-packages/airflow/example_dags/example_branch_operator.py
[2026-04-22T11:47:47.701+0530] {processor.py:183} INFO - Processing /Library/Frameworks/Python.framework/Versions/3.10/lib/python3.10/site-packages/airflow/example_dags/example_branch_operator.py took 0.032 seconds
[2026-04-22T11:48:44.044+0530] {processor.py:161} INFO - Started process (PID=69435) to work on /Library/Frameworks/Python.framework/Versions/3.10/lib/python3.10/site-packages/airflow/example_dags/example_branch_operator.py
[2026-04-22T11:48:44.044+0530] {processor.py:830} INFO - Processing file /Library/Frameworks/Python.framework/Versions/3.10/lib/python3.10/site-packages/airflow/example_dags/example_branch_operator.py for tasks to queue
[2026-04-22T11:48:44.045+0530] {logging_mixin.py:188} INFO - [2026-04-22T11:48:44.045+0530] {dagbag.py:545} INFO - Filling up the DagBag from /Library/Frameworks/Python.framework/Versions/3.10/lib/python3.10/site-packages/airflow/example_dags/example_branch_operator.py
[2026-04-22T11:48:44.053+0530] {processor.py:842} WARNING - No viable dags retrieved from /Library/Frameworks/Python.framework/Versions/3.10/lib/python3.10/site-packages/airflow/example_dags/example_branch_operator.py
[2026-04-22T11:48:44.076+0530] {processor.py:183} INFO - Processing /Library/Frameworks/Python.framework/Versions/3.10/lib/python3.10/site-packages/airflow/example_dags/example_branch_operator.py took 0.033 seconds
[2026-04-22T11:49:38.791+0530] {processor.py:161} INFO - Started process (PID=69516) to work on /Library/Frameworks/Python.framework/Versions/3.10/lib/python3.10/site-packages/airflow/example_dags/example_branch_operator.py
[2026-04-22T11:49:38.791+0530] {processor.py:830} INFO - Processing file /Library/Frameworks/Python.framework/Versions/3.10/lib/python3.10/site-packages/airflow/example_dags/example_branch_operator.py for tasks to queue
[2026-04-22T11:49:38.792+0530] {logging_mixin.py:188} INFO - [2026-04-22T11:49:38.792+0530] {dagbag.py:545} INFO - Filling up the DagBag from /Library/Frameworks/Python.framework/Versions/3.10/lib/python3.10/site-packages/airflow/example_dags/example_branch_operator.py
[2026-04-22T11:49:38.800+0530] {processor.py:842} WARNING - No viable dags retrieved from /Library/Frameworks/Python.framework/Versions/3.10/lib/python3.10/site-packages/airflow/example_dags/example_branch_operator.py
[2026-04-22T11:49:38.825+0530] {processor.py:183} INFO - Processing /Library/Frameworks/Python.framework/Versions/3.10/lib/python3.10/site-packages/airflow/example_dags/example_branch_operator.py took 0.035 seconds
[2026-04-22T11:50:34.541+0530] {processor.py:161} INFO - Started process (PID=69617) to work on /Library/Frameworks/Python.framework/Versions/3.10/lib/python3.10/site-packages/airflow/example_dags/example_branch_operator.py
[2026-04-22T11:50:34.542+0530] {processor.py:830} INFO - Processing file /Library/Frameworks/Python.framework/Versions/3.10/lib/python3.10/site-packages/airflow/example_dags/example_branch_operator.py for tasks to queue
[2026-04-22T11:50:34.542+0530] {logging_mixin.py:188} INFO - [2026-04-22T11:50:34.542+0530] {dagbag.py:545} INFO - Filling up the DagBag from /Library/Frameworks/Python.framework/Versions/3.10/lib/python3.10/site-packages/airflow/example_dags/example_branch_operator.py
[2026-04-22T11:50:34.550+0530] {processor.py:842} WARNING - No viable dags retrieved from /Library/Frameworks/Python.framework/Versions/3.10/lib/python3.10/site-packages/airflow/example_dags/example_branch_operator.py
[2026-04-22T11:50:34.573+0530] {processor.py:183} INFO - Processing /Library/Frameworks/Python.framework/Versions/3.10/lib/python3.10/site-packages/airflow/example_dags/example_branch_operator.py took 0.033 seconds
[2026-04-22T12:12:36.358+0530] {processor.py:161} INFO - Started process (PID=71092) to work on /Library/Frameworks/Python.framework/Versions/3.10/lib/python3.10/site-packages/airflow/example_dags/example_branch_operator.py
[2026-04-22T12:12:36.359+0530] {processor.py:830} INFO - Processing file /Library/Frameworks/Python.framework/Versions/3.10/lib/python3.10/site-packages/airflow/example_dags/example_branch_operator.py for tasks to queue
[2026-04-22T12:12:36.359+0530] {logging_mixin.py:188} INFO - [2026-04-22T12:12:36.359+0530] {dagbag.py:545} INFO - Filling up the DagBag from /Library/Frameworks/Python.framework/Versions/3.10/lib/python3.10/site-packages/airflow/example_dags/example_branch_operator.py
[2026-04-22T12:12:36.366+0530] {processor.py:842} WARNING - No viable dags retrieved from /Library/Frameworks/Python.framework/Versions/3.10/lib/python3.10/site-packages/airflow/example_dags/example_branch_operator.py
[2026-04-22T12:12:36.389+0530] {processor.py:183} INFO - Processing /Library/Frameworks/Python.framework/Versions/3.10/lib/python3.10/site-packages/airflow/example_dags/example_branch_operator.py took 0.032 seconds
[2026-04-22T12:17:12.351+0530] {processor.py:161} INFO - Started process (PID=71420) to work on /Library/Frameworks/Python.framework/Versions/3.10/lib/python3.10/site-packages/airflow/example_dags/example_branch_operator.py
[2026-04-22T12:17:12.352+0530] {processor.py:830} INFO - Processing file /Library/Frameworks/Python.framework/Versions/3.10/lib/python3.10/site-packages/airflow/example_dags/example_branch_operator.py for tasks to queue
[2026-04-22T12:17:12.352+0530] {logging_mixin.py:188} INFO - [2026-04-22T12:17:12.352+0530] {dagbag.py:545} INFO - Filling up the DagBag from /Library/Frameworks/Python.framework/Versions/3.10/lib/python3.10/site-packages/airflow/example_dags/example_branch_operator.py
[2026-04-22T12:17:12.360+0530] {processor.py:842} WARNING - No viable dags retrieved from /Library/Frameworks/Python.framework/Versions/3.10/lib/python3.10/site-packages/airflow/example_dags/example_branch_operator.py
[2026-04-22T12:17:12.382+0530] {processor.py:183} INFO - Processing /Library/Frameworks/Python.framework/Versions/3.10/lib/python3.10/site-packages/airflow/example_dags/example_branch_operator.py took 0.032 seconds
[2026-04-22T12:21:00.178+0530] {processor.py:161} INFO - Started process (PID=72258) to work on /Library/Frameworks/Python.framework/Versions/3.10/lib/python3.10/site-packages/airflow/example_dags/example_branch_operator.py
[2026-04-22T12:21:00.178+0530] {processor.py:830} INFO - Processing file /Library/Frameworks/Python.framework/Versions/3.10/lib/python3.10/site-packages/airflow/example_dags/example_branch_operator.py for tasks to queue
[2026-04-22T12:21:00.178+0530] {logging_mixin.py:188} INFO - [2026-04-22T12:21:00.178+0530] {dagbag.py:545} INFO - Filling up the DagBag from /Library/Frameworks/Python.framework/Versions/3.10/lib/python3.10/site-packages/airflow/example_dags/example_branch_operator.py
[2026-04-22T12:21:00.185+0530] {processor.py:842} WARNING - No viable dags retrieved from /Library/Frameworks/Python.framework/Versions/3.10/lib/python3.10/site-packages/airflow/example_dags/example_branch_operator.py
[2026-04-22T12:21:00.208+0530] {processor.py:183} INFO - Processing /Library/Frameworks/Python.framework/Versions/3.10/lib/python3.10/site-packages/airflow/example_dags/example_branch_operator.py took 0.031 seconds
[2026-04-22T12:22:46.749+0530] {processor.py:161} INFO - Started process (PID=72482) to work on /Library/Frameworks/Python.framework/Versions/3.10/lib/python3.10/site-packages/airflow/example_dags/example_branch_operator.py
[2026-04-22T12:22:46.750+0530] {processor.py:830} INFO - Processing file /Library/Frameworks/Python.framework/Versions/3.10/lib/python3.10/site-packages/airflow/example_dags/example_branch_operator.py for tasks to queue
[2026-04-22T12:22:46.750+0530] {logging_mixin.py:188} INFO - [2026-04-22T12:22:46.750+0530] {dagbag.py:545} INFO - Filling up the DagBag from /Library/Frameworks/Python.framework/Versions/3.10/lib/python3.10/site-packages/airflow/example_dags/example_branch_operator.py
[2026-04-22T12:22:46.757+0530] {processor.py:842} WARNING - No viable dags retrieved from /Library/Frameworks/Python.framework/Versions/3.10/lib/python3.10/site-packages/airflow/example_dags/example_branch_operator.py
[2026-04-22T12:22:46.780+0530] {processor.py:183} INFO - Processing /Library/Frameworks/Python.framework/Versions/3.10/lib/python3.10/site-packages/airflow/example_dags/example_branch_operator.py took 0.033 seconds
[2026-04-22T12:24:29.132+0530] {processor.py:161} INFO - Started process (PID=72605) to work on /Library/Frameworks/Python.framework/Versions/3.10/lib/python3.10/site-packages/airflow/example_dags/example_branch_operator.py
[2026-04-22T12:24:29.134+0530] {processor.py:830} INFO - Processing file /Library/Frameworks/Python.framework/Versions/3.10/lib/python3.10/site-packages/airflow/example_dags/example_branch_operator.py for tasks to queue
[2026-04-22T12:24:29.134+0530] {logging_mixin.py:188} INFO - [2026-04-22T12:24:29.134+0530] {dagbag.py:545} INFO - Filling up the DagBag from /Library/Frameworks/Python.framework/Versions/3.10/lib/python3.10/site-packages/airflow/example_dags/example_branch_operator.py
[2026-04-22T12:24:29.141+0530] {processor.py:842} WARNING - No viable dags retrieved from /Library/Frameworks/Python.framework/Versions/3.10/lib/python3.10/site-packages/airflow/example_dags/example_branch_operator.py
[2026-04-22T12:24:29.164+0530] {processor.py:183} INFO - Processing /Library/Frameworks/Python.framework/Versions/3.10/lib/python3.10/site-packages/airflow/example_dags/example_branch_operator.py took 0.032 seconds
[2026-04-22T12:26:14.117+0530] {processor.py:161} INFO - Started process (PID=72886) to work on /Library/Frameworks/Python.framework/Versions/3.10/lib/python3.10/site-packages/airflow/example_dags/example_branch_operator.py
[2026-04-22T12:26:14.118+0530] {processor.py:830} INFO - Processing file /Library/Frameworks/Python.framework/Versions/3.10/lib/python3.10/site-packages/airflow/example_dags/example_branch_operator.py for tasks to queue
[2026-04-22T12:26:14.118+0530] {logging_mixin.py:188} INFO - [2026-04-22T12:26:14.118+0530] {dagbag.py:545} INFO - Filling up the DagBag from /Library/Frameworks/Python.framework/Versions/3.10/lib/python3.10/site-packages/airflow/example_dags/example_branch_operator.py
[2026-04-22T12:26:14.125+0530] {processor.py:842} WARNING - No viable dags retrieved from /Library/Frameworks/Python.framework/Versions/3.10/lib/python3.10/site-packages/airflow/example_dags/example_branch_operator.py
[2026-04-22T12:26:14.147+0530] {processor.py:183} INFO - Processing /Library/Frameworks/Python.framework/Versions/3.10/lib/python3.10/site-packages/airflow/example_dags/example_branch_operator.py took 0.031 seconds
[2026-04-22T12:28:01.896+0530] {processor.py:161} INFO - Started process (PID=73073) to work on /Library/Frameworks/Python.framework/Versions/3.10/lib/python3.10/site-packages/airflow/example_dags/example_branch_operator.py
[2026-04-22T12:28:01.897+0530] {processor.py:830} INFO - Processing file /Library/Frameworks/Python.framework/Versions/3.10/lib/python3.10/site-packages/airflow/example_dags/example_branch_operator.py for tasks to queue
[2026-04-22T12:28:01.897+0530] {logging_mixin.py:188} INFO - [2026-04-22T12:28:01.897+0530] {dagbag.py:545} INFO - Filling up the DagBag from /Library/Frameworks/Python.framework/Versions/3.10/lib/python3.10/site-packages/airflow/example_dags/example_branch_operator.py
[2026-04-22T12:28:01.904+0530] {processor.py:842} WARNING - No viable dags retrieved from /Library/Frameworks/Python.framework/Versions/3.10/lib/python3.10/site-packages/airflow/example_dags/example_branch_operator.py
[2026-04-22T12:28:01.926+0530] {processor.py:183} INFO - Processing /Library/Frameworks/Python.framework/Versions/3.10/lib/python3.10/site-packages/airflow/example_dags/example_branch_operator.py took 0.031 seconds
[2026-04-22T12:29:55.818+0530] {processor.py:161} INFO - Started process (PID=73292) to work on /Library/Frameworks/Python.framework/Versions/3.10/lib/python3.10/site-packages/airflow/example_dags/example_branch_operator.py
[2026-04-22T12:29:55.819+0530] {processor.py:830} INFO - Processing file /Library/Frameworks/Python.framework/Versions/3.10/lib/python3.10/site-packages/airflow/example_dags/example_branch_operator.py for tasks to queue
[2026-04-22T12:29:55.819+0530] {logging_mixin.py:188} INFO - [2026-04-22T12:29:55.819+0530] {dagbag.py:545} INFO - Filling up the DagBag from /Library/Frameworks/Python.framework/Versions/3.10/lib/python3.10/site-packages/airflow/example_dags/example_branch_operator.py
[2026-04-22T12:29:55.827+0530] {processor.py:842} WARNING - No viable dags retrieved from /Library/Frameworks/Python.framework/Versions/3.10/lib/python3.10/site-packages/airflow/example_dags/example_branch_operator.py
[2026-04-22T12:29:55.853+0530] {processor.py:183} INFO - Processing /Library/Frameworks/Python.framework/Versions/3.10/lib/python3.10/site-packages/airflow/example_dags/example_branch_operator.py took 0.036 seconds
[2026-04-22T12:31:45.534+0530] {processor.py:161} INFO - Started process (PID=73537) to work on /Library/Frameworks/Python.framework/Versions/3.10/lib/python3.10/site-packages/airflow/example_dags/example_branch_operator.py
[2026-04-22T12:31:45.535+0530] {processor.py:830} INFO - Processing file /Library/Frameworks/Python.framework/Versions/3.10/lib/python3.10/site-packages/airflow/example_dags/example_branch_operator.py for tasks to queue
[2026-04-22T12:31:45.535+0530] {logging_mixin.py:188} INFO - [2026-04-22T12:31:45.535+0530] {dagbag.py:545} INFO - Filling up the DagBag from /Library/Frameworks/Python.framework/Versions/3.10/lib/python3.10/site-packages/airflow/example_dags/example_branch_operator.py
[2026-04-22T12:31:45.542+0530] {processor.py:842} WARNING - No viable dags retrieved from /Library/Frameworks/Python.framework/Versions/3.10/lib/python3.10/site-packages/airflow/example_dags/example_branch_operator.py
[2026-04-22T12:31:45.565+0530] {processor.py:183} INFO - Processing /Library/Frameworks/Python.framework/Versions/3.10/lib/python3.10/site-packages/airflow/example_dags/example_branch_operator.py took 0.032 seconds
[2026-04-22T12:33:30.332+0530] {processor.py:161} INFO - Started process (PID=73728) to work on /Library/Frameworks/Python.framework/Versions/3.10/lib/python3.10/site-packages/airflow/example_dags/example_branch_operator.py
[2026-04-22T12:33:30.333+0530] {processor.py:830} INFO - Processing file /Library/Frameworks/Python.framework/Versions/3.10/lib/python3.10/site-packages/airflow/example_dags/example_branch_operator.py for tasks to queue
[2026-04-22T12:33:30.333+0530] {logging_mixin.py:188} INFO - [2026-04-22T12:33:30.333+0530] {dagbag.py:545} INFO - Filling up the DagBag from /Library/Frameworks/Python.framework/Versions/3.10/lib/python3.10/site-packages/airflow/example_dags/example_branch_operator.py
[2026-04-22T12:33:30.340+0530] {processor.py:842} WARNING - No viable dags retrieved from /Library/Frameworks/Python.framework/Versions/3.10/lib/python3.10/site-packages/airflow/example_dags/example_branch_operator.py
[2026-04-22T12:33:30.363+0530] {processor.py:183} INFO - Processing /Library/Frameworks/Python.framework/Versions/3.10/lib/python3.10/site-packages/airflow/example_dags/example_branch_operator.py took 0.032 seconds
[2026-04-22T12:35:14.224+0530] {processor.py:161} INFO - Started process (PID=73858) to work on /Library/Frameworks/Python.framework/Versions/3.10/lib/python3.10/site-packages/airflow/example_dags/example_branch_operator.py
[2026-04-22T12:35:14.224+0530] {processor.py:830} INFO - Processing file /Library/Frameworks/Python.framework/Versions/3.10/lib/python3.10/site-packages/airflow/example_dags/example_branch_operator.py for tasks to queue
[2026-04-22T12:35:14.224+0530] {logging_mixin.py:188} INFO - [2026-04-22T12:35:14.224+0530] {dagbag.py:545} INFO - Filling up the DagBag from /Library/Frameworks/Python.framework/Versions/3.10/lib/python3.10/site-packages/airflow/example_dags/example_branch_operator.py
[2026-04-22T12:35:14.232+0530] {processor.py:842} WARNING - No viable dags retrieved from /Library/Frameworks/Python.framework/Versions/3.10/lib/python3.10/site-packages/airflow/example_dags/example_branch_operator.py
[2026-04-22T12:35:14.254+0530] {processor.py:183} INFO - Processing /Library/Frameworks/Python.framework/Versions/3.10/lib/python3.10/site-packages/airflow/example_dags/example_branch_operator.py took 0.031 seconds
[2026-04-22T12:36:56.894+0530] {processor.py:161} INFO - Started process (PID=73986) to work on /Library/Frameworks/Python.framework/Versions/3.10/lib/python3.10/site-packages/airflow/example_dags/example_branch_operator.py
[2026-04-22T12:36:56.894+0530] {processor.py:830} INFO - Processing file /Library/Frameworks/Python.framework/Versions/3.10/lib/python3.10/site-packages/airflow/example_dags/example_branch_operator.py for tasks to queue
[2026-04-22T12:36:56.894+0530] {logging_mixin.py:188} INFO - [2026-04-22T12:36:56.894+0530] {dagbag.py:545} INFO - Filling up the DagBag from /Library/Frameworks/Python.framework/Versions/3.10/lib/python3.10/site-packages/airflow/example_dags/example_branch_operator.py
[2026-04-22T12:36:56.902+0530] {processor.py:842} WARNING - No viable dags retrieved from /Library/Frameworks/Python.framework/Versions/3.10/lib/python3.10/site-packages/airflow/example_dags/example_branch_operator.py
[2026-04-22T12:36:56.924+0530] {processor.py:183} INFO - Processing /Library/Frameworks/Python.framework/Versions/3.10/lib/python3.10/site-packages/airflow/example_dags/example_branch_operator.py took 0.031 seconds
[2026-04-22T12:38:51.476+0530] {processor.py:161} INFO - Started process (PID=74108) to work on /Library/Frameworks/Python.framework/Versions/3.10/lib/python3.10/site-packages/airflow/example_dags/example_branch_operator.py
[2026-04-22T12:38:51.476+0530] {processor.py:830} INFO - Processing file /Library/Frameworks/Python.framework/Versions/3.10/lib/python3.10/site-packages/airflow/example_dags/example_branch_operator.py for tasks to queue
[2026-04-22T12:38:51.476+0530] {logging_mixin.py:188} INFO - [2026-04-22T12:38:51.476+0530] {dagbag.py:545} INFO - Filling up the DagBag from /Library/Frameworks/Python.framework/Versions/3.10/lib/python3.10/site-packages/airflow/example_dags/example_branch_operator.py
[2026-04-22T12:38:51.484+0530] {processor.py:842} WARNING - No viable dags retrieved from /Library/Frameworks/Python.framework/Versions/3.10/lib/python3.10/site-packages/airflow/example_dags/example_branch_operator.py
[2026-04-22T12:38:51.507+0530] {processor.py:183} INFO - Processing /Library/Frameworks/Python.framework/Versions/3.10/lib/python3.10/site-packages/airflow/example_dags/example_branch_operator.py took 0.033 seconds
[2026-04-22T12:40:51.796+0530] {processor.py:161} INFO - Started process (PID=74254) to work on /Library/Frameworks/Python.framework/Versions/3.10/lib/python3.10/site-packages/airflow/example_dags/example_branch_operator.py
[2026-04-22T12:40:51.797+0530] {processor.py:830} INFO - Processing file /Library/Frameworks/Python.framework/Versions/3.10/lib/python3.10/site-packages/airflow/example_dags/example_branch_operator.py for tasks to queue
[2026-04-22T12:40:51.798+0530] {logging_mixin.py:188} INFO - [2026-04-22T12:40:51.798+0530] {dagbag.py:545} INFO - Filling up the DagBag from /Library/Frameworks/Python.framework/Versions/3.10/lib/python3.10/site-packages/airflow/example_dags/example_branch_operator.py
[2026-04-22T12:40:51.805+0530] {processor.py:842} WARNING - No viable dags retrieved from /Library/Frameworks/Python.framework/Versions/3.10/lib/python3.10/site-packages/airflow/example_dags/example_branch_operator.py
[2026-04-22T12:40:51.828+0530] {processor.py:183} INFO - Processing /Library/Frameworks/Python.framework/Versions/3.10/lib/python3.10/site-packages/airflow/example_dags/example_branch_operator.py took 0.032 seconds
[2026-04-22T12:42:48.096+0530] {processor.py:161} INFO - Started process (PID=74391) to work on /Library/Frameworks/Python.framework/Versions/3.10/lib/python3.10/site-packages/airflow/example_dags/example_branch_operator.py
[2026-04-22T12:42:48.096+0530] {processor.py:830} INFO - Processing file /Library/Frameworks/Python.framework/Versions/3.10/lib/python3.10/site-packages/airflow/example_dags/example_branch_operator.py for tasks to queue
[2026-04-22T12:42:48.096+0530] {logging_mixin.py:188} INFO - [2026-04-22T12:42:48.096+0530] {dagbag.py:545} INFO - Filling up the DagBag from /Library/Frameworks/Python.framework/Versions/3.10/lib/python3.10/site-packages/airflow/example_dags/example_branch_operator.py
[2026-04-22T12:42:48.103+0530] {processor.py:842} WARNING - No viable dags retrieved from /Library/Frameworks/Python.framework/Versions/3.10/lib/python3.10/site-packages/airflow/example_dags/example_branch_operator.py
[2026-04-22T12:42:48.126+0530] {processor.py:183} INFO - Processing /Library/Frameworks/Python.framework/Versions/3.10/lib/python3.10/site-packages/airflow/example_dags/example_branch_operator.py took 0.031 seconds
