[2026-04-22T05:58:02.282+0530] {processor.py:161} INFO - Started process (PID=68513) to work on /Library/Frameworks/Python.framework/Versions/3.10/lib/python3.10/site-packages/airflow/example_dags/example_time_delta_sensor_async.py
[2026-04-22T05:58:02.283+0530] {processor.py:830} INFO - Processing file /Library/Frameworks/Python.framework/Versions/3.10/lib/python3.10/site-packages/airflow/example_dags/example_time_delta_sensor_async.py for tasks to queue
[2026-04-22T05:58:02.283+0530] {logging_mixin.py:188} INFO - [2026-04-22T05:58:02.283+0530] {dagbag.py:545} INFO - Filling up the DagBag from /Library/Frameworks/Python.framework/Versions/3.10/lib/python3.10/site-packages/airflow/example_dags/example_time_delta_sensor_async.py
[2026-04-22T05:58:02.286+0530] {processor.py:840} INFO - DAG(s) 'example_time_delta_sensor_async' retrieved from /Library/Frameworks/Python.framework/Versions/3.10/lib/python3.10/site-packages/airflow/example_dags/example_time_delta_sensor_async.py
[2026-04-22T05:58:02.328+0530] {logging_mixin.py:188} INFO - [2026-04-22T05:58:02.328+0530] {dag.py:3096} INFO - Sync 1 DAGs
[2026-04-22T05:58:02.331+0530] {logging_mixin.py:188} INFO - [2026-04-22T05:58:02.331+0530] {dag.py:3954} INFO - Setting next_dagrun for example_time_delta_sensor_async to None, run_after=None
[2026-04-22T05:58:02.336+0530] {processor.py:183} INFO - Processing /Library/Frameworks/Python.framework/Versions/3.10/lib/python3.10/site-packages/airflow/example_dags/example_time_delta_sensor_async.py took 0.055 seconds
[2026-04-22T11:47:18.706+0530] {processor.py:161} INFO - Started process (PID=69288) to work on /Library/Frameworks/Python.framework/Versions/3.10/lib/python3.10/site-packages/airflow/example_dags/example_time_delta_sensor_async.py
[2026-04-22T11:47:18.707+0530] {processor.py:830} INFO - Processing file /Library/Frameworks/Python.framework/Versions/3.10/lib/python3.10/site-packages/airflow/example_dags/example_time_delta_sensor_async.py for tasks to queue
[2026-04-22T11:47:18.708+0530] {logging_mixin.py:188} INFO - [2026-04-22T11:47:18.708+0530] {dagbag.py:545} INFO - Filling up the DagBag from /Library/Frameworks/Python.framework/Versions/3.10/lib/python3.10/site-packages/airflow/example_dags/example_time_delta_sensor_async.py
[2026-04-22T11:47:18.711+0530] {processor.py:840} INFO - DAG(s) 'example_time_delta_sensor_async' retrieved from /Library/Frameworks/Python.framework/Versions/3.10/lib/python3.10/site-packages/airflow/example_dags/example_time_delta_sensor_async.py
[2026-04-22T11:47:18.748+0530] {logging_mixin.py:188} INFO - [2026-04-22T11:47:18.748+0530] {dag.py:3096} INFO - Sync 1 DAGs
[2026-04-22T11:47:18.751+0530] {logging_mixin.py:188} INFO - [2026-04-22T11:47:18.751+0530] {dag.py:3954} INFO - Setting next_dagrun for example_time_delta_sensor_async to None, run_after=None
[2026-04-22T11:47:18.756+0530] {processor.py:183} INFO - Processing /Library/Frameworks/Python.framework/Versions/3.10/lib/python3.10/site-packages/airflow/example_dags/example_time_delta_sensor_async.py took 0.051 seconds
[2026-04-22T11:48:07.259+0530] {processor.py:161} INFO - Started process (PID=69366) to work on /Library/Frameworks/Python.framework/Versions/3.10/lib/python3.10/site-packages/airflow/example_dags/example_time_delta_sensor_async.py
[2026-04-22T11:48:07.260+0530] {processor.py:830} INFO - Processing file /Library/Frameworks/Python.framework/Versions/3.10/lib/python3.10/site-packages/airflow/example_dags/example_time_delta_sensor_async.py for tasks to queue
[2026-04-22T11:48:07.260+0530] {logging_mixin.py:188} INFO - [2026-04-22T11:48:07.260+0530] {dagbag.py:545} INFO - Filling up the DagBag from /Library/Frameworks/Python.framework/Versions/3.10/lib/python3.10/site-packages/airflow/example_dags/example_time_delta_sensor_async.py
[2026-04-22T11:48:07.263+0530] {processor.py:840} INFO - DAG(s) 'example_time_delta_sensor_async' retrieved from /Library/Frameworks/Python.framework/Versions/3.10/lib/python3.10/site-packages/airflow/example_dags/example_time_delta_sensor_async.py
[2026-04-22T11:48:07.301+0530] {logging_mixin.py:188} INFO - [2026-04-22T11:48:07.301+0530] {dag.py:3096} INFO - Sync 1 DAGs
[2026-04-22T11:48:07.304+0530] {logging_mixin.py:188} INFO - [2026-04-22T11:48:07.304+0530] {dag.py:3954} INFO - Setting next_dagrun for example_time_delta_sensor_async to None, run_after=None
[2026-04-22T11:48:07.310+0530] {processor.py:183} INFO - Processing /Library/Frameworks/Python.framework/Versions/3.10/lib/python3.10/site-packages/airflow/example_dags/example_time_delta_sensor_async.py took 0.052 seconds
[2026-04-22T11:48:56.256+0530] {processor.py:161} INFO - Started process (PID=69454) to work on /Library/Frameworks/Python.framework/Versions/3.10/lib/python3.10/site-packages/airflow/example_dags/example_time_delta_sensor_async.py
[2026-04-22T11:48:56.257+0530] {processor.py:830} INFO - Processing file /Library/Frameworks/Python.framework/Versions/3.10/lib/python3.10/site-packages/airflow/example_dags/example_time_delta_sensor_async.py for tasks to queue
[2026-04-22T11:48:56.258+0530] {logging_mixin.py:188} INFO - [2026-04-22T11:48:56.258+0530] {dagbag.py:545} INFO - Filling up the DagBag from /Library/Frameworks/Python.framework/Versions/3.10/lib/python3.10/site-packages/airflow/example_dags/example_time_delta_sensor_async.py
[2026-04-22T11:48:56.261+0530] {processor.py:840} INFO - DAG(s) 'example_time_delta_sensor_async' retrieved from /Library/Frameworks/Python.framework/Versions/3.10/lib/python3.10/site-packages/airflow/example_dags/example_time_delta_sensor_async.py
[2026-04-22T11:48:56.299+0530] {logging_mixin.py:188} INFO - [2026-04-22T11:48:56.298+0530] {dag.py:3096} INFO - Sync 1 DAGs
[2026-04-22T11:48:56.301+0530] {logging_mixin.py:188} INFO - [2026-04-22T11:48:56.301+0530] {dag.py:3954} INFO - Setting next_dagrun for example_time_delta_sensor_async to None, run_after=None
[2026-04-22T11:48:56.306+0530] {processor.py:183} INFO - Processing /Library/Frameworks/Python.framework/Versions/3.10/lib/python3.10/site-packages/airflow/example_dags/example_time_delta_sensor_async.py took 0.051 seconds
[2026-04-22T11:49:51.604+0530] {processor.py:161} INFO - Started process (PID=69541) to work on /Library/Frameworks/Python.framework/Versions/3.10/lib/python3.10/site-packages/airflow/example_dags/example_time_delta_sensor_async.py
[2026-04-22T11:49:51.605+0530] {processor.py:830} INFO - Processing file /Library/Frameworks/Python.framework/Versions/3.10/lib/python3.10/site-packages/airflow/example_dags/example_time_delta_sensor_async.py for tasks to queue
[2026-04-22T11:49:51.605+0530] {logging_mixin.py:188} INFO - [2026-04-22T11:49:51.605+0530] {dagbag.py:545} INFO - Filling up the DagBag from /Library/Frameworks/Python.framework/Versions/3.10/lib/python3.10/site-packages/airflow/example_dags/example_time_delta_sensor_async.py
[2026-04-22T11:49:51.609+0530] {processor.py:840} INFO - DAG(s) 'example_time_delta_sensor_async' retrieved from /Library/Frameworks/Python.framework/Versions/3.10/lib/python3.10/site-packages/airflow/example_dags/example_time_delta_sensor_async.py
[2026-04-22T11:49:51.647+0530] {logging_mixin.py:188} INFO - [2026-04-22T11:49:51.647+0530] {dag.py:3096} INFO - Sync 1 DAGs
[2026-04-22T11:49:51.650+0530] {logging_mixin.py:188} INFO - [2026-04-22T11:49:51.650+0530] {dag.py:3954} INFO - Setting next_dagrun for example_time_delta_sensor_async to None, run_after=None
[2026-04-22T11:49:51.655+0530] {processor.py:183} INFO - Processing /Library/Frameworks/Python.framework/Versions/3.10/lib/python3.10/site-packages/airflow/example_dags/example_time_delta_sensor_async.py took 0.053 seconds
[2026-04-22T11:50:46.909+0530] {processor.py:161} INFO - Started process (PID=69638) to work on /Library/Frameworks/Python.framework/Versions/3.10/lib/python3.10/site-packages/airflow/example_dags/example_time_delta_sensor_async.py
[2026-04-22T11:50:46.910+0530] {processor.py:830} INFO - Processing file /Library/Frameworks/Python.framework/Versions/3.10/lib/python3.10/site-packages/airflow/example_dags/example_time_delta_sensor_async.py for tasks to queue
[2026-04-22T11:50:46.910+0530] {logging_mixin.py:188} INFO - [2026-04-22T11:50:46.910+0530] {dagbag.py:545} INFO - Filling up the DagBag from /Library/Frameworks/Python.framework/Versions/3.10/lib/python3.10/site-packages/airflow/example_dags/example_time_delta_sensor_async.py
[2026-04-22T11:50:46.913+0530] {processor.py:840} INFO - DAG(s) 'example_time_delta_sensor_async' retrieved from /Library/Frameworks/Python.framework/Versions/3.10/lib/python3.10/site-packages/airflow/example_dags/example_time_delta_sensor_async.py
[2026-04-22T11:50:46.951+0530] {logging_mixin.py:188} INFO - [2026-04-22T11:50:46.951+0530] {dag.py:3096} INFO - Sync 1 DAGs
[2026-04-22T11:50:46.954+0530] {logging_mixin.py:188} INFO - [2026-04-22T11:50:46.954+0530] {dag.py:3954} INFO - Setting next_dagrun for example_time_delta_sensor_async to None, run_after=None
[2026-04-22T11:50:46.959+0530] {processor.py:183} INFO - Processing /Library/Frameworks/Python.framework/Versions/3.10/lib/python3.10/site-packages/airflow/example_dags/example_time_delta_sensor_async.py took 0.051 seconds
[2026-04-22T12:09:43.739+0530] {processor.py:161} INFO - Started process (PID=70887) to work on /Library/Frameworks/Python.framework/Versions/3.10/lib/python3.10/site-packages/airflow/example_dags/example_time_delta_sensor_async.py
[2026-04-22T12:09:43.740+0530] {processor.py:830} INFO - Processing file /Library/Frameworks/Python.framework/Versions/3.10/lib/python3.10/site-packages/airflow/example_dags/example_time_delta_sensor_async.py for tasks to queue
[2026-04-22T12:09:43.740+0530] {logging_mixin.py:188} INFO - [2026-04-22T12:09:43.740+0530] {dagbag.py:545} INFO - Filling up the DagBag from /Library/Frameworks/Python.framework/Versions/3.10/lib/python3.10/site-packages/airflow/example_dags/example_time_delta_sensor_async.py
[2026-04-22T12:09:43.745+0530] {processor.py:840} INFO - DAG(s) 'example_time_delta_sensor_async' retrieved from /Library/Frameworks/Python.framework/Versions/3.10/lib/python3.10/site-packages/airflow/example_dags/example_time_delta_sensor_async.py
[2026-04-22T12:09:43.790+0530] {logging_mixin.py:188} INFO - [2026-04-22T12:09:43.790+0530] {dag.py:3096} INFO - Sync 1 DAGs
[2026-04-22T12:09:43.793+0530] {logging_mixin.py:188} INFO - [2026-04-22T12:09:43.793+0530] {dag.py:3954} INFO - Setting next_dagrun for example_time_delta_sensor_async to None, run_after=None
[2026-04-22T12:09:43.798+0530] {processor.py:183} INFO - Processing /Library/Frameworks/Python.framework/Versions/3.10/lib/python3.10/site-packages/airflow/example_dags/example_time_delta_sensor_async.py took 0.060 seconds
[2026-04-22T12:14:26.415+0530] {processor.py:161} INFO - Started process (PID=71239) to work on /Library/Frameworks/Python.framework/Versions/3.10/lib/python3.10/site-packages/airflow/example_dags/example_time_delta_sensor_async.py
[2026-04-22T12:14:26.416+0530] {processor.py:830} INFO - Processing file /Library/Frameworks/Python.framework/Versions/3.10/lib/python3.10/site-packages/airflow/example_dags/example_time_delta_sensor_async.py for tasks to queue
[2026-04-22T12:14:26.416+0530] {logging_mixin.py:188} INFO - [2026-04-22T12:14:26.416+0530] {dagbag.py:545} INFO - Filling up the DagBag from /Library/Frameworks/Python.framework/Versions/3.10/lib/python3.10/site-packages/airflow/example_dags/example_time_delta_sensor_async.py
[2026-04-22T12:14:26.419+0530] {processor.py:840} INFO - DAG(s) 'example_time_delta_sensor_async' retrieved from /Library/Frameworks/Python.framework/Versions/3.10/lib/python3.10/site-packages/airflow/example_dags/example_time_delta_sensor_async.py
[2026-04-22T12:14:26.456+0530] {logging_mixin.py:188} INFO - [2026-04-22T12:14:26.456+0530] {dag.py:3096} INFO - Sync 1 DAGs
[2026-04-22T12:14:26.459+0530] {logging_mixin.py:188} INFO - [2026-04-22T12:14:26.459+0530] {dag.py:3954} INFO - Setting next_dagrun for example_time_delta_sensor_async to None, run_after=None
[2026-04-22T12:14:26.464+0530] {processor.py:183} INFO - Processing /Library/Frameworks/Python.framework/Versions/3.10/lib/python3.10/site-packages/airflow/example_dags/example_time_delta_sensor_async.py took 0.050 seconds
[2026-04-22T12:18:50.400+0530] {processor.py:161} INFO - Started process (PID=71577) to work on /Library/Frameworks/Python.framework/Versions/3.10/lib/python3.10/site-packages/airflow/example_dags/example_time_delta_sensor_async.py
[2026-04-22T12:18:50.400+0530] {processor.py:830} INFO - Processing file /Library/Frameworks/Python.framework/Versions/3.10/lib/python3.10/site-packages/airflow/example_dags/example_time_delta_sensor_async.py for tasks to queue
[2026-04-22T12:18:50.401+0530] {logging_mixin.py:188} INFO - [2026-04-22T12:18:50.401+0530] {dagbag.py:545} INFO - Filling up the DagBag from /Library/Frameworks/Python.framework/Versions/3.10/lib/python3.10/site-packages/airflow/example_dags/example_time_delta_sensor_async.py
[2026-04-22T12:18:50.404+0530] {processor.py:840} INFO - DAG(s) 'example_time_delta_sensor_async' retrieved from /Library/Frameworks/Python.framework/Versions/3.10/lib/python3.10/site-packages/airflow/example_dags/example_time_delta_sensor_async.py
[2026-04-22T12:18:50.442+0530] {logging_mixin.py:188} INFO - [2026-04-22T12:18:50.442+0530] {dag.py:3096} INFO - Sync 1 DAGs
[2026-04-22T12:18:50.445+0530] {logging_mixin.py:188} INFO - [2026-04-22T12:18:50.445+0530] {dag.py:3954} INFO - Setting next_dagrun for example_time_delta_sensor_async to None, run_after=None
[2026-04-22T12:18:50.450+0530] {processor.py:183} INFO - Processing /Library/Frameworks/Python.framework/Versions/3.10/lib/python3.10/site-packages/airflow/example_dags/example_time_delta_sensor_async.py took 0.052 seconds
[2026-04-22T12:20:30.939+0530] {processor.py:161} INFO - Started process (PID=72192) to work on /Library/Frameworks/Python.framework/Versions/3.10/lib/python3.10/site-packages/airflow/example_dags/example_time_delta_sensor_async.py
[2026-04-22T12:20:30.942+0530] {processor.py:830} INFO - Processing file /Library/Frameworks/Python.framework/Versions/3.10/lib/python3.10/site-packages/airflow/example_dags/example_time_delta_sensor_async.py for tasks to queue
[2026-04-22T12:20:30.942+0530] {logging_mixin.py:188} INFO - [2026-04-22T12:20:30.942+0530] {dagbag.py:545} INFO - Filling up the DagBag from /Library/Frameworks/Python.framework/Versions/3.10/lib/python3.10/site-packages/airflow/example_dags/example_time_delta_sensor_async.py
[2026-04-22T12:20:30.945+0530] {processor.py:840} INFO - DAG(s) 'example_time_delta_sensor_async' retrieved from /Library/Frameworks/Python.framework/Versions/3.10/lib/python3.10/site-packages/airflow/example_dags/example_time_delta_sensor_async.py
[2026-04-22T12:20:30.984+0530] {logging_mixin.py:188} INFO - [2026-04-22T12:20:30.984+0530] {dag.py:3096} INFO - Sync 1 DAGs
[2026-04-22T12:20:30.987+0530] {logging_mixin.py:188} INFO - [2026-04-22T12:20:30.986+0530] {dag.py:3954} INFO - Setting next_dagrun for example_time_delta_sensor_async to None, run_after=None
[2026-04-22T12:20:30.992+0530] {processor.py:183} INFO - Processing /Library/Frameworks/Python.framework/Versions/3.10/lib/python3.10/site-packages/airflow/example_dags/example_time_delta_sensor_async.py took 0.054 seconds
[2026-04-22T12:21:24.988+0530] {processor.py:161} INFO - Started process (PID=72301) to work on /Library/Frameworks/Python.framework/Versions/3.10/lib/python3.10/site-packages/airflow/example_dags/example_time_delta_sensor_async.py
[2026-04-22T12:21:24.989+0530] {processor.py:830} INFO - Processing file /Library/Frameworks/Python.framework/Versions/3.10/lib/python3.10/site-packages/airflow/example_dags/example_time_delta_sensor_async.py for tasks to queue
[2026-04-22T12:21:24.989+0530] {logging_mixin.py:188} INFO - [2026-04-22T12:21:24.989+0530] {dagbag.py:545} INFO - Filling up the DagBag from /Library/Frameworks/Python.framework/Versions/3.10/lib/python3.10/site-packages/airflow/example_dags/example_time_delta_sensor_async.py
[2026-04-22T12:21:24.991+0530] {processor.py:840} INFO - DAG(s) 'example_time_delta_sensor_async' retrieved from /Library/Frameworks/Python.framework/Versions/3.10/lib/python3.10/site-packages/airflow/example_dags/example_time_delta_sensor_async.py
[2026-04-22T12:21:25.029+0530] {logging_mixin.py:188} INFO - [2026-04-22T12:21:25.029+0530] {dag.py:3096} INFO - Sync 1 DAGs
[2026-04-22T12:21:25.032+0530] {logging_mixin.py:188} INFO - [2026-04-22T12:21:25.032+0530] {dag.py:3954} INFO - Setting next_dagrun for example_time_delta_sensor_async to None, run_after=None
[2026-04-22T12:21:25.037+0530] {processor.py:183} INFO - Processing /Library/Frameworks/Python.framework/Versions/3.10/lib/python3.10/site-packages/airflow/example_dags/example_time_delta_sensor_async.py took 0.050 seconds
[2026-04-22T12:22:20.471+0530] {processor.py:161} INFO - Started process (PID=72443) to work on /Library/Frameworks/Python.framework/Versions/3.10/lib/python3.10/site-packages/airflow/example_dags/example_time_delta_sensor_async.py
[2026-04-22T12:22:20.471+0530] {processor.py:830} INFO - Processing file /Library/Frameworks/Python.framework/Versions/3.10/lib/python3.10/site-packages/airflow/example_dags/example_time_delta_sensor_async.py for tasks to queue
[2026-04-22T12:22:20.471+0530] {logging_mixin.py:188} INFO - [2026-04-22T12:22:20.471+0530] {dagbag.py:545} INFO - Filling up the DagBag from /Library/Frameworks/Python.framework/Versions/3.10/lib/python3.10/site-packages/airflow/example_dags/example_time_delta_sensor_async.py
[2026-04-22T12:22:20.475+0530] {processor.py:840} INFO - DAG(s) 'example_time_delta_sensor_async' retrieved from /Library/Frameworks/Python.framework/Versions/3.10/lib/python3.10/site-packages/airflow/example_dags/example_time_delta_sensor_async.py
[2026-04-22T12:22:20.516+0530] {logging_mixin.py:188} INFO - [2026-04-22T12:22:20.516+0530] {dag.py:3096} INFO - Sync 1 DAGs
[2026-04-22T12:22:20.519+0530] {logging_mixin.py:188} INFO - [2026-04-22T12:22:20.519+0530] {dag.py:3954} INFO - Setting next_dagrun for example_time_delta_sensor_async to None, run_after=None
[2026-04-22T12:22:20.526+0530] {processor.py:183} INFO - Processing /Library/Frameworks/Python.framework/Versions/3.10/lib/python3.10/site-packages/airflow/example_dags/example_time_delta_sensor_async.py took 0.057 seconds
[2026-04-22T12:24:01.648+0530] {processor.py:161} INFO - Started process (PID=72576) to work on /Library/Frameworks/Python.framework/Versions/3.10/lib/python3.10/site-packages/airflow/example_dags/example_time_delta_sensor_async.py
[2026-04-22T12:24:01.649+0530] {processor.py:830} INFO - Processing file /Library/Frameworks/Python.framework/Versions/3.10/lib/python3.10/site-packages/airflow/example_dags/example_time_delta_sensor_async.py for tasks to queue
[2026-04-22T12:24:01.649+0530] {logging_mixin.py:188} INFO - [2026-04-22T12:24:01.649+0530] {dagbag.py:545} INFO - Filling up the DagBag from /Library/Frameworks/Python.framework/Versions/3.10/lib/python3.10/site-packages/airflow/example_dags/example_time_delta_sensor_async.py
[2026-04-22T12:24:01.652+0530] {processor.py:840} INFO - DAG(s) 'example_time_delta_sensor_async' retrieved from /Library/Frameworks/Python.framework/Versions/3.10/lib/python3.10/site-packages/airflow/example_dags/example_time_delta_sensor_async.py
[2026-04-22T12:24:01.690+0530] {logging_mixin.py:188} INFO - [2026-04-22T12:24:01.690+0530] {dag.py:3096} INFO - Sync 1 DAGs
[2026-04-22T12:24:01.693+0530] {logging_mixin.py:188} INFO - [2026-04-22T12:24:01.693+0530] {dag.py:3954} INFO - Setting next_dagrun for example_time_delta_sensor_async to None, run_after=None
[2026-04-22T12:24:01.698+0530] {processor.py:183} INFO - Processing /Library/Frameworks/Python.framework/Versions/3.10/lib/python3.10/site-packages/airflow/example_dags/example_time_delta_sensor_async.py took 0.051 seconds
[2026-04-22T12:25:45.783+0530] {processor.py:161} INFO - Started process (PID=72831) to work on /Library/Frameworks/Python.framework/Versions/3.10/lib/python3.10/site-packages/airflow/example_dags/example_time_delta_sensor_async.py
[2026-04-22T12:25:45.784+0530] {processor.py:830} INFO - Processing file /Library/Frameworks/Python.framework/Versions/3.10/lib/python3.10/site-packages/airflow/example_dags/example_time_delta_sensor_async.py for tasks to queue
[2026-04-22T12:25:45.785+0530] {logging_mixin.py:188} INFO - [2026-04-22T12:25:45.785+0530] {dagbag.py:545} INFO - Filling up the DagBag from /Library/Frameworks/Python.framework/Versions/3.10/lib/python3.10/site-packages/airflow/example_dags/example_time_delta_sensor_async.py
[2026-04-22T12:25:45.788+0530] {processor.py:840} INFO - DAG(s) 'example_time_delta_sensor_async' retrieved from /Library/Frameworks/Python.framework/Versions/3.10/lib/python3.10/site-packages/airflow/example_dags/example_time_delta_sensor_async.py
[2026-04-22T12:25:45.825+0530] {logging_mixin.py:188} INFO - [2026-04-22T12:25:45.825+0530] {dag.py:3096} INFO - Sync 1 DAGs
[2026-04-22T12:25:45.828+0530] {logging_mixin.py:188} INFO - [2026-04-22T12:25:45.828+0530] {dag.py:3954} INFO - Setting next_dagrun for example_time_delta_sensor_async to None, run_after=None
[2026-04-22T12:25:45.833+0530] {processor.py:183} INFO - Processing /Library/Frameworks/Python.framework/Versions/3.10/lib/python3.10/site-packages/airflow/example_dags/example_time_delta_sensor_async.py took 0.050 seconds
[2026-04-22T12:27:31.000+0530] {processor.py:161} INFO - Started process (PID=73008) to work on /Library/Frameworks/Python.framework/Versions/3.10/lib/python3.10/site-packages/airflow/example_dags/example_time_delta_sensor_async.py
[2026-04-22T12:27:31.001+0530] {processor.py:830} INFO - Processing file /Library/Frameworks/Python.framework/Versions/3.10/lib/python3.10/site-packages/airflow/example_dags/example_time_delta_sensor_async.py for tasks to queue
[2026-04-22T12:27:31.001+0530] {logging_mixin.py:188} INFO - [2026-04-22T12:27:31.001+0530] {dagbag.py:545} INFO - Filling up the DagBag from /Library/Frameworks/Python.framework/Versions/3.10/lib/python3.10/site-packages/airflow/example_dags/example_time_delta_sensor_async.py
[2026-04-22T12:27:31.004+0530] {processor.py:840} INFO - DAG(s) 'example_time_delta_sensor_async' retrieved from /Library/Frameworks/Python.framework/Versions/3.10/lib/python3.10/site-packages/airflow/example_dags/example_time_delta_sensor_async.py
[2026-04-22T12:27:31.044+0530] {logging_mixin.py:188} INFO - [2026-04-22T12:27:31.044+0530] {dag.py:3096} INFO - Sync 1 DAGs
[2026-04-22T12:27:31.047+0530] {logging_mixin.py:188} INFO - [2026-04-22T12:27:31.046+0530] {dag.py:3954} INFO - Setting next_dagrun for example_time_delta_sensor_async to None, run_after=None
[2026-04-22T12:27:31.052+0530] {processor.py:183} INFO - Processing /Library/Frameworks/Python.framework/Versions/3.10/lib/python3.10/site-packages/airflow/example_dags/example_time_delta_sensor_async.py took 0.053 seconds
[2026-04-22T12:28:29.319+0530] {processor.py:161} INFO - Started process (PID=73140) to work on /Library/Frameworks/Python.framework/Versions/3.10/lib/python3.10/site-packages/airflow/example_dags/example_time_delta_sensor_async.py
[2026-04-22T12:28:29.320+0530] {processor.py:830} INFO - Processing file /Library/Frameworks/Python.framework/Versions/3.10/lib/python3.10/site-packages/airflow/example_dags/example_time_delta_sensor_async.py for tasks to queue
[2026-04-22T12:28:29.320+0530] {logging_mixin.py:188} INFO - [2026-04-22T12:28:29.320+0530] {dagbag.py:545} INFO - Filling up the DagBag from /Library/Frameworks/Python.framework/Versions/3.10/lib/python3.10/site-packages/airflow/example_dags/example_time_delta_sensor_async.py
[2026-04-22T12:28:29.323+0530] {processor.py:840} INFO - DAG(s) 'example_time_delta_sensor_async' retrieved from /Library/Frameworks/Python.framework/Versions/3.10/lib/python3.10/site-packages/airflow/example_dags/example_time_delta_sensor_async.py
[2026-04-22T12:28:29.369+0530] {logging_mixin.py:188} INFO - [2026-04-22T12:28:29.369+0530] {dag.py:3096} INFO - Sync 1 DAGs
[2026-04-22T12:28:29.372+0530] {logging_mixin.py:188} INFO - [2026-04-22T12:28:29.372+0530] {dag.py:3954} INFO - Setting next_dagrun for example_time_delta_sensor_async to None, run_after=None
[2026-04-22T12:28:29.378+0530] {processor.py:183} INFO - Processing /Library/Frameworks/Python.framework/Versions/3.10/lib/python3.10/site-packages/airflow/example_dags/example_time_delta_sensor_async.py took 0.060 seconds
[2026-04-22T12:29:27.097+0530] {processor.py:161} INFO - Started process (PID=73233) to work on /Library/Frameworks/Python.framework/Versions/3.10/lib/python3.10/site-packages/airflow/example_dags/example_time_delta_sensor_async.py
[2026-04-22T12:29:27.100+0530] {processor.py:830} INFO - Processing file /Library/Frameworks/Python.framework/Versions/3.10/lib/python3.10/site-packages/airflow/example_dags/example_time_delta_sensor_async.py for tasks to queue
[2026-04-22T12:29:27.101+0530] {logging_mixin.py:188} INFO - [2026-04-22T12:29:27.101+0530] {dagbag.py:545} INFO - Filling up the DagBag from /Library/Frameworks/Python.framework/Versions/3.10/lib/python3.10/site-packages/airflow/example_dags/example_time_delta_sensor_async.py
[2026-04-22T12:29:27.104+0530] {processor.py:840} INFO - DAG(s) 'example_time_delta_sensor_async' retrieved from /Library/Frameworks/Python.framework/Versions/3.10/lib/python3.10/site-packages/airflow/example_dags/example_time_delta_sensor_async.py
[2026-04-22T12:29:27.146+0530] {logging_mixin.py:188} INFO - [2026-04-22T12:29:27.146+0530] {dag.py:3096} INFO - Sync 1 DAGs
[2026-04-22T12:29:27.148+0530] {logging_mixin.py:188} INFO - [2026-04-22T12:29:27.148+0530] {dag.py:3954} INFO - Setting next_dagrun for example_time_delta_sensor_async to None, run_after=None
[2026-04-22T12:29:27.154+0530] {processor.py:183} INFO - Processing /Library/Frameworks/Python.framework/Versions/3.10/lib/python3.10/site-packages/airflow/example_dags/example_time_delta_sensor_async.py took 0.057 seconds
[2026-04-22T12:31:15.604+0530] {processor.py:161} INFO - Started process (PID=73476) to work on /Library/Frameworks/Python.framework/Versions/3.10/lib/python3.10/site-packages/airflow/example_dags/example_time_delta_sensor_async.py
[2026-04-22T12:31:15.604+0530] {processor.py:830} INFO - Processing file /Library/Frameworks/Python.framework/Versions/3.10/lib/python3.10/site-packages/airflow/example_dags/example_time_delta_sensor_async.py for tasks to queue
[2026-04-22T12:31:15.605+0530] {logging_mixin.py:188} INFO - [2026-04-22T12:31:15.605+0530] {dagbag.py:545} INFO - Filling up the DagBag from /Library/Frameworks/Python.framework/Versions/3.10/lib/python3.10/site-packages/airflow/example_dags/example_time_delta_sensor_async.py
[2026-04-22T12:31:15.608+0530] {processor.py:840} INFO - DAG(s) 'example_time_delta_sensor_async' retrieved from /Library/Frameworks/Python.framework/Versions/3.10/lib/python3.10/site-packages/airflow/example_dags/example_time_delta_sensor_async.py
[2026-04-22T12:31:15.646+0530] {logging_mixin.py:188} INFO - [2026-04-22T12:31:15.646+0530] {dag.py:3096} INFO - Sync 1 DAGs
[2026-04-22T12:31:15.649+0530] {logging_mixin.py:188} INFO - [2026-04-22T12:31:15.649+0530] {dag.py:3954} INFO - Setting next_dagrun for example_time_delta_sensor_async to None, run_after=None
[2026-04-22T12:31:15.654+0530] {processor.py:183} INFO - Processing /Library/Frameworks/Python.framework/Versions/3.10/lib/python3.10/site-packages/airflow/example_dags/example_time_delta_sensor_async.py took 0.051 seconds
[2026-04-22T12:32:09.839+0530] {processor.py:161} INFO - Started process (PID=73587) to work on /Library/Frameworks/Python.framework/Versions/3.10/lib/python3.10/site-packages/airflow/example_dags/example_time_delta_sensor_async.py
[2026-04-22T12:32:09.839+0530] {processor.py:830} INFO - Processing file /Library/Frameworks/Python.framework/Versions/3.10/lib/python3.10/site-packages/airflow/example_dags/example_time_delta_sensor_async.py for tasks to queue
[2026-04-22T12:32:09.840+0530] {logging_mixin.py:188} INFO - [2026-04-22T12:32:09.839+0530] {dagbag.py:545} INFO - Filling up the DagBag from /Library/Frameworks/Python.framework/Versions/3.10/lib/python3.10/site-packages/airflow/example_dags/example_time_delta_sensor_async.py
[2026-04-22T12:32:09.843+0530] {processor.py:840} INFO - DAG(s) 'example_time_delta_sensor_async' retrieved from /Library/Frameworks/Python.framework/Versions/3.10/lib/python3.10/site-packages/airflow/example_dags/example_time_delta_sensor_async.py
[2026-04-22T12:32:09.879+0530] {logging_mixin.py:188} INFO - [2026-04-22T12:32:09.879+0530] {dag.py:3096} INFO - Sync 1 DAGs
[2026-04-22T12:32:09.882+0530] {logging_mixin.py:188} INFO - [2026-04-22T12:32:09.882+0530] {dag.py:3954} INFO - Setting next_dagrun for example_time_delta_sensor_async to None, run_after=None
[2026-04-22T12:32:09.887+0530] {processor.py:183} INFO - Processing /Library/Frameworks/Python.framework/Versions/3.10/lib/python3.10/site-packages/airflow/example_dags/example_time_delta_sensor_async.py took 0.049 seconds
[2026-04-22T12:33:54.425+0530] {processor.py:161} INFO - Started process (PID=73755) to work on /Library/Frameworks/Python.framework/Versions/3.10/lib/python3.10/site-packages/airflow/example_dags/example_time_delta_sensor_async.py
[2026-04-22T12:33:54.426+0530] {processor.py:830} INFO - Processing file /Library/Frameworks/Python.framework/Versions/3.10/lib/python3.10/site-packages/airflow/example_dags/example_time_delta_sensor_async.py for tasks to queue
[2026-04-22T12:33:54.426+0530] {logging_mixin.py:188} INFO - [2026-04-22T12:33:54.426+0530] {dagbag.py:545} INFO - Filling up the DagBag from /Library/Frameworks/Python.framework/Versions/3.10/lib/python3.10/site-packages/airflow/example_dags/example_time_delta_sensor_async.py
[2026-04-22T12:33:54.429+0530] {processor.py:840} INFO - DAG(s) 'example_time_delta_sensor_async' retrieved from /Library/Frameworks/Python.framework/Versions/3.10/lib/python3.10/site-packages/airflow/example_dags/example_time_delta_sensor_async.py
[2026-04-22T12:33:54.465+0530] {logging_mixin.py:188} INFO - [2026-04-22T12:33:54.465+0530] {dag.py:3096} INFO - Sync 1 DAGs
[2026-04-22T12:33:54.468+0530] {logging_mixin.py:188} INFO - [2026-04-22T12:33:54.468+0530] {dag.py:3954} INFO - Setting next_dagrun for example_time_delta_sensor_async to None, run_after=None
[2026-04-22T12:33:54.473+0530] {processor.py:183} INFO - Processing /Library/Frameworks/Python.framework/Versions/3.10/lib/python3.10/site-packages/airflow/example_dags/example_time_delta_sensor_async.py took 0.049 seconds
[2026-04-22T12:35:39.030+0530] {processor.py:161} INFO - Started process (PID=73893) to work on /Library/Frameworks/Python.framework/Versions/3.10/lib/python3.10/site-packages/airflow/example_dags/example_time_delta_sensor_async.py
[2026-04-22T12:35:39.031+0530] {processor.py:830} INFO - Processing file /Library/Frameworks/Python.framework/Versions/3.10/lib/python3.10/site-packages/airflow/example_dags/example_time_delta_sensor_async.py for tasks to queue
[2026-04-22T12:35:39.031+0530] {logging_mixin.py:188} INFO - [2026-04-22T12:35:39.031+0530] {dagbag.py:545} INFO - Filling up the DagBag from /Library/Frameworks/Python.framework/Versions/3.10/lib/python3.10/site-packages/airflow/example_dags/example_time_delta_sensor_async.py
[2026-04-22T12:35:39.034+0530] {processor.py:840} INFO - DAG(s) 'example_time_delta_sensor_async' retrieved from /Library/Frameworks/Python.framework/Versions/3.10/lib/python3.10/site-packages/airflow/example_dags/example_time_delta_sensor_async.py
[2026-04-22T12:35:39.071+0530] {logging_mixin.py:188} INFO - [2026-04-22T12:35:39.071+0530] {dag.py:3096} INFO - Sync 1 DAGs
[2026-04-22T12:35:39.073+0530] {logging_mixin.py:188} INFO - [2026-04-22T12:35:39.073+0530] {dag.py:3954} INFO - Setting next_dagrun for example_time_delta_sensor_async to None, run_after=None
[2026-04-22T12:35:39.078+0530] {processor.py:183} INFO - Processing /Library/Frameworks/Python.framework/Versions/3.10/lib/python3.10/site-packages/airflow/example_dags/example_time_delta_sensor_async.py took 0.049 seconds
[2026-04-22T12:37:21.856+0530] {processor.py:161} INFO - Started process (PID=74014) to work on /Library/Frameworks/Python.framework/Versions/3.10/lib/python3.10/site-packages/airflow/example_dags/example_time_delta_sensor_async.py
[2026-04-22T12:37:21.857+0530] {processor.py:830} INFO - Processing file /Library/Frameworks/Python.framework/Versions/3.10/lib/python3.10/site-packages/airflow/example_dags/example_time_delta_sensor_async.py for tasks to queue
[2026-04-22T12:37:21.857+0530] {logging_mixin.py:188} INFO - [2026-04-22T12:37:21.857+0530] {dagbag.py:545} INFO - Filling up the DagBag from /Library/Frameworks/Python.framework/Versions/3.10/lib/python3.10/site-packages/airflow/example_dags/example_time_delta_sensor_async.py
[2026-04-22T12:37:21.860+0530] {processor.py:840} INFO - DAG(s) 'example_time_delta_sensor_async' retrieved from /Library/Frameworks/Python.framework/Versions/3.10/lib/python3.10/site-packages/airflow/example_dags/example_time_delta_sensor_async.py
[2026-04-22T12:37:21.900+0530] {logging_mixin.py:188} INFO - [2026-04-22T12:37:21.900+0530] {dag.py:3096} INFO - Sync 1 DAGs
[2026-04-22T12:37:21.903+0530] {logging_mixin.py:188} INFO - [2026-04-22T12:37:21.902+0530] {dag.py:3954} INFO - Setting next_dagrun for example_time_delta_sensor_async to None, run_after=None
[2026-04-22T12:37:21.910+0530] {processor.py:183} INFO - Processing /Library/Frameworks/Python.framework/Versions/3.10/lib/python3.10/site-packages/airflow/example_dags/example_time_delta_sensor_async.py took 0.054 seconds
[2026-04-22T12:38:18.976+0530] {processor.py:161} INFO - Started process (PID=74079) to work on /Library/Frameworks/Python.framework/Versions/3.10/lib/python3.10/site-packages/airflow/example_dags/example_time_delta_sensor_async.py
[2026-04-22T12:38:18.979+0530] {processor.py:830} INFO - Processing file /Library/Frameworks/Python.framework/Versions/3.10/lib/python3.10/site-packages/airflow/example_dags/example_time_delta_sensor_async.py for tasks to queue
[2026-04-22T12:38:18.980+0530] {logging_mixin.py:188} INFO - [2026-04-22T12:38:18.980+0530] {dagbag.py:545} INFO - Filling up the DagBag from /Library/Frameworks/Python.framework/Versions/3.10/lib/python3.10/site-packages/airflow/example_dags/example_time_delta_sensor_async.py
[2026-04-22T12:38:18.984+0530] {processor.py:840} INFO - DAG(s) 'example_time_delta_sensor_async' retrieved from /Library/Frameworks/Python.framework/Versions/3.10/lib/python3.10/site-packages/airflow/example_dags/example_time_delta_sensor_async.py
[2026-04-22T12:38:19.026+0530] {logging_mixin.py:188} INFO - [2026-04-22T12:38:19.026+0530] {dag.py:3096} INFO - Sync 1 DAGs
[2026-04-22T12:38:19.029+0530] {logging_mixin.py:188} INFO - [2026-04-22T12:38:19.029+0530] {dag.py:3954} INFO - Setting next_dagrun for example_time_delta_sensor_async to None, run_after=None
[2026-04-22T12:38:19.036+0530] {processor.py:183} INFO - Processing /Library/Frameworks/Python.framework/Versions/3.10/lib/python3.10/site-packages/airflow/example_dags/example_time_delta_sensor_async.py took 0.061 seconds
[2026-04-22T12:39:18.976+0530] {processor.py:161} INFO - Started process (PID=74144) to work on /Library/Frameworks/Python.framework/Versions/3.10/lib/python3.10/site-packages/airflow/example_dags/example_time_delta_sensor_async.py
[2026-04-22T12:39:18.977+0530] {processor.py:830} INFO - Processing file /Library/Frameworks/Python.framework/Versions/3.10/lib/python3.10/site-packages/airflow/example_dags/example_time_delta_sensor_async.py for tasks to queue
[2026-04-22T12:39:18.977+0530] {logging_mixin.py:188} INFO - [2026-04-22T12:39:18.977+0530] {dagbag.py:545} INFO - Filling up the DagBag from /Library/Frameworks/Python.framework/Versions/3.10/lib/python3.10/site-packages/airflow/example_dags/example_time_delta_sensor_async.py
[2026-04-22T12:39:18.980+0530] {processor.py:840} INFO - DAG(s) 'example_time_delta_sensor_async' retrieved from /Library/Frameworks/Python.framework/Versions/3.10/lib/python3.10/site-packages/airflow/example_dags/example_time_delta_sensor_async.py
[2026-04-22T12:39:19.016+0530] {logging_mixin.py:188} INFO - [2026-04-22T12:39:19.016+0530] {dag.py:3096} INFO - Sync 1 DAGs
[2026-04-22T12:39:19.019+0530] {logging_mixin.py:188} INFO - [2026-04-22T12:39:19.019+0530] {dag.py:3954} INFO - Setting next_dagrun for example_time_delta_sensor_async to None, run_after=None
[2026-04-22T12:39:19.024+0530] {processor.py:183} INFO - Processing /Library/Frameworks/Python.framework/Versions/3.10/lib/python3.10/site-packages/airflow/example_dags/example_time_delta_sensor_async.py took 0.050 seconds
[2026-04-22T12:40:19.039+0530] {processor.py:161} INFO - Started process (PID=74218) to work on /Library/Frameworks/Python.framework/Versions/3.10/lib/python3.10/site-packages/airflow/example_dags/example_time_delta_sensor_async.py
[2026-04-22T12:40:19.041+0530] {processor.py:830} INFO - Processing file /Library/Frameworks/Python.framework/Versions/3.10/lib/python3.10/site-packages/airflow/example_dags/example_time_delta_sensor_async.py for tasks to queue
[2026-04-22T12:40:19.041+0530] {logging_mixin.py:188} INFO - [2026-04-22T12:40:19.041+0530] {dagbag.py:545} INFO - Filling up the DagBag from /Library/Frameworks/Python.framework/Versions/3.10/lib/python3.10/site-packages/airflow/example_dags/example_time_delta_sensor_async.py
[2026-04-22T12:40:19.044+0530] {processor.py:840} INFO - DAG(s) 'example_time_delta_sensor_async' retrieved from /Library/Frameworks/Python.framework/Versions/3.10/lib/python3.10/site-packages/airflow/example_dags/example_time_delta_sensor_async.py
[2026-04-22T12:40:19.081+0530] {logging_mixin.py:188} INFO - [2026-04-22T12:40:19.081+0530] {dag.py:3096} INFO - Sync 1 DAGs
[2026-04-22T12:40:19.084+0530] {logging_mixin.py:188} INFO - [2026-04-22T12:40:19.084+0530] {dag.py:3954} INFO - Setting next_dagrun for example_time_delta_sensor_async to None, run_after=None
[2026-04-22T12:40:19.089+0530] {processor.py:183} INFO - Processing /Library/Frameworks/Python.framework/Versions/3.10/lib/python3.10/site-packages/airflow/example_dags/example_time_delta_sensor_async.py took 0.050 seconds
[2026-04-22T12:41:19.674+0530] {processor.py:161} INFO - Started process (PID=74289) to work on /Library/Frameworks/Python.framework/Versions/3.10/lib/python3.10/site-packages/airflow/example_dags/example_time_delta_sensor_async.py
[2026-04-22T12:41:19.675+0530] {processor.py:830} INFO - Processing file /Library/Frameworks/Python.framework/Versions/3.10/lib/python3.10/site-packages/airflow/example_dags/example_time_delta_sensor_async.py for tasks to queue
[2026-04-22T12:41:19.675+0530] {logging_mixin.py:188} INFO - [2026-04-22T12:41:19.675+0530] {dagbag.py:545} INFO - Filling up the DagBag from /Library/Frameworks/Python.framework/Versions/3.10/lib/python3.10/site-packages/airflow/example_dags/example_time_delta_sensor_async.py
[2026-04-22T12:41:19.679+0530] {processor.py:840} INFO - DAG(s) 'example_time_delta_sensor_async' retrieved from /Library/Frameworks/Python.framework/Versions/3.10/lib/python3.10/site-packages/airflow/example_dags/example_time_delta_sensor_async.py
[2026-04-22T12:41:19.721+0530] {logging_mixin.py:188} INFO - [2026-04-22T12:41:19.721+0530] {dag.py:3096} INFO - Sync 1 DAGs
[2026-04-22T12:41:19.725+0530] {logging_mixin.py:188} INFO - [2026-04-22T12:41:19.725+0530] {dag.py:3954} INFO - Setting next_dagrun for example_time_delta_sensor_async to None, run_after=None
[2026-04-22T12:41:19.732+0530] {processor.py:183} INFO - Processing /Library/Frameworks/Python.framework/Versions/3.10/lib/python3.10/site-packages/airflow/example_dags/example_time_delta_sensor_async.py took 0.058 seconds
[2026-04-22T12:42:16.793+0530] {processor.py:161} INFO - Started process (PID=74358) to work on /Library/Frameworks/Python.framework/Versions/3.10/lib/python3.10/site-packages/airflow/example_dags/example_time_delta_sensor_async.py
[2026-04-22T12:42:16.793+0530] {processor.py:830} INFO - Processing file /Library/Frameworks/Python.framework/Versions/3.10/lib/python3.10/site-packages/airflow/example_dags/example_time_delta_sensor_async.py for tasks to queue
[2026-04-22T12:42:16.794+0530] {logging_mixin.py:188} INFO - [2026-04-22T12:42:16.794+0530] {dagbag.py:545} INFO - Filling up the DagBag from /Library/Frameworks/Python.framework/Versions/3.10/lib/python3.10/site-packages/airflow/example_dags/example_time_delta_sensor_async.py
[2026-04-22T12:42:16.797+0530] {processor.py:840} INFO - DAG(s) 'example_time_delta_sensor_async' retrieved from /Library/Frameworks/Python.framework/Versions/3.10/lib/python3.10/site-packages/airflow/example_dags/example_time_delta_sensor_async.py
[2026-04-22T12:42:16.834+0530] {logging_mixin.py:188} INFO - [2026-04-22T12:42:16.833+0530] {dag.py:3096} INFO - Sync 1 DAGs
[2026-04-22T12:42:16.836+0530] {logging_mixin.py:188} INFO - [2026-04-22T12:42:16.836+0530] {dag.py:3954} INFO - Setting next_dagrun for example_time_delta_sensor_async to None, run_after=None
[2026-04-22T12:42:16.841+0530] {processor.py:183} INFO - Processing /Library/Frameworks/Python.framework/Versions/3.10/lib/python3.10/site-packages/airflow/example_dags/example_time_delta_sensor_async.py took 0.049 seconds
