[2026-04-22T05:58:07.068+0530] {processor.py:161} INFO - Started process (PID=68518) to work on /Library/Frameworks/Python.framework/Versions/3.10/lib/python3.10/site-packages/airflow/example_dags/example_skip_dag.py
[2026-04-22T05:58:07.068+0530] {processor.py:830} INFO - Processing file /Library/Frameworks/Python.framework/Versions/3.10/lib/python3.10/site-packages/airflow/example_dags/example_skip_dag.py for tasks to queue
[2026-04-22T05:58:07.069+0530] {logging_mixin.py:188} INFO - [2026-04-22T05:58:07.069+0530] {dagbag.py:545} INFO - Filling up the DagBag from /Library/Frameworks/Python.framework/Versions/3.10/lib/python3.10/site-packages/airflow/example_dags/example_skip_dag.py
[2026-04-22T05:58:07.072+0530] {processor.py:840} INFO - DAG(s) 'example_skip_dag' retrieved from /Library/Frameworks/Python.framework/Versions/3.10/lib/python3.10/site-packages/airflow/example_dags/example_skip_dag.py
[2026-04-22T05:58:07.108+0530] {logging_mixin.py:188} INFO - [2026-04-22T05:58:07.108+0530] {dag.py:3096} INFO - Sync 1 DAGs
[2026-04-22T05:58:07.113+0530] {logging_mixin.py:188} INFO - [2026-04-22T05:58:07.113+0530] {dag.py:3954} INFO - Setting next_dagrun for example_skip_dag to 2026-04-21 00:00:00+00:00, run_after=2026-04-22 00:00:00+00:00
[2026-04-22T05:58:07.118+0530] {processor.py:183} INFO - Processing /Library/Frameworks/Python.framework/Versions/3.10/lib/python3.10/site-packages/airflow/example_dags/example_skip_dag.py took 0.051 seconds
[2026-04-22T11:47:23.280+0530] {processor.py:161} INFO - Started process (PID=69294) to work on /Library/Frameworks/Python.framework/Versions/3.10/lib/python3.10/site-packages/airflow/example_dags/example_skip_dag.py
[2026-04-22T11:47:23.281+0530] {processor.py:830} INFO - Processing file /Library/Frameworks/Python.framework/Versions/3.10/lib/python3.10/site-packages/airflow/example_dags/example_skip_dag.py for tasks to queue
[2026-04-22T11:47:23.281+0530] {logging_mixin.py:188} INFO - [2026-04-22T11:47:23.281+0530] {dagbag.py:545} INFO - Filling up the DagBag from /Library/Frameworks/Python.framework/Versions/3.10/lib/python3.10/site-packages/airflow/example_dags/example_skip_dag.py
[2026-04-22T11:47:23.284+0530] {processor.py:840} INFO - DAG(s) 'example_skip_dag' retrieved from /Library/Frameworks/Python.framework/Versions/3.10/lib/python3.10/site-packages/airflow/example_dags/example_skip_dag.py
[2026-04-22T11:47:23.319+0530] {logging_mixin.py:188} INFO - [2026-04-22T11:47:23.319+0530] {dag.py:3096} INFO - Sync 1 DAGs
[2026-04-22T11:47:23.324+0530] {logging_mixin.py:188} INFO - [2026-04-22T11:47:23.323+0530] {dag.py:3954} INFO - Setting next_dagrun for example_skip_dag to 2026-04-21 00:00:00+00:00, run_after=2026-04-22 00:00:00+00:00
[2026-04-22T11:47:23.329+0530] {processor.py:183} INFO - Processing /Library/Frameworks/Python.framework/Versions/3.10/lib/python3.10/site-packages/airflow/example_dags/example_skip_dag.py took 0.049 seconds
[2026-04-22T11:48:12.377+0530] {processor.py:161} INFO - Started process (PID=69373) to work on /Library/Frameworks/Python.framework/Versions/3.10/lib/python3.10/site-packages/airflow/example_dags/example_skip_dag.py
[2026-04-22T11:48:12.377+0530] {processor.py:830} INFO - Processing file /Library/Frameworks/Python.framework/Versions/3.10/lib/python3.10/site-packages/airflow/example_dags/example_skip_dag.py for tasks to queue
[2026-04-22T11:48:12.377+0530] {logging_mixin.py:188} INFO - [2026-04-22T11:48:12.377+0530] {dagbag.py:545} INFO - Filling up the DagBag from /Library/Frameworks/Python.framework/Versions/3.10/lib/python3.10/site-packages/airflow/example_dags/example_skip_dag.py
[2026-04-22T11:48:12.380+0530] {processor.py:840} INFO - DAG(s) 'example_skip_dag' retrieved from /Library/Frameworks/Python.framework/Versions/3.10/lib/python3.10/site-packages/airflow/example_dags/example_skip_dag.py
[2026-04-22T11:48:12.417+0530] {logging_mixin.py:188} INFO - [2026-04-22T11:48:12.417+0530] {dag.py:3096} INFO - Sync 1 DAGs
[2026-04-22T11:48:12.422+0530] {logging_mixin.py:188} INFO - [2026-04-22T11:48:12.422+0530] {dag.py:3954} INFO - Setting next_dagrun for example_skip_dag to 2026-04-21 00:00:00+00:00, run_after=2026-04-22 00:00:00+00:00
[2026-04-22T11:48:12.428+0530] {processor.py:183} INFO - Processing /Library/Frameworks/Python.framework/Versions/3.10/lib/python3.10/site-packages/airflow/example_dags/example_skip_dag.py took 0.052 seconds
[2026-04-22T11:49:00.772+0530] {processor.py:161} INFO - Started process (PID=69460) to work on /Library/Frameworks/Python.framework/Versions/3.10/lib/python3.10/site-packages/airflow/example_dags/example_skip_dag.py
[2026-04-22T11:49:00.773+0530] {processor.py:830} INFO - Processing file /Library/Frameworks/Python.framework/Versions/3.10/lib/python3.10/site-packages/airflow/example_dags/example_skip_dag.py for tasks to queue
[2026-04-22T11:49:00.774+0530] {logging_mixin.py:188} INFO - [2026-04-22T11:49:00.774+0530] {dagbag.py:545} INFO - Filling up the DagBag from /Library/Frameworks/Python.framework/Versions/3.10/lib/python3.10/site-packages/airflow/example_dags/example_skip_dag.py
[2026-04-22T11:49:00.776+0530] {processor.py:840} INFO - DAG(s) 'example_skip_dag' retrieved from /Library/Frameworks/Python.framework/Versions/3.10/lib/python3.10/site-packages/airflow/example_dags/example_skip_dag.py
[2026-04-22T11:49:00.809+0530] {logging_mixin.py:188} INFO - [2026-04-22T11:49:00.808+0530] {dag.py:3096} INFO - Sync 1 DAGs
[2026-04-22T11:49:00.813+0530] {logging_mixin.py:188} INFO - [2026-04-22T11:49:00.813+0530] {dag.py:3954} INFO - Setting next_dagrun for example_skip_dag to 2026-04-21 00:00:00+00:00, run_after=2026-04-22 00:00:00+00:00
[2026-04-22T11:49:00.818+0530] {processor.py:183} INFO - Processing /Library/Frameworks/Python.framework/Versions/3.10/lib/python3.10/site-packages/airflow/example_dags/example_skip_dag.py took 0.046 seconds
[2026-04-22T11:49:56.579+0530] {processor.py:161} INFO - Started process (PID=69556) to work on /Library/Frameworks/Python.framework/Versions/3.10/lib/python3.10/site-packages/airflow/example_dags/example_skip_dag.py
[2026-04-22T11:49:56.580+0530] {processor.py:830} INFO - Processing file /Library/Frameworks/Python.framework/Versions/3.10/lib/python3.10/site-packages/airflow/example_dags/example_skip_dag.py for tasks to queue
[2026-04-22T11:49:56.580+0530] {logging_mixin.py:188} INFO - [2026-04-22T11:49:56.580+0530] {dagbag.py:545} INFO - Filling up the DagBag from /Library/Frameworks/Python.framework/Versions/3.10/lib/python3.10/site-packages/airflow/example_dags/example_skip_dag.py
[2026-04-22T11:49:56.583+0530] {processor.py:840} INFO - DAG(s) 'example_skip_dag' retrieved from /Library/Frameworks/Python.framework/Versions/3.10/lib/python3.10/site-packages/airflow/example_dags/example_skip_dag.py
[2026-04-22T11:49:56.618+0530] {logging_mixin.py:188} INFO - [2026-04-22T11:49:56.618+0530] {dag.py:3096} INFO - Sync 1 DAGs
[2026-04-22T11:49:56.623+0530] {logging_mixin.py:188} INFO - [2026-04-22T11:49:56.623+0530] {dag.py:3954} INFO - Setting next_dagrun for example_skip_dag to 2026-04-21 00:00:00+00:00, run_after=2026-04-22 00:00:00+00:00
[2026-04-22T11:49:56.629+0530] {processor.py:183} INFO - Processing /Library/Frameworks/Python.framework/Versions/3.10/lib/python3.10/site-packages/airflow/example_dags/example_skip_dag.py took 0.052 seconds
[2026-04-22T11:50:51.339+0530] {processor.py:161} INFO - Started process (PID=69644) to work on /Library/Frameworks/Python.framework/Versions/3.10/lib/python3.10/site-packages/airflow/example_dags/example_skip_dag.py
[2026-04-22T11:50:51.340+0530] {processor.py:830} INFO - Processing file /Library/Frameworks/Python.framework/Versions/3.10/lib/python3.10/site-packages/airflow/example_dags/example_skip_dag.py for tasks to queue
[2026-04-22T11:50:51.341+0530] {logging_mixin.py:188} INFO - [2026-04-22T11:50:51.341+0530] {dagbag.py:545} INFO - Filling up the DagBag from /Library/Frameworks/Python.framework/Versions/3.10/lib/python3.10/site-packages/airflow/example_dags/example_skip_dag.py
[2026-04-22T11:50:51.343+0530] {processor.py:840} INFO - DAG(s) 'example_skip_dag' retrieved from /Library/Frameworks/Python.framework/Versions/3.10/lib/python3.10/site-packages/airflow/example_dags/example_skip_dag.py
[2026-04-22T11:50:51.377+0530] {logging_mixin.py:188} INFO - [2026-04-22T11:50:51.377+0530] {dag.py:3096} INFO - Sync 1 DAGs
[2026-04-22T11:50:51.381+0530] {logging_mixin.py:188} INFO - [2026-04-22T11:50:51.381+0530] {dag.py:3954} INFO - Setting next_dagrun for example_skip_dag to 2026-04-21 00:00:00+00:00, run_after=2026-04-22 00:00:00+00:00
[2026-04-22T11:50:51.386+0530] {processor.py:183} INFO - Processing /Library/Frameworks/Python.framework/Versions/3.10/lib/python3.10/site-packages/airflow/example_dags/example_skip_dag.py took 0.048 seconds
[2026-04-22T12:09:59.468+0530] {processor.py:161} INFO - Started process (PID=70912) to work on /Library/Frameworks/Python.framework/Versions/3.10/lib/python3.10/site-packages/airflow/example_dags/example_skip_dag.py
[2026-04-22T12:09:59.469+0530] {processor.py:830} INFO - Processing file /Library/Frameworks/Python.framework/Versions/3.10/lib/python3.10/site-packages/airflow/example_dags/example_skip_dag.py for tasks to queue
[2026-04-22T12:09:59.470+0530] {logging_mixin.py:188} INFO - [2026-04-22T12:09:59.470+0530] {dagbag.py:545} INFO - Filling up the DagBag from /Library/Frameworks/Python.framework/Versions/3.10/lib/python3.10/site-packages/airflow/example_dags/example_skip_dag.py
[2026-04-22T12:09:59.472+0530] {processor.py:840} INFO - DAG(s) 'example_skip_dag' retrieved from /Library/Frameworks/Python.framework/Versions/3.10/lib/python3.10/site-packages/airflow/example_dags/example_skip_dag.py
[2026-04-22T12:09:59.505+0530] {logging_mixin.py:188} INFO - [2026-04-22T12:09:59.505+0530] {dag.py:3096} INFO - Sync 1 DAGs
[2026-04-22T12:09:59.510+0530] {logging_mixin.py:188} INFO - [2026-04-22T12:09:59.510+0530] {dag.py:3954} INFO - Setting next_dagrun for example_skip_dag to 2026-04-21 00:00:00+00:00, run_after=2026-04-22 00:00:00+00:00
[2026-04-22T12:09:59.515+0530] {processor.py:183} INFO - Processing /Library/Frameworks/Python.framework/Versions/3.10/lib/python3.10/site-packages/airflow/example_dags/example_skip_dag.py took 0.047 seconds
[2026-04-22T12:14:57.484+0530] {processor.py:161} INFO - Started process (PID=71271) to work on /Library/Frameworks/Python.framework/Versions/3.10/lib/python3.10/site-packages/airflow/example_dags/example_skip_dag.py
[2026-04-22T12:14:57.484+0530] {processor.py:830} INFO - Processing file /Library/Frameworks/Python.framework/Versions/3.10/lib/python3.10/site-packages/airflow/example_dags/example_skip_dag.py for tasks to queue
[2026-04-22T12:14:57.484+0530] {logging_mixin.py:188} INFO - [2026-04-22T12:14:57.484+0530] {dagbag.py:545} INFO - Filling up the DagBag from /Library/Frameworks/Python.framework/Versions/3.10/lib/python3.10/site-packages/airflow/example_dags/example_skip_dag.py
[2026-04-22T12:14:57.487+0530] {processor.py:840} INFO - DAG(s) 'example_skip_dag' retrieved from /Library/Frameworks/Python.framework/Versions/3.10/lib/python3.10/site-packages/airflow/example_dags/example_skip_dag.py
[2026-04-22T12:14:57.521+0530] {logging_mixin.py:188} INFO - [2026-04-22T12:14:57.520+0530] {dag.py:3096} INFO - Sync 1 DAGs
[2026-04-22T12:14:57.525+0530] {logging_mixin.py:188} INFO - [2026-04-22T12:14:57.525+0530] {dag.py:3954} INFO - Setting next_dagrun for example_skip_dag to 2026-04-21 00:00:00+00:00, run_after=2026-04-22 00:00:00+00:00
[2026-04-22T12:14:57.530+0530] {processor.py:183} INFO - Processing /Library/Frameworks/Python.framework/Versions/3.10/lib/python3.10/site-packages/airflow/example_dags/example_skip_dag.py took 0.047 seconds
[2026-04-22T12:18:57.869+0530] {processor.py:161} INFO - Started process (PID=71589) to work on /Library/Frameworks/Python.framework/Versions/3.10/lib/python3.10/site-packages/airflow/example_dags/example_skip_dag.py
[2026-04-22T12:18:57.870+0530] {processor.py:830} INFO - Processing file /Library/Frameworks/Python.framework/Versions/3.10/lib/python3.10/site-packages/airflow/example_dags/example_skip_dag.py for tasks to queue
[2026-04-22T12:18:57.870+0530] {logging_mixin.py:188} INFO - [2026-04-22T12:18:57.870+0530] {dagbag.py:545} INFO - Filling up the DagBag from /Library/Frameworks/Python.framework/Versions/3.10/lib/python3.10/site-packages/airflow/example_dags/example_skip_dag.py
[2026-04-22T12:18:57.873+0530] {processor.py:840} INFO - DAG(s) 'example_skip_dag' retrieved from /Library/Frameworks/Python.framework/Versions/3.10/lib/python3.10/site-packages/airflow/example_dags/example_skip_dag.py
[2026-04-22T12:18:57.906+0530] {logging_mixin.py:188} INFO - [2026-04-22T12:18:57.906+0530] {dag.py:3096} INFO - Sync 1 DAGs
[2026-04-22T12:18:57.910+0530] {logging_mixin.py:188} INFO - [2026-04-22T12:18:57.910+0530] {dag.py:3954} INFO - Setting next_dagrun for example_skip_dag to 2026-04-21 00:00:00+00:00, run_after=2026-04-22 00:00:00+00:00
[2026-04-22T12:18:57.915+0530] {processor.py:183} INFO - Processing /Library/Frameworks/Python.framework/Versions/3.10/lib/python3.10/site-packages/airflow/example_dags/example_skip_dag.py took 0.047 seconds
[2026-04-22T12:20:39.449+0530] {processor.py:161} INFO - Started process (PID=72210) to work on /Library/Frameworks/Python.framework/Versions/3.10/lib/python3.10/site-packages/airflow/example_dags/example_skip_dag.py
[2026-04-22T12:20:39.450+0530] {processor.py:830} INFO - Processing file /Library/Frameworks/Python.framework/Versions/3.10/lib/python3.10/site-packages/airflow/example_dags/example_skip_dag.py for tasks to queue
[2026-04-22T12:20:39.450+0530] {logging_mixin.py:188} INFO - [2026-04-22T12:20:39.450+0530] {dagbag.py:545} INFO - Filling up the DagBag from /Library/Frameworks/Python.framework/Versions/3.10/lib/python3.10/site-packages/airflow/example_dags/example_skip_dag.py
[2026-04-22T12:20:39.452+0530] {processor.py:840} INFO - DAG(s) 'example_skip_dag' retrieved from /Library/Frameworks/Python.framework/Versions/3.10/lib/python3.10/site-packages/airflow/example_dags/example_skip_dag.py
[2026-04-22T12:20:39.487+0530] {logging_mixin.py:188} INFO - [2026-04-22T12:20:39.487+0530] {dag.py:3096} INFO - Sync 1 DAGs
[2026-04-22T12:20:39.492+0530] {logging_mixin.py:188} INFO - [2026-04-22T12:20:39.492+0530] {dag.py:3954} INFO - Setting next_dagrun for example_skip_dag to 2026-04-21 00:00:00+00:00, run_after=2026-04-22 00:00:00+00:00
[2026-04-22T12:20:39.497+0530] {processor.py:183} INFO - Processing /Library/Frameworks/Python.framework/Versions/3.10/lib/python3.10/site-packages/airflow/example_dags/example_skip_dag.py took 0.049 seconds
[2026-04-22T12:22:27.300+0530] {processor.py:161} INFO - Started process (PID=72456) to work on /Library/Frameworks/Python.framework/Versions/3.10/lib/python3.10/site-packages/airflow/example_dags/example_skip_dag.py
[2026-04-22T12:22:27.301+0530] {processor.py:830} INFO - Processing file /Library/Frameworks/Python.framework/Versions/3.10/lib/python3.10/site-packages/airflow/example_dags/example_skip_dag.py for tasks to queue
[2026-04-22T12:22:27.301+0530] {logging_mixin.py:188} INFO - [2026-04-22T12:22:27.301+0530] {dagbag.py:545} INFO - Filling up the DagBag from /Library/Frameworks/Python.framework/Versions/3.10/lib/python3.10/site-packages/airflow/example_dags/example_skip_dag.py
[2026-04-22T12:22:27.304+0530] {processor.py:840} INFO - DAG(s) 'example_skip_dag' retrieved from /Library/Frameworks/Python.framework/Versions/3.10/lib/python3.10/site-packages/airflow/example_dags/example_skip_dag.py
[2026-04-22T12:22:27.335+0530] {logging_mixin.py:188} INFO - [2026-04-22T12:22:27.335+0530] {dag.py:3096} INFO - Sync 1 DAGs
[2026-04-22T12:22:27.340+0530] {logging_mixin.py:188} INFO - [2026-04-22T12:22:27.340+0530] {dag.py:3954} INFO - Setting next_dagrun for example_skip_dag to 2026-04-21 00:00:00+00:00, run_after=2026-04-22 00:00:00+00:00
[2026-04-22T12:22:27.345+0530] {processor.py:183} INFO - Processing /Library/Frameworks/Python.framework/Versions/3.10/lib/python3.10/site-packages/airflow/example_dags/example_skip_dag.py took 0.046 seconds
[2026-04-22T12:24:08.342+0530] {processor.py:161} INFO - Started process (PID=72584) to work on /Library/Frameworks/Python.framework/Versions/3.10/lib/python3.10/site-packages/airflow/example_dags/example_skip_dag.py
[2026-04-22T12:24:08.343+0530] {processor.py:830} INFO - Processing file /Library/Frameworks/Python.framework/Versions/3.10/lib/python3.10/site-packages/airflow/example_dags/example_skip_dag.py for tasks to queue
[2026-04-22T12:24:08.343+0530] {logging_mixin.py:188} INFO - [2026-04-22T12:24:08.343+0530] {dagbag.py:545} INFO - Filling up the DagBag from /Library/Frameworks/Python.framework/Versions/3.10/lib/python3.10/site-packages/airflow/example_dags/example_skip_dag.py
[2026-04-22T12:24:08.346+0530] {processor.py:840} INFO - DAG(s) 'example_skip_dag' retrieved from /Library/Frameworks/Python.framework/Versions/3.10/lib/python3.10/site-packages/airflow/example_dags/example_skip_dag.py
[2026-04-22T12:24:08.378+0530] {logging_mixin.py:188} INFO - [2026-04-22T12:24:08.378+0530] {dag.py:3096} INFO - Sync 1 DAGs
[2026-04-22T12:24:08.382+0530] {logging_mixin.py:188} INFO - [2026-04-22T12:24:08.382+0530] {dag.py:3954} INFO - Setting next_dagrun for example_skip_dag to 2026-04-21 00:00:00+00:00, run_after=2026-04-22 00:00:00+00:00
[2026-04-22T12:24:08.387+0530] {processor.py:183} INFO - Processing /Library/Frameworks/Python.framework/Versions/3.10/lib/python3.10/site-packages/airflow/example_dags/example_skip_dag.py took 0.046 seconds
[2026-04-22T12:25:54.256+0530] {processor.py:161} INFO - Started process (PID=72840) to work on /Library/Frameworks/Python.framework/Versions/3.10/lib/python3.10/site-packages/airflow/example_dags/example_skip_dag.py
[2026-04-22T12:25:54.257+0530] {processor.py:830} INFO - Processing file /Library/Frameworks/Python.framework/Versions/3.10/lib/python3.10/site-packages/airflow/example_dags/example_skip_dag.py for tasks to queue
[2026-04-22T12:25:54.257+0530] {logging_mixin.py:188} INFO - [2026-04-22T12:25:54.257+0530] {dagbag.py:545} INFO - Filling up the DagBag from /Library/Frameworks/Python.framework/Versions/3.10/lib/python3.10/site-packages/airflow/example_dags/example_skip_dag.py
[2026-04-22T12:25:54.260+0530] {processor.py:840} INFO - DAG(s) 'example_skip_dag' retrieved from /Library/Frameworks/Python.framework/Versions/3.10/lib/python3.10/site-packages/airflow/example_dags/example_skip_dag.py
[2026-04-22T12:25:54.292+0530] {logging_mixin.py:188} INFO - [2026-04-22T12:25:54.292+0530] {dag.py:3096} INFO - Sync 1 DAGs
[2026-04-22T12:25:54.296+0530] {logging_mixin.py:188} INFO - [2026-04-22T12:25:54.296+0530] {dag.py:3954} INFO - Setting next_dagrun for example_skip_dag to 2026-04-21 00:00:00+00:00, run_after=2026-04-22 00:00:00+00:00
[2026-04-22T12:25:54.301+0530] {processor.py:183} INFO - Processing /Library/Frameworks/Python.framework/Versions/3.10/lib/python3.10/site-packages/airflow/example_dags/example_skip_dag.py took 0.046 seconds
[2026-04-22T12:27:39.496+0530] {processor.py:161} INFO - Started process (PID=73023) to work on /Library/Frameworks/Python.framework/Versions/3.10/lib/python3.10/site-packages/airflow/example_dags/example_skip_dag.py
[2026-04-22T12:27:39.496+0530] {processor.py:830} INFO - Processing file /Library/Frameworks/Python.framework/Versions/3.10/lib/python3.10/site-packages/airflow/example_dags/example_skip_dag.py for tasks to queue
[2026-04-22T12:27:39.496+0530] {logging_mixin.py:188} INFO - [2026-04-22T12:27:39.496+0530] {dagbag.py:545} INFO - Filling up the DagBag from /Library/Frameworks/Python.framework/Versions/3.10/lib/python3.10/site-packages/airflow/example_dags/example_skip_dag.py
[2026-04-22T12:27:39.499+0530] {processor.py:840} INFO - DAG(s) 'example_skip_dag' retrieved from /Library/Frameworks/Python.framework/Versions/3.10/lib/python3.10/site-packages/airflow/example_dags/example_skip_dag.py
[2026-04-22T12:27:39.533+0530] {logging_mixin.py:188} INFO - [2026-04-22T12:27:39.533+0530] {dag.py:3096} INFO - Sync 1 DAGs
[2026-04-22T12:27:39.539+0530] {logging_mixin.py:188} INFO - [2026-04-22T12:27:39.538+0530] {dag.py:3954} INFO - Setting next_dagrun for example_skip_dag to 2026-04-21 00:00:00+00:00, run_after=2026-04-22 00:00:00+00:00
[2026-04-22T12:27:39.544+0530] {processor.py:183} INFO - Processing /Library/Frameworks/Python.framework/Versions/3.10/lib/python3.10/site-packages/airflow/example_dags/example_skip_dag.py took 0.049 seconds
[2026-04-22T12:29:35.291+0530] {processor.py:161} INFO - Started process (PID=73251) to work on /Library/Frameworks/Python.framework/Versions/3.10/lib/python3.10/site-packages/airflow/example_dags/example_skip_dag.py
[2026-04-22T12:29:35.291+0530] {processor.py:830} INFO - Processing file /Library/Frameworks/Python.framework/Versions/3.10/lib/python3.10/site-packages/airflow/example_dags/example_skip_dag.py for tasks to queue
[2026-04-22T12:29:35.292+0530] {logging_mixin.py:188} INFO - [2026-04-22T12:29:35.292+0530] {dagbag.py:545} INFO - Filling up the DagBag from /Library/Frameworks/Python.framework/Versions/3.10/lib/python3.10/site-packages/airflow/example_dags/example_skip_dag.py
[2026-04-22T12:29:35.294+0530] {processor.py:840} INFO - DAG(s) 'example_skip_dag' retrieved from /Library/Frameworks/Python.framework/Versions/3.10/lib/python3.10/site-packages/airflow/example_dags/example_skip_dag.py
[2026-04-22T12:29:35.328+0530] {logging_mixin.py:188} INFO - [2026-04-22T12:29:35.328+0530] {dag.py:3096} INFO - Sync 1 DAGs
[2026-04-22T12:29:35.332+0530] {logging_mixin.py:188} INFO - [2026-04-22T12:29:35.332+0530] {dag.py:3954} INFO - Setting next_dagrun for example_skip_dag to 2026-04-21 00:00:00+00:00, run_after=2026-04-22 00:00:00+00:00
[2026-04-22T12:29:35.337+0530] {processor.py:183} INFO - Processing /Library/Frameworks/Python.framework/Versions/3.10/lib/python3.10/site-packages/airflow/example_dags/example_skip_dag.py took 0.047 seconds
[2026-04-22T12:31:24.166+0530] {processor.py:161} INFO - Started process (PID=73494) to work on /Library/Frameworks/Python.framework/Versions/3.10/lib/python3.10/site-packages/airflow/example_dags/example_skip_dag.py
[2026-04-22T12:31:24.166+0530] {processor.py:830} INFO - Processing file /Library/Frameworks/Python.framework/Versions/3.10/lib/python3.10/site-packages/airflow/example_dags/example_skip_dag.py for tasks to queue
[2026-04-22T12:31:24.167+0530] {logging_mixin.py:188} INFO - [2026-04-22T12:31:24.167+0530] {dagbag.py:545} INFO - Filling up the DagBag from /Library/Frameworks/Python.framework/Versions/3.10/lib/python3.10/site-packages/airflow/example_dags/example_skip_dag.py
[2026-04-22T12:31:24.169+0530] {processor.py:840} INFO - DAG(s) 'example_skip_dag' retrieved from /Library/Frameworks/Python.framework/Versions/3.10/lib/python3.10/site-packages/airflow/example_dags/example_skip_dag.py
[2026-04-22T12:31:24.203+0530] {logging_mixin.py:188} INFO - [2026-04-22T12:31:24.203+0530] {dag.py:3096} INFO - Sync 1 DAGs
[2026-04-22T12:31:24.208+0530] {logging_mixin.py:188} INFO - [2026-04-22T12:31:24.208+0530] {dag.py:3954} INFO - Setting next_dagrun for example_skip_dag to 2026-04-21 00:00:00+00:00, run_after=2026-04-22 00:00:00+00:00
[2026-04-22T12:31:24.215+0530] {processor.py:183} INFO - Processing /Library/Frameworks/Python.framework/Versions/3.10/lib/python3.10/site-packages/airflow/example_dags/example_skip_dag.py took 0.050 seconds
[2026-04-22T12:33:08.946+0530] {processor.py:161} INFO - Started process (PID=73696) to work on /Library/Frameworks/Python.framework/Versions/3.10/lib/python3.10/site-packages/airflow/example_dags/example_skip_dag.py
[2026-04-22T12:33:08.946+0530] {processor.py:830} INFO - Processing file /Library/Frameworks/Python.framework/Versions/3.10/lib/python3.10/site-packages/airflow/example_dags/example_skip_dag.py for tasks to queue
[2026-04-22T12:33:08.947+0530] {logging_mixin.py:188} INFO - [2026-04-22T12:33:08.946+0530] {dagbag.py:545} INFO - Filling up the DagBag from /Library/Frameworks/Python.framework/Versions/3.10/lib/python3.10/site-packages/airflow/example_dags/example_skip_dag.py
[2026-04-22T12:33:08.949+0530] {processor.py:840} INFO - DAG(s) 'example_skip_dag' retrieved from /Library/Frameworks/Python.framework/Versions/3.10/lib/python3.10/site-packages/airflow/example_dags/example_skip_dag.py
[2026-04-22T12:33:08.981+0530] {logging_mixin.py:188} INFO - [2026-04-22T12:33:08.981+0530] {dag.py:3096} INFO - Sync 1 DAGs
[2026-04-22T12:33:08.986+0530] {logging_mixin.py:188} INFO - [2026-04-22T12:33:08.986+0530] {dag.py:3954} INFO - Setting next_dagrun for example_skip_dag to 2026-04-21 00:00:00+00:00, run_after=2026-04-22 00:00:00+00:00
[2026-04-22T12:33:08.991+0530] {processor.py:183} INFO - Processing /Library/Frameworks/Python.framework/Versions/3.10/lib/python3.10/site-packages/airflow/example_dags/example_skip_dag.py took 0.046 seconds
[2026-04-22T12:34:53.465+0530] {processor.py:161} INFO - Started process (PID=73828) to work on /Library/Frameworks/Python.framework/Versions/3.10/lib/python3.10/site-packages/airflow/example_dags/example_skip_dag.py
[2026-04-22T12:34:53.466+0530] {processor.py:830} INFO - Processing file /Library/Frameworks/Python.framework/Versions/3.10/lib/python3.10/site-packages/airflow/example_dags/example_skip_dag.py for tasks to queue
[2026-04-22T12:34:53.466+0530] {logging_mixin.py:188} INFO - [2026-04-22T12:34:53.466+0530] {dagbag.py:545} INFO - Filling up the DagBag from /Library/Frameworks/Python.framework/Versions/3.10/lib/python3.10/site-packages/airflow/example_dags/example_skip_dag.py
[2026-04-22T12:34:53.469+0530] {processor.py:840} INFO - DAG(s) 'example_skip_dag' retrieved from /Library/Frameworks/Python.framework/Versions/3.10/lib/python3.10/site-packages/airflow/example_dags/example_skip_dag.py
[2026-04-22T12:34:53.503+0530] {logging_mixin.py:188} INFO - [2026-04-22T12:34:53.503+0530] {dag.py:3096} INFO - Sync 1 DAGs
[2026-04-22T12:34:53.507+0530] {logging_mixin.py:188} INFO - [2026-04-22T12:34:53.507+0530] {dag.py:3954} INFO - Setting next_dagrun for example_skip_dag to 2026-04-21 00:00:00+00:00, run_after=2026-04-22 00:00:00+00:00
[2026-04-22T12:34:53.512+0530] {processor.py:183} INFO - Processing /Library/Frameworks/Python.framework/Versions/3.10/lib/python3.10/site-packages/airflow/example_dags/example_skip_dag.py took 0.048 seconds
[2026-04-22T12:36:35.343+0530] {processor.py:161} INFO - Started process (PID=73962) to work on /Library/Frameworks/Python.framework/Versions/3.10/lib/python3.10/site-packages/airflow/example_dags/example_skip_dag.py
[2026-04-22T12:36:35.345+0530] {processor.py:830} INFO - Processing file /Library/Frameworks/Python.framework/Versions/3.10/lib/python3.10/site-packages/airflow/example_dags/example_skip_dag.py for tasks to queue
[2026-04-22T12:36:35.345+0530] {logging_mixin.py:188} INFO - [2026-04-22T12:36:35.345+0530] {dagbag.py:545} INFO - Filling up the DagBag from /Library/Frameworks/Python.framework/Versions/3.10/lib/python3.10/site-packages/airflow/example_dags/example_skip_dag.py
[2026-04-22T12:36:35.348+0530] {processor.py:840} INFO - DAG(s) 'example_skip_dag' retrieved from /Library/Frameworks/Python.framework/Versions/3.10/lib/python3.10/site-packages/airflow/example_dags/example_skip_dag.py
[2026-04-22T12:36:35.380+0530] {logging_mixin.py:188} INFO - [2026-04-22T12:36:35.380+0530] {dag.py:3096} INFO - Sync 1 DAGs
[2026-04-22T12:36:35.385+0530] {logging_mixin.py:188} INFO - [2026-04-22T12:36:35.385+0530] {dag.py:3954} INFO - Setting next_dagrun for example_skip_dag to 2026-04-21 00:00:00+00:00, run_after=2026-04-22 00:00:00+00:00
[2026-04-22T12:36:35.390+0530] {processor.py:183} INFO - Processing /Library/Frameworks/Python.framework/Versions/3.10/lib/python3.10/site-packages/airflow/example_dags/example_skip_dag.py took 0.047 seconds
[2026-04-22T12:38:27.541+0530] {processor.py:161} INFO - Started process (PID=74087) to work on /Library/Frameworks/Python.framework/Versions/3.10/lib/python3.10/site-packages/airflow/example_dags/example_skip_dag.py
[2026-04-22T12:38:27.542+0530] {processor.py:830} INFO - Processing file /Library/Frameworks/Python.framework/Versions/3.10/lib/python3.10/site-packages/airflow/example_dags/example_skip_dag.py for tasks to queue
[2026-04-22T12:38:27.542+0530] {logging_mixin.py:188} INFO - [2026-04-22T12:38:27.542+0530] {dagbag.py:545} INFO - Filling up the DagBag from /Library/Frameworks/Python.framework/Versions/3.10/lib/python3.10/site-packages/airflow/example_dags/example_skip_dag.py
[2026-04-22T12:38:27.544+0530] {processor.py:840} INFO - DAG(s) 'example_skip_dag' retrieved from /Library/Frameworks/Python.framework/Versions/3.10/lib/python3.10/site-packages/airflow/example_dags/example_skip_dag.py
[2026-04-22T12:38:27.579+0530] {logging_mixin.py:188} INFO - [2026-04-22T12:38:27.579+0530] {dag.py:3096} INFO - Sync 1 DAGs
[2026-04-22T12:38:27.583+0530] {logging_mixin.py:188} INFO - [2026-04-22T12:38:27.583+0530] {dag.py:3954} INFO - Setting next_dagrun for example_skip_dag to 2026-04-21 00:00:00+00:00, run_after=2026-04-22 00:00:00+00:00
[2026-04-22T12:38:27.589+0530] {processor.py:183} INFO - Processing /Library/Frameworks/Python.framework/Versions/3.10/lib/python3.10/site-packages/airflow/example_dags/example_skip_dag.py took 0.049 seconds
[2026-04-22T12:40:27.630+0530] {processor.py:161} INFO - Started process (PID=74226) to work on /Library/Frameworks/Python.framework/Versions/3.10/lib/python3.10/site-packages/airflow/example_dags/example_skip_dag.py
[2026-04-22T12:40:27.631+0530] {processor.py:830} INFO - Processing file /Library/Frameworks/Python.framework/Versions/3.10/lib/python3.10/site-packages/airflow/example_dags/example_skip_dag.py for tasks to queue
[2026-04-22T12:40:27.631+0530] {logging_mixin.py:188} INFO - [2026-04-22T12:40:27.631+0530] {dagbag.py:545} INFO - Filling up the DagBag from /Library/Frameworks/Python.framework/Versions/3.10/lib/python3.10/site-packages/airflow/example_dags/example_skip_dag.py
[2026-04-22T12:40:27.634+0530] {processor.py:840} INFO - DAG(s) 'example_skip_dag' retrieved from /Library/Frameworks/Python.framework/Versions/3.10/lib/python3.10/site-packages/airflow/example_dags/example_skip_dag.py
[2026-04-22T12:40:27.667+0530] {logging_mixin.py:188} INFO - [2026-04-22T12:40:27.667+0530] {dag.py:3096} INFO - Sync 1 DAGs
[2026-04-22T12:40:27.672+0530] {logging_mixin.py:188} INFO - [2026-04-22T12:40:27.672+0530] {dag.py:3954} INFO - Setting next_dagrun for example_skip_dag to 2026-04-21 00:00:00+00:00, run_after=2026-04-22 00:00:00+00:00
[2026-04-22T12:40:27.677+0530] {processor.py:183} INFO - Processing /Library/Frameworks/Python.framework/Versions/3.10/lib/python3.10/site-packages/airflow/example_dags/example_skip_dag.py took 0.048 seconds
[2026-04-22T12:42:24.298+0530] {processor.py:161} INFO - Started process (PID=74367) to work on /Library/Frameworks/Python.framework/Versions/3.10/lib/python3.10/site-packages/airflow/example_dags/example_skip_dag.py
[2026-04-22T12:42:24.299+0530] {processor.py:830} INFO - Processing file /Library/Frameworks/Python.framework/Versions/3.10/lib/python3.10/site-packages/airflow/example_dags/example_skip_dag.py for tasks to queue
[2026-04-22T12:42:24.299+0530] {logging_mixin.py:188} INFO - [2026-04-22T12:42:24.299+0530] {dagbag.py:545} INFO - Filling up the DagBag from /Library/Frameworks/Python.framework/Versions/3.10/lib/python3.10/site-packages/airflow/example_dags/example_skip_dag.py
[2026-04-22T12:42:24.302+0530] {processor.py:840} INFO - DAG(s) 'example_skip_dag' retrieved from /Library/Frameworks/Python.framework/Versions/3.10/lib/python3.10/site-packages/airflow/example_dags/example_skip_dag.py
[2026-04-22T12:42:24.335+0530] {logging_mixin.py:188} INFO - [2026-04-22T12:42:24.335+0530] {dag.py:3096} INFO - Sync 1 DAGs
[2026-04-22T12:42:24.340+0530] {logging_mixin.py:188} INFO - [2026-04-22T12:42:24.340+0530] {dag.py:3954} INFO - Setting next_dagrun for example_skip_dag to 2026-04-21 00:00:00+00:00, run_after=2026-04-22 00:00:00+00:00
[2026-04-22T12:42:24.345+0530] {processor.py:183} INFO - Processing /Library/Frameworks/Python.framework/Versions/3.10/lib/python3.10/site-packages/airflow/example_dags/example_skip_dag.py took 0.047 seconds
