[2026-04-22T07:22:47.531+0530] {processor.py:161} INFO - Started process (PID=68763) to work on /Library/Frameworks/Python.framework/Versions/3.10/lib/python3.10/site-packages/airflow/example_dags/example_datasets.py
[2026-04-22T07:22:47.531+0530] {processor.py:830} INFO - Processing file /Library/Frameworks/Python.framework/Versions/3.10/lib/python3.10/site-packages/airflow/example_dags/example_datasets.py for tasks to queue
[2026-04-22T07:22:47.531+0530] {logging_mixin.py:188} INFO - [2026-04-22T07:22:47.531+0530] {dagbag.py:545} INFO - Filling up the DagBag from /Library/Frameworks/Python.framework/Versions/3.10/lib/python3.10/site-packages/airflow/example_dags/example_datasets.py
[2026-04-22T07:22:47.562+0530] {processor.py:840} INFO - DAG(s) 'dataset_consumes_unknown_never_scheduled', 'consume_1_or_both_2_and_3_with_dataset_expressions', 'conditional_dataset_and_time_based_timetable', 'dataset_produces_1', 'dataset_consumes_1', 'dataset_produces_2', 'dataset_consumes_1_never_scheduled', 'consume_1_and_2_with_dataset_expressions', 'dataset_consumes_1_and_2', 'consume_1_or_2_with_dataset_expressions' retrieved from /Library/Frameworks/Python.framework/Versions/3.10/lib/python3.10/site-packages/airflow/example_dags/example_datasets.py
[2026-04-22T07:22:47.603+0530] {logging_mixin.py:188} INFO - [2026-04-22T07:22:47.603+0530] {dag.py:3096} INFO - Sync 10 DAGs
[2026-04-22T07:22:47.609+0530] {logging_mixin.py:188} INFO - [2026-04-22T07:22:47.609+0530] {dag.py:3954} INFO - Setting next_dagrun for conditional_dataset_and_time_based_timetable to 2026-04-22 01:00:00+00:00, run_after=2026-04-22 01:00:00+00:00
[2026-04-22T07:22:47.610+0530] {logging_mixin.py:188} INFO - [2026-04-22T07:22:47.610+0530] {dag.py:3954} INFO - Setting next_dagrun for consume_1_and_2_with_dataset_expressions to None, run_after=None
[2026-04-22T07:22:47.610+0530] {logging_mixin.py:188} INFO - [2026-04-22T07:22:47.610+0530] {dag.py:3954} INFO - Setting next_dagrun for consume_1_or_2_with_dataset_expressions to None, run_after=None
[2026-04-22T07:22:47.610+0530] {logging_mixin.py:188} INFO - [2026-04-22T07:22:47.610+0530] {dag.py:3954} INFO - Setting next_dagrun for consume_1_or_both_2_and_3_with_dataset_expressions to None, run_after=None
[2026-04-22T07:22:47.611+0530] {logging_mixin.py:188} INFO - [2026-04-22T07:22:47.611+0530] {dag.py:3954} INFO - Setting next_dagrun for dataset_consumes_1 to None, run_after=None
[2026-04-22T07:22:47.611+0530] {logging_mixin.py:188} INFO - [2026-04-22T07:22:47.611+0530] {dag.py:3954} INFO - Setting next_dagrun for dataset_consumes_1_and_2 to None, run_after=None
[2026-04-22T07:22:47.611+0530] {logging_mixin.py:188} INFO - [2026-04-22T07:22:47.611+0530] {dag.py:3954} INFO - Setting next_dagrun for dataset_consumes_1_never_scheduled to None, run_after=None
[2026-04-22T07:22:47.611+0530] {logging_mixin.py:188} INFO - [2026-04-22T07:22:47.611+0530] {dag.py:3954} INFO - Setting next_dagrun for dataset_consumes_unknown_never_scheduled to None, run_after=None
[2026-04-22T07:22:47.612+0530] {logging_mixin.py:188} INFO - [2026-04-22T07:22:47.612+0530] {dag.py:3954} INFO - Setting next_dagrun for dataset_produces_1 to 2026-04-21 00:00:00+00:00, run_after=2026-04-22 00:00:00+00:00
[2026-04-22T07:22:47.612+0530] {logging_mixin.py:188} INFO - [2026-04-22T07:22:47.612+0530] {dag.py:3954} INFO - Setting next_dagrun for dataset_produces_2 to None, run_after=None
[2026-04-22T07:22:47.621+0530] {processor.py:183} INFO - Processing /Library/Frameworks/Python.framework/Versions/3.10/lib/python3.10/site-packages/airflow/example_dags/example_datasets.py took 0.091 seconds
[2026-04-22T11:47:43.090+0530] {processor.py:161} INFO - Started process (PID=69327) to work on /Library/Frameworks/Python.framework/Versions/3.10/lib/python3.10/site-packages/airflow/example_dags/example_datasets.py
[2026-04-22T11:47:43.091+0530] {processor.py:830} INFO - Processing file /Library/Frameworks/Python.framework/Versions/3.10/lib/python3.10/site-packages/airflow/example_dags/example_datasets.py for tasks to queue
[2026-04-22T11:47:43.091+0530] {logging_mixin.py:188} INFO - [2026-04-22T11:47:43.091+0530] {dagbag.py:545} INFO - Filling up the DagBag from /Library/Frameworks/Python.framework/Versions/3.10/lib/python3.10/site-packages/airflow/example_dags/example_datasets.py
[2026-04-22T11:47:43.118+0530] {processor.py:840} INFO - DAG(s) 'consume_1_or_both_2_and_3_with_dataset_expressions', 'consume_1_or_2_with_dataset_expressions', 'dataset_consumes_1', 'conditional_dataset_and_time_based_timetable', 'dataset_consumes_1_and_2', 'dataset_produces_2', 'consume_1_and_2_with_dataset_expressions', 'dataset_consumes_unknown_never_scheduled', 'dataset_consumes_1_never_scheduled', 'dataset_produces_1' retrieved from /Library/Frameworks/Python.framework/Versions/3.10/lib/python3.10/site-packages/airflow/example_dags/example_datasets.py
[2026-04-22T11:47:43.156+0530] {logging_mixin.py:188} INFO - [2026-04-22T11:47:43.156+0530] {dag.py:3096} INFO - Sync 10 DAGs
[2026-04-22T11:47:43.162+0530] {logging_mixin.py:188} INFO - [2026-04-22T11:47:43.161+0530] {dag.py:3954} INFO - Setting next_dagrun for conditional_dataset_and_time_based_timetable to 2026-04-22 01:00:00+00:00, run_after=2026-04-22 01:00:00+00:00
[2026-04-22T11:47:43.162+0530] {logging_mixin.py:188} INFO - [2026-04-22T11:47:43.162+0530] {dag.py:3954} INFO - Setting next_dagrun for consume_1_and_2_with_dataset_expressions to None, run_after=None
[2026-04-22T11:47:43.163+0530] {logging_mixin.py:188} INFO - [2026-04-22T11:47:43.163+0530] {dag.py:3954} INFO - Setting next_dagrun for consume_1_or_2_with_dataset_expressions to None, run_after=None
[2026-04-22T11:47:43.163+0530] {logging_mixin.py:188} INFO - [2026-04-22T11:47:43.163+0530] {dag.py:3954} INFO - Setting next_dagrun for consume_1_or_both_2_and_3_with_dataset_expressions to None, run_after=None
[2026-04-22T11:47:43.163+0530] {logging_mixin.py:188} INFO - [2026-04-22T11:47:43.163+0530] {dag.py:3954} INFO - Setting next_dagrun for dataset_consumes_1 to None, run_after=None
[2026-04-22T11:47:43.163+0530] {logging_mixin.py:188} INFO - [2026-04-22T11:47:43.163+0530] {dag.py:3954} INFO - Setting next_dagrun for dataset_consumes_1_and_2 to None, run_after=None
[2026-04-22T11:47:43.163+0530] {logging_mixin.py:188} INFO - [2026-04-22T11:47:43.163+0530] {dag.py:3954} INFO - Setting next_dagrun for dataset_consumes_1_never_scheduled to None, run_after=None
[2026-04-22T11:47:43.164+0530] {logging_mixin.py:188} INFO - [2026-04-22T11:47:43.164+0530] {dag.py:3954} INFO - Setting next_dagrun for dataset_consumes_unknown_never_scheduled to None, run_after=None
[2026-04-22T11:47:43.164+0530] {logging_mixin.py:188} INFO - [2026-04-22T11:47:43.164+0530] {dag.py:3954} INFO - Setting next_dagrun for dataset_produces_1 to 2026-04-21 00:00:00+00:00, run_after=2026-04-22 00:00:00+00:00
[2026-04-22T11:47:43.164+0530] {logging_mixin.py:188} INFO - [2026-04-22T11:47:43.164+0530] {dag.py:3954} INFO - Setting next_dagrun for dataset_produces_2 to None, run_after=None
[2026-04-22T11:47:43.172+0530] {processor.py:183} INFO - Processing /Library/Frameworks/Python.framework/Versions/3.10/lib/python3.10/site-packages/airflow/example_dags/example_datasets.py took 0.083 seconds
[2026-04-22T11:48:38.952+0530] {processor.py:161} INFO - Started process (PID=69427) to work on /Library/Frameworks/Python.framework/Versions/3.10/lib/python3.10/site-packages/airflow/example_dags/example_datasets.py
[2026-04-22T11:48:38.952+0530] {processor.py:830} INFO - Processing file /Library/Frameworks/Python.framework/Versions/3.10/lib/python3.10/site-packages/airflow/example_dags/example_datasets.py for tasks to queue
[2026-04-22T11:48:38.953+0530] {logging_mixin.py:188} INFO - [2026-04-22T11:48:38.953+0530] {dagbag.py:545} INFO - Filling up the DagBag from /Library/Frameworks/Python.framework/Versions/3.10/lib/python3.10/site-packages/airflow/example_dags/example_datasets.py
[2026-04-22T11:48:38.977+0530] {processor.py:840} INFO - DAG(s) 'dataset_consumes_1_never_scheduled', 'consume_1_and_2_with_dataset_expressions', 'dataset_consumes_1_and_2', 'consume_1_or_both_2_and_3_with_dataset_expressions', 'dataset_consumes_1', 'conditional_dataset_and_time_based_timetable', 'dataset_consumes_unknown_never_scheduled', 'consume_1_or_2_with_dataset_expressions', 'dataset_produces_2', 'dataset_produces_1' retrieved from /Library/Frameworks/Python.framework/Versions/3.10/lib/python3.10/site-packages/airflow/example_dags/example_datasets.py
[2026-04-22T11:48:39.016+0530] {logging_mixin.py:188} INFO - [2026-04-22T11:48:39.016+0530] {dag.py:3096} INFO - Sync 10 DAGs
[2026-04-22T11:48:39.022+0530] {logging_mixin.py:188} INFO - [2026-04-22T11:48:39.022+0530] {dag.py:3954} INFO - Setting next_dagrun for conditional_dataset_and_time_based_timetable to 2026-04-22 01:00:00+00:00, run_after=2026-04-22 01:00:00+00:00
[2026-04-22T11:48:39.023+0530] {logging_mixin.py:188} INFO - [2026-04-22T11:48:39.023+0530] {dag.py:3954} INFO - Setting next_dagrun for consume_1_and_2_with_dataset_expressions to None, run_after=None
[2026-04-22T11:48:39.023+0530] {logging_mixin.py:188} INFO - [2026-04-22T11:48:39.023+0530] {dag.py:3954} INFO - Setting next_dagrun for consume_1_or_2_with_dataset_expressions to None, run_after=None
[2026-04-22T11:48:39.023+0530] {logging_mixin.py:188} INFO - [2026-04-22T11:48:39.023+0530] {dag.py:3954} INFO - Setting next_dagrun for consume_1_or_both_2_and_3_with_dataset_expressions to None, run_after=None
[2026-04-22T11:48:39.024+0530] {logging_mixin.py:188} INFO - [2026-04-22T11:48:39.024+0530] {dag.py:3954} INFO - Setting next_dagrun for dataset_consumes_1 to None, run_after=None
[2026-04-22T11:48:39.024+0530] {logging_mixin.py:188} INFO - [2026-04-22T11:48:39.024+0530] {dag.py:3954} INFO - Setting next_dagrun for dataset_consumes_1_and_2 to None, run_after=None
[2026-04-22T11:48:39.024+0530] {logging_mixin.py:188} INFO - [2026-04-22T11:48:39.024+0530] {dag.py:3954} INFO - Setting next_dagrun for dataset_consumes_1_never_scheduled to None, run_after=None
[2026-04-22T11:48:39.024+0530] {logging_mixin.py:188} INFO - [2026-04-22T11:48:39.024+0530] {dag.py:3954} INFO - Setting next_dagrun for dataset_consumes_unknown_never_scheduled to None, run_after=None
[2026-04-22T11:48:39.025+0530] {logging_mixin.py:188} INFO - [2026-04-22T11:48:39.025+0530] {dag.py:3954} INFO - Setting next_dagrun for dataset_produces_1 to 2026-04-21 00:00:00+00:00, run_after=2026-04-22 00:00:00+00:00
[2026-04-22T11:48:39.025+0530] {logging_mixin.py:188} INFO - [2026-04-22T11:48:39.025+0530] {dag.py:3954} INFO - Setting next_dagrun for dataset_produces_2 to None, run_after=None
[2026-04-22T11:48:39.033+0530] {processor.py:183} INFO - Processing /Library/Frameworks/Python.framework/Versions/3.10/lib/python3.10/site-packages/airflow/example_dags/example_datasets.py took 0.082 seconds
[2026-04-22T11:49:34.158+0530] {processor.py:161} INFO - Started process (PID=69508) to work on /Library/Frameworks/Python.framework/Versions/3.10/lib/python3.10/site-packages/airflow/example_dags/example_datasets.py
[2026-04-22T11:49:34.159+0530] {processor.py:830} INFO - Processing file /Library/Frameworks/Python.framework/Versions/3.10/lib/python3.10/site-packages/airflow/example_dags/example_datasets.py for tasks to queue
[2026-04-22T11:49:34.159+0530] {logging_mixin.py:188} INFO - [2026-04-22T11:49:34.159+0530] {dagbag.py:545} INFO - Filling up the DagBag from /Library/Frameworks/Python.framework/Versions/3.10/lib/python3.10/site-packages/airflow/example_dags/example_datasets.py
[2026-04-22T11:49:34.188+0530] {processor.py:840} INFO - DAG(s) 'consume_1_or_2_with_dataset_expressions', 'dataset_consumes_1_and_2', 'dataset_consumes_unknown_never_scheduled', 'dataset_consumes_1', 'consume_1_and_2_with_dataset_expressions', 'consume_1_or_both_2_and_3_with_dataset_expressions', 'conditional_dataset_and_time_based_timetable', 'dataset_consumes_1_never_scheduled', 'dataset_produces_1', 'dataset_produces_2' retrieved from /Library/Frameworks/Python.framework/Versions/3.10/lib/python3.10/site-packages/airflow/example_dags/example_datasets.py
[2026-04-22T11:49:34.226+0530] {logging_mixin.py:188} INFO - [2026-04-22T11:49:34.226+0530] {dag.py:3096} INFO - Sync 10 DAGs
[2026-04-22T11:49:34.232+0530] {logging_mixin.py:188} INFO - [2026-04-22T11:49:34.232+0530] {dag.py:3954} INFO - Setting next_dagrun for conditional_dataset_and_time_based_timetable to 2026-04-22 01:00:00+00:00, run_after=2026-04-22 01:00:00+00:00
[2026-04-22T11:49:34.233+0530] {logging_mixin.py:188} INFO - [2026-04-22T11:49:34.233+0530] {dag.py:3954} INFO - Setting next_dagrun for consume_1_and_2_with_dataset_expressions to None, run_after=None
[2026-04-22T11:49:34.233+0530] {logging_mixin.py:188} INFO - [2026-04-22T11:49:34.233+0530] {dag.py:3954} INFO - Setting next_dagrun for consume_1_or_2_with_dataset_expressions to None, run_after=None
[2026-04-22T11:49:34.234+0530] {logging_mixin.py:188} INFO - [2026-04-22T11:49:34.233+0530] {dag.py:3954} INFO - Setting next_dagrun for consume_1_or_both_2_and_3_with_dataset_expressions to None, run_after=None
[2026-04-22T11:49:34.234+0530] {logging_mixin.py:188} INFO - [2026-04-22T11:49:34.234+0530] {dag.py:3954} INFO - Setting next_dagrun for dataset_consumes_1 to None, run_after=None
[2026-04-22T11:49:34.234+0530] {logging_mixin.py:188} INFO - [2026-04-22T11:49:34.234+0530] {dag.py:3954} INFO - Setting next_dagrun for dataset_consumes_1_and_2 to None, run_after=None
[2026-04-22T11:49:34.234+0530] {logging_mixin.py:188} INFO - [2026-04-22T11:49:34.234+0530] {dag.py:3954} INFO - Setting next_dagrun for dataset_consumes_1_never_scheduled to None, run_after=None
[2026-04-22T11:49:34.234+0530] {logging_mixin.py:188} INFO - [2026-04-22T11:49:34.234+0530] {dag.py:3954} INFO - Setting next_dagrun for dataset_consumes_unknown_never_scheduled to None, run_after=None
[2026-04-22T11:49:34.235+0530] {logging_mixin.py:188} INFO - [2026-04-22T11:49:34.235+0530] {dag.py:3954} INFO - Setting next_dagrun for dataset_produces_1 to 2026-04-21 00:00:00+00:00, run_after=2026-04-22 00:00:00+00:00
[2026-04-22T11:49:34.235+0530] {logging_mixin.py:188} INFO - [2026-04-22T11:49:34.235+0530] {dag.py:3954} INFO - Setting next_dagrun for dataset_produces_2 to None, run_after=None
[2026-04-22T11:49:34.243+0530] {processor.py:183} INFO - Processing /Library/Frameworks/Python.framework/Versions/3.10/lib/python3.10/site-packages/airflow/example_dags/example_datasets.py took 0.086 seconds
[2026-04-22T11:50:29.775+0530] {processor.py:161} INFO - Started process (PID=69612) to work on /Library/Frameworks/Python.framework/Versions/3.10/lib/python3.10/site-packages/airflow/example_dags/example_datasets.py
[2026-04-22T11:50:29.776+0530] {processor.py:830} INFO - Processing file /Library/Frameworks/Python.framework/Versions/3.10/lib/python3.10/site-packages/airflow/example_dags/example_datasets.py for tasks to queue
[2026-04-22T11:50:29.776+0530] {logging_mixin.py:188} INFO - [2026-04-22T11:50:29.776+0530] {dagbag.py:545} INFO - Filling up the DagBag from /Library/Frameworks/Python.framework/Versions/3.10/lib/python3.10/site-packages/airflow/example_dags/example_datasets.py
[2026-04-22T11:50:29.805+0530] {processor.py:840} INFO - DAG(s) 'dataset_produces_2', 'consume_1_and_2_with_dataset_expressions', 'dataset_produces_1', 'conditional_dataset_and_time_based_timetable', 'dataset_consumes_unknown_never_scheduled', 'consume_1_or_2_with_dataset_expressions', 'dataset_consumes_1_and_2', 'dataset_consumes_1_never_scheduled', 'dataset_consumes_1', 'consume_1_or_both_2_and_3_with_dataset_expressions' retrieved from /Library/Frameworks/Python.framework/Versions/3.10/lib/python3.10/site-packages/airflow/example_dags/example_datasets.py
[2026-04-22T11:50:29.844+0530] {logging_mixin.py:188} INFO - [2026-04-22T11:50:29.844+0530] {dag.py:3096} INFO - Sync 10 DAGs
[2026-04-22T11:50:29.850+0530] {logging_mixin.py:188} INFO - [2026-04-22T11:50:29.850+0530] {dag.py:3954} INFO - Setting next_dagrun for conditional_dataset_and_time_based_timetable to 2026-04-22 01:00:00+00:00, run_after=2026-04-22 01:00:00+00:00
[2026-04-22T11:50:29.851+0530] {logging_mixin.py:188} INFO - [2026-04-22T11:50:29.851+0530] {dag.py:3954} INFO - Setting next_dagrun for consume_1_and_2_with_dataset_expressions to None, run_after=None
[2026-04-22T11:50:29.851+0530] {logging_mixin.py:188} INFO - [2026-04-22T11:50:29.851+0530] {dag.py:3954} INFO - Setting next_dagrun for consume_1_or_2_with_dataset_expressions to None, run_after=None
[2026-04-22T11:50:29.851+0530] {logging_mixin.py:188} INFO - [2026-04-22T11:50:29.851+0530] {dag.py:3954} INFO - Setting next_dagrun for consume_1_or_both_2_and_3_with_dataset_expressions to None, run_after=None
[2026-04-22T11:50:29.851+0530] {logging_mixin.py:188} INFO - [2026-04-22T11:50:29.851+0530] {dag.py:3954} INFO - Setting next_dagrun for dataset_consumes_1 to None, run_after=None
[2026-04-22T11:50:29.852+0530] {logging_mixin.py:188} INFO - [2026-04-22T11:50:29.852+0530] {dag.py:3954} INFO - Setting next_dagrun for dataset_consumes_1_and_2 to None, run_after=None
[2026-04-22T11:50:29.852+0530] {logging_mixin.py:188} INFO - [2026-04-22T11:50:29.852+0530] {dag.py:3954} INFO - Setting next_dagrun for dataset_consumes_1_never_scheduled to None, run_after=None
[2026-04-22T11:50:29.852+0530] {logging_mixin.py:188} INFO - [2026-04-22T11:50:29.852+0530] {dag.py:3954} INFO - Setting next_dagrun for dataset_consumes_unknown_never_scheduled to None, run_after=None
[2026-04-22T11:50:29.853+0530] {logging_mixin.py:188} INFO - [2026-04-22T11:50:29.852+0530] {dag.py:3954} INFO - Setting next_dagrun for dataset_produces_1 to 2026-04-21 00:00:00+00:00, run_after=2026-04-22 00:00:00+00:00
[2026-04-22T11:50:29.853+0530] {logging_mixin.py:188} INFO - [2026-04-22T11:50:29.853+0530] {dag.py:3954} INFO - Setting next_dagrun for dataset_produces_2 to None, run_after=None
[2026-04-22T11:50:29.860+0530] {processor.py:183} INFO - Processing /Library/Frameworks/Python.framework/Versions/3.10/lib/python3.10/site-packages/airflow/example_dags/example_datasets.py took 0.086 seconds
[2026-04-22T12:12:10.818+0530] {processor.py:161} INFO - Started process (PID=71063) to work on /Library/Frameworks/Python.framework/Versions/3.10/lib/python3.10/site-packages/airflow/example_dags/example_datasets.py
[2026-04-22T12:12:10.818+0530] {processor.py:830} INFO - Processing file /Library/Frameworks/Python.framework/Versions/3.10/lib/python3.10/site-packages/airflow/example_dags/example_datasets.py for tasks to queue
[2026-04-22T12:12:10.819+0530] {logging_mixin.py:188} INFO - [2026-04-22T12:12:10.819+0530] {dagbag.py:545} INFO - Filling up the DagBag from /Library/Frameworks/Python.framework/Versions/3.10/lib/python3.10/site-packages/airflow/example_dags/example_datasets.py
[2026-04-22T12:12:10.836+0530] {processor.py:840} INFO - DAG(s) 'dataset_produces_2', 'conditional_dataset_and_time_based_timetable', 'consume_1_and_2_with_dataset_expressions', 'dataset_consumes_unknown_never_scheduled', 'dataset_produces_1', 'consume_1_or_both_2_and_3_with_dataset_expressions', 'dataset_consumes_1_and_2', 'consume_1_or_2_with_dataset_expressions', 'dataset_consumes_1_never_scheduled', 'dataset_consumes_1' retrieved from /Library/Frameworks/Python.framework/Versions/3.10/lib/python3.10/site-packages/airflow/example_dags/example_datasets.py
[2026-04-22T12:12:10.874+0530] {logging_mixin.py:188} INFO - [2026-04-22T12:12:10.874+0530] {dag.py:3096} INFO - Sync 10 DAGs
[2026-04-22T12:12:10.880+0530] {logging_mixin.py:188} INFO - [2026-04-22T12:12:10.880+0530] {dag.py:3954} INFO - Setting next_dagrun for conditional_dataset_and_time_based_timetable to 2026-04-22 01:00:00+00:00, run_after=2026-04-22 01:00:00+00:00
[2026-04-22T12:12:10.881+0530] {logging_mixin.py:188} INFO - [2026-04-22T12:12:10.881+0530] {dag.py:3954} INFO - Setting next_dagrun for consume_1_and_2_with_dataset_expressions to None, run_after=None
[2026-04-22T12:12:10.881+0530] {logging_mixin.py:188} INFO - [2026-04-22T12:12:10.881+0530] {dag.py:3954} INFO - Setting next_dagrun for consume_1_or_2_with_dataset_expressions to None, run_after=None
[2026-04-22T12:12:10.881+0530] {logging_mixin.py:188} INFO - [2026-04-22T12:12:10.881+0530] {dag.py:3954} INFO - Setting next_dagrun for consume_1_or_both_2_and_3_with_dataset_expressions to None, run_after=None
[2026-04-22T12:12:10.881+0530] {logging_mixin.py:188} INFO - [2026-04-22T12:12:10.881+0530] {dag.py:3954} INFO - Setting next_dagrun for dataset_consumes_1 to None, run_after=None
[2026-04-22T12:12:10.882+0530] {logging_mixin.py:188} INFO - [2026-04-22T12:12:10.882+0530] {dag.py:3954} INFO - Setting next_dagrun for dataset_consumes_1_and_2 to None, run_after=None
[2026-04-22T12:12:10.882+0530] {logging_mixin.py:188} INFO - [2026-04-22T12:12:10.882+0530] {dag.py:3954} INFO - Setting next_dagrun for dataset_consumes_1_never_scheduled to None, run_after=None
[2026-04-22T12:12:10.882+0530] {logging_mixin.py:188} INFO - [2026-04-22T12:12:10.882+0530] {dag.py:3954} INFO - Setting next_dagrun for dataset_consumes_unknown_never_scheduled to None, run_after=None
[2026-04-22T12:12:10.883+0530] {logging_mixin.py:188} INFO - [2026-04-22T12:12:10.883+0530] {dag.py:3954} INFO - Setting next_dagrun for dataset_produces_1 to 2026-04-21 00:00:00+00:00, run_after=2026-04-22 00:00:00+00:00
[2026-04-22T12:12:10.883+0530] {logging_mixin.py:188} INFO - [2026-04-22T12:12:10.883+0530] {dag.py:3954} INFO - Setting next_dagrun for dataset_produces_2 to None, run_after=None
[2026-04-22T12:12:10.891+0530] {processor.py:183} INFO - Processing /Library/Frameworks/Python.framework/Versions/3.10/lib/python3.10/site-packages/airflow/example_dags/example_datasets.py took 0.074 seconds
[2026-04-22T12:16:56.438+0530] {processor.py:161} INFO - Started process (PID=71395) to work on /Library/Frameworks/Python.framework/Versions/3.10/lib/python3.10/site-packages/airflow/example_dags/example_datasets.py
[2026-04-22T12:16:56.440+0530] {processor.py:830} INFO - Processing file /Library/Frameworks/Python.framework/Versions/3.10/lib/python3.10/site-packages/airflow/example_dags/example_datasets.py for tasks to queue
[2026-04-22T12:16:56.440+0530] {logging_mixin.py:188} INFO - [2026-04-22T12:16:56.440+0530] {dagbag.py:545} INFO - Filling up the DagBag from /Library/Frameworks/Python.framework/Versions/3.10/lib/python3.10/site-packages/airflow/example_dags/example_datasets.py
[2026-04-22T12:16:56.468+0530] {processor.py:840} INFO - DAG(s) 'dataset_produces_1', 'consume_1_and_2_with_dataset_expressions', 'dataset_consumes_1_and_2', 'dataset_consumes_unknown_never_scheduled', 'dataset_produces_2', 'consume_1_or_both_2_and_3_with_dataset_expressions', 'conditional_dataset_and_time_based_timetable', 'dataset_consumes_1_never_scheduled', 'consume_1_or_2_with_dataset_expressions', 'dataset_consumes_1' retrieved from /Library/Frameworks/Python.framework/Versions/3.10/lib/python3.10/site-packages/airflow/example_dags/example_datasets.py
[2026-04-22T12:16:56.515+0530] {logging_mixin.py:188} INFO - [2026-04-22T12:16:56.515+0530] {dag.py:3096} INFO - Sync 10 DAGs
[2026-04-22T12:16:56.520+0530] {logging_mixin.py:188} INFO - [2026-04-22T12:16:56.520+0530] {dag.py:3954} INFO - Setting next_dagrun for conditional_dataset_and_time_based_timetable to 2026-04-22 01:00:00+00:00, run_after=2026-04-22 01:00:00+00:00
[2026-04-22T12:16:56.521+0530] {logging_mixin.py:188} INFO - [2026-04-22T12:16:56.521+0530] {dag.py:3954} INFO - Setting next_dagrun for consume_1_and_2_with_dataset_expressions to None, run_after=None
[2026-04-22T12:16:56.522+0530] {logging_mixin.py:188} INFO - [2026-04-22T12:16:56.522+0530] {dag.py:3954} INFO - Setting next_dagrun for consume_1_or_2_with_dataset_expressions to None, run_after=None
[2026-04-22T12:16:56.522+0530] {logging_mixin.py:188} INFO - [2026-04-22T12:16:56.522+0530] {dag.py:3954} INFO - Setting next_dagrun for consume_1_or_both_2_and_3_with_dataset_expressions to None, run_after=None
[2026-04-22T12:16:56.522+0530] {logging_mixin.py:188} INFO - [2026-04-22T12:16:56.522+0530] {dag.py:3954} INFO - Setting next_dagrun for dataset_consumes_1 to None, run_after=None
[2026-04-22T12:16:56.522+0530] {logging_mixin.py:188} INFO - [2026-04-22T12:16:56.522+0530] {dag.py:3954} INFO - Setting next_dagrun for dataset_consumes_1_and_2 to None, run_after=None
[2026-04-22T12:16:56.523+0530] {logging_mixin.py:188} INFO - [2026-04-22T12:16:56.522+0530] {dag.py:3954} INFO - Setting next_dagrun for dataset_consumes_1_never_scheduled to None, run_after=None
[2026-04-22T12:16:56.523+0530] {logging_mixin.py:188} INFO - [2026-04-22T12:16:56.523+0530] {dag.py:3954} INFO - Setting next_dagrun for dataset_consumes_unknown_never_scheduled to None, run_after=None
[2026-04-22T12:16:56.523+0530] {logging_mixin.py:188} INFO - [2026-04-22T12:16:56.523+0530] {dag.py:3954} INFO - Setting next_dagrun for dataset_produces_1 to 2026-04-21 00:00:00+00:00, run_after=2026-04-22 00:00:00+00:00
[2026-04-22T12:16:56.523+0530] {logging_mixin.py:188} INFO - [2026-04-22T12:16:56.523+0530] {dag.py:3954} INFO - Setting next_dagrun for dataset_produces_2 to None, run_after=None
[2026-04-22T12:16:56.531+0530] {processor.py:183} INFO - Processing /Library/Frameworks/Python.framework/Versions/3.10/lib/python3.10/site-packages/airflow/example_dags/example_datasets.py took 0.093 seconds
[2026-04-22T12:19:30.013+0530] {processor.py:161} INFO - Started process (PID=71635) to work on /Library/Frameworks/Python.framework/Versions/3.10/lib/python3.10/site-packages/airflow/example_dags/example_datasets.py
[2026-04-22T12:19:30.013+0530] {processor.py:830} INFO - Processing file /Library/Frameworks/Python.framework/Versions/3.10/lib/python3.10/site-packages/airflow/example_dags/example_datasets.py for tasks to queue
[2026-04-22T12:19:30.014+0530] {logging_mixin.py:188} INFO - [2026-04-22T12:19:30.013+0530] {dagbag.py:545} INFO - Filling up the DagBag from /Library/Frameworks/Python.framework/Versions/3.10/lib/python3.10/site-packages/airflow/example_dags/example_datasets.py
[2026-04-22T12:19:30.040+0530] {processor.py:840} INFO - DAG(s) 'consume_1_or_2_with_dataset_expressions', 'conditional_dataset_and_time_based_timetable', 'consume_1_or_both_2_and_3_with_dataset_expressions', 'consume_1_and_2_with_dataset_expressions', 'dataset_consumes_unknown_never_scheduled', 'dataset_consumes_1_never_scheduled', 'dataset_consumes_1_and_2', 'dataset_produces_1', 'dataset_consumes_1', 'dataset_produces_2' retrieved from /Library/Frameworks/Python.framework/Versions/3.10/lib/python3.10/site-packages/airflow/example_dags/example_datasets.py
[2026-04-22T12:19:30.080+0530] {logging_mixin.py:188} INFO - [2026-04-22T12:19:30.080+0530] {dag.py:3096} INFO - Sync 10 DAGs
[2026-04-22T12:19:30.086+0530] {logging_mixin.py:188} INFO - [2026-04-22T12:19:30.086+0530] {dag.py:3954} INFO - Setting next_dagrun for conditional_dataset_and_time_based_timetable to 2026-04-22 01:00:00+00:00, run_after=2026-04-22 01:00:00+00:00
[2026-04-22T12:19:30.087+0530] {logging_mixin.py:188} INFO - [2026-04-22T12:19:30.086+0530] {dag.py:3954} INFO - Setting next_dagrun for consume_1_and_2_with_dataset_expressions to None, run_after=None
[2026-04-22T12:19:30.087+0530] {logging_mixin.py:188} INFO - [2026-04-22T12:19:30.087+0530] {dag.py:3954} INFO - Setting next_dagrun for consume_1_or_2_with_dataset_expressions to None, run_after=None
[2026-04-22T12:19:30.087+0530] {logging_mixin.py:188} INFO - [2026-04-22T12:19:30.087+0530] {dag.py:3954} INFO - Setting next_dagrun for consume_1_or_both_2_and_3_with_dataset_expressions to None, run_after=None
[2026-04-22T12:19:30.087+0530] {logging_mixin.py:188} INFO - [2026-04-22T12:19:30.087+0530] {dag.py:3954} INFO - Setting next_dagrun for dataset_consumes_1 to None, run_after=None
[2026-04-22T12:19:30.087+0530] {logging_mixin.py:188} INFO - [2026-04-22T12:19:30.087+0530] {dag.py:3954} INFO - Setting next_dagrun for dataset_consumes_1_and_2 to None, run_after=None
[2026-04-22T12:19:30.088+0530] {logging_mixin.py:188} INFO - [2026-04-22T12:19:30.088+0530] {dag.py:3954} INFO - Setting next_dagrun for dataset_consumes_1_never_scheduled to None, run_after=None
[2026-04-22T12:19:30.088+0530] {logging_mixin.py:188} INFO - [2026-04-22T12:19:30.088+0530] {dag.py:3954} INFO - Setting next_dagrun for dataset_consumes_unknown_never_scheduled to None, run_after=None
[2026-04-22T12:19:30.088+0530] {logging_mixin.py:188} INFO - [2026-04-22T12:19:30.088+0530] {dag.py:3954} INFO - Setting next_dagrun for dataset_produces_1 to 2026-04-21 00:00:00+00:00, run_after=2026-04-22 00:00:00+00:00
[2026-04-22T12:19:30.089+0530] {logging_mixin.py:188} INFO - [2026-04-22T12:19:30.089+0530] {dag.py:3954} INFO - Setting next_dagrun for dataset_produces_2 to None, run_after=None
[2026-04-22T12:19:30.096+0530] {processor.py:183} INFO - Processing /Library/Frameworks/Python.framework/Versions/3.10/lib/python3.10/site-packages/airflow/example_dags/example_datasets.py took 0.084 seconds
[2026-04-22T12:21:47.284+0530] {processor.py:161} INFO - Started process (PID=72363) to work on /Library/Frameworks/Python.framework/Versions/3.10/lib/python3.10/site-packages/airflow/example_dags/example_datasets.py
[2026-04-22T12:21:47.285+0530] {processor.py:830} INFO - Processing file /Library/Frameworks/Python.framework/Versions/3.10/lib/python3.10/site-packages/airflow/example_dags/example_datasets.py for tasks to queue
[2026-04-22T12:21:47.286+0530] {logging_mixin.py:188} INFO - [2026-04-22T12:21:47.286+0530] {dagbag.py:545} INFO - Filling up the DagBag from /Library/Frameworks/Python.framework/Versions/3.10/lib/python3.10/site-packages/airflow/example_dags/example_datasets.py
[2026-04-22T12:21:47.310+0530] {processor.py:840} INFO - DAG(s) 'dataset_produces_2', 'consume_1_or_2_with_dataset_expressions', 'conditional_dataset_and_time_based_timetable', 'consume_1_or_both_2_and_3_with_dataset_expressions', 'dataset_produces_1', 'consume_1_and_2_with_dataset_expressions', 'dataset_consumes_1_and_2', 'dataset_consumes_1_never_scheduled', 'dataset_consumes_1', 'dataset_consumes_unknown_never_scheduled' retrieved from /Library/Frameworks/Python.framework/Versions/3.10/lib/python3.10/site-packages/airflow/example_dags/example_datasets.py
[2026-04-22T12:21:47.350+0530] {logging_mixin.py:188} INFO - [2026-04-22T12:21:47.349+0530] {dag.py:3096} INFO - Sync 10 DAGs
[2026-04-22T12:21:47.355+0530] {logging_mixin.py:188} INFO - [2026-04-22T12:21:47.355+0530] {dag.py:3954} INFO - Setting next_dagrun for conditional_dataset_and_time_based_timetable to 2026-04-22 01:00:00+00:00, run_after=2026-04-22 01:00:00+00:00
[2026-04-22T12:21:47.356+0530] {logging_mixin.py:188} INFO - [2026-04-22T12:21:47.356+0530] {dag.py:3954} INFO - Setting next_dagrun for consume_1_and_2_with_dataset_expressions to None, run_after=None
[2026-04-22T12:21:47.356+0530] {logging_mixin.py:188} INFO - [2026-04-22T12:21:47.356+0530] {dag.py:3954} INFO - Setting next_dagrun for consume_1_or_2_with_dataset_expressions to None, run_after=None
[2026-04-22T12:21:47.357+0530] {logging_mixin.py:188} INFO - [2026-04-22T12:21:47.357+0530] {dag.py:3954} INFO - Setting next_dagrun for consume_1_or_both_2_and_3_with_dataset_expressions to None, run_after=None
[2026-04-22T12:21:47.357+0530] {logging_mixin.py:188} INFO - [2026-04-22T12:21:47.357+0530] {dag.py:3954} INFO - Setting next_dagrun for dataset_consumes_1 to None, run_after=None
[2026-04-22T12:21:47.357+0530] {logging_mixin.py:188} INFO - [2026-04-22T12:21:47.357+0530] {dag.py:3954} INFO - Setting next_dagrun for dataset_consumes_1_and_2 to None, run_after=None
[2026-04-22T12:21:47.357+0530] {logging_mixin.py:188} INFO - [2026-04-22T12:21:47.357+0530] {dag.py:3954} INFO - Setting next_dagrun for dataset_consumes_1_never_scheduled to None, run_after=None
[2026-04-22T12:21:47.358+0530] {logging_mixin.py:188} INFO - [2026-04-22T12:21:47.357+0530] {dag.py:3954} INFO - Setting next_dagrun for dataset_consumes_unknown_never_scheduled to None, run_after=None
[2026-04-22T12:21:47.358+0530] {logging_mixin.py:188} INFO - [2026-04-22T12:21:47.358+0530] {dag.py:3954} INFO - Setting next_dagrun for dataset_produces_1 to 2026-04-21 00:00:00+00:00, run_after=2026-04-22 00:00:00+00:00
[2026-04-22T12:21:47.358+0530] {logging_mixin.py:188} INFO - [2026-04-22T12:21:47.358+0530] {dag.py:3954} INFO - Setting next_dagrun for dataset_produces_2 to None, run_after=None
[2026-04-22T12:21:47.366+0530] {processor.py:183} INFO - Processing /Library/Frameworks/Python.framework/Versions/3.10/lib/python3.10/site-packages/airflow/example_dags/example_datasets.py took 0.082 seconds
[2026-04-22T12:23:28.410+0530] {processor.py:161} INFO - Started process (PID=72543) to work on /Library/Frameworks/Python.framework/Versions/3.10/lib/python3.10/site-packages/airflow/example_dags/example_datasets.py
[2026-04-22T12:23:28.411+0530] {processor.py:830} INFO - Processing file /Library/Frameworks/Python.framework/Versions/3.10/lib/python3.10/site-packages/airflow/example_dags/example_datasets.py for tasks to queue
[2026-04-22T12:23:28.411+0530] {logging_mixin.py:188} INFO - [2026-04-22T12:23:28.411+0530] {dagbag.py:545} INFO - Filling up the DagBag from /Library/Frameworks/Python.framework/Versions/3.10/lib/python3.10/site-packages/airflow/example_dags/example_datasets.py
[2026-04-22T12:23:28.440+0530] {processor.py:840} INFO - DAG(s) 'consume_1_or_both_2_and_3_with_dataset_expressions', 'consume_1_and_2_with_dataset_expressions', 'dataset_produces_1', 'dataset_consumes_1_and_2', 'consume_1_or_2_with_dataset_expressions', 'dataset_consumes_1_never_scheduled', 'dataset_consumes_1', 'dataset_produces_2', 'dataset_consumes_unknown_never_scheduled', 'conditional_dataset_and_time_based_timetable' retrieved from /Library/Frameworks/Python.framework/Versions/3.10/lib/python3.10/site-packages/airflow/example_dags/example_datasets.py
[2026-04-22T12:23:28.479+0530] {logging_mixin.py:188} INFO - [2026-04-22T12:23:28.479+0530] {dag.py:3096} INFO - Sync 10 DAGs
[2026-04-22T12:23:28.485+0530] {logging_mixin.py:188} INFO - [2026-04-22T12:23:28.485+0530] {dag.py:3954} INFO - Setting next_dagrun for conditional_dataset_and_time_based_timetable to 2026-04-22 01:00:00+00:00, run_after=2026-04-22 01:00:00+00:00
[2026-04-22T12:23:28.485+0530] {logging_mixin.py:188} INFO - [2026-04-22T12:23:28.485+0530] {dag.py:3954} INFO - Setting next_dagrun for consume_1_and_2_with_dataset_expressions to None, run_after=None
[2026-04-22T12:23:28.486+0530] {logging_mixin.py:188} INFO - [2026-04-22T12:23:28.486+0530] {dag.py:3954} INFO - Setting next_dagrun for consume_1_or_2_with_dataset_expressions to None, run_after=None
[2026-04-22T12:23:28.486+0530] {logging_mixin.py:188} INFO - [2026-04-22T12:23:28.486+0530] {dag.py:3954} INFO - Setting next_dagrun for consume_1_or_both_2_and_3_with_dataset_expressions to None, run_after=None
[2026-04-22T12:23:28.486+0530] {logging_mixin.py:188} INFO - [2026-04-22T12:23:28.486+0530] {dag.py:3954} INFO - Setting next_dagrun for dataset_consumes_1 to None, run_after=None
[2026-04-22T12:23:28.486+0530] {logging_mixin.py:188} INFO - [2026-04-22T12:23:28.486+0530] {dag.py:3954} INFO - Setting next_dagrun for dataset_consumes_1_and_2 to None, run_after=None
[2026-04-22T12:23:28.487+0530] {logging_mixin.py:188} INFO - [2026-04-22T12:23:28.487+0530] {dag.py:3954} INFO - Setting next_dagrun for dataset_consumes_1_never_scheduled to None, run_after=None
[2026-04-22T12:23:28.487+0530] {logging_mixin.py:188} INFO - [2026-04-22T12:23:28.487+0530] {dag.py:3954} INFO - Setting next_dagrun for dataset_consumes_unknown_never_scheduled to None, run_after=None
[2026-04-22T12:23:28.487+0530] {logging_mixin.py:188} INFO - [2026-04-22T12:23:28.487+0530] {dag.py:3954} INFO - Setting next_dagrun for dataset_produces_1 to 2026-04-21 00:00:00+00:00, run_after=2026-04-22 00:00:00+00:00
[2026-04-22T12:23:28.488+0530] {logging_mixin.py:188} INFO - [2026-04-22T12:23:28.488+0530] {dag.py:3954} INFO - Setting next_dagrun for dataset_produces_2 to None, run_after=None
[2026-04-22T12:23:28.495+0530] {processor.py:183} INFO - Processing /Library/Frameworks/Python.framework/Versions/3.10/lib/python3.10/site-packages/airflow/example_dags/example_datasets.py took 0.086 seconds
[2026-04-22T12:25:10.851+0530] {processor.py:161} INFO - Started process (PID=72787) to work on /Library/Frameworks/Python.framework/Versions/3.10/lib/python3.10/site-packages/airflow/example_dags/example_datasets.py
[2026-04-22T12:25:10.852+0530] {processor.py:830} INFO - Processing file /Library/Frameworks/Python.framework/Versions/3.10/lib/python3.10/site-packages/airflow/example_dags/example_datasets.py for tasks to queue
[2026-04-22T12:25:10.852+0530] {logging_mixin.py:188} INFO - [2026-04-22T12:25:10.852+0530] {dagbag.py:545} INFO - Filling up the DagBag from /Library/Frameworks/Python.framework/Versions/3.10/lib/python3.10/site-packages/airflow/example_dags/example_datasets.py
[2026-04-22T12:25:10.881+0530] {processor.py:840} INFO - DAG(s) 'dataset_produces_1', 'dataset_consumes_unknown_never_scheduled', 'dataset_consumes_1_never_scheduled', 'dataset_consumes_1_and_2', 'dataset_consumes_1', 'consume_1_and_2_with_dataset_expressions', 'consume_1_or_2_with_dataset_expressions', 'dataset_produces_2', 'conditional_dataset_and_time_based_timetable', 'consume_1_or_both_2_and_3_with_dataset_expressions' retrieved from /Library/Frameworks/Python.framework/Versions/3.10/lib/python3.10/site-packages/airflow/example_dags/example_datasets.py
[2026-04-22T12:25:10.924+0530] {logging_mixin.py:188} INFO - [2026-04-22T12:25:10.923+0530] {dag.py:3096} INFO - Sync 10 DAGs
[2026-04-22T12:25:10.930+0530] {logging_mixin.py:188} INFO - [2026-04-22T12:25:10.929+0530] {dag.py:3954} INFO - Setting next_dagrun for conditional_dataset_and_time_based_timetable to 2026-04-22 01:00:00+00:00, run_after=2026-04-22 01:00:00+00:00
[2026-04-22T12:25:10.931+0530] {logging_mixin.py:188} INFO - [2026-04-22T12:25:10.931+0530] {dag.py:3954} INFO - Setting next_dagrun for consume_1_and_2_with_dataset_expressions to None, run_after=None
[2026-04-22T12:25:10.931+0530] {logging_mixin.py:188} INFO - [2026-04-22T12:25:10.931+0530] {dag.py:3954} INFO - Setting next_dagrun for consume_1_or_2_with_dataset_expressions to None, run_after=None
[2026-04-22T12:25:10.931+0530] {logging_mixin.py:188} INFO - [2026-04-22T12:25:10.931+0530] {dag.py:3954} INFO - Setting next_dagrun for consume_1_or_both_2_and_3_with_dataset_expressions to None, run_after=None
[2026-04-22T12:25:10.932+0530] {logging_mixin.py:188} INFO - [2026-04-22T12:25:10.932+0530] {dag.py:3954} INFO - Setting next_dagrun for dataset_consumes_1 to None, run_after=None
[2026-04-22T12:25:10.932+0530] {logging_mixin.py:188} INFO - [2026-04-22T12:25:10.932+0530] {dag.py:3954} INFO - Setting next_dagrun for dataset_consumes_1_and_2 to None, run_after=None
[2026-04-22T12:25:10.932+0530] {logging_mixin.py:188} INFO - [2026-04-22T12:25:10.932+0530] {dag.py:3954} INFO - Setting next_dagrun for dataset_consumes_1_never_scheduled to None, run_after=None
[2026-04-22T12:25:10.932+0530] {logging_mixin.py:188} INFO - [2026-04-22T12:25:10.932+0530] {dag.py:3954} INFO - Setting next_dagrun for dataset_consumes_unknown_never_scheduled to None, run_after=None
[2026-04-22T12:25:10.933+0530] {logging_mixin.py:188} INFO - [2026-04-22T12:25:10.933+0530] {dag.py:3954} INFO - Setting next_dagrun for dataset_produces_1 to 2026-04-21 00:00:00+00:00, run_after=2026-04-22 00:00:00+00:00
[2026-04-22T12:25:10.933+0530] {logging_mixin.py:188} INFO - [2026-04-22T12:25:10.933+0530] {dag.py:3954} INFO - Setting next_dagrun for dataset_produces_2 to None, run_after=None
[2026-04-22T12:25:10.941+0530] {processor.py:183} INFO - Processing /Library/Frameworks/Python.framework/Versions/3.10/lib/python3.10/site-packages/airflow/example_dags/example_datasets.py took 0.091 seconds
[2026-04-22T12:26:58.817+0530] {processor.py:161} INFO - Started process (PID=72936) to work on /Library/Frameworks/Python.framework/Versions/3.10/lib/python3.10/site-packages/airflow/example_dags/example_datasets.py
[2026-04-22T12:26:58.818+0530] {processor.py:830} INFO - Processing file /Library/Frameworks/Python.framework/Versions/3.10/lib/python3.10/site-packages/airflow/example_dags/example_datasets.py for tasks to queue
[2026-04-22T12:26:58.818+0530] {logging_mixin.py:188} INFO - [2026-04-22T12:26:58.818+0530] {dagbag.py:545} INFO - Filling up the DagBag from /Library/Frameworks/Python.framework/Versions/3.10/lib/python3.10/site-packages/airflow/example_dags/example_datasets.py
[2026-04-22T12:26:58.856+0530] {processor.py:840} INFO - DAG(s) 'consume_1_or_both_2_and_3_with_dataset_expressions', 'dataset_consumes_unknown_never_scheduled', 'dataset_consumes_1_and_2', 'consume_1_or_2_with_dataset_expressions', 'consume_1_and_2_with_dataset_expressions', 'dataset_consumes_1', 'conditional_dataset_and_time_based_timetable', 'dataset_produces_1', 'dataset_produces_2', 'dataset_consumes_1_never_scheduled' retrieved from /Library/Frameworks/Python.framework/Versions/3.10/lib/python3.10/site-packages/airflow/example_dags/example_datasets.py
[2026-04-22T12:26:58.896+0530] {logging_mixin.py:188} INFO - [2026-04-22T12:26:58.896+0530] {dag.py:3096} INFO - Sync 10 DAGs
[2026-04-22T12:26:58.903+0530] {logging_mixin.py:188} INFO - [2026-04-22T12:26:58.902+0530] {dag.py:3954} INFO - Setting next_dagrun for conditional_dataset_and_time_based_timetable to 2026-04-22 01:00:00+00:00, run_after=2026-04-22 01:00:00+00:00
[2026-04-22T12:26:58.903+0530] {logging_mixin.py:188} INFO - [2026-04-22T12:26:58.903+0530] {dag.py:3954} INFO - Setting next_dagrun for consume_1_and_2_with_dataset_expressions to None, run_after=None
[2026-04-22T12:26:58.904+0530] {logging_mixin.py:188} INFO - [2026-04-22T12:26:58.904+0530] {dag.py:3954} INFO - Setting next_dagrun for consume_1_or_2_with_dataset_expressions to None, run_after=None
[2026-04-22T12:26:58.904+0530] {logging_mixin.py:188} INFO - [2026-04-22T12:26:58.904+0530] {dag.py:3954} INFO - Setting next_dagrun for consume_1_or_both_2_and_3_with_dataset_expressions to None, run_after=None
[2026-04-22T12:26:58.904+0530] {logging_mixin.py:188} INFO - [2026-04-22T12:26:58.904+0530] {dag.py:3954} INFO - Setting next_dagrun for dataset_consumes_1 to None, run_after=None
[2026-04-22T12:26:58.904+0530] {logging_mixin.py:188} INFO - [2026-04-22T12:26:58.904+0530] {dag.py:3954} INFO - Setting next_dagrun for dataset_consumes_1_and_2 to None, run_after=None
[2026-04-22T12:26:58.904+0530] {logging_mixin.py:188} INFO - [2026-04-22T12:26:58.904+0530] {dag.py:3954} INFO - Setting next_dagrun for dataset_consumes_1_never_scheduled to None, run_after=None
[2026-04-22T12:26:58.905+0530] {logging_mixin.py:188} INFO - [2026-04-22T12:26:58.905+0530] {dag.py:3954} INFO - Setting next_dagrun for dataset_consumes_unknown_never_scheduled to None, run_after=None
[2026-04-22T12:26:58.905+0530] {logging_mixin.py:188} INFO - [2026-04-22T12:26:58.905+0530] {dag.py:3954} INFO - Setting next_dagrun for dataset_produces_1 to 2026-04-21 00:00:00+00:00, run_after=2026-04-22 00:00:00+00:00
[2026-04-22T12:26:58.905+0530] {logging_mixin.py:188} INFO - [2026-04-22T12:26:58.905+0530] {dag.py:3954} INFO - Setting next_dagrun for dataset_produces_2 to None, run_after=None
[2026-04-22T12:26:58.913+0530] {processor.py:183} INFO - Processing /Library/Frameworks/Python.framework/Versions/3.10/lib/python3.10/site-packages/airflow/example_dags/example_datasets.py took 0.097 seconds
[2026-04-22T12:28:53.297+0530] {processor.py:161} INFO - Started process (PID=73160) to work on /Library/Frameworks/Python.framework/Versions/3.10/lib/python3.10/site-packages/airflow/example_dags/example_datasets.py
[2026-04-22T12:28:53.298+0530] {processor.py:830} INFO - Processing file /Library/Frameworks/Python.framework/Versions/3.10/lib/python3.10/site-packages/airflow/example_dags/example_datasets.py for tasks to queue
[2026-04-22T12:28:53.298+0530] {logging_mixin.py:188} INFO - [2026-04-22T12:28:53.298+0530] {dagbag.py:545} INFO - Filling up the DagBag from /Library/Frameworks/Python.framework/Versions/3.10/lib/python3.10/site-packages/airflow/example_dags/example_datasets.py
[2026-04-22T12:28:53.323+0530] {processor.py:840} INFO - DAG(s) 'conditional_dataset_and_time_based_timetable', 'consume_1_or_both_2_and_3_with_dataset_expressions', 'dataset_consumes_1_and_2', 'dataset_consumes_1_never_scheduled', 'dataset_produces_2', 'dataset_consumes_unknown_never_scheduled', 'dataset_produces_1', 'consume_1_or_2_with_dataset_expressions', 'consume_1_and_2_with_dataset_expressions', 'dataset_consumes_1' retrieved from /Library/Frameworks/Python.framework/Versions/3.10/lib/python3.10/site-packages/airflow/example_dags/example_datasets.py
[2026-04-22T12:28:53.362+0530] {logging_mixin.py:188} INFO - [2026-04-22T12:28:53.361+0530] {dag.py:3096} INFO - Sync 10 DAGs
[2026-04-22T12:28:53.367+0530] {logging_mixin.py:188} INFO - [2026-04-22T12:28:53.367+0530] {dag.py:3954} INFO - Setting next_dagrun for conditional_dataset_and_time_based_timetable to 2026-04-22 01:00:00+00:00, run_after=2026-04-22 01:00:00+00:00
[2026-04-22T12:28:53.368+0530] {logging_mixin.py:188} INFO - [2026-04-22T12:28:53.368+0530] {dag.py:3954} INFO - Setting next_dagrun for consume_1_and_2_with_dataset_expressions to None, run_after=None
[2026-04-22T12:28:53.369+0530] {logging_mixin.py:188} INFO - [2026-04-22T12:28:53.369+0530] {dag.py:3954} INFO - Setting next_dagrun for consume_1_or_2_with_dataset_expressions to None, run_after=None
[2026-04-22T12:28:53.369+0530] {logging_mixin.py:188} INFO - [2026-04-22T12:28:53.369+0530] {dag.py:3954} INFO - Setting next_dagrun for consume_1_or_both_2_and_3_with_dataset_expressions to None, run_after=None
[2026-04-22T12:28:53.369+0530] {logging_mixin.py:188} INFO - [2026-04-22T12:28:53.369+0530] {dag.py:3954} INFO - Setting next_dagrun for dataset_consumes_1 to None, run_after=None
[2026-04-22T12:28:53.369+0530] {logging_mixin.py:188} INFO - [2026-04-22T12:28:53.369+0530] {dag.py:3954} INFO - Setting next_dagrun for dataset_consumes_1_and_2 to None, run_after=None
[2026-04-22T12:28:53.370+0530] {logging_mixin.py:188} INFO - [2026-04-22T12:28:53.370+0530] {dag.py:3954} INFO - Setting next_dagrun for dataset_consumes_1_never_scheduled to None, run_after=None
[2026-04-22T12:28:53.370+0530] {logging_mixin.py:188} INFO - [2026-04-22T12:28:53.370+0530] {dag.py:3954} INFO - Setting next_dagrun for dataset_consumes_unknown_never_scheduled to None, run_after=None
[2026-04-22T12:28:53.370+0530] {logging_mixin.py:188} INFO - [2026-04-22T12:28:53.370+0530] {dag.py:3954} INFO - Setting next_dagrun for dataset_produces_1 to 2026-04-21 00:00:00+00:00, run_after=2026-04-22 00:00:00+00:00
[2026-04-22T12:28:53.371+0530] {logging_mixin.py:188} INFO - [2026-04-22T12:28:53.370+0530] {dag.py:3954} INFO - Setting next_dagrun for dataset_produces_2 to None, run_after=None
[2026-04-22T12:28:53.378+0530] {processor.py:183} INFO - Processing /Library/Frameworks/Python.framework/Versions/3.10/lib/python3.10/site-packages/airflow/example_dags/example_datasets.py took 0.082 seconds
[2026-04-22T12:30:40.631+0530] {processor.py:161} INFO - Started process (PID=73407) to work on /Library/Frameworks/Python.framework/Versions/3.10/lib/python3.10/site-packages/airflow/example_dags/example_datasets.py
[2026-04-22T12:30:40.632+0530] {processor.py:830} INFO - Processing file /Library/Frameworks/Python.framework/Versions/3.10/lib/python3.10/site-packages/airflow/example_dags/example_datasets.py for tasks to queue
[2026-04-22T12:30:40.632+0530] {logging_mixin.py:188} INFO - [2026-04-22T12:30:40.632+0530] {dagbag.py:545} INFO - Filling up the DagBag from /Library/Frameworks/Python.framework/Versions/3.10/lib/python3.10/site-packages/airflow/example_dags/example_datasets.py
[2026-04-22T12:30:40.657+0530] {processor.py:840} INFO - DAG(s) 'dataset_produces_2', 'dataset_produces_1', 'consume_1_or_2_with_dataset_expressions', 'dataset_consumes_1', 'consume_1_or_both_2_and_3_with_dataset_expressions', 'dataset_consumes_unknown_never_scheduled', 'consume_1_and_2_with_dataset_expressions', 'conditional_dataset_and_time_based_timetable', 'dataset_consumes_1_and_2', 'dataset_consumes_1_never_scheduled' retrieved from /Library/Frameworks/Python.framework/Versions/3.10/lib/python3.10/site-packages/airflow/example_dags/example_datasets.py
[2026-04-22T12:30:40.698+0530] {logging_mixin.py:188} INFO - [2026-04-22T12:30:40.698+0530] {dag.py:3096} INFO - Sync 10 DAGs
[2026-04-22T12:30:40.703+0530] {logging_mixin.py:188} INFO - [2026-04-22T12:30:40.703+0530] {dag.py:3954} INFO - Setting next_dagrun for conditional_dataset_and_time_based_timetable to 2026-04-22 01:00:00+00:00, run_after=2026-04-22 01:00:00+00:00
[2026-04-22T12:30:40.704+0530] {logging_mixin.py:188} INFO - [2026-04-22T12:30:40.704+0530] {dag.py:3954} INFO - Setting next_dagrun for consume_1_and_2_with_dataset_expressions to None, run_after=None
[2026-04-22T12:30:40.704+0530] {logging_mixin.py:188} INFO - [2026-04-22T12:30:40.704+0530] {dag.py:3954} INFO - Setting next_dagrun for consume_1_or_2_with_dataset_expressions to None, run_after=None
[2026-04-22T12:30:40.705+0530] {logging_mixin.py:188} INFO - [2026-04-22T12:30:40.705+0530] {dag.py:3954} INFO - Setting next_dagrun for consume_1_or_both_2_and_3_with_dataset_expressions to None, run_after=None
[2026-04-22T12:30:40.705+0530] {logging_mixin.py:188} INFO - [2026-04-22T12:30:40.705+0530] {dag.py:3954} INFO - Setting next_dagrun for dataset_consumes_1 to None, run_after=None
[2026-04-22T12:30:40.705+0530] {logging_mixin.py:188} INFO - [2026-04-22T12:30:40.705+0530] {dag.py:3954} INFO - Setting next_dagrun for dataset_consumes_1_and_2 to None, run_after=None
[2026-04-22T12:30:40.705+0530] {logging_mixin.py:188} INFO - [2026-04-22T12:30:40.705+0530] {dag.py:3954} INFO - Setting next_dagrun for dataset_consumes_1_never_scheduled to None, run_after=None
[2026-04-22T12:30:40.706+0530] {logging_mixin.py:188} INFO - [2026-04-22T12:30:40.706+0530] {dag.py:3954} INFO - Setting next_dagrun for dataset_consumes_unknown_never_scheduled to None, run_after=None
[2026-04-22T12:30:40.706+0530] {logging_mixin.py:188} INFO - [2026-04-22T12:30:40.706+0530] {dag.py:3954} INFO - Setting next_dagrun for dataset_produces_1 to 2026-04-21 00:00:00+00:00, run_after=2026-04-22 00:00:00+00:00
[2026-04-22T12:30:40.706+0530] {logging_mixin.py:188} INFO - [2026-04-22T12:30:40.706+0530] {dag.py:3954} INFO - Setting next_dagrun for dataset_produces_2 to None, run_after=None
[2026-04-22T12:30:40.714+0530] {processor.py:183} INFO - Processing /Library/Frameworks/Python.framework/Versions/3.10/lib/python3.10/site-packages/airflow/example_dags/example_datasets.py took 0.084 seconds
[2026-04-22T12:32:29.041+0530] {processor.py:161} INFO - Started process (PID=73627) to work on /Library/Frameworks/Python.framework/Versions/3.10/lib/python3.10/site-packages/airflow/example_dags/example_datasets.py
[2026-04-22T12:32:29.042+0530] {processor.py:830} INFO - Processing file /Library/Frameworks/Python.framework/Versions/3.10/lib/python3.10/site-packages/airflow/example_dags/example_datasets.py for tasks to queue
[2026-04-22T12:32:29.042+0530] {logging_mixin.py:188} INFO - [2026-04-22T12:32:29.042+0530] {dagbag.py:545} INFO - Filling up the DagBag from /Library/Frameworks/Python.framework/Versions/3.10/lib/python3.10/site-packages/airflow/example_dags/example_datasets.py
[2026-04-22T12:32:29.070+0530] {processor.py:840} INFO - DAG(s) 'dataset_consumes_1', 'consume_1_or_2_with_dataset_expressions', 'consume_1_or_both_2_and_3_with_dataset_expressions', 'dataset_consumes_1_and_2', 'dataset_consumes_unknown_never_scheduled', 'conditional_dataset_and_time_based_timetable', 'dataset_consumes_1_never_scheduled', 'dataset_produces_2', 'consume_1_and_2_with_dataset_expressions', 'dataset_produces_1' retrieved from /Library/Frameworks/Python.framework/Versions/3.10/lib/python3.10/site-packages/airflow/example_dags/example_datasets.py
[2026-04-22T12:32:29.108+0530] {logging_mixin.py:188} INFO - [2026-04-22T12:32:29.108+0530] {dag.py:3096} INFO - Sync 10 DAGs
[2026-04-22T12:32:29.114+0530] {logging_mixin.py:188} INFO - [2026-04-22T12:32:29.114+0530] {dag.py:3954} INFO - Setting next_dagrun for conditional_dataset_and_time_based_timetable to 2026-04-22 01:00:00+00:00, run_after=2026-04-22 01:00:00+00:00
[2026-04-22T12:32:29.114+0530] {logging_mixin.py:188} INFO - [2026-04-22T12:32:29.114+0530] {dag.py:3954} INFO - Setting next_dagrun for consume_1_and_2_with_dataset_expressions to None, run_after=None
[2026-04-22T12:32:29.115+0530] {logging_mixin.py:188} INFO - [2026-04-22T12:32:29.115+0530] {dag.py:3954} INFO - Setting next_dagrun for consume_1_or_2_with_dataset_expressions to None, run_after=None
[2026-04-22T12:32:29.115+0530] {logging_mixin.py:188} INFO - [2026-04-22T12:32:29.115+0530] {dag.py:3954} INFO - Setting next_dagrun for consume_1_or_both_2_and_3_with_dataset_expressions to None, run_after=None
[2026-04-22T12:32:29.115+0530] {logging_mixin.py:188} INFO - [2026-04-22T12:32:29.115+0530] {dag.py:3954} INFO - Setting next_dagrun for dataset_consumes_1 to None, run_after=None
[2026-04-22T12:32:29.115+0530] {logging_mixin.py:188} INFO - [2026-04-22T12:32:29.115+0530] {dag.py:3954} INFO - Setting next_dagrun for dataset_consumes_1_and_2 to None, run_after=None
[2026-04-22T12:32:29.116+0530] {logging_mixin.py:188} INFO - [2026-04-22T12:32:29.116+0530] {dag.py:3954} INFO - Setting next_dagrun for dataset_consumes_1_never_scheduled to None, run_after=None
[2026-04-22T12:32:29.116+0530] {logging_mixin.py:188} INFO - [2026-04-22T12:32:29.116+0530] {dag.py:3954} INFO - Setting next_dagrun for dataset_consumes_unknown_never_scheduled to None, run_after=None
[2026-04-22T12:32:29.117+0530] {logging_mixin.py:188} INFO - [2026-04-22T12:32:29.117+0530] {dag.py:3954} INFO - Setting next_dagrun for dataset_produces_1 to 2026-04-21 00:00:00+00:00, run_after=2026-04-22 00:00:00+00:00
[2026-04-22T12:32:29.117+0530] {logging_mixin.py:188} INFO - [2026-04-22T12:32:29.117+0530] {dag.py:3954} INFO - Setting next_dagrun for dataset_produces_2 to None, run_after=None
[2026-04-22T12:32:29.124+0530] {processor.py:183} INFO - Processing /Library/Frameworks/Python.framework/Versions/3.10/lib/python3.10/site-packages/airflow/example_dags/example_datasets.py took 0.085 seconds
[2026-04-22T12:34:12.911+0530] {processor.py:161} INFO - Started process (PID=73775) to work on /Library/Frameworks/Python.framework/Versions/3.10/lib/python3.10/site-packages/airflow/example_dags/example_datasets.py
[2026-04-22T12:34:12.912+0530] {processor.py:830} INFO - Processing file /Library/Frameworks/Python.framework/Versions/3.10/lib/python3.10/site-packages/airflow/example_dags/example_datasets.py for tasks to queue
[2026-04-22T12:34:12.912+0530] {logging_mixin.py:188} INFO - [2026-04-22T12:34:12.912+0530] {dagbag.py:545} INFO - Filling up the DagBag from /Library/Frameworks/Python.framework/Versions/3.10/lib/python3.10/site-packages/airflow/example_dags/example_datasets.py
[2026-04-22T12:34:12.941+0530] {processor.py:840} INFO - DAG(s) 'dataset_consumes_1_never_scheduled', 'dataset_produces_2', 'consume_1_or_both_2_and_3_with_dataset_expressions', 'consume_1_or_2_with_dataset_expressions', 'dataset_produces_1', 'dataset_consumes_1', 'dataset_consumes_1_and_2', 'consume_1_and_2_with_dataset_expressions', 'conditional_dataset_and_time_based_timetable', 'dataset_consumes_unknown_never_scheduled' retrieved from /Library/Frameworks/Python.framework/Versions/3.10/lib/python3.10/site-packages/airflow/example_dags/example_datasets.py
[2026-04-22T12:34:12.979+0530] {logging_mixin.py:188} INFO - [2026-04-22T12:34:12.979+0530] {dag.py:3096} INFO - Sync 10 DAGs
[2026-04-22T12:34:12.985+0530] {logging_mixin.py:188} INFO - [2026-04-22T12:34:12.985+0530] {dag.py:3954} INFO - Setting next_dagrun for conditional_dataset_and_time_based_timetable to 2026-04-22 01:00:00+00:00, run_after=2026-04-22 01:00:00+00:00
[2026-04-22T12:34:12.986+0530] {logging_mixin.py:188} INFO - [2026-04-22T12:34:12.986+0530] {dag.py:3954} INFO - Setting next_dagrun for consume_1_and_2_with_dataset_expressions to None, run_after=None
[2026-04-22T12:34:12.986+0530] {logging_mixin.py:188} INFO - [2026-04-22T12:34:12.986+0530] {dag.py:3954} INFO - Setting next_dagrun for consume_1_or_2_with_dataset_expressions to None, run_after=None
[2026-04-22T12:34:12.986+0530] {logging_mixin.py:188} INFO - [2026-04-22T12:34:12.986+0530] {dag.py:3954} INFO - Setting next_dagrun for consume_1_or_both_2_and_3_with_dataset_expressions to None, run_after=None
[2026-04-22T12:34:12.987+0530] {logging_mixin.py:188} INFO - [2026-04-22T12:34:12.987+0530] {dag.py:3954} INFO - Setting next_dagrun for dataset_consumes_1 to None, run_after=None
[2026-04-22T12:34:12.987+0530] {logging_mixin.py:188} INFO - [2026-04-22T12:34:12.987+0530] {dag.py:3954} INFO - Setting next_dagrun for dataset_consumes_1_and_2 to None, run_after=None
[2026-04-22T12:34:12.987+0530] {logging_mixin.py:188} INFO - [2026-04-22T12:34:12.987+0530] {dag.py:3954} INFO - Setting next_dagrun for dataset_consumes_1_never_scheduled to None, run_after=None
[2026-04-22T12:34:12.987+0530] {logging_mixin.py:188} INFO - [2026-04-22T12:34:12.987+0530] {dag.py:3954} INFO - Setting next_dagrun for dataset_consumes_unknown_never_scheduled to None, run_after=None
[2026-04-22T12:34:12.988+0530] {logging_mixin.py:188} INFO - [2026-04-22T12:34:12.988+0530] {dag.py:3954} INFO - Setting next_dagrun for dataset_produces_1 to 2026-04-21 00:00:00+00:00, run_after=2026-04-22 00:00:00+00:00
[2026-04-22T12:34:12.988+0530] {logging_mixin.py:188} INFO - [2026-04-22T12:34:12.988+0530] {dag.py:3954} INFO - Setting next_dagrun for dataset_produces_2 to None, run_after=None
[2026-04-22T12:34:12.996+0530] {processor.py:183} INFO - Processing /Library/Frameworks/Python.framework/Versions/3.10/lib/python3.10/site-packages/airflow/example_dags/example_datasets.py took 0.085 seconds
[2026-04-22T12:35:57.225+0530] {processor.py:161} INFO - Started process (PID=73913) to work on /Library/Frameworks/Python.framework/Versions/3.10/lib/python3.10/site-packages/airflow/example_dags/example_datasets.py
[2026-04-22T12:35:57.225+0530] {processor.py:830} INFO - Processing file /Library/Frameworks/Python.framework/Versions/3.10/lib/python3.10/site-packages/airflow/example_dags/example_datasets.py for tasks to queue
[2026-04-22T12:35:57.226+0530] {logging_mixin.py:188} INFO - [2026-04-22T12:35:57.226+0530] {dagbag.py:545} INFO - Filling up the DagBag from /Library/Frameworks/Python.framework/Versions/3.10/lib/python3.10/site-packages/airflow/example_dags/example_datasets.py
[2026-04-22T12:35:57.254+0530] {processor.py:840} INFO - DAG(s) 'dataset_produces_2', 'consume_1_and_2_with_dataset_expressions', 'dataset_consumes_1_never_scheduled', 'consume_1_or_2_with_dataset_expressions', 'dataset_consumes_1', 'dataset_produces_1', 'consume_1_or_both_2_and_3_with_dataset_expressions', 'dataset_consumes_unknown_never_scheduled', 'conditional_dataset_and_time_based_timetable', 'dataset_consumes_1_and_2' retrieved from /Library/Frameworks/Python.framework/Versions/3.10/lib/python3.10/site-packages/airflow/example_dags/example_datasets.py
[2026-04-22T12:35:57.293+0530] {logging_mixin.py:188} INFO - [2026-04-22T12:35:57.293+0530] {dag.py:3096} INFO - Sync 10 DAGs
[2026-04-22T12:35:57.299+0530] {logging_mixin.py:188} INFO - [2026-04-22T12:35:57.299+0530] {dag.py:3954} INFO - Setting next_dagrun for conditional_dataset_and_time_based_timetable to 2026-04-22 01:00:00+00:00, run_after=2026-04-22 01:00:00+00:00
[2026-04-22T12:35:57.300+0530] {logging_mixin.py:188} INFO - [2026-04-22T12:35:57.300+0530] {dag.py:3954} INFO - Setting next_dagrun for consume_1_and_2_with_dataset_expressions to None, run_after=None
[2026-04-22T12:35:57.300+0530] {logging_mixin.py:188} INFO - [2026-04-22T12:35:57.300+0530] {dag.py:3954} INFO - Setting next_dagrun for consume_1_or_2_with_dataset_expressions to None, run_after=None
[2026-04-22T12:35:57.300+0530] {logging_mixin.py:188} INFO - [2026-04-22T12:35:57.300+0530] {dag.py:3954} INFO - Setting next_dagrun for consume_1_or_both_2_and_3_with_dataset_expressions to None, run_after=None
[2026-04-22T12:35:57.300+0530] {logging_mixin.py:188} INFO - [2026-04-22T12:35:57.300+0530] {dag.py:3954} INFO - Setting next_dagrun for dataset_consumes_1 to None, run_after=None
[2026-04-22T12:35:57.301+0530] {logging_mixin.py:188} INFO - [2026-04-22T12:35:57.301+0530] {dag.py:3954} INFO - Setting next_dagrun for dataset_consumes_1_and_2 to None, run_after=None
[2026-04-22T12:35:57.301+0530] {logging_mixin.py:188} INFO - [2026-04-22T12:35:57.301+0530] {dag.py:3954} INFO - Setting next_dagrun for dataset_consumes_1_never_scheduled to None, run_after=None
[2026-04-22T12:35:57.301+0530] {logging_mixin.py:188} INFO - [2026-04-22T12:35:57.301+0530] {dag.py:3954} INFO - Setting next_dagrun for dataset_consumes_unknown_never_scheduled to None, run_after=None
[2026-04-22T12:35:57.302+0530] {logging_mixin.py:188} INFO - [2026-04-22T12:35:57.302+0530] {dag.py:3954} INFO - Setting next_dagrun for dataset_produces_1 to 2026-04-21 00:00:00+00:00, run_after=2026-04-22 00:00:00+00:00
[2026-04-22T12:35:57.302+0530] {logging_mixin.py:188} INFO - [2026-04-22T12:35:57.302+0530] {dag.py:3954} INFO - Setting next_dagrun for dataset_produces_2 to None, run_after=None
[2026-04-22T12:35:57.309+0530] {processor.py:183} INFO - Processing /Library/Frameworks/Python.framework/Versions/3.10/lib/python3.10/site-packages/airflow/example_dags/example_datasets.py took 0.085 seconds
[2026-04-22T12:37:42.364+0530] {processor.py:161} INFO - Started process (PID=74036) to work on /Library/Frameworks/Python.framework/Versions/3.10/lib/python3.10/site-packages/airflow/example_dags/example_datasets.py
[2026-04-22T12:37:42.365+0530] {processor.py:830} INFO - Processing file /Library/Frameworks/Python.framework/Versions/3.10/lib/python3.10/site-packages/airflow/example_dags/example_datasets.py for tasks to queue
[2026-04-22T12:37:42.365+0530] {logging_mixin.py:188} INFO - [2026-04-22T12:37:42.365+0530] {dagbag.py:545} INFO - Filling up the DagBag from /Library/Frameworks/Python.framework/Versions/3.10/lib/python3.10/site-packages/airflow/example_dags/example_datasets.py
[2026-04-22T12:37:42.395+0530] {processor.py:840} INFO - DAG(s) 'dataset_produces_1', 'dataset_consumes_unknown_never_scheduled', 'dataset_consumes_1', 'consume_1_or_2_with_dataset_expressions', 'consume_1_and_2_with_dataset_expressions', 'dataset_produces_2', 'consume_1_or_both_2_and_3_with_dataset_expressions', 'dataset_consumes_1_and_2', 'dataset_consumes_1_never_scheduled', 'conditional_dataset_and_time_based_timetable' retrieved from /Library/Frameworks/Python.framework/Versions/3.10/lib/python3.10/site-packages/airflow/example_dags/example_datasets.py
[2026-04-22T12:37:42.433+0530] {logging_mixin.py:188} INFO - [2026-04-22T12:37:42.433+0530] {dag.py:3096} INFO - Sync 10 DAGs
[2026-04-22T12:37:42.439+0530] {logging_mixin.py:188} INFO - [2026-04-22T12:37:42.439+0530] {dag.py:3954} INFO - Setting next_dagrun for conditional_dataset_and_time_based_timetable to 2026-04-22 01:00:00+00:00, run_after=2026-04-22 01:00:00+00:00
[2026-04-22T12:37:42.440+0530] {logging_mixin.py:188} INFO - [2026-04-22T12:37:42.440+0530] {dag.py:3954} INFO - Setting next_dagrun for consume_1_and_2_with_dataset_expressions to None, run_after=None
[2026-04-22T12:37:42.440+0530] {logging_mixin.py:188} INFO - [2026-04-22T12:37:42.440+0530] {dag.py:3954} INFO - Setting next_dagrun for consume_1_or_2_with_dataset_expressions to None, run_after=None
[2026-04-22T12:37:42.440+0530] {logging_mixin.py:188} INFO - [2026-04-22T12:37:42.440+0530] {dag.py:3954} INFO - Setting next_dagrun for consume_1_or_both_2_and_3_with_dataset_expressions to None, run_after=None
[2026-04-22T12:37:42.440+0530] {logging_mixin.py:188} INFO - [2026-04-22T12:37:42.440+0530] {dag.py:3954} INFO - Setting next_dagrun for dataset_consumes_1 to None, run_after=None
[2026-04-22T12:37:42.441+0530] {logging_mixin.py:188} INFO - [2026-04-22T12:37:42.441+0530] {dag.py:3954} INFO - Setting next_dagrun for dataset_consumes_1_and_2 to None, run_after=None
[2026-04-22T12:37:42.441+0530] {logging_mixin.py:188} INFO - [2026-04-22T12:37:42.441+0530] {dag.py:3954} INFO - Setting next_dagrun for dataset_consumes_1_never_scheduled to None, run_after=None
[2026-04-22T12:37:42.441+0530] {logging_mixin.py:188} INFO - [2026-04-22T12:37:42.441+0530] {dag.py:3954} INFO - Setting next_dagrun for dataset_consumes_unknown_never_scheduled to None, run_after=None
[2026-04-22T12:37:42.442+0530] {logging_mixin.py:188} INFO - [2026-04-22T12:37:42.442+0530] {dag.py:3954} INFO - Setting next_dagrun for dataset_produces_1 to 2026-04-21 00:00:00+00:00, run_after=2026-04-22 00:00:00+00:00
[2026-04-22T12:37:42.442+0530] {logging_mixin.py:188} INFO - [2026-04-22T12:37:42.442+0530] {dag.py:3954} INFO - Setting next_dagrun for dataset_produces_2 to None, run_after=None
[2026-04-22T12:37:42.449+0530] {processor.py:183} INFO - Processing /Library/Frameworks/Python.framework/Versions/3.10/lib/python3.10/site-packages/airflow/example_dags/example_datasets.py took 0.086 seconds
[2026-04-22T12:39:42.771+0530] {processor.py:161} INFO - Started process (PID=74170) to work on /Library/Frameworks/Python.framework/Versions/3.10/lib/python3.10/site-packages/airflow/example_dags/example_datasets.py
[2026-04-22T12:39:42.773+0530] {processor.py:830} INFO - Processing file /Library/Frameworks/Python.framework/Versions/3.10/lib/python3.10/site-packages/airflow/example_dags/example_datasets.py for tasks to queue
[2026-04-22T12:39:42.773+0530] {logging_mixin.py:188} INFO - [2026-04-22T12:39:42.773+0530] {dagbag.py:545} INFO - Filling up the DagBag from /Library/Frameworks/Python.framework/Versions/3.10/lib/python3.10/site-packages/airflow/example_dags/example_datasets.py
[2026-04-22T12:39:42.802+0530] {processor.py:840} INFO - DAG(s) 'consume_1_and_2_with_dataset_expressions', 'consume_1_or_2_with_dataset_expressions', 'conditional_dataset_and_time_based_timetable', 'dataset_consumes_1_and_2', 'consume_1_or_both_2_and_3_with_dataset_expressions', 'dataset_consumes_1', 'dataset_produces_1', 'dataset_consumes_1_never_scheduled', 'dataset_produces_2', 'dataset_consumes_unknown_never_scheduled' retrieved from /Library/Frameworks/Python.framework/Versions/3.10/lib/python3.10/site-packages/airflow/example_dags/example_datasets.py
[2026-04-22T12:39:42.847+0530] {logging_mixin.py:188} INFO - [2026-04-22T12:39:42.847+0530] {dag.py:3096} INFO - Sync 10 DAGs
[2026-04-22T12:39:42.854+0530] {logging_mixin.py:188} INFO - [2026-04-22T12:39:42.854+0530] {dag.py:3954} INFO - Setting next_dagrun for conditional_dataset_and_time_based_timetable to 2026-04-22 01:00:00+00:00, run_after=2026-04-22 01:00:00+00:00
[2026-04-22T12:39:42.855+0530] {logging_mixin.py:188} INFO - [2026-04-22T12:39:42.855+0530] {dag.py:3954} INFO - Setting next_dagrun for consume_1_and_2_with_dataset_expressions to None, run_after=None
[2026-04-22T12:39:42.855+0530] {logging_mixin.py:188} INFO - [2026-04-22T12:39:42.855+0530] {dag.py:3954} INFO - Setting next_dagrun for consume_1_or_2_with_dataset_expressions to None, run_after=None
[2026-04-22T12:39:42.856+0530] {logging_mixin.py:188} INFO - [2026-04-22T12:39:42.856+0530] {dag.py:3954} INFO - Setting next_dagrun for consume_1_or_both_2_and_3_with_dataset_expressions to None, run_after=None
[2026-04-22T12:39:42.856+0530] {logging_mixin.py:188} INFO - [2026-04-22T12:39:42.856+0530] {dag.py:3954} INFO - Setting next_dagrun for dataset_consumes_1 to None, run_after=None
[2026-04-22T12:39:42.856+0530] {logging_mixin.py:188} INFO - [2026-04-22T12:39:42.856+0530] {dag.py:3954} INFO - Setting next_dagrun for dataset_consumes_1_and_2 to None, run_after=None
[2026-04-22T12:39:42.856+0530] {logging_mixin.py:188} INFO - [2026-04-22T12:39:42.856+0530] {dag.py:3954} INFO - Setting next_dagrun for dataset_consumes_1_never_scheduled to None, run_after=None
[2026-04-22T12:39:42.857+0530] {logging_mixin.py:188} INFO - [2026-04-22T12:39:42.857+0530] {dag.py:3954} INFO - Setting next_dagrun for dataset_consumes_unknown_never_scheduled to None, run_after=None
[2026-04-22T12:39:42.857+0530] {logging_mixin.py:188} INFO - [2026-04-22T12:39:42.857+0530] {dag.py:3954} INFO - Setting next_dagrun for dataset_produces_1 to 2026-04-21 00:00:00+00:00, run_after=2026-04-22 00:00:00+00:00
[2026-04-22T12:39:42.858+0530] {logging_mixin.py:188} INFO - [2026-04-22T12:39:42.858+0530] {dag.py:3954} INFO - Setting next_dagrun for dataset_produces_2 to None, run_after=None
[2026-04-22T12:39:42.871+0530] {processor.py:183} INFO - Processing /Library/Frameworks/Python.framework/Versions/3.10/lib/python3.10/site-packages/airflow/example_dags/example_datasets.py took 0.100 seconds
[2026-04-22T12:41:43.809+0530] {processor.py:161} INFO - Started process (PID=74319) to work on /Library/Frameworks/Python.framework/Versions/3.10/lib/python3.10/site-packages/airflow/example_dags/example_datasets.py
[2026-04-22T12:41:43.810+0530] {processor.py:830} INFO - Processing file /Library/Frameworks/Python.framework/Versions/3.10/lib/python3.10/site-packages/airflow/example_dags/example_datasets.py for tasks to queue
[2026-04-22T12:41:43.810+0530] {logging_mixin.py:188} INFO - [2026-04-22T12:41:43.810+0530] {dagbag.py:545} INFO - Filling up the DagBag from /Library/Frameworks/Python.framework/Versions/3.10/lib/python3.10/site-packages/airflow/example_dags/example_datasets.py
[2026-04-22T12:41:43.841+0530] {processor.py:840} INFO - DAG(s) 'dataset_produces_2', 'dataset_consumes_unknown_never_scheduled', 'dataset_produces_1', 'dataset_consumes_1_and_2', 'dataset_consumes_1', 'consume_1_or_both_2_and_3_with_dataset_expressions', 'consume_1_and_2_with_dataset_expressions', 'dataset_consumes_1_never_scheduled', 'conditional_dataset_and_time_based_timetable', 'consume_1_or_2_with_dataset_expressions' retrieved from /Library/Frameworks/Python.framework/Versions/3.10/lib/python3.10/site-packages/airflow/example_dags/example_datasets.py
[2026-04-22T12:41:43.881+0530] {logging_mixin.py:188} INFO - [2026-04-22T12:41:43.881+0530] {dag.py:3096} INFO - Sync 10 DAGs
[2026-04-22T12:41:43.887+0530] {logging_mixin.py:188} INFO - [2026-04-22T12:41:43.887+0530] {dag.py:3954} INFO - Setting next_dagrun for conditional_dataset_and_time_based_timetable to 2026-04-22 01:00:00+00:00, run_after=2026-04-22 01:00:00+00:00
[2026-04-22T12:41:43.888+0530] {logging_mixin.py:188} INFO - [2026-04-22T12:41:43.888+0530] {dag.py:3954} INFO - Setting next_dagrun for consume_1_and_2_with_dataset_expressions to None, run_after=None
[2026-04-22T12:41:43.888+0530] {logging_mixin.py:188} INFO - [2026-04-22T12:41:43.888+0530] {dag.py:3954} INFO - Setting next_dagrun for consume_1_or_2_with_dataset_expressions to None, run_after=None
[2026-04-22T12:41:43.888+0530] {logging_mixin.py:188} INFO - [2026-04-22T12:41:43.888+0530] {dag.py:3954} INFO - Setting next_dagrun for consume_1_or_both_2_and_3_with_dataset_expressions to None, run_after=None
[2026-04-22T12:41:43.889+0530] {logging_mixin.py:188} INFO - [2026-04-22T12:41:43.888+0530] {dag.py:3954} INFO - Setting next_dagrun for dataset_consumes_1 to None, run_after=None
[2026-04-22T12:41:43.889+0530] {logging_mixin.py:188} INFO - [2026-04-22T12:41:43.889+0530] {dag.py:3954} INFO - Setting next_dagrun for dataset_consumes_1_and_2 to None, run_after=None
[2026-04-22T12:41:43.889+0530] {logging_mixin.py:188} INFO - [2026-04-22T12:41:43.889+0530] {dag.py:3954} INFO - Setting next_dagrun for dataset_consumes_1_never_scheduled to None, run_after=None
[2026-04-22T12:41:43.889+0530] {logging_mixin.py:188} INFO - [2026-04-22T12:41:43.889+0530] {dag.py:3954} INFO - Setting next_dagrun for dataset_consumes_unknown_never_scheduled to None, run_after=None
[2026-04-22T12:41:43.890+0530] {logging_mixin.py:188} INFO - [2026-04-22T12:41:43.890+0530] {dag.py:3954} INFO - Setting next_dagrun for dataset_produces_1 to 2026-04-21 00:00:00+00:00, run_after=2026-04-22 00:00:00+00:00
[2026-04-22T12:41:43.890+0530] {logging_mixin.py:188} INFO - [2026-04-22T12:41:43.890+0530] {dag.py:3954} INFO - Setting next_dagrun for dataset_produces_2 to None, run_after=None
[2026-04-22T12:41:43.898+0530] {processor.py:183} INFO - Processing /Library/Frameworks/Python.framework/Versions/3.10/lib/python3.10/site-packages/airflow/example_dags/example_datasets.py took 0.090 seconds
