[2026-04-22T05:58:04.306+0530] {processor.py:161} INFO - Started process (PID=68515) to work on /Library/Frameworks/Python.framework/Versions/3.10/lib/python3.10/site-packages/airflow/example_dags/example_task_group.py
[2026-04-22T05:58:04.307+0530] {processor.py:830} INFO - Processing file /Library/Frameworks/Python.framework/Versions/3.10/lib/python3.10/site-packages/airflow/example_dags/example_task_group.py for tasks to queue
[2026-04-22T05:58:04.307+0530] {logging_mixin.py:188} INFO - [2026-04-22T05:58:04.307+0530] {dagbag.py:545} INFO - Filling up the DagBag from /Library/Frameworks/Python.framework/Versions/3.10/lib/python3.10/site-packages/airflow/example_dags/example_task_group.py
[2026-04-22T05:58:04.310+0530] {processor.py:840} INFO - DAG(s) 'example_task_group' retrieved from /Library/Frameworks/Python.framework/Versions/3.10/lib/python3.10/site-packages/airflow/example_dags/example_task_group.py
[2026-04-22T05:58:04.342+0530] {logging_mixin.py:188} INFO - [2026-04-22T05:58:04.342+0530] {dag.py:3096} INFO - Sync 1 DAGs
[2026-04-22T05:58:04.347+0530] {logging_mixin.py:188} INFO - [2026-04-22T05:58:04.347+0530] {dag.py:3954} INFO - Setting next_dagrun for example_task_group to 2026-04-21 00:00:00+00:00, run_after=2026-04-22 00:00:00+00:00
[2026-04-22T05:58:04.352+0530] {processor.py:183} INFO - Processing /Library/Frameworks/Python.framework/Versions/3.10/lib/python3.10/site-packages/airflow/example_dags/example_task_group.py took 0.046 seconds
[2026-04-22T11:47:20.813+0530] {processor.py:161} INFO - Started process (PID=69290) to work on /Library/Frameworks/Python.framework/Versions/3.10/lib/python3.10/site-packages/airflow/example_dags/example_task_group.py
[2026-04-22T11:47:20.814+0530] {processor.py:830} INFO - Processing file /Library/Frameworks/Python.framework/Versions/3.10/lib/python3.10/site-packages/airflow/example_dags/example_task_group.py for tasks to queue
[2026-04-22T11:47:20.814+0530] {logging_mixin.py:188} INFO - [2026-04-22T11:47:20.814+0530] {dagbag.py:545} INFO - Filling up the DagBag from /Library/Frameworks/Python.framework/Versions/3.10/lib/python3.10/site-packages/airflow/example_dags/example_task_group.py
[2026-04-22T11:47:20.817+0530] {processor.py:840} INFO - DAG(s) 'example_task_group' retrieved from /Library/Frameworks/Python.framework/Versions/3.10/lib/python3.10/site-packages/airflow/example_dags/example_task_group.py
[2026-04-22T11:47:20.851+0530] {logging_mixin.py:188} INFO - [2026-04-22T11:47:20.851+0530] {dag.py:3096} INFO - Sync 1 DAGs
[2026-04-22T11:47:20.855+0530] {logging_mixin.py:188} INFO - [2026-04-22T11:47:20.855+0530] {dag.py:3954} INFO - Setting next_dagrun for example_task_group to 2026-04-21 00:00:00+00:00, run_after=2026-04-22 00:00:00+00:00
[2026-04-22T11:47:20.860+0530] {processor.py:183} INFO - Processing /Library/Frameworks/Python.framework/Versions/3.10/lib/python3.10/site-packages/airflow/example_dags/example_task_group.py took 0.048 seconds
[2026-04-22T11:48:09.323+0530] {processor.py:161} INFO - Started process (PID=69368) to work on /Library/Frameworks/Python.framework/Versions/3.10/lib/python3.10/site-packages/airflow/example_dags/example_task_group.py
[2026-04-22T11:48:09.324+0530] {processor.py:830} INFO - Processing file /Library/Frameworks/Python.framework/Versions/3.10/lib/python3.10/site-packages/airflow/example_dags/example_task_group.py for tasks to queue
[2026-04-22T11:48:09.325+0530] {logging_mixin.py:188} INFO - [2026-04-22T11:48:09.325+0530] {dagbag.py:545} INFO - Filling up the DagBag from /Library/Frameworks/Python.framework/Versions/3.10/lib/python3.10/site-packages/airflow/example_dags/example_task_group.py
[2026-04-22T11:48:09.328+0530] {processor.py:840} INFO - DAG(s) 'example_task_group' retrieved from /Library/Frameworks/Python.framework/Versions/3.10/lib/python3.10/site-packages/airflow/example_dags/example_task_group.py
[2026-04-22T11:48:09.362+0530] {logging_mixin.py:188} INFO - [2026-04-22T11:48:09.362+0530] {dag.py:3096} INFO - Sync 1 DAGs
[2026-04-22T11:48:09.366+0530] {logging_mixin.py:188} INFO - [2026-04-22T11:48:09.366+0530] {dag.py:3954} INFO - Setting next_dagrun for example_task_group to 2026-04-21 00:00:00+00:00, run_after=2026-04-22 00:00:00+00:00
[2026-04-22T11:48:09.371+0530] {processor.py:183} INFO - Processing /Library/Frameworks/Python.framework/Versions/3.10/lib/python3.10/site-packages/airflow/example_dags/example_task_group.py took 0.049 seconds
[2026-04-22T11:48:58.336+0530] {processor.py:161} INFO - Started process (PID=69456) to work on /Library/Frameworks/Python.framework/Versions/3.10/lib/python3.10/site-packages/airflow/example_dags/example_task_group.py
[2026-04-22T11:48:58.337+0530] {processor.py:830} INFO - Processing file /Library/Frameworks/Python.framework/Versions/3.10/lib/python3.10/site-packages/airflow/example_dags/example_task_group.py for tasks to queue
[2026-04-22T11:48:58.337+0530] {logging_mixin.py:188} INFO - [2026-04-22T11:48:58.337+0530] {dagbag.py:545} INFO - Filling up the DagBag from /Library/Frameworks/Python.framework/Versions/3.10/lib/python3.10/site-packages/airflow/example_dags/example_task_group.py
[2026-04-22T11:48:58.340+0530] {processor.py:840} INFO - DAG(s) 'example_task_group' retrieved from /Library/Frameworks/Python.framework/Versions/3.10/lib/python3.10/site-packages/airflow/example_dags/example_task_group.py
[2026-04-22T11:48:58.373+0530] {logging_mixin.py:188} INFO - [2026-04-22T11:48:58.373+0530] {dag.py:3096} INFO - Sync 1 DAGs
[2026-04-22T11:48:58.377+0530] {logging_mixin.py:188} INFO - [2026-04-22T11:48:58.377+0530] {dag.py:3954} INFO - Setting next_dagrun for example_task_group to 2026-04-21 00:00:00+00:00, run_after=2026-04-22 00:00:00+00:00
[2026-04-22T11:48:58.382+0530] {processor.py:183} INFO - Processing /Library/Frameworks/Python.framework/Versions/3.10/lib/python3.10/site-packages/airflow/example_dags/example_task_group.py took 0.047 seconds
[2026-04-22T11:49:53.536+0530] {processor.py:161} INFO - Started process (PID=69546) to work on /Library/Frameworks/Python.framework/Versions/3.10/lib/python3.10/site-packages/airflow/example_dags/example_task_group.py
[2026-04-22T11:49:53.537+0530] {processor.py:830} INFO - Processing file /Library/Frameworks/Python.framework/Versions/3.10/lib/python3.10/site-packages/airflow/example_dags/example_task_group.py for tasks to queue
[2026-04-22T11:49:53.537+0530] {logging_mixin.py:188} INFO - [2026-04-22T11:49:53.537+0530] {dagbag.py:545} INFO - Filling up the DagBag from /Library/Frameworks/Python.framework/Versions/3.10/lib/python3.10/site-packages/airflow/example_dags/example_task_group.py
[2026-04-22T11:49:53.540+0530] {processor.py:840} INFO - DAG(s) 'example_task_group' retrieved from /Library/Frameworks/Python.framework/Versions/3.10/lib/python3.10/site-packages/airflow/example_dags/example_task_group.py
[2026-04-22T11:49:53.575+0530] {logging_mixin.py:188} INFO - [2026-04-22T11:49:53.575+0530] {dag.py:3096} INFO - Sync 1 DAGs
[2026-04-22T11:49:53.579+0530] {logging_mixin.py:188} INFO - [2026-04-22T11:49:53.579+0530] {dag.py:3954} INFO - Setting next_dagrun for example_task_group to 2026-04-21 00:00:00+00:00, run_after=2026-04-22 00:00:00+00:00
[2026-04-22T11:49:53.585+0530] {processor.py:183} INFO - Processing /Library/Frameworks/Python.framework/Versions/3.10/lib/python3.10/site-packages/airflow/example_dags/example_task_group.py took 0.050 seconds
[2026-04-22T11:50:48.974+0530] {processor.py:161} INFO - Started process (PID=69641) to work on /Library/Frameworks/Python.framework/Versions/3.10/lib/python3.10/site-packages/airflow/example_dags/example_task_group.py
[2026-04-22T11:50:48.975+0530] {processor.py:830} INFO - Processing file /Library/Frameworks/Python.framework/Versions/3.10/lib/python3.10/site-packages/airflow/example_dags/example_task_group.py for tasks to queue
[2026-04-22T11:50:48.975+0530] {logging_mixin.py:188} INFO - [2026-04-22T11:50:48.975+0530] {dagbag.py:545} INFO - Filling up the DagBag from /Library/Frameworks/Python.framework/Versions/3.10/lib/python3.10/site-packages/airflow/example_dags/example_task_group.py
[2026-04-22T11:50:48.979+0530] {processor.py:840} INFO - DAG(s) 'example_task_group' retrieved from /Library/Frameworks/Python.framework/Versions/3.10/lib/python3.10/site-packages/airflow/example_dags/example_task_group.py
[2026-04-22T11:50:49.013+0530] {logging_mixin.py:188} INFO - [2026-04-22T11:50:49.013+0530] {dag.py:3096} INFO - Sync 1 DAGs
[2026-04-22T11:50:49.018+0530] {logging_mixin.py:188} INFO - [2026-04-22T11:50:49.017+0530] {dag.py:3954} INFO - Setting next_dagrun for example_task_group to 2026-04-21 00:00:00+00:00, run_after=2026-04-22 00:00:00+00:00
[2026-04-22T11:50:49.023+0530] {processor.py:183} INFO - Processing /Library/Frameworks/Python.framework/Versions/3.10/lib/python3.10/site-packages/airflow/example_dags/example_task_group.py took 0.049 seconds
[2026-04-22T12:09:54.486+0530] {processor.py:161} INFO - Started process (PID=70902) to work on /Library/Frameworks/Python.framework/Versions/3.10/lib/python3.10/site-packages/airflow/example_dags/example_task_group.py
[2026-04-22T12:09:54.487+0530] {processor.py:830} INFO - Processing file /Library/Frameworks/Python.framework/Versions/3.10/lib/python3.10/site-packages/airflow/example_dags/example_task_group.py for tasks to queue
[2026-04-22T12:09:54.487+0530] {logging_mixin.py:188} INFO - [2026-04-22T12:09:54.487+0530] {dagbag.py:545} INFO - Filling up the DagBag from /Library/Frameworks/Python.framework/Versions/3.10/lib/python3.10/site-packages/airflow/example_dags/example_task_group.py
[2026-04-22T12:09:54.490+0530] {processor.py:840} INFO - DAG(s) 'example_task_group' retrieved from /Library/Frameworks/Python.framework/Versions/3.10/lib/python3.10/site-packages/airflow/example_dags/example_task_group.py
[2026-04-22T12:09:54.523+0530] {logging_mixin.py:188} INFO - [2026-04-22T12:09:54.523+0530] {dag.py:3096} INFO - Sync 1 DAGs
[2026-04-22T12:09:54.528+0530] {logging_mixin.py:188} INFO - [2026-04-22T12:09:54.528+0530] {dag.py:3954} INFO - Setting next_dagrun for example_task_group to 2026-04-21 00:00:00+00:00, run_after=2026-04-22 00:00:00+00:00
[2026-04-22T12:09:54.533+0530] {processor.py:183} INFO - Processing /Library/Frameworks/Python.framework/Versions/3.10/lib/python3.10/site-packages/airflow/example_dags/example_task_group.py took 0.048 seconds
[2026-04-22T12:14:44.758+0530] {processor.py:161} INFO - Started process (PID=71250) to work on /Library/Frameworks/Python.framework/Versions/3.10/lib/python3.10/site-packages/airflow/example_dags/example_task_group.py
[2026-04-22T12:14:44.759+0530] {processor.py:830} INFO - Processing file /Library/Frameworks/Python.framework/Versions/3.10/lib/python3.10/site-packages/airflow/example_dags/example_task_group.py for tasks to queue
[2026-04-22T12:14:44.759+0530] {logging_mixin.py:188} INFO - [2026-04-22T12:14:44.759+0530] {dagbag.py:545} INFO - Filling up the DagBag from /Library/Frameworks/Python.framework/Versions/3.10/lib/python3.10/site-packages/airflow/example_dags/example_task_group.py
[2026-04-22T12:14:44.764+0530] {processor.py:840} INFO - DAG(s) 'example_task_group' retrieved from /Library/Frameworks/Python.framework/Versions/3.10/lib/python3.10/site-packages/airflow/example_dags/example_task_group.py
[2026-04-22T12:14:44.804+0530] {logging_mixin.py:188} INFO - [2026-04-22T12:14:44.804+0530] {dag.py:3096} INFO - Sync 1 DAGs
[2026-04-22T12:14:44.809+0530] {logging_mixin.py:188} INFO - [2026-04-22T12:14:44.809+0530] {dag.py:3954} INFO - Setting next_dagrun for example_task_group to 2026-04-21 00:00:00+00:00, run_after=2026-04-22 00:00:00+00:00
[2026-04-22T12:14:44.814+0530] {processor.py:183} INFO - Processing /Library/Frameworks/Python.framework/Versions/3.10/lib/python3.10/site-packages/airflow/example_dags/example_task_group.py took 0.057 seconds
[2026-04-22T12:18:53.036+0530] {processor.py:161} INFO - Started process (PID=71581) to work on /Library/Frameworks/Python.framework/Versions/3.10/lib/python3.10/site-packages/airflow/example_dags/example_task_group.py
[2026-04-22T12:18:53.037+0530] {processor.py:830} INFO - Processing file /Library/Frameworks/Python.framework/Versions/3.10/lib/python3.10/site-packages/airflow/example_dags/example_task_group.py for tasks to queue
[2026-04-22T12:18:53.037+0530] {logging_mixin.py:188} INFO - [2026-04-22T12:18:53.037+0530] {dagbag.py:545} INFO - Filling up the DagBag from /Library/Frameworks/Python.framework/Versions/3.10/lib/python3.10/site-packages/airflow/example_dags/example_task_group.py
[2026-04-22T12:18:53.041+0530] {processor.py:840} INFO - DAG(s) 'example_task_group' retrieved from /Library/Frameworks/Python.framework/Versions/3.10/lib/python3.10/site-packages/airflow/example_dags/example_task_group.py
[2026-04-22T12:18:53.075+0530] {logging_mixin.py:188} INFO - [2026-04-22T12:18:53.075+0530] {dag.py:3096} INFO - Sync 1 DAGs
[2026-04-22T12:18:53.079+0530] {logging_mixin.py:188} INFO - [2026-04-22T12:18:53.079+0530] {dag.py:3954} INFO - Setting next_dagrun for example_task_group to 2026-04-21 00:00:00+00:00, run_after=2026-04-22 00:00:00+00:00
[2026-04-22T12:18:53.085+0530] {processor.py:183} INFO - Processing /Library/Frameworks/Python.framework/Versions/3.10/lib/python3.10/site-packages/airflow/example_dags/example_task_group.py took 0.049 seconds
[2026-04-22T12:20:34.353+0530] {processor.py:161} INFO - Started process (PID=72198) to work on /Library/Frameworks/Python.framework/Versions/3.10/lib/python3.10/site-packages/airflow/example_dags/example_task_group.py
[2026-04-22T12:20:34.354+0530] {processor.py:830} INFO - Processing file /Library/Frameworks/Python.framework/Versions/3.10/lib/python3.10/site-packages/airflow/example_dags/example_task_group.py for tasks to queue
[2026-04-22T12:20:34.355+0530] {logging_mixin.py:188} INFO - [2026-04-22T12:20:34.355+0530] {dagbag.py:545} INFO - Filling up the DagBag from /Library/Frameworks/Python.framework/Versions/3.10/lib/python3.10/site-packages/airflow/example_dags/example_task_group.py
[2026-04-22T12:20:34.358+0530] {processor.py:840} INFO - DAG(s) 'example_task_group' retrieved from /Library/Frameworks/Python.framework/Versions/3.10/lib/python3.10/site-packages/airflow/example_dags/example_task_group.py
[2026-04-22T12:20:34.391+0530] {logging_mixin.py:188} INFO - [2026-04-22T12:20:34.391+0530] {dag.py:3096} INFO - Sync 1 DAGs
[2026-04-22T12:20:34.395+0530] {logging_mixin.py:188} INFO - [2026-04-22T12:20:34.395+0530] {dag.py:3954} INFO - Setting next_dagrun for example_task_group to 2026-04-21 00:00:00+00:00, run_after=2026-04-22 00:00:00+00:00
[2026-04-22T12:20:34.400+0530] {processor.py:183} INFO - Processing /Library/Frameworks/Python.framework/Versions/3.10/lib/python3.10/site-packages/airflow/example_dags/example_task_group.py took 0.048 seconds
[2026-04-22T12:22:23.371+0530] {processor.py:161} INFO - Started process (PID=72449) to work on /Library/Frameworks/Python.framework/Versions/3.10/lib/python3.10/site-packages/airflow/example_dags/example_task_group.py
[2026-04-22T12:22:23.372+0530] {processor.py:830} INFO - Processing file /Library/Frameworks/Python.framework/Versions/3.10/lib/python3.10/site-packages/airflow/example_dags/example_task_group.py for tasks to queue
[2026-04-22T12:22:23.372+0530] {logging_mixin.py:188} INFO - [2026-04-22T12:22:23.372+0530] {dagbag.py:545} INFO - Filling up the DagBag from /Library/Frameworks/Python.framework/Versions/3.10/lib/python3.10/site-packages/airflow/example_dags/example_task_group.py
[2026-04-22T12:22:23.375+0530] {processor.py:840} INFO - DAG(s) 'example_task_group' retrieved from /Library/Frameworks/Python.framework/Versions/3.10/lib/python3.10/site-packages/airflow/example_dags/example_task_group.py
[2026-04-22T12:22:23.408+0530] {logging_mixin.py:188} INFO - [2026-04-22T12:22:23.408+0530] {dag.py:3096} INFO - Sync 1 DAGs
[2026-04-22T12:22:23.413+0530] {logging_mixin.py:188} INFO - [2026-04-22T12:22:23.413+0530] {dag.py:3954} INFO - Setting next_dagrun for example_task_group to 2026-04-21 00:00:00+00:00, run_after=2026-04-22 00:00:00+00:00
[2026-04-22T12:22:23.418+0530] {processor.py:183} INFO - Processing /Library/Frameworks/Python.framework/Versions/3.10/lib/python3.10/site-packages/airflow/example_dags/example_task_group.py took 0.048 seconds
[2026-04-22T12:24:04.197+0530] {processor.py:161} INFO - Started process (PID=72578) to work on /Library/Frameworks/Python.framework/Versions/3.10/lib/python3.10/site-packages/airflow/example_dags/example_task_group.py
[2026-04-22T12:24:04.197+0530] {processor.py:830} INFO - Processing file /Library/Frameworks/Python.framework/Versions/3.10/lib/python3.10/site-packages/airflow/example_dags/example_task_group.py for tasks to queue
[2026-04-22T12:24:04.197+0530] {logging_mixin.py:188} INFO - [2026-04-22T12:24:04.197+0530] {dagbag.py:545} INFO - Filling up the DagBag from /Library/Frameworks/Python.framework/Versions/3.10/lib/python3.10/site-packages/airflow/example_dags/example_task_group.py
[2026-04-22T12:24:04.200+0530] {processor.py:840} INFO - DAG(s) 'example_task_group' retrieved from /Library/Frameworks/Python.framework/Versions/3.10/lib/python3.10/site-packages/airflow/example_dags/example_task_group.py
[2026-04-22T12:24:04.233+0530] {logging_mixin.py:188} INFO - [2026-04-22T12:24:04.233+0530] {dag.py:3096} INFO - Sync 1 DAGs
[2026-04-22T12:24:04.238+0530] {logging_mixin.py:188} INFO - [2026-04-22T12:24:04.238+0530] {dag.py:3954} INFO - Setting next_dagrun for example_task_group to 2026-04-21 00:00:00+00:00, run_after=2026-04-22 00:00:00+00:00
[2026-04-22T12:24:04.243+0530] {processor.py:183} INFO - Processing /Library/Frameworks/Python.framework/Versions/3.10/lib/python3.10/site-packages/airflow/example_dags/example_task_group.py took 0.047 seconds
[2026-04-22T12:25:49.195+0530] {processor.py:161} INFO - Started process (PID=72837) to work on /Library/Frameworks/Python.framework/Versions/3.10/lib/python3.10/site-packages/airflow/example_dags/example_task_group.py
[2026-04-22T12:25:49.195+0530] {processor.py:830} INFO - Processing file /Library/Frameworks/Python.framework/Versions/3.10/lib/python3.10/site-packages/airflow/example_dags/example_task_group.py for tasks to queue
[2026-04-22T12:25:49.196+0530] {logging_mixin.py:188} INFO - [2026-04-22T12:25:49.196+0530] {dagbag.py:545} INFO - Filling up the DagBag from /Library/Frameworks/Python.framework/Versions/3.10/lib/python3.10/site-packages/airflow/example_dags/example_task_group.py
[2026-04-22T12:25:49.199+0530] {processor.py:840} INFO - DAG(s) 'example_task_group' retrieved from /Library/Frameworks/Python.framework/Versions/3.10/lib/python3.10/site-packages/airflow/example_dags/example_task_group.py
[2026-04-22T12:25:49.234+0530] {logging_mixin.py:188} INFO - [2026-04-22T12:25:49.234+0530] {dag.py:3096} INFO - Sync 1 DAGs
[2026-04-22T12:25:49.238+0530] {logging_mixin.py:188} INFO - [2026-04-22T12:25:49.238+0530] {dag.py:3954} INFO - Setting next_dagrun for example_task_group to 2026-04-21 00:00:00+00:00, run_after=2026-04-22 00:00:00+00:00
[2026-04-22T12:25:49.243+0530] {processor.py:183} INFO - Processing /Library/Frameworks/Python.framework/Versions/3.10/lib/python3.10/site-packages/airflow/example_dags/example_task_group.py took 0.050 seconds
[2026-04-22T12:27:34.384+0530] {processor.py:161} INFO - Started process (PID=73010) to work on /Library/Frameworks/Python.framework/Versions/3.10/lib/python3.10/site-packages/airflow/example_dags/example_task_group.py
[2026-04-22T12:27:34.384+0530] {processor.py:830} INFO - Processing file /Library/Frameworks/Python.framework/Versions/3.10/lib/python3.10/site-packages/airflow/example_dags/example_task_group.py for tasks to queue
[2026-04-22T12:27:34.385+0530] {logging_mixin.py:188} INFO - [2026-04-22T12:27:34.385+0530] {dagbag.py:545} INFO - Filling up the DagBag from /Library/Frameworks/Python.framework/Versions/3.10/lib/python3.10/site-packages/airflow/example_dags/example_task_group.py
[2026-04-22T12:27:34.388+0530] {processor.py:840} INFO - DAG(s) 'example_task_group' retrieved from /Library/Frameworks/Python.framework/Versions/3.10/lib/python3.10/site-packages/airflow/example_dags/example_task_group.py
[2026-04-22T12:27:34.421+0530] {logging_mixin.py:188} INFO - [2026-04-22T12:27:34.421+0530] {dag.py:3096} INFO - Sync 1 DAGs
[2026-04-22T12:27:34.425+0530] {logging_mixin.py:188} INFO - [2026-04-22T12:27:34.425+0530] {dag.py:3954} INFO - Setting next_dagrun for example_task_group to 2026-04-21 00:00:00+00:00, run_after=2026-04-22 00:00:00+00:00
[2026-04-22T12:27:34.430+0530] {processor.py:183} INFO - Processing /Library/Frameworks/Python.framework/Versions/3.10/lib/python3.10/site-packages/airflow/example_dags/example_task_group.py took 0.047 seconds
[2026-04-22T12:29:30.518+0530] {processor.py:161} INFO - Started process (PID=73244) to work on /Library/Frameworks/Python.framework/Versions/3.10/lib/python3.10/site-packages/airflow/example_dags/example_task_group.py
[2026-04-22T12:29:30.519+0530] {processor.py:830} INFO - Processing file /Library/Frameworks/Python.framework/Versions/3.10/lib/python3.10/site-packages/airflow/example_dags/example_task_group.py for tasks to queue
[2026-04-22T12:29:30.519+0530] {logging_mixin.py:188} INFO - [2026-04-22T12:29:30.519+0530] {dagbag.py:545} INFO - Filling up the DagBag from /Library/Frameworks/Python.framework/Versions/3.10/lib/python3.10/site-packages/airflow/example_dags/example_task_group.py
[2026-04-22T12:29:30.522+0530] {processor.py:840} INFO - DAG(s) 'example_task_group' retrieved from /Library/Frameworks/Python.framework/Versions/3.10/lib/python3.10/site-packages/airflow/example_dags/example_task_group.py
[2026-04-22T12:29:30.556+0530] {logging_mixin.py:188} INFO - [2026-04-22T12:29:30.556+0530] {dag.py:3096} INFO - Sync 1 DAGs
[2026-04-22T12:29:30.560+0530] {logging_mixin.py:188} INFO - [2026-04-22T12:29:30.560+0530] {dag.py:3954} INFO - Setting next_dagrun for example_task_group to 2026-04-21 00:00:00+00:00, run_after=2026-04-22 00:00:00+00:00
[2026-04-22T12:29:30.565+0530] {processor.py:183} INFO - Processing /Library/Frameworks/Python.framework/Versions/3.10/lib/python3.10/site-packages/airflow/example_dags/example_task_group.py took 0.048 seconds
[2026-04-22T12:31:19.175+0530] {processor.py:161} INFO - Started process (PID=73485) to work on /Library/Frameworks/Python.framework/Versions/3.10/lib/python3.10/site-packages/airflow/example_dags/example_task_group.py
[2026-04-22T12:31:19.175+0530] {processor.py:830} INFO - Processing file /Library/Frameworks/Python.framework/Versions/3.10/lib/python3.10/site-packages/airflow/example_dags/example_task_group.py for tasks to queue
[2026-04-22T12:31:19.176+0530] {logging_mixin.py:188} INFO - [2026-04-22T12:31:19.176+0530] {dagbag.py:545} INFO - Filling up the DagBag from /Library/Frameworks/Python.framework/Versions/3.10/lib/python3.10/site-packages/airflow/example_dags/example_task_group.py
[2026-04-22T12:31:19.179+0530] {processor.py:840} INFO - DAG(s) 'example_task_group' retrieved from /Library/Frameworks/Python.framework/Versions/3.10/lib/python3.10/site-packages/airflow/example_dags/example_task_group.py
[2026-04-22T12:31:19.213+0530] {logging_mixin.py:188} INFO - [2026-04-22T12:31:19.213+0530] {dag.py:3096} INFO - Sync 1 DAGs
[2026-04-22T12:31:19.219+0530] {logging_mixin.py:188} INFO - [2026-04-22T12:31:19.219+0530] {dag.py:3954} INFO - Setting next_dagrun for example_task_group to 2026-04-21 00:00:00+00:00, run_after=2026-04-22 00:00:00+00:00
[2026-04-22T12:31:19.224+0530] {processor.py:183} INFO - Processing /Library/Frameworks/Python.framework/Versions/3.10/lib/python3.10/site-packages/airflow/example_dags/example_task_group.py took 0.050 seconds
[2026-04-22T12:33:03.835+0530] {processor.py:161} INFO - Started process (PID=73688) to work on /Library/Frameworks/Python.framework/Versions/3.10/lib/python3.10/site-packages/airflow/example_dags/example_task_group.py
[2026-04-22T12:33:03.836+0530] {processor.py:830} INFO - Processing file /Library/Frameworks/Python.framework/Versions/3.10/lib/python3.10/site-packages/airflow/example_dags/example_task_group.py for tasks to queue
[2026-04-22T12:33:03.837+0530] {logging_mixin.py:188} INFO - [2026-04-22T12:33:03.837+0530] {dagbag.py:545} INFO - Filling up the DagBag from /Library/Frameworks/Python.framework/Versions/3.10/lib/python3.10/site-packages/airflow/example_dags/example_task_group.py
[2026-04-22T12:33:03.840+0530] {processor.py:840} INFO - DAG(s) 'example_task_group' retrieved from /Library/Frameworks/Python.framework/Versions/3.10/lib/python3.10/site-packages/airflow/example_dags/example_task_group.py
[2026-04-22T12:33:03.877+0530] {logging_mixin.py:188} INFO - [2026-04-22T12:33:03.877+0530] {dag.py:3096} INFO - Sync 1 DAGs
[2026-04-22T12:33:03.881+0530] {logging_mixin.py:188} INFO - [2026-04-22T12:33:03.881+0530] {dag.py:3954} INFO - Setting next_dagrun for example_task_group to 2026-04-21 00:00:00+00:00, run_after=2026-04-22 00:00:00+00:00
[2026-04-22T12:33:03.888+0530] {processor.py:183} INFO - Processing /Library/Frameworks/Python.framework/Versions/3.10/lib/python3.10/site-packages/airflow/example_dags/example_task_group.py took 0.054 seconds
[2026-04-22T12:34:48.379+0530] {processor.py:161} INFO - Started process (PID=73824) to work on /Library/Frameworks/Python.framework/Versions/3.10/lib/python3.10/site-packages/airflow/example_dags/example_task_group.py
[2026-04-22T12:34:48.379+0530] {processor.py:830} INFO - Processing file /Library/Frameworks/Python.framework/Versions/3.10/lib/python3.10/site-packages/airflow/example_dags/example_task_group.py for tasks to queue
[2026-04-22T12:34:48.379+0530] {logging_mixin.py:188} INFO - [2026-04-22T12:34:48.379+0530] {dagbag.py:545} INFO - Filling up the DagBag from /Library/Frameworks/Python.framework/Versions/3.10/lib/python3.10/site-packages/airflow/example_dags/example_task_group.py
[2026-04-22T12:34:48.382+0530] {processor.py:840} INFO - DAG(s) 'example_task_group' retrieved from /Library/Frameworks/Python.framework/Versions/3.10/lib/python3.10/site-packages/airflow/example_dags/example_task_group.py
[2026-04-22T12:34:48.415+0530] {logging_mixin.py:188} INFO - [2026-04-22T12:34:48.415+0530] {dag.py:3096} INFO - Sync 1 DAGs
[2026-04-22T12:34:48.420+0530] {logging_mixin.py:188} INFO - [2026-04-22T12:34:48.420+0530] {dag.py:3954} INFO - Setting next_dagrun for example_task_group to 2026-04-21 00:00:00+00:00, run_after=2026-04-22 00:00:00+00:00
[2026-04-22T12:34:48.425+0530] {processor.py:183} INFO - Processing /Library/Frameworks/Python.framework/Versions/3.10/lib/python3.10/site-packages/airflow/example_dags/example_task_group.py took 0.047 seconds
[2026-04-22T12:36:30.278+0530] {processor.py:161} INFO - Started process (PID=73959) to work on /Library/Frameworks/Python.framework/Versions/3.10/lib/python3.10/site-packages/airflow/example_dags/example_task_group.py
[2026-04-22T12:36:30.279+0530] {processor.py:830} INFO - Processing file /Library/Frameworks/Python.framework/Versions/3.10/lib/python3.10/site-packages/airflow/example_dags/example_task_group.py for tasks to queue
[2026-04-22T12:36:30.279+0530] {logging_mixin.py:188} INFO - [2026-04-22T12:36:30.279+0530] {dagbag.py:545} INFO - Filling up the DagBag from /Library/Frameworks/Python.framework/Versions/3.10/lib/python3.10/site-packages/airflow/example_dags/example_task_group.py
[2026-04-22T12:36:30.282+0530] {processor.py:840} INFO - DAG(s) 'example_task_group' retrieved from /Library/Frameworks/Python.framework/Versions/3.10/lib/python3.10/site-packages/airflow/example_dags/example_task_group.py
[2026-04-22T12:36:30.315+0530] {logging_mixin.py:188} INFO - [2026-04-22T12:36:30.315+0530] {dag.py:3096} INFO - Sync 1 DAGs
[2026-04-22T12:36:30.319+0530] {logging_mixin.py:188} INFO - [2026-04-22T12:36:30.319+0530] {dag.py:3954} INFO - Setting next_dagrun for example_task_group to 2026-04-21 00:00:00+00:00, run_after=2026-04-22 00:00:00+00:00
[2026-04-22T12:36:30.325+0530] {processor.py:183} INFO - Processing /Library/Frameworks/Python.framework/Versions/3.10/lib/python3.10/site-packages/airflow/example_dags/example_task_group.py took 0.047 seconds
[2026-04-22T12:38:22.332+0530] {processor.py:161} INFO - Started process (PID=74081) to work on /Library/Frameworks/Python.framework/Versions/3.10/lib/python3.10/site-packages/airflow/example_dags/example_task_group.py
[2026-04-22T12:38:22.332+0530] {processor.py:830} INFO - Processing file /Library/Frameworks/Python.framework/Versions/3.10/lib/python3.10/site-packages/airflow/example_dags/example_task_group.py for tasks to queue
[2026-04-22T12:38:22.333+0530] {logging_mixin.py:188} INFO - [2026-04-22T12:38:22.332+0530] {dagbag.py:545} INFO - Filling up the DagBag from /Library/Frameworks/Python.framework/Versions/3.10/lib/python3.10/site-packages/airflow/example_dags/example_task_group.py
[2026-04-22T12:38:22.336+0530] {processor.py:840} INFO - DAG(s) 'example_task_group' retrieved from /Library/Frameworks/Python.framework/Versions/3.10/lib/python3.10/site-packages/airflow/example_dags/example_task_group.py
[2026-04-22T12:38:22.371+0530] {logging_mixin.py:188} INFO - [2026-04-22T12:38:22.371+0530] {dag.py:3096} INFO - Sync 1 DAGs
[2026-04-22T12:38:22.375+0530] {logging_mixin.py:188} INFO - [2026-04-22T12:38:22.375+0530] {dag.py:3954} INFO - Setting next_dagrun for example_task_group to 2026-04-21 00:00:00+00:00, run_after=2026-04-22 00:00:00+00:00
[2026-04-22T12:38:22.383+0530] {processor.py:183} INFO - Processing /Library/Frameworks/Python.framework/Versions/3.10/lib/python3.10/site-packages/airflow/example_dags/example_task_group.py took 0.052 seconds
[2026-04-22T12:39:22.415+0530] {processor.py:161} INFO - Started process (PID=74146) to work on /Library/Frameworks/Python.framework/Versions/3.10/lib/python3.10/site-packages/airflow/example_dags/example_task_group.py
[2026-04-22T12:39:22.416+0530] {processor.py:830} INFO - Processing file /Library/Frameworks/Python.framework/Versions/3.10/lib/python3.10/site-packages/airflow/example_dags/example_task_group.py for tasks to queue
[2026-04-22T12:39:22.416+0530] {logging_mixin.py:188} INFO - [2026-04-22T12:39:22.416+0530] {dagbag.py:545} INFO - Filling up the DagBag from /Library/Frameworks/Python.framework/Versions/3.10/lib/python3.10/site-packages/airflow/example_dags/example_task_group.py
[2026-04-22T12:39:22.419+0530] {processor.py:840} INFO - DAG(s) 'example_task_group' retrieved from /Library/Frameworks/Python.framework/Versions/3.10/lib/python3.10/site-packages/airflow/example_dags/example_task_group.py
[2026-04-22T12:39:22.453+0530] {logging_mixin.py:188} INFO - [2026-04-22T12:39:22.453+0530] {dag.py:3096} INFO - Sync 1 DAGs
[2026-04-22T12:39:22.458+0530] {logging_mixin.py:188} INFO - [2026-04-22T12:39:22.458+0530] {dag.py:3954} INFO - Setting next_dagrun for example_task_group to 2026-04-21 00:00:00+00:00, run_after=2026-04-22 00:00:00+00:00
[2026-04-22T12:39:22.463+0530] {processor.py:183} INFO - Processing /Library/Frameworks/Python.framework/Versions/3.10/lib/python3.10/site-packages/airflow/example_dags/example_task_group.py took 0.049 seconds
[2026-04-22T12:40:22.495+0530] {processor.py:161} INFO - Started process (PID=74220) to work on /Library/Frameworks/Python.framework/Versions/3.10/lib/python3.10/site-packages/airflow/example_dags/example_task_group.py
[2026-04-22T12:40:22.495+0530] {processor.py:830} INFO - Processing file /Library/Frameworks/Python.framework/Versions/3.10/lib/python3.10/site-packages/airflow/example_dags/example_task_group.py for tasks to queue
[2026-04-22T12:40:22.496+0530] {logging_mixin.py:188} INFO - [2026-04-22T12:40:22.496+0530] {dagbag.py:545} INFO - Filling up the DagBag from /Library/Frameworks/Python.framework/Versions/3.10/lib/python3.10/site-packages/airflow/example_dags/example_task_group.py
[2026-04-22T12:40:22.499+0530] {processor.py:840} INFO - DAG(s) 'example_task_group' retrieved from /Library/Frameworks/Python.framework/Versions/3.10/lib/python3.10/site-packages/airflow/example_dags/example_task_group.py
[2026-04-22T12:40:22.532+0530] {logging_mixin.py:188} INFO - [2026-04-22T12:40:22.532+0530] {dag.py:3096} INFO - Sync 1 DAGs
[2026-04-22T12:40:22.537+0530] {logging_mixin.py:188} INFO - [2026-04-22T12:40:22.537+0530] {dag.py:3954} INFO - Setting next_dagrun for example_task_group to 2026-04-21 00:00:00+00:00, run_after=2026-04-22 00:00:00+00:00
[2026-04-22T12:40:22.542+0530] {processor.py:183} INFO - Processing /Library/Frameworks/Python.framework/Versions/3.10/lib/python3.10/site-packages/airflow/example_dags/example_task_group.py took 0.048 seconds
[2026-04-22T12:41:23.161+0530] {processor.py:161} INFO - Started process (PID=74291) to work on /Library/Frameworks/Python.framework/Versions/3.10/lib/python3.10/site-packages/airflow/example_dags/example_task_group.py
[2026-04-22T12:41:23.161+0530] {processor.py:830} INFO - Processing file /Library/Frameworks/Python.framework/Versions/3.10/lib/python3.10/site-packages/airflow/example_dags/example_task_group.py for tasks to queue
[2026-04-22T12:41:23.161+0530] {logging_mixin.py:188} INFO - [2026-04-22T12:41:23.161+0530] {dagbag.py:545} INFO - Filling up the DagBag from /Library/Frameworks/Python.framework/Versions/3.10/lib/python3.10/site-packages/airflow/example_dags/example_task_group.py
[2026-04-22T12:41:23.165+0530] {processor.py:840} INFO - DAG(s) 'example_task_group' retrieved from /Library/Frameworks/Python.framework/Versions/3.10/lib/python3.10/site-packages/airflow/example_dags/example_task_group.py
[2026-04-22T12:41:23.198+0530] {logging_mixin.py:188} INFO - [2026-04-22T12:41:23.198+0530] {dag.py:3096} INFO - Sync 1 DAGs
[2026-04-22T12:41:23.203+0530] {logging_mixin.py:188} INFO - [2026-04-22T12:41:23.203+0530] {dag.py:3954} INFO - Setting next_dagrun for example_task_group to 2026-04-21 00:00:00+00:00, run_after=2026-04-22 00:00:00+00:00
[2026-04-22T12:41:23.208+0530] {processor.py:183} INFO - Processing /Library/Frameworks/Python.framework/Versions/3.10/lib/python3.10/site-packages/airflow/example_dags/example_task_group.py took 0.048 seconds
[2026-04-22T12:42:19.963+0530] {processor.py:161} INFO - Started process (PID=74364) to work on /Library/Frameworks/Python.framework/Versions/3.10/lib/python3.10/site-packages/airflow/example_dags/example_task_group.py
[2026-04-22T12:42:19.963+0530] {processor.py:830} INFO - Processing file /Library/Frameworks/Python.framework/Versions/3.10/lib/python3.10/site-packages/airflow/example_dags/example_task_group.py for tasks to queue
[2026-04-22T12:42:19.963+0530] {logging_mixin.py:188} INFO - [2026-04-22T12:42:19.963+0530] {dagbag.py:545} INFO - Filling up the DagBag from /Library/Frameworks/Python.framework/Versions/3.10/lib/python3.10/site-packages/airflow/example_dags/example_task_group.py
[2026-04-22T12:42:19.967+0530] {processor.py:840} INFO - DAG(s) 'example_task_group' retrieved from /Library/Frameworks/Python.framework/Versions/3.10/lib/python3.10/site-packages/airflow/example_dags/example_task_group.py
[2026-04-22T12:42:20.001+0530] {logging_mixin.py:188} INFO - [2026-04-22T12:42:20.001+0530] {dag.py:3096} INFO - Sync 1 DAGs
[2026-04-22T12:42:20.006+0530] {logging_mixin.py:188} INFO - [2026-04-22T12:42:20.005+0530] {dag.py:3954} INFO - Setting next_dagrun for example_task_group to 2026-04-21 00:00:00+00:00, run_after=2026-04-22 00:00:00+00:00
[2026-04-22T12:42:20.012+0530] {processor.py:183} INFO - Processing /Library/Frameworks/Python.framework/Versions/3.10/lib/python3.10/site-packages/airflow/example_dags/example_task_group.py took 0.050 seconds
