[2026-04-22T07:21:45.017+0530] {processor.py:161} INFO - Started process (PID=68742) to work on /Library/Frameworks/Python.framework/Versions/3.10/lib/python3.10/site-packages/airflow/example_dags/example_python_decorator.py
[2026-04-22T07:21:45.017+0530] {processor.py:830} INFO - Processing file /Library/Frameworks/Python.framework/Versions/3.10/lib/python3.10/site-packages/airflow/example_dags/example_python_decorator.py for tasks to queue
[2026-04-22T07:21:45.017+0530] {logging_mixin.py:188} INFO - [2026-04-22T07:21:45.017+0530] {dagbag.py:545} INFO - Filling up the DagBag from /Library/Frameworks/Python.framework/Versions/3.10/lib/python3.10/site-packages/airflow/example_dags/example_python_decorator.py
[2026-04-22T07:21:45.032+0530] {logging_mixin.py:188} INFO - [2026-04-22T07:21:45.032+0530] {example_python_decorator.py:80} WARNING - The virtalenv_python example task requires virtualenv, please install it.
[2026-04-22T07:21:45.033+0530] {processor.py:840} INFO - DAG(s) 'example_python_decorator' retrieved from /Library/Frameworks/Python.framework/Versions/3.10/lib/python3.10/site-packages/airflow/example_dags/example_python_decorator.py
[2026-04-22T07:21:45.072+0530] {logging_mixin.py:188} INFO - [2026-04-22T07:21:45.071+0530] {dag.py:3096} INFO - Sync 1 DAGs
[2026-04-22T07:21:45.075+0530] {logging_mixin.py:188} INFO - [2026-04-22T07:21:45.075+0530] {dag.py:3954} INFO - Setting next_dagrun for example_python_decorator to None, run_after=None
[2026-04-22T07:21:45.082+0530] {processor.py:183} INFO - Processing /Library/Frameworks/Python.framework/Versions/3.10/lib/python3.10/site-packages/airflow/example_dags/example_python_decorator.py took 0.066 seconds
[2026-04-22T11:47:30.879+0530] {processor.py:161} INFO - Started process (PID=69308) to work on /Library/Frameworks/Python.framework/Versions/3.10/lib/python3.10/site-packages/airflow/example_dags/example_python_decorator.py
[2026-04-22T11:47:30.880+0530] {processor.py:830} INFO - Processing file /Library/Frameworks/Python.framework/Versions/3.10/lib/python3.10/site-packages/airflow/example_dags/example_python_decorator.py for tasks to queue
[2026-04-22T11:47:30.880+0530] {logging_mixin.py:188} INFO - [2026-04-22T11:47:30.880+0530] {dagbag.py:545} INFO - Filling up the DagBag from /Library/Frameworks/Python.framework/Versions/3.10/lib/python3.10/site-packages/airflow/example_dags/example_python_decorator.py
[2026-04-22T11:47:30.892+0530] {logging_mixin.py:188} INFO - [2026-04-22T11:47:30.892+0530] {example_python_decorator.py:80} WARNING - The virtalenv_python example task requires virtualenv, please install it.
[2026-04-22T11:47:30.892+0530] {processor.py:840} INFO - DAG(s) 'example_python_decorator' retrieved from /Library/Frameworks/Python.framework/Versions/3.10/lib/python3.10/site-packages/airflow/example_dags/example_python_decorator.py
[2026-04-22T11:47:30.924+0530] {logging_mixin.py:188} INFO - [2026-04-22T11:47:30.924+0530] {dag.py:3096} INFO - Sync 1 DAGs
[2026-04-22T11:47:30.927+0530] {logging_mixin.py:188} INFO - [2026-04-22T11:47:30.927+0530] {dag.py:3954} INFO - Setting next_dagrun for example_python_decorator to None, run_after=None
[2026-04-22T11:47:30.932+0530] {processor.py:183} INFO - Processing /Library/Frameworks/Python.framework/Versions/3.10/lib/python3.10/site-packages/airflow/example_dags/example_python_decorator.py took 0.054 seconds
[2026-04-22T11:48:19.404+0530] {processor.py:161} INFO - Started process (PID=69395) to work on /Library/Frameworks/Python.framework/Versions/3.10/lib/python3.10/site-packages/airflow/example_dags/example_python_decorator.py
[2026-04-22T11:48:19.405+0530] {processor.py:830} INFO - Processing file /Library/Frameworks/Python.framework/Versions/3.10/lib/python3.10/site-packages/airflow/example_dags/example_python_decorator.py for tasks to queue
[2026-04-22T11:48:19.405+0530] {logging_mixin.py:188} INFO - [2026-04-22T11:48:19.405+0530] {dagbag.py:545} INFO - Filling up the DagBag from /Library/Frameworks/Python.framework/Versions/3.10/lib/python3.10/site-packages/airflow/example_dags/example_python_decorator.py
[2026-04-22T11:48:19.417+0530] {logging_mixin.py:188} INFO - [2026-04-22T11:48:19.417+0530] {example_python_decorator.py:80} WARNING - The virtalenv_python example task requires virtualenv, please install it.
[2026-04-22T11:48:19.417+0530] {processor.py:840} INFO - DAG(s) 'example_python_decorator' retrieved from /Library/Frameworks/Python.framework/Versions/3.10/lib/python3.10/site-packages/airflow/example_dags/example_python_decorator.py
[2026-04-22T11:48:19.450+0530] {logging_mixin.py:188} INFO - [2026-04-22T11:48:19.450+0530] {dag.py:3096} INFO - Sync 1 DAGs
[2026-04-22T11:48:19.453+0530] {logging_mixin.py:188} INFO - [2026-04-22T11:48:19.453+0530] {dag.py:3954} INFO - Setting next_dagrun for example_python_decorator to None, run_after=None
[2026-04-22T11:48:19.458+0530] {processor.py:183} INFO - Processing /Library/Frameworks/Python.framework/Versions/3.10/lib/python3.10/site-packages/airflow/example_dags/example_python_decorator.py took 0.056 seconds
[2026-04-22T11:49:15.257+0530] {processor.py:161} INFO - Started process (PID=69484) to work on /Library/Frameworks/Python.framework/Versions/3.10/lib/python3.10/site-packages/airflow/example_dags/example_python_decorator.py
[2026-04-22T11:49:15.258+0530] {processor.py:830} INFO - Processing file /Library/Frameworks/Python.framework/Versions/3.10/lib/python3.10/site-packages/airflow/example_dags/example_python_decorator.py for tasks to queue
[2026-04-22T11:49:15.259+0530] {logging_mixin.py:188} INFO - [2026-04-22T11:49:15.259+0530] {dagbag.py:545} INFO - Filling up the DagBag from /Library/Frameworks/Python.framework/Versions/3.10/lib/python3.10/site-packages/airflow/example_dags/example_python_decorator.py
[2026-04-22T11:49:15.271+0530] {logging_mixin.py:188} INFO - [2026-04-22T11:49:15.271+0530] {example_python_decorator.py:80} WARNING - The virtalenv_python example task requires virtualenv, please install it.
[2026-04-22T11:49:15.272+0530] {processor.py:840} INFO - DAG(s) 'example_python_decorator' retrieved from /Library/Frameworks/Python.framework/Versions/3.10/lib/python3.10/site-packages/airflow/example_dags/example_python_decorator.py
[2026-04-22T11:49:15.305+0530] {logging_mixin.py:188} INFO - [2026-04-22T11:49:15.305+0530] {dag.py:3096} INFO - Sync 1 DAGs
[2026-04-22T11:49:15.308+0530] {logging_mixin.py:188} INFO - [2026-04-22T11:49:15.308+0530] {dag.py:3954} INFO - Setting next_dagrun for example_python_decorator to None, run_after=None
[2026-04-22T11:49:15.314+0530] {processor.py:183} INFO - Processing /Library/Frameworks/Python.framework/Versions/3.10/lib/python3.10/site-packages/airflow/example_dags/example_python_decorator.py took 0.058 seconds
[2026-04-22T11:50:11.239+0530] {processor.py:161} INFO - Started process (PID=69577) to work on /Library/Frameworks/Python.framework/Versions/3.10/lib/python3.10/site-packages/airflow/example_dags/example_python_decorator.py
[2026-04-22T11:50:11.240+0530] {processor.py:830} INFO - Processing file /Library/Frameworks/Python.framework/Versions/3.10/lib/python3.10/site-packages/airflow/example_dags/example_python_decorator.py for tasks to queue
[2026-04-22T11:50:11.240+0530] {logging_mixin.py:188} INFO - [2026-04-22T11:50:11.240+0530] {dagbag.py:545} INFO - Filling up the DagBag from /Library/Frameworks/Python.framework/Versions/3.10/lib/python3.10/site-packages/airflow/example_dags/example_python_decorator.py
[2026-04-22T11:50:11.252+0530] {logging_mixin.py:188} INFO - [2026-04-22T11:50:11.252+0530] {example_python_decorator.py:80} WARNING - The virtalenv_python example task requires virtualenv, please install it.
[2026-04-22T11:50:11.253+0530] {processor.py:840} INFO - DAG(s) 'example_python_decorator' retrieved from /Library/Frameworks/Python.framework/Versions/3.10/lib/python3.10/site-packages/airflow/example_dags/example_python_decorator.py
[2026-04-22T11:50:11.285+0530] {logging_mixin.py:188} INFO - [2026-04-22T11:50:11.285+0530] {dag.py:3096} INFO - Sync 1 DAGs
[2026-04-22T11:50:11.288+0530] {logging_mixin.py:188} INFO - [2026-04-22T11:50:11.288+0530] {dag.py:3954} INFO - Setting next_dagrun for example_python_decorator to None, run_after=None
[2026-04-22T11:50:11.294+0530] {processor.py:183} INFO - Processing /Library/Frameworks/Python.framework/Versions/3.10/lib/python3.10/site-packages/airflow/example_dags/example_python_decorator.py took 0.056 seconds
[2026-04-22T11:51:07.250+0530] {processor.py:161} INFO - Started process (PID=69708) to work on /Library/Frameworks/Python.framework/Versions/3.10/lib/python3.10/site-packages/airflow/example_dags/example_python_decorator.py
[2026-04-22T11:51:07.251+0530] {processor.py:830} INFO - Processing file /Library/Frameworks/Python.framework/Versions/3.10/lib/python3.10/site-packages/airflow/example_dags/example_python_decorator.py for tasks to queue
[2026-04-22T11:51:07.251+0530] {logging_mixin.py:188} INFO - [2026-04-22T11:51:07.251+0530] {dagbag.py:545} INFO - Filling up the DagBag from /Library/Frameworks/Python.framework/Versions/3.10/lib/python3.10/site-packages/airflow/example_dags/example_python_decorator.py
[2026-04-22T11:51:07.263+0530] {logging_mixin.py:188} INFO - [2026-04-22T11:51:07.263+0530] {example_python_decorator.py:80} WARNING - The virtalenv_python example task requires virtualenv, please install it.
[2026-04-22T11:51:07.264+0530] {processor.py:840} INFO - DAG(s) 'example_python_decorator' retrieved from /Library/Frameworks/Python.framework/Versions/3.10/lib/python3.10/site-packages/airflow/example_dags/example_python_decorator.py
[2026-04-22T11:51:07.297+0530] {logging_mixin.py:188} INFO - [2026-04-22T11:51:07.297+0530] {dag.py:3096} INFO - Sync 1 DAGs
[2026-04-22T11:51:07.300+0530] {logging_mixin.py:188} INFO - [2026-04-22T11:51:07.300+0530] {dag.py:3954} INFO - Setting next_dagrun for example_python_decorator to None, run_after=None
[2026-04-22T11:51:07.305+0530] {processor.py:183} INFO - Processing /Library/Frameworks/Python.framework/Versions/3.10/lib/python3.10/site-packages/airflow/example_dags/example_python_decorator.py took 0.057 seconds
[2026-04-22T12:10:55.090+0530] {processor.py:161} INFO - Started process (PID=70969) to work on /Library/Frameworks/Python.framework/Versions/3.10/lib/python3.10/site-packages/airflow/example_dags/example_python_decorator.py
[2026-04-22T12:10:55.091+0530] {processor.py:830} INFO - Processing file /Library/Frameworks/Python.framework/Versions/3.10/lib/python3.10/site-packages/airflow/example_dags/example_python_decorator.py for tasks to queue
[2026-04-22T12:10:55.091+0530] {logging_mixin.py:188} INFO - [2026-04-22T12:10:55.091+0530] {dagbag.py:545} INFO - Filling up the DagBag from /Library/Frameworks/Python.framework/Versions/3.10/lib/python3.10/site-packages/airflow/example_dags/example_python_decorator.py
[2026-04-22T12:10:55.103+0530] {logging_mixin.py:188} INFO - [2026-04-22T12:10:55.103+0530] {example_python_decorator.py:80} WARNING - The virtalenv_python example task requires virtualenv, please install it.
[2026-04-22T12:10:55.104+0530] {processor.py:840} INFO - DAG(s) 'example_python_decorator' retrieved from /Library/Frameworks/Python.framework/Versions/3.10/lib/python3.10/site-packages/airflow/example_dags/example_python_decorator.py
[2026-04-22T12:10:55.136+0530] {logging_mixin.py:188} INFO - [2026-04-22T12:10:55.136+0530] {dag.py:3096} INFO - Sync 1 DAGs
[2026-04-22T12:10:55.140+0530] {logging_mixin.py:188} INFO - [2026-04-22T12:10:55.140+0530] {dag.py:3954} INFO - Setting next_dagrun for example_python_decorator to None, run_after=None
[2026-04-22T12:10:55.146+0530] {processor.py:183} INFO - Processing /Library/Frameworks/Python.framework/Versions/3.10/lib/python3.10/site-packages/airflow/example_dags/example_python_decorator.py took 0.056 seconds
[2026-04-22T12:15:33.086+0530] {processor.py:161} INFO - Started process (PID=71310) to work on /Library/Frameworks/Python.framework/Versions/3.10/lib/python3.10/site-packages/airflow/example_dags/example_python_decorator.py
[2026-04-22T12:15:33.088+0530] {processor.py:830} INFO - Processing file /Library/Frameworks/Python.framework/Versions/3.10/lib/python3.10/site-packages/airflow/example_dags/example_python_decorator.py for tasks to queue
[2026-04-22T12:15:33.088+0530] {logging_mixin.py:188} INFO - [2026-04-22T12:15:33.088+0530] {dagbag.py:545} INFO - Filling up the DagBag from /Library/Frameworks/Python.framework/Versions/3.10/lib/python3.10/site-packages/airflow/example_dags/example_python_decorator.py
[2026-04-22T12:15:33.100+0530] {logging_mixin.py:188} INFO - [2026-04-22T12:15:33.100+0530] {example_python_decorator.py:80} WARNING - The virtalenv_python example task requires virtualenv, please install it.
[2026-04-22T12:15:33.100+0530] {processor.py:840} INFO - DAG(s) 'example_python_decorator' retrieved from /Library/Frameworks/Python.framework/Versions/3.10/lib/python3.10/site-packages/airflow/example_dags/example_python_decorator.py
[2026-04-22T12:15:33.133+0530] {logging_mixin.py:188} INFO - [2026-04-22T12:15:33.133+0530] {dag.py:3096} INFO - Sync 1 DAGs
[2026-04-22T12:15:33.136+0530] {logging_mixin.py:188} INFO - [2026-04-22T12:15:33.136+0530] {dag.py:3954} INFO - Setting next_dagrun for example_python_decorator to None, run_after=None
[2026-04-22T12:15:33.141+0530] {processor.py:183} INFO - Processing /Library/Frameworks/Python.framework/Versions/3.10/lib/python3.10/site-packages/airflow/example_dags/example_python_decorator.py took 0.056 seconds
[2026-04-22T12:19:09.619+0530] {processor.py:161} INFO - Started process (PID=71600) to work on /Library/Frameworks/Python.framework/Versions/3.10/lib/python3.10/site-packages/airflow/example_dags/example_python_decorator.py
[2026-04-22T12:19:09.620+0530] {processor.py:830} INFO - Processing file /Library/Frameworks/Python.framework/Versions/3.10/lib/python3.10/site-packages/airflow/example_dags/example_python_decorator.py for tasks to queue
[2026-04-22T12:19:09.620+0530] {logging_mixin.py:188} INFO - [2026-04-22T12:19:09.620+0530] {dagbag.py:545} INFO - Filling up the DagBag from /Library/Frameworks/Python.framework/Versions/3.10/lib/python3.10/site-packages/airflow/example_dags/example_python_decorator.py
[2026-04-22T12:19:09.632+0530] {logging_mixin.py:188} INFO - [2026-04-22T12:19:09.632+0530] {example_python_decorator.py:80} WARNING - The virtalenv_python example task requires virtualenv, please install it.
[2026-04-22T12:19:09.633+0530] {processor.py:840} INFO - DAG(s) 'example_python_decorator' retrieved from /Library/Frameworks/Python.framework/Versions/3.10/lib/python3.10/site-packages/airflow/example_dags/example_python_decorator.py
[2026-04-22T12:19:09.665+0530] {logging_mixin.py:188} INFO - [2026-04-22T12:19:09.665+0530] {dag.py:3096} INFO - Sync 1 DAGs
[2026-04-22T12:19:09.668+0530] {logging_mixin.py:188} INFO - [2026-04-22T12:19:09.668+0530] {dag.py:3954} INFO - Setting next_dagrun for example_python_decorator to None, run_after=None
[2026-04-22T12:19:09.674+0530] {processor.py:183} INFO - Processing /Library/Frameworks/Python.framework/Versions/3.10/lib/python3.10/site-packages/airflow/example_dags/example_python_decorator.py took 0.056 seconds
[2026-04-22T12:21:26.686+0530] {processor.py:161} INFO - Started process (PID=72309) to work on /Library/Frameworks/Python.framework/Versions/3.10/lib/python3.10/site-packages/airflow/example_dags/example_python_decorator.py
[2026-04-22T12:21:26.686+0530] {processor.py:830} INFO - Processing file /Library/Frameworks/Python.framework/Versions/3.10/lib/python3.10/site-packages/airflow/example_dags/example_python_decorator.py for tasks to queue
[2026-04-22T12:21:26.687+0530] {logging_mixin.py:188} INFO - [2026-04-22T12:21:26.687+0530] {dagbag.py:545} INFO - Filling up the DagBag from /Library/Frameworks/Python.framework/Versions/3.10/lib/python3.10/site-packages/airflow/example_dags/example_python_decorator.py
[2026-04-22T12:21:26.698+0530] {logging_mixin.py:188} INFO - [2026-04-22T12:21:26.698+0530] {example_python_decorator.py:80} WARNING - The virtalenv_python example task requires virtualenv, please install it.
[2026-04-22T12:21:26.699+0530] {processor.py:840} INFO - DAG(s) 'example_python_decorator' retrieved from /Library/Frameworks/Python.framework/Versions/3.10/lib/python3.10/site-packages/airflow/example_dags/example_python_decorator.py
[2026-04-22T12:21:26.732+0530] {logging_mixin.py:188} INFO - [2026-04-22T12:21:26.732+0530] {dag.py:3096} INFO - Sync 1 DAGs
[2026-04-22T12:21:26.735+0530] {logging_mixin.py:188} INFO - [2026-04-22T12:21:26.735+0530] {dag.py:3954} INFO - Setting next_dagrun for example_python_decorator to None, run_after=None
[2026-04-22T12:21:26.741+0530] {processor.py:183} INFO - Processing /Library/Frameworks/Python.framework/Versions/3.10/lib/python3.10/site-packages/airflow/example_dags/example_python_decorator.py took 0.056 seconds
[2026-04-22T12:23:07.529+0530] {processor.py:161} INFO - Started process (PID=72505) to work on /Library/Frameworks/Python.framework/Versions/3.10/lib/python3.10/site-packages/airflow/example_dags/example_python_decorator.py
[2026-04-22T12:23:07.530+0530] {processor.py:830} INFO - Processing file /Library/Frameworks/Python.framework/Versions/3.10/lib/python3.10/site-packages/airflow/example_dags/example_python_decorator.py for tasks to queue
[2026-04-22T12:23:07.530+0530] {logging_mixin.py:188} INFO - [2026-04-22T12:23:07.530+0530] {dagbag.py:545} INFO - Filling up the DagBag from /Library/Frameworks/Python.framework/Versions/3.10/lib/python3.10/site-packages/airflow/example_dags/example_python_decorator.py
[2026-04-22T12:23:07.543+0530] {logging_mixin.py:188} INFO - [2026-04-22T12:23:07.543+0530] {example_python_decorator.py:80} WARNING - The virtalenv_python example task requires virtualenv, please install it.
[2026-04-22T12:23:07.544+0530] {processor.py:840} INFO - DAG(s) 'example_python_decorator' retrieved from /Library/Frameworks/Python.framework/Versions/3.10/lib/python3.10/site-packages/airflow/example_dags/example_python_decorator.py
[2026-04-22T12:23:07.577+0530] {logging_mixin.py:188} INFO - [2026-04-22T12:23:07.577+0530] {dag.py:3096} INFO - Sync 1 DAGs
[2026-04-22T12:23:07.580+0530] {logging_mixin.py:188} INFO - [2026-04-22T12:23:07.580+0530] {dag.py:3954} INFO - Setting next_dagrun for example_python_decorator to None, run_after=None
[2026-04-22T12:23:07.586+0530] {processor.py:183} INFO - Processing /Library/Frameworks/Python.framework/Versions/3.10/lib/python3.10/site-packages/airflow/example_dags/example_python_decorator.py took 0.058 seconds
[2026-04-22T12:24:20.632+0530] {processor.py:161} INFO - Started process (PID=72597) to work on /Library/Frameworks/Python.framework/Versions/3.10/lib/python3.10/site-packages/airflow/example_dags/example_python_decorator.py
[2026-04-22T12:24:20.632+0530] {processor.py:830} INFO - Processing file /Library/Frameworks/Python.framework/Versions/3.10/lib/python3.10/site-packages/airflow/example_dags/example_python_decorator.py for tasks to queue
[2026-04-22T12:24:20.632+0530] {logging_mixin.py:188} INFO - [2026-04-22T12:24:20.632+0530] {dagbag.py:545} INFO - Filling up the DagBag from /Library/Frameworks/Python.framework/Versions/3.10/lib/python3.10/site-packages/airflow/example_dags/example_python_decorator.py
[2026-04-22T12:24:20.644+0530] {logging_mixin.py:188} INFO - [2026-04-22T12:24:20.644+0530] {example_python_decorator.py:80} WARNING - The virtalenv_python example task requires virtualenv, please install it.
[2026-04-22T12:24:20.645+0530] {processor.py:840} INFO - DAG(s) 'example_python_decorator' retrieved from /Library/Frameworks/Python.framework/Versions/3.10/lib/python3.10/site-packages/airflow/example_dags/example_python_decorator.py
[2026-04-22T12:24:20.677+0530] {logging_mixin.py:188} INFO - [2026-04-22T12:24:20.677+0530] {dag.py:3096} INFO - Sync 1 DAGs
[2026-04-22T12:24:20.680+0530] {logging_mixin.py:188} INFO - [2026-04-22T12:24:20.680+0530] {dag.py:3954} INFO - Setting next_dagrun for example_python_decorator to None, run_after=None
[2026-04-22T12:24:20.686+0530] {processor.py:183} INFO - Processing /Library/Frameworks/Python.framework/Versions/3.10/lib/python3.10/site-packages/airflow/example_dags/example_python_decorator.py took 0.055 seconds
[2026-04-22T12:26:06.780+0530] {processor.py:161} INFO - Started process (PID=72877) to work on /Library/Frameworks/Python.framework/Versions/3.10/lib/python3.10/site-packages/airflow/example_dags/example_python_decorator.py
[2026-04-22T12:26:06.781+0530] {processor.py:830} INFO - Processing file /Library/Frameworks/Python.framework/Versions/3.10/lib/python3.10/site-packages/airflow/example_dags/example_python_decorator.py for tasks to queue
[2026-04-22T12:26:06.781+0530] {logging_mixin.py:188} INFO - [2026-04-22T12:26:06.781+0530] {dagbag.py:545} INFO - Filling up the DagBag from /Library/Frameworks/Python.framework/Versions/3.10/lib/python3.10/site-packages/airflow/example_dags/example_python_decorator.py
[2026-04-22T12:26:06.793+0530] {logging_mixin.py:188} INFO - [2026-04-22T12:26:06.793+0530] {example_python_decorator.py:80} WARNING - The virtalenv_python example task requires virtualenv, please install it.
[2026-04-22T12:26:06.793+0530] {processor.py:840} INFO - DAG(s) 'example_python_decorator' retrieved from /Library/Frameworks/Python.framework/Versions/3.10/lib/python3.10/site-packages/airflow/example_dags/example_python_decorator.py
[2026-04-22T12:26:06.825+0530] {logging_mixin.py:188} INFO - [2026-04-22T12:26:06.825+0530] {dag.py:3096} INFO - Sync 1 DAGs
[2026-04-22T12:26:06.828+0530] {logging_mixin.py:188} INFO - [2026-04-22T12:26:06.828+0530] {dag.py:3954} INFO - Setting next_dagrun for example_python_decorator to None, run_after=None
[2026-04-22T12:26:06.833+0530] {processor.py:183} INFO - Processing /Library/Frameworks/Python.framework/Versions/3.10/lib/python3.10/site-packages/airflow/example_dags/example_python_decorator.py took 0.054 seconds
[2026-04-22T12:27:53.333+0530] {processor.py:161} INFO - Started process (PID=73057) to work on /Library/Frameworks/Python.framework/Versions/3.10/lib/python3.10/site-packages/airflow/example_dags/example_python_decorator.py
[2026-04-22T12:27:53.333+0530] {processor.py:830} INFO - Processing file /Library/Frameworks/Python.framework/Versions/3.10/lib/python3.10/site-packages/airflow/example_dags/example_python_decorator.py for tasks to queue
[2026-04-22T12:27:53.334+0530] {logging_mixin.py:188} INFO - [2026-04-22T12:27:53.334+0530] {dagbag.py:545} INFO - Filling up the DagBag from /Library/Frameworks/Python.framework/Versions/3.10/lib/python3.10/site-packages/airflow/example_dags/example_python_decorator.py
[2026-04-22T12:27:53.346+0530] {logging_mixin.py:188} INFO - [2026-04-22T12:27:53.345+0530] {example_python_decorator.py:80} WARNING - The virtalenv_python example task requires virtualenv, please install it.
[2026-04-22T12:27:53.346+0530] {processor.py:840} INFO - DAG(s) 'example_python_decorator' retrieved from /Library/Frameworks/Python.framework/Versions/3.10/lib/python3.10/site-packages/airflow/example_dags/example_python_decorator.py
[2026-04-22T12:27:53.378+0530] {logging_mixin.py:188} INFO - [2026-04-22T12:27:53.378+0530] {dag.py:3096} INFO - Sync 1 DAGs
[2026-04-22T12:27:53.381+0530] {logging_mixin.py:188} INFO - [2026-04-22T12:27:53.381+0530] {dag.py:3954} INFO - Setting next_dagrun for example_python_decorator to None, run_after=None
[2026-04-22T12:27:53.387+0530] {processor.py:183} INFO - Processing /Library/Frameworks/Python.framework/Versions/3.10/lib/python3.10/site-packages/airflow/example_dags/example_python_decorator.py took 0.055 seconds
[2026-04-22T12:29:48.341+0530] {processor.py:161} INFO - Started process (PID=73271) to work on /Library/Frameworks/Python.framework/Versions/3.10/lib/python3.10/site-packages/airflow/example_dags/example_python_decorator.py
[2026-04-22T12:29:48.342+0530] {processor.py:830} INFO - Processing file /Library/Frameworks/Python.framework/Versions/3.10/lib/python3.10/site-packages/airflow/example_dags/example_python_decorator.py for tasks to queue
[2026-04-22T12:29:48.343+0530] {logging_mixin.py:188} INFO - [2026-04-22T12:29:48.343+0530] {dagbag.py:545} INFO - Filling up the DagBag from /Library/Frameworks/Python.framework/Versions/3.10/lib/python3.10/site-packages/airflow/example_dags/example_python_decorator.py
[2026-04-22T12:29:48.354+0530] {logging_mixin.py:188} INFO - [2026-04-22T12:29:48.354+0530] {example_python_decorator.py:80} WARNING - The virtalenv_python example task requires virtualenv, please install it.
[2026-04-22T12:29:48.355+0530] {processor.py:840} INFO - DAG(s) 'example_python_decorator' retrieved from /Library/Frameworks/Python.framework/Versions/3.10/lib/python3.10/site-packages/airflow/example_dags/example_python_decorator.py
[2026-04-22T12:29:48.388+0530] {logging_mixin.py:188} INFO - [2026-04-22T12:29:48.387+0530] {dag.py:3096} INFO - Sync 1 DAGs
[2026-04-22T12:29:48.391+0530] {logging_mixin.py:188} INFO - [2026-04-22T12:29:48.391+0530] {dag.py:3954} INFO - Setting next_dagrun for example_python_decorator to None, run_after=None
[2026-04-22T12:29:48.396+0530] {processor.py:183} INFO - Processing /Library/Frameworks/Python.framework/Versions/3.10/lib/python3.10/site-packages/airflow/example_dags/example_python_decorator.py took 0.055 seconds
[2026-04-22T12:31:35.764+0530] {processor.py:161} INFO - Started process (PID=73514) to work on /Library/Frameworks/Python.framework/Versions/3.10/lib/python3.10/site-packages/airflow/example_dags/example_python_decorator.py
[2026-04-22T12:31:35.765+0530] {processor.py:830} INFO - Processing file /Library/Frameworks/Python.framework/Versions/3.10/lib/python3.10/site-packages/airflow/example_dags/example_python_decorator.py for tasks to queue
[2026-04-22T12:31:35.765+0530] {logging_mixin.py:188} INFO - [2026-04-22T12:31:35.765+0530] {dagbag.py:545} INFO - Filling up the DagBag from /Library/Frameworks/Python.framework/Versions/3.10/lib/python3.10/site-packages/airflow/example_dags/example_python_decorator.py
[2026-04-22T12:31:35.778+0530] {logging_mixin.py:188} INFO - [2026-04-22T12:31:35.778+0530] {example_python_decorator.py:80} WARNING - The virtalenv_python example task requires virtualenv, please install it.
[2026-04-22T12:31:35.779+0530] {processor.py:840} INFO - DAG(s) 'example_python_decorator' retrieved from /Library/Frameworks/Python.framework/Versions/3.10/lib/python3.10/site-packages/airflow/example_dags/example_python_decorator.py
[2026-04-22T12:31:35.813+0530] {logging_mixin.py:188} INFO - [2026-04-22T12:31:35.813+0530] {dag.py:3096} INFO - Sync 1 DAGs
[2026-04-22T12:31:35.816+0530] {logging_mixin.py:188} INFO - [2026-04-22T12:31:35.816+0530] {dag.py:3954} INFO - Setting next_dagrun for example_python_decorator to None, run_after=None
[2026-04-22T12:31:35.822+0530] {processor.py:183} INFO - Processing /Library/Frameworks/Python.framework/Versions/3.10/lib/python3.10/site-packages/airflow/example_dags/example_python_decorator.py took 0.059 seconds
[2026-04-22T12:33:21.450+0530] {processor.py:161} INFO - Started process (PID=73719) to work on /Library/Frameworks/Python.framework/Versions/3.10/lib/python3.10/site-packages/airflow/example_dags/example_python_decorator.py
[2026-04-22T12:33:21.451+0530] {processor.py:830} INFO - Processing file /Library/Frameworks/Python.framework/Versions/3.10/lib/python3.10/site-packages/airflow/example_dags/example_python_decorator.py for tasks to queue
[2026-04-22T12:33:21.451+0530] {logging_mixin.py:188} INFO - [2026-04-22T12:33:21.451+0530] {dagbag.py:545} INFO - Filling up the DagBag from /Library/Frameworks/Python.framework/Versions/3.10/lib/python3.10/site-packages/airflow/example_dags/example_python_decorator.py
[2026-04-22T12:33:21.463+0530] {logging_mixin.py:188} INFO - [2026-04-22T12:33:21.463+0530] {example_python_decorator.py:80} WARNING - The virtalenv_python example task requires virtualenv, please install it.
[2026-04-22T12:33:21.464+0530] {processor.py:840} INFO - DAG(s) 'example_python_decorator' retrieved from /Library/Frameworks/Python.framework/Versions/3.10/lib/python3.10/site-packages/airflow/example_dags/example_python_decorator.py
[2026-04-22T12:33:21.496+0530] {logging_mixin.py:188} INFO - [2026-04-22T12:33:21.496+0530] {dag.py:3096} INFO - Sync 1 DAGs
[2026-04-22T12:33:21.499+0530] {logging_mixin.py:188} INFO - [2026-04-22T12:33:21.499+0530] {dag.py:3954} INFO - Setting next_dagrun for example_python_decorator to None, run_after=None
[2026-04-22T12:33:21.505+0530] {processor.py:183} INFO - Processing /Library/Frameworks/Python.framework/Versions/3.10/lib/python3.10/site-packages/airflow/example_dags/example_python_decorator.py took 0.056 seconds
[2026-04-22T12:35:05.849+0530] {processor.py:161} INFO - Started process (PID=73840) to work on /Library/Frameworks/Python.framework/Versions/3.10/lib/python3.10/site-packages/airflow/example_dags/example_python_decorator.py
[2026-04-22T12:35:05.849+0530] {processor.py:830} INFO - Processing file /Library/Frameworks/Python.framework/Versions/3.10/lib/python3.10/site-packages/airflow/example_dags/example_python_decorator.py for tasks to queue
[2026-04-22T12:35:05.849+0530] {logging_mixin.py:188} INFO - [2026-04-22T12:35:05.849+0530] {dagbag.py:545} INFO - Filling up the DagBag from /Library/Frameworks/Python.framework/Versions/3.10/lib/python3.10/site-packages/airflow/example_dags/example_python_decorator.py
[2026-04-22T12:35:05.861+0530] {logging_mixin.py:188} INFO - [2026-04-22T12:35:05.861+0530] {example_python_decorator.py:80} WARNING - The virtalenv_python example task requires virtualenv, please install it.
[2026-04-22T12:35:05.861+0530] {processor.py:840} INFO - DAG(s) 'example_python_decorator' retrieved from /Library/Frameworks/Python.framework/Versions/3.10/lib/python3.10/site-packages/airflow/example_dags/example_python_decorator.py
[2026-04-22T12:35:05.893+0530] {logging_mixin.py:188} INFO - [2026-04-22T12:35:05.893+0530] {dag.py:3096} INFO - Sync 1 DAGs
[2026-04-22T12:35:05.896+0530] {logging_mixin.py:188} INFO - [2026-04-22T12:35:05.896+0530] {dag.py:3954} INFO - Setting next_dagrun for example_python_decorator to None, run_after=None
[2026-04-22T12:35:05.901+0530] {processor.py:183} INFO - Processing /Library/Frameworks/Python.framework/Versions/3.10/lib/python3.10/site-packages/airflow/example_dags/example_python_decorator.py took 0.053 seconds
[2026-04-22T12:36:47.663+0530] {processor.py:161} INFO - Started process (PID=73977) to work on /Library/Frameworks/Python.framework/Versions/3.10/lib/python3.10/site-packages/airflow/example_dags/example_python_decorator.py
[2026-04-22T12:36:47.663+0530] {processor.py:830} INFO - Processing file /Library/Frameworks/Python.framework/Versions/3.10/lib/python3.10/site-packages/airflow/example_dags/example_python_decorator.py for tasks to queue
[2026-04-22T12:36:47.664+0530] {logging_mixin.py:188} INFO - [2026-04-22T12:36:47.663+0530] {dagbag.py:545} INFO - Filling up the DagBag from /Library/Frameworks/Python.framework/Versions/3.10/lib/python3.10/site-packages/airflow/example_dags/example_python_decorator.py
[2026-04-22T12:36:47.675+0530] {logging_mixin.py:188} INFO - [2026-04-22T12:36:47.675+0530] {example_python_decorator.py:80} WARNING - The virtalenv_python example task requires virtualenv, please install it.
[2026-04-22T12:36:47.676+0530] {processor.py:840} INFO - DAG(s) 'example_python_decorator' retrieved from /Library/Frameworks/Python.framework/Versions/3.10/lib/python3.10/site-packages/airflow/example_dags/example_python_decorator.py
[2026-04-22T12:36:47.709+0530] {logging_mixin.py:188} INFO - [2026-04-22T12:36:47.709+0530] {dag.py:3096} INFO - Sync 1 DAGs
[2026-04-22T12:36:47.712+0530] {logging_mixin.py:188} INFO - [2026-04-22T12:36:47.712+0530] {dag.py:3954} INFO - Setting next_dagrun for example_python_decorator to None, run_after=None
[2026-04-22T12:36:47.717+0530] {processor.py:183} INFO - Processing /Library/Frameworks/Python.framework/Versions/3.10/lib/python3.10/site-packages/airflow/example_dags/example_python_decorator.py took 0.055 seconds
[2026-04-22T12:38:41.108+0530] {processor.py:161} INFO - Started process (PID=74099) to work on /Library/Frameworks/Python.framework/Versions/3.10/lib/python3.10/site-packages/airflow/example_dags/example_python_decorator.py
[2026-04-22T12:38:41.109+0530] {processor.py:830} INFO - Processing file /Library/Frameworks/Python.framework/Versions/3.10/lib/python3.10/site-packages/airflow/example_dags/example_python_decorator.py for tasks to queue
[2026-04-22T12:38:41.109+0530] {logging_mixin.py:188} INFO - [2026-04-22T12:38:41.109+0530] {dagbag.py:545} INFO - Filling up the DagBag from /Library/Frameworks/Python.framework/Versions/3.10/lib/python3.10/site-packages/airflow/example_dags/example_python_decorator.py
[2026-04-22T12:38:41.121+0530] {logging_mixin.py:188} INFO - [2026-04-22T12:38:41.121+0530] {example_python_decorator.py:80} WARNING - The virtalenv_python example task requires virtualenv, please install it.
[2026-04-22T12:38:41.121+0530] {processor.py:840} INFO - DAG(s) 'example_python_decorator' retrieved from /Library/Frameworks/Python.framework/Versions/3.10/lib/python3.10/site-packages/airflow/example_dags/example_python_decorator.py
[2026-04-22T12:38:41.155+0530] {logging_mixin.py:188} INFO - [2026-04-22T12:38:41.155+0530] {dag.py:3096} INFO - Sync 1 DAGs
[2026-04-22T12:38:41.158+0530] {logging_mixin.py:188} INFO - [2026-04-22T12:38:41.158+0530] {dag.py:3954} INFO - Setting next_dagrun for example_python_decorator to None, run_after=None
[2026-04-22T12:38:41.164+0530] {processor.py:183} INFO - Processing /Library/Frameworks/Python.framework/Versions/3.10/lib/python3.10/site-packages/airflow/example_dags/example_python_decorator.py took 0.058 seconds
[2026-04-22T12:40:41.259+0530] {processor.py:161} INFO - Started process (PID=74245) to work on /Library/Frameworks/Python.framework/Versions/3.10/lib/python3.10/site-packages/airflow/example_dags/example_python_decorator.py
[2026-04-22T12:40:41.260+0530] {processor.py:830} INFO - Processing file /Library/Frameworks/Python.framework/Versions/3.10/lib/python3.10/site-packages/airflow/example_dags/example_python_decorator.py for tasks to queue
[2026-04-22T12:40:41.260+0530] {logging_mixin.py:188} INFO - [2026-04-22T12:40:41.260+0530] {dagbag.py:545} INFO - Filling up the DagBag from /Library/Frameworks/Python.framework/Versions/3.10/lib/python3.10/site-packages/airflow/example_dags/example_python_decorator.py
[2026-04-22T12:40:41.271+0530] {logging_mixin.py:188} INFO - [2026-04-22T12:40:41.271+0530] {example_python_decorator.py:80} WARNING - The virtalenv_python example task requires virtualenv, please install it.
[2026-04-22T12:40:41.272+0530] {processor.py:840} INFO - DAG(s) 'example_python_decorator' retrieved from /Library/Frameworks/Python.framework/Versions/3.10/lib/python3.10/site-packages/airflow/example_dags/example_python_decorator.py
[2026-04-22T12:40:41.304+0530] {logging_mixin.py:188} INFO - [2026-04-22T12:40:41.303+0530] {dag.py:3096} INFO - Sync 1 DAGs
[2026-04-22T12:40:41.306+0530] {logging_mixin.py:188} INFO - [2026-04-22T12:40:41.306+0530] {dag.py:3954} INFO - Setting next_dagrun for example_python_decorator to None, run_after=None
[2026-04-22T12:40:41.312+0530] {processor.py:183} INFO - Processing /Library/Frameworks/Python.framework/Versions/3.10/lib/python3.10/site-packages/airflow/example_dags/example_python_decorator.py took 0.053 seconds
[2026-04-22T12:42:37.742+0530] {processor.py:161} INFO - Started process (PID=74382) to work on /Library/Frameworks/Python.framework/Versions/3.10/lib/python3.10/site-packages/airflow/example_dags/example_python_decorator.py
[2026-04-22T12:42:37.743+0530] {processor.py:830} INFO - Processing file /Library/Frameworks/Python.framework/Versions/3.10/lib/python3.10/site-packages/airflow/example_dags/example_python_decorator.py for tasks to queue
[2026-04-22T12:42:37.743+0530] {logging_mixin.py:188} INFO - [2026-04-22T12:42:37.743+0530] {dagbag.py:545} INFO - Filling up the DagBag from /Library/Frameworks/Python.framework/Versions/3.10/lib/python3.10/site-packages/airflow/example_dags/example_python_decorator.py
[2026-04-22T12:42:37.755+0530] {logging_mixin.py:188} INFO - [2026-04-22T12:42:37.755+0530] {example_python_decorator.py:80} WARNING - The virtalenv_python example task requires virtualenv, please install it.
[2026-04-22T12:42:37.756+0530] {processor.py:840} INFO - DAG(s) 'example_python_decorator' retrieved from /Library/Frameworks/Python.framework/Versions/3.10/lib/python3.10/site-packages/airflow/example_dags/example_python_decorator.py
[2026-04-22T12:42:37.788+0530] {logging_mixin.py:188} INFO - [2026-04-22T12:42:37.788+0530] {dag.py:3096} INFO - Sync 1 DAGs
[2026-04-22T12:42:37.791+0530] {logging_mixin.py:188} INFO - [2026-04-22T12:42:37.791+0530] {dag.py:3954} INFO - Setting next_dagrun for example_python_decorator to None, run_after=None
[2026-04-22T12:42:37.797+0530] {processor.py:183} INFO - Processing /Library/Frameworks/Python.framework/Versions/3.10/lib/python3.10/site-packages/airflow/example_dags/example_python_decorator.py took 0.056 seconds
