[2026-04-22T06:13:34.782+0530] {processor.py:161} INFO - Started process (PID=68520) to work on /Library/Frameworks/Python.framework/Versions/3.10/lib/python3.10/site-packages/airflow/example_dags/example_short_circuit_decorator.py
[2026-04-22T06:13:34.782+0530] {processor.py:830} INFO - Processing file /Library/Frameworks/Python.framework/Versions/3.10/lib/python3.10/site-packages/airflow/example_dags/example_short_circuit_decorator.py for tasks to queue
[2026-04-22T06:13:34.783+0530] {logging_mixin.py:188} INFO - [2026-04-22T06:13:34.783+0530] {dagbag.py:545} INFO - Filling up the DagBag from /Library/Frameworks/Python.framework/Versions/3.10/lib/python3.10/site-packages/airflow/example_dags/example_short_circuit_decorator.py
[2026-04-22T06:13:34.798+0530] {processor.py:840} INFO - DAG(s) 'example_short_circuit_decorator' retrieved from /Library/Frameworks/Python.framework/Versions/3.10/lib/python3.10/site-packages/airflow/example_dags/example_short_circuit_decorator.py
[2026-04-22T06:13:34.838+0530] {logging_mixin.py:188} INFO - [2026-04-22T06:13:34.838+0530] {dag.py:3096} INFO - Sync 1 DAGs
[2026-04-22T06:13:34.843+0530] {logging_mixin.py:188} INFO - [2026-04-22T06:13:34.843+0530] {dag.py:3954} INFO - Setting next_dagrun for example_short_circuit_decorator to 2026-04-21 00:00:00+00:00, run_after=2026-04-22 00:00:00+00:00
[2026-04-22T06:13:34.850+0530] {processor.py:183} INFO - Processing /Library/Frameworks/Python.framework/Versions/3.10/lib/python3.10/site-packages/airflow/example_dags/example_short_circuit_decorator.py took 0.069 seconds
[2026-04-22T11:47:25.342+0530] {processor.py:161} INFO - Started process (PID=69299) to work on /Library/Frameworks/Python.framework/Versions/3.10/lib/python3.10/site-packages/airflow/example_dags/example_short_circuit_decorator.py
[2026-04-22T11:47:25.344+0530] {processor.py:830} INFO - Processing file /Library/Frameworks/Python.framework/Versions/3.10/lib/python3.10/site-packages/airflow/example_dags/example_short_circuit_decorator.py for tasks to queue
[2026-04-22T11:47:25.344+0530] {logging_mixin.py:188} INFO - [2026-04-22T11:47:25.344+0530] {dagbag.py:545} INFO - Filling up the DagBag from /Library/Frameworks/Python.framework/Versions/3.10/lib/python3.10/site-packages/airflow/example_dags/example_short_circuit_decorator.py
[2026-04-22T11:47:25.357+0530] {processor.py:840} INFO - DAG(s) 'example_short_circuit_decorator' retrieved from /Library/Frameworks/Python.framework/Versions/3.10/lib/python3.10/site-packages/airflow/example_dags/example_short_circuit_decorator.py
[2026-04-22T11:47:25.391+0530] {logging_mixin.py:188} INFO - [2026-04-22T11:47:25.390+0530] {dag.py:3096} INFO - Sync 1 DAGs
[2026-04-22T11:47:25.395+0530] {logging_mixin.py:188} INFO - [2026-04-22T11:47:25.395+0530] {dag.py:3954} INFO - Setting next_dagrun for example_short_circuit_decorator to 2026-04-21 00:00:00+00:00, run_after=2026-04-22 00:00:00+00:00
[2026-04-22T11:47:25.400+0530] {processor.py:183} INFO - Processing /Library/Frameworks/Python.framework/Versions/3.10/lib/python3.10/site-packages/airflow/example_dags/example_short_circuit_decorator.py took 0.060 seconds
[2026-04-22T11:48:13.817+0530] {processor.py:161} INFO - Started process (PID=69379) to work on /Library/Frameworks/Python.framework/Versions/3.10/lib/python3.10/site-packages/airflow/example_dags/example_short_circuit_decorator.py
[2026-04-22T11:48:13.818+0530] {processor.py:830} INFO - Processing file /Library/Frameworks/Python.framework/Versions/3.10/lib/python3.10/site-packages/airflow/example_dags/example_short_circuit_decorator.py for tasks to queue
[2026-04-22T11:48:13.818+0530] {logging_mixin.py:188} INFO - [2026-04-22T11:48:13.818+0530] {dagbag.py:545} INFO - Filling up the DagBag from /Library/Frameworks/Python.framework/Versions/3.10/lib/python3.10/site-packages/airflow/example_dags/example_short_circuit_decorator.py
[2026-04-22T11:48:13.831+0530] {processor.py:840} INFO - DAG(s) 'example_short_circuit_decorator' retrieved from /Library/Frameworks/Python.framework/Versions/3.10/lib/python3.10/site-packages/airflow/example_dags/example_short_circuit_decorator.py
[2026-04-22T11:48:13.863+0530] {logging_mixin.py:188} INFO - [2026-04-22T11:48:13.863+0530] {dag.py:3096} INFO - Sync 1 DAGs
[2026-04-22T11:48:13.868+0530] {logging_mixin.py:188} INFO - [2026-04-22T11:48:13.868+0530] {dag.py:3954} INFO - Setting next_dagrun for example_short_circuit_decorator to 2026-04-21 00:00:00+00:00, run_after=2026-04-22 00:00:00+00:00
[2026-04-22T11:48:13.873+0530] {processor.py:183} INFO - Processing /Library/Frameworks/Python.framework/Versions/3.10/lib/python3.10/site-packages/airflow/example_dags/example_short_circuit_decorator.py took 0.058 seconds
[2026-04-22T11:49:02.842+0530] {processor.py:161} INFO - Started process (PID=69462) to work on /Library/Frameworks/Python.framework/Versions/3.10/lib/python3.10/site-packages/airflow/example_dags/example_short_circuit_decorator.py
[2026-04-22T11:49:02.842+0530] {processor.py:830} INFO - Processing file /Library/Frameworks/Python.framework/Versions/3.10/lib/python3.10/site-packages/airflow/example_dags/example_short_circuit_decorator.py for tasks to queue
[2026-04-22T11:49:02.842+0530] {logging_mixin.py:188} INFO - [2026-04-22T11:49:02.842+0530] {dagbag.py:545} INFO - Filling up the DagBag from /Library/Frameworks/Python.framework/Versions/3.10/lib/python3.10/site-packages/airflow/example_dags/example_short_circuit_decorator.py
[2026-04-22T11:49:02.855+0530] {processor.py:840} INFO - DAG(s) 'example_short_circuit_decorator' retrieved from /Library/Frameworks/Python.framework/Versions/3.10/lib/python3.10/site-packages/airflow/example_dags/example_short_circuit_decorator.py
[2026-04-22T11:49:02.891+0530] {logging_mixin.py:188} INFO - [2026-04-22T11:49:02.891+0530] {dag.py:3096} INFO - Sync 1 DAGs
[2026-04-22T11:49:02.896+0530] {logging_mixin.py:188} INFO - [2026-04-22T11:49:02.896+0530] {dag.py:3954} INFO - Setting next_dagrun for example_short_circuit_decorator to 2026-04-21 00:00:00+00:00, run_after=2026-04-22 00:00:00+00:00
[2026-04-22T11:49:02.901+0530] {processor.py:183} INFO - Processing /Library/Frameworks/Python.framework/Versions/3.10/lib/python3.10/site-packages/airflow/example_dags/example_short_circuit_decorator.py took 0.060 seconds
[2026-04-22T11:49:58.098+0530] {processor.py:161} INFO - Started process (PID=69558) to work on /Library/Frameworks/Python.framework/Versions/3.10/lib/python3.10/site-packages/airflow/example_dags/example_short_circuit_decorator.py
[2026-04-22T11:49:58.099+0530] {processor.py:830} INFO - Processing file /Library/Frameworks/Python.framework/Versions/3.10/lib/python3.10/site-packages/airflow/example_dags/example_short_circuit_decorator.py for tasks to queue
[2026-04-22T11:49:58.099+0530] {logging_mixin.py:188} INFO - [2026-04-22T11:49:58.099+0530] {dagbag.py:545} INFO - Filling up the DagBag from /Library/Frameworks/Python.framework/Versions/3.10/lib/python3.10/site-packages/airflow/example_dags/example_short_circuit_decorator.py
[2026-04-22T11:49:58.111+0530] {processor.py:840} INFO - DAG(s) 'example_short_circuit_decorator' retrieved from /Library/Frameworks/Python.framework/Versions/3.10/lib/python3.10/site-packages/airflow/example_dags/example_short_circuit_decorator.py
[2026-04-22T11:49:58.144+0530] {logging_mixin.py:188} INFO - [2026-04-22T11:49:58.143+0530] {dag.py:3096} INFO - Sync 1 DAGs
[2026-04-22T11:49:58.148+0530] {logging_mixin.py:188} INFO - [2026-04-22T11:49:58.148+0530] {dag.py:3954} INFO - Setting next_dagrun for example_short_circuit_decorator to 2026-04-21 00:00:00+00:00, run_after=2026-04-22 00:00:00+00:00
[2026-04-22T11:49:58.153+0530] {processor.py:183} INFO - Processing /Library/Frameworks/Python.framework/Versions/3.10/lib/python3.10/site-packages/airflow/example_dags/example_short_circuit_decorator.py took 0.056 seconds
[2026-04-22T11:50:53.442+0530] {processor.py:161} INFO - Started process (PID=69646) to work on /Library/Frameworks/Python.framework/Versions/3.10/lib/python3.10/site-packages/airflow/example_dags/example_short_circuit_decorator.py
[2026-04-22T11:50:53.443+0530] {processor.py:830} INFO - Processing file /Library/Frameworks/Python.framework/Versions/3.10/lib/python3.10/site-packages/airflow/example_dags/example_short_circuit_decorator.py for tasks to queue
[2026-04-22T11:50:53.443+0530] {logging_mixin.py:188} INFO - [2026-04-22T11:50:53.443+0530] {dagbag.py:545} INFO - Filling up the DagBag from /Library/Frameworks/Python.framework/Versions/3.10/lib/python3.10/site-packages/airflow/example_dags/example_short_circuit_decorator.py
[2026-04-22T11:50:53.455+0530] {processor.py:840} INFO - DAG(s) 'example_short_circuit_decorator' retrieved from /Library/Frameworks/Python.framework/Versions/3.10/lib/python3.10/site-packages/airflow/example_dags/example_short_circuit_decorator.py
[2026-04-22T11:50:53.487+0530] {logging_mixin.py:188} INFO - [2026-04-22T11:50:53.487+0530] {dag.py:3096} INFO - Sync 1 DAGs
[2026-04-22T11:50:53.492+0530] {logging_mixin.py:188} INFO - [2026-04-22T11:50:53.492+0530] {dag.py:3954} INFO - Setting next_dagrun for example_short_circuit_decorator to 2026-04-21 00:00:00+00:00, run_after=2026-04-22 00:00:00+00:00
[2026-04-22T11:50:53.497+0530] {processor.py:183} INFO - Processing /Library/Frameworks/Python.framework/Versions/3.10/lib/python3.10/site-packages/airflow/example_dags/example_short_circuit_decorator.py took 0.055 seconds
[2026-04-22T12:10:20.355+0530] {processor.py:161} INFO - Started process (PID=70934) to work on /Library/Frameworks/Python.framework/Versions/3.10/lib/python3.10/site-packages/airflow/example_dags/example_short_circuit_decorator.py
[2026-04-22T12:10:20.355+0530] {processor.py:830} INFO - Processing file /Library/Frameworks/Python.framework/Versions/3.10/lib/python3.10/site-packages/airflow/example_dags/example_short_circuit_decorator.py for tasks to queue
[2026-04-22T12:10:20.355+0530] {logging_mixin.py:188} INFO - [2026-04-22T12:10:20.355+0530] {dagbag.py:545} INFO - Filling up the DagBag from /Library/Frameworks/Python.framework/Versions/3.10/lib/python3.10/site-packages/airflow/example_dags/example_short_circuit_decorator.py
[2026-04-22T12:10:20.368+0530] {processor.py:840} INFO - DAG(s) 'example_short_circuit_decorator' retrieved from /Library/Frameworks/Python.framework/Versions/3.10/lib/python3.10/site-packages/airflow/example_dags/example_short_circuit_decorator.py
[2026-04-22T12:10:20.400+0530] {logging_mixin.py:188} INFO - [2026-04-22T12:10:20.400+0530] {dag.py:3096} INFO - Sync 1 DAGs
[2026-04-22T12:10:20.404+0530] {logging_mixin.py:188} INFO - [2026-04-22T12:10:20.404+0530] {dag.py:3954} INFO - Setting next_dagrun for example_short_circuit_decorator to 2026-04-21 00:00:00+00:00, run_after=2026-04-22 00:00:00+00:00
[2026-04-22T12:10:20.409+0530] {processor.py:183} INFO - Processing /Library/Frameworks/Python.framework/Versions/3.10/lib/python3.10/site-packages/airflow/example_dags/example_short_circuit_decorator.py took 0.056 seconds
[2026-04-22T12:15:00.461+0530] {processor.py:161} INFO - Started process (PID=71275) to work on /Library/Frameworks/Python.framework/Versions/3.10/lib/python3.10/site-packages/airflow/example_dags/example_short_circuit_decorator.py
[2026-04-22T12:15:00.461+0530] {processor.py:830} INFO - Processing file /Library/Frameworks/Python.framework/Versions/3.10/lib/python3.10/site-packages/airflow/example_dags/example_short_circuit_decorator.py for tasks to queue
[2026-04-22T12:15:00.462+0530] {logging_mixin.py:188} INFO - [2026-04-22T12:15:00.462+0530] {dagbag.py:545} INFO - Filling up the DagBag from /Library/Frameworks/Python.framework/Versions/3.10/lib/python3.10/site-packages/airflow/example_dags/example_short_circuit_decorator.py
[2026-04-22T12:15:00.474+0530] {processor.py:840} INFO - DAG(s) 'example_short_circuit_decorator' retrieved from /Library/Frameworks/Python.framework/Versions/3.10/lib/python3.10/site-packages/airflow/example_dags/example_short_circuit_decorator.py
[2026-04-22T12:15:00.506+0530] {logging_mixin.py:188} INFO - [2026-04-22T12:15:00.506+0530] {dag.py:3096} INFO - Sync 1 DAGs
[2026-04-22T12:15:00.511+0530] {logging_mixin.py:188} INFO - [2026-04-22T12:15:00.511+0530] {dag.py:3954} INFO - Setting next_dagrun for example_short_circuit_decorator to 2026-04-21 00:00:00+00:00, run_after=2026-04-22 00:00:00+00:00
[2026-04-22T12:15:00.516+0530] {processor.py:183} INFO - Processing /Library/Frameworks/Python.framework/Versions/3.10/lib/python3.10/site-packages/airflow/example_dags/example_short_circuit_decorator.py took 0.056 seconds
[2026-04-22T12:19:00.464+0530] {processor.py:161} INFO - Started process (PID=71591) to work on /Library/Frameworks/Python.framework/Versions/3.10/lib/python3.10/site-packages/airflow/example_dags/example_short_circuit_decorator.py
[2026-04-22T12:19:00.465+0530] {processor.py:830} INFO - Processing file /Library/Frameworks/Python.framework/Versions/3.10/lib/python3.10/site-packages/airflow/example_dags/example_short_circuit_decorator.py for tasks to queue
[2026-04-22T12:19:00.465+0530] {logging_mixin.py:188} INFO - [2026-04-22T12:19:00.465+0530] {dagbag.py:545} INFO - Filling up the DagBag from /Library/Frameworks/Python.framework/Versions/3.10/lib/python3.10/site-packages/airflow/example_dags/example_short_circuit_decorator.py
[2026-04-22T12:19:00.478+0530] {processor.py:840} INFO - DAG(s) 'example_short_circuit_decorator' retrieved from /Library/Frameworks/Python.framework/Versions/3.10/lib/python3.10/site-packages/airflow/example_dags/example_short_circuit_decorator.py
[2026-04-22T12:19:00.511+0530] {logging_mixin.py:188} INFO - [2026-04-22T12:19:00.511+0530] {dag.py:3096} INFO - Sync 1 DAGs
[2026-04-22T12:19:00.516+0530] {logging_mixin.py:188} INFO - [2026-04-22T12:19:00.516+0530] {dag.py:3954} INFO - Setting next_dagrun for example_short_circuit_decorator to 2026-04-21 00:00:00+00:00, run_after=2026-04-22 00:00:00+00:00
[2026-04-22T12:19:00.521+0530] {processor.py:183} INFO - Processing /Library/Frameworks/Python.framework/Versions/3.10/lib/python3.10/site-packages/airflow/example_dags/example_short_circuit_decorator.py took 0.058 seconds
[2026-04-22T12:20:42.923+0530] {processor.py:161} INFO - Started process (PID=72220) to work on /Library/Frameworks/Python.framework/Versions/3.10/lib/python3.10/site-packages/airflow/example_dags/example_short_circuit_decorator.py
[2026-04-22T12:20:42.924+0530] {processor.py:830} INFO - Processing file /Library/Frameworks/Python.framework/Versions/3.10/lib/python3.10/site-packages/airflow/example_dags/example_short_circuit_decorator.py for tasks to queue
[2026-04-22T12:20:42.924+0530] {logging_mixin.py:188} INFO - [2026-04-22T12:20:42.924+0530] {dagbag.py:545} INFO - Filling up the DagBag from /Library/Frameworks/Python.framework/Versions/3.10/lib/python3.10/site-packages/airflow/example_dags/example_short_circuit_decorator.py
[2026-04-22T12:20:42.937+0530] {processor.py:840} INFO - DAG(s) 'example_short_circuit_decorator' retrieved from /Library/Frameworks/Python.framework/Versions/3.10/lib/python3.10/site-packages/airflow/example_dags/example_short_circuit_decorator.py
[2026-04-22T12:20:42.971+0530] {logging_mixin.py:188} INFO - [2026-04-22T12:20:42.971+0530] {dag.py:3096} INFO - Sync 1 DAGs
[2026-04-22T12:20:42.976+0530] {logging_mixin.py:188} INFO - [2026-04-22T12:20:42.976+0530] {dag.py:3954} INFO - Setting next_dagrun for example_short_circuit_decorator to 2026-04-21 00:00:00+00:00, run_after=2026-04-22 00:00:00+00:00
[2026-04-22T12:20:42.981+0530] {processor.py:183} INFO - Processing /Library/Frameworks/Python.framework/Versions/3.10/lib/python3.10/site-packages/airflow/example_dags/example_short_circuit_decorator.py took 0.059 seconds
[2026-04-22T12:22:30.680+0530] {processor.py:161} INFO - Started process (PID=72458) to work on /Library/Frameworks/Python.framework/Versions/3.10/lib/python3.10/site-packages/airflow/example_dags/example_short_circuit_decorator.py
[2026-04-22T12:22:30.681+0530] {processor.py:830} INFO - Processing file /Library/Frameworks/Python.framework/Versions/3.10/lib/python3.10/site-packages/airflow/example_dags/example_short_circuit_decorator.py for tasks to queue
[2026-04-22T12:22:30.681+0530] {logging_mixin.py:188} INFO - [2026-04-22T12:22:30.681+0530] {dagbag.py:545} INFO - Filling up the DagBag from /Library/Frameworks/Python.framework/Versions/3.10/lib/python3.10/site-packages/airflow/example_dags/example_short_circuit_decorator.py
[2026-04-22T12:22:30.693+0530] {processor.py:840} INFO - DAG(s) 'example_short_circuit_decorator' retrieved from /Library/Frameworks/Python.framework/Versions/3.10/lib/python3.10/site-packages/airflow/example_dags/example_short_circuit_decorator.py
[2026-04-22T12:22:30.726+0530] {logging_mixin.py:188} INFO - [2026-04-22T12:22:30.726+0530] {dag.py:3096} INFO - Sync 1 DAGs
[2026-04-22T12:22:30.731+0530] {logging_mixin.py:188} INFO - [2026-04-22T12:22:30.731+0530] {dag.py:3954} INFO - Setting next_dagrun for example_short_circuit_decorator to 2026-04-21 00:00:00+00:00, run_after=2026-04-22 00:00:00+00:00
[2026-04-22T12:22:30.736+0530] {processor.py:183} INFO - Processing /Library/Frameworks/Python.framework/Versions/3.10/lib/python3.10/site-packages/airflow/example_dags/example_short_circuit_decorator.py took 0.057 seconds
[2026-04-22T12:24:11.598+0530] {processor.py:161} INFO - Started process (PID=72586) to work on /Library/Frameworks/Python.framework/Versions/3.10/lib/python3.10/site-packages/airflow/example_dags/example_short_circuit_decorator.py
[2026-04-22T12:24:11.599+0530] {processor.py:830} INFO - Processing file /Library/Frameworks/Python.framework/Versions/3.10/lib/python3.10/site-packages/airflow/example_dags/example_short_circuit_decorator.py for tasks to queue
[2026-04-22T12:24:11.599+0530] {logging_mixin.py:188} INFO - [2026-04-22T12:24:11.599+0530] {dagbag.py:545} INFO - Filling up the DagBag from /Library/Frameworks/Python.framework/Versions/3.10/lib/python3.10/site-packages/airflow/example_dags/example_short_circuit_decorator.py
[2026-04-22T12:24:11.611+0530] {processor.py:840} INFO - DAG(s) 'example_short_circuit_decorator' retrieved from /Library/Frameworks/Python.framework/Versions/3.10/lib/python3.10/site-packages/airflow/example_dags/example_short_circuit_decorator.py
[2026-04-22T12:24:11.643+0530] {logging_mixin.py:188} INFO - [2026-04-22T12:24:11.642+0530] {dag.py:3096} INFO - Sync 1 DAGs
[2026-04-22T12:24:11.647+0530] {logging_mixin.py:188} INFO - [2026-04-22T12:24:11.647+0530] {dag.py:3954} INFO - Setting next_dagrun for example_short_circuit_decorator to 2026-04-21 00:00:00+00:00, run_after=2026-04-22 00:00:00+00:00
[2026-04-22T12:24:11.652+0530] {processor.py:183} INFO - Processing /Library/Frameworks/Python.framework/Versions/3.10/lib/python3.10/site-packages/airflow/example_dags/example_short_circuit_decorator.py took 0.055 seconds
[2026-04-22T12:25:57.696+0530] {processor.py:161} INFO - Started process (PID=72863) to work on /Library/Frameworks/Python.framework/Versions/3.10/lib/python3.10/site-packages/airflow/example_dags/example_short_circuit_decorator.py
[2026-04-22T12:25:57.697+0530] {processor.py:830} INFO - Processing file /Library/Frameworks/Python.framework/Versions/3.10/lib/python3.10/site-packages/airflow/example_dags/example_short_circuit_decorator.py for tasks to queue
[2026-04-22T12:25:57.697+0530] {logging_mixin.py:188} INFO - [2026-04-22T12:25:57.697+0530] {dagbag.py:545} INFO - Filling up the DagBag from /Library/Frameworks/Python.framework/Versions/3.10/lib/python3.10/site-packages/airflow/example_dags/example_short_circuit_decorator.py
[2026-04-22T12:25:57.710+0530] {processor.py:840} INFO - DAG(s) 'example_short_circuit_decorator' retrieved from /Library/Frameworks/Python.framework/Versions/3.10/lib/python3.10/site-packages/airflow/example_dags/example_short_circuit_decorator.py
[2026-04-22T12:25:57.743+0530] {logging_mixin.py:188} INFO - [2026-04-22T12:25:57.743+0530] {dag.py:3096} INFO - Sync 1 DAGs
[2026-04-22T12:25:57.748+0530] {logging_mixin.py:188} INFO - [2026-04-22T12:25:57.748+0530] {dag.py:3954} INFO - Setting next_dagrun for example_short_circuit_decorator to 2026-04-21 00:00:00+00:00, run_after=2026-04-22 00:00:00+00:00
[2026-04-22T12:25:57.753+0530] {processor.py:183} INFO - Processing /Library/Frameworks/Python.framework/Versions/3.10/lib/python3.10/site-packages/airflow/example_dags/example_short_circuit_decorator.py took 0.058 seconds
[2026-04-22T12:27:42.960+0530] {processor.py:161} INFO - Started process (PID=73031) to work on /Library/Frameworks/Python.framework/Versions/3.10/lib/python3.10/site-packages/airflow/example_dags/example_short_circuit_decorator.py
[2026-04-22T12:27:42.961+0530] {processor.py:830} INFO - Processing file /Library/Frameworks/Python.framework/Versions/3.10/lib/python3.10/site-packages/airflow/example_dags/example_short_circuit_decorator.py for tasks to queue
[2026-04-22T12:27:42.961+0530] {logging_mixin.py:188} INFO - [2026-04-22T12:27:42.961+0530] {dagbag.py:545} INFO - Filling up the DagBag from /Library/Frameworks/Python.framework/Versions/3.10/lib/python3.10/site-packages/airflow/example_dags/example_short_circuit_decorator.py
[2026-04-22T12:27:42.974+0530] {processor.py:840} INFO - DAG(s) 'example_short_circuit_decorator' retrieved from /Library/Frameworks/Python.framework/Versions/3.10/lib/python3.10/site-packages/airflow/example_dags/example_short_circuit_decorator.py
[2026-04-22T12:27:43.012+0530] {logging_mixin.py:188} INFO - [2026-04-22T12:27:43.012+0530] {dag.py:3096} INFO - Sync 1 DAGs
[2026-04-22T12:27:43.017+0530] {logging_mixin.py:188} INFO - [2026-04-22T12:27:43.017+0530] {dag.py:3954} INFO - Setting next_dagrun for example_short_circuit_decorator to 2026-04-21 00:00:00+00:00, run_after=2026-04-22 00:00:00+00:00
[2026-04-22T12:27:43.024+0530] {processor.py:183} INFO - Processing /Library/Frameworks/Python.framework/Versions/3.10/lib/python3.10/site-packages/airflow/example_dags/example_short_circuit_decorator.py took 0.065 seconds
[2026-04-22T12:29:37.824+0530] {processor.py:161} INFO - Started process (PID=73256) to work on /Library/Frameworks/Python.framework/Versions/3.10/lib/python3.10/site-packages/airflow/example_dags/example_short_circuit_decorator.py
[2026-04-22T12:29:37.825+0530] {processor.py:830} INFO - Processing file /Library/Frameworks/Python.framework/Versions/3.10/lib/python3.10/site-packages/airflow/example_dags/example_short_circuit_decorator.py for tasks to queue
[2026-04-22T12:29:37.825+0530] {logging_mixin.py:188} INFO - [2026-04-22T12:29:37.825+0530] {dagbag.py:545} INFO - Filling up the DagBag from /Library/Frameworks/Python.framework/Versions/3.10/lib/python3.10/site-packages/airflow/example_dags/example_short_circuit_decorator.py
[2026-04-22T12:29:37.838+0530] {processor.py:840} INFO - DAG(s) 'example_short_circuit_decorator' retrieved from /Library/Frameworks/Python.framework/Versions/3.10/lib/python3.10/site-packages/airflow/example_dags/example_short_circuit_decorator.py
[2026-04-22T12:29:37.873+0530] {logging_mixin.py:188} INFO - [2026-04-22T12:29:37.872+0530] {dag.py:3096} INFO - Sync 1 DAGs
[2026-04-22T12:29:37.877+0530] {logging_mixin.py:188} INFO - [2026-04-22T12:29:37.877+0530] {dag.py:3954} INFO - Setting next_dagrun for example_short_circuit_decorator to 2026-04-21 00:00:00+00:00, run_after=2026-04-22 00:00:00+00:00
[2026-04-22T12:29:37.884+0530] {processor.py:183} INFO - Processing /Library/Frameworks/Python.framework/Versions/3.10/lib/python3.10/site-packages/airflow/example_dags/example_short_circuit_decorator.py took 0.061 seconds
[2026-04-22T12:31:26.577+0530] {processor.py:161} INFO - Started process (PID=73503) to work on /Library/Frameworks/Python.framework/Versions/3.10/lib/python3.10/site-packages/airflow/example_dags/example_short_circuit_decorator.py
[2026-04-22T12:31:26.579+0530] {processor.py:830} INFO - Processing file /Library/Frameworks/Python.framework/Versions/3.10/lib/python3.10/site-packages/airflow/example_dags/example_short_circuit_decorator.py for tasks to queue
[2026-04-22T12:31:26.579+0530] {logging_mixin.py:188} INFO - [2026-04-22T12:31:26.579+0530] {dagbag.py:545} INFO - Filling up the DagBag from /Library/Frameworks/Python.framework/Versions/3.10/lib/python3.10/site-packages/airflow/example_dags/example_short_circuit_decorator.py
[2026-04-22T12:31:26.591+0530] {processor.py:840} INFO - DAG(s) 'example_short_circuit_decorator' retrieved from /Library/Frameworks/Python.framework/Versions/3.10/lib/python3.10/site-packages/airflow/example_dags/example_short_circuit_decorator.py
[2026-04-22T12:31:26.623+0530] {logging_mixin.py:188} INFO - [2026-04-22T12:31:26.623+0530] {dag.py:3096} INFO - Sync 1 DAGs
[2026-04-22T12:31:26.628+0530] {logging_mixin.py:188} INFO - [2026-04-22T12:31:26.628+0530] {dag.py:3954} INFO - Setting next_dagrun for example_short_circuit_decorator to 2026-04-21 00:00:00+00:00, run_after=2026-04-22 00:00:00+00:00
[2026-04-22T12:31:26.633+0530] {processor.py:183} INFO - Processing /Library/Frameworks/Python.framework/Versions/3.10/lib/python3.10/site-packages/airflow/example_dags/example_short_circuit_decorator.py took 0.056 seconds
[2026-04-22T12:33:11.227+0530] {processor.py:161} INFO - Started process (PID=73699) to work on /Library/Frameworks/Python.framework/Versions/3.10/lib/python3.10/site-packages/airflow/example_dags/example_short_circuit_decorator.py
[2026-04-22T12:33:11.228+0530] {processor.py:830} INFO - Processing file /Library/Frameworks/Python.framework/Versions/3.10/lib/python3.10/site-packages/airflow/example_dags/example_short_circuit_decorator.py for tasks to queue
[2026-04-22T12:33:11.228+0530] {logging_mixin.py:188} INFO - [2026-04-22T12:33:11.228+0530] {dagbag.py:545} INFO - Filling up the DagBag from /Library/Frameworks/Python.framework/Versions/3.10/lib/python3.10/site-packages/airflow/example_dags/example_short_circuit_decorator.py
[2026-04-22T12:33:11.240+0530] {processor.py:840} INFO - DAG(s) 'example_short_circuit_decorator' retrieved from /Library/Frameworks/Python.framework/Versions/3.10/lib/python3.10/site-packages/airflow/example_dags/example_short_circuit_decorator.py
[2026-04-22T12:33:11.273+0530] {logging_mixin.py:188} INFO - [2026-04-22T12:33:11.273+0530] {dag.py:3096} INFO - Sync 1 DAGs
[2026-04-22T12:33:11.277+0530] {logging_mixin.py:188} INFO - [2026-04-22T12:33:11.277+0530] {dag.py:3954} INFO - Setting next_dagrun for example_short_circuit_decorator to 2026-04-21 00:00:00+00:00, run_after=2026-04-22 00:00:00+00:00
[2026-04-22T12:33:11.282+0530] {processor.py:183} INFO - Processing /Library/Frameworks/Python.framework/Versions/3.10/lib/python3.10/site-packages/airflow/example_dags/example_short_circuit_decorator.py took 0.056 seconds
[2026-04-22T12:34:56.829+0530] {processor.py:161} INFO - Started process (PID=73833) to work on /Library/Frameworks/Python.framework/Versions/3.10/lib/python3.10/site-packages/airflow/example_dags/example_short_circuit_decorator.py
[2026-04-22T12:34:56.830+0530] {processor.py:830} INFO - Processing file /Library/Frameworks/Python.framework/Versions/3.10/lib/python3.10/site-packages/airflow/example_dags/example_short_circuit_decorator.py for tasks to queue
[2026-04-22T12:34:56.831+0530] {logging_mixin.py:188} INFO - [2026-04-22T12:34:56.831+0530] {dagbag.py:545} INFO - Filling up the DagBag from /Library/Frameworks/Python.framework/Versions/3.10/lib/python3.10/site-packages/airflow/example_dags/example_short_circuit_decorator.py
[2026-04-22T12:34:56.845+0530] {processor.py:840} INFO - DAG(s) 'example_short_circuit_decorator' retrieved from /Library/Frameworks/Python.framework/Versions/3.10/lib/python3.10/site-packages/airflow/example_dags/example_short_circuit_decorator.py
[2026-04-22T12:34:56.880+0530] {logging_mixin.py:188} INFO - [2026-04-22T12:34:56.880+0530] {dag.py:3096} INFO - Sync 1 DAGs
[2026-04-22T12:34:56.885+0530] {logging_mixin.py:188} INFO - [2026-04-22T12:34:56.885+0530] {dag.py:3954} INFO - Setting next_dagrun for example_short_circuit_decorator to 2026-04-21 00:00:00+00:00, run_after=2026-04-22 00:00:00+00:00
[2026-04-22T12:34:56.890+0530] {processor.py:183} INFO - Processing /Library/Frameworks/Python.framework/Versions/3.10/lib/python3.10/site-packages/airflow/example_dags/example_short_circuit_decorator.py took 0.062 seconds
[2026-04-22T12:36:37.881+0530] {processor.py:161} INFO - Started process (PID=73967) to work on /Library/Frameworks/Python.framework/Versions/3.10/lib/python3.10/site-packages/airflow/example_dags/example_short_circuit_decorator.py
[2026-04-22T12:36:37.882+0530] {processor.py:830} INFO - Processing file /Library/Frameworks/Python.framework/Versions/3.10/lib/python3.10/site-packages/airflow/example_dags/example_short_circuit_decorator.py for tasks to queue
[2026-04-22T12:36:37.882+0530] {logging_mixin.py:188} INFO - [2026-04-22T12:36:37.882+0530] {dagbag.py:545} INFO - Filling up the DagBag from /Library/Frameworks/Python.framework/Versions/3.10/lib/python3.10/site-packages/airflow/example_dags/example_short_circuit_decorator.py
[2026-04-22T12:36:37.895+0530] {processor.py:840} INFO - DAG(s) 'example_short_circuit_decorator' retrieved from /Library/Frameworks/Python.framework/Versions/3.10/lib/python3.10/site-packages/airflow/example_dags/example_short_circuit_decorator.py
[2026-04-22T12:36:37.928+0530] {logging_mixin.py:188} INFO - [2026-04-22T12:36:37.928+0530] {dag.py:3096} INFO - Sync 1 DAGs
[2026-04-22T12:36:37.933+0530] {logging_mixin.py:188} INFO - [2026-04-22T12:36:37.932+0530] {dag.py:3954} INFO - Setting next_dagrun for example_short_circuit_decorator to 2026-04-21 00:00:00+00:00, run_after=2026-04-22 00:00:00+00:00
[2026-04-22T12:36:37.938+0530] {processor.py:183} INFO - Processing /Library/Frameworks/Python.framework/Versions/3.10/lib/python3.10/site-packages/airflow/example_dags/example_short_circuit_decorator.py took 0.057 seconds
[2026-04-22T12:38:30.929+0530] {processor.py:161} INFO - Started process (PID=74089) to work on /Library/Frameworks/Python.framework/Versions/3.10/lib/python3.10/site-packages/airflow/example_dags/example_short_circuit_decorator.py
[2026-04-22T12:38:30.930+0530] {processor.py:830} INFO - Processing file /Library/Frameworks/Python.framework/Versions/3.10/lib/python3.10/site-packages/airflow/example_dags/example_short_circuit_decorator.py for tasks to queue
[2026-04-22T12:38:30.930+0530] {logging_mixin.py:188} INFO - [2026-04-22T12:38:30.930+0530] {dagbag.py:545} INFO - Filling up the DagBag from /Library/Frameworks/Python.framework/Versions/3.10/lib/python3.10/site-packages/airflow/example_dags/example_short_circuit_decorator.py
[2026-04-22T12:38:30.943+0530] {processor.py:840} INFO - DAG(s) 'example_short_circuit_decorator' retrieved from /Library/Frameworks/Python.framework/Versions/3.10/lib/python3.10/site-packages/airflow/example_dags/example_short_circuit_decorator.py
[2026-04-22T12:38:30.976+0530] {logging_mixin.py:188} INFO - [2026-04-22T12:38:30.975+0530] {dag.py:3096} INFO - Sync 1 DAGs
[2026-04-22T12:38:30.980+0530] {logging_mixin.py:188} INFO - [2026-04-22T12:38:30.980+0530] {dag.py:3954} INFO - Setting next_dagrun for example_short_circuit_decorator to 2026-04-21 00:00:00+00:00, run_after=2026-04-22 00:00:00+00:00
[2026-04-22T12:38:30.985+0530] {processor.py:183} INFO - Processing /Library/Frameworks/Python.framework/Versions/3.10/lib/python3.10/site-packages/airflow/example_dags/example_short_circuit_decorator.py took 0.057 seconds
[2026-04-22T12:40:31.038+0530] {processor.py:161} INFO - Started process (PID=74228) to work on /Library/Frameworks/Python.framework/Versions/3.10/lib/python3.10/site-packages/airflow/example_dags/example_short_circuit_decorator.py
[2026-04-22T12:40:31.039+0530] {processor.py:830} INFO - Processing file /Library/Frameworks/Python.framework/Versions/3.10/lib/python3.10/site-packages/airflow/example_dags/example_short_circuit_decorator.py for tasks to queue
[2026-04-22T12:40:31.039+0530] {logging_mixin.py:188} INFO - [2026-04-22T12:40:31.039+0530] {dagbag.py:545} INFO - Filling up the DagBag from /Library/Frameworks/Python.framework/Versions/3.10/lib/python3.10/site-packages/airflow/example_dags/example_short_circuit_decorator.py
[2026-04-22T12:40:31.052+0530] {processor.py:840} INFO - DAG(s) 'example_short_circuit_decorator' retrieved from /Library/Frameworks/Python.framework/Versions/3.10/lib/python3.10/site-packages/airflow/example_dags/example_short_circuit_decorator.py
[2026-04-22T12:40:31.088+0530] {logging_mixin.py:188} INFO - [2026-04-22T12:40:31.088+0530] {dag.py:3096} INFO - Sync 1 DAGs
[2026-04-22T12:40:31.093+0530] {logging_mixin.py:188} INFO - [2026-04-22T12:40:31.093+0530] {dag.py:3954} INFO - Setting next_dagrun for example_short_circuit_decorator to 2026-04-21 00:00:00+00:00, run_after=2026-04-22 00:00:00+00:00
[2026-04-22T12:40:31.098+0530] {processor.py:183} INFO - Processing /Library/Frameworks/Python.framework/Versions/3.10/lib/python3.10/site-packages/airflow/example_dags/example_short_circuit_decorator.py took 0.061 seconds
[2026-04-22T12:42:27.479+0530] {processor.py:161} INFO - Started process (PID=74372) to work on /Library/Frameworks/Python.framework/Versions/3.10/lib/python3.10/site-packages/airflow/example_dags/example_short_circuit_decorator.py
[2026-04-22T12:42:27.480+0530] {processor.py:830} INFO - Processing file /Library/Frameworks/Python.framework/Versions/3.10/lib/python3.10/site-packages/airflow/example_dags/example_short_circuit_decorator.py for tasks to queue
[2026-04-22T12:42:27.480+0530] {logging_mixin.py:188} INFO - [2026-04-22T12:42:27.480+0530] {dagbag.py:545} INFO - Filling up the DagBag from /Library/Frameworks/Python.framework/Versions/3.10/lib/python3.10/site-packages/airflow/example_dags/example_short_circuit_decorator.py
[2026-04-22T12:42:27.493+0530] {processor.py:840} INFO - DAG(s) 'example_short_circuit_decorator' retrieved from /Library/Frameworks/Python.framework/Versions/3.10/lib/python3.10/site-packages/airflow/example_dags/example_short_circuit_decorator.py
[2026-04-22T12:42:27.526+0530] {logging_mixin.py:188} INFO - [2026-04-22T12:42:27.526+0530] {dag.py:3096} INFO - Sync 1 DAGs
[2026-04-22T12:42:27.531+0530] {logging_mixin.py:188} INFO - [2026-04-22T12:42:27.531+0530] {dag.py:3954} INFO - Setting next_dagrun for example_short_circuit_decorator to 2026-04-21 00:00:00+00:00, run_after=2026-04-22 00:00:00+00:00
[2026-04-22T12:42:27.536+0530] {processor.py:183} INFO - Processing /Library/Frameworks/Python.framework/Versions/3.10/lib/python3.10/site-packages/airflow/example_dags/example_short_circuit_decorator.py took 0.057 seconds
