[2026-04-22T07:22:15.864+0530] {processor.py:161} INFO - Started process (PID=68753) to work on /Library/Frameworks/Python.framework/Versions/3.10/lib/python3.10/site-packages/airflow/example_dags/example_latest_only_with_trigger.py
[2026-04-22T07:22:15.865+0530] {processor.py:830} INFO - Processing file /Library/Frameworks/Python.framework/Versions/3.10/lib/python3.10/site-packages/airflow/example_dags/example_latest_only_with_trigger.py for tasks to queue
[2026-04-22T07:22:15.865+0530] {logging_mixin.py:188} INFO - [2026-04-22T07:22:15.865+0530] {dagbag.py:545} INFO - Filling up the DagBag from /Library/Frameworks/Python.framework/Versions/3.10/lib/python3.10/site-packages/airflow/example_dags/example_latest_only_with_trigger.py
[2026-04-22T07:22:15.867+0530] {processor.py:840} INFO - DAG(s) 'latest_only_with_trigger' retrieved from /Library/Frameworks/Python.framework/Versions/3.10/lib/python3.10/site-packages/airflow/example_dags/example_latest_only_with_trigger.py
[2026-04-22T07:22:15.899+0530] {logging_mixin.py:188} INFO - [2026-04-22T07:22:15.899+0530] {dag.py:3096} INFO - Sync 1 DAGs
[2026-04-22T07:22:15.903+0530] {logging_mixin.py:188} INFO - [2026-04-22T07:22:15.903+0530] {dag.py:3954} INFO - Setting next_dagrun for latest_only_with_trigger to 2026-04-21 20:00:00+00:00, run_after=2026-04-22 00:00:00+00:00
[2026-04-22T07:22:15.908+0530] {processor.py:183} INFO - Processing /Library/Frameworks/Python.framework/Versions/3.10/lib/python3.10/site-packages/airflow/example_dags/example_latest_only_with_trigger.py took 0.044 seconds
[2026-04-22T11:47:36.367+0530] {processor.py:161} INFO - Started process (PID=69319) to work on /Library/Frameworks/Python.framework/Versions/3.10/lib/python3.10/site-packages/airflow/example_dags/example_latest_only_with_trigger.py
[2026-04-22T11:47:36.368+0530] {processor.py:830} INFO - Processing file /Library/Frameworks/Python.framework/Versions/3.10/lib/python3.10/site-packages/airflow/example_dags/example_latest_only_with_trigger.py for tasks to queue
[2026-04-22T11:47:36.368+0530] {logging_mixin.py:188} INFO - [2026-04-22T11:47:36.368+0530] {dagbag.py:545} INFO - Filling up the DagBag from /Library/Frameworks/Python.framework/Versions/3.10/lib/python3.10/site-packages/airflow/example_dags/example_latest_only_with_trigger.py
[2026-04-22T11:47:36.371+0530] {processor.py:840} INFO - DAG(s) 'latest_only_with_trigger' retrieved from /Library/Frameworks/Python.framework/Versions/3.10/lib/python3.10/site-packages/airflow/example_dags/example_latest_only_with_trigger.py
[2026-04-22T11:47:36.403+0530] {logging_mixin.py:188} INFO - [2026-04-22T11:47:36.403+0530] {dag.py:3096} INFO - Sync 1 DAGs
[2026-04-22T11:47:36.408+0530] {logging_mixin.py:188} INFO - [2026-04-22T11:47:36.408+0530] {dag.py:3954} INFO - Setting next_dagrun for latest_only_with_trigger to 2026-04-22 00:00:00+00:00, run_after=2026-04-22 04:00:00+00:00
[2026-04-22T11:47:36.413+0530] {processor.py:183} INFO - Processing /Library/Frameworks/Python.framework/Versions/3.10/lib/python3.10/site-packages/airflow/example_dags/example_latest_only_with_trigger.py took 0.046 seconds
[2026-04-22T11:48:25.190+0530] {processor.py:161} INFO - Started process (PID=69404) to work on /Library/Frameworks/Python.framework/Versions/3.10/lib/python3.10/site-packages/airflow/example_dags/example_latest_only_with_trigger.py
[2026-04-22T11:48:25.191+0530] {processor.py:830} INFO - Processing file /Library/Frameworks/Python.framework/Versions/3.10/lib/python3.10/site-packages/airflow/example_dags/example_latest_only_with_trigger.py for tasks to queue
[2026-04-22T11:48:25.191+0530] {logging_mixin.py:188} INFO - [2026-04-22T11:48:25.191+0530] {dagbag.py:545} INFO - Filling up the DagBag from /Library/Frameworks/Python.framework/Versions/3.10/lib/python3.10/site-packages/airflow/example_dags/example_latest_only_with_trigger.py
[2026-04-22T11:48:25.194+0530] {processor.py:840} INFO - DAG(s) 'latest_only_with_trigger' retrieved from /Library/Frameworks/Python.framework/Versions/3.10/lib/python3.10/site-packages/airflow/example_dags/example_latest_only_with_trigger.py
[2026-04-22T11:48:25.227+0530] {logging_mixin.py:188} INFO - [2026-04-22T11:48:25.227+0530] {dag.py:3096} INFO - Sync 1 DAGs
[2026-04-22T11:48:25.232+0530] {logging_mixin.py:188} INFO - [2026-04-22T11:48:25.232+0530] {dag.py:3954} INFO - Setting next_dagrun for latest_only_with_trigger to 2026-04-22 00:00:00+00:00, run_after=2026-04-22 04:00:00+00:00
[2026-04-22T11:48:25.237+0530] {processor.py:183} INFO - Processing /Library/Frameworks/Python.framework/Versions/3.10/lib/python3.10/site-packages/airflow/example_dags/example_latest_only_with_trigger.py took 0.048 seconds
[2026-04-22T11:49:20.947+0530] {processor.py:161} INFO - Started process (PID=69490) to work on /Library/Frameworks/Python.framework/Versions/3.10/lib/python3.10/site-packages/airflow/example_dags/example_latest_only_with_trigger.py
[2026-04-22T11:49:20.948+0530] {processor.py:830} INFO - Processing file /Library/Frameworks/Python.framework/Versions/3.10/lib/python3.10/site-packages/airflow/example_dags/example_latest_only_with_trigger.py for tasks to queue
[2026-04-22T11:49:20.948+0530] {logging_mixin.py:188} INFO - [2026-04-22T11:49:20.948+0530] {dagbag.py:545} INFO - Filling up the DagBag from /Library/Frameworks/Python.framework/Versions/3.10/lib/python3.10/site-packages/airflow/example_dags/example_latest_only_with_trigger.py
[2026-04-22T11:49:20.954+0530] {processor.py:840} INFO - DAG(s) 'latest_only_with_trigger' retrieved from /Library/Frameworks/Python.framework/Versions/3.10/lib/python3.10/site-packages/airflow/example_dags/example_latest_only_with_trigger.py
[2026-04-22T11:49:20.991+0530] {logging_mixin.py:188} INFO - [2026-04-22T11:49:20.991+0530] {dag.py:3096} INFO - Sync 1 DAGs
[2026-04-22T11:49:20.997+0530] {logging_mixin.py:188} INFO - [2026-04-22T11:49:20.997+0530] {dag.py:3954} INFO - Setting next_dagrun for latest_only_with_trigger to 2026-04-22 00:00:00+00:00, run_after=2026-04-22 04:00:00+00:00
[2026-04-22T11:49:21.003+0530] {processor.py:183} INFO - Processing /Library/Frameworks/Python.framework/Versions/3.10/lib/python3.10/site-packages/airflow/example_dags/example_latest_only_with_trigger.py took 0.057 seconds
[2026-04-22T11:50:16.441+0530] {processor.py:161} INFO - Started process (PID=69586) to work on /Library/Frameworks/Python.framework/Versions/3.10/lib/python3.10/site-packages/airflow/example_dags/example_latest_only_with_trigger.py
[2026-04-22T11:50:16.441+0530] {processor.py:830} INFO - Processing file /Library/Frameworks/Python.framework/Versions/3.10/lib/python3.10/site-packages/airflow/example_dags/example_latest_only_with_trigger.py for tasks to queue
[2026-04-22T11:50:16.441+0530] {logging_mixin.py:188} INFO - [2026-04-22T11:50:16.441+0530] {dagbag.py:545} INFO - Filling up the DagBag from /Library/Frameworks/Python.framework/Versions/3.10/lib/python3.10/site-packages/airflow/example_dags/example_latest_only_with_trigger.py
[2026-04-22T11:50:16.444+0530] {processor.py:840} INFO - DAG(s) 'latest_only_with_trigger' retrieved from /Library/Frameworks/Python.framework/Versions/3.10/lib/python3.10/site-packages/airflow/example_dags/example_latest_only_with_trigger.py
[2026-04-22T11:50:16.478+0530] {logging_mixin.py:188} INFO - [2026-04-22T11:50:16.478+0530] {dag.py:3096} INFO - Sync 1 DAGs
[2026-04-22T11:50:16.483+0530] {logging_mixin.py:188} INFO - [2026-04-22T11:50:16.483+0530] {dag.py:3954} INFO - Setting next_dagrun for latest_only_with_trigger to 2026-04-22 00:00:00+00:00, run_after=2026-04-22 04:00:00+00:00
[2026-04-22T11:50:16.488+0530] {processor.py:183} INFO - Processing /Library/Frameworks/Python.framework/Versions/3.10/lib/python3.10/site-packages/airflow/example_dags/example_latest_only_with_trigger.py took 0.048 seconds
[2026-04-22T12:11:28.780+0530] {processor.py:161} INFO - Started process (PID=71014) to work on /Library/Frameworks/Python.framework/Versions/3.10/lib/python3.10/site-packages/airflow/example_dags/example_latest_only_with_trigger.py
[2026-04-22T12:11:28.781+0530] {processor.py:830} INFO - Processing file /Library/Frameworks/Python.framework/Versions/3.10/lib/python3.10/site-packages/airflow/example_dags/example_latest_only_with_trigger.py for tasks to queue
[2026-04-22T12:11:28.781+0530] {logging_mixin.py:188} INFO - [2026-04-22T12:11:28.781+0530] {dagbag.py:545} INFO - Filling up the DagBag from /Library/Frameworks/Python.framework/Versions/3.10/lib/python3.10/site-packages/airflow/example_dags/example_latest_only_with_trigger.py
[2026-04-22T12:11:28.784+0530] {processor.py:840} INFO - DAG(s) 'latest_only_with_trigger' retrieved from /Library/Frameworks/Python.framework/Versions/3.10/lib/python3.10/site-packages/airflow/example_dags/example_latest_only_with_trigger.py
[2026-04-22T12:11:28.818+0530] {logging_mixin.py:188} INFO - [2026-04-22T12:11:28.818+0530] {dag.py:3096} INFO - Sync 1 DAGs
[2026-04-22T12:11:28.823+0530] {logging_mixin.py:188} INFO - [2026-04-22T12:11:28.823+0530] {dag.py:3954} INFO - Setting next_dagrun for latest_only_with_trigger to 2026-04-22 00:00:00+00:00, run_after=2026-04-22 04:00:00+00:00
[2026-04-22T12:11:28.828+0530] {processor.py:183} INFO - Processing /Library/Frameworks/Python.framework/Versions/3.10/lib/python3.10/site-packages/airflow/example_dags/example_latest_only_with_trigger.py took 0.049 seconds
[2026-04-22T12:16:06.330+0530] {processor.py:161} INFO - Started process (PID=71349) to work on /Library/Frameworks/Python.framework/Versions/3.10/lib/python3.10/site-packages/airflow/example_dags/example_latest_only_with_trigger.py
[2026-04-22T12:16:06.331+0530] {processor.py:830} INFO - Processing file /Library/Frameworks/Python.framework/Versions/3.10/lib/python3.10/site-packages/airflow/example_dags/example_latest_only_with_trigger.py for tasks to queue
[2026-04-22T12:16:06.331+0530] {logging_mixin.py:188} INFO - [2026-04-22T12:16:06.331+0530] {dagbag.py:545} INFO - Filling up the DagBag from /Library/Frameworks/Python.framework/Versions/3.10/lib/python3.10/site-packages/airflow/example_dags/example_latest_only_with_trigger.py
[2026-04-22T12:16:06.334+0530] {processor.py:840} INFO - DAG(s) 'latest_only_with_trigger' retrieved from /Library/Frameworks/Python.framework/Versions/3.10/lib/python3.10/site-packages/airflow/example_dags/example_latest_only_with_trigger.py
[2026-04-22T12:16:06.365+0530] {logging_mixin.py:188} INFO - [2026-04-22T12:16:06.365+0530] {dag.py:3096} INFO - Sync 1 DAGs
[2026-04-22T12:16:06.370+0530] {logging_mixin.py:188} INFO - [2026-04-22T12:16:06.370+0530] {dag.py:3954} INFO - Setting next_dagrun for latest_only_with_trigger to 2026-04-22 00:00:00+00:00, run_after=2026-04-22 04:00:00+00:00
[2026-04-22T12:16:06.375+0530] {processor.py:183} INFO - Processing /Library/Frameworks/Python.framework/Versions/3.10/lib/python3.10/site-packages/airflow/example_dags/example_latest_only_with_trigger.py took 0.045 seconds
[2026-04-22T12:19:19.337+0530] {processor.py:161} INFO - Started process (PID=71611) to work on /Library/Frameworks/Python.framework/Versions/3.10/lib/python3.10/site-packages/airflow/example_dags/example_latest_only_with_trigger.py
[2026-04-22T12:19:19.337+0530] {processor.py:830} INFO - Processing file /Library/Frameworks/Python.framework/Versions/3.10/lib/python3.10/site-packages/airflow/example_dags/example_latest_only_with_trigger.py for tasks to queue
[2026-04-22T12:19:19.337+0530] {logging_mixin.py:188} INFO - [2026-04-22T12:19:19.337+0530] {dagbag.py:545} INFO - Filling up the DagBag from /Library/Frameworks/Python.framework/Versions/3.10/lib/python3.10/site-packages/airflow/example_dags/example_latest_only_with_trigger.py
[2026-04-22T12:19:19.341+0530] {processor.py:840} INFO - DAG(s) 'latest_only_with_trigger' retrieved from /Library/Frameworks/Python.framework/Versions/3.10/lib/python3.10/site-packages/airflow/example_dags/example_latest_only_with_trigger.py
[2026-04-22T12:19:19.375+0530] {logging_mixin.py:188} INFO - [2026-04-22T12:19:19.375+0530] {dag.py:3096} INFO - Sync 1 DAGs
[2026-04-22T12:19:19.379+0530] {logging_mixin.py:188} INFO - [2026-04-22T12:19:19.379+0530] {dag.py:3954} INFO - Setting next_dagrun for latest_only_with_trigger to 2026-04-22 00:00:00+00:00, run_after=2026-04-22 04:00:00+00:00
[2026-04-22T12:19:19.385+0530] {processor.py:183} INFO - Processing /Library/Frameworks/Python.framework/Versions/3.10/lib/python3.10/site-packages/airflow/example_dags/example_latest_only_with_trigger.py took 0.049 seconds
[2026-04-22T12:21:35.646+0530] {processor.py:161} INFO - Started process (PID=72338) to work on /Library/Frameworks/Python.framework/Versions/3.10/lib/python3.10/site-packages/airflow/example_dags/example_latest_only_with_trigger.py
[2026-04-22T12:21:35.646+0530] {processor.py:830} INFO - Processing file /Library/Frameworks/Python.framework/Versions/3.10/lib/python3.10/site-packages/airflow/example_dags/example_latest_only_with_trigger.py for tasks to queue
[2026-04-22T12:21:35.647+0530] {logging_mixin.py:188} INFO - [2026-04-22T12:21:35.647+0530] {dagbag.py:545} INFO - Filling up the DagBag from /Library/Frameworks/Python.framework/Versions/3.10/lib/python3.10/site-packages/airflow/example_dags/example_latest_only_with_trigger.py
[2026-04-22T12:21:35.649+0530] {processor.py:840} INFO - DAG(s) 'latest_only_with_trigger' retrieved from /Library/Frameworks/Python.framework/Versions/3.10/lib/python3.10/site-packages/airflow/example_dags/example_latest_only_with_trigger.py
[2026-04-22T12:21:35.683+0530] {logging_mixin.py:188} INFO - [2026-04-22T12:21:35.683+0530] {dag.py:3096} INFO - Sync 1 DAGs
[2026-04-22T12:21:35.688+0530] {logging_mixin.py:188} INFO - [2026-04-22T12:21:35.688+0530] {dag.py:3954} INFO - Setting next_dagrun for latest_only_with_trigger to 2026-04-22 00:00:00+00:00, run_after=2026-04-22 04:00:00+00:00
[2026-04-22T12:21:35.694+0530] {processor.py:183} INFO - Processing /Library/Frameworks/Python.framework/Versions/3.10/lib/python3.10/site-packages/airflow/example_dags/example_latest_only_with_trigger.py took 0.049 seconds
[2026-04-22T12:23:16.632+0530] {processor.py:161} INFO - Started process (PID=72531) to work on /Library/Frameworks/Python.framework/Versions/3.10/lib/python3.10/site-packages/airflow/example_dags/example_latest_only_with_trigger.py
[2026-04-22T12:23:16.633+0530] {processor.py:830} INFO - Processing file /Library/Frameworks/Python.framework/Versions/3.10/lib/python3.10/site-packages/airflow/example_dags/example_latest_only_with_trigger.py for tasks to queue
[2026-04-22T12:23:16.633+0530] {logging_mixin.py:188} INFO - [2026-04-22T12:23:16.633+0530] {dagbag.py:545} INFO - Filling up the DagBag from /Library/Frameworks/Python.framework/Versions/3.10/lib/python3.10/site-packages/airflow/example_dags/example_latest_only_with_trigger.py
[2026-04-22T12:23:16.636+0530] {processor.py:840} INFO - DAG(s) 'latest_only_with_trigger' retrieved from /Library/Frameworks/Python.framework/Versions/3.10/lib/python3.10/site-packages/airflow/example_dags/example_latest_only_with_trigger.py
[2026-04-22T12:23:16.669+0530] {logging_mixin.py:188} INFO - [2026-04-22T12:23:16.669+0530] {dag.py:3096} INFO - Sync 1 DAGs
[2026-04-22T12:23:16.675+0530] {logging_mixin.py:188} INFO - [2026-04-22T12:23:16.674+0530] {dag.py:3954} INFO - Setting next_dagrun for latest_only_with_trigger to 2026-04-22 00:00:00+00:00, run_after=2026-04-22 04:00:00+00:00
[2026-04-22T12:23:16.679+0530] {processor.py:183} INFO - Processing /Library/Frameworks/Python.framework/Versions/3.10/lib/python3.10/site-packages/airflow/example_dags/example_latest_only_with_trigger.py took 0.048 seconds
[2026-04-22T12:24:59.982+0530] {processor.py:161} INFO - Started process (PID=72766) to work on /Library/Frameworks/Python.framework/Versions/3.10/lib/python3.10/site-packages/airflow/example_dags/example_latest_only_with_trigger.py
[2026-04-22T12:24:59.989+0530] {processor.py:830} INFO - Processing file /Library/Frameworks/Python.framework/Versions/3.10/lib/python3.10/site-packages/airflow/example_dags/example_latest_only_with_trigger.py for tasks to queue
[2026-04-22T12:24:59.989+0530] {logging_mixin.py:188} INFO - [2026-04-22T12:24:59.989+0530] {dagbag.py:545} INFO - Filling up the DagBag from /Library/Frameworks/Python.framework/Versions/3.10/lib/python3.10/site-packages/airflow/example_dags/example_latest_only_with_trigger.py
[2026-04-22T12:24:59.994+0530] {processor.py:840} INFO - DAG(s) 'latest_only_with_trigger' retrieved from /Library/Frameworks/Python.framework/Versions/3.10/lib/python3.10/site-packages/airflow/example_dags/example_latest_only_with_trigger.py
[2026-04-22T12:25:00.030+0530] {logging_mixin.py:188} INFO - [2026-04-22T12:25:00.030+0530] {dag.py:3096} INFO - Sync 1 DAGs
[2026-04-22T12:25:00.034+0530] {logging_mixin.py:188} INFO - [2026-04-22T12:25:00.034+0530] {dag.py:3954} INFO - Setting next_dagrun for latest_only_with_trigger to 2026-04-22 00:00:00+00:00, run_after=2026-04-22 04:00:00+00:00
[2026-04-22T12:25:00.040+0530] {processor.py:183} INFO - Processing /Library/Frameworks/Python.framework/Versions/3.10/lib/python3.10/site-packages/airflow/example_dags/example_latest_only_with_trigger.py took 0.059 seconds
[2026-04-22T12:26:47.668+0530] {processor.py:161} INFO - Started process (PID=72921) to work on /Library/Frameworks/Python.framework/Versions/3.10/lib/python3.10/site-packages/airflow/example_dags/example_latest_only_with_trigger.py
[2026-04-22T12:26:47.669+0530] {processor.py:830} INFO - Processing file /Library/Frameworks/Python.framework/Versions/3.10/lib/python3.10/site-packages/airflow/example_dags/example_latest_only_with_trigger.py for tasks to queue
[2026-04-22T12:26:47.669+0530] {logging_mixin.py:188} INFO - [2026-04-22T12:26:47.669+0530] {dagbag.py:545} INFO - Filling up the DagBag from /Library/Frameworks/Python.framework/Versions/3.10/lib/python3.10/site-packages/airflow/example_dags/example_latest_only_with_trigger.py
[2026-04-22T12:26:47.672+0530] {processor.py:840} INFO - DAG(s) 'latest_only_with_trigger' retrieved from /Library/Frameworks/Python.framework/Versions/3.10/lib/python3.10/site-packages/airflow/example_dags/example_latest_only_with_trigger.py
[2026-04-22T12:26:47.707+0530] {logging_mixin.py:188} INFO - [2026-04-22T12:26:47.707+0530] {dag.py:3096} INFO - Sync 1 DAGs
[2026-04-22T12:26:47.712+0530] {logging_mixin.py:188} INFO - [2026-04-22T12:26:47.711+0530] {dag.py:3954} INFO - Setting next_dagrun for latest_only_with_trigger to 2026-04-22 00:00:00+00:00, run_after=2026-04-22 04:00:00+00:00
[2026-04-22T12:26:47.717+0530] {processor.py:183} INFO - Processing /Library/Frameworks/Python.framework/Versions/3.10/lib/python3.10/site-packages/airflow/example_dags/example_latest_only_with_trigger.py took 0.049 seconds
[2026-04-22T12:28:41.369+0530] {processor.py:161} INFO - Started process (PID=73150) to work on /Library/Frameworks/Python.framework/Versions/3.10/lib/python3.10/site-packages/airflow/example_dags/example_latest_only_with_trigger.py
[2026-04-22T12:28:41.370+0530] {processor.py:830} INFO - Processing file /Library/Frameworks/Python.framework/Versions/3.10/lib/python3.10/site-packages/airflow/example_dags/example_latest_only_with_trigger.py for tasks to queue
[2026-04-22T12:28:41.370+0530] {logging_mixin.py:188} INFO - [2026-04-22T12:28:41.370+0530] {dagbag.py:545} INFO - Filling up the DagBag from /Library/Frameworks/Python.framework/Versions/3.10/lib/python3.10/site-packages/airflow/example_dags/example_latest_only_with_trigger.py
[2026-04-22T12:28:41.373+0530] {processor.py:840} INFO - DAG(s) 'latest_only_with_trigger' retrieved from /Library/Frameworks/Python.framework/Versions/3.10/lib/python3.10/site-packages/airflow/example_dags/example_latest_only_with_trigger.py
[2026-04-22T12:28:41.404+0530] {logging_mixin.py:188} INFO - [2026-04-22T12:28:41.404+0530] {dag.py:3096} INFO - Sync 1 DAGs
[2026-04-22T12:28:41.409+0530] {logging_mixin.py:188} INFO - [2026-04-22T12:28:41.409+0530] {dag.py:3954} INFO - Setting next_dagrun for latest_only_with_trigger to 2026-04-22 00:00:00+00:00, run_after=2026-04-22 04:00:00+00:00
[2026-04-22T12:28:41.414+0530] {processor.py:183} INFO - Processing /Library/Frameworks/Python.framework/Versions/3.10/lib/python3.10/site-packages/airflow/example_dags/example_latest_only_with_trigger.py took 0.046 seconds
[2026-04-22T12:30:28.615+0530] {processor.py:161} INFO - Started process (PID=73379) to work on /Library/Frameworks/Python.framework/Versions/3.10/lib/python3.10/site-packages/airflow/example_dags/example_latest_only_with_trigger.py
[2026-04-22T12:30:28.615+0530] {processor.py:830} INFO - Processing file /Library/Frameworks/Python.framework/Versions/3.10/lib/python3.10/site-packages/airflow/example_dags/example_latest_only_with_trigger.py for tasks to queue
[2026-04-22T12:30:28.615+0530] {logging_mixin.py:188} INFO - [2026-04-22T12:30:28.615+0530] {dagbag.py:545} INFO - Filling up the DagBag from /Library/Frameworks/Python.framework/Versions/3.10/lib/python3.10/site-packages/airflow/example_dags/example_latest_only_with_trigger.py
[2026-04-22T12:30:28.618+0530] {processor.py:840} INFO - DAG(s) 'latest_only_with_trigger' retrieved from /Library/Frameworks/Python.framework/Versions/3.10/lib/python3.10/site-packages/airflow/example_dags/example_latest_only_with_trigger.py
[2026-04-22T12:30:28.651+0530] {logging_mixin.py:188} INFO - [2026-04-22T12:30:28.651+0530] {dag.py:3096} INFO - Sync 1 DAGs
[2026-04-22T12:30:28.656+0530] {logging_mixin.py:188} INFO - [2026-04-22T12:30:28.656+0530] {dag.py:3954} INFO - Setting next_dagrun for latest_only_with_trigger to 2026-04-22 00:00:00+00:00, run_after=2026-04-22 04:00:00+00:00
[2026-04-22T12:30:28.662+0530] {processor.py:183} INFO - Processing /Library/Frameworks/Python.framework/Versions/3.10/lib/python3.10/site-packages/airflow/example_dags/example_latest_only_with_trigger.py took 0.048 seconds
[2026-04-22T12:32:18.361+0530] {processor.py:161} INFO - Started process (PID=73605) to work on /Library/Frameworks/Python.framework/Versions/3.10/lib/python3.10/site-packages/airflow/example_dags/example_latest_only_with_trigger.py
[2026-04-22T12:32:18.362+0530] {processor.py:830} INFO - Processing file /Library/Frameworks/Python.framework/Versions/3.10/lib/python3.10/site-packages/airflow/example_dags/example_latest_only_with_trigger.py for tasks to queue
[2026-04-22T12:32:18.362+0530] {logging_mixin.py:188} INFO - [2026-04-22T12:32:18.362+0530] {dagbag.py:545} INFO - Filling up the DagBag from /Library/Frameworks/Python.framework/Versions/3.10/lib/python3.10/site-packages/airflow/example_dags/example_latest_only_with_trigger.py
[2026-04-22T12:32:18.365+0530] {processor.py:840} INFO - DAG(s) 'latest_only_with_trigger' retrieved from /Library/Frameworks/Python.framework/Versions/3.10/lib/python3.10/site-packages/airflow/example_dags/example_latest_only_with_trigger.py
[2026-04-22T12:32:18.398+0530] {logging_mixin.py:188} INFO - [2026-04-22T12:32:18.398+0530] {dag.py:3096} INFO - Sync 1 DAGs
[2026-04-22T12:32:18.403+0530] {logging_mixin.py:188} INFO - [2026-04-22T12:32:18.403+0530] {dag.py:3954} INFO - Setting next_dagrun for latest_only_with_trigger to 2026-04-22 00:00:00+00:00, run_after=2026-04-22 04:00:00+00:00
[2026-04-22T12:32:18.408+0530] {processor.py:183} INFO - Processing /Library/Frameworks/Python.framework/Versions/3.10/lib/python3.10/site-packages/airflow/example_dags/example_latest_only_with_trigger.py took 0.047 seconds
[2026-04-22T12:34:01.762+0530] {processor.py:161} INFO - Started process (PID=73763) to work on /Library/Frameworks/Python.framework/Versions/3.10/lib/python3.10/site-packages/airflow/example_dags/example_latest_only_with_trigger.py
[2026-04-22T12:34:01.763+0530] {processor.py:830} INFO - Processing file /Library/Frameworks/Python.framework/Versions/3.10/lib/python3.10/site-packages/airflow/example_dags/example_latest_only_with_trigger.py for tasks to queue
[2026-04-22T12:34:01.763+0530] {logging_mixin.py:188} INFO - [2026-04-22T12:34:01.763+0530] {dagbag.py:545} INFO - Filling up the DagBag from /Library/Frameworks/Python.framework/Versions/3.10/lib/python3.10/site-packages/airflow/example_dags/example_latest_only_with_trigger.py
[2026-04-22T12:34:01.766+0530] {processor.py:840} INFO - DAG(s) 'latest_only_with_trigger' retrieved from /Library/Frameworks/Python.framework/Versions/3.10/lib/python3.10/site-packages/airflow/example_dags/example_latest_only_with_trigger.py
[2026-04-22T12:34:01.799+0530] {logging_mixin.py:188} INFO - [2026-04-22T12:34:01.799+0530] {dag.py:3096} INFO - Sync 1 DAGs
[2026-04-22T12:34:01.804+0530] {logging_mixin.py:188} INFO - [2026-04-22T12:34:01.804+0530] {dag.py:3954} INFO - Setting next_dagrun for latest_only_with_trigger to 2026-04-22 00:00:00+00:00, run_after=2026-04-22 04:00:00+00:00
[2026-04-22T12:34:01.809+0530] {processor.py:183} INFO - Processing /Library/Frameworks/Python.framework/Versions/3.10/lib/python3.10/site-packages/airflow/example_dags/example_latest_only_with_trigger.py took 0.047 seconds
[2026-04-22T12:35:46.408+0530] {processor.py:161} INFO - Started process (PID=73901) to work on /Library/Frameworks/Python.framework/Versions/3.10/lib/python3.10/site-packages/airflow/example_dags/example_latest_only_with_trigger.py
[2026-04-22T12:35:46.408+0530] {processor.py:830} INFO - Processing file /Library/Frameworks/Python.framework/Versions/3.10/lib/python3.10/site-packages/airflow/example_dags/example_latest_only_with_trigger.py for tasks to queue
[2026-04-22T12:35:46.408+0530] {logging_mixin.py:188} INFO - [2026-04-22T12:35:46.408+0530] {dagbag.py:545} INFO - Filling up the DagBag from /Library/Frameworks/Python.framework/Versions/3.10/lib/python3.10/site-packages/airflow/example_dags/example_latest_only_with_trigger.py
[2026-04-22T12:35:46.411+0530] {processor.py:840} INFO - DAG(s) 'latest_only_with_trigger' retrieved from /Library/Frameworks/Python.framework/Versions/3.10/lib/python3.10/site-packages/airflow/example_dags/example_latest_only_with_trigger.py
[2026-04-22T12:35:46.444+0530] {logging_mixin.py:188} INFO - [2026-04-22T12:35:46.444+0530] {dag.py:3096} INFO - Sync 1 DAGs
[2026-04-22T12:35:46.448+0530] {logging_mixin.py:188} INFO - [2026-04-22T12:35:46.448+0530] {dag.py:3954} INFO - Setting next_dagrun for latest_only_with_trigger to 2026-04-22 00:00:00+00:00, run_after=2026-04-22 04:00:00+00:00
[2026-04-22T12:35:46.453+0530] {processor.py:183} INFO - Processing /Library/Frameworks/Python.framework/Versions/3.10/lib/python3.10/site-packages/airflow/example_dags/example_latest_only_with_trigger.py took 0.047 seconds
[2026-04-22T12:37:30.561+0530] {processor.py:161} INFO - Started process (PID=74026) to work on /Library/Frameworks/Python.framework/Versions/3.10/lib/python3.10/site-packages/airflow/example_dags/example_latest_only_with_trigger.py
[2026-04-22T12:37:30.561+0530] {processor.py:830} INFO - Processing file /Library/Frameworks/Python.framework/Versions/3.10/lib/python3.10/site-packages/airflow/example_dags/example_latest_only_with_trigger.py for tasks to queue
[2026-04-22T12:37:30.562+0530] {logging_mixin.py:188} INFO - [2026-04-22T12:37:30.562+0530] {dagbag.py:545} INFO - Filling up the DagBag from /Library/Frameworks/Python.framework/Versions/3.10/lib/python3.10/site-packages/airflow/example_dags/example_latest_only_with_trigger.py
[2026-04-22T12:37:30.565+0530] {processor.py:840} INFO - DAG(s) 'latest_only_with_trigger' retrieved from /Library/Frameworks/Python.framework/Versions/3.10/lib/python3.10/site-packages/airflow/example_dags/example_latest_only_with_trigger.py
[2026-04-22T12:37:30.598+0530] {logging_mixin.py:188} INFO - [2026-04-22T12:37:30.597+0530] {dag.py:3096} INFO - Sync 1 DAGs
[2026-04-22T12:37:30.602+0530] {logging_mixin.py:188} INFO - [2026-04-22T12:37:30.602+0530] {dag.py:3954} INFO - Setting next_dagrun for latest_only_with_trigger to 2026-04-22 00:00:00+00:00, run_after=2026-04-22 04:00:00+00:00
[2026-04-22T12:37:30.607+0530] {processor.py:183} INFO - Processing /Library/Frameworks/Python.framework/Versions/3.10/lib/python3.10/site-packages/airflow/example_dags/example_latest_only_with_trigger.py took 0.047 seconds
[2026-04-22T12:39:30.938+0530] {processor.py:161} INFO - Started process (PID=74155) to work on /Library/Frameworks/Python.framework/Versions/3.10/lib/python3.10/site-packages/airflow/example_dags/example_latest_only_with_trigger.py
[2026-04-22T12:39:30.938+0530] {processor.py:830} INFO - Processing file /Library/Frameworks/Python.framework/Versions/3.10/lib/python3.10/site-packages/airflow/example_dags/example_latest_only_with_trigger.py for tasks to queue
[2026-04-22T12:39:30.939+0530] {logging_mixin.py:188} INFO - [2026-04-22T12:39:30.939+0530] {dagbag.py:545} INFO - Filling up the DagBag from /Library/Frameworks/Python.framework/Versions/3.10/lib/python3.10/site-packages/airflow/example_dags/example_latest_only_with_trigger.py
[2026-04-22T12:39:30.942+0530] {processor.py:840} INFO - DAG(s) 'latest_only_with_trigger' retrieved from /Library/Frameworks/Python.framework/Versions/3.10/lib/python3.10/site-packages/airflow/example_dags/example_latest_only_with_trigger.py
[2026-04-22T12:39:30.976+0530] {logging_mixin.py:188} INFO - [2026-04-22T12:39:30.976+0530] {dag.py:3096} INFO - Sync 1 DAGs
[2026-04-22T12:39:30.981+0530] {logging_mixin.py:188} INFO - [2026-04-22T12:39:30.980+0530] {dag.py:3954} INFO - Setting next_dagrun for latest_only_with_trigger to 2026-04-22 00:00:00+00:00, run_after=2026-04-22 04:00:00+00:00
[2026-04-22T12:39:30.987+0530] {processor.py:183} INFO - Processing /Library/Frameworks/Python.framework/Versions/3.10/lib/python3.10/site-packages/airflow/example_dags/example_latest_only_with_trigger.py took 0.050 seconds
[2026-04-22T12:41:31.671+0530] {processor.py:161} INFO - Started process (PID=74303) to work on /Library/Frameworks/Python.framework/Versions/3.10/lib/python3.10/site-packages/airflow/example_dags/example_latest_only_with_trigger.py
[2026-04-22T12:41:31.671+0530] {processor.py:830} INFO - Processing file /Library/Frameworks/Python.framework/Versions/3.10/lib/python3.10/site-packages/airflow/example_dags/example_latest_only_with_trigger.py for tasks to queue
[2026-04-22T12:41:31.671+0530] {logging_mixin.py:188} INFO - [2026-04-22T12:41:31.671+0530] {dagbag.py:545} INFO - Filling up the DagBag from /Library/Frameworks/Python.framework/Versions/3.10/lib/python3.10/site-packages/airflow/example_dags/example_latest_only_with_trigger.py
[2026-04-22T12:41:31.674+0530] {processor.py:840} INFO - DAG(s) 'latest_only_with_trigger' retrieved from /Library/Frameworks/Python.framework/Versions/3.10/lib/python3.10/site-packages/airflow/example_dags/example_latest_only_with_trigger.py
[2026-04-22T12:41:31.708+0530] {logging_mixin.py:188} INFO - [2026-04-22T12:41:31.708+0530] {dag.py:3096} INFO - Sync 1 DAGs
[2026-04-22T12:41:31.712+0530] {logging_mixin.py:188} INFO - [2026-04-22T12:41:31.712+0530] {dag.py:3954} INFO - Setting next_dagrun for latest_only_with_trigger to 2026-04-22 00:00:00+00:00, run_after=2026-04-22 04:00:00+00:00
[2026-04-22T12:41:31.717+0530] {processor.py:183} INFO - Processing /Library/Frameworks/Python.framework/Versions/3.10/lib/python3.10/site-packages/airflow/example_dags/example_latest_only_with_trigger.py took 0.048 seconds
