[2026-04-22T05:58:05.343+0530] {processor.py:161} INFO - Started process (PID=68516) to work on /Library/Frameworks/Python.framework/Versions/3.10/lib/python3.10/site-packages/airflow/example_dags/example_subdag_operator.py
[2026-04-22T05:58:05.344+0530] {processor.py:830} INFO - Processing file /Library/Frameworks/Python.framework/Versions/3.10/lib/python3.10/site-packages/airflow/example_dags/example_subdag_operator.py for tasks to queue
[2026-04-22T05:58:05.344+0530] {logging_mixin.py:188} INFO - [2026-04-22T05:58:05.344+0530] {dagbag.py:545} INFO - Filling up the DagBag from /Library/Frameworks/Python.framework/Versions/3.10/lib/python3.10/site-packages/airflow/example_dags/example_subdag_operator.py
[2026-04-22T05:58:05.371+0530] {processor.py:840} INFO - DAG(s) 'example_subdag_operator.section-1', 'example_subdag_operator.section-2', 'example_subdag_operator' retrieved from /Library/Frameworks/Python.framework/Versions/3.10/lib/python3.10/site-packages/airflow/example_dags/example_subdag_operator.py
[2026-04-22T05:58:05.389+0530] {logging_mixin.py:188} INFO - [2026-04-22T05:58:05.389+0530] {dag.py:3096} INFO - Sync 3 DAGs
[2026-04-22T05:58:05.393+0530] {logging_mixin.py:188} INFO - [2026-04-22T05:58:05.393+0530] {dag.py:3954} INFO - Setting next_dagrun for example_subdag_operator to 2022-01-01 00:00:00+00:00, run_after=2022-01-01 00:00:00+00:00
[2026-04-22T05:58:05.394+0530] {logging_mixin.py:188} INFO - [2026-04-22T05:58:05.394+0530] {dag.py:3954} INFO - Setting next_dagrun for example_subdag_operator.section-1 to None, run_after=None
[2026-04-22T05:58:05.394+0530] {logging_mixin.py:188} INFO - [2026-04-22T05:58:05.394+0530] {dag.py:3954} INFO - Setting next_dagrun for example_subdag_operator.section-2 to None, run_after=None
[2026-04-22T05:58:05.396+0530] {logging_mixin.py:188} INFO - [2026-04-22T05:58:05.396+0530] {dag.py:3096} INFO - Sync 2 DAGs
[2026-04-22T05:58:05.397+0530] {logging_mixin.py:188} INFO - [2026-04-22T05:58:05.397+0530] {dag.py:3954} INFO - Setting next_dagrun for example_subdag_operator.section-1 to None, run_after=None
[2026-04-22T05:58:05.397+0530] {logging_mixin.py:188} INFO - [2026-04-22T05:58:05.397+0530] {dag.py:3954} INFO - Setting next_dagrun for example_subdag_operator.section-2 to None, run_after=None
[2026-04-22T05:58:05.401+0530] {processor.py:183} INFO - Processing /Library/Frameworks/Python.framework/Versions/3.10/lib/python3.10/site-packages/airflow/example_dags/example_subdag_operator.py took 0.058 seconds
[2026-04-22T11:47:21.842+0530] {processor.py:161} INFO - Started process (PID=69291) to work on /Library/Frameworks/Python.framework/Versions/3.10/lib/python3.10/site-packages/airflow/example_dags/example_subdag_operator.py
[2026-04-22T11:47:21.843+0530] {processor.py:830} INFO - Processing file /Library/Frameworks/Python.framework/Versions/3.10/lib/python3.10/site-packages/airflow/example_dags/example_subdag_operator.py for tasks to queue
[2026-04-22T11:47:21.843+0530] {logging_mixin.py:188} INFO - [2026-04-22T11:47:21.843+0530] {dagbag.py:545} INFO - Filling up the DagBag from /Library/Frameworks/Python.framework/Versions/3.10/lib/python3.10/site-packages/airflow/example_dags/example_subdag_operator.py
[2026-04-22T11:47:21.871+0530] {processor.py:840} INFO - DAG(s) 'example_subdag_operator.section-1', 'example_subdag_operator.section-2', 'example_subdag_operator' retrieved from /Library/Frameworks/Python.framework/Versions/3.10/lib/python3.10/site-packages/airflow/example_dags/example_subdag_operator.py
[2026-04-22T11:47:21.888+0530] {logging_mixin.py:188} INFO - [2026-04-22T11:47:21.888+0530] {dag.py:3096} INFO - Sync 3 DAGs
[2026-04-22T11:47:21.893+0530] {logging_mixin.py:188} INFO - [2026-04-22T11:47:21.893+0530] {dag.py:3954} INFO - Setting next_dagrun for example_subdag_operator to 2022-01-01 00:00:00+00:00, run_after=2022-01-01 00:00:00+00:00
[2026-04-22T11:47:21.894+0530] {logging_mixin.py:188} INFO - [2026-04-22T11:47:21.894+0530] {dag.py:3954} INFO - Setting next_dagrun for example_subdag_operator.section-1 to None, run_after=None
[2026-04-22T11:47:21.894+0530] {logging_mixin.py:188} INFO - [2026-04-22T11:47:21.894+0530] {dag.py:3954} INFO - Setting next_dagrun for example_subdag_operator.section-2 to None, run_after=None
[2026-04-22T11:47:21.896+0530] {logging_mixin.py:188} INFO - [2026-04-22T11:47:21.896+0530] {dag.py:3096} INFO - Sync 2 DAGs
[2026-04-22T11:47:21.897+0530] {logging_mixin.py:188} INFO - [2026-04-22T11:47:21.897+0530] {dag.py:3954} INFO - Setting next_dagrun for example_subdag_operator.section-1 to None, run_after=None
[2026-04-22T11:47:21.897+0530] {logging_mixin.py:188} INFO - [2026-04-22T11:47:21.897+0530] {dag.py:3954} INFO - Setting next_dagrun for example_subdag_operator.section-2 to None, run_after=None
[2026-04-22T11:47:21.901+0530] {processor.py:183} INFO - Processing /Library/Frameworks/Python.framework/Versions/3.10/lib/python3.10/site-packages/airflow/example_dags/example_subdag_operator.py took 0.060 seconds
[2026-04-22T11:48:10.372+0530] {processor.py:161} INFO - Started process (PID=69369) to work on /Library/Frameworks/Python.framework/Versions/3.10/lib/python3.10/site-packages/airflow/example_dags/example_subdag_operator.py
[2026-04-22T11:48:10.373+0530] {processor.py:830} INFO - Processing file /Library/Frameworks/Python.framework/Versions/3.10/lib/python3.10/site-packages/airflow/example_dags/example_subdag_operator.py for tasks to queue
[2026-04-22T11:48:10.373+0530] {logging_mixin.py:188} INFO - [2026-04-22T11:48:10.373+0530] {dagbag.py:545} INFO - Filling up the DagBag from /Library/Frameworks/Python.framework/Versions/3.10/lib/python3.10/site-packages/airflow/example_dags/example_subdag_operator.py
[2026-04-22T11:48:10.401+0530] {processor.py:840} INFO - DAG(s) 'example_subdag_operator.section-1', 'example_subdag_operator.section-2', 'example_subdag_operator' retrieved from /Library/Frameworks/Python.framework/Versions/3.10/lib/python3.10/site-packages/airflow/example_dags/example_subdag_operator.py
[2026-04-22T11:48:10.418+0530] {logging_mixin.py:188} INFO - [2026-04-22T11:48:10.418+0530] {dag.py:3096} INFO - Sync 3 DAGs
[2026-04-22T11:48:10.423+0530] {logging_mixin.py:188} INFO - [2026-04-22T11:48:10.423+0530] {dag.py:3954} INFO - Setting next_dagrun for example_subdag_operator to 2022-01-01 00:00:00+00:00, run_after=2022-01-01 00:00:00+00:00
[2026-04-22T11:48:10.424+0530] {logging_mixin.py:188} INFO - [2026-04-22T11:48:10.424+0530] {dag.py:3954} INFO - Setting next_dagrun for example_subdag_operator.section-1 to None, run_after=None
[2026-04-22T11:48:10.424+0530] {logging_mixin.py:188} INFO - [2026-04-22T11:48:10.424+0530] {dag.py:3954} INFO - Setting next_dagrun for example_subdag_operator.section-2 to None, run_after=None
[2026-04-22T11:48:10.426+0530] {logging_mixin.py:188} INFO - [2026-04-22T11:48:10.426+0530] {dag.py:3096} INFO - Sync 2 DAGs
[2026-04-22T11:48:10.427+0530] {logging_mixin.py:188} INFO - [2026-04-22T11:48:10.427+0530] {dag.py:3954} INFO - Setting next_dagrun for example_subdag_operator.section-1 to None, run_after=None
[2026-04-22T11:48:10.427+0530] {logging_mixin.py:188} INFO - [2026-04-22T11:48:10.427+0530] {dag.py:3954} INFO - Setting next_dagrun for example_subdag_operator.section-2 to None, run_after=None
[2026-04-22T11:48:10.430+0530] {processor.py:183} INFO - Processing /Library/Frameworks/Python.framework/Versions/3.10/lib/python3.10/site-packages/airflow/example_dags/example_subdag_operator.py took 0.059 seconds
[2026-04-22T11:48:58.989+0530] {processor.py:161} INFO - Started process (PID=69457) to work on /Library/Frameworks/Python.framework/Versions/3.10/lib/python3.10/site-packages/airflow/example_dags/example_subdag_operator.py
[2026-04-22T11:48:58.990+0530] {processor.py:830} INFO - Processing file /Library/Frameworks/Python.framework/Versions/3.10/lib/python3.10/site-packages/airflow/example_dags/example_subdag_operator.py for tasks to queue
[2026-04-22T11:48:58.990+0530] {logging_mixin.py:188} INFO - [2026-04-22T11:48:58.990+0530] {dagbag.py:545} INFO - Filling up the DagBag from /Library/Frameworks/Python.framework/Versions/3.10/lib/python3.10/site-packages/airflow/example_dags/example_subdag_operator.py
[2026-04-22T11:48:59.018+0530] {processor.py:840} INFO - DAG(s) 'example_subdag_operator.section-1', 'example_subdag_operator.section-2', 'example_subdag_operator' retrieved from /Library/Frameworks/Python.framework/Versions/3.10/lib/python3.10/site-packages/airflow/example_dags/example_subdag_operator.py
[2026-04-22T11:48:59.036+0530] {logging_mixin.py:188} INFO - [2026-04-22T11:48:59.036+0530] {dag.py:3096} INFO - Sync 3 DAGs
[2026-04-22T11:48:59.041+0530] {logging_mixin.py:188} INFO - [2026-04-22T11:48:59.041+0530] {dag.py:3954} INFO - Setting next_dagrun for example_subdag_operator to 2022-01-01 00:00:00+00:00, run_after=2022-01-01 00:00:00+00:00
[2026-04-22T11:48:59.041+0530] {logging_mixin.py:188} INFO - [2026-04-22T11:48:59.041+0530] {dag.py:3954} INFO - Setting next_dagrun for example_subdag_operator.section-1 to None, run_after=None
[2026-04-22T11:48:59.042+0530] {logging_mixin.py:188} INFO - [2026-04-22T11:48:59.042+0530] {dag.py:3954} INFO - Setting next_dagrun for example_subdag_operator.section-2 to None, run_after=None
[2026-04-22T11:48:59.044+0530] {logging_mixin.py:188} INFO - [2026-04-22T11:48:59.044+0530] {dag.py:3096} INFO - Sync 2 DAGs
[2026-04-22T11:48:59.045+0530] {logging_mixin.py:188} INFO - [2026-04-22T11:48:59.045+0530] {dag.py:3954} INFO - Setting next_dagrun for example_subdag_operator.section-1 to None, run_after=None
[2026-04-22T11:48:59.045+0530] {logging_mixin.py:188} INFO - [2026-04-22T11:48:59.045+0530] {dag.py:3954} INFO - Setting next_dagrun for example_subdag_operator.section-2 to None, run_after=None
[2026-04-22T11:48:59.048+0530] {processor.py:183} INFO - Processing /Library/Frameworks/Python.framework/Versions/3.10/lib/python3.10/site-packages/airflow/example_dags/example_subdag_operator.py took 0.060 seconds
[2026-04-22T11:49:54.584+0530] {processor.py:161} INFO - Started process (PID=69547) to work on /Library/Frameworks/Python.framework/Versions/3.10/lib/python3.10/site-packages/airflow/example_dags/example_subdag_operator.py
[2026-04-22T11:49:54.585+0530] {processor.py:830} INFO - Processing file /Library/Frameworks/Python.framework/Versions/3.10/lib/python3.10/site-packages/airflow/example_dags/example_subdag_operator.py for tasks to queue
[2026-04-22T11:49:54.585+0530] {logging_mixin.py:188} INFO - [2026-04-22T11:49:54.585+0530] {dagbag.py:545} INFO - Filling up the DagBag from /Library/Frameworks/Python.framework/Versions/3.10/lib/python3.10/site-packages/airflow/example_dags/example_subdag_operator.py
[2026-04-22T11:49:54.616+0530] {processor.py:840} INFO - DAG(s) 'example_subdag_operator.section-1', 'example_subdag_operator.section-2', 'example_subdag_operator' retrieved from /Library/Frameworks/Python.framework/Versions/3.10/lib/python3.10/site-packages/airflow/example_dags/example_subdag_operator.py
[2026-04-22T11:49:54.638+0530] {logging_mixin.py:188} INFO - [2026-04-22T11:49:54.638+0530] {dag.py:3096} INFO - Sync 3 DAGs
[2026-04-22T11:49:54.643+0530] {logging_mixin.py:188} INFO - [2026-04-22T11:49:54.642+0530] {dag.py:3954} INFO - Setting next_dagrun for example_subdag_operator to 2022-01-01 00:00:00+00:00, run_after=2022-01-01 00:00:00+00:00
[2026-04-22T11:49:54.643+0530] {logging_mixin.py:188} INFO - [2026-04-22T11:49:54.643+0530] {dag.py:3954} INFO - Setting next_dagrun for example_subdag_operator.section-1 to None, run_after=None
[2026-04-22T11:49:54.644+0530] {logging_mixin.py:188} INFO - [2026-04-22T11:49:54.644+0530] {dag.py:3954} INFO - Setting next_dagrun for example_subdag_operator.section-2 to None, run_after=None
[2026-04-22T11:49:54.646+0530] {logging_mixin.py:188} INFO - [2026-04-22T11:49:54.646+0530] {dag.py:3096} INFO - Sync 2 DAGs
[2026-04-22T11:49:54.647+0530] {logging_mixin.py:188} INFO - [2026-04-22T11:49:54.647+0530] {dag.py:3954} INFO - Setting next_dagrun for example_subdag_operator.section-1 to None, run_after=None
[2026-04-22T11:49:54.647+0530] {logging_mixin.py:188} INFO - [2026-04-22T11:49:54.647+0530] {dag.py:3954} INFO - Setting next_dagrun for example_subdag_operator.section-2 to None, run_after=None
[2026-04-22T11:49:54.650+0530] {processor.py:183} INFO - Processing /Library/Frameworks/Python.framework/Versions/3.10/lib/python3.10/site-packages/airflow/example_dags/example_subdag_operator.py took 0.067 seconds
[2026-04-22T11:50:49.656+0530] {processor.py:161} INFO - Started process (PID=69642) to work on /Library/Frameworks/Python.framework/Versions/3.10/lib/python3.10/site-packages/airflow/example_dags/example_subdag_operator.py
[2026-04-22T11:50:49.657+0530] {processor.py:830} INFO - Processing file /Library/Frameworks/Python.framework/Versions/3.10/lib/python3.10/site-packages/airflow/example_dags/example_subdag_operator.py for tasks to queue
[2026-04-22T11:50:49.657+0530] {logging_mixin.py:188} INFO - [2026-04-22T11:50:49.657+0530] {dagbag.py:545} INFO - Filling up the DagBag from /Library/Frameworks/Python.framework/Versions/3.10/lib/python3.10/site-packages/airflow/example_dags/example_subdag_operator.py
[2026-04-22T11:50:49.685+0530] {processor.py:840} INFO - DAG(s) 'example_subdag_operator.section-1', 'example_subdag_operator.section-2', 'example_subdag_operator' retrieved from /Library/Frameworks/Python.framework/Versions/3.10/lib/python3.10/site-packages/airflow/example_dags/example_subdag_operator.py
[2026-04-22T11:50:49.703+0530] {logging_mixin.py:188} INFO - [2026-04-22T11:50:49.703+0530] {dag.py:3096} INFO - Sync 3 DAGs
[2026-04-22T11:50:49.708+0530] {logging_mixin.py:188} INFO - [2026-04-22T11:50:49.708+0530] {dag.py:3954} INFO - Setting next_dagrun for example_subdag_operator to 2022-01-01 00:00:00+00:00, run_after=2022-01-01 00:00:00+00:00
[2026-04-22T11:50:49.709+0530] {logging_mixin.py:188} INFO - [2026-04-22T11:50:49.709+0530] {dag.py:3954} INFO - Setting next_dagrun for example_subdag_operator.section-1 to None, run_after=None
[2026-04-22T11:50:49.709+0530] {logging_mixin.py:188} INFO - [2026-04-22T11:50:49.709+0530] {dag.py:3954} INFO - Setting next_dagrun for example_subdag_operator.section-2 to None, run_after=None
[2026-04-22T11:50:49.711+0530] {logging_mixin.py:188} INFO - [2026-04-22T11:50:49.711+0530] {dag.py:3096} INFO - Sync 2 DAGs
[2026-04-22T11:50:49.712+0530] {logging_mixin.py:188} INFO - [2026-04-22T11:50:49.712+0530] {dag.py:3954} INFO - Setting next_dagrun for example_subdag_operator.section-1 to None, run_after=None
[2026-04-22T11:50:49.712+0530] {logging_mixin.py:188} INFO - [2026-04-22T11:50:49.712+0530] {dag.py:3954} INFO - Setting next_dagrun for example_subdag_operator.section-2 to None, run_after=None
[2026-04-22T11:50:49.716+0530] {processor.py:183} INFO - Processing /Library/Frameworks/Python.framework/Versions/3.10/lib/python3.10/site-packages/airflow/example_dags/example_subdag_operator.py took 0.061 seconds
[2026-04-22T12:09:56.485+0530] {processor.py:161} INFO - Started process (PID=70908) to work on /Library/Frameworks/Python.framework/Versions/3.10/lib/python3.10/site-packages/airflow/example_dags/example_subdag_operator.py
[2026-04-22T12:09:56.485+0530] {processor.py:830} INFO - Processing file /Library/Frameworks/Python.framework/Versions/3.10/lib/python3.10/site-packages/airflow/example_dags/example_subdag_operator.py for tasks to queue
[2026-04-22T12:09:56.485+0530] {logging_mixin.py:188} INFO - [2026-04-22T12:09:56.485+0530] {dagbag.py:545} INFO - Filling up the DagBag from /Library/Frameworks/Python.framework/Versions/3.10/lib/python3.10/site-packages/airflow/example_dags/example_subdag_operator.py
[2026-04-22T12:09:56.513+0530] {processor.py:840} INFO - DAG(s) 'example_subdag_operator.section-1', 'example_subdag_operator.section-2', 'example_subdag_operator' retrieved from /Library/Frameworks/Python.framework/Versions/3.10/lib/python3.10/site-packages/airflow/example_dags/example_subdag_operator.py
[2026-04-22T12:09:56.531+0530] {logging_mixin.py:188} INFO - [2026-04-22T12:09:56.530+0530] {dag.py:3096} INFO - Sync 3 DAGs
[2026-04-22T12:09:56.535+0530] {logging_mixin.py:188} INFO - [2026-04-22T12:09:56.535+0530] {dag.py:3954} INFO - Setting next_dagrun for example_subdag_operator to 2022-01-01 00:00:00+00:00, run_after=2022-01-01 00:00:00+00:00
[2026-04-22T12:09:56.536+0530] {logging_mixin.py:188} INFO - [2026-04-22T12:09:56.536+0530] {dag.py:3954} INFO - Setting next_dagrun for example_subdag_operator.section-1 to None, run_after=None
[2026-04-22T12:09:56.536+0530] {logging_mixin.py:188} INFO - [2026-04-22T12:09:56.536+0530] {dag.py:3954} INFO - Setting next_dagrun for example_subdag_operator.section-2 to None, run_after=None
[2026-04-22T12:09:56.538+0530] {logging_mixin.py:188} INFO - [2026-04-22T12:09:56.538+0530] {dag.py:3096} INFO - Sync 2 DAGs
[2026-04-22T12:09:56.539+0530] {logging_mixin.py:188} INFO - [2026-04-22T12:09:56.539+0530] {dag.py:3954} INFO - Setting next_dagrun for example_subdag_operator.section-1 to None, run_after=None
[2026-04-22T12:09:56.539+0530] {logging_mixin.py:188} INFO - [2026-04-22T12:09:56.539+0530] {dag.py:3954} INFO - Setting next_dagrun for example_subdag_operator.section-2 to None, run_after=None
[2026-04-22T12:09:56.543+0530] {processor.py:183} INFO - Processing /Library/Frameworks/Python.framework/Versions/3.10/lib/python3.10/site-packages/airflow/example_dags/example_subdag_operator.py took 0.059 seconds
[2026-04-22T12:14:48.339+0530] {processor.py:161} INFO - Started process (PID=71258) to work on /Library/Frameworks/Python.framework/Versions/3.10/lib/python3.10/site-packages/airflow/example_dags/example_subdag_operator.py
[2026-04-22T12:14:48.339+0530] {processor.py:830} INFO - Processing file /Library/Frameworks/Python.framework/Versions/3.10/lib/python3.10/site-packages/airflow/example_dags/example_subdag_operator.py for tasks to queue
[2026-04-22T12:14:48.339+0530] {logging_mixin.py:188} INFO - [2026-04-22T12:14:48.339+0530] {dagbag.py:545} INFO - Filling up the DagBag from /Library/Frameworks/Python.framework/Versions/3.10/lib/python3.10/site-packages/airflow/example_dags/example_subdag_operator.py
[2026-04-22T12:14:48.367+0530] {processor.py:840} INFO - DAG(s) 'example_subdag_operator.section-1', 'example_subdag_operator.section-2', 'example_subdag_operator' retrieved from /Library/Frameworks/Python.framework/Versions/3.10/lib/python3.10/site-packages/airflow/example_dags/example_subdag_operator.py
[2026-04-22T12:14:48.384+0530] {logging_mixin.py:188} INFO - [2026-04-22T12:14:48.384+0530] {dag.py:3096} INFO - Sync 3 DAGs
[2026-04-22T12:14:48.388+0530] {logging_mixin.py:188} INFO - [2026-04-22T12:14:48.388+0530] {dag.py:3954} INFO - Setting next_dagrun for example_subdag_operator to 2022-01-01 00:00:00+00:00, run_after=2022-01-01 00:00:00+00:00
[2026-04-22T12:14:48.389+0530] {logging_mixin.py:188} INFO - [2026-04-22T12:14:48.389+0530] {dag.py:3954} INFO - Setting next_dagrun for example_subdag_operator.section-1 to None, run_after=None
[2026-04-22T12:14:48.390+0530] {logging_mixin.py:188} INFO - [2026-04-22T12:14:48.389+0530] {dag.py:3954} INFO - Setting next_dagrun for example_subdag_operator.section-2 to None, run_after=None
[2026-04-22T12:14:48.391+0530] {logging_mixin.py:188} INFO - [2026-04-22T12:14:48.391+0530] {dag.py:3096} INFO - Sync 2 DAGs
[2026-04-22T12:14:48.392+0530] {logging_mixin.py:188} INFO - [2026-04-22T12:14:48.392+0530] {dag.py:3954} INFO - Setting next_dagrun for example_subdag_operator.section-1 to None, run_after=None
[2026-04-22T12:14:48.393+0530] {logging_mixin.py:188} INFO - [2026-04-22T12:14:48.392+0530] {dag.py:3954} INFO - Setting next_dagrun for example_subdag_operator.section-2 to None, run_after=None
[2026-04-22T12:14:48.396+0530] {processor.py:183} INFO - Processing /Library/Frameworks/Python.framework/Versions/3.10/lib/python3.10/site-packages/airflow/example_dags/example_subdag_operator.py took 0.058 seconds
[2026-04-22T12:18:54.761+0530] {processor.py:161} INFO - Started process (PID=71582) to work on /Library/Frameworks/Python.framework/Versions/3.10/lib/python3.10/site-packages/airflow/example_dags/example_subdag_operator.py
[2026-04-22T12:18:54.762+0530] {processor.py:830} INFO - Processing file /Library/Frameworks/Python.framework/Versions/3.10/lib/python3.10/site-packages/airflow/example_dags/example_subdag_operator.py for tasks to queue
[2026-04-22T12:18:54.762+0530] {logging_mixin.py:188} INFO - [2026-04-22T12:18:54.762+0530] {dagbag.py:545} INFO - Filling up the DagBag from /Library/Frameworks/Python.framework/Versions/3.10/lib/python3.10/site-packages/airflow/example_dags/example_subdag_operator.py
[2026-04-22T12:18:54.789+0530] {processor.py:840} INFO - DAG(s) 'example_subdag_operator.section-1', 'example_subdag_operator.section-2', 'example_subdag_operator' retrieved from /Library/Frameworks/Python.framework/Versions/3.10/lib/python3.10/site-packages/airflow/example_dags/example_subdag_operator.py
[2026-04-22T12:18:54.806+0530] {logging_mixin.py:188} INFO - [2026-04-22T12:18:54.806+0530] {dag.py:3096} INFO - Sync 3 DAGs
[2026-04-22T12:18:54.811+0530] {logging_mixin.py:188} INFO - [2026-04-22T12:18:54.811+0530] {dag.py:3954} INFO - Setting next_dagrun for example_subdag_operator to 2022-01-01 00:00:00+00:00, run_after=2022-01-01 00:00:00+00:00
[2026-04-22T12:18:54.812+0530] {logging_mixin.py:188} INFO - [2026-04-22T12:18:54.812+0530] {dag.py:3954} INFO - Setting next_dagrun for example_subdag_operator.section-1 to None, run_after=None
[2026-04-22T12:18:54.812+0530] {logging_mixin.py:188} INFO - [2026-04-22T12:18:54.812+0530] {dag.py:3954} INFO - Setting next_dagrun for example_subdag_operator.section-2 to None, run_after=None
[2026-04-22T12:18:54.814+0530] {logging_mixin.py:188} INFO - [2026-04-22T12:18:54.814+0530] {dag.py:3096} INFO - Sync 2 DAGs
[2026-04-22T12:18:54.815+0530] {logging_mixin.py:188} INFO - [2026-04-22T12:18:54.815+0530] {dag.py:3954} INFO - Setting next_dagrun for example_subdag_operator.section-1 to None, run_after=None
[2026-04-22T12:18:54.815+0530] {logging_mixin.py:188} INFO - [2026-04-22T12:18:54.815+0530] {dag.py:3954} INFO - Setting next_dagrun for example_subdag_operator.section-2 to None, run_after=None
[2026-04-22T12:18:54.818+0530] {processor.py:183} INFO - Processing /Library/Frameworks/Python.framework/Versions/3.10/lib/python3.10/site-packages/airflow/example_dags/example_subdag_operator.py took 0.058 seconds
[2026-04-22T12:20:36.046+0530] {processor.py:161} INFO - Started process (PID=72208) to work on /Library/Frameworks/Python.framework/Versions/3.10/lib/python3.10/site-packages/airflow/example_dags/example_subdag_operator.py
[2026-04-22T12:20:36.048+0530] {processor.py:830} INFO - Processing file /Library/Frameworks/Python.framework/Versions/3.10/lib/python3.10/site-packages/airflow/example_dags/example_subdag_operator.py for tasks to queue
[2026-04-22T12:20:36.048+0530] {logging_mixin.py:188} INFO - [2026-04-22T12:20:36.048+0530] {dagbag.py:545} INFO - Filling up the DagBag from /Library/Frameworks/Python.framework/Versions/3.10/lib/python3.10/site-packages/airflow/example_dags/example_subdag_operator.py
[2026-04-22T12:20:36.076+0530] {processor.py:840} INFO - DAG(s) 'example_subdag_operator.section-1', 'example_subdag_operator.section-2', 'example_subdag_operator' retrieved from /Library/Frameworks/Python.framework/Versions/3.10/lib/python3.10/site-packages/airflow/example_dags/example_subdag_operator.py
[2026-04-22T12:20:36.093+0530] {logging_mixin.py:188} INFO - [2026-04-22T12:20:36.093+0530] {dag.py:3096} INFO - Sync 3 DAGs
[2026-04-22T12:20:36.098+0530] {logging_mixin.py:188} INFO - [2026-04-22T12:20:36.098+0530] {dag.py:3954} INFO - Setting next_dagrun for example_subdag_operator to 2022-01-01 00:00:00+00:00, run_after=2022-01-01 00:00:00+00:00
[2026-04-22T12:20:36.099+0530] {logging_mixin.py:188} INFO - [2026-04-22T12:20:36.098+0530] {dag.py:3954} INFO - Setting next_dagrun for example_subdag_operator.section-1 to None, run_after=None
[2026-04-22T12:20:36.099+0530] {logging_mixin.py:188} INFO - [2026-04-22T12:20:36.099+0530] {dag.py:3954} INFO - Setting next_dagrun for example_subdag_operator.section-2 to None, run_after=None
[2026-04-22T12:20:36.101+0530] {logging_mixin.py:188} INFO - [2026-04-22T12:20:36.101+0530] {dag.py:3096} INFO - Sync 2 DAGs
[2026-04-22T12:20:36.102+0530] {logging_mixin.py:188} INFO - [2026-04-22T12:20:36.102+0530] {dag.py:3954} INFO - Setting next_dagrun for example_subdag_operator.section-1 to None, run_after=None
[2026-04-22T12:20:36.102+0530] {logging_mixin.py:188} INFO - [2026-04-22T12:20:36.102+0530] {dag.py:3954} INFO - Setting next_dagrun for example_subdag_operator.section-2 to None, run_after=None
[2026-04-22T12:20:36.105+0530] {processor.py:183} INFO - Processing /Library/Frameworks/Python.framework/Versions/3.10/lib/python3.10/site-packages/airflow/example_dags/example_subdag_operator.py took 0.060 seconds
[2026-04-22T12:22:25.070+0530] {processor.py:161} INFO - Started process (PID=72450) to work on /Library/Frameworks/Python.framework/Versions/3.10/lib/python3.10/site-packages/airflow/example_dags/example_subdag_operator.py
[2026-04-22T12:22:25.071+0530] {processor.py:830} INFO - Processing file /Library/Frameworks/Python.framework/Versions/3.10/lib/python3.10/site-packages/airflow/example_dags/example_subdag_operator.py for tasks to queue
[2026-04-22T12:22:25.072+0530] {logging_mixin.py:188} INFO - [2026-04-22T12:22:25.071+0530] {dagbag.py:545} INFO - Filling up the DagBag from /Library/Frameworks/Python.framework/Versions/3.10/lib/python3.10/site-packages/airflow/example_dags/example_subdag_operator.py
[2026-04-22T12:22:25.101+0530] {processor.py:840} INFO - DAG(s) 'example_subdag_operator.section-1', 'example_subdag_operator.section-2', 'example_subdag_operator' retrieved from /Library/Frameworks/Python.framework/Versions/3.10/lib/python3.10/site-packages/airflow/example_dags/example_subdag_operator.py
[2026-04-22T12:22:25.119+0530] {logging_mixin.py:188} INFO - [2026-04-22T12:22:25.119+0530] {dag.py:3096} INFO - Sync 3 DAGs
[2026-04-22T12:22:25.124+0530] {logging_mixin.py:188} INFO - [2026-04-22T12:22:25.123+0530] {dag.py:3954} INFO - Setting next_dagrun for example_subdag_operator to 2022-01-01 00:00:00+00:00, run_after=2022-01-01 00:00:00+00:00
[2026-04-22T12:22:25.124+0530] {logging_mixin.py:188} INFO - [2026-04-22T12:22:25.124+0530] {dag.py:3954} INFO - Setting next_dagrun for example_subdag_operator.section-1 to None, run_after=None
[2026-04-22T12:22:25.125+0530] {logging_mixin.py:188} INFO - [2026-04-22T12:22:25.125+0530] {dag.py:3954} INFO - Setting next_dagrun for example_subdag_operator.section-2 to None, run_after=None
[2026-04-22T12:22:25.127+0530] {logging_mixin.py:188} INFO - [2026-04-22T12:22:25.127+0530] {dag.py:3096} INFO - Sync 2 DAGs
[2026-04-22T12:22:25.128+0530] {logging_mixin.py:188} INFO - [2026-04-22T12:22:25.128+0530] {dag.py:3954} INFO - Setting next_dagrun for example_subdag_operator.section-1 to None, run_after=None
[2026-04-22T12:22:25.128+0530] {logging_mixin.py:188} INFO - [2026-04-22T12:22:25.128+0530] {dag.py:3954} INFO - Setting next_dagrun for example_subdag_operator.section-2 to None, run_after=None
[2026-04-22T12:22:25.131+0530] {processor.py:183} INFO - Processing /Library/Frameworks/Python.framework/Versions/3.10/lib/python3.10/site-packages/airflow/example_dags/example_subdag_operator.py took 0.062 seconds
[2026-04-22T12:24:05.884+0530] {processor.py:161} INFO - Started process (PID=72582) to work on /Library/Frameworks/Python.framework/Versions/3.10/lib/python3.10/site-packages/airflow/example_dags/example_subdag_operator.py
[2026-04-22T12:24:05.884+0530] {processor.py:830} INFO - Processing file /Library/Frameworks/Python.framework/Versions/3.10/lib/python3.10/site-packages/airflow/example_dags/example_subdag_operator.py for tasks to queue
[2026-04-22T12:24:05.884+0530] {logging_mixin.py:188} INFO - [2026-04-22T12:24:05.884+0530] {dagbag.py:545} INFO - Filling up the DagBag from /Library/Frameworks/Python.framework/Versions/3.10/lib/python3.10/site-packages/airflow/example_dags/example_subdag_operator.py
[2026-04-22T12:24:05.914+0530] {processor.py:840} INFO - DAG(s) 'example_subdag_operator.section-1', 'example_subdag_operator.section-2', 'example_subdag_operator' retrieved from /Library/Frameworks/Python.framework/Versions/3.10/lib/python3.10/site-packages/airflow/example_dags/example_subdag_operator.py
[2026-04-22T12:24:05.934+0530] {logging_mixin.py:188} INFO - [2026-04-22T12:24:05.934+0530] {dag.py:3096} INFO - Sync 3 DAGs
[2026-04-22T12:24:05.939+0530] {logging_mixin.py:188} INFO - [2026-04-22T12:24:05.939+0530] {dag.py:3954} INFO - Setting next_dagrun for example_subdag_operator to 2022-01-01 00:00:00+00:00, run_after=2022-01-01 00:00:00+00:00
[2026-04-22T12:24:05.940+0530] {logging_mixin.py:188} INFO - [2026-04-22T12:24:05.940+0530] {dag.py:3954} INFO - Setting next_dagrun for example_subdag_operator.section-1 to None, run_after=None
[2026-04-22T12:24:05.940+0530] {logging_mixin.py:188} INFO - [2026-04-22T12:24:05.940+0530] {dag.py:3954} INFO - Setting next_dagrun for example_subdag_operator.section-2 to None, run_after=None
[2026-04-22T12:24:05.942+0530] {logging_mixin.py:188} INFO - [2026-04-22T12:24:05.942+0530] {dag.py:3096} INFO - Sync 2 DAGs
[2026-04-22T12:24:05.943+0530] {logging_mixin.py:188} INFO - [2026-04-22T12:24:05.943+0530] {dag.py:3954} INFO - Setting next_dagrun for example_subdag_operator.section-1 to None, run_after=None
[2026-04-22T12:24:05.943+0530] {logging_mixin.py:188} INFO - [2026-04-22T12:24:05.943+0530] {dag.py:3954} INFO - Setting next_dagrun for example_subdag_operator.section-2 to None, run_after=None
[2026-04-22T12:24:05.946+0530] {processor.py:183} INFO - Processing /Library/Frameworks/Python.framework/Versions/3.10/lib/python3.10/site-packages/airflow/example_dags/example_subdag_operator.py took 0.064 seconds
[2026-04-22T12:25:50.879+0530] {processor.py:161} INFO - Started process (PID=72838) to work on /Library/Frameworks/Python.framework/Versions/3.10/lib/python3.10/site-packages/airflow/example_dags/example_subdag_operator.py
[2026-04-22T12:25:50.880+0530] {processor.py:830} INFO - Processing file /Library/Frameworks/Python.framework/Versions/3.10/lib/python3.10/site-packages/airflow/example_dags/example_subdag_operator.py for tasks to queue
[2026-04-22T12:25:50.880+0530] {logging_mixin.py:188} INFO - [2026-04-22T12:25:50.880+0530] {dagbag.py:545} INFO - Filling up the DagBag from /Library/Frameworks/Python.framework/Versions/3.10/lib/python3.10/site-packages/airflow/example_dags/example_subdag_operator.py
[2026-04-22T12:25:50.907+0530] {processor.py:840} INFO - DAG(s) 'example_subdag_operator.section-1', 'example_subdag_operator.section-2', 'example_subdag_operator' retrieved from /Library/Frameworks/Python.framework/Versions/3.10/lib/python3.10/site-packages/airflow/example_dags/example_subdag_operator.py
[2026-04-22T12:25:50.924+0530] {logging_mixin.py:188} INFO - [2026-04-22T12:25:50.924+0530] {dag.py:3096} INFO - Sync 3 DAGs
[2026-04-22T12:25:50.929+0530] {logging_mixin.py:188} INFO - [2026-04-22T12:25:50.929+0530] {dag.py:3954} INFO - Setting next_dagrun for example_subdag_operator to 2022-01-01 00:00:00+00:00, run_after=2022-01-01 00:00:00+00:00
[2026-04-22T12:25:50.930+0530] {logging_mixin.py:188} INFO - [2026-04-22T12:25:50.929+0530] {dag.py:3954} INFO - Setting next_dagrun for example_subdag_operator.section-1 to None, run_after=None
[2026-04-22T12:25:50.930+0530] {logging_mixin.py:188} INFO - [2026-04-22T12:25:50.930+0530] {dag.py:3954} INFO - Setting next_dagrun for example_subdag_operator.section-2 to None, run_after=None
[2026-04-22T12:25:50.932+0530] {logging_mixin.py:188} INFO - [2026-04-22T12:25:50.932+0530] {dag.py:3096} INFO - Sync 2 DAGs
[2026-04-22T12:25:50.933+0530] {logging_mixin.py:188} INFO - [2026-04-22T12:25:50.933+0530] {dag.py:3954} INFO - Setting next_dagrun for example_subdag_operator.section-1 to None, run_after=None
[2026-04-22T12:25:50.933+0530] {logging_mixin.py:188} INFO - [2026-04-22T12:25:50.933+0530] {dag.py:3954} INFO - Setting next_dagrun for example_subdag_operator.section-2 to None, run_after=None
[2026-04-22T12:25:50.936+0530] {processor.py:183} INFO - Processing /Library/Frameworks/Python.framework/Versions/3.10/lib/python3.10/site-packages/airflow/example_dags/example_subdag_operator.py took 0.058 seconds
[2026-04-22T12:27:36.077+0530] {processor.py:161} INFO - Started process (PID=73019) to work on /Library/Frameworks/Python.framework/Versions/3.10/lib/python3.10/site-packages/airflow/example_dags/example_subdag_operator.py
[2026-04-22T12:27:36.078+0530] {processor.py:830} INFO - Processing file /Library/Frameworks/Python.framework/Versions/3.10/lib/python3.10/site-packages/airflow/example_dags/example_subdag_operator.py for tasks to queue
[2026-04-22T12:27:36.078+0530] {logging_mixin.py:188} INFO - [2026-04-22T12:27:36.078+0530] {dagbag.py:545} INFO - Filling up the DagBag from /Library/Frameworks/Python.framework/Versions/3.10/lib/python3.10/site-packages/airflow/example_dags/example_subdag_operator.py
[2026-04-22T12:27:36.108+0530] {processor.py:840} INFO - DAG(s) 'example_subdag_operator.section-1', 'example_subdag_operator.section-2', 'example_subdag_operator' retrieved from /Library/Frameworks/Python.framework/Versions/3.10/lib/python3.10/site-packages/airflow/example_dags/example_subdag_operator.py
[2026-04-22T12:27:36.125+0530] {logging_mixin.py:188} INFO - [2026-04-22T12:27:36.125+0530] {dag.py:3096} INFO - Sync 3 DAGs
[2026-04-22T12:27:36.129+0530] {logging_mixin.py:188} INFO - [2026-04-22T12:27:36.129+0530] {dag.py:3954} INFO - Setting next_dagrun for example_subdag_operator to 2022-01-01 00:00:00+00:00, run_after=2022-01-01 00:00:00+00:00
[2026-04-22T12:27:36.130+0530] {logging_mixin.py:188} INFO - [2026-04-22T12:27:36.130+0530] {dag.py:3954} INFO - Setting next_dagrun for example_subdag_operator.section-1 to None, run_after=None
[2026-04-22T12:27:36.130+0530] {logging_mixin.py:188} INFO - [2026-04-22T12:27:36.130+0530] {dag.py:3954} INFO - Setting next_dagrun for example_subdag_operator.section-2 to None, run_after=None
[2026-04-22T12:27:36.132+0530] {logging_mixin.py:188} INFO - [2026-04-22T12:27:36.132+0530] {dag.py:3096} INFO - Sync 2 DAGs
[2026-04-22T12:27:36.133+0530] {logging_mixin.py:188} INFO - [2026-04-22T12:27:36.133+0530] {dag.py:3954} INFO - Setting next_dagrun for example_subdag_operator.section-1 to None, run_after=None
[2026-04-22T12:27:36.133+0530] {logging_mixin.py:188} INFO - [2026-04-22T12:27:36.133+0530] {dag.py:3954} INFO - Setting next_dagrun for example_subdag_operator.section-2 to None, run_after=None
[2026-04-22T12:27:36.137+0530] {processor.py:183} INFO - Processing /Library/Frameworks/Python.framework/Versions/3.10/lib/python3.10/site-packages/airflow/example_dags/example_subdag_operator.py took 0.060 seconds
[2026-04-22T12:29:32.216+0530] {processor.py:161} INFO - Started process (PID=73245) to work on /Library/Frameworks/Python.framework/Versions/3.10/lib/python3.10/site-packages/airflow/example_dags/example_subdag_operator.py
[2026-04-22T12:29:32.216+0530] {processor.py:830} INFO - Processing file /Library/Frameworks/Python.framework/Versions/3.10/lib/python3.10/site-packages/airflow/example_dags/example_subdag_operator.py for tasks to queue
[2026-04-22T12:29:32.216+0530] {logging_mixin.py:188} INFO - [2026-04-22T12:29:32.216+0530] {dagbag.py:545} INFO - Filling up the DagBag from /Library/Frameworks/Python.framework/Versions/3.10/lib/python3.10/site-packages/airflow/example_dags/example_subdag_operator.py
[2026-04-22T12:29:32.248+0530] {processor.py:840} INFO - DAG(s) 'example_subdag_operator.section-1', 'example_subdag_operator.section-2', 'example_subdag_operator' retrieved from /Library/Frameworks/Python.framework/Versions/3.10/lib/python3.10/site-packages/airflow/example_dags/example_subdag_operator.py
[2026-04-22T12:29:32.265+0530] {logging_mixin.py:188} INFO - [2026-04-22T12:29:32.265+0530] {dag.py:3096} INFO - Sync 3 DAGs
[2026-04-22T12:29:32.270+0530] {logging_mixin.py:188} INFO - [2026-04-22T12:29:32.270+0530] {dag.py:3954} INFO - Setting next_dagrun for example_subdag_operator to 2022-01-01 00:00:00+00:00, run_after=2022-01-01 00:00:00+00:00
[2026-04-22T12:29:32.271+0530] {logging_mixin.py:188} INFO - [2026-04-22T12:29:32.271+0530] {dag.py:3954} INFO - Setting next_dagrun for example_subdag_operator.section-1 to None, run_after=None
[2026-04-22T12:29:32.271+0530] {logging_mixin.py:188} INFO - [2026-04-22T12:29:32.271+0530] {dag.py:3954} INFO - Setting next_dagrun for example_subdag_operator.section-2 to None, run_after=None
[2026-04-22T12:29:32.273+0530] {logging_mixin.py:188} INFO - [2026-04-22T12:29:32.273+0530] {dag.py:3096} INFO - Sync 2 DAGs
[2026-04-22T12:29:32.274+0530] {logging_mixin.py:188} INFO - [2026-04-22T12:29:32.274+0530] {dag.py:3954} INFO - Setting next_dagrun for example_subdag_operator.section-1 to None, run_after=None
[2026-04-22T12:29:32.274+0530] {logging_mixin.py:188} INFO - [2026-04-22T12:29:32.274+0530] {dag.py:3954} INFO - Setting next_dagrun for example_subdag_operator.section-2 to None, run_after=None
[2026-04-22T12:29:32.278+0530] {processor.py:183} INFO - Processing /Library/Frameworks/Python.framework/Versions/3.10/lib/python3.10/site-packages/airflow/example_dags/example_subdag_operator.py took 0.063 seconds
[2026-04-22T12:31:20.874+0530] {processor.py:161} INFO - Started process (PID=73490) to work on /Library/Frameworks/Python.framework/Versions/3.10/lib/python3.10/site-packages/airflow/example_dags/example_subdag_operator.py
[2026-04-22T12:31:20.874+0530] {processor.py:830} INFO - Processing file /Library/Frameworks/Python.framework/Versions/3.10/lib/python3.10/site-packages/airflow/example_dags/example_subdag_operator.py for tasks to queue
[2026-04-22T12:31:20.874+0530] {logging_mixin.py:188} INFO - [2026-04-22T12:31:20.874+0530] {dagbag.py:545} INFO - Filling up the DagBag from /Library/Frameworks/Python.framework/Versions/3.10/lib/python3.10/site-packages/airflow/example_dags/example_subdag_operator.py
[2026-04-22T12:31:20.903+0530] {processor.py:840} INFO - DAG(s) 'example_subdag_operator.section-1', 'example_subdag_operator.section-2', 'example_subdag_operator' retrieved from /Library/Frameworks/Python.framework/Versions/3.10/lib/python3.10/site-packages/airflow/example_dags/example_subdag_operator.py
[2026-04-22T12:31:20.921+0530] {logging_mixin.py:188} INFO - [2026-04-22T12:31:20.921+0530] {dag.py:3096} INFO - Sync 3 DAGs
[2026-04-22T12:31:20.925+0530] {logging_mixin.py:188} INFO - [2026-04-22T12:31:20.925+0530] {dag.py:3954} INFO - Setting next_dagrun for example_subdag_operator to 2022-01-01 00:00:00+00:00, run_after=2022-01-01 00:00:00+00:00
[2026-04-22T12:31:20.926+0530] {logging_mixin.py:188} INFO - [2026-04-22T12:31:20.926+0530] {dag.py:3954} INFO - Setting next_dagrun for example_subdag_operator.section-1 to None, run_after=None
[2026-04-22T12:31:20.926+0530] {logging_mixin.py:188} INFO - [2026-04-22T12:31:20.926+0530] {dag.py:3954} INFO - Setting next_dagrun for example_subdag_operator.section-2 to None, run_after=None
[2026-04-22T12:31:20.928+0530] {logging_mixin.py:188} INFO - [2026-04-22T12:31:20.928+0530] {dag.py:3096} INFO - Sync 2 DAGs
[2026-04-22T12:31:20.929+0530] {logging_mixin.py:188} INFO - [2026-04-22T12:31:20.929+0530] {dag.py:3954} INFO - Setting next_dagrun for example_subdag_operator.section-1 to None, run_after=None
[2026-04-22T12:31:20.929+0530] {logging_mixin.py:188} INFO - [2026-04-22T12:31:20.929+0530] {dag.py:3954} INFO - Setting next_dagrun for example_subdag_operator.section-2 to None, run_after=None
[2026-04-22T12:31:20.933+0530] {processor.py:183} INFO - Processing /Library/Frameworks/Python.framework/Versions/3.10/lib/python3.10/site-packages/airflow/example_dags/example_subdag_operator.py took 0.060 seconds
[2026-04-22T12:33:05.554+0530] {processor.py:161} INFO - Started process (PID=73689) to work on /Library/Frameworks/Python.framework/Versions/3.10/lib/python3.10/site-packages/airflow/example_dags/example_subdag_operator.py
[2026-04-22T12:33:05.555+0530] {processor.py:830} INFO - Processing file /Library/Frameworks/Python.framework/Versions/3.10/lib/python3.10/site-packages/airflow/example_dags/example_subdag_operator.py for tasks to queue
[2026-04-22T12:33:05.555+0530] {logging_mixin.py:188} INFO - [2026-04-22T12:33:05.555+0530] {dagbag.py:545} INFO - Filling up the DagBag from /Library/Frameworks/Python.framework/Versions/3.10/lib/python3.10/site-packages/airflow/example_dags/example_subdag_operator.py
[2026-04-22T12:33:05.584+0530] {processor.py:840} INFO - DAG(s) 'example_subdag_operator.section-1', 'example_subdag_operator.section-2', 'example_subdag_operator' retrieved from /Library/Frameworks/Python.framework/Versions/3.10/lib/python3.10/site-packages/airflow/example_dags/example_subdag_operator.py
[2026-04-22T12:33:05.601+0530] {logging_mixin.py:188} INFO - [2026-04-22T12:33:05.601+0530] {dag.py:3096} INFO - Sync 3 DAGs
[2026-04-22T12:33:05.606+0530] {logging_mixin.py:188} INFO - [2026-04-22T12:33:05.606+0530] {dag.py:3954} INFO - Setting next_dagrun for example_subdag_operator to 2022-01-01 00:00:00+00:00, run_after=2022-01-01 00:00:00+00:00
[2026-04-22T12:33:05.607+0530] {logging_mixin.py:188} INFO - [2026-04-22T12:33:05.607+0530] {dag.py:3954} INFO - Setting next_dagrun for example_subdag_operator.section-1 to None, run_after=None
[2026-04-22T12:33:05.607+0530] {logging_mixin.py:188} INFO - [2026-04-22T12:33:05.607+0530] {dag.py:3954} INFO - Setting next_dagrun for example_subdag_operator.section-2 to None, run_after=None
[2026-04-22T12:33:05.609+0530] {logging_mixin.py:188} INFO - [2026-04-22T12:33:05.609+0530] {dag.py:3096} INFO - Sync 2 DAGs
[2026-04-22T12:33:05.610+0530] {logging_mixin.py:188} INFO - [2026-04-22T12:33:05.610+0530] {dag.py:3954} INFO - Setting next_dagrun for example_subdag_operator.section-1 to None, run_after=None
[2026-04-22T12:33:05.610+0530] {logging_mixin.py:188} INFO - [2026-04-22T12:33:05.610+0530] {dag.py:3954} INFO - Setting next_dagrun for example_subdag_operator.section-2 to None, run_after=None
[2026-04-22T12:33:05.614+0530] {processor.py:183} INFO - Processing /Library/Frameworks/Python.framework/Versions/3.10/lib/python3.10/site-packages/airflow/example_dags/example_subdag_operator.py took 0.060 seconds
[2026-04-22T12:34:50.064+0530] {processor.py:161} INFO - Started process (PID=73826) to work on /Library/Frameworks/Python.framework/Versions/3.10/lib/python3.10/site-packages/airflow/example_dags/example_subdag_operator.py
[2026-04-22T12:34:50.065+0530] {processor.py:830} INFO - Processing file /Library/Frameworks/Python.framework/Versions/3.10/lib/python3.10/site-packages/airflow/example_dags/example_subdag_operator.py for tasks to queue
[2026-04-22T12:34:50.065+0530] {logging_mixin.py:188} INFO - [2026-04-22T12:34:50.065+0530] {dagbag.py:545} INFO - Filling up the DagBag from /Library/Frameworks/Python.framework/Versions/3.10/lib/python3.10/site-packages/airflow/example_dags/example_subdag_operator.py
[2026-04-22T12:34:50.093+0530] {processor.py:840} INFO - DAG(s) 'example_subdag_operator.section-1', 'example_subdag_operator.section-2', 'example_subdag_operator' retrieved from /Library/Frameworks/Python.framework/Versions/3.10/lib/python3.10/site-packages/airflow/example_dags/example_subdag_operator.py
[2026-04-22T12:34:50.110+0530] {logging_mixin.py:188} INFO - [2026-04-22T12:34:50.110+0530] {dag.py:3096} INFO - Sync 3 DAGs
[2026-04-22T12:34:50.115+0530] {logging_mixin.py:188} INFO - [2026-04-22T12:34:50.115+0530] {dag.py:3954} INFO - Setting next_dagrun for example_subdag_operator to 2022-01-01 00:00:00+00:00, run_after=2022-01-01 00:00:00+00:00
[2026-04-22T12:34:50.115+0530] {logging_mixin.py:188} INFO - [2026-04-22T12:34:50.115+0530] {dag.py:3954} INFO - Setting next_dagrun for example_subdag_operator.section-1 to None, run_after=None
[2026-04-22T12:34:50.116+0530] {logging_mixin.py:188} INFO - [2026-04-22T12:34:50.116+0530] {dag.py:3954} INFO - Setting next_dagrun for example_subdag_operator.section-2 to None, run_after=None
[2026-04-22T12:34:50.118+0530] {logging_mixin.py:188} INFO - [2026-04-22T12:34:50.118+0530] {dag.py:3096} INFO - Sync 2 DAGs
[2026-04-22T12:34:50.119+0530] {logging_mixin.py:188} INFO - [2026-04-22T12:34:50.119+0530] {dag.py:3954} INFO - Setting next_dagrun for example_subdag_operator.section-1 to None, run_after=None
[2026-04-22T12:34:50.119+0530] {logging_mixin.py:188} INFO - [2026-04-22T12:34:50.119+0530] {dag.py:3954} INFO - Setting next_dagrun for example_subdag_operator.section-2 to None, run_after=None
[2026-04-22T12:34:50.122+0530] {processor.py:183} INFO - Processing /Library/Frameworks/Python.framework/Versions/3.10/lib/python3.10/site-packages/airflow/example_dags/example_subdag_operator.py took 0.059 seconds
[2026-04-22T12:36:31.961+0530] {processor.py:161} INFO - Started process (PID=73960) to work on /Library/Frameworks/Python.framework/Versions/3.10/lib/python3.10/site-packages/airflow/example_dags/example_subdag_operator.py
[2026-04-22T12:36:31.962+0530] {processor.py:830} INFO - Processing file /Library/Frameworks/Python.framework/Versions/3.10/lib/python3.10/site-packages/airflow/example_dags/example_subdag_operator.py for tasks to queue
[2026-04-22T12:36:31.962+0530] {logging_mixin.py:188} INFO - [2026-04-22T12:36:31.962+0530] {dagbag.py:545} INFO - Filling up the DagBag from /Library/Frameworks/Python.framework/Versions/3.10/lib/python3.10/site-packages/airflow/example_dags/example_subdag_operator.py
[2026-04-22T12:36:31.990+0530] {processor.py:840} INFO - DAG(s) 'example_subdag_operator.section-1', 'example_subdag_operator.section-2', 'example_subdag_operator' retrieved from /Library/Frameworks/Python.framework/Versions/3.10/lib/python3.10/site-packages/airflow/example_dags/example_subdag_operator.py
[2026-04-22T12:36:32.007+0530] {logging_mixin.py:188} INFO - [2026-04-22T12:36:32.007+0530] {dag.py:3096} INFO - Sync 3 DAGs
[2026-04-22T12:36:32.011+0530] {logging_mixin.py:188} INFO - [2026-04-22T12:36:32.011+0530] {dag.py:3954} INFO - Setting next_dagrun for example_subdag_operator to 2022-01-01 00:00:00+00:00, run_after=2022-01-01 00:00:00+00:00
[2026-04-22T12:36:32.012+0530] {logging_mixin.py:188} INFO - [2026-04-22T12:36:32.012+0530] {dag.py:3954} INFO - Setting next_dagrun for example_subdag_operator.section-1 to None, run_after=None
[2026-04-22T12:36:32.012+0530] {logging_mixin.py:188} INFO - [2026-04-22T12:36:32.012+0530] {dag.py:3954} INFO - Setting next_dagrun for example_subdag_operator.section-2 to None, run_after=None
[2026-04-22T12:36:32.014+0530] {logging_mixin.py:188} INFO - [2026-04-22T12:36:32.014+0530] {dag.py:3096} INFO - Sync 2 DAGs
[2026-04-22T12:36:32.015+0530] {logging_mixin.py:188} INFO - [2026-04-22T12:36:32.015+0530] {dag.py:3954} INFO - Setting next_dagrun for example_subdag_operator.section-1 to None, run_after=None
[2026-04-22T12:36:32.015+0530] {logging_mixin.py:188} INFO - [2026-04-22T12:36:32.015+0530] {dag.py:3954} INFO - Setting next_dagrun for example_subdag_operator.section-2 to None, run_after=None
[2026-04-22T12:36:32.019+0530] {processor.py:183} INFO - Processing /Library/Frameworks/Python.framework/Versions/3.10/lib/python3.10/site-packages/airflow/example_dags/example_subdag_operator.py took 0.059 seconds
[2026-04-22T12:38:24.048+0530] {processor.py:161} INFO - Started process (PID=74082) to work on /Library/Frameworks/Python.framework/Versions/3.10/lib/python3.10/site-packages/airflow/example_dags/example_subdag_operator.py
[2026-04-22T12:38:24.049+0530] {processor.py:830} INFO - Processing file /Library/Frameworks/Python.framework/Versions/3.10/lib/python3.10/site-packages/airflow/example_dags/example_subdag_operator.py for tasks to queue
[2026-04-22T12:38:24.049+0530] {logging_mixin.py:188} INFO - [2026-04-22T12:38:24.049+0530] {dagbag.py:545} INFO - Filling up the DagBag from /Library/Frameworks/Python.framework/Versions/3.10/lib/python3.10/site-packages/airflow/example_dags/example_subdag_operator.py
[2026-04-22T12:38:24.077+0530] {processor.py:840} INFO - DAG(s) 'example_subdag_operator.section-1', 'example_subdag_operator.section-2', 'example_subdag_operator' retrieved from /Library/Frameworks/Python.framework/Versions/3.10/lib/python3.10/site-packages/airflow/example_dags/example_subdag_operator.py
[2026-04-22T12:38:24.095+0530] {logging_mixin.py:188} INFO - [2026-04-22T12:38:24.095+0530] {dag.py:3096} INFO - Sync 3 DAGs
[2026-04-22T12:38:24.099+0530] {logging_mixin.py:188} INFO - [2026-04-22T12:38:24.099+0530] {dag.py:3954} INFO - Setting next_dagrun for example_subdag_operator to 2022-01-01 00:00:00+00:00, run_after=2022-01-01 00:00:00+00:00
[2026-04-22T12:38:24.100+0530] {logging_mixin.py:188} INFO - [2026-04-22T12:38:24.100+0530] {dag.py:3954} INFO - Setting next_dagrun for example_subdag_operator.section-1 to None, run_after=None
[2026-04-22T12:38:24.101+0530] {logging_mixin.py:188} INFO - [2026-04-22T12:38:24.101+0530] {dag.py:3954} INFO - Setting next_dagrun for example_subdag_operator.section-2 to None, run_after=None
[2026-04-22T12:38:24.102+0530] {logging_mixin.py:188} INFO - [2026-04-22T12:38:24.102+0530] {dag.py:3096} INFO - Sync 2 DAGs
[2026-04-22T12:38:24.104+0530] {logging_mixin.py:188} INFO - [2026-04-22T12:38:24.103+0530] {dag.py:3954} INFO - Setting next_dagrun for example_subdag_operator.section-1 to None, run_after=None
[2026-04-22T12:38:24.104+0530] {logging_mixin.py:188} INFO - [2026-04-22T12:38:24.104+0530] {dag.py:3954} INFO - Setting next_dagrun for example_subdag_operator.section-2 to None, run_after=None
[2026-04-22T12:38:24.107+0530] {processor.py:183} INFO - Processing /Library/Frameworks/Python.framework/Versions/3.10/lib/python3.10/site-packages/airflow/example_dags/example_subdag_operator.py took 0.060 seconds
[2026-04-22T12:40:24.158+0530] {processor.py:161} INFO - Started process (PID=74221) to work on /Library/Frameworks/Python.framework/Versions/3.10/lib/python3.10/site-packages/airflow/example_dags/example_subdag_operator.py
[2026-04-22T12:40:24.159+0530] {processor.py:830} INFO - Processing file /Library/Frameworks/Python.framework/Versions/3.10/lib/python3.10/site-packages/airflow/example_dags/example_subdag_operator.py for tasks to queue
[2026-04-22T12:40:24.159+0530] {logging_mixin.py:188} INFO - [2026-04-22T12:40:24.159+0530] {dagbag.py:545} INFO - Filling up the DagBag from /Library/Frameworks/Python.framework/Versions/3.10/lib/python3.10/site-packages/airflow/example_dags/example_subdag_operator.py
[2026-04-22T12:40:24.188+0530] {processor.py:840} INFO - DAG(s) 'example_subdag_operator.section-1', 'example_subdag_operator.section-2', 'example_subdag_operator' retrieved from /Library/Frameworks/Python.framework/Versions/3.10/lib/python3.10/site-packages/airflow/example_dags/example_subdag_operator.py
[2026-04-22T12:40:24.205+0530] {logging_mixin.py:188} INFO - [2026-04-22T12:40:24.204+0530] {dag.py:3096} INFO - Sync 3 DAGs
[2026-04-22T12:40:24.209+0530] {logging_mixin.py:188} INFO - [2026-04-22T12:40:24.209+0530] {dag.py:3954} INFO - Setting next_dagrun for example_subdag_operator to 2022-01-01 00:00:00+00:00, run_after=2022-01-01 00:00:00+00:00
[2026-04-22T12:40:24.210+0530] {logging_mixin.py:188} INFO - [2026-04-22T12:40:24.210+0530] {dag.py:3954} INFO - Setting next_dagrun for example_subdag_operator.section-1 to None, run_after=None
[2026-04-22T12:40:24.210+0530] {logging_mixin.py:188} INFO - [2026-04-22T12:40:24.210+0530] {dag.py:3954} INFO - Setting next_dagrun for example_subdag_operator.section-2 to None, run_after=None
[2026-04-22T12:40:24.212+0530] {logging_mixin.py:188} INFO - [2026-04-22T12:40:24.212+0530] {dag.py:3096} INFO - Sync 2 DAGs
[2026-04-22T12:40:24.213+0530] {logging_mixin.py:188} INFO - [2026-04-22T12:40:24.213+0530] {dag.py:3954} INFO - Setting next_dagrun for example_subdag_operator.section-1 to None, run_after=None
[2026-04-22T12:40:24.213+0530] {logging_mixin.py:188} INFO - [2026-04-22T12:40:24.213+0530] {dag.py:3954} INFO - Setting next_dagrun for example_subdag_operator.section-2 to None, run_after=None
[2026-04-22T12:40:24.216+0530] {processor.py:183} INFO - Processing /Library/Frameworks/Python.framework/Versions/3.10/lib/python3.10/site-packages/airflow/example_dags/example_subdag_operator.py took 0.059 seconds
[2026-04-22T12:42:20.854+0530] {processor.py:161} INFO - Started process (PID=74365) to work on /Library/Frameworks/Python.framework/Versions/3.10/lib/python3.10/site-packages/airflow/example_dags/example_subdag_operator.py
[2026-04-22T12:42:20.854+0530] {processor.py:830} INFO - Processing file /Library/Frameworks/Python.framework/Versions/3.10/lib/python3.10/site-packages/airflow/example_dags/example_subdag_operator.py for tasks to queue
[2026-04-22T12:42:20.854+0530] {logging_mixin.py:188} INFO - [2026-04-22T12:42:20.854+0530] {dagbag.py:545} INFO - Filling up the DagBag from /Library/Frameworks/Python.framework/Versions/3.10/lib/python3.10/site-packages/airflow/example_dags/example_subdag_operator.py
[2026-04-22T12:42:20.882+0530] {processor.py:840} INFO - DAG(s) 'example_subdag_operator.section-1', 'example_subdag_operator.section-2', 'example_subdag_operator' retrieved from /Library/Frameworks/Python.framework/Versions/3.10/lib/python3.10/site-packages/airflow/example_dags/example_subdag_operator.py
[2026-04-22T12:42:20.900+0530] {logging_mixin.py:188} INFO - [2026-04-22T12:42:20.900+0530] {dag.py:3096} INFO - Sync 3 DAGs
[2026-04-22T12:42:20.905+0530] {logging_mixin.py:188} INFO - [2026-04-22T12:42:20.905+0530] {dag.py:3954} INFO - Setting next_dagrun for example_subdag_operator to 2022-01-01 00:00:00+00:00, run_after=2022-01-01 00:00:00+00:00
[2026-04-22T12:42:20.906+0530] {logging_mixin.py:188} INFO - [2026-04-22T12:42:20.906+0530] {dag.py:3954} INFO - Setting next_dagrun for example_subdag_operator.section-1 to None, run_after=None
[2026-04-22T12:42:20.906+0530] {logging_mixin.py:188} INFO - [2026-04-22T12:42:20.906+0530] {dag.py:3954} INFO - Setting next_dagrun for example_subdag_operator.section-2 to None, run_after=None
[2026-04-22T12:42:20.908+0530] {logging_mixin.py:188} INFO - [2026-04-22T12:42:20.908+0530] {dag.py:3096} INFO - Sync 2 DAGs
[2026-04-22T12:42:20.909+0530] {logging_mixin.py:188} INFO - [2026-04-22T12:42:20.909+0530] {dag.py:3954} INFO - Setting next_dagrun for example_subdag_operator.section-1 to None, run_after=None
[2026-04-22T12:42:20.909+0530] {logging_mixin.py:188} INFO - [2026-04-22T12:42:20.909+0530] {dag.py:3954} INFO - Setting next_dagrun for example_subdag_operator.section-2 to None, run_after=None
[2026-04-22T12:42:20.913+0530] {processor.py:183} INFO - Processing /Library/Frameworks/Python.framework/Versions/3.10/lib/python3.10/site-packages/airflow/example_dags/example_subdag_operator.py took 0.060 seconds
