[2026-04-22T05:58:06.383+0530] {processor.py:161} INFO - Started process (PID=68517) to work on /Library/Frameworks/Python.framework/Versions/3.10/lib/python3.10/site-packages/airflow/example_dags/example_sla_dag.py
[2026-04-22T05:58:06.383+0530] {processor.py:830} INFO - Processing file /Library/Frameworks/Python.framework/Versions/3.10/lib/python3.10/site-packages/airflow/example_dags/example_sla_dag.py for tasks to queue
[2026-04-22T05:58:06.384+0530] {logging_mixin.py:188} INFO - [2026-04-22T05:58:06.383+0530] {dagbag.py:545} INFO - Filling up the DagBag from /Library/Frameworks/Python.framework/Versions/3.10/lib/python3.10/site-packages/airflow/example_dags/example_sla_dag.py
[2026-04-22T05:58:06.396+0530] {processor.py:840} INFO - DAG(s) 'example_sla_dag' retrieved from /Library/Frameworks/Python.framework/Versions/3.10/lib/python3.10/site-packages/airflow/example_dags/example_sla_dag.py
[2026-04-22T05:58:06.429+0530] {logging_mixin.py:188} INFO - [2026-04-22T05:58:06.428+0530] {dag.py:3096} INFO - Sync 1 DAGs
[2026-04-22T05:58:06.435+0530] {logging_mixin.py:188} INFO - [2026-04-22T05:58:06.435+0530] {dag.py:3954} INFO - Setting next_dagrun for example_sla_dag to 2026-04-22 00:26:00+00:00, run_after=2026-04-22 00:28:00+00:00
[2026-04-22T05:58:06.440+0530] {processor.py:183} INFO - Processing /Library/Frameworks/Python.framework/Versions/3.10/lib/python3.10/site-packages/airflow/example_dags/example_sla_dag.py took 0.058 seconds
[2026-04-22T11:47:22.581+0530] {processor.py:161} INFO - Started process (PID=69292) to work on /Library/Frameworks/Python.framework/Versions/3.10/lib/python3.10/site-packages/airflow/example_dags/example_sla_dag.py
[2026-04-22T11:47:22.581+0530] {processor.py:830} INFO - Processing file /Library/Frameworks/Python.framework/Versions/3.10/lib/python3.10/site-packages/airflow/example_dags/example_sla_dag.py for tasks to queue
[2026-04-22T11:47:22.582+0530] {logging_mixin.py:188} INFO - [2026-04-22T11:47:22.582+0530] {dagbag.py:545} INFO - Filling up the DagBag from /Library/Frameworks/Python.framework/Versions/3.10/lib/python3.10/site-packages/airflow/example_dags/example_sla_dag.py
[2026-04-22T11:47:22.595+0530] {processor.py:840} INFO - DAG(s) 'example_sla_dag' retrieved from /Library/Frameworks/Python.framework/Versions/3.10/lib/python3.10/site-packages/airflow/example_dags/example_sla_dag.py
[2026-04-22T11:47:22.628+0530] {logging_mixin.py:188} INFO - [2026-04-22T11:47:22.627+0530] {dag.py:3096} INFO - Sync 1 DAGs
[2026-04-22T11:47:22.634+0530] {logging_mixin.py:188} INFO - [2026-04-22T11:47:22.633+0530] {dag.py:3954} INFO - Setting next_dagrun for example_sla_dag to 2026-04-22 06:14:00+00:00, run_after=2026-04-22 06:16:00+00:00
[2026-04-22T11:47:22.639+0530] {processor.py:183} INFO - Processing /Library/Frameworks/Python.framework/Versions/3.10/lib/python3.10/site-packages/airflow/example_dags/example_sla_dag.py took 0.059 seconds
[2026-04-22T11:48:11.239+0530] {processor.py:161} INFO - Started process (PID=69372) to work on /Library/Frameworks/Python.framework/Versions/3.10/lib/python3.10/site-packages/airflow/example_dags/example_sla_dag.py
[2026-04-22T11:48:11.240+0530] {processor.py:830} INFO - Processing file /Library/Frameworks/Python.framework/Versions/3.10/lib/python3.10/site-packages/airflow/example_dags/example_sla_dag.py for tasks to queue
[2026-04-22T11:48:11.240+0530] {logging_mixin.py:188} INFO - [2026-04-22T11:48:11.240+0530] {dagbag.py:545} INFO - Filling up the DagBag from /Library/Frameworks/Python.framework/Versions/3.10/lib/python3.10/site-packages/airflow/example_dags/example_sla_dag.py
[2026-04-22T11:48:11.252+0530] {processor.py:840} INFO - DAG(s) 'example_sla_dag' retrieved from /Library/Frameworks/Python.framework/Versions/3.10/lib/python3.10/site-packages/airflow/example_dags/example_sla_dag.py
[2026-04-22T11:48:11.283+0530] {logging_mixin.py:188} INFO - [2026-04-22T11:48:11.283+0530] {dag.py:3096} INFO - Sync 1 DAGs
[2026-04-22T11:48:11.288+0530] {logging_mixin.py:188} INFO - [2026-04-22T11:48:11.288+0530] {dag.py:3954} INFO - Setting next_dagrun for example_sla_dag to 2026-04-22 06:16:00+00:00, run_after=2026-04-22 06:18:00+00:00
[2026-04-22T11:48:11.293+0530] {processor.py:183} INFO - Processing /Library/Frameworks/Python.framework/Versions/3.10/lib/python3.10/site-packages/airflow/example_dags/example_sla_dag.py took 0.056 seconds
[2026-04-22T11:48:59.721+0530] {processor.py:161} INFO - Started process (PID=69458) to work on /Library/Frameworks/Python.framework/Versions/3.10/lib/python3.10/site-packages/airflow/example_dags/example_sla_dag.py
[2026-04-22T11:48:59.722+0530] {processor.py:830} INFO - Processing file /Library/Frameworks/Python.framework/Versions/3.10/lib/python3.10/site-packages/airflow/example_dags/example_sla_dag.py for tasks to queue
[2026-04-22T11:48:59.723+0530] {logging_mixin.py:188} INFO - [2026-04-22T11:48:59.723+0530] {dagbag.py:545} INFO - Filling up the DagBag from /Library/Frameworks/Python.framework/Versions/3.10/lib/python3.10/site-packages/airflow/example_dags/example_sla_dag.py
[2026-04-22T11:48:59.735+0530] {processor.py:840} INFO - DAG(s) 'example_sla_dag' retrieved from /Library/Frameworks/Python.framework/Versions/3.10/lib/python3.10/site-packages/airflow/example_dags/example_sla_dag.py
[2026-04-22T11:48:59.768+0530] {logging_mixin.py:188} INFO - [2026-04-22T11:48:59.767+0530] {dag.py:3096} INFO - Sync 1 DAGs
[2026-04-22T11:48:59.773+0530] {logging_mixin.py:188} INFO - [2026-04-22T11:48:59.773+0530] {dag.py:3954} INFO - Setting next_dagrun for example_sla_dag to 2026-04-22 06:16:00+00:00, run_after=2026-04-22 06:18:00+00:00
[2026-04-22T11:48:59.778+0530] {processor.py:183} INFO - Processing /Library/Frameworks/Python.framework/Versions/3.10/lib/python3.10/site-packages/airflow/example_dags/example_sla_dag.py took 0.058 seconds
[2026-04-22T11:49:55.542+0530] {processor.py:161} INFO - Started process (PID=69553) to work on /Library/Frameworks/Python.framework/Versions/3.10/lib/python3.10/site-packages/airflow/example_dags/example_sla_dag.py
[2026-04-22T11:49:55.542+0530] {processor.py:830} INFO - Processing file /Library/Frameworks/Python.framework/Versions/3.10/lib/python3.10/site-packages/airflow/example_dags/example_sla_dag.py for tasks to queue
[2026-04-22T11:49:55.543+0530] {logging_mixin.py:188} INFO - [2026-04-22T11:49:55.543+0530] {dagbag.py:545} INFO - Filling up the DagBag from /Library/Frameworks/Python.framework/Versions/3.10/lib/python3.10/site-packages/airflow/example_dags/example_sla_dag.py
[2026-04-22T11:49:55.555+0530] {processor.py:840} INFO - DAG(s) 'example_sla_dag' retrieved from /Library/Frameworks/Python.framework/Versions/3.10/lib/python3.10/site-packages/airflow/example_dags/example_sla_dag.py
[2026-04-22T11:49:55.587+0530] {logging_mixin.py:188} INFO - [2026-04-22T11:49:55.587+0530] {dag.py:3096} INFO - Sync 1 DAGs
[2026-04-22T11:49:55.592+0530] {logging_mixin.py:188} INFO - [2026-04-22T11:49:55.592+0530] {dag.py:3954} INFO - Setting next_dagrun for example_sla_dag to 2026-04-22 06:16:00+00:00, run_after=2026-04-22 06:18:00+00:00
[2026-04-22T11:49:55.597+0530] {processor.py:183} INFO - Processing /Library/Frameworks/Python.framework/Versions/3.10/lib/python3.10/site-packages/airflow/example_dags/example_sla_dag.py took 0.056 seconds
[2026-04-22T11:50:50.675+0530] {processor.py:161} INFO - Started process (PID=69643) to work on /Library/Frameworks/Python.framework/Versions/3.10/lib/python3.10/site-packages/airflow/example_dags/example_sla_dag.py
[2026-04-22T11:50:50.676+0530] {processor.py:830} INFO - Processing file /Library/Frameworks/Python.framework/Versions/3.10/lib/python3.10/site-packages/airflow/example_dags/example_sla_dag.py for tasks to queue
[2026-04-22T11:50:50.676+0530] {logging_mixin.py:188} INFO - [2026-04-22T11:50:50.676+0530] {dagbag.py:545} INFO - Filling up the DagBag from /Library/Frameworks/Python.framework/Versions/3.10/lib/python3.10/site-packages/airflow/example_dags/example_sla_dag.py
[2026-04-22T11:50:50.688+0530] {processor.py:840} INFO - DAG(s) 'example_sla_dag' retrieved from /Library/Frameworks/Python.framework/Versions/3.10/lib/python3.10/site-packages/airflow/example_dags/example_sla_dag.py
[2026-04-22T11:50:50.720+0530] {logging_mixin.py:188} INFO - [2026-04-22T11:50:50.720+0530] {dag.py:3096} INFO - Sync 1 DAGs
[2026-04-22T11:50:50.726+0530] {logging_mixin.py:188} INFO - [2026-04-22T11:50:50.726+0530] {dag.py:3954} INFO - Setting next_dagrun for example_sla_dag to 2026-04-22 06:18:00+00:00, run_after=2026-04-22 06:20:00+00:00
[2026-04-22T11:50:50.731+0530] {processor.py:183} INFO - Processing /Library/Frameworks/Python.framework/Versions/3.10/lib/python3.10/site-packages/airflow/example_dags/example_sla_dag.py took 0.057 seconds
[2026-04-22T12:09:58.184+0530] {processor.py:161} INFO - Started process (PID=70909) to work on /Library/Frameworks/Python.framework/Versions/3.10/lib/python3.10/site-packages/airflow/example_dags/example_sla_dag.py
[2026-04-22T12:09:58.185+0530] {processor.py:830} INFO - Processing file /Library/Frameworks/Python.framework/Versions/3.10/lib/python3.10/site-packages/airflow/example_dags/example_sla_dag.py for tasks to queue
[2026-04-22T12:09:58.185+0530] {logging_mixin.py:188} INFO - [2026-04-22T12:09:58.185+0530] {dagbag.py:545} INFO - Filling up the DagBag from /Library/Frameworks/Python.framework/Versions/3.10/lib/python3.10/site-packages/airflow/example_dags/example_sla_dag.py
[2026-04-22T12:09:58.197+0530] {processor.py:840} INFO - DAG(s) 'example_sla_dag' retrieved from /Library/Frameworks/Python.framework/Versions/3.10/lib/python3.10/site-packages/airflow/example_dags/example_sla_dag.py
[2026-04-22T12:09:58.228+0530] {logging_mixin.py:188} INFO - [2026-04-22T12:09:58.228+0530] {dag.py:3096} INFO - Sync 1 DAGs
[2026-04-22T12:09:58.233+0530] {logging_mixin.py:188} INFO - [2026-04-22T12:09:58.233+0530] {dag.py:3954} INFO - Setting next_dagrun for example_sla_dag to 2026-04-22 06:36:00+00:00, run_after=2026-04-22 06:38:00+00:00
[2026-04-22T12:09:58.238+0530] {processor.py:183} INFO - Processing /Library/Frameworks/Python.framework/Versions/3.10/lib/python3.10/site-packages/airflow/example_dags/example_sla_dag.py took 0.055 seconds
[2026-04-22T12:14:55.467+0530] {processor.py:161} INFO - Started process (PID=71265) to work on /Library/Frameworks/Python.framework/Versions/3.10/lib/python3.10/site-packages/airflow/example_dags/example_sla_dag.py
[2026-04-22T12:14:55.468+0530] {processor.py:830} INFO - Processing file /Library/Frameworks/Python.framework/Versions/3.10/lib/python3.10/site-packages/airflow/example_dags/example_sla_dag.py for tasks to queue
[2026-04-22T12:14:55.468+0530] {logging_mixin.py:188} INFO - [2026-04-22T12:14:55.468+0530] {dagbag.py:545} INFO - Filling up the DagBag from /Library/Frameworks/Python.framework/Versions/3.10/lib/python3.10/site-packages/airflow/example_dags/example_sla_dag.py
[2026-04-22T12:14:55.480+0530] {processor.py:840} INFO - DAG(s) 'example_sla_dag' retrieved from /Library/Frameworks/Python.framework/Versions/3.10/lib/python3.10/site-packages/airflow/example_dags/example_sla_dag.py
[2026-04-22T12:14:55.511+0530] {logging_mixin.py:188} INFO - [2026-04-22T12:14:55.511+0530] {dag.py:3096} INFO - Sync 1 DAGs
[2026-04-22T12:14:55.517+0530] {logging_mixin.py:188} INFO - [2026-04-22T12:14:55.517+0530] {dag.py:3954} INFO - Setting next_dagrun for example_sla_dag to 2026-04-22 06:42:00+00:00, run_after=2026-04-22 06:44:00+00:00
[2026-04-22T12:14:55.522+0530] {processor.py:183} INFO - Processing /Library/Frameworks/Python.framework/Versions/3.10/lib/python3.10/site-packages/airflow/example_dags/example_sla_dag.py took 0.056 seconds
[2026-04-22T12:18:56.150+0530] {processor.py:161} INFO - Started process (PID=71586) to work on /Library/Frameworks/Python.framework/Versions/3.10/lib/python3.10/site-packages/airflow/example_dags/example_sla_dag.py
[2026-04-22T12:18:56.151+0530] {processor.py:830} INFO - Processing file /Library/Frameworks/Python.framework/Versions/3.10/lib/python3.10/site-packages/airflow/example_dags/example_sla_dag.py for tasks to queue
[2026-04-22T12:18:56.151+0530] {logging_mixin.py:188} INFO - [2026-04-22T12:18:56.151+0530] {dagbag.py:545} INFO - Filling up the DagBag from /Library/Frameworks/Python.framework/Versions/3.10/lib/python3.10/site-packages/airflow/example_dags/example_sla_dag.py
[2026-04-22T12:18:56.163+0530] {processor.py:840} INFO - DAG(s) 'example_sla_dag' retrieved from /Library/Frameworks/Python.framework/Versions/3.10/lib/python3.10/site-packages/airflow/example_dags/example_sla_dag.py
[2026-04-22T12:18:56.194+0530] {logging_mixin.py:188} INFO - [2026-04-22T12:18:56.194+0530] {dag.py:3096} INFO - Sync 1 DAGs
[2026-04-22T12:18:56.200+0530] {logging_mixin.py:188} INFO - [2026-04-22T12:18:56.200+0530] {dag.py:3954} INFO - Setting next_dagrun for example_sla_dag to 2026-04-22 06:46:00+00:00, run_after=2026-04-22 06:48:00+00:00
[2026-04-22T12:18:56.205+0530] {processor.py:183} INFO - Processing /Library/Frameworks/Python.framework/Versions/3.10/lib/python3.10/site-packages/airflow/example_dags/example_sla_dag.py took 0.056 seconds
[2026-04-22T12:20:37.767+0530] {processor.py:161} INFO - Started process (PID=72209) to work on /Library/Frameworks/Python.framework/Versions/3.10/lib/python3.10/site-packages/airflow/example_dags/example_sla_dag.py
[2026-04-22T12:20:37.770+0530] {processor.py:830} INFO - Processing file /Library/Frameworks/Python.framework/Versions/3.10/lib/python3.10/site-packages/airflow/example_dags/example_sla_dag.py for tasks to queue
[2026-04-22T12:20:37.771+0530] {logging_mixin.py:188} INFO - [2026-04-22T12:20:37.771+0530] {dagbag.py:545} INFO - Filling up the DagBag from /Library/Frameworks/Python.framework/Versions/3.10/lib/python3.10/site-packages/airflow/example_dags/example_sla_dag.py
[2026-04-22T12:20:37.783+0530] {processor.py:840} INFO - DAG(s) 'example_sla_dag' retrieved from /Library/Frameworks/Python.framework/Versions/3.10/lib/python3.10/site-packages/airflow/example_dags/example_sla_dag.py
[2026-04-22T12:20:37.815+0530] {logging_mixin.py:188} INFO - [2026-04-22T12:20:37.815+0530] {dag.py:3096} INFO - Sync 1 DAGs
[2026-04-22T12:20:37.821+0530] {logging_mixin.py:188} INFO - [2026-04-22T12:20:37.821+0530] {dag.py:3954} INFO - Setting next_dagrun for example_sla_dag to 2026-04-22 06:48:00+00:00, run_after=2026-04-22 06:50:00+00:00
[2026-04-22T12:20:37.826+0530] {processor.py:183} INFO - Processing /Library/Frameworks/Python.framework/Versions/3.10/lib/python3.10/site-packages/airflow/example_dags/example_sla_dag.py took 0.059 seconds
[2026-04-22T12:22:26.586+0530] {processor.py:161} INFO - Started process (PID=72455) to work on /Library/Frameworks/Python.framework/Versions/3.10/lib/python3.10/site-packages/airflow/example_dags/example_sla_dag.py
[2026-04-22T12:22:26.587+0530] {processor.py:830} INFO - Processing file /Library/Frameworks/Python.framework/Versions/3.10/lib/python3.10/site-packages/airflow/example_dags/example_sla_dag.py for tasks to queue
[2026-04-22T12:22:26.587+0530] {logging_mixin.py:188} INFO - [2026-04-22T12:22:26.587+0530] {dagbag.py:545} INFO - Filling up the DagBag from /Library/Frameworks/Python.framework/Versions/3.10/lib/python3.10/site-packages/airflow/example_dags/example_sla_dag.py
[2026-04-22T12:22:26.599+0530] {processor.py:840} INFO - DAG(s) 'example_sla_dag' retrieved from /Library/Frameworks/Python.framework/Versions/3.10/lib/python3.10/site-packages/airflow/example_dags/example_sla_dag.py
[2026-04-22T12:22:26.630+0530] {logging_mixin.py:188} INFO - [2026-04-22T12:22:26.630+0530] {dag.py:3096} INFO - Sync 1 DAGs
[2026-04-22T12:22:26.636+0530] {logging_mixin.py:188} INFO - [2026-04-22T12:22:26.635+0530] {dag.py:3954} INFO - Setting next_dagrun for example_sla_dag to 2026-04-22 06:50:00+00:00, run_after=2026-04-22 06:52:00+00:00
[2026-04-22T12:22:26.640+0530] {processor.py:183} INFO - Processing /Library/Frameworks/Python.framework/Versions/3.10/lib/python3.10/site-packages/airflow/example_dags/example_sla_dag.py took 0.055 seconds
[2026-04-22T12:24:06.635+0530] {processor.py:161} INFO - Started process (PID=72583) to work on /Library/Frameworks/Python.framework/Versions/3.10/lib/python3.10/site-packages/airflow/example_dags/example_sla_dag.py
[2026-04-22T12:24:06.636+0530] {processor.py:830} INFO - Processing file /Library/Frameworks/Python.framework/Versions/3.10/lib/python3.10/site-packages/airflow/example_dags/example_sla_dag.py for tasks to queue
[2026-04-22T12:24:06.637+0530] {logging_mixin.py:188} INFO - [2026-04-22T12:24:06.637+0530] {dagbag.py:545} INFO - Filling up the DagBag from /Library/Frameworks/Python.framework/Versions/3.10/lib/python3.10/site-packages/airflow/example_dags/example_sla_dag.py
[2026-04-22T12:24:06.649+0530] {processor.py:840} INFO - DAG(s) 'example_sla_dag' retrieved from /Library/Frameworks/Python.framework/Versions/3.10/lib/python3.10/site-packages/airflow/example_dags/example_sla_dag.py
[2026-04-22T12:24:06.681+0530] {logging_mixin.py:188} INFO - [2026-04-22T12:24:06.681+0530] {dag.py:3096} INFO - Sync 1 DAGs
[2026-04-22T12:24:06.687+0530] {logging_mixin.py:188} INFO - [2026-04-22T12:24:06.687+0530] {dag.py:3954} INFO - Setting next_dagrun for example_sla_dag to 2026-04-22 06:52:00+00:00, run_after=2026-04-22 06:54:00+00:00
[2026-04-22T12:24:06.692+0530] {processor.py:183} INFO - Processing /Library/Frameworks/Python.framework/Versions/3.10/lib/python3.10/site-packages/airflow/example_dags/example_sla_dag.py took 0.057 seconds
[2026-04-22T12:25:52.566+0530] {processor.py:161} INFO - Started process (PID=72839) to work on /Library/Frameworks/Python.framework/Versions/3.10/lib/python3.10/site-packages/airflow/example_dags/example_sla_dag.py
[2026-04-22T12:25:52.566+0530] {processor.py:830} INFO - Processing file /Library/Frameworks/Python.framework/Versions/3.10/lib/python3.10/site-packages/airflow/example_dags/example_sla_dag.py for tasks to queue
[2026-04-22T12:25:52.566+0530] {logging_mixin.py:188} INFO - [2026-04-22T12:25:52.566+0530] {dagbag.py:545} INFO - Filling up the DagBag from /Library/Frameworks/Python.framework/Versions/3.10/lib/python3.10/site-packages/airflow/example_dags/example_sla_dag.py
[2026-04-22T12:25:52.578+0530] {processor.py:840} INFO - DAG(s) 'example_sla_dag' retrieved from /Library/Frameworks/Python.framework/Versions/3.10/lib/python3.10/site-packages/airflow/example_dags/example_sla_dag.py
[2026-04-22T12:25:52.610+0530] {logging_mixin.py:188} INFO - [2026-04-22T12:25:52.610+0530] {dag.py:3096} INFO - Sync 1 DAGs
[2026-04-22T12:25:52.615+0530] {logging_mixin.py:188} INFO - [2026-04-22T12:25:52.615+0530] {dag.py:3954} INFO - Setting next_dagrun for example_sla_dag to 2026-04-22 06:52:00+00:00, run_after=2026-04-22 06:54:00+00:00
[2026-04-22T12:25:52.620+0530] {processor.py:183} INFO - Processing /Library/Frameworks/Python.framework/Versions/3.10/lib/python3.10/site-packages/airflow/example_dags/example_sla_dag.py took 0.055 seconds
[2026-04-22T12:27:37.785+0530] {processor.py:161} INFO - Started process (PID=73021) to work on /Library/Frameworks/Python.framework/Versions/3.10/lib/python3.10/site-packages/airflow/example_dags/example_sla_dag.py
[2026-04-22T12:27:37.786+0530] {processor.py:830} INFO - Processing file /Library/Frameworks/Python.framework/Versions/3.10/lib/python3.10/site-packages/airflow/example_dags/example_sla_dag.py for tasks to queue
[2026-04-22T12:27:37.786+0530] {logging_mixin.py:188} INFO - [2026-04-22T12:27:37.786+0530] {dagbag.py:545} INFO - Filling up the DagBag from /Library/Frameworks/Python.framework/Versions/3.10/lib/python3.10/site-packages/airflow/example_dags/example_sla_dag.py
[2026-04-22T12:27:37.802+0530] {processor.py:840} INFO - DAG(s) 'example_sla_dag' retrieved from /Library/Frameworks/Python.framework/Versions/3.10/lib/python3.10/site-packages/airflow/example_dags/example_sla_dag.py
[2026-04-22T12:27:37.836+0530] {logging_mixin.py:188} INFO - [2026-04-22T12:27:37.836+0530] {dag.py:3096} INFO - Sync 1 DAGs
[2026-04-22T12:27:37.841+0530] {logging_mixin.py:188} INFO - [2026-04-22T12:27:37.841+0530] {dag.py:3954} INFO - Setting next_dagrun for example_sla_dag to 2026-04-22 06:54:00+00:00, run_after=2026-04-22 06:56:00+00:00
[2026-04-22T12:27:37.848+0530] {processor.py:183} INFO - Processing /Library/Frameworks/Python.framework/Versions/3.10/lib/python3.10/site-packages/airflow/example_dags/example_sla_dag.py took 0.064 seconds
[2026-04-22T12:29:33.564+0530] {processor.py:161} INFO - Started process (PID=73246) to work on /Library/Frameworks/Python.framework/Versions/3.10/lib/python3.10/site-packages/airflow/example_dags/example_sla_dag.py
[2026-04-22T12:29:33.565+0530] {processor.py:830} INFO - Processing file /Library/Frameworks/Python.framework/Versions/3.10/lib/python3.10/site-packages/airflow/example_dags/example_sla_dag.py for tasks to queue
[2026-04-22T12:29:33.566+0530] {logging_mixin.py:188} INFO - [2026-04-22T12:29:33.566+0530] {dagbag.py:545} INFO - Filling up the DagBag from /Library/Frameworks/Python.framework/Versions/3.10/lib/python3.10/site-packages/airflow/example_dags/example_sla_dag.py
[2026-04-22T12:29:33.578+0530] {processor.py:840} INFO - DAG(s) 'example_sla_dag' retrieved from /Library/Frameworks/Python.framework/Versions/3.10/lib/python3.10/site-packages/airflow/example_dags/example_sla_dag.py
[2026-04-22T12:29:33.609+0530] {logging_mixin.py:188} INFO - [2026-04-22T12:29:33.609+0530] {dag.py:3096} INFO - Sync 1 DAGs
[2026-04-22T12:29:33.615+0530] {logging_mixin.py:188} INFO - [2026-04-22T12:29:33.615+0530] {dag.py:3954} INFO - Setting next_dagrun for example_sla_dag to 2026-04-22 06:56:00+00:00, run_after=2026-04-22 06:58:00+00:00
[2026-04-22T12:29:33.620+0530] {processor.py:183} INFO - Processing /Library/Frameworks/Python.framework/Versions/3.10/lib/python3.10/site-packages/airflow/example_dags/example_sla_dag.py took 0.057 seconds
[2026-04-22T12:31:22.391+0530] {processor.py:161} INFO - Started process (PID=73493) to work on /Library/Frameworks/Python.framework/Versions/3.10/lib/python3.10/site-packages/airflow/example_dags/example_sla_dag.py
[2026-04-22T12:31:22.392+0530] {processor.py:830} INFO - Processing file /Library/Frameworks/Python.framework/Versions/3.10/lib/python3.10/site-packages/airflow/example_dags/example_sla_dag.py for tasks to queue
[2026-04-22T12:31:22.392+0530] {logging_mixin.py:188} INFO - [2026-04-22T12:31:22.392+0530] {dagbag.py:545} INFO - Filling up the DagBag from /Library/Frameworks/Python.framework/Versions/3.10/lib/python3.10/site-packages/airflow/example_dags/example_sla_dag.py
[2026-04-22T12:31:22.405+0530] {processor.py:840} INFO - DAG(s) 'example_sla_dag' retrieved from /Library/Frameworks/Python.framework/Versions/3.10/lib/python3.10/site-packages/airflow/example_dags/example_sla_dag.py
[2026-04-22T12:31:22.439+0530] {logging_mixin.py:188} INFO - [2026-04-22T12:31:22.439+0530] {dag.py:3096} INFO - Sync 1 DAGs
[2026-04-22T12:31:22.447+0530] {logging_mixin.py:188} INFO - [2026-04-22T12:31:22.447+0530] {dag.py:3954} INFO - Setting next_dagrun for example_sla_dag to 2026-04-22 06:58:00+00:00, run_after=2026-04-22 07:00:00+00:00
[2026-04-22T12:31:22.452+0530] {processor.py:183} INFO - Processing /Library/Frameworks/Python.framework/Versions/3.10/lib/python3.10/site-packages/airflow/example_dags/example_sla_dag.py took 0.061 seconds
[2026-04-22T12:33:07.249+0530] {processor.py:161} INFO - Started process (PID=73694) to work on /Library/Frameworks/Python.framework/Versions/3.10/lib/python3.10/site-packages/airflow/example_dags/example_sla_dag.py
[2026-04-22T12:33:07.249+0530] {processor.py:830} INFO - Processing file /Library/Frameworks/Python.framework/Versions/3.10/lib/python3.10/site-packages/airflow/example_dags/example_sla_dag.py for tasks to queue
[2026-04-22T12:33:07.249+0530] {logging_mixin.py:188} INFO - [2026-04-22T12:33:07.249+0530] {dagbag.py:545} INFO - Filling up the DagBag from /Library/Frameworks/Python.framework/Versions/3.10/lib/python3.10/site-packages/airflow/example_dags/example_sla_dag.py
[2026-04-22T12:33:07.261+0530] {processor.py:840} INFO - DAG(s) 'example_sla_dag' retrieved from /Library/Frameworks/Python.framework/Versions/3.10/lib/python3.10/site-packages/airflow/example_dags/example_sla_dag.py
[2026-04-22T12:33:07.292+0530] {logging_mixin.py:188} INFO - [2026-04-22T12:33:07.292+0530] {dag.py:3096} INFO - Sync 1 DAGs
[2026-04-22T12:33:07.298+0530] {logging_mixin.py:188} INFO - [2026-04-22T12:33:07.298+0530] {dag.py:3954} INFO - Setting next_dagrun for example_sla_dag to 2026-04-22 07:00:00+00:00, run_after=2026-04-22 07:02:00+00:00
[2026-04-22T12:33:07.302+0530] {processor.py:183} INFO - Processing /Library/Frameworks/Python.framework/Versions/3.10/lib/python3.10/site-packages/airflow/example_dags/example_sla_dag.py took 0.055 seconds
[2026-04-22T12:34:51.774+0530] {processor.py:161} INFO - Started process (PID=73827) to work on /Library/Frameworks/Python.framework/Versions/3.10/lib/python3.10/site-packages/airflow/example_dags/example_sla_dag.py
[2026-04-22T12:34:51.775+0530] {processor.py:830} INFO - Processing file /Library/Frameworks/Python.framework/Versions/3.10/lib/python3.10/site-packages/airflow/example_dags/example_sla_dag.py for tasks to queue
[2026-04-22T12:34:51.776+0530] {logging_mixin.py:188} INFO - [2026-04-22T12:34:51.775+0530] {dagbag.py:545} INFO - Filling up the DagBag from /Library/Frameworks/Python.framework/Versions/3.10/lib/python3.10/site-packages/airflow/example_dags/example_sla_dag.py
[2026-04-22T12:34:51.788+0530] {processor.py:840} INFO - DAG(s) 'example_sla_dag' retrieved from /Library/Frameworks/Python.framework/Versions/3.10/lib/python3.10/site-packages/airflow/example_dags/example_sla_dag.py
[2026-04-22T12:34:51.818+0530] {logging_mixin.py:188} INFO - [2026-04-22T12:34:51.818+0530] {dag.py:3096} INFO - Sync 1 DAGs
[2026-04-22T12:34:51.824+0530] {logging_mixin.py:188} INFO - [2026-04-22T12:34:51.824+0530] {dag.py:3954} INFO - Setting next_dagrun for example_sla_dag to 2026-04-22 07:02:00+00:00, run_after=2026-04-22 07:04:00+00:00
[2026-04-22T12:34:51.829+0530] {processor.py:183} INFO - Processing /Library/Frameworks/Python.framework/Versions/3.10/lib/python3.10/site-packages/airflow/example_dags/example_sla_dag.py took 0.055 seconds
[2026-04-22T12:36:33.653+0530] {processor.py:161} INFO - Started process (PID=73961) to work on /Library/Frameworks/Python.framework/Versions/3.10/lib/python3.10/site-packages/airflow/example_dags/example_sla_dag.py
[2026-04-22T12:36:33.654+0530] {processor.py:830} INFO - Processing file /Library/Frameworks/Python.framework/Versions/3.10/lib/python3.10/site-packages/airflow/example_dags/example_sla_dag.py for tasks to queue
[2026-04-22T12:36:33.655+0530] {logging_mixin.py:188} INFO - [2026-04-22T12:36:33.655+0530] {dagbag.py:545} INFO - Filling up the DagBag from /Library/Frameworks/Python.framework/Versions/3.10/lib/python3.10/site-packages/airflow/example_dags/example_sla_dag.py
[2026-04-22T12:36:33.667+0530] {processor.py:840} INFO - DAG(s) 'example_sla_dag' retrieved from /Library/Frameworks/Python.framework/Versions/3.10/lib/python3.10/site-packages/airflow/example_dags/example_sla_dag.py
[2026-04-22T12:36:33.698+0530] {logging_mixin.py:188} INFO - [2026-04-22T12:36:33.698+0530] {dag.py:3096} INFO - Sync 1 DAGs
[2026-04-22T12:36:33.704+0530] {logging_mixin.py:188} INFO - [2026-04-22T12:36:33.704+0530] {dag.py:3954} INFO - Setting next_dagrun for example_sla_dag to 2026-04-22 07:04:00+00:00, run_after=2026-04-22 07:06:00+00:00
[2026-04-22T12:36:33.709+0530] {processor.py:183} INFO - Processing /Library/Frameworks/Python.framework/Versions/3.10/lib/python3.10/site-packages/airflow/example_dags/example_sla_dag.py took 0.057 seconds
[2026-04-22T12:38:25.828+0530] {processor.py:161} INFO - Started process (PID=74083) to work on /Library/Frameworks/Python.framework/Versions/3.10/lib/python3.10/site-packages/airflow/example_dags/example_sla_dag.py
[2026-04-22T12:38:25.828+0530] {processor.py:830} INFO - Processing file /Library/Frameworks/Python.framework/Versions/3.10/lib/python3.10/site-packages/airflow/example_dags/example_sla_dag.py for tasks to queue
[2026-04-22T12:38:25.828+0530] {logging_mixin.py:188} INFO - [2026-04-22T12:38:25.828+0530] {dagbag.py:545} INFO - Filling up the DagBag from /Library/Frameworks/Python.framework/Versions/3.10/lib/python3.10/site-packages/airflow/example_dags/example_sla_dag.py
[2026-04-22T12:38:25.841+0530] {processor.py:840} INFO - DAG(s) 'example_sla_dag' retrieved from /Library/Frameworks/Python.framework/Versions/3.10/lib/python3.10/site-packages/airflow/example_dags/example_sla_dag.py
[2026-04-22T12:38:25.874+0530] {logging_mixin.py:188} INFO - [2026-04-22T12:38:25.874+0530] {dag.py:3096} INFO - Sync 1 DAGs
[2026-04-22T12:38:25.881+0530] {logging_mixin.py:188} INFO - [2026-04-22T12:38:25.881+0530] {dag.py:3954} INFO - Setting next_dagrun for example_sla_dag to 2026-04-22 07:06:00+00:00, run_after=2026-04-22 07:08:00+00:00
[2026-04-22T12:38:25.886+0530] {processor.py:183} INFO - Processing /Library/Frameworks/Python.framework/Versions/3.10/lib/python3.10/site-packages/airflow/example_dags/example_sla_dag.py took 0.060 seconds
[2026-04-22T12:40:25.945+0530] {processor.py:161} INFO - Started process (PID=74222) to work on /Library/Frameworks/Python.framework/Versions/3.10/lib/python3.10/site-packages/airflow/example_dags/example_sla_dag.py
[2026-04-22T12:40:25.946+0530] {processor.py:830} INFO - Processing file /Library/Frameworks/Python.framework/Versions/3.10/lib/python3.10/site-packages/airflow/example_dags/example_sla_dag.py for tasks to queue
[2026-04-22T12:40:25.946+0530] {logging_mixin.py:188} INFO - [2026-04-22T12:40:25.946+0530] {dagbag.py:545} INFO - Filling up the DagBag from /Library/Frameworks/Python.framework/Versions/3.10/lib/python3.10/site-packages/airflow/example_dags/example_sla_dag.py
[2026-04-22T12:40:25.959+0530] {processor.py:840} INFO - DAG(s) 'example_sla_dag' retrieved from /Library/Frameworks/Python.framework/Versions/3.10/lib/python3.10/site-packages/airflow/example_dags/example_sla_dag.py
[2026-04-22T12:40:25.991+0530] {logging_mixin.py:188} INFO - [2026-04-22T12:40:25.991+0530] {dag.py:3096} INFO - Sync 1 DAGs
[2026-04-22T12:40:25.997+0530] {logging_mixin.py:188} INFO - [2026-04-22T12:40:25.997+0530] {dag.py:3954} INFO - Setting next_dagrun for example_sla_dag to 2026-04-22 07:08:00+00:00, run_after=2026-04-22 07:10:00+00:00
[2026-04-22T12:40:26.003+0530] {processor.py:183} INFO - Processing /Library/Frameworks/Python.framework/Versions/3.10/lib/python3.10/site-packages/airflow/example_dags/example_sla_dag.py took 0.059 seconds
[2026-04-22T12:42:22.600+0530] {processor.py:161} INFO - Started process (PID=74366) to work on /Library/Frameworks/Python.framework/Versions/3.10/lib/python3.10/site-packages/airflow/example_dags/example_sla_dag.py
[2026-04-22T12:42:22.600+0530] {processor.py:830} INFO - Processing file /Library/Frameworks/Python.framework/Versions/3.10/lib/python3.10/site-packages/airflow/example_dags/example_sla_dag.py for tasks to queue
[2026-04-22T12:42:22.601+0530] {logging_mixin.py:188} INFO - [2026-04-22T12:42:22.601+0530] {dagbag.py:545} INFO - Filling up the DagBag from /Library/Frameworks/Python.framework/Versions/3.10/lib/python3.10/site-packages/airflow/example_dags/example_sla_dag.py
[2026-04-22T12:42:22.614+0530] {processor.py:840} INFO - DAG(s) 'example_sla_dag' retrieved from /Library/Frameworks/Python.framework/Versions/3.10/lib/python3.10/site-packages/airflow/example_dags/example_sla_dag.py
[2026-04-22T12:42:22.651+0530] {logging_mixin.py:188} INFO - [2026-04-22T12:42:22.651+0530] {dag.py:3096} INFO - Sync 1 DAGs
[2026-04-22T12:42:22.658+0530] {logging_mixin.py:188} INFO - [2026-04-22T12:42:22.658+0530] {dag.py:3954} INFO - Setting next_dagrun for example_sla_dag to 2026-04-22 07:10:00+00:00, run_after=2026-04-22 07:12:00+00:00
[2026-04-22T12:42:22.663+0530] {processor.py:183} INFO - Processing /Library/Frameworks/Python.framework/Versions/3.10/lib/python3.10/site-packages/airflow/example_dags/example_sla_dag.py took 0.064 seconds
