[2026-04-22T07:23:19.988+0530] {processor.py:161} INFO - Started process (PID=68771) to work on /Library/Frameworks/Python.framework/Versions/3.10/lib/python3.10/site-packages/airflow/example_dags/example_branch_datetime_operator.py
[2026-04-22T07:23:19.989+0530] {processor.py:830} INFO - Processing file /Library/Frameworks/Python.framework/Versions/3.10/lib/python3.10/site-packages/airflow/example_dags/example_branch_datetime_operator.py for tasks to queue
[2026-04-22T07:23:19.989+0530] {logging_mixin.py:188} INFO - [2026-04-22T07:23:19.989+0530] {dagbag.py:545} INFO - Filling up the DagBag from /Library/Frameworks/Python.framework/Versions/3.10/lib/python3.10/site-packages/airflow/example_dags/example_branch_datetime_operator.py
[2026-04-22T07:23:19.993+0530] {processor.py:840} INFO - DAG(s) 'example_branch_datetime_operator_3', 'example_branch_datetime_operator', 'example_branch_datetime_operator_2' retrieved from /Library/Frameworks/Python.framework/Versions/3.10/lib/python3.10/site-packages/airflow/example_dags/example_branch_datetime_operator.py
[2026-04-22T07:23:20.026+0530] {logging_mixin.py:188} INFO - [2026-04-22T07:23:20.026+0530] {dag.py:3096} INFO - Sync 3 DAGs
[2026-04-22T07:23:20.031+0530] {logging_mixin.py:188} INFO - [2026-04-22T07:23:20.031+0530] {dag.py:3954} INFO - Setting next_dagrun for example_branch_datetime_operator to 2026-04-21 00:00:00+00:00, run_after=2026-04-22 00:00:00+00:00
[2026-04-22T07:23:20.032+0530] {logging_mixin.py:188} INFO - [2026-04-22T07:23:20.032+0530] {dag.py:3954} INFO - Setting next_dagrun for example_branch_datetime_operator_2 to 2026-04-21 00:00:00+00:00, run_after=2026-04-22 00:00:00+00:00
[2026-04-22T07:23:20.032+0530] {logging_mixin.py:188} INFO - [2026-04-22T07:23:20.032+0530] {dag.py:3954} INFO - Setting next_dagrun for example_branch_datetime_operator_3 to 2026-04-21 00:00:00+00:00, run_after=2026-04-22 00:00:00+00:00
[2026-04-22T07:23:20.037+0530] {processor.py:183} INFO - Processing /Library/Frameworks/Python.framework/Versions/3.10/lib/python3.10/site-packages/airflow/example_dags/example_branch_datetime_operator.py took 0.049 seconds
[2026-04-22T11:47:50.623+0530] {processor.py:161} INFO - Started process (PID=69339) to work on /Library/Frameworks/Python.framework/Versions/3.10/lib/python3.10/site-packages/airflow/example_dags/example_branch_datetime_operator.py
[2026-04-22T11:47:50.624+0530] {processor.py:830} INFO - Processing file /Library/Frameworks/Python.framework/Versions/3.10/lib/python3.10/site-packages/airflow/example_dags/example_branch_datetime_operator.py for tasks to queue
[2026-04-22T11:47:50.624+0530] {logging_mixin.py:188} INFO - [2026-04-22T11:47:50.624+0530] {dagbag.py:545} INFO - Filling up the DagBag from /Library/Frameworks/Python.framework/Versions/3.10/lib/python3.10/site-packages/airflow/example_dags/example_branch_datetime_operator.py
[2026-04-22T11:47:50.628+0530] {processor.py:840} INFO - DAG(s) 'example_branch_datetime_operator_2', 'example_branch_datetime_operator_3', 'example_branch_datetime_operator' retrieved from /Library/Frameworks/Python.framework/Versions/3.10/lib/python3.10/site-packages/airflow/example_dags/example_branch_datetime_operator.py
[2026-04-22T11:47:50.662+0530] {logging_mixin.py:188} INFO - [2026-04-22T11:47:50.662+0530] {dag.py:3096} INFO - Sync 3 DAGs
[2026-04-22T11:47:50.667+0530] {logging_mixin.py:188} INFO - [2026-04-22T11:47:50.667+0530] {dag.py:3954} INFO - Setting next_dagrun for example_branch_datetime_operator to 2026-04-21 00:00:00+00:00, run_after=2026-04-22 00:00:00+00:00
[2026-04-22T11:47:50.668+0530] {logging_mixin.py:188} INFO - [2026-04-22T11:47:50.668+0530] {dag.py:3954} INFO - Setting next_dagrun for example_branch_datetime_operator_2 to 2026-04-21 00:00:00+00:00, run_after=2026-04-22 00:00:00+00:00
[2026-04-22T11:47:50.669+0530] {logging_mixin.py:188} INFO - [2026-04-22T11:47:50.669+0530] {dag.py:3954} INFO - Setting next_dagrun for example_branch_datetime_operator_3 to 2026-04-21 00:00:00+00:00, run_after=2026-04-22 00:00:00+00:00
[2026-04-22T11:47:50.673+0530] {processor.py:183} INFO - Processing /Library/Frameworks/Python.framework/Versions/3.10/lib/python3.10/site-packages/airflow/example_dags/example_branch_datetime_operator.py took 0.051 seconds
[2026-04-22T11:48:46.788+0530] {processor.py:161} INFO - Started process (PID=69441) to work on /Library/Frameworks/Python.framework/Versions/3.10/lib/python3.10/site-packages/airflow/example_dags/example_branch_datetime_operator.py
[2026-04-22T11:48:46.789+0530] {processor.py:830} INFO - Processing file /Library/Frameworks/Python.framework/Versions/3.10/lib/python3.10/site-packages/airflow/example_dags/example_branch_datetime_operator.py for tasks to queue
[2026-04-22T11:48:46.789+0530] {logging_mixin.py:188} INFO - [2026-04-22T11:48:46.789+0530] {dagbag.py:545} INFO - Filling up the DagBag from /Library/Frameworks/Python.framework/Versions/3.10/lib/python3.10/site-packages/airflow/example_dags/example_branch_datetime_operator.py
[2026-04-22T11:48:46.794+0530] {processor.py:840} INFO - DAG(s) 'example_branch_datetime_operator_3', 'example_branch_datetime_operator', 'example_branch_datetime_operator_2' retrieved from /Library/Frameworks/Python.framework/Versions/3.10/lib/python3.10/site-packages/airflow/example_dags/example_branch_datetime_operator.py
[2026-04-22T11:48:46.828+0530] {logging_mixin.py:188} INFO - [2026-04-22T11:48:46.828+0530] {dag.py:3096} INFO - Sync 3 DAGs
[2026-04-22T11:48:46.833+0530] {logging_mixin.py:188} INFO - [2026-04-22T11:48:46.833+0530] {dag.py:3954} INFO - Setting next_dagrun for example_branch_datetime_operator to 2026-04-21 00:00:00+00:00, run_after=2026-04-22 00:00:00+00:00
[2026-04-22T11:48:46.835+0530] {logging_mixin.py:188} INFO - [2026-04-22T11:48:46.835+0530] {dag.py:3954} INFO - Setting next_dagrun for example_branch_datetime_operator_2 to 2026-04-21 00:00:00+00:00, run_after=2026-04-22 00:00:00+00:00
[2026-04-22T11:48:46.835+0530] {logging_mixin.py:188} INFO - [2026-04-22T11:48:46.835+0530] {dag.py:3954} INFO - Setting next_dagrun for example_branch_datetime_operator_3 to 2026-04-21 00:00:00+00:00, run_after=2026-04-22 00:00:00+00:00
[2026-04-22T11:48:46.840+0530] {processor.py:183} INFO - Processing /Library/Frameworks/Python.framework/Versions/3.10/lib/python3.10/site-packages/airflow/example_dags/example_branch_datetime_operator.py took 0.053 seconds
[2026-04-22T11:49:41.560+0530] {processor.py:161} INFO - Started process (PID=69520) to work on /Library/Frameworks/Python.framework/Versions/3.10/lib/python3.10/site-packages/airflow/example_dags/example_branch_datetime_operator.py
[2026-04-22T11:49:41.560+0530] {processor.py:830} INFO - Processing file /Library/Frameworks/Python.framework/Versions/3.10/lib/python3.10/site-packages/airflow/example_dags/example_branch_datetime_operator.py for tasks to queue
[2026-04-22T11:49:41.561+0530] {logging_mixin.py:188} INFO - [2026-04-22T11:49:41.560+0530] {dagbag.py:545} INFO - Filling up the DagBag from /Library/Frameworks/Python.framework/Versions/3.10/lib/python3.10/site-packages/airflow/example_dags/example_branch_datetime_operator.py
[2026-04-22T11:49:41.565+0530] {processor.py:840} INFO - DAG(s) 'example_branch_datetime_operator', 'example_branch_datetime_operator_2', 'example_branch_datetime_operator_3' retrieved from /Library/Frameworks/Python.framework/Versions/3.10/lib/python3.10/site-packages/airflow/example_dags/example_branch_datetime_operator.py
[2026-04-22T11:49:41.599+0530] {logging_mixin.py:188} INFO - [2026-04-22T11:49:41.599+0530] {dag.py:3096} INFO - Sync 3 DAGs
[2026-04-22T11:49:41.604+0530] {logging_mixin.py:188} INFO - [2026-04-22T11:49:41.604+0530] {dag.py:3954} INFO - Setting next_dagrun for example_branch_datetime_operator to 2026-04-21 00:00:00+00:00, run_after=2026-04-22 00:00:00+00:00
[2026-04-22T11:49:41.605+0530] {logging_mixin.py:188} INFO - [2026-04-22T11:49:41.605+0530] {dag.py:3954} INFO - Setting next_dagrun for example_branch_datetime_operator_2 to 2026-04-21 00:00:00+00:00, run_after=2026-04-22 00:00:00+00:00
[2026-04-22T11:49:41.606+0530] {logging_mixin.py:188} INFO - [2026-04-22T11:49:41.606+0530] {dag.py:3954} INFO - Setting next_dagrun for example_branch_datetime_operator_3 to 2026-04-21 00:00:00+00:00, run_after=2026-04-22 00:00:00+00:00
[2026-04-22T11:49:41.610+0530] {processor.py:183} INFO - Processing /Library/Frameworks/Python.framework/Versions/3.10/lib/python3.10/site-packages/airflow/example_dags/example_branch_datetime_operator.py took 0.051 seconds
[2026-04-22T11:50:37.558+0530] {processor.py:161} INFO - Started process (PID=69623) to work on /Library/Frameworks/Python.framework/Versions/3.10/lib/python3.10/site-packages/airflow/example_dags/example_branch_datetime_operator.py
[2026-04-22T11:50:37.559+0530] {processor.py:830} INFO - Processing file /Library/Frameworks/Python.framework/Versions/3.10/lib/python3.10/site-packages/airflow/example_dags/example_branch_datetime_operator.py for tasks to queue
[2026-04-22T11:50:37.560+0530] {logging_mixin.py:188} INFO - [2026-04-22T11:50:37.560+0530] {dagbag.py:545} INFO - Filling up the DagBag from /Library/Frameworks/Python.framework/Versions/3.10/lib/python3.10/site-packages/airflow/example_dags/example_branch_datetime_operator.py
[2026-04-22T11:50:37.564+0530] {processor.py:840} INFO - DAG(s) 'example_branch_datetime_operator_3', 'example_branch_datetime_operator_2', 'example_branch_datetime_operator' retrieved from /Library/Frameworks/Python.framework/Versions/3.10/lib/python3.10/site-packages/airflow/example_dags/example_branch_datetime_operator.py
[2026-04-22T11:50:37.599+0530] {logging_mixin.py:188} INFO - [2026-04-22T11:50:37.599+0530] {dag.py:3096} INFO - Sync 3 DAGs
[2026-04-22T11:50:37.604+0530] {logging_mixin.py:188} INFO - [2026-04-22T11:50:37.604+0530] {dag.py:3954} INFO - Setting next_dagrun for example_branch_datetime_operator to 2026-04-21 00:00:00+00:00, run_after=2026-04-22 00:00:00+00:00
[2026-04-22T11:50:37.606+0530] {logging_mixin.py:188} INFO - [2026-04-22T11:50:37.606+0530] {dag.py:3954} INFO - Setting next_dagrun for example_branch_datetime_operator_2 to 2026-04-21 00:00:00+00:00, run_after=2026-04-22 00:00:00+00:00
[2026-04-22T11:50:37.606+0530] {logging_mixin.py:188} INFO - [2026-04-22T11:50:37.606+0530] {dag.py:3954} INFO - Setting next_dagrun for example_branch_datetime_operator_3 to 2026-04-21 00:00:00+00:00, run_after=2026-04-22 00:00:00+00:00
[2026-04-22T11:50:37.611+0530] {processor.py:183} INFO - Processing /Library/Frameworks/Python.framework/Versions/3.10/lib/python3.10/site-packages/airflow/example_dags/example_branch_datetime_operator.py took 0.054 seconds
[2026-04-22T12:12:47.233+0530] {processor.py:161} INFO - Started process (PID=71106) to work on /Library/Frameworks/Python.framework/Versions/3.10/lib/python3.10/site-packages/airflow/example_dags/example_branch_datetime_operator.py
[2026-04-22T12:12:47.234+0530] {processor.py:830} INFO - Processing file /Library/Frameworks/Python.framework/Versions/3.10/lib/python3.10/site-packages/airflow/example_dags/example_branch_datetime_operator.py for tasks to queue
[2026-04-22T12:12:47.234+0530] {logging_mixin.py:188} INFO - [2026-04-22T12:12:47.234+0530] {dagbag.py:545} INFO - Filling up the DagBag from /Library/Frameworks/Python.framework/Versions/3.10/lib/python3.10/site-packages/airflow/example_dags/example_branch_datetime_operator.py
[2026-04-22T12:12:47.238+0530] {processor.py:840} INFO - DAG(s) 'example_branch_datetime_operator_2', 'example_branch_datetime_operator_3', 'example_branch_datetime_operator' retrieved from /Library/Frameworks/Python.framework/Versions/3.10/lib/python3.10/site-packages/airflow/example_dags/example_branch_datetime_operator.py
[2026-04-22T12:12:47.272+0530] {logging_mixin.py:188} INFO - [2026-04-22T12:12:47.272+0530] {dag.py:3096} INFO - Sync 3 DAGs
[2026-04-22T12:12:47.277+0530] {logging_mixin.py:188} INFO - [2026-04-22T12:12:47.277+0530] {dag.py:3954} INFO - Setting next_dagrun for example_branch_datetime_operator to 2026-04-21 00:00:00+00:00, run_after=2026-04-22 00:00:00+00:00
[2026-04-22T12:12:47.278+0530] {logging_mixin.py:188} INFO - [2026-04-22T12:12:47.278+0530] {dag.py:3954} INFO - Setting next_dagrun for example_branch_datetime_operator_2 to 2026-04-21 00:00:00+00:00, run_after=2026-04-22 00:00:00+00:00
[2026-04-22T12:12:47.279+0530] {logging_mixin.py:188} INFO - [2026-04-22T12:12:47.279+0530] {dag.py:3954} INFO - Setting next_dagrun for example_branch_datetime_operator_3 to 2026-04-21 00:00:00+00:00, run_after=2026-04-22 00:00:00+00:00
[2026-04-22T12:12:47.284+0530] {processor.py:183} INFO - Processing /Library/Frameworks/Python.framework/Versions/3.10/lib/python3.10/site-packages/airflow/example_dags/example_branch_datetime_operator.py took 0.052 seconds
[2026-04-22T12:19:34.844+0530] {processor.py:161} INFO - Started process (PID=71639) to work on /Library/Frameworks/Python.framework/Versions/3.10/lib/python3.10/site-packages/airflow/example_dags/example_branch_datetime_operator.py
[2026-04-22T12:19:34.845+0530] {processor.py:830} INFO - Processing file /Library/Frameworks/Python.framework/Versions/3.10/lib/python3.10/site-packages/airflow/example_dags/example_branch_datetime_operator.py for tasks to queue
[2026-04-22T12:19:34.845+0530] {logging_mixin.py:188} INFO - [2026-04-22T12:19:34.845+0530] {dagbag.py:545} INFO - Filling up the DagBag from /Library/Frameworks/Python.framework/Versions/3.10/lib/python3.10/site-packages/airflow/example_dags/example_branch_datetime_operator.py
[2026-04-22T12:19:34.850+0530] {processor.py:840} INFO - DAG(s) 'example_branch_datetime_operator', 'example_branch_datetime_operator_2', 'example_branch_datetime_operator_3' retrieved from /Library/Frameworks/Python.framework/Versions/3.10/lib/python3.10/site-packages/airflow/example_dags/example_branch_datetime_operator.py
[2026-04-22T12:19:34.886+0530] {logging_mixin.py:188} INFO - [2026-04-22T12:19:34.886+0530] {dag.py:3096} INFO - Sync 3 DAGs
[2026-04-22T12:19:34.891+0530] {logging_mixin.py:188} INFO - [2026-04-22T12:19:34.891+0530] {dag.py:3954} INFO - Setting next_dagrun for example_branch_datetime_operator to 2026-04-21 00:00:00+00:00, run_after=2026-04-22 00:00:00+00:00
[2026-04-22T12:19:34.893+0530] {logging_mixin.py:188} INFO - [2026-04-22T12:19:34.893+0530] {dag.py:3954} INFO - Setting next_dagrun for example_branch_datetime_operator_2 to 2026-04-21 00:00:00+00:00, run_after=2026-04-22 00:00:00+00:00
[2026-04-22T12:19:34.893+0530] {logging_mixin.py:188} INFO - [2026-04-22T12:19:34.893+0530] {dag.py:3954} INFO - Setting next_dagrun for example_branch_datetime_operator_3 to 2026-04-21 00:00:00+00:00, run_after=2026-04-22 00:00:00+00:00
[2026-04-22T12:19:34.898+0530] {processor.py:183} INFO - Processing /Library/Frameworks/Python.framework/Versions/3.10/lib/python3.10/site-packages/airflow/example_dags/example_branch_datetime_operator.py took 0.055 seconds
[2026-04-22T12:21:51.499+0530] {processor.py:161} INFO - Started process (PID=72375) to work on /Library/Frameworks/Python.framework/Versions/3.10/lib/python3.10/site-packages/airflow/example_dags/example_branch_datetime_operator.py
[2026-04-22T12:21:51.500+0530] {processor.py:830} INFO - Processing file /Library/Frameworks/Python.framework/Versions/3.10/lib/python3.10/site-packages/airflow/example_dags/example_branch_datetime_operator.py for tasks to queue
[2026-04-22T12:21:51.501+0530] {logging_mixin.py:188} INFO - [2026-04-22T12:21:51.501+0530] {dagbag.py:545} INFO - Filling up the DagBag from /Library/Frameworks/Python.framework/Versions/3.10/lib/python3.10/site-packages/airflow/example_dags/example_branch_datetime_operator.py
[2026-04-22T12:21:51.505+0530] {processor.py:840} INFO - DAG(s) 'example_branch_datetime_operator', 'example_branch_datetime_operator_3', 'example_branch_datetime_operator_2' retrieved from /Library/Frameworks/Python.framework/Versions/3.10/lib/python3.10/site-packages/airflow/example_dags/example_branch_datetime_operator.py
[2026-04-22T12:21:51.541+0530] {logging_mixin.py:188} INFO - [2026-04-22T12:21:51.541+0530] {dag.py:3096} INFO - Sync 3 DAGs
[2026-04-22T12:21:51.546+0530] {logging_mixin.py:188} INFO - [2026-04-22T12:21:51.545+0530] {dag.py:3954} INFO - Setting next_dagrun for example_branch_datetime_operator to 2026-04-21 00:00:00+00:00, run_after=2026-04-22 00:00:00+00:00
[2026-04-22T12:21:51.547+0530] {logging_mixin.py:188} INFO - [2026-04-22T12:21:51.547+0530] {dag.py:3954} INFO - Setting next_dagrun for example_branch_datetime_operator_2 to 2026-04-21 00:00:00+00:00, run_after=2026-04-22 00:00:00+00:00
[2026-04-22T12:21:51.547+0530] {logging_mixin.py:188} INFO - [2026-04-22T12:21:51.547+0530] {dag.py:3954} INFO - Setting next_dagrun for example_branch_datetime_operator_3 to 2026-04-21 00:00:00+00:00, run_after=2026-04-22 00:00:00+00:00
[2026-04-22T12:21:51.552+0530] {processor.py:183} INFO - Processing /Library/Frameworks/Python.framework/Versions/3.10/lib/python3.10/site-packages/airflow/example_dags/example_branch_datetime_operator.py took 0.053 seconds
[2026-04-22T12:23:33.555+0530] {processor.py:161} INFO - Started process (PID=72547) to work on /Library/Frameworks/Python.framework/Versions/3.10/lib/python3.10/site-packages/airflow/example_dags/example_branch_datetime_operator.py
[2026-04-22T12:23:33.556+0530] {processor.py:830} INFO - Processing file /Library/Frameworks/Python.framework/Versions/3.10/lib/python3.10/site-packages/airflow/example_dags/example_branch_datetime_operator.py for tasks to queue
[2026-04-22T12:23:33.556+0530] {logging_mixin.py:188} INFO - [2026-04-22T12:23:33.556+0530] {dagbag.py:545} INFO - Filling up the DagBag from /Library/Frameworks/Python.framework/Versions/3.10/lib/python3.10/site-packages/airflow/example_dags/example_branch_datetime_operator.py
[2026-04-22T12:23:33.561+0530] {processor.py:840} INFO - DAG(s) 'example_branch_datetime_operator_2', 'example_branch_datetime_operator', 'example_branch_datetime_operator_3' retrieved from /Library/Frameworks/Python.framework/Versions/3.10/lib/python3.10/site-packages/airflow/example_dags/example_branch_datetime_operator.py
[2026-04-22T12:23:33.594+0530] {logging_mixin.py:188} INFO - [2026-04-22T12:23:33.594+0530] {dag.py:3096} INFO - Sync 3 DAGs
[2026-04-22T12:23:33.599+0530] {logging_mixin.py:188} INFO - [2026-04-22T12:23:33.599+0530] {dag.py:3954} INFO - Setting next_dagrun for example_branch_datetime_operator to 2026-04-21 00:00:00+00:00, run_after=2026-04-22 00:00:00+00:00
[2026-04-22T12:23:33.600+0530] {logging_mixin.py:188} INFO - [2026-04-22T12:23:33.600+0530] {dag.py:3954} INFO - Setting next_dagrun for example_branch_datetime_operator_2 to 2026-04-21 00:00:00+00:00, run_after=2026-04-22 00:00:00+00:00
[2026-04-22T12:23:33.601+0530] {logging_mixin.py:188} INFO - [2026-04-22T12:23:33.601+0530] {dag.py:3954} INFO - Setting next_dagrun for example_branch_datetime_operator_3 to 2026-04-21 00:00:00+00:00, run_after=2026-04-22 00:00:00+00:00
[2026-04-22T12:23:33.605+0530] {processor.py:183} INFO - Processing /Library/Frameworks/Python.framework/Versions/3.10/lib/python3.10/site-packages/airflow/example_dags/example_branch_datetime_operator.py took 0.051 seconds
[2026-04-22T12:25:16.080+0530] {processor.py:161} INFO - Started process (PID=72799) to work on /Library/Frameworks/Python.framework/Versions/3.10/lib/python3.10/site-packages/airflow/example_dags/example_branch_datetime_operator.py
[2026-04-22T12:25:16.080+0530] {processor.py:830} INFO - Processing file /Library/Frameworks/Python.framework/Versions/3.10/lib/python3.10/site-packages/airflow/example_dags/example_branch_datetime_operator.py for tasks to queue
[2026-04-22T12:25:16.080+0530] {logging_mixin.py:188} INFO - [2026-04-22T12:25:16.080+0530] {dagbag.py:545} INFO - Filling up the DagBag from /Library/Frameworks/Python.framework/Versions/3.10/lib/python3.10/site-packages/airflow/example_dags/example_branch_datetime_operator.py
[2026-04-22T12:25:16.085+0530] {processor.py:840} INFO - DAG(s) 'example_branch_datetime_operator_3', 'example_branch_datetime_operator_2', 'example_branch_datetime_operator' retrieved from /Library/Frameworks/Python.framework/Versions/3.10/lib/python3.10/site-packages/airflow/example_dags/example_branch_datetime_operator.py
[2026-04-22T12:25:16.122+0530] {logging_mixin.py:188} INFO - [2026-04-22T12:25:16.122+0530] {dag.py:3096} INFO - Sync 3 DAGs
[2026-04-22T12:25:16.127+0530] {logging_mixin.py:188} INFO - [2026-04-22T12:25:16.127+0530] {dag.py:3954} INFO - Setting next_dagrun for example_branch_datetime_operator to 2026-04-21 00:00:00+00:00, run_after=2026-04-22 00:00:00+00:00
[2026-04-22T12:25:16.128+0530] {logging_mixin.py:188} INFO - [2026-04-22T12:25:16.128+0530] {dag.py:3954} INFO - Setting next_dagrun for example_branch_datetime_operator_2 to 2026-04-21 00:00:00+00:00, run_after=2026-04-22 00:00:00+00:00
[2026-04-22T12:25:16.129+0530] {logging_mixin.py:188} INFO - [2026-04-22T12:25:16.128+0530] {dag.py:3954} INFO - Setting next_dagrun for example_branch_datetime_operator_3 to 2026-04-21 00:00:00+00:00, run_after=2026-04-22 00:00:00+00:00
[2026-04-22T12:25:16.133+0530] {processor.py:183} INFO - Processing /Library/Frameworks/Python.framework/Versions/3.10/lib/python3.10/site-packages/airflow/example_dags/example_branch_datetime_operator.py took 0.054 seconds
[2026-04-22T12:27:03.332+0530] {processor.py:161} INFO - Started process (PID=72944) to work on /Library/Frameworks/Python.framework/Versions/3.10/lib/python3.10/site-packages/airflow/example_dags/example_branch_datetime_operator.py
[2026-04-22T12:27:03.333+0530] {processor.py:830} INFO - Processing file /Library/Frameworks/Python.framework/Versions/3.10/lib/python3.10/site-packages/airflow/example_dags/example_branch_datetime_operator.py for tasks to queue
[2026-04-22T12:27:03.333+0530] {logging_mixin.py:188} INFO - [2026-04-22T12:27:03.333+0530] {dagbag.py:545} INFO - Filling up the DagBag from /Library/Frameworks/Python.framework/Versions/3.10/lib/python3.10/site-packages/airflow/example_dags/example_branch_datetime_operator.py
[2026-04-22T12:27:03.338+0530] {processor.py:840} INFO - DAG(s) 'example_branch_datetime_operator_3', 'example_branch_datetime_operator_2', 'example_branch_datetime_operator' retrieved from /Library/Frameworks/Python.framework/Versions/3.10/lib/python3.10/site-packages/airflow/example_dags/example_branch_datetime_operator.py
[2026-04-22T12:27:03.373+0530] {logging_mixin.py:188} INFO - [2026-04-22T12:27:03.373+0530] {dag.py:3096} INFO - Sync 3 DAGs
[2026-04-22T12:27:03.378+0530] {logging_mixin.py:188} INFO - [2026-04-22T12:27:03.378+0530] {dag.py:3954} INFO - Setting next_dagrun for example_branch_datetime_operator to 2026-04-21 00:00:00+00:00, run_after=2026-04-22 00:00:00+00:00
[2026-04-22T12:27:03.379+0530] {logging_mixin.py:188} INFO - [2026-04-22T12:27:03.379+0530] {dag.py:3954} INFO - Setting next_dagrun for example_branch_datetime_operator_2 to 2026-04-21 00:00:00+00:00, run_after=2026-04-22 00:00:00+00:00
[2026-04-22T12:27:03.379+0530] {logging_mixin.py:188} INFO - [2026-04-22T12:27:03.379+0530] {dag.py:3954} INFO - Setting next_dagrun for example_branch_datetime_operator_3 to 2026-04-21 00:00:00+00:00, run_after=2026-04-22 00:00:00+00:00
[2026-04-22T12:27:03.384+0530] {processor.py:183} INFO - Processing /Library/Frameworks/Python.framework/Versions/3.10/lib/python3.10/site-packages/airflow/example_dags/example_branch_datetime_operator.py took 0.053 seconds
[2026-04-22T12:28:58.354+0530] {processor.py:161} INFO - Started process (PID=73166) to work on /Library/Frameworks/Python.framework/Versions/3.10/lib/python3.10/site-packages/airflow/example_dags/example_branch_datetime_operator.py
[2026-04-22T12:28:58.355+0530] {processor.py:830} INFO - Processing file /Library/Frameworks/Python.framework/Versions/3.10/lib/python3.10/site-packages/airflow/example_dags/example_branch_datetime_operator.py for tasks to queue
[2026-04-22T12:28:58.356+0530] {logging_mixin.py:188} INFO - [2026-04-22T12:28:58.356+0530] {dagbag.py:545} INFO - Filling up the DagBag from /Library/Frameworks/Python.framework/Versions/3.10/lib/python3.10/site-packages/airflow/example_dags/example_branch_datetime_operator.py
[2026-04-22T12:28:58.360+0530] {processor.py:840} INFO - DAG(s) 'example_branch_datetime_operator', 'example_branch_datetime_operator_2', 'example_branch_datetime_operator_3' retrieved from /Library/Frameworks/Python.framework/Versions/3.10/lib/python3.10/site-packages/airflow/example_dags/example_branch_datetime_operator.py
[2026-04-22T12:28:58.394+0530] {logging_mixin.py:188} INFO - [2026-04-22T12:28:58.394+0530] {dag.py:3096} INFO - Sync 3 DAGs
[2026-04-22T12:28:58.400+0530] {logging_mixin.py:188} INFO - [2026-04-22T12:28:58.400+0530] {dag.py:3954} INFO - Setting next_dagrun for example_branch_datetime_operator to 2026-04-21 00:00:00+00:00, run_after=2026-04-22 00:00:00+00:00
[2026-04-22T12:28:58.401+0530] {logging_mixin.py:188} INFO - [2026-04-22T12:28:58.401+0530] {dag.py:3954} INFO - Setting next_dagrun for example_branch_datetime_operator_2 to 2026-04-21 00:00:00+00:00, run_after=2026-04-22 00:00:00+00:00
[2026-04-22T12:28:58.402+0530] {logging_mixin.py:188} INFO - [2026-04-22T12:28:58.402+0530] {dag.py:3954} INFO - Setting next_dagrun for example_branch_datetime_operator_3 to 2026-04-21 00:00:00+00:00, run_after=2026-04-22 00:00:00+00:00
[2026-04-22T12:28:58.407+0530] {processor.py:183} INFO - Processing /Library/Frameworks/Python.framework/Versions/3.10/lib/python3.10/site-packages/airflow/example_dags/example_branch_datetime_operator.py took 0.054 seconds
[2026-04-22T12:30:45.920+0530] {processor.py:161} INFO - Started process (PID=73423) to work on /Library/Frameworks/Python.framework/Versions/3.10/lib/python3.10/site-packages/airflow/example_dags/example_branch_datetime_operator.py
[2026-04-22T12:30:45.920+0530] {processor.py:830} INFO - Processing file /Library/Frameworks/Python.framework/Versions/3.10/lib/python3.10/site-packages/airflow/example_dags/example_branch_datetime_operator.py for tasks to queue
[2026-04-22T12:30:45.920+0530] {logging_mixin.py:188} INFO - [2026-04-22T12:30:45.920+0530] {dagbag.py:545} INFO - Filling up the DagBag from /Library/Frameworks/Python.framework/Versions/3.10/lib/python3.10/site-packages/airflow/example_dags/example_branch_datetime_operator.py
[2026-04-22T12:30:45.925+0530] {processor.py:840} INFO - DAG(s) 'example_branch_datetime_operator_3', 'example_branch_datetime_operator_2', 'example_branch_datetime_operator' retrieved from /Library/Frameworks/Python.framework/Versions/3.10/lib/python3.10/site-packages/airflow/example_dags/example_branch_datetime_operator.py
[2026-04-22T12:30:45.962+0530] {logging_mixin.py:188} INFO - [2026-04-22T12:30:45.962+0530] {dag.py:3096} INFO - Sync 3 DAGs
[2026-04-22T12:30:45.967+0530] {logging_mixin.py:188} INFO - [2026-04-22T12:30:45.967+0530] {dag.py:3954} INFO - Setting next_dagrun for example_branch_datetime_operator to 2026-04-21 00:00:00+00:00, run_after=2026-04-22 00:00:00+00:00
[2026-04-22T12:30:45.968+0530] {logging_mixin.py:188} INFO - [2026-04-22T12:30:45.968+0530] {dag.py:3954} INFO - Setting next_dagrun for example_branch_datetime_operator_2 to 2026-04-21 00:00:00+00:00, run_after=2026-04-22 00:00:00+00:00
[2026-04-22T12:30:45.968+0530] {logging_mixin.py:188} INFO - [2026-04-22T12:30:45.968+0530] {dag.py:3954} INFO - Setting next_dagrun for example_branch_datetime_operator_3 to 2026-04-21 00:00:00+00:00, run_after=2026-04-22 00:00:00+00:00
[2026-04-22T12:30:45.973+0530] {processor.py:183} INFO - Processing /Library/Frameworks/Python.framework/Versions/3.10/lib/python3.10/site-packages/airflow/example_dags/example_branch_datetime_operator.py took 0.055 seconds
[2026-04-22T12:32:34.219+0530] {processor.py:161} INFO - Started process (PID=73634) to work on /Library/Frameworks/Python.framework/Versions/3.10/lib/python3.10/site-packages/airflow/example_dags/example_branch_datetime_operator.py
[2026-04-22T12:32:34.220+0530] {processor.py:830} INFO - Processing file /Library/Frameworks/Python.framework/Versions/3.10/lib/python3.10/site-packages/airflow/example_dags/example_branch_datetime_operator.py for tasks to queue
[2026-04-22T12:32:34.220+0530] {logging_mixin.py:188} INFO - [2026-04-22T12:32:34.220+0530] {dagbag.py:545} INFO - Filling up the DagBag from /Library/Frameworks/Python.framework/Versions/3.10/lib/python3.10/site-packages/airflow/example_dags/example_branch_datetime_operator.py
[2026-04-22T12:32:34.225+0530] {processor.py:840} INFO - DAG(s) 'example_branch_datetime_operator_2', 'example_branch_datetime_operator_3', 'example_branch_datetime_operator' retrieved from /Library/Frameworks/Python.framework/Versions/3.10/lib/python3.10/site-packages/airflow/example_dags/example_branch_datetime_operator.py
[2026-04-22T12:32:34.259+0530] {logging_mixin.py:188} INFO - [2026-04-22T12:32:34.259+0530] {dag.py:3096} INFO - Sync 3 DAGs
[2026-04-22T12:32:34.264+0530] {logging_mixin.py:188} INFO - [2026-04-22T12:32:34.264+0530] {dag.py:3954} INFO - Setting next_dagrun for example_branch_datetime_operator to 2026-04-21 00:00:00+00:00, run_after=2026-04-22 00:00:00+00:00
[2026-04-22T12:32:34.265+0530] {logging_mixin.py:188} INFO - [2026-04-22T12:32:34.265+0530] {dag.py:3954} INFO - Setting next_dagrun for example_branch_datetime_operator_2 to 2026-04-21 00:00:00+00:00, run_after=2026-04-22 00:00:00+00:00
[2026-04-22T12:32:34.266+0530] {logging_mixin.py:188} INFO - [2026-04-22T12:32:34.266+0530] {dag.py:3954} INFO - Setting next_dagrun for example_branch_datetime_operator_3 to 2026-04-21 00:00:00+00:00, run_after=2026-04-22 00:00:00+00:00
[2026-04-22T12:32:34.270+0530] {processor.py:183} INFO - Processing /Library/Frameworks/Python.framework/Versions/3.10/lib/python3.10/site-packages/airflow/example_dags/example_branch_datetime_operator.py took 0.052 seconds
[2026-04-22T12:34:17.545+0530] {processor.py:161} INFO - Started process (PID=73785) to work on /Library/Frameworks/Python.framework/Versions/3.10/lib/python3.10/site-packages/airflow/example_dags/example_branch_datetime_operator.py
[2026-04-22T12:34:17.546+0530] {processor.py:830} INFO - Processing file /Library/Frameworks/Python.framework/Versions/3.10/lib/python3.10/site-packages/airflow/example_dags/example_branch_datetime_operator.py for tasks to queue
[2026-04-22T12:34:17.547+0530] {logging_mixin.py:188} INFO - [2026-04-22T12:34:17.546+0530] {dagbag.py:545} INFO - Filling up the DagBag from /Library/Frameworks/Python.framework/Versions/3.10/lib/python3.10/site-packages/airflow/example_dags/example_branch_datetime_operator.py
[2026-04-22T12:34:17.551+0530] {processor.py:840} INFO - DAG(s) 'example_branch_datetime_operator_2', 'example_branch_datetime_operator_3', 'example_branch_datetime_operator' retrieved from /Library/Frameworks/Python.framework/Versions/3.10/lib/python3.10/site-packages/airflow/example_dags/example_branch_datetime_operator.py
[2026-04-22T12:34:17.584+0530] {logging_mixin.py:188} INFO - [2026-04-22T12:34:17.584+0530] {dag.py:3096} INFO - Sync 3 DAGs
[2026-04-22T12:34:17.589+0530] {logging_mixin.py:188} INFO - [2026-04-22T12:34:17.589+0530] {dag.py:3954} INFO - Setting next_dagrun for example_branch_datetime_operator to 2026-04-21 00:00:00+00:00, run_after=2026-04-22 00:00:00+00:00
[2026-04-22T12:34:17.590+0530] {logging_mixin.py:188} INFO - [2026-04-22T12:34:17.590+0530] {dag.py:3954} INFO - Setting next_dagrun for example_branch_datetime_operator_2 to 2026-04-21 00:00:00+00:00, run_after=2026-04-22 00:00:00+00:00
[2026-04-22T12:34:17.590+0530] {logging_mixin.py:188} INFO - [2026-04-22T12:34:17.590+0530] {dag.py:3954} INFO - Setting next_dagrun for example_branch_datetime_operator_3 to 2026-04-21 00:00:00+00:00, run_after=2026-04-22 00:00:00+00:00
[2026-04-22T12:34:17.595+0530] {processor.py:183} INFO - Processing /Library/Frameworks/Python.framework/Versions/3.10/lib/python3.10/site-packages/airflow/example_dags/example_branch_datetime_operator.py took 0.051 seconds
[2026-04-22T12:36:02.554+0530] {processor.py:161} INFO - Started process (PID=73924) to work on /Library/Frameworks/Python.framework/Versions/3.10/lib/python3.10/site-packages/airflow/example_dags/example_branch_datetime_operator.py
[2026-04-22T12:36:02.555+0530] {processor.py:830} INFO - Processing file /Library/Frameworks/Python.framework/Versions/3.10/lib/python3.10/site-packages/airflow/example_dags/example_branch_datetime_operator.py for tasks to queue
[2026-04-22T12:36:02.555+0530] {logging_mixin.py:188} INFO - [2026-04-22T12:36:02.555+0530] {dagbag.py:545} INFO - Filling up the DagBag from /Library/Frameworks/Python.framework/Versions/3.10/lib/python3.10/site-packages/airflow/example_dags/example_branch_datetime_operator.py
[2026-04-22T12:36:02.559+0530] {processor.py:840} INFO - DAG(s) 'example_branch_datetime_operator_2', 'example_branch_datetime_operator_3', 'example_branch_datetime_operator' retrieved from /Library/Frameworks/Python.framework/Versions/3.10/lib/python3.10/site-packages/airflow/example_dags/example_branch_datetime_operator.py
[2026-04-22T12:36:02.596+0530] {logging_mixin.py:188} INFO - [2026-04-22T12:36:02.596+0530] {dag.py:3096} INFO - Sync 3 DAGs
[2026-04-22T12:36:02.601+0530] {logging_mixin.py:188} INFO - [2026-04-22T12:36:02.601+0530] {dag.py:3954} INFO - Setting next_dagrun for example_branch_datetime_operator to 2026-04-21 00:00:00+00:00, run_after=2026-04-22 00:00:00+00:00
[2026-04-22T12:36:02.603+0530] {logging_mixin.py:188} INFO - [2026-04-22T12:36:02.603+0530] {dag.py:3954} INFO - Setting next_dagrun for example_branch_datetime_operator_2 to 2026-04-21 00:00:00+00:00, run_after=2026-04-22 00:00:00+00:00
[2026-04-22T12:36:02.603+0530] {logging_mixin.py:188} INFO - [2026-04-22T12:36:02.603+0530] {dag.py:3954} INFO - Setting next_dagrun for example_branch_datetime_operator_3 to 2026-04-21 00:00:00+00:00, run_after=2026-04-22 00:00:00+00:00
[2026-04-22T12:36:02.610+0530] {processor.py:183} INFO - Processing /Library/Frameworks/Python.framework/Versions/3.10/lib/python3.10/site-packages/airflow/example_dags/example_branch_datetime_operator.py took 0.056 seconds
[2026-04-22T12:37:47.458+0530] {processor.py:161} INFO - Started process (PID=74042) to work on /Library/Frameworks/Python.framework/Versions/3.10/lib/python3.10/site-packages/airflow/example_dags/example_branch_datetime_operator.py
[2026-04-22T12:37:47.458+0530] {processor.py:830} INFO - Processing file /Library/Frameworks/Python.framework/Versions/3.10/lib/python3.10/site-packages/airflow/example_dags/example_branch_datetime_operator.py for tasks to queue
[2026-04-22T12:37:47.459+0530] {logging_mixin.py:188} INFO - [2026-04-22T12:37:47.459+0530] {dagbag.py:545} INFO - Filling up the DagBag from /Library/Frameworks/Python.framework/Versions/3.10/lib/python3.10/site-packages/airflow/example_dags/example_branch_datetime_operator.py
[2026-04-22T12:37:47.464+0530] {processor.py:840} INFO - DAG(s) 'example_branch_datetime_operator_3', 'example_branch_datetime_operator_2', 'example_branch_datetime_operator' retrieved from /Library/Frameworks/Python.framework/Versions/3.10/lib/python3.10/site-packages/airflow/example_dags/example_branch_datetime_operator.py
[2026-04-22T12:37:47.500+0530] {logging_mixin.py:188} INFO - [2026-04-22T12:37:47.500+0530] {dag.py:3096} INFO - Sync 3 DAGs
[2026-04-22T12:37:47.505+0530] {logging_mixin.py:188} INFO - [2026-04-22T12:37:47.505+0530] {dag.py:3954} INFO - Setting next_dagrun for example_branch_datetime_operator to 2026-04-21 00:00:00+00:00, run_after=2026-04-22 00:00:00+00:00
[2026-04-22T12:37:47.506+0530] {logging_mixin.py:188} INFO - [2026-04-22T12:37:47.506+0530] {dag.py:3954} INFO - Setting next_dagrun for example_branch_datetime_operator_2 to 2026-04-21 00:00:00+00:00, run_after=2026-04-22 00:00:00+00:00
[2026-04-22T12:37:47.507+0530] {logging_mixin.py:188} INFO - [2026-04-22T12:37:47.507+0530] {dag.py:3954} INFO - Setting next_dagrun for example_branch_datetime_operator_3 to 2026-04-21 00:00:00+00:00, run_after=2026-04-22 00:00:00+00:00
[2026-04-22T12:37:47.512+0530] {processor.py:183} INFO - Processing /Library/Frameworks/Python.framework/Versions/3.10/lib/python3.10/site-packages/airflow/example_dags/example_branch_datetime_operator.py took 0.055 seconds
[2026-04-22T12:39:48.012+0530] {processor.py:161} INFO - Started process (PID=74177) to work on /Library/Frameworks/Python.framework/Versions/3.10/lib/python3.10/site-packages/airflow/example_dags/example_branch_datetime_operator.py
[2026-04-22T12:39:48.013+0530] {processor.py:830} INFO - Processing file /Library/Frameworks/Python.framework/Versions/3.10/lib/python3.10/site-packages/airflow/example_dags/example_branch_datetime_operator.py for tasks to queue
[2026-04-22T12:39:48.013+0530] {logging_mixin.py:188} INFO - [2026-04-22T12:39:48.013+0530] {dagbag.py:545} INFO - Filling up the DagBag from /Library/Frameworks/Python.framework/Versions/3.10/lib/python3.10/site-packages/airflow/example_dags/example_branch_datetime_operator.py
[2026-04-22T12:39:48.017+0530] {processor.py:840} INFO - DAG(s) 'example_branch_datetime_operator', 'example_branch_datetime_operator_3', 'example_branch_datetime_operator_2' retrieved from /Library/Frameworks/Python.framework/Versions/3.10/lib/python3.10/site-packages/airflow/example_dags/example_branch_datetime_operator.py
[2026-04-22T12:39:48.050+0530] {logging_mixin.py:188} INFO - [2026-04-22T12:39:48.050+0530] {dag.py:3096} INFO - Sync 3 DAGs
[2026-04-22T12:39:48.055+0530] {logging_mixin.py:188} INFO - [2026-04-22T12:39:48.055+0530] {dag.py:3954} INFO - Setting next_dagrun for example_branch_datetime_operator to 2026-04-21 00:00:00+00:00, run_after=2026-04-22 00:00:00+00:00
[2026-04-22T12:39:48.056+0530] {logging_mixin.py:188} INFO - [2026-04-22T12:39:48.056+0530] {dag.py:3954} INFO - Setting next_dagrun for example_branch_datetime_operator_2 to 2026-04-21 00:00:00+00:00, run_after=2026-04-22 00:00:00+00:00
[2026-04-22T12:39:48.057+0530] {logging_mixin.py:188} INFO - [2026-04-22T12:39:48.057+0530] {dag.py:3954} INFO - Setting next_dagrun for example_branch_datetime_operator_3 to 2026-04-21 00:00:00+00:00, run_after=2026-04-22 00:00:00+00:00
[2026-04-22T12:39:48.061+0530] {processor.py:183} INFO - Processing /Library/Frameworks/Python.framework/Versions/3.10/lib/python3.10/site-packages/airflow/example_dags/example_branch_datetime_operator.py took 0.051 seconds
[2026-04-22T12:41:49.028+0530] {processor.py:161} INFO - Started process (PID=74329) to work on /Library/Frameworks/Python.framework/Versions/3.10/lib/python3.10/site-packages/airflow/example_dags/example_branch_datetime_operator.py
[2026-04-22T12:41:49.029+0530] {processor.py:830} INFO - Processing file /Library/Frameworks/Python.framework/Versions/3.10/lib/python3.10/site-packages/airflow/example_dags/example_branch_datetime_operator.py for tasks to queue
[2026-04-22T12:41:49.029+0530] {logging_mixin.py:188} INFO - [2026-04-22T12:41:49.029+0530] {dagbag.py:545} INFO - Filling up the DagBag from /Library/Frameworks/Python.framework/Versions/3.10/lib/python3.10/site-packages/airflow/example_dags/example_branch_datetime_operator.py
[2026-04-22T12:41:49.033+0530] {processor.py:840} INFO - DAG(s) 'example_branch_datetime_operator_3', 'example_branch_datetime_operator_2', 'example_branch_datetime_operator' retrieved from /Library/Frameworks/Python.framework/Versions/3.10/lib/python3.10/site-packages/airflow/example_dags/example_branch_datetime_operator.py
[2026-04-22T12:41:49.067+0530] {logging_mixin.py:188} INFO - [2026-04-22T12:41:49.067+0530] {dag.py:3096} INFO - Sync 3 DAGs
[2026-04-22T12:41:49.072+0530] {logging_mixin.py:188} INFO - [2026-04-22T12:41:49.072+0530] {dag.py:3954} INFO - Setting next_dagrun for example_branch_datetime_operator to 2026-04-21 00:00:00+00:00, run_after=2026-04-22 00:00:00+00:00
[2026-04-22T12:41:49.073+0530] {logging_mixin.py:188} INFO - [2026-04-22T12:41:49.073+0530] {dag.py:3954} INFO - Setting next_dagrun for example_branch_datetime_operator_2 to 2026-04-21 00:00:00+00:00, run_after=2026-04-22 00:00:00+00:00
[2026-04-22T12:41:49.074+0530] {logging_mixin.py:188} INFO - [2026-04-22T12:41:49.074+0530] {dag.py:3954} INFO - Setting next_dagrun for example_branch_datetime_operator_3 to 2026-04-21 00:00:00+00:00, run_after=2026-04-22 00:00:00+00:00
[2026-04-22T12:41:49.078+0530] {processor.py:183} INFO - Processing /Library/Frameworks/Python.framework/Versions/3.10/lib/python3.10/site-packages/airflow/example_dags/example_branch_datetime_operator.py took 0.051 seconds
