[2026-04-22T05:57:35.450+0530] {processor.py:161} INFO - Started process (PID=68508) to work on /Library/Frameworks/Python.framework/Versions/3.10/lib/python3.10/site-packages/airflow/example_dags/example_trigger_target_dag.py
[2026-04-22T05:57:35.451+0530] {processor.py:830} INFO - Processing file /Library/Frameworks/Python.framework/Versions/3.10/lib/python3.10/site-packages/airflow/example_dags/example_trigger_target_dag.py for tasks to queue
[2026-04-22T05:57:35.451+0530] {logging_mixin.py:188} INFO - [2026-04-22T05:57:35.451+0530] {dagbag.py:545} INFO - Filling up the DagBag from /Library/Frameworks/Python.framework/Versions/3.10/lib/python3.10/site-packages/airflow/example_dags/example_trigger_target_dag.py
[2026-04-22T05:57:35.464+0530] {processor.py:840} INFO - DAG(s) 'example_trigger_target_dag' retrieved from /Library/Frameworks/Python.framework/Versions/3.10/lib/python3.10/site-packages/airflow/example_dags/example_trigger_target_dag.py
[2026-04-22T05:57:35.499+0530] {logging_mixin.py:188} INFO - [2026-04-22T05:57:35.499+0530] {dag.py:3096} INFO - Sync 1 DAGs
[2026-04-22T05:57:35.502+0530] {logging_mixin.py:188} INFO - [2026-04-22T05:57:35.502+0530] {dag.py:3954} INFO - Setting next_dagrun for example_trigger_target_dag to None, run_after=None
[2026-04-22T05:57:35.508+0530] {processor.py:183} INFO - Processing /Library/Frameworks/Python.framework/Versions/3.10/lib/python3.10/site-packages/airflow/example_dags/example_trigger_target_dag.py took 0.059 seconds
[2026-04-22T11:47:16.996+0530] {processor.py:161} INFO - Started process (PID=69284) to work on /Library/Frameworks/Python.framework/Versions/3.10/lib/python3.10/site-packages/airflow/example_dags/example_trigger_target_dag.py
[2026-04-22T11:47:16.997+0530] {processor.py:830} INFO - Processing file /Library/Frameworks/Python.framework/Versions/3.10/lib/python3.10/site-packages/airflow/example_dags/example_trigger_target_dag.py for tasks to queue
[2026-04-22T11:47:16.997+0530] {logging_mixin.py:188} INFO - [2026-04-22T11:47:16.997+0530] {dagbag.py:545} INFO - Filling up the DagBag from /Library/Frameworks/Python.framework/Versions/3.10/lib/python3.10/site-packages/airflow/example_dags/example_trigger_target_dag.py
[2026-04-22T11:47:17.009+0530] {processor.py:840} INFO - DAG(s) 'example_trigger_target_dag' retrieved from /Library/Frameworks/Python.framework/Versions/3.10/lib/python3.10/site-packages/airflow/example_dags/example_trigger_target_dag.py
[2026-04-22T11:47:17.041+0530] {logging_mixin.py:188} INFO - [2026-04-22T11:47:17.041+0530] {dag.py:3096} INFO - Sync 1 DAGs
[2026-04-22T11:47:17.044+0530] {logging_mixin.py:188} INFO - [2026-04-22T11:47:17.044+0530] {dag.py:3954} INFO - Setting next_dagrun for example_trigger_target_dag to None, run_after=None
[2026-04-22T11:47:17.049+0530] {processor.py:183} INFO - Processing /Library/Frameworks/Python.framework/Versions/3.10/lib/python3.10/site-packages/airflow/example_dags/example_trigger_target_dag.py took 0.054 seconds
[2026-04-22T11:48:05.527+0530] {processor.py:161} INFO - Started process (PID=69364) to work on /Library/Frameworks/Python.framework/Versions/3.10/lib/python3.10/site-packages/airflow/example_dags/example_trigger_target_dag.py
[2026-04-22T11:48:05.528+0530] {processor.py:830} INFO - Processing file /Library/Frameworks/Python.framework/Versions/3.10/lib/python3.10/site-packages/airflow/example_dags/example_trigger_target_dag.py for tasks to queue
[2026-04-22T11:48:05.528+0530] {logging_mixin.py:188} INFO - [2026-04-22T11:48:05.528+0530] {dagbag.py:545} INFO - Filling up the DagBag from /Library/Frameworks/Python.framework/Versions/3.10/lib/python3.10/site-packages/airflow/example_dags/example_trigger_target_dag.py
[2026-04-22T11:48:05.541+0530] {processor.py:840} INFO - DAG(s) 'example_trigger_target_dag' retrieved from /Library/Frameworks/Python.framework/Versions/3.10/lib/python3.10/site-packages/airflow/example_dags/example_trigger_target_dag.py
[2026-04-22T11:48:05.575+0530] {logging_mixin.py:188} INFO - [2026-04-22T11:48:05.574+0530] {dag.py:3096} INFO - Sync 1 DAGs
[2026-04-22T11:48:05.578+0530] {logging_mixin.py:188} INFO - [2026-04-22T11:48:05.578+0530] {dag.py:3954} INFO - Setting next_dagrun for example_trigger_target_dag to None, run_after=None
[2026-04-22T11:48:05.583+0530] {processor.py:183} INFO - Processing /Library/Frameworks/Python.framework/Versions/3.10/lib/python3.10/site-packages/airflow/example_dags/example_trigger_target_dag.py took 0.057 seconds
[2026-04-22T11:48:54.549+0530] {processor.py:161} INFO - Started process (PID=69449) to work on /Library/Frameworks/Python.framework/Versions/3.10/lib/python3.10/site-packages/airflow/example_dags/example_trigger_target_dag.py
[2026-04-22T11:48:54.550+0530] {processor.py:830} INFO - Processing file /Library/Frameworks/Python.framework/Versions/3.10/lib/python3.10/site-packages/airflow/example_dags/example_trigger_target_dag.py for tasks to queue
[2026-04-22T11:48:54.551+0530] {logging_mixin.py:188} INFO - [2026-04-22T11:48:54.551+0530] {dagbag.py:545} INFO - Filling up the DagBag from /Library/Frameworks/Python.framework/Versions/3.10/lib/python3.10/site-packages/airflow/example_dags/example_trigger_target_dag.py
[2026-04-22T11:48:54.563+0530] {processor.py:840} INFO - DAG(s) 'example_trigger_target_dag' retrieved from /Library/Frameworks/Python.framework/Versions/3.10/lib/python3.10/site-packages/airflow/example_dags/example_trigger_target_dag.py
[2026-04-22T11:48:54.598+0530] {logging_mixin.py:188} INFO - [2026-04-22T11:48:54.598+0530] {dag.py:3096} INFO - Sync 1 DAGs
[2026-04-22T11:48:54.601+0530] {logging_mixin.py:188} INFO - [2026-04-22T11:48:54.601+0530] {dag.py:3954} INFO - Setting next_dagrun for example_trigger_target_dag to None, run_after=None
[2026-04-22T11:48:54.607+0530] {processor.py:183} INFO - Processing /Library/Frameworks/Python.framework/Versions/3.10/lib/python3.10/site-packages/airflow/example_dags/example_trigger_target_dag.py took 0.058 seconds
[2026-04-22T11:49:31.034+0530] {processor.py:161} INFO - Started process (PID=69505) to work on /Library/Frameworks/Python.framework/Versions/3.10/lib/python3.10/site-packages/airflow/example_dags/example_trigger_target_dag.py
[2026-04-22T11:49:31.035+0530] {processor.py:830} INFO - Processing file /Library/Frameworks/Python.framework/Versions/3.10/lib/python3.10/site-packages/airflow/example_dags/example_trigger_target_dag.py for tasks to queue
[2026-04-22T11:49:31.035+0530] {logging_mixin.py:188} INFO - [2026-04-22T11:49:31.035+0530] {dagbag.py:545} INFO - Filling up the DagBag from /Library/Frameworks/Python.framework/Versions/3.10/lib/python3.10/site-packages/airflow/example_dags/example_trigger_target_dag.py
[2026-04-22T11:49:31.047+0530] {processor.py:840} INFO - DAG(s) 'example_trigger_target_dag' retrieved from /Library/Frameworks/Python.framework/Versions/3.10/lib/python3.10/site-packages/airflow/example_dags/example_trigger_target_dag.py
[2026-04-22T11:49:31.078+0530] {logging_mixin.py:188} INFO - [2026-04-22T11:49:31.077+0530] {dag.py:3096} INFO - Sync 1 DAGs
[2026-04-22T11:49:31.080+0530] {logging_mixin.py:188} INFO - [2026-04-22T11:49:31.080+0530] {dag.py:3954} INFO - Setting next_dagrun for example_trigger_target_dag to None, run_after=None
[2026-04-22T11:49:31.086+0530] {processor.py:183} INFO - Processing /Library/Frameworks/Python.framework/Versions/3.10/lib/python3.10/site-packages/airflow/example_dags/example_trigger_target_dag.py took 0.052 seconds
[2026-04-22T11:50:09.157+0530] {processor.py:161} INFO - Started process (PID=69573) to work on /Library/Frameworks/Python.framework/Versions/3.10/lib/python3.10/site-packages/airflow/example_dags/example_trigger_target_dag.py
[2026-04-22T11:50:09.158+0530] {processor.py:830} INFO - Processing file /Library/Frameworks/Python.framework/Versions/3.10/lib/python3.10/site-packages/airflow/example_dags/example_trigger_target_dag.py for tasks to queue
[2026-04-22T11:50:09.158+0530] {logging_mixin.py:188} INFO - [2026-04-22T11:50:09.158+0530] {dagbag.py:545} INFO - Filling up the DagBag from /Library/Frameworks/Python.framework/Versions/3.10/lib/python3.10/site-packages/airflow/example_dags/example_trigger_target_dag.py
[2026-04-22T11:50:09.170+0530] {processor.py:840} INFO - DAG(s) 'example_trigger_target_dag' retrieved from /Library/Frameworks/Python.framework/Versions/3.10/lib/python3.10/site-packages/airflow/example_dags/example_trigger_target_dag.py
[2026-04-22T11:50:09.202+0530] {logging_mixin.py:188} INFO - [2026-04-22T11:50:09.202+0530] {dag.py:3096} INFO - Sync 1 DAGs
[2026-04-22T11:50:09.205+0530] {logging_mixin.py:188} INFO - [2026-04-22T11:50:09.205+0530] {dag.py:3954} INFO - Setting next_dagrun for example_trigger_target_dag to None, run_after=None
[2026-04-22T11:50:09.210+0530] {processor.py:183} INFO - Processing /Library/Frameworks/Python.framework/Versions/3.10/lib/python3.10/site-packages/airflow/example_dags/example_trigger_target_dag.py took 0.054 seconds
[2026-04-22T11:50:46.236+0530] {processor.py:161} INFO - Started process (PID=69635) to work on /Library/Frameworks/Python.framework/Versions/3.10/lib/python3.10/site-packages/airflow/example_dags/example_trigger_target_dag.py
[2026-04-22T11:50:46.237+0530] {processor.py:830} INFO - Processing file /Library/Frameworks/Python.framework/Versions/3.10/lib/python3.10/site-packages/airflow/example_dags/example_trigger_target_dag.py for tasks to queue
[2026-04-22T11:50:46.237+0530] {logging_mixin.py:188} INFO - [2026-04-22T11:50:46.237+0530] {dagbag.py:545} INFO - Filling up the DagBag from /Library/Frameworks/Python.framework/Versions/3.10/lib/python3.10/site-packages/airflow/example_dags/example_trigger_target_dag.py
[2026-04-22T11:50:46.249+0530] {processor.py:840} INFO - DAG(s) 'example_trigger_target_dag' retrieved from /Library/Frameworks/Python.framework/Versions/3.10/lib/python3.10/site-packages/airflow/example_dags/example_trigger_target_dag.py
[2026-04-22T11:50:46.281+0530] {logging_mixin.py:188} INFO - [2026-04-22T11:50:46.281+0530] {dag.py:3096} INFO - Sync 1 DAGs
[2026-04-22T11:50:46.284+0530] {logging_mixin.py:188} INFO - [2026-04-22T11:50:46.284+0530] {dag.py:3954} INFO - Setting next_dagrun for example_trigger_target_dag to None, run_after=None
[2026-04-22T11:50:46.289+0530] {processor.py:183} INFO - Processing /Library/Frameworks/Python.framework/Versions/3.10/lib/python3.10/site-packages/airflow/example_dags/example_trigger_target_dag.py took 0.054 seconds
[2026-04-22T12:09:25.392+0530] {processor.py:161} INFO - Started process (PID=70872) to work on /Library/Frameworks/Python.framework/Versions/3.10/lib/python3.10/site-packages/airflow/example_dags/example_trigger_target_dag.py
[2026-04-22T12:09:25.393+0530] {processor.py:830} INFO - Processing file /Library/Frameworks/Python.framework/Versions/3.10/lib/python3.10/site-packages/airflow/example_dags/example_trigger_target_dag.py for tasks to queue
[2026-04-22T12:09:25.393+0530] {logging_mixin.py:188} INFO - [2026-04-22T12:09:25.393+0530] {dagbag.py:545} INFO - Filling up the DagBag from /Library/Frameworks/Python.framework/Versions/3.10/lib/python3.10/site-packages/airflow/example_dags/example_trigger_target_dag.py
[2026-04-22T12:09:25.404+0530] {processor.py:840} INFO - DAG(s) 'example_trigger_target_dag' retrieved from /Library/Frameworks/Python.framework/Versions/3.10/lib/python3.10/site-packages/airflow/example_dags/example_trigger_target_dag.py
[2026-04-22T12:09:25.435+0530] {logging_mixin.py:188} INFO - [2026-04-22T12:09:25.435+0530] {dag.py:3096} INFO - Sync 1 DAGs
[2026-04-22T12:09:25.438+0530] {logging_mixin.py:188} INFO - [2026-04-22T12:09:25.438+0530] {dag.py:3954} INFO - Setting next_dagrun for example_trigger_target_dag to None, run_after=None
[2026-04-22T12:09:25.443+0530] {processor.py:183} INFO - Processing /Library/Frameworks/Python.framework/Versions/3.10/lib/python3.10/site-packages/airflow/example_dags/example_trigger_target_dag.py took 0.052 seconds
[2026-04-22T12:14:22.666+0530] {processor.py:161} INFO - Started process (PID=71231) to work on /Library/Frameworks/Python.framework/Versions/3.10/lib/python3.10/site-packages/airflow/example_dags/example_trigger_target_dag.py
[2026-04-22T12:14:22.668+0530] {processor.py:830} INFO - Processing file /Library/Frameworks/Python.framework/Versions/3.10/lib/python3.10/site-packages/airflow/example_dags/example_trigger_target_dag.py for tasks to queue
[2026-04-22T12:14:22.668+0530] {logging_mixin.py:188} INFO - [2026-04-22T12:14:22.668+0530] {dagbag.py:545} INFO - Filling up the DagBag from /Library/Frameworks/Python.framework/Versions/3.10/lib/python3.10/site-packages/airflow/example_dags/example_trigger_target_dag.py
[2026-04-22T12:14:22.680+0530] {processor.py:840} INFO - DAG(s) 'example_trigger_target_dag' retrieved from /Library/Frameworks/Python.framework/Versions/3.10/lib/python3.10/site-packages/airflow/example_dags/example_trigger_target_dag.py
[2026-04-22T12:14:22.712+0530] {logging_mixin.py:188} INFO - [2026-04-22T12:14:22.712+0530] {dag.py:3096} INFO - Sync 1 DAGs
[2026-04-22T12:14:22.715+0530] {logging_mixin.py:188} INFO - [2026-04-22T12:14:22.715+0530] {dag.py:3954} INFO - Setting next_dagrun for example_trigger_target_dag to None, run_after=None
[2026-04-22T12:14:22.720+0530] {processor.py:183} INFO - Processing /Library/Frameworks/Python.framework/Versions/3.10/lib/python3.10/site-packages/airflow/example_dags/example_trigger_target_dag.py took 0.055 seconds
[2026-04-22T12:18:40.482+0530] {processor.py:161} INFO - Started process (PID=71562) to work on /Library/Frameworks/Python.framework/Versions/3.10/lib/python3.10/site-packages/airflow/example_dags/example_trigger_target_dag.py
[2026-04-22T12:18:40.483+0530] {processor.py:830} INFO - Processing file /Library/Frameworks/Python.framework/Versions/3.10/lib/python3.10/site-packages/airflow/example_dags/example_trigger_target_dag.py for tasks to queue
[2026-04-22T12:18:40.483+0530] {logging_mixin.py:188} INFO - [2026-04-22T12:18:40.483+0530] {dagbag.py:545} INFO - Filling up the DagBag from /Library/Frameworks/Python.framework/Versions/3.10/lib/python3.10/site-packages/airflow/example_dags/example_trigger_target_dag.py
[2026-04-22T12:18:40.495+0530] {processor.py:840} INFO - DAG(s) 'example_trigger_target_dag' retrieved from /Library/Frameworks/Python.framework/Versions/3.10/lib/python3.10/site-packages/airflow/example_dags/example_trigger_target_dag.py
[2026-04-22T12:18:40.528+0530] {logging_mixin.py:188} INFO - [2026-04-22T12:18:40.528+0530] {dag.py:3096} INFO - Sync 1 DAGs
[2026-04-22T12:18:40.531+0530] {logging_mixin.py:188} INFO - [2026-04-22T12:18:40.531+0530] {dag.py:3954} INFO - Setting next_dagrun for example_trigger_target_dag to None, run_after=None
[2026-04-22T12:18:40.536+0530] {processor.py:183} INFO - Processing /Library/Frameworks/Python.framework/Versions/3.10/lib/python3.10/site-packages/airflow/example_dags/example_trigger_target_dag.py took 0.055 seconds
[2026-04-22T12:20:27.499+0530] {processor.py:161} INFO - Started process (PID=72177) to work on /Library/Frameworks/Python.framework/Versions/3.10/lib/python3.10/site-packages/airflow/example_dags/example_trigger_target_dag.py
[2026-04-22T12:20:27.500+0530] {processor.py:830} INFO - Processing file /Library/Frameworks/Python.framework/Versions/3.10/lib/python3.10/site-packages/airflow/example_dags/example_trigger_target_dag.py for tasks to queue
[2026-04-22T12:20:27.500+0530] {logging_mixin.py:188} INFO - [2026-04-22T12:20:27.500+0530] {dagbag.py:545} INFO - Filling up the DagBag from /Library/Frameworks/Python.framework/Versions/3.10/lib/python3.10/site-packages/airflow/example_dags/example_trigger_target_dag.py
[2026-04-22T12:20:27.512+0530] {processor.py:840} INFO - DAG(s) 'example_trigger_target_dag' retrieved from /Library/Frameworks/Python.framework/Versions/3.10/lib/python3.10/site-packages/airflow/example_dags/example_trigger_target_dag.py
[2026-04-22T12:20:27.544+0530] {logging_mixin.py:188} INFO - [2026-04-22T12:20:27.544+0530] {dag.py:3096} INFO - Sync 1 DAGs
[2026-04-22T12:20:27.547+0530] {logging_mixin.py:188} INFO - [2026-04-22T12:20:27.547+0530] {dag.py:3954} INFO - Setting next_dagrun for example_trigger_target_dag to None, run_after=None
[2026-04-22T12:20:27.552+0530] {processor.py:183} INFO - Processing /Library/Frameworks/Python.framework/Versions/3.10/lib/python3.10/site-packages/airflow/example_dags/example_trigger_target_dag.py took 0.054 seconds
[2026-04-22T12:21:21.686+0530] {processor.py:161} INFO - Started process (PID=72299) to work on /Library/Frameworks/Python.framework/Versions/3.10/lib/python3.10/site-packages/airflow/example_dags/example_trigger_target_dag.py
[2026-04-22T12:21:21.686+0530] {processor.py:830} INFO - Processing file /Library/Frameworks/Python.framework/Versions/3.10/lib/python3.10/site-packages/airflow/example_dags/example_trigger_target_dag.py for tasks to queue
[2026-04-22T12:21:21.686+0530] {logging_mixin.py:188} INFO - [2026-04-22T12:21:21.686+0530] {dagbag.py:545} INFO - Filling up the DagBag from /Library/Frameworks/Python.framework/Versions/3.10/lib/python3.10/site-packages/airflow/example_dags/example_trigger_target_dag.py
[2026-04-22T12:21:21.698+0530] {processor.py:840} INFO - DAG(s) 'example_trigger_target_dag' retrieved from /Library/Frameworks/Python.framework/Versions/3.10/lib/python3.10/site-packages/airflow/example_dags/example_trigger_target_dag.py
[2026-04-22T12:21:21.730+0530] {logging_mixin.py:188} INFO - [2026-04-22T12:21:21.730+0530] {dag.py:3096} INFO - Sync 1 DAGs
[2026-04-22T12:21:21.733+0530] {logging_mixin.py:188} INFO - [2026-04-22T12:21:21.733+0530] {dag.py:3954} INFO - Setting next_dagrun for example_trigger_target_dag to None, run_after=None
[2026-04-22T12:21:21.739+0530] {processor.py:183} INFO - Processing /Library/Frameworks/Python.framework/Versions/3.10/lib/python3.10/site-packages/airflow/example_dags/example_trigger_target_dag.py took 0.054 seconds
[2026-04-22T12:22:17.581+0530] {processor.py:161} INFO - Started process (PID=72441) to work on /Library/Frameworks/Python.framework/Versions/3.10/lib/python3.10/site-packages/airflow/example_dags/example_trigger_target_dag.py
[2026-04-22T12:22:17.582+0530] {processor.py:830} INFO - Processing file /Library/Frameworks/Python.framework/Versions/3.10/lib/python3.10/site-packages/airflow/example_dags/example_trigger_target_dag.py for tasks to queue
[2026-04-22T12:22:17.582+0530] {logging_mixin.py:188} INFO - [2026-04-22T12:22:17.582+0530] {dagbag.py:545} INFO - Filling up the DagBag from /Library/Frameworks/Python.framework/Versions/3.10/lib/python3.10/site-packages/airflow/example_dags/example_trigger_target_dag.py
[2026-04-22T12:22:17.594+0530] {processor.py:840} INFO - DAG(s) 'example_trigger_target_dag' retrieved from /Library/Frameworks/Python.framework/Versions/3.10/lib/python3.10/site-packages/airflow/example_dags/example_trigger_target_dag.py
[2026-04-22T12:22:17.626+0530] {logging_mixin.py:188} INFO - [2026-04-22T12:22:17.626+0530] {dag.py:3096} INFO - Sync 1 DAGs
[2026-04-22T12:22:17.629+0530] {logging_mixin.py:188} INFO - [2026-04-22T12:22:17.629+0530] {dag.py:3954} INFO - Setting next_dagrun for example_trigger_target_dag to None, run_after=None
[2026-04-22T12:22:17.634+0530] {processor.py:183} INFO - Processing /Library/Frameworks/Python.framework/Versions/3.10/lib/python3.10/site-packages/airflow/example_dags/example_trigger_target_dag.py took 0.054 seconds
[2026-04-22T12:23:58.772+0530] {processor.py:161} INFO - Started process (PID=72574) to work on /Library/Frameworks/Python.framework/Versions/3.10/lib/python3.10/site-packages/airflow/example_dags/example_trigger_target_dag.py
[2026-04-22T12:23:58.773+0530] {processor.py:830} INFO - Processing file /Library/Frameworks/Python.framework/Versions/3.10/lib/python3.10/site-packages/airflow/example_dags/example_trigger_target_dag.py for tasks to queue
[2026-04-22T12:23:58.773+0530] {logging_mixin.py:188} INFO - [2026-04-22T12:23:58.773+0530] {dagbag.py:545} INFO - Filling up the DagBag from /Library/Frameworks/Python.framework/Versions/3.10/lib/python3.10/site-packages/airflow/example_dags/example_trigger_target_dag.py
[2026-04-22T12:23:58.787+0530] {processor.py:840} INFO - DAG(s) 'example_trigger_target_dag' retrieved from /Library/Frameworks/Python.framework/Versions/3.10/lib/python3.10/site-packages/airflow/example_dags/example_trigger_target_dag.py
[2026-04-22T12:23:58.819+0530] {logging_mixin.py:188} INFO - [2026-04-22T12:23:58.819+0530] {dag.py:3096} INFO - Sync 1 DAGs
[2026-04-22T12:23:58.823+0530] {logging_mixin.py:188} INFO - [2026-04-22T12:23:58.822+0530] {dag.py:3954} INFO - Setting next_dagrun for example_trigger_target_dag to None, run_after=None
[2026-04-22T12:23:58.828+0530] {processor.py:183} INFO - Processing /Library/Frameworks/Python.framework/Versions/3.10/lib/python3.10/site-packages/airflow/example_dags/example_trigger_target_dag.py took 0.056 seconds
[2026-04-22T12:24:51.286+0530] {processor.py:161} INFO - Started process (PID=72701) to work on /Library/Frameworks/Python.framework/Versions/3.10/lib/python3.10/site-packages/airflow/example_dags/example_trigger_target_dag.py
[2026-04-22T12:24:51.287+0530] {processor.py:830} INFO - Processing file /Library/Frameworks/Python.framework/Versions/3.10/lib/python3.10/site-packages/airflow/example_dags/example_trigger_target_dag.py for tasks to queue
[2026-04-22T12:24:51.287+0530] {logging_mixin.py:188} INFO - [2026-04-22T12:24:51.287+0530] {dagbag.py:545} INFO - Filling up the DagBag from /Library/Frameworks/Python.framework/Versions/3.10/lib/python3.10/site-packages/airflow/example_dags/example_trigger_target_dag.py
[2026-04-22T12:24:51.298+0530] {processor.py:840} INFO - DAG(s) 'example_trigger_target_dag' retrieved from /Library/Frameworks/Python.framework/Versions/3.10/lib/python3.10/site-packages/airflow/example_dags/example_trigger_target_dag.py
[2026-04-22T12:24:51.331+0530] {logging_mixin.py:188} INFO - [2026-04-22T12:24:51.331+0530] {dag.py:3096} INFO - Sync 1 DAGs
[2026-04-22T12:24:51.334+0530] {logging_mixin.py:188} INFO - [2026-04-22T12:24:51.334+0530] {dag.py:3954} INFO - Setting next_dagrun for example_trigger_target_dag to None, run_after=None
[2026-04-22T12:24:51.339+0530] {processor.py:183} INFO - Processing /Library/Frameworks/Python.framework/Versions/3.10/lib/python3.10/site-packages/airflow/example_dags/example_trigger_target_dag.py took 0.054 seconds
[2026-04-22T12:26:36.860+0530] {processor.py:161} INFO - Started process (PID=72911) to work on /Library/Frameworks/Python.framework/Versions/3.10/lib/python3.10/site-packages/airflow/example_dags/example_trigger_target_dag.py
[2026-04-22T12:26:36.861+0530] {processor.py:830} INFO - Processing file /Library/Frameworks/Python.framework/Versions/3.10/lib/python3.10/site-packages/airflow/example_dags/example_trigger_target_dag.py for tasks to queue
[2026-04-22T12:26:36.861+0530] {logging_mixin.py:188} INFO - [2026-04-22T12:26:36.861+0530] {dagbag.py:545} INFO - Filling up the DagBag from /Library/Frameworks/Python.framework/Versions/3.10/lib/python3.10/site-packages/airflow/example_dags/example_trigger_target_dag.py
[2026-04-22T12:26:36.872+0530] {processor.py:840} INFO - DAG(s) 'example_trigger_target_dag' retrieved from /Library/Frameworks/Python.framework/Versions/3.10/lib/python3.10/site-packages/airflow/example_dags/example_trigger_target_dag.py
[2026-04-22T12:26:36.904+0530] {logging_mixin.py:188} INFO - [2026-04-22T12:26:36.904+0530] {dag.py:3096} INFO - Sync 1 DAGs
[2026-04-22T12:26:36.907+0530] {logging_mixin.py:188} INFO - [2026-04-22T12:26:36.907+0530] {dag.py:3954} INFO - Setting next_dagrun for example_trigger_target_dag to None, run_after=None
[2026-04-22T12:26:36.912+0530] {processor.py:183} INFO - Processing /Library/Frameworks/Python.framework/Versions/3.10/lib/python3.10/site-packages/airflow/example_dags/example_trigger_target_dag.py took 0.053 seconds
[2026-04-22T12:27:29.296+0530] {processor.py:161} INFO - Started process (PID=73003) to work on /Library/Frameworks/Python.framework/Versions/3.10/lib/python3.10/site-packages/airflow/example_dags/example_trigger_target_dag.py
[2026-04-22T12:27:29.296+0530] {processor.py:830} INFO - Processing file /Library/Frameworks/Python.framework/Versions/3.10/lib/python3.10/site-packages/airflow/example_dags/example_trigger_target_dag.py for tasks to queue
[2026-04-22T12:27:29.297+0530] {logging_mixin.py:188} INFO - [2026-04-22T12:27:29.297+0530] {dagbag.py:545} INFO - Filling up the DagBag from /Library/Frameworks/Python.framework/Versions/3.10/lib/python3.10/site-packages/airflow/example_dags/example_trigger_target_dag.py
[2026-04-22T12:27:29.308+0530] {processor.py:840} INFO - DAG(s) 'example_trigger_target_dag' retrieved from /Library/Frameworks/Python.framework/Versions/3.10/lib/python3.10/site-packages/airflow/example_dags/example_trigger_target_dag.py
[2026-04-22T12:27:29.342+0530] {logging_mixin.py:188} INFO - [2026-04-22T12:27:29.342+0530] {dag.py:3096} INFO - Sync 1 DAGs
[2026-04-22T12:27:29.345+0530] {logging_mixin.py:188} INFO - [2026-04-22T12:27:29.345+0530] {dag.py:3954} INFO - Setting next_dagrun for example_trigger_target_dag to None, run_after=None
[2026-04-22T12:27:29.352+0530] {processor.py:183} INFO - Processing /Library/Frameworks/Python.framework/Versions/3.10/lib/python3.10/site-packages/airflow/example_dags/example_trigger_target_dag.py took 0.057 seconds
[2026-04-22T12:28:25.946+0530] {processor.py:161} INFO - Started process (PID=73130) to work on /Library/Frameworks/Python.framework/Versions/3.10/lib/python3.10/site-packages/airflow/example_dags/example_trigger_target_dag.py
[2026-04-22T12:28:25.947+0530] {processor.py:830} INFO - Processing file /Library/Frameworks/Python.framework/Versions/3.10/lib/python3.10/site-packages/airflow/example_dags/example_trigger_target_dag.py for tasks to queue
[2026-04-22T12:28:25.947+0530] {logging_mixin.py:188} INFO - [2026-04-22T12:28:25.947+0530] {dagbag.py:545} INFO - Filling up the DagBag from /Library/Frameworks/Python.framework/Versions/3.10/lib/python3.10/site-packages/airflow/example_dags/example_trigger_target_dag.py
[2026-04-22T12:28:25.958+0530] {processor.py:840} INFO - DAG(s) 'example_trigger_target_dag' retrieved from /Library/Frameworks/Python.framework/Versions/3.10/lib/python3.10/site-packages/airflow/example_dags/example_trigger_target_dag.py
[2026-04-22T12:28:25.992+0530] {logging_mixin.py:188} INFO - [2026-04-22T12:28:25.992+0530] {dag.py:3096} INFO - Sync 1 DAGs
[2026-04-22T12:28:25.995+0530] {logging_mixin.py:188} INFO - [2026-04-22T12:28:25.995+0530] {dag.py:3954} INFO - Setting next_dagrun for example_trigger_target_dag to None, run_after=None
[2026-04-22T12:28:26.001+0530] {processor.py:183} INFO - Processing /Library/Frameworks/Python.framework/Versions/3.10/lib/python3.10/site-packages/airflow/example_dags/example_trigger_target_dag.py took 0.056 seconds
[2026-04-22T12:29:23.746+0530] {processor.py:161} INFO - Started process (PID=73220) to work on /Library/Frameworks/Python.framework/Versions/3.10/lib/python3.10/site-packages/airflow/example_dags/example_trigger_target_dag.py
[2026-04-22T12:29:23.747+0530] {processor.py:830} INFO - Processing file /Library/Frameworks/Python.framework/Versions/3.10/lib/python3.10/site-packages/airflow/example_dags/example_trigger_target_dag.py for tasks to queue
[2026-04-22T12:29:23.747+0530] {logging_mixin.py:188} INFO - [2026-04-22T12:29:23.747+0530] {dagbag.py:545} INFO - Filling up the DagBag from /Library/Frameworks/Python.framework/Versions/3.10/lib/python3.10/site-packages/airflow/example_dags/example_trigger_target_dag.py
[2026-04-22T12:29:23.758+0530] {processor.py:840} INFO - DAG(s) 'example_trigger_target_dag' retrieved from /Library/Frameworks/Python.framework/Versions/3.10/lib/python3.10/site-packages/airflow/example_dags/example_trigger_target_dag.py
[2026-04-22T12:29:23.789+0530] {logging_mixin.py:188} INFO - [2026-04-22T12:29:23.789+0530] {dag.py:3096} INFO - Sync 1 DAGs
[2026-04-22T12:29:23.792+0530] {logging_mixin.py:188} INFO - [2026-04-22T12:29:23.792+0530] {dag.py:3954} INFO - Setting next_dagrun for example_trigger_target_dag to None, run_after=None
[2026-04-22T12:29:23.797+0530] {processor.py:183} INFO - Processing /Library/Frameworks/Python.framework/Versions/3.10/lib/python3.10/site-packages/airflow/example_dags/example_trigger_target_dag.py took 0.052 seconds
[2026-04-22T12:30:16.559+0530] {processor.py:161} INFO - Started process (PID=73353) to work on /Library/Frameworks/Python.framework/Versions/3.10/lib/python3.10/site-packages/airflow/example_dags/example_trigger_target_dag.py
[2026-04-22T12:30:16.561+0530] {processor.py:830} INFO - Processing file /Library/Frameworks/Python.framework/Versions/3.10/lib/python3.10/site-packages/airflow/example_dags/example_trigger_target_dag.py for tasks to queue
[2026-04-22T12:30:16.561+0530] {logging_mixin.py:188} INFO - [2026-04-22T12:30:16.561+0530] {dagbag.py:545} INFO - Filling up the DagBag from /Library/Frameworks/Python.framework/Versions/3.10/lib/python3.10/site-packages/airflow/example_dags/example_trigger_target_dag.py
[2026-04-22T12:30:16.573+0530] {processor.py:840} INFO - DAG(s) 'example_trigger_target_dag' retrieved from /Library/Frameworks/Python.framework/Versions/3.10/lib/python3.10/site-packages/airflow/example_dags/example_trigger_target_dag.py
[2026-04-22T12:30:16.608+0530] {logging_mixin.py:188} INFO - [2026-04-22T12:30:16.607+0530] {dag.py:3096} INFO - Sync 1 DAGs
[2026-04-22T12:30:16.611+0530] {logging_mixin.py:188} INFO - [2026-04-22T12:30:16.611+0530] {dag.py:3954} INFO - Setting next_dagrun for example_trigger_target_dag to None, run_after=None
[2026-04-22T12:30:16.617+0530] {processor.py:183} INFO - Processing /Library/Frameworks/Python.framework/Versions/3.10/lib/python3.10/site-packages/airflow/example_dags/example_trigger_target_dag.py took 0.059 seconds
[2026-04-22T12:31:12.207+0530] {processor.py:161} INFO - Started process (PID=73472) to work on /Library/Frameworks/Python.framework/Versions/3.10/lib/python3.10/site-packages/airflow/example_dags/example_trigger_target_dag.py
[2026-04-22T12:31:12.208+0530] {processor.py:830} INFO - Processing file /Library/Frameworks/Python.framework/Versions/3.10/lib/python3.10/site-packages/airflow/example_dags/example_trigger_target_dag.py for tasks to queue
[2026-04-22T12:31:12.209+0530] {logging_mixin.py:188} INFO - [2026-04-22T12:31:12.208+0530] {dagbag.py:545} INFO - Filling up the DagBag from /Library/Frameworks/Python.framework/Versions/3.10/lib/python3.10/site-packages/airflow/example_dags/example_trigger_target_dag.py
[2026-04-22T12:31:12.220+0530] {processor.py:840} INFO - DAG(s) 'example_trigger_target_dag' retrieved from /Library/Frameworks/Python.framework/Versions/3.10/lib/python3.10/site-packages/airflow/example_dags/example_trigger_target_dag.py
[2026-04-22T12:31:12.251+0530] {logging_mixin.py:188} INFO - [2026-04-22T12:31:12.251+0530] {dag.py:3096} INFO - Sync 1 DAGs
[2026-04-22T12:31:12.254+0530] {logging_mixin.py:188} INFO - [2026-04-22T12:31:12.254+0530] {dag.py:3954} INFO - Setting next_dagrun for example_trigger_target_dag to None, run_after=None
[2026-04-22T12:31:12.260+0530] {processor.py:183} INFO - Processing /Library/Frameworks/Python.framework/Versions/3.10/lib/python3.10/site-packages/airflow/example_dags/example_trigger_target_dag.py took 0.053 seconds
[2026-04-22T12:32:08.122+0530] {processor.py:161} INFO - Started process (PID=73585) to work on /Library/Frameworks/Python.framework/Versions/3.10/lib/python3.10/site-packages/airflow/example_dags/example_trigger_target_dag.py
[2026-04-22T12:32:08.123+0530] {processor.py:830} INFO - Processing file /Library/Frameworks/Python.framework/Versions/3.10/lib/python3.10/site-packages/airflow/example_dags/example_trigger_target_dag.py for tasks to queue
[2026-04-22T12:32:08.124+0530] {logging_mixin.py:188} INFO - [2026-04-22T12:32:08.123+0530] {dagbag.py:545} INFO - Filling up the DagBag from /Library/Frameworks/Python.framework/Versions/3.10/lib/python3.10/site-packages/airflow/example_dags/example_trigger_target_dag.py
[2026-04-22T12:32:08.135+0530] {processor.py:840} INFO - DAG(s) 'example_trigger_target_dag' retrieved from /Library/Frameworks/Python.framework/Versions/3.10/lib/python3.10/site-packages/airflow/example_dags/example_trigger_target_dag.py
[2026-04-22T12:32:08.166+0530] {logging_mixin.py:188} INFO - [2026-04-22T12:32:08.166+0530] {dag.py:3096} INFO - Sync 1 DAGs
[2026-04-22T12:32:08.169+0530] {logging_mixin.py:188} INFO - [2026-04-22T12:32:08.169+0530] {dag.py:3954} INFO - Setting next_dagrun for example_trigger_target_dag to None, run_after=None
[2026-04-22T12:32:08.174+0530] {processor.py:183} INFO - Processing /Library/Frameworks/Python.framework/Versions/3.10/lib/python3.10/site-packages/airflow/example_dags/example_trigger_target_dag.py took 0.052 seconds
[2026-04-22T12:33:00.329+0530] {processor.py:161} INFO - Started process (PID=73686) to work on /Library/Frameworks/Python.framework/Versions/3.10/lib/python3.10/site-packages/airflow/example_dags/example_trigger_target_dag.py
[2026-04-22T12:33:00.329+0530] {processor.py:830} INFO - Processing file /Library/Frameworks/Python.framework/Versions/3.10/lib/python3.10/site-packages/airflow/example_dags/example_trigger_target_dag.py for tasks to queue
[2026-04-22T12:33:00.329+0530] {logging_mixin.py:188} INFO - [2026-04-22T12:33:00.329+0530] {dagbag.py:545} INFO - Filling up the DagBag from /Library/Frameworks/Python.framework/Versions/3.10/lib/python3.10/site-packages/airflow/example_dags/example_trigger_target_dag.py
[2026-04-22T12:33:00.344+0530] {processor.py:840} INFO - DAG(s) 'example_trigger_target_dag' retrieved from /Library/Frameworks/Python.framework/Versions/3.10/lib/python3.10/site-packages/airflow/example_dags/example_trigger_target_dag.py
[2026-04-22T12:33:00.375+0530] {logging_mixin.py:188} INFO - [2026-04-22T12:33:00.375+0530] {dag.py:3096} INFO - Sync 1 DAGs
[2026-04-22T12:33:00.378+0530] {logging_mixin.py:188} INFO - [2026-04-22T12:33:00.378+0530] {dag.py:3954} INFO - Setting next_dagrun for example_trigger_target_dag to None, run_after=None
[2026-04-22T12:33:00.383+0530] {processor.py:183} INFO - Processing /Library/Frameworks/Python.framework/Versions/3.10/lib/python3.10/site-packages/airflow/example_dags/example_trigger_target_dag.py took 0.055 seconds
[2026-04-22T12:33:51.694+0530] {processor.py:161} INFO - Started process (PID=73753) to work on /Library/Frameworks/Python.framework/Versions/3.10/lib/python3.10/site-packages/airflow/example_dags/example_trigger_target_dag.py
[2026-04-22T12:33:51.695+0530] {processor.py:830} INFO - Processing file /Library/Frameworks/Python.framework/Versions/3.10/lib/python3.10/site-packages/airflow/example_dags/example_trigger_target_dag.py for tasks to queue
[2026-04-22T12:33:51.695+0530] {logging_mixin.py:188} INFO - [2026-04-22T12:33:51.695+0530] {dagbag.py:545} INFO - Filling up the DagBag from /Library/Frameworks/Python.framework/Versions/3.10/lib/python3.10/site-packages/airflow/example_dags/example_trigger_target_dag.py
[2026-04-22T12:33:51.706+0530] {processor.py:840} INFO - DAG(s) 'example_trigger_target_dag' retrieved from /Library/Frameworks/Python.framework/Versions/3.10/lib/python3.10/site-packages/airflow/example_dags/example_trigger_target_dag.py
[2026-04-22T12:33:51.737+0530] {logging_mixin.py:188} INFO - [2026-04-22T12:33:51.737+0530] {dag.py:3096} INFO - Sync 1 DAGs
[2026-04-22T12:33:51.740+0530] {logging_mixin.py:188} INFO - [2026-04-22T12:33:51.740+0530] {dag.py:3954} INFO - Setting next_dagrun for example_trigger_target_dag to None, run_after=None
[2026-04-22T12:33:51.745+0530] {processor.py:183} INFO - Processing /Library/Frameworks/Python.framework/Versions/3.10/lib/python3.10/site-packages/airflow/example_dags/example_trigger_target_dag.py took 0.051 seconds
[2026-04-22T12:34:44.949+0530] {processor.py:161} INFO - Started process (PID=73818) to work on /Library/Frameworks/Python.framework/Versions/3.10/lib/python3.10/site-packages/airflow/example_dags/example_trigger_target_dag.py
[2026-04-22T12:34:44.950+0530] {processor.py:830} INFO - Processing file /Library/Frameworks/Python.framework/Versions/3.10/lib/python3.10/site-packages/airflow/example_dags/example_trigger_target_dag.py for tasks to queue
[2026-04-22T12:34:44.950+0530] {logging_mixin.py:188} INFO - [2026-04-22T12:34:44.950+0530] {dagbag.py:545} INFO - Filling up the DagBag from /Library/Frameworks/Python.framework/Versions/3.10/lib/python3.10/site-packages/airflow/example_dags/example_trigger_target_dag.py
[2026-04-22T12:34:44.962+0530] {processor.py:840} INFO - DAG(s) 'example_trigger_target_dag' retrieved from /Library/Frameworks/Python.framework/Versions/3.10/lib/python3.10/site-packages/airflow/example_dags/example_trigger_target_dag.py
[2026-04-22T12:34:44.994+0530] {logging_mixin.py:188} INFO - [2026-04-22T12:34:44.994+0530] {dag.py:3096} INFO - Sync 1 DAGs
[2026-04-22T12:34:44.997+0530] {logging_mixin.py:188} INFO - [2026-04-22T12:34:44.997+0530] {dag.py:3954} INFO - Setting next_dagrun for example_trigger_target_dag to None, run_after=None
[2026-04-22T12:34:45.002+0530] {processor.py:183} INFO - Processing /Library/Frameworks/Python.framework/Versions/3.10/lib/python3.10/site-packages/airflow/example_dags/example_trigger_target_dag.py took 0.054 seconds
[2026-04-22T12:35:35.641+0530] {processor.py:161} INFO - Started process (PID=73887) to work on /Library/Frameworks/Python.framework/Versions/3.10/lib/python3.10/site-packages/airflow/example_dags/example_trigger_target_dag.py
[2026-04-22T12:35:35.642+0530] {processor.py:830} INFO - Processing file /Library/Frameworks/Python.framework/Versions/3.10/lib/python3.10/site-packages/airflow/example_dags/example_trigger_target_dag.py for tasks to queue
[2026-04-22T12:35:35.642+0530] {logging_mixin.py:188} INFO - [2026-04-22T12:35:35.642+0530] {dagbag.py:545} INFO - Filling up the DagBag from /Library/Frameworks/Python.framework/Versions/3.10/lib/python3.10/site-packages/airflow/example_dags/example_trigger_target_dag.py
[2026-04-22T12:35:35.654+0530] {processor.py:840} INFO - DAG(s) 'example_trigger_target_dag' retrieved from /Library/Frameworks/Python.framework/Versions/3.10/lib/python3.10/site-packages/airflow/example_dags/example_trigger_target_dag.py
[2026-04-22T12:35:35.688+0530] {logging_mixin.py:188} INFO - [2026-04-22T12:35:35.688+0530] {dag.py:3096} INFO - Sync 1 DAGs
[2026-04-22T12:35:35.691+0530] {logging_mixin.py:188} INFO - [2026-04-22T12:35:35.691+0530] {dag.py:3954} INFO - Setting next_dagrun for example_trigger_target_dag to None, run_after=None
[2026-04-22T12:35:35.698+0530] {processor.py:183} INFO - Processing /Library/Frameworks/Python.framework/Versions/3.10/lib/python3.10/site-packages/airflow/example_dags/example_trigger_target_dag.py took 0.057 seconds
[2026-04-22T12:36:27.198+0530] {processor.py:161} INFO - Started process (PID=73957) to work on /Library/Frameworks/Python.framework/Versions/3.10/lib/python3.10/site-packages/airflow/example_dags/example_trigger_target_dag.py
[2026-04-22T12:36:27.199+0530] {processor.py:830} INFO - Processing file /Library/Frameworks/Python.framework/Versions/3.10/lib/python3.10/site-packages/airflow/example_dags/example_trigger_target_dag.py for tasks to queue
[2026-04-22T12:36:27.199+0530] {logging_mixin.py:188} INFO - [2026-04-22T12:36:27.199+0530] {dagbag.py:545} INFO - Filling up the DagBag from /Library/Frameworks/Python.framework/Versions/3.10/lib/python3.10/site-packages/airflow/example_dags/example_trigger_target_dag.py
[2026-04-22T12:36:27.210+0530] {processor.py:840} INFO - DAG(s) 'example_trigger_target_dag' retrieved from /Library/Frameworks/Python.framework/Versions/3.10/lib/python3.10/site-packages/airflow/example_dags/example_trigger_target_dag.py
[2026-04-22T12:36:27.242+0530] {logging_mixin.py:188} INFO - [2026-04-22T12:36:27.242+0530] {dag.py:3096} INFO - Sync 1 DAGs
[2026-04-22T12:36:27.245+0530] {logging_mixin.py:188} INFO - [2026-04-22T12:36:27.245+0530] {dag.py:3954} INFO - Setting next_dagrun for example_trigger_target_dag to None, run_after=None
[2026-04-22T12:36:27.250+0530] {processor.py:183} INFO - Processing /Library/Frameworks/Python.framework/Versions/3.10/lib/python3.10/site-packages/airflow/example_dags/example_trigger_target_dag.py took 0.053 seconds
[2026-04-22T12:37:18.431+0530] {processor.py:161} INFO - Started process (PID=74010) to work on /Library/Frameworks/Python.framework/Versions/3.10/lib/python3.10/site-packages/airflow/example_dags/example_trigger_target_dag.py
[2026-04-22T12:37:18.432+0530] {processor.py:830} INFO - Processing file /Library/Frameworks/Python.framework/Versions/3.10/lib/python3.10/site-packages/airflow/example_dags/example_trigger_target_dag.py for tasks to queue
[2026-04-22T12:37:18.432+0530] {logging_mixin.py:188} INFO - [2026-04-22T12:37:18.432+0530] {dagbag.py:545} INFO - Filling up the DagBag from /Library/Frameworks/Python.framework/Versions/3.10/lib/python3.10/site-packages/airflow/example_dags/example_trigger_target_dag.py
[2026-04-22T12:37:18.444+0530] {processor.py:840} INFO - DAG(s) 'example_trigger_target_dag' retrieved from /Library/Frameworks/Python.framework/Versions/3.10/lib/python3.10/site-packages/airflow/example_dags/example_trigger_target_dag.py
[2026-04-22T12:37:18.477+0530] {logging_mixin.py:188} INFO - [2026-04-22T12:37:18.476+0530] {dag.py:3096} INFO - Sync 1 DAGs
[2026-04-22T12:37:18.480+0530] {logging_mixin.py:188} INFO - [2026-04-22T12:37:18.480+0530] {dag.py:3954} INFO - Setting next_dagrun for example_trigger_target_dag to None, run_after=None
[2026-04-22T12:37:18.485+0530] {processor.py:183} INFO - Processing /Library/Frameworks/Python.framework/Versions/3.10/lib/python3.10/site-packages/airflow/example_dags/example_trigger_target_dag.py took 0.054 seconds
[2026-04-22T12:38:15.248+0530] {processor.py:161} INFO - Started process (PID=74071) to work on /Library/Frameworks/Python.framework/Versions/3.10/lib/python3.10/site-packages/airflow/example_dags/example_trigger_target_dag.py
[2026-04-22T12:38:15.249+0530] {processor.py:830} INFO - Processing file /Library/Frameworks/Python.framework/Versions/3.10/lib/python3.10/site-packages/airflow/example_dags/example_trigger_target_dag.py for tasks to queue
[2026-04-22T12:38:15.249+0530] {logging_mixin.py:188} INFO - [2026-04-22T12:38:15.249+0530] {dagbag.py:545} INFO - Filling up the DagBag from /Library/Frameworks/Python.framework/Versions/3.10/lib/python3.10/site-packages/airflow/example_dags/example_trigger_target_dag.py
[2026-04-22T12:38:15.260+0530] {processor.py:840} INFO - DAG(s) 'example_trigger_target_dag' retrieved from /Library/Frameworks/Python.framework/Versions/3.10/lib/python3.10/site-packages/airflow/example_dags/example_trigger_target_dag.py
[2026-04-22T12:38:15.294+0530] {logging_mixin.py:188} INFO - [2026-04-22T12:38:15.294+0530] {dag.py:3096} INFO - Sync 1 DAGs
[2026-04-22T12:38:15.297+0530] {logging_mixin.py:188} INFO - [2026-04-22T12:38:15.297+0530] {dag.py:3954} INFO - Setting next_dagrun for example_trigger_target_dag to None, run_after=None
[2026-04-22T12:38:15.302+0530] {processor.py:183} INFO - Processing /Library/Frameworks/Python.framework/Versions/3.10/lib/python3.10/site-packages/airflow/example_dags/example_trigger_target_dag.py took 0.055 seconds
[2026-04-22T12:39:15.580+0530] {processor.py:161} INFO - Started process (PID=74139) to work on /Library/Frameworks/Python.framework/Versions/3.10/lib/python3.10/site-packages/airflow/example_dags/example_trigger_target_dag.py
[2026-04-22T12:39:15.581+0530] {processor.py:830} INFO - Processing file /Library/Frameworks/Python.framework/Versions/3.10/lib/python3.10/site-packages/airflow/example_dags/example_trigger_target_dag.py for tasks to queue
[2026-04-22T12:39:15.581+0530] {logging_mixin.py:188} INFO - [2026-04-22T12:39:15.581+0530] {dagbag.py:545} INFO - Filling up the DagBag from /Library/Frameworks/Python.framework/Versions/3.10/lib/python3.10/site-packages/airflow/example_dags/example_trigger_target_dag.py
[2026-04-22T12:39:15.593+0530] {processor.py:840} INFO - DAG(s) 'example_trigger_target_dag' retrieved from /Library/Frameworks/Python.framework/Versions/3.10/lib/python3.10/site-packages/airflow/example_dags/example_trigger_target_dag.py
[2026-04-22T12:39:15.624+0530] {logging_mixin.py:188} INFO - [2026-04-22T12:39:15.623+0530] {dag.py:3096} INFO - Sync 1 DAGs
[2026-04-22T12:39:15.626+0530] {logging_mixin.py:188} INFO - [2026-04-22T12:39:15.626+0530] {dag.py:3954} INFO - Setting next_dagrun for example_trigger_target_dag to None, run_after=None
[2026-04-22T12:39:15.631+0530] {processor.py:183} INFO - Processing /Library/Frameworks/Python.framework/Versions/3.10/lib/python3.10/site-packages/airflow/example_dags/example_trigger_target_dag.py took 0.053 seconds
[2026-04-22T12:40:15.641+0530] {processor.py:161} INFO - Started process (PID=74213) to work on /Library/Frameworks/Python.framework/Versions/3.10/lib/python3.10/site-packages/airflow/example_dags/example_trigger_target_dag.py
[2026-04-22T12:40:15.642+0530] {processor.py:830} INFO - Processing file /Library/Frameworks/Python.framework/Versions/3.10/lib/python3.10/site-packages/airflow/example_dags/example_trigger_target_dag.py for tasks to queue
[2026-04-22T12:40:15.642+0530] {logging_mixin.py:188} INFO - [2026-04-22T12:40:15.642+0530] {dagbag.py:545} INFO - Filling up the DagBag from /Library/Frameworks/Python.framework/Versions/3.10/lib/python3.10/site-packages/airflow/example_dags/example_trigger_target_dag.py
[2026-04-22T12:40:15.655+0530] {processor.py:840} INFO - DAG(s) 'example_trigger_target_dag' retrieved from /Library/Frameworks/Python.framework/Versions/3.10/lib/python3.10/site-packages/airflow/example_dags/example_trigger_target_dag.py
[2026-04-22T12:40:15.693+0530] {logging_mixin.py:188} INFO - [2026-04-22T12:40:15.693+0530] {dag.py:3096} INFO - Sync 1 DAGs
[2026-04-22T12:40:15.696+0530] {logging_mixin.py:188} INFO - [2026-04-22T12:40:15.696+0530] {dag.py:3954} INFO - Setting next_dagrun for example_trigger_target_dag to None, run_after=None
[2026-04-22T12:40:15.702+0530] {processor.py:183} INFO - Processing /Library/Frameworks/Python.framework/Versions/3.10/lib/python3.10/site-packages/airflow/example_dags/example_trigger_target_dag.py took 0.062 seconds
[2026-04-22T12:41:16.113+0530] {processor.py:161} INFO - Started process (PID=74284) to work on /Library/Frameworks/Python.framework/Versions/3.10/lib/python3.10/site-packages/airflow/example_dags/example_trigger_target_dag.py
[2026-04-22T12:41:16.113+0530] {processor.py:830} INFO - Processing file /Library/Frameworks/Python.framework/Versions/3.10/lib/python3.10/site-packages/airflow/example_dags/example_trigger_target_dag.py for tasks to queue
[2026-04-22T12:41:16.113+0530] {logging_mixin.py:188} INFO - [2026-04-22T12:41:16.113+0530] {dagbag.py:545} INFO - Filling up the DagBag from /Library/Frameworks/Python.framework/Versions/3.10/lib/python3.10/site-packages/airflow/example_dags/example_trigger_target_dag.py
[2026-04-22T12:41:16.125+0530] {processor.py:840} INFO - DAG(s) 'example_trigger_target_dag' retrieved from /Library/Frameworks/Python.framework/Versions/3.10/lib/python3.10/site-packages/airflow/example_dags/example_trigger_target_dag.py
[2026-04-22T12:41:16.160+0530] {logging_mixin.py:188} INFO - [2026-04-22T12:41:16.160+0530] {dag.py:3096} INFO - Sync 1 DAGs
[2026-04-22T12:41:16.163+0530] {logging_mixin.py:188} INFO - [2026-04-22T12:41:16.163+0530] {dag.py:3954} INFO - Setting next_dagrun for example_trigger_target_dag to None, run_after=None
[2026-04-22T12:41:16.169+0530] {processor.py:183} INFO - Processing /Library/Frameworks/Python.framework/Versions/3.10/lib/python3.10/site-packages/airflow/example_dags/example_trigger_target_dag.py took 0.058 seconds
[2026-04-22T12:42:14.231+0530] {processor.py:161} INFO - Started process (PID=74351) to work on /Library/Frameworks/Python.framework/Versions/3.10/lib/python3.10/site-packages/airflow/example_dags/example_trigger_target_dag.py
[2026-04-22T12:42:14.231+0530] {processor.py:830} INFO - Processing file /Library/Frameworks/Python.framework/Versions/3.10/lib/python3.10/site-packages/airflow/example_dags/example_trigger_target_dag.py for tasks to queue
[2026-04-22T12:42:14.232+0530] {logging_mixin.py:188} INFO - [2026-04-22T12:42:14.231+0530] {dagbag.py:545} INFO - Filling up the DagBag from /Library/Frameworks/Python.framework/Versions/3.10/lib/python3.10/site-packages/airflow/example_dags/example_trigger_target_dag.py
[2026-04-22T12:42:14.243+0530] {processor.py:840} INFO - DAG(s) 'example_trigger_target_dag' retrieved from /Library/Frameworks/Python.framework/Versions/3.10/lib/python3.10/site-packages/airflow/example_dags/example_trigger_target_dag.py
[2026-04-22T12:42:14.277+0530] {logging_mixin.py:188} INFO - [2026-04-22T12:42:14.277+0530] {dag.py:3096} INFO - Sync 1 DAGs
[2026-04-22T12:42:14.280+0530] {logging_mixin.py:188} INFO - [2026-04-22T12:42:14.280+0530] {dag.py:3954} INFO - Setting next_dagrun for example_trigger_target_dag to None, run_after=None
[2026-04-22T12:42:14.285+0530] {processor.py:183} INFO - Processing /Library/Frameworks/Python.framework/Versions/3.10/lib/python3.10/site-packages/airflow/example_dags/example_trigger_target_dag.py took 0.055 seconds
