[2026-04-22T07:21:42.118+0530] {processor.py:161} INFO - Started process (PID=68738) to work on /Library/Frameworks/Python.framework/Versions/3.10/lib/python3.10/site-packages/airflow/example_dags/example_sensors.py
[2026-04-22T07:21:42.119+0530] {processor.py:830} INFO - Processing file /Library/Frameworks/Python.framework/Versions/3.10/lib/python3.10/site-packages/airflow/example_dags/example_sensors.py for tasks to queue
[2026-04-22T07:21:42.119+0530] {logging_mixin.py:188} INFO - [2026-04-22T07:21:42.119+0530] {dagbag.py:545} INFO - Filling up the DagBag from /Library/Frameworks/Python.framework/Versions/3.10/lib/python3.10/site-packages/airflow/example_dags/example_sensors.py
[2026-04-22T07:21:42.123+0530] {processor.py:840} INFO - DAG(s) 'example_sensors' retrieved from /Library/Frameworks/Python.framework/Versions/3.10/lib/python3.10/site-packages/airflow/example_dags/example_sensors.py
[2026-04-22T07:21:42.163+0530] {logging_mixin.py:188} INFO - [2026-04-22T07:21:42.162+0530] {dag.py:3096} INFO - Sync 1 DAGs
[2026-04-22T07:21:42.165+0530] {logging_mixin.py:188} INFO - [2026-04-22T07:21:42.165+0530] {dag.py:3954} INFO - Setting next_dagrun for example_sensors to None, run_after=None
[2026-04-22T07:21:42.171+0530] {processor.py:183} INFO - Processing /Library/Frameworks/Python.framework/Versions/3.10/lib/python3.10/site-packages/airflow/example_dags/example_sensors.py took 0.053 seconds
[2026-04-22T11:47:28.140+0530] {processor.py:161} INFO - Started process (PID=69302) to work on /Library/Frameworks/Python.framework/Versions/3.10/lib/python3.10/site-packages/airflow/example_dags/example_sensors.py
[2026-04-22T11:47:28.141+0530] {processor.py:830} INFO - Processing file /Library/Frameworks/Python.framework/Versions/3.10/lib/python3.10/site-packages/airflow/example_dags/example_sensors.py for tasks to queue
[2026-04-22T11:47:28.141+0530] {logging_mixin.py:188} INFO - [2026-04-22T11:47:28.141+0530] {dagbag.py:545} INFO - Filling up the DagBag from /Library/Frameworks/Python.framework/Versions/3.10/lib/python3.10/site-packages/airflow/example_dags/example_sensors.py
[2026-04-22T11:47:28.145+0530] {processor.py:840} INFO - DAG(s) 'example_sensors' retrieved from /Library/Frameworks/Python.framework/Versions/3.10/lib/python3.10/site-packages/airflow/example_dags/example_sensors.py
[2026-04-22T11:47:28.186+0530] {logging_mixin.py:188} INFO - [2026-04-22T11:47:28.186+0530] {dag.py:3096} INFO - Sync 1 DAGs
[2026-04-22T11:47:28.188+0530] {logging_mixin.py:188} INFO - [2026-04-22T11:47:28.188+0530] {dag.py:3954} INFO - Setting next_dagrun for example_sensors to None, run_after=None
[2026-04-22T11:47:28.194+0530] {processor.py:183} INFO - Processing /Library/Frameworks/Python.framework/Versions/3.10/lib/python3.10/site-packages/airflow/example_dags/example_sensors.py took 0.054 seconds
[2026-04-22T11:48:16.278+0530] {processor.py:161} INFO - Started process (PID=69387) to work on /Library/Frameworks/Python.framework/Versions/3.10/lib/python3.10/site-packages/airflow/example_dags/example_sensors.py
[2026-04-22T11:48:16.279+0530] {processor.py:830} INFO - Processing file /Library/Frameworks/Python.framework/Versions/3.10/lib/python3.10/site-packages/airflow/example_dags/example_sensors.py for tasks to queue
[2026-04-22T11:48:16.279+0530] {logging_mixin.py:188} INFO - [2026-04-22T11:48:16.279+0530] {dagbag.py:545} INFO - Filling up the DagBag from /Library/Frameworks/Python.framework/Versions/3.10/lib/python3.10/site-packages/airflow/example_dags/example_sensors.py
[2026-04-22T11:48:16.284+0530] {processor.py:840} INFO - DAG(s) 'example_sensors' retrieved from /Library/Frameworks/Python.framework/Versions/3.10/lib/python3.10/site-packages/airflow/example_dags/example_sensors.py
[2026-04-22T11:48:16.328+0530] {logging_mixin.py:188} INFO - [2026-04-22T11:48:16.328+0530] {dag.py:3096} INFO - Sync 1 DAGs
[2026-04-22T11:48:16.331+0530] {logging_mixin.py:188} INFO - [2026-04-22T11:48:16.331+0530] {dag.py:3954} INFO - Setting next_dagrun for example_sensors to None, run_after=None
[2026-04-22T11:48:16.337+0530] {processor.py:183} INFO - Processing /Library/Frameworks/Python.framework/Versions/3.10/lib/python3.10/site-packages/airflow/example_dags/example_sensors.py took 0.059 seconds
[2026-04-22T11:49:05.231+0530] {processor.py:161} INFO - Started process (PID=69468) to work on /Library/Frameworks/Python.framework/Versions/3.10/lib/python3.10/site-packages/airflow/example_dags/example_sensors.py
[2026-04-22T11:49:05.232+0530] {processor.py:830} INFO - Processing file /Library/Frameworks/Python.framework/Versions/3.10/lib/python3.10/site-packages/airflow/example_dags/example_sensors.py for tasks to queue
[2026-04-22T11:49:05.232+0530] {logging_mixin.py:188} INFO - [2026-04-22T11:49:05.232+0530] {dagbag.py:545} INFO - Filling up the DagBag from /Library/Frameworks/Python.framework/Versions/3.10/lib/python3.10/site-packages/airflow/example_dags/example_sensors.py
[2026-04-22T11:49:05.237+0530] {processor.py:840} INFO - DAG(s) 'example_sensors' retrieved from /Library/Frameworks/Python.framework/Versions/3.10/lib/python3.10/site-packages/airflow/example_dags/example_sensors.py
[2026-04-22T11:49:05.276+0530] {logging_mixin.py:188} INFO - [2026-04-22T11:49:05.276+0530] {dag.py:3096} INFO - Sync 1 DAGs
[2026-04-22T11:49:05.278+0530] {logging_mixin.py:188} INFO - [2026-04-22T11:49:05.278+0530] {dag.py:3954} INFO - Setting next_dagrun for example_sensors to None, run_after=None
[2026-04-22T11:49:05.284+0530] {processor.py:183} INFO - Processing /Library/Frameworks/Python.framework/Versions/3.10/lib/python3.10/site-packages/airflow/example_dags/example_sensors.py took 0.053 seconds
[2026-04-22T11:50:00.865+0530] {processor.py:161} INFO - Started process (PID=69561) to work on /Library/Frameworks/Python.framework/Versions/3.10/lib/python3.10/site-packages/airflow/example_dags/example_sensors.py
[2026-04-22T11:50:00.866+0530] {processor.py:830} INFO - Processing file /Library/Frameworks/Python.framework/Versions/3.10/lib/python3.10/site-packages/airflow/example_dags/example_sensors.py for tasks to queue
[2026-04-22T11:50:00.866+0530] {logging_mixin.py:188} INFO - [2026-04-22T11:50:00.866+0530] {dagbag.py:545} INFO - Filling up the DagBag from /Library/Frameworks/Python.framework/Versions/3.10/lib/python3.10/site-packages/airflow/example_dags/example_sensors.py
[2026-04-22T11:50:00.871+0530] {processor.py:840} INFO - DAG(s) 'example_sensors' retrieved from /Library/Frameworks/Python.framework/Versions/3.10/lib/python3.10/site-packages/airflow/example_dags/example_sensors.py
[2026-04-22T11:50:00.911+0530] {logging_mixin.py:188} INFO - [2026-04-22T11:50:00.911+0530] {dag.py:3096} INFO - Sync 1 DAGs
[2026-04-22T11:50:00.913+0530] {logging_mixin.py:188} INFO - [2026-04-22T11:50:00.913+0530] {dag.py:3954} INFO - Setting next_dagrun for example_sensors to None, run_after=None
[2026-04-22T11:50:00.919+0530] {processor.py:183} INFO - Processing /Library/Frameworks/Python.framework/Versions/3.10/lib/python3.10/site-packages/airflow/example_dags/example_sensors.py took 0.055 seconds
[2026-04-22T11:50:56.390+0530] {processor.py:161} INFO - Started process (PID=69692) to work on /Library/Frameworks/Python.framework/Versions/3.10/lib/python3.10/site-packages/airflow/example_dags/example_sensors.py
[2026-04-22T11:50:56.391+0530] {processor.py:830} INFO - Processing file /Library/Frameworks/Python.framework/Versions/3.10/lib/python3.10/site-packages/airflow/example_dags/example_sensors.py for tasks to queue
[2026-04-22T11:50:56.391+0530] {logging_mixin.py:188} INFO - [2026-04-22T11:50:56.391+0530] {dagbag.py:545} INFO - Filling up the DagBag from /Library/Frameworks/Python.framework/Versions/3.10/lib/python3.10/site-packages/airflow/example_dags/example_sensors.py
[2026-04-22T11:50:56.396+0530] {processor.py:840} INFO - DAG(s) 'example_sensors' retrieved from /Library/Frameworks/Python.framework/Versions/3.10/lib/python3.10/site-packages/airflow/example_dags/example_sensors.py
[2026-04-22T11:50:56.436+0530] {logging_mixin.py:188} INFO - [2026-04-22T11:50:56.436+0530] {dag.py:3096} INFO - Sync 1 DAGs
[2026-04-22T11:50:56.438+0530] {logging_mixin.py:188} INFO - [2026-04-22T11:50:56.438+0530] {dag.py:3954} INFO - Setting next_dagrun for example_sensors to None, run_after=None
[2026-04-22T11:50:56.444+0530] {processor.py:183} INFO - Processing /Library/Frameworks/Python.framework/Versions/3.10/lib/python3.10/site-packages/airflow/example_dags/example_sensors.py took 0.055 seconds
[2026-04-22T12:10:31.188+0530] {processor.py:161} INFO - Started process (PID=70949) to work on /Library/Frameworks/Python.framework/Versions/3.10/lib/python3.10/site-packages/airflow/example_dags/example_sensors.py
[2026-04-22T12:10:31.189+0530] {processor.py:830} INFO - Processing file /Library/Frameworks/Python.framework/Versions/3.10/lib/python3.10/site-packages/airflow/example_dags/example_sensors.py for tasks to queue
[2026-04-22T12:10:31.189+0530] {logging_mixin.py:188} INFO - [2026-04-22T12:10:31.189+0530] {dagbag.py:545} INFO - Filling up the DagBag from /Library/Frameworks/Python.framework/Versions/3.10/lib/python3.10/site-packages/airflow/example_dags/example_sensors.py
[2026-04-22T12:10:31.194+0530] {processor.py:840} INFO - DAG(s) 'example_sensors' retrieved from /Library/Frameworks/Python.framework/Versions/3.10/lib/python3.10/site-packages/airflow/example_dags/example_sensors.py
[2026-04-22T12:10:31.236+0530] {logging_mixin.py:188} INFO - [2026-04-22T12:10:31.236+0530] {dag.py:3096} INFO - Sync 1 DAGs
[2026-04-22T12:10:31.239+0530] {logging_mixin.py:188} INFO - [2026-04-22T12:10:31.239+0530] {dag.py:3954} INFO - Setting next_dagrun for example_sensors to None, run_after=None
[2026-04-22T12:10:31.245+0530] {processor.py:183} INFO - Processing /Library/Frameworks/Python.framework/Versions/3.10/lib/python3.10/site-packages/airflow/example_dags/example_sensors.py took 0.058 seconds
[2026-04-22T12:15:28.118+0530] {processor.py:161} INFO - Started process (PID=71303) to work on /Library/Frameworks/Python.framework/Versions/3.10/lib/python3.10/site-packages/airflow/example_dags/example_sensors.py
[2026-04-22T12:15:28.118+0530] {processor.py:830} INFO - Processing file /Library/Frameworks/Python.framework/Versions/3.10/lib/python3.10/site-packages/airflow/example_dags/example_sensors.py for tasks to queue
[2026-04-22T12:15:28.119+0530] {logging_mixin.py:188} INFO - [2026-04-22T12:15:28.118+0530] {dagbag.py:545} INFO - Filling up the DagBag from /Library/Frameworks/Python.framework/Versions/3.10/lib/python3.10/site-packages/airflow/example_dags/example_sensors.py
[2026-04-22T12:15:28.123+0530] {processor.py:840} INFO - DAG(s) 'example_sensors' retrieved from /Library/Frameworks/Python.framework/Versions/3.10/lib/python3.10/site-packages/airflow/example_dags/example_sensors.py
[2026-04-22T12:15:28.163+0530] {logging_mixin.py:188} INFO - [2026-04-22T12:15:28.163+0530] {dag.py:3096} INFO - Sync 1 DAGs
[2026-04-22T12:15:28.166+0530] {logging_mixin.py:188} INFO - [2026-04-22T12:15:28.166+0530] {dag.py:3954} INFO - Setting next_dagrun for example_sensors to None, run_after=None
[2026-04-22T12:15:28.171+0530] {processor.py:183} INFO - Processing /Library/Frameworks/Python.framework/Versions/3.10/lib/python3.10/site-packages/airflow/example_dags/example_sensors.py took 0.055 seconds
[2026-04-22T12:19:05.648+0530] {processor.py:161} INFO - Started process (PID=71594) to work on /Library/Frameworks/Python.framework/Versions/3.10/lib/python3.10/site-packages/airflow/example_dags/example_sensors.py
[2026-04-22T12:19:05.649+0530] {processor.py:830} INFO - Processing file /Library/Frameworks/Python.framework/Versions/3.10/lib/python3.10/site-packages/airflow/example_dags/example_sensors.py for tasks to queue
[2026-04-22T12:19:05.649+0530] {logging_mixin.py:188} INFO - [2026-04-22T12:19:05.649+0530] {dagbag.py:545} INFO - Filling up the DagBag from /Library/Frameworks/Python.framework/Versions/3.10/lib/python3.10/site-packages/airflow/example_dags/example_sensors.py
[2026-04-22T12:19:05.653+0530] {processor.py:840} INFO - DAG(s) 'example_sensors' retrieved from /Library/Frameworks/Python.framework/Versions/3.10/lib/python3.10/site-packages/airflow/example_dags/example_sensors.py
[2026-04-22T12:19:05.695+0530] {logging_mixin.py:188} INFO - [2026-04-22T12:19:05.695+0530] {dag.py:3096} INFO - Sync 1 DAGs
[2026-04-22T12:19:05.698+0530] {logging_mixin.py:188} INFO - [2026-04-22T12:19:05.698+0530] {dag.py:3954} INFO - Setting next_dagrun for example_sensors to None, run_after=None
[2026-04-22T12:19:05.704+0530] {processor.py:183} INFO - Processing /Library/Frameworks/Python.framework/Versions/3.10/lib/python3.10/site-packages/airflow/example_dags/example_sensors.py took 0.057 seconds
[2026-04-22T12:20:48.120+0530] {processor.py:161} INFO - Started process (PID=72234) to work on /Library/Frameworks/Python.framework/Versions/3.10/lib/python3.10/site-packages/airflow/example_dags/example_sensors.py
[2026-04-22T12:20:48.120+0530] {processor.py:830} INFO - Processing file /Library/Frameworks/Python.framework/Versions/3.10/lib/python3.10/site-packages/airflow/example_dags/example_sensors.py for tasks to queue
[2026-04-22T12:20:48.120+0530] {logging_mixin.py:188} INFO - [2026-04-22T12:20:48.120+0530] {dagbag.py:545} INFO - Filling up the DagBag from /Library/Frameworks/Python.framework/Versions/3.10/lib/python3.10/site-packages/airflow/example_dags/example_sensors.py
[2026-04-22T12:20:48.125+0530] {processor.py:840} INFO - DAG(s) 'example_sensors' retrieved from /Library/Frameworks/Python.framework/Versions/3.10/lib/python3.10/site-packages/airflow/example_dags/example_sensors.py
[2026-04-22T12:20:48.164+0530] {logging_mixin.py:188} INFO - [2026-04-22T12:20:48.164+0530] {dag.py:3096} INFO - Sync 1 DAGs
[2026-04-22T12:20:48.167+0530] {logging_mixin.py:188} INFO - [2026-04-22T12:20:48.167+0530] {dag.py:3954} INFO - Setting next_dagrun for example_sensors to None, run_after=None
[2026-04-22T12:20:48.172+0530] {processor.py:183} INFO - Processing /Library/Frameworks/Python.framework/Versions/3.10/lib/python3.10/site-packages/airflow/example_dags/example_sensors.py took 0.054 seconds
[2026-04-22T12:22:35.752+0530] {processor.py:161} INFO - Started process (PID=72464) to work on /Library/Frameworks/Python.framework/Versions/3.10/lib/python3.10/site-packages/airflow/example_dags/example_sensors.py
[2026-04-22T12:22:35.753+0530] {processor.py:830} INFO - Processing file /Library/Frameworks/Python.framework/Versions/3.10/lib/python3.10/site-packages/airflow/example_dags/example_sensors.py for tasks to queue
[2026-04-22T12:22:35.753+0530] {logging_mixin.py:188} INFO - [2026-04-22T12:22:35.753+0530] {dagbag.py:545} INFO - Filling up the DagBag from /Library/Frameworks/Python.framework/Versions/3.10/lib/python3.10/site-packages/airflow/example_dags/example_sensors.py
[2026-04-22T12:22:35.758+0530] {processor.py:840} INFO - DAG(s) 'example_sensors' retrieved from /Library/Frameworks/Python.framework/Versions/3.10/lib/python3.10/site-packages/airflow/example_dags/example_sensors.py
[2026-04-22T12:22:35.797+0530] {logging_mixin.py:188} INFO - [2026-04-22T12:22:35.797+0530] {dag.py:3096} INFO - Sync 1 DAGs
[2026-04-22T12:22:35.800+0530] {logging_mixin.py:188} INFO - [2026-04-22T12:22:35.800+0530] {dag.py:3954} INFO - Setting next_dagrun for example_sensors to None, run_after=None
[2026-04-22T12:22:35.805+0530] {processor.py:183} INFO - Processing /Library/Frameworks/Python.framework/Versions/3.10/lib/python3.10/site-packages/airflow/example_dags/example_sensors.py took 0.054 seconds
[2026-04-22T12:24:15.598+0530] {processor.py:161} INFO - Started process (PID=72591) to work on /Library/Frameworks/Python.framework/Versions/3.10/lib/python3.10/site-packages/airflow/example_dags/example_sensors.py
[2026-04-22T12:24:15.598+0530] {processor.py:830} INFO - Processing file /Library/Frameworks/Python.framework/Versions/3.10/lib/python3.10/site-packages/airflow/example_dags/example_sensors.py for tasks to queue
[2026-04-22T12:24:15.598+0530] {logging_mixin.py:188} INFO - [2026-04-22T12:24:15.598+0530] {dagbag.py:545} INFO - Filling up the DagBag from /Library/Frameworks/Python.framework/Versions/3.10/lib/python3.10/site-packages/airflow/example_dags/example_sensors.py
[2026-04-22T12:24:15.604+0530] {processor.py:840} INFO - DAG(s) 'example_sensors' retrieved from /Library/Frameworks/Python.framework/Versions/3.10/lib/python3.10/site-packages/airflow/example_dags/example_sensors.py
[2026-04-22T12:24:15.642+0530] {logging_mixin.py:188} INFO - [2026-04-22T12:24:15.642+0530] {dag.py:3096} INFO - Sync 1 DAGs
[2026-04-22T12:24:15.644+0530] {logging_mixin.py:188} INFO - [2026-04-22T12:24:15.644+0530] {dag.py:3954} INFO - Setting next_dagrun for example_sensors to None, run_after=None
[2026-04-22T12:24:15.650+0530] {processor.py:183} INFO - Processing /Library/Frameworks/Python.framework/Versions/3.10/lib/python3.10/site-packages/airflow/example_dags/example_sensors.py took 0.053 seconds
[2026-04-22T12:26:02.768+0530] {processor.py:161} INFO - Started process (PID=72870) to work on /Library/Frameworks/Python.framework/Versions/3.10/lib/python3.10/site-packages/airflow/example_dags/example_sensors.py
[2026-04-22T12:26:02.769+0530] {processor.py:830} INFO - Processing file /Library/Frameworks/Python.framework/Versions/3.10/lib/python3.10/site-packages/airflow/example_dags/example_sensors.py for tasks to queue
[2026-04-22T12:26:02.769+0530] {logging_mixin.py:188} INFO - [2026-04-22T12:26:02.769+0530] {dagbag.py:545} INFO - Filling up the DagBag from /Library/Frameworks/Python.framework/Versions/3.10/lib/python3.10/site-packages/airflow/example_dags/example_sensors.py
[2026-04-22T12:26:02.774+0530] {processor.py:840} INFO - DAG(s) 'example_sensors' retrieved from /Library/Frameworks/Python.framework/Versions/3.10/lib/python3.10/site-packages/airflow/example_dags/example_sensors.py
[2026-04-22T12:26:02.812+0530] {logging_mixin.py:188} INFO - [2026-04-22T12:26:02.812+0530] {dag.py:3096} INFO - Sync 1 DAGs
[2026-04-22T12:26:02.815+0530] {logging_mixin.py:188} INFO - [2026-04-22T12:26:02.815+0530] {dag.py:3954} INFO - Setting next_dagrun for example_sensors to None, run_after=None
[2026-04-22T12:26:02.820+0530] {processor.py:183} INFO - Processing /Library/Frameworks/Python.framework/Versions/3.10/lib/python3.10/site-packages/airflow/example_dags/example_sensors.py took 0.053 seconds
[2026-04-22T12:27:48.201+0530] {processor.py:161} INFO - Started process (PID=73050) to work on /Library/Frameworks/Python.framework/Versions/3.10/lib/python3.10/site-packages/airflow/example_dags/example_sensors.py
[2026-04-22T12:27:48.202+0530] {processor.py:830} INFO - Processing file /Library/Frameworks/Python.framework/Versions/3.10/lib/python3.10/site-packages/airflow/example_dags/example_sensors.py for tasks to queue
[2026-04-22T12:27:48.202+0530] {logging_mixin.py:188} INFO - [2026-04-22T12:27:48.202+0530] {dagbag.py:545} INFO - Filling up the DagBag from /Library/Frameworks/Python.framework/Versions/3.10/lib/python3.10/site-packages/airflow/example_dags/example_sensors.py
[2026-04-22T12:27:48.207+0530] {processor.py:840} INFO - DAG(s) 'example_sensors' retrieved from /Library/Frameworks/Python.framework/Versions/3.10/lib/python3.10/site-packages/airflow/example_dags/example_sensors.py
[2026-04-22T12:27:48.246+0530] {logging_mixin.py:188} INFO - [2026-04-22T12:27:48.246+0530] {dag.py:3096} INFO - Sync 1 DAGs
[2026-04-22T12:27:48.248+0530] {logging_mixin.py:188} INFO - [2026-04-22T12:27:48.248+0530] {dag.py:3954} INFO - Setting next_dagrun for example_sensors to None, run_after=None
[2026-04-22T12:27:48.254+0530] {processor.py:183} INFO - Processing /Library/Frameworks/Python.framework/Versions/3.10/lib/python3.10/site-packages/airflow/example_dags/example_sensors.py took 0.054 seconds
[2026-04-22T12:29:43.081+0530] {processor.py:161} INFO - Started process (PID=73264) to work on /Library/Frameworks/Python.framework/Versions/3.10/lib/python3.10/site-packages/airflow/example_dags/example_sensors.py
[2026-04-22T12:29:43.081+0530] {processor.py:830} INFO - Processing file /Library/Frameworks/Python.framework/Versions/3.10/lib/python3.10/site-packages/airflow/example_dags/example_sensors.py for tasks to queue
[2026-04-22T12:29:43.082+0530] {logging_mixin.py:188} INFO - [2026-04-22T12:29:43.081+0530] {dagbag.py:545} INFO - Filling up the DagBag from /Library/Frameworks/Python.framework/Versions/3.10/lib/python3.10/site-packages/airflow/example_dags/example_sensors.py
[2026-04-22T12:29:43.087+0530] {processor.py:840} INFO - DAG(s) 'example_sensors' retrieved from /Library/Frameworks/Python.framework/Versions/3.10/lib/python3.10/site-packages/airflow/example_dags/example_sensors.py
[2026-04-22T12:29:43.128+0530] {logging_mixin.py:188} INFO - [2026-04-22T12:29:43.128+0530] {dag.py:3096} INFO - Sync 1 DAGs
[2026-04-22T12:29:43.131+0530] {logging_mixin.py:188} INFO - [2026-04-22T12:29:43.131+0530] {dag.py:3954} INFO - Setting next_dagrun for example_sensors to None, run_after=None
[2026-04-22T12:29:43.138+0530] {processor.py:183} INFO - Processing /Library/Frameworks/Python.framework/Versions/3.10/lib/python3.10/site-packages/airflow/example_dags/example_sensors.py took 0.059 seconds
[2026-04-22T12:31:31.735+0530] {processor.py:161} INFO - Started process (PID=73511) to work on /Library/Frameworks/Python.framework/Versions/3.10/lib/python3.10/site-packages/airflow/example_dags/example_sensors.py
[2026-04-22T12:31:31.735+0530] {processor.py:830} INFO - Processing file /Library/Frameworks/Python.framework/Versions/3.10/lib/python3.10/site-packages/airflow/example_dags/example_sensors.py for tasks to queue
[2026-04-22T12:31:31.735+0530] {logging_mixin.py:188} INFO - [2026-04-22T12:31:31.735+0530] {dagbag.py:545} INFO - Filling up the DagBag from /Library/Frameworks/Python.framework/Versions/3.10/lib/python3.10/site-packages/airflow/example_dags/example_sensors.py
[2026-04-22T12:31:31.741+0530] {processor.py:840} INFO - DAG(s) 'example_sensors' retrieved from /Library/Frameworks/Python.framework/Versions/3.10/lib/python3.10/site-packages/airflow/example_dags/example_sensors.py
[2026-04-22T12:31:31.781+0530] {logging_mixin.py:188} INFO - [2026-04-22T12:31:31.781+0530] {dag.py:3096} INFO - Sync 1 DAGs
[2026-04-22T12:31:31.784+0530] {logging_mixin.py:188} INFO - [2026-04-22T12:31:31.784+0530] {dag.py:3954} INFO - Setting next_dagrun for example_sensors to None, run_after=None
[2026-04-22T12:31:31.790+0530] {processor.py:183} INFO - Processing /Library/Frameworks/Python.framework/Versions/3.10/lib/python3.10/site-packages/airflow/example_dags/example_sensors.py took 0.056 seconds
[2026-04-22T12:33:16.246+0530] {processor.py:161} INFO - Started process (PID=73715) to work on /Library/Frameworks/Python.framework/Versions/3.10/lib/python3.10/site-packages/airflow/example_dags/example_sensors.py
[2026-04-22T12:33:16.247+0530] {processor.py:830} INFO - Processing file /Library/Frameworks/Python.framework/Versions/3.10/lib/python3.10/site-packages/airflow/example_dags/example_sensors.py for tasks to queue
[2026-04-22T12:33:16.247+0530] {logging_mixin.py:188} INFO - [2026-04-22T12:33:16.247+0530] {dagbag.py:545} INFO - Filling up the DagBag from /Library/Frameworks/Python.framework/Versions/3.10/lib/python3.10/site-packages/airflow/example_dags/example_sensors.py
[2026-04-22T12:33:16.252+0530] {processor.py:840} INFO - DAG(s) 'example_sensors' retrieved from /Library/Frameworks/Python.framework/Versions/3.10/lib/python3.10/site-packages/airflow/example_dags/example_sensors.py
[2026-04-22T12:33:16.292+0530] {logging_mixin.py:188} INFO - [2026-04-22T12:33:16.292+0530] {dag.py:3096} INFO - Sync 1 DAGs
[2026-04-22T12:33:16.295+0530] {logging_mixin.py:188} INFO - [2026-04-22T12:33:16.294+0530] {dag.py:3954} INFO - Setting next_dagrun for example_sensors to None, run_after=None
[2026-04-22T12:33:16.300+0530] {processor.py:183} INFO - Processing /Library/Frameworks/Python.framework/Versions/3.10/lib/python3.10/site-packages/airflow/example_dags/example_sensors.py took 0.055 seconds
[2026-04-22T12:35:01.028+0530] {processor.py:161} INFO - Started process (PID=73836) to work on /Library/Frameworks/Python.framework/Versions/3.10/lib/python3.10/site-packages/airflow/example_dags/example_sensors.py
[2026-04-22T12:35:01.029+0530] {processor.py:830} INFO - Processing file /Library/Frameworks/Python.framework/Versions/3.10/lib/python3.10/site-packages/airflow/example_dags/example_sensors.py for tasks to queue
[2026-04-22T12:35:01.029+0530] {logging_mixin.py:188} INFO - [2026-04-22T12:35:01.029+0530] {dagbag.py:545} INFO - Filling up the DagBag from /Library/Frameworks/Python.framework/Versions/3.10/lib/python3.10/site-packages/airflow/example_dags/example_sensors.py
[2026-04-22T12:35:01.034+0530] {processor.py:840} INFO - DAG(s) 'example_sensors' retrieved from /Library/Frameworks/Python.framework/Versions/3.10/lib/python3.10/site-packages/airflow/example_dags/example_sensors.py
[2026-04-22T12:35:01.075+0530] {logging_mixin.py:188} INFO - [2026-04-22T12:35:01.075+0530] {dag.py:3096} INFO - Sync 1 DAGs
[2026-04-22T12:35:01.078+0530] {logging_mixin.py:188} INFO - [2026-04-22T12:35:01.078+0530] {dag.py:3954} INFO - Setting next_dagrun for example_sensors to None, run_after=None
[2026-04-22T12:35:01.085+0530] {processor.py:183} INFO - Processing /Library/Frameworks/Python.framework/Versions/3.10/lib/python3.10/site-packages/airflow/example_dags/example_sensors.py took 0.058 seconds
[2026-04-22T12:36:42.706+0530] {processor.py:161} INFO - Started process (PID=73970) to work on /Library/Frameworks/Python.framework/Versions/3.10/lib/python3.10/site-packages/airflow/example_dags/example_sensors.py
[2026-04-22T12:36:42.706+0530] {processor.py:830} INFO - Processing file /Library/Frameworks/Python.framework/Versions/3.10/lib/python3.10/site-packages/airflow/example_dags/example_sensors.py for tasks to queue
[2026-04-22T12:36:42.706+0530] {logging_mixin.py:188} INFO - [2026-04-22T12:36:42.706+0530] {dagbag.py:545} INFO - Filling up the DagBag from /Library/Frameworks/Python.framework/Versions/3.10/lib/python3.10/site-packages/airflow/example_dags/example_sensors.py
[2026-04-22T12:36:42.711+0530] {processor.py:840} INFO - DAG(s) 'example_sensors' retrieved from /Library/Frameworks/Python.framework/Versions/3.10/lib/python3.10/site-packages/airflow/example_dags/example_sensors.py
[2026-04-22T12:36:42.750+0530] {logging_mixin.py:188} INFO - [2026-04-22T12:36:42.749+0530] {dag.py:3096} INFO - Sync 1 DAGs
[2026-04-22T12:36:42.752+0530] {logging_mixin.py:188} INFO - [2026-04-22T12:36:42.752+0530] {dag.py:3954} INFO - Setting next_dagrun for example_sensors to None, run_after=None
[2026-04-22T12:36:42.760+0530] {processor.py:183} INFO - Processing /Library/Frameworks/Python.framework/Versions/3.10/lib/python3.10/site-packages/airflow/example_dags/example_sensors.py took 0.055 seconds
[2026-04-22T12:38:36.029+0530] {processor.py:161} INFO - Started process (PID=74093) to work on /Library/Frameworks/Python.framework/Versions/3.10/lib/python3.10/site-packages/airflow/example_dags/example_sensors.py
[2026-04-22T12:38:36.030+0530] {processor.py:830} INFO - Processing file /Library/Frameworks/Python.framework/Versions/3.10/lib/python3.10/site-packages/airflow/example_dags/example_sensors.py for tasks to queue
[2026-04-22T12:38:36.030+0530] {logging_mixin.py:188} INFO - [2026-04-22T12:38:36.030+0530] {dagbag.py:545} INFO - Filling up the DagBag from /Library/Frameworks/Python.framework/Versions/3.10/lib/python3.10/site-packages/airflow/example_dags/example_sensors.py
[2026-04-22T12:38:36.035+0530] {processor.py:840} INFO - DAG(s) 'example_sensors' retrieved from /Library/Frameworks/Python.framework/Versions/3.10/lib/python3.10/site-packages/airflow/example_dags/example_sensors.py
[2026-04-22T12:38:36.075+0530] {logging_mixin.py:188} INFO - [2026-04-22T12:38:36.074+0530] {dag.py:3096} INFO - Sync 1 DAGs
[2026-04-22T12:38:36.077+0530] {logging_mixin.py:188} INFO - [2026-04-22T12:38:36.077+0530] {dag.py:3954} INFO - Setting next_dagrun for example_sensors to None, run_after=None
[2026-04-22T12:38:36.083+0530] {processor.py:183} INFO - Processing /Library/Frameworks/Python.framework/Versions/3.10/lib/python3.10/site-packages/airflow/example_dags/example_sensors.py took 0.055 seconds
[2026-04-22T12:40:36.124+0530] {processor.py:161} INFO - Started process (PID=74232) to work on /Library/Frameworks/Python.framework/Versions/3.10/lib/python3.10/site-packages/airflow/example_dags/example_sensors.py
[2026-04-22T12:40:36.125+0530] {processor.py:830} INFO - Processing file /Library/Frameworks/Python.framework/Versions/3.10/lib/python3.10/site-packages/airflow/example_dags/example_sensors.py for tasks to queue
[2026-04-22T12:40:36.125+0530] {logging_mixin.py:188} INFO - [2026-04-22T12:40:36.125+0530] {dagbag.py:545} INFO - Filling up the DagBag from /Library/Frameworks/Python.framework/Versions/3.10/lib/python3.10/site-packages/airflow/example_dags/example_sensors.py
[2026-04-22T12:40:36.130+0530] {processor.py:840} INFO - DAG(s) 'example_sensors' retrieved from /Library/Frameworks/Python.framework/Versions/3.10/lib/python3.10/site-packages/airflow/example_dags/example_sensors.py
[2026-04-22T12:40:36.169+0530] {logging_mixin.py:188} INFO - [2026-04-22T12:40:36.168+0530] {dag.py:3096} INFO - Sync 1 DAGs
[2026-04-22T12:40:36.171+0530] {logging_mixin.py:188} INFO - [2026-04-22T12:40:36.171+0530] {dag.py:3954} INFO - Setting next_dagrun for example_sensors to None, run_after=None
[2026-04-22T12:40:36.176+0530] {processor.py:183} INFO - Processing /Library/Frameworks/Python.framework/Versions/3.10/lib/python3.10/site-packages/airflow/example_dags/example_sensors.py took 0.053 seconds
[2026-04-22T12:42:32.594+0530] {processor.py:161} INFO - Started process (PID=74376) to work on /Library/Frameworks/Python.framework/Versions/3.10/lib/python3.10/site-packages/airflow/example_dags/example_sensors.py
[2026-04-22T12:42:32.595+0530] {processor.py:830} INFO - Processing file /Library/Frameworks/Python.framework/Versions/3.10/lib/python3.10/site-packages/airflow/example_dags/example_sensors.py for tasks to queue
[2026-04-22T12:42:32.595+0530] {logging_mixin.py:188} INFO - [2026-04-22T12:42:32.595+0530] {dagbag.py:545} INFO - Filling up the DagBag from /Library/Frameworks/Python.framework/Versions/3.10/lib/python3.10/site-packages/airflow/example_dags/example_sensors.py
[2026-04-22T12:42:32.600+0530] {processor.py:840} INFO - DAG(s) 'example_sensors' retrieved from /Library/Frameworks/Python.framework/Versions/3.10/lib/python3.10/site-packages/airflow/example_dags/example_sensors.py
[2026-04-22T12:42:32.638+0530] {logging_mixin.py:188} INFO - [2026-04-22T12:42:32.638+0530] {dag.py:3096} INFO - Sync 1 DAGs
[2026-04-22T12:42:32.640+0530] {logging_mixin.py:188} INFO - [2026-04-22T12:42:32.640+0530] {dag.py:3954} INFO - Setting next_dagrun for example_sensors to None, run_after=None
[2026-04-22T12:42:32.646+0530] {processor.py:183} INFO - Processing /Library/Frameworks/Python.framework/Versions/3.10/lib/python3.10/site-packages/airflow/example_dags/example_sensors.py took 0.052 seconds
