[2026-04-22T05:57:34.403+0530] {processor.py:161} INFO - Started process (PID=68507) to work on /Library/Frameworks/Python.framework/Versions/3.10/lib/python3.10/site-packages/airflow/example_dags/example_xcom.py
[2026-04-22T05:57:34.403+0530] {processor.py:830} INFO - Processing file /Library/Frameworks/Python.framework/Versions/3.10/lib/python3.10/site-packages/airflow/example_dags/example_xcom.py for tasks to queue
[2026-04-22T05:57:34.403+0530] {logging_mixin.py:188} INFO - [2026-04-22T05:57:34.403+0530] {dagbag.py:545} INFO - Filling up the DagBag from /Library/Frameworks/Python.framework/Versions/3.10/lib/python3.10/site-packages/airflow/example_dags/example_xcom.py
[2026-04-22T05:57:34.416+0530] {processor.py:840} INFO - DAG(s) 'example_xcom' retrieved from /Library/Frameworks/Python.framework/Versions/3.10/lib/python3.10/site-packages/airflow/example_dags/example_xcom.py
[2026-04-22T05:57:34.450+0530] {logging_mixin.py:188} INFO - [2026-04-22T05:57:34.450+0530] {dag.py:3096} INFO - Sync 1 DAGs
[2026-04-22T05:57:34.455+0530] {logging_mixin.py:188} INFO - [2026-04-22T05:57:34.455+0530] {dag.py:3954} INFO - Setting next_dagrun for example_xcom to 2021-01-01 00:00:00+00:00, run_after=2021-01-01 00:00:00+00:00
[2026-04-22T05:57:34.461+0530] {processor.py:183} INFO - Processing /Library/Frameworks/Python.framework/Versions/3.10/lib/python3.10/site-packages/airflow/example_dags/example_xcom.py took 0.060 seconds
[2026-04-22T11:47:16.105+0530] {processor.py:161} INFO - Started process (PID=69277) to work on /Library/Frameworks/Python.framework/Versions/3.10/lib/python3.10/site-packages/airflow/example_dags/example_xcom.py
[2026-04-22T11:47:16.105+0530] {processor.py:830} INFO - Processing file /Library/Frameworks/Python.framework/Versions/3.10/lib/python3.10/site-packages/airflow/example_dags/example_xcom.py for tasks to queue
[2026-04-22T11:47:16.105+0530] {logging_mixin.py:188} INFO - [2026-04-22T11:47:16.105+0530] {dagbag.py:545} INFO - Filling up the DagBag from /Library/Frameworks/Python.framework/Versions/3.10/lib/python3.10/site-packages/airflow/example_dags/example_xcom.py
[2026-04-22T11:47:16.119+0530] {processor.py:840} INFO - DAG(s) 'example_xcom' retrieved from /Library/Frameworks/Python.framework/Versions/3.10/lib/python3.10/site-packages/airflow/example_dags/example_xcom.py
[2026-04-22T11:47:16.155+0530] {logging_mixin.py:188} INFO - [2026-04-22T11:47:16.155+0530] {dag.py:3096} INFO - Sync 1 DAGs
[2026-04-22T11:47:16.161+0530] {logging_mixin.py:188} INFO - [2026-04-22T11:47:16.160+0530] {dag.py:3954} INFO - Setting next_dagrun for example_xcom to 2021-01-01 00:00:00+00:00, run_after=2021-01-01 00:00:00+00:00
[2026-04-22T11:47:16.166+0530] {processor.py:183} INFO - Processing /Library/Frameworks/Python.framework/Versions/3.10/lib/python3.10/site-packages/airflow/example_dags/example_xcom.py took 0.063 seconds
[2026-04-22T11:48:04.478+0530] {processor.py:161} INFO - Started process (PID=69360) to work on /Library/Frameworks/Python.framework/Versions/3.10/lib/python3.10/site-packages/airflow/example_dags/example_xcom.py
[2026-04-22T11:48:04.480+0530] {processor.py:830} INFO - Processing file /Library/Frameworks/Python.framework/Versions/3.10/lib/python3.10/site-packages/airflow/example_dags/example_xcom.py for tasks to queue
[2026-04-22T11:48:04.480+0530] {logging_mixin.py:188} INFO - [2026-04-22T11:48:04.480+0530] {dagbag.py:545} INFO - Filling up the DagBag from /Library/Frameworks/Python.framework/Versions/3.10/lib/python3.10/site-packages/airflow/example_dags/example_xcom.py
[2026-04-22T11:48:04.492+0530] {processor.py:840} INFO - DAG(s) 'example_xcom' retrieved from /Library/Frameworks/Python.framework/Versions/3.10/lib/python3.10/site-packages/airflow/example_dags/example_xcom.py
[2026-04-22T11:48:04.525+0530] {logging_mixin.py:188} INFO - [2026-04-22T11:48:04.525+0530] {dag.py:3096} INFO - Sync 1 DAGs
[2026-04-22T11:48:04.530+0530] {logging_mixin.py:188} INFO - [2026-04-22T11:48:04.530+0530] {dag.py:3954} INFO - Setting next_dagrun for example_xcom to 2021-01-01 00:00:00+00:00, run_after=2021-01-01 00:00:00+00:00
[2026-04-22T11:48:04.536+0530] {processor.py:183} INFO - Processing /Library/Frameworks/Python.framework/Versions/3.10/lib/python3.10/site-packages/airflow/example_dags/example_xcom.py took 0.059 seconds
[2026-04-22T11:48:53.509+0530] {processor.py:161} INFO - Started process (PID=69448) to work on /Library/Frameworks/Python.framework/Versions/3.10/lib/python3.10/site-packages/airflow/example_dags/example_xcom.py
[2026-04-22T11:48:53.510+0530] {processor.py:830} INFO - Processing file /Library/Frameworks/Python.framework/Versions/3.10/lib/python3.10/site-packages/airflow/example_dags/example_xcom.py for tasks to queue
[2026-04-22T11:48:53.510+0530] {logging_mixin.py:188} INFO - [2026-04-22T11:48:53.510+0530] {dagbag.py:545} INFO - Filling up the DagBag from /Library/Frameworks/Python.framework/Versions/3.10/lib/python3.10/site-packages/airflow/example_dags/example_xcom.py
[2026-04-22T11:48:53.523+0530] {processor.py:840} INFO - DAG(s) 'example_xcom' retrieved from /Library/Frameworks/Python.framework/Versions/3.10/lib/python3.10/site-packages/airflow/example_dags/example_xcom.py
[2026-04-22T11:48:53.556+0530] {logging_mixin.py:188} INFO - [2026-04-22T11:48:53.556+0530] {dag.py:3096} INFO - Sync 1 DAGs
[2026-04-22T11:48:53.560+0530] {logging_mixin.py:188} INFO - [2026-04-22T11:48:53.560+0530] {dag.py:3954} INFO - Setting next_dagrun for example_xcom to 2021-01-01 00:00:00+00:00, run_after=2021-01-01 00:00:00+00:00
[2026-04-22T11:48:53.565+0530] {processor.py:183} INFO - Processing /Library/Frameworks/Python.framework/Versions/3.10/lib/python3.10/site-packages/airflow/example_dags/example_xcom.py took 0.057 seconds
[2026-04-22T11:49:30.381+0530] {processor.py:161} INFO - Started process (PID=69504) to work on /Library/Frameworks/Python.framework/Versions/3.10/lib/python3.10/site-packages/airflow/example_dags/example_xcom.py
[2026-04-22T11:49:30.381+0530] {processor.py:830} INFO - Processing file /Library/Frameworks/Python.framework/Versions/3.10/lib/python3.10/site-packages/airflow/example_dags/example_xcom.py for tasks to queue
[2026-04-22T11:49:30.381+0530] {logging_mixin.py:188} INFO - [2026-04-22T11:49:30.381+0530] {dagbag.py:545} INFO - Filling up the DagBag from /Library/Frameworks/Python.framework/Versions/3.10/lib/python3.10/site-packages/airflow/example_dags/example_xcom.py
[2026-04-22T11:49:30.393+0530] {processor.py:840} INFO - DAG(s) 'example_xcom' retrieved from /Library/Frameworks/Python.framework/Versions/3.10/lib/python3.10/site-packages/airflow/example_dags/example_xcom.py
[2026-04-22T11:49:30.425+0530] {logging_mixin.py:188} INFO - [2026-04-22T11:49:30.425+0530] {dag.py:3096} INFO - Sync 1 DAGs
[2026-04-22T11:49:30.430+0530] {logging_mixin.py:188} INFO - [2026-04-22T11:49:30.430+0530] {dag.py:3954} INFO - Setting next_dagrun for example_xcom to 2021-01-01 00:00:00+00:00, run_after=2021-01-01 00:00:00+00:00
[2026-04-22T11:49:30.435+0530] {processor.py:183} INFO - Processing /Library/Frameworks/Python.framework/Versions/3.10/lib/python3.10/site-packages/airflow/example_dags/example_xcom.py took 0.055 seconds
[2026-04-22T11:50:08.508+0530] {processor.py:161} INFO - Started process (PID=69572) to work on /Library/Frameworks/Python.framework/Versions/3.10/lib/python3.10/site-packages/airflow/example_dags/example_xcom.py
[2026-04-22T11:50:08.509+0530] {processor.py:830} INFO - Processing file /Library/Frameworks/Python.framework/Versions/3.10/lib/python3.10/site-packages/airflow/example_dags/example_xcom.py for tasks to queue
[2026-04-22T11:50:08.510+0530] {logging_mixin.py:188} INFO - [2026-04-22T11:50:08.510+0530] {dagbag.py:545} INFO - Filling up the DagBag from /Library/Frameworks/Python.framework/Versions/3.10/lib/python3.10/site-packages/airflow/example_dags/example_xcom.py
[2026-04-22T11:50:08.522+0530] {processor.py:840} INFO - DAG(s) 'example_xcom' retrieved from /Library/Frameworks/Python.framework/Versions/3.10/lib/python3.10/site-packages/airflow/example_dags/example_xcom.py
[2026-04-22T11:50:08.554+0530] {logging_mixin.py:188} INFO - [2026-04-22T11:50:08.554+0530] {dag.py:3096} INFO - Sync 1 DAGs
[2026-04-22T11:50:08.559+0530] {logging_mixin.py:188} INFO - [2026-04-22T11:50:08.558+0530] {dag.py:3954} INFO - Setting next_dagrun for example_xcom to 2021-01-01 00:00:00+00:00, run_after=2021-01-01 00:00:00+00:00
[2026-04-22T11:50:08.564+0530] {processor.py:183} INFO - Processing /Library/Frameworks/Python.framework/Versions/3.10/lib/python3.10/site-packages/airflow/example_dags/example_xcom.py took 0.056 seconds
[2026-04-22T11:50:45.323+0530] {processor.py:161} INFO - Started process (PID=69634) to work on /Library/Frameworks/Python.framework/Versions/3.10/lib/python3.10/site-packages/airflow/example_dags/example_xcom.py
[2026-04-22T11:50:45.324+0530] {processor.py:830} INFO - Processing file /Library/Frameworks/Python.framework/Versions/3.10/lib/python3.10/site-packages/airflow/example_dags/example_xcom.py for tasks to queue
[2026-04-22T11:50:45.324+0530] {logging_mixin.py:188} INFO - [2026-04-22T11:50:45.324+0530] {dagbag.py:545} INFO - Filling up the DagBag from /Library/Frameworks/Python.framework/Versions/3.10/lib/python3.10/site-packages/airflow/example_dags/example_xcom.py
[2026-04-22T11:50:45.336+0530] {processor.py:840} INFO - DAG(s) 'example_xcom' retrieved from /Library/Frameworks/Python.framework/Versions/3.10/lib/python3.10/site-packages/airflow/example_dags/example_xcom.py
[2026-04-22T11:50:45.368+0530] {logging_mixin.py:188} INFO - [2026-04-22T11:50:45.368+0530] {dag.py:3096} INFO - Sync 1 DAGs
[2026-04-22T11:50:45.372+0530] {logging_mixin.py:188} INFO - [2026-04-22T11:50:45.372+0530] {dag.py:3954} INFO - Setting next_dagrun for example_xcom to 2021-01-01 00:00:00+00:00, run_after=2021-01-01 00:00:00+00:00
[2026-04-22T11:50:45.377+0530] {processor.py:183} INFO - Processing /Library/Frameworks/Python.framework/Versions/3.10/lib/python3.10/site-packages/airflow/example_dags/example_xcom.py took 0.055 seconds
[2026-04-22T12:09:23.686+0530] {processor.py:161} INFO - Started process (PID=70869) to work on /Library/Frameworks/Python.framework/Versions/3.10/lib/python3.10/site-packages/airflow/example_dags/example_xcom.py
[2026-04-22T12:09:23.686+0530] {processor.py:830} INFO - Processing file /Library/Frameworks/Python.framework/Versions/3.10/lib/python3.10/site-packages/airflow/example_dags/example_xcom.py for tasks to queue
[2026-04-22T12:09:23.686+0530] {logging_mixin.py:188} INFO - [2026-04-22T12:09:23.686+0530] {dagbag.py:545} INFO - Filling up the DagBag from /Library/Frameworks/Python.framework/Versions/3.10/lib/python3.10/site-packages/airflow/example_dags/example_xcom.py
[2026-04-22T12:09:23.699+0530] {processor.py:840} INFO - DAG(s) 'example_xcom' retrieved from /Library/Frameworks/Python.framework/Versions/3.10/lib/python3.10/site-packages/airflow/example_dags/example_xcom.py
[2026-04-22T12:09:23.732+0530] {logging_mixin.py:188} INFO - [2026-04-22T12:09:23.732+0530] {dag.py:3096} INFO - Sync 1 DAGs
[2026-04-22T12:09:23.736+0530] {logging_mixin.py:188} INFO - [2026-04-22T12:09:23.736+0530] {dag.py:3954} INFO - Setting next_dagrun for example_xcom to 2021-01-01 00:00:00+00:00, run_after=2021-01-01 00:00:00+00:00
[2026-04-22T12:09:23.742+0530] {processor.py:183} INFO - Processing /Library/Frameworks/Python.framework/Versions/3.10/lib/python3.10/site-packages/airflow/example_dags/example_xcom.py took 0.057 seconds
[2026-04-22T12:14:15.520+0530] {processor.py:161} INFO - Started process (PID=71220) to work on /Library/Frameworks/Python.framework/Versions/3.10/lib/python3.10/site-packages/airflow/example_dags/example_xcom.py
[2026-04-22T12:14:15.520+0530] {processor.py:830} INFO - Processing file /Library/Frameworks/Python.framework/Versions/3.10/lib/python3.10/site-packages/airflow/example_dags/example_xcom.py for tasks to queue
[2026-04-22T12:14:15.520+0530] {logging_mixin.py:188} INFO - [2026-04-22T12:14:15.520+0530] {dagbag.py:545} INFO - Filling up the DagBag from /Library/Frameworks/Python.framework/Versions/3.10/lib/python3.10/site-packages/airflow/example_dags/example_xcom.py
[2026-04-22T12:14:15.532+0530] {processor.py:840} INFO - DAG(s) 'example_xcom' retrieved from /Library/Frameworks/Python.framework/Versions/3.10/lib/python3.10/site-packages/airflow/example_dags/example_xcom.py
[2026-04-22T12:14:15.565+0530] {logging_mixin.py:188} INFO - [2026-04-22T12:14:15.565+0530] {dag.py:3096} INFO - Sync 1 DAGs
[2026-04-22T12:14:15.569+0530] {logging_mixin.py:188} INFO - [2026-04-22T12:14:15.569+0530] {dag.py:3954} INFO - Setting next_dagrun for example_xcom to 2021-01-01 00:00:00+00:00, run_after=2021-01-01 00:00:00+00:00
[2026-04-22T12:14:15.575+0530] {processor.py:183} INFO - Processing /Library/Frameworks/Python.framework/Versions/3.10/lib/python3.10/site-packages/airflow/example_dags/example_xcom.py took 0.056 seconds
[2026-04-22T12:18:36.653+0530] {processor.py:161} INFO - Started process (PID=71549) to work on /Library/Frameworks/Python.framework/Versions/3.10/lib/python3.10/site-packages/airflow/example_dags/example_xcom.py
[2026-04-22T12:18:36.654+0530] {processor.py:830} INFO - Processing file /Library/Frameworks/Python.framework/Versions/3.10/lib/python3.10/site-packages/airflow/example_dags/example_xcom.py for tasks to queue
[2026-04-22T12:18:36.654+0530] {logging_mixin.py:188} INFO - [2026-04-22T12:18:36.654+0530] {dagbag.py:545} INFO - Filling up the DagBag from /Library/Frameworks/Python.framework/Versions/3.10/lib/python3.10/site-packages/airflow/example_dags/example_xcom.py
[2026-04-22T12:18:36.672+0530] {processor.py:840} INFO - DAG(s) 'example_xcom' retrieved from /Library/Frameworks/Python.framework/Versions/3.10/lib/python3.10/site-packages/airflow/example_dags/example_xcom.py
[2026-04-22T12:18:36.714+0530] {logging_mixin.py:188} INFO - [2026-04-22T12:18:36.714+0530] {dag.py:3096} INFO - Sync 1 DAGs
[2026-04-22T12:18:36.719+0530] {logging_mixin.py:188} INFO - [2026-04-22T12:18:36.719+0530] {dag.py:3954} INFO - Setting next_dagrun for example_xcom to 2021-01-01 00:00:00+00:00, run_after=2021-01-01 00:00:00+00:00
[2026-04-22T12:18:36.724+0530] {processor.py:183} INFO - Processing /Library/Frameworks/Python.framework/Versions/3.10/lib/python3.10/site-packages/airflow/example_dags/example_xcom.py took 0.072 seconds
[2026-04-22T12:20:25.766+0530] {processor.py:161} INFO - Started process (PID=72126) to work on /Library/Frameworks/Python.framework/Versions/3.10/lib/python3.10/site-packages/airflow/example_dags/example_xcom.py
[2026-04-22T12:20:25.767+0530] {processor.py:830} INFO - Processing file /Library/Frameworks/Python.framework/Versions/3.10/lib/python3.10/site-packages/airflow/example_dags/example_xcom.py for tasks to queue
[2026-04-22T12:20:25.767+0530] {logging_mixin.py:188} INFO - [2026-04-22T12:20:25.767+0530] {dagbag.py:545} INFO - Filling up the DagBag from /Library/Frameworks/Python.framework/Versions/3.10/lib/python3.10/site-packages/airflow/example_dags/example_xcom.py
[2026-04-22T12:20:25.779+0530] {processor.py:840} INFO - DAG(s) 'example_xcom' retrieved from /Library/Frameworks/Python.framework/Versions/3.10/lib/python3.10/site-packages/airflow/example_dags/example_xcom.py
[2026-04-22T12:20:25.813+0530] {logging_mixin.py:188} INFO - [2026-04-22T12:20:25.813+0530] {dag.py:3096} INFO - Sync 1 DAGs
[2026-04-22T12:20:25.818+0530] {logging_mixin.py:188} INFO - [2026-04-22T12:20:25.818+0530] {dag.py:3954} INFO - Setting next_dagrun for example_xcom to 2021-01-01 00:00:00+00:00, run_after=2021-01-01 00:00:00+00:00
[2026-04-22T12:20:25.823+0530] {processor.py:183} INFO - Processing /Library/Frameworks/Python.framework/Versions/3.10/lib/python3.10/site-packages/airflow/example_dags/example_xcom.py took 0.058 seconds
[2026-04-22T12:21:19.986+0530] {processor.py:161} INFO - Started process (PID=72294) to work on /Library/Frameworks/Python.framework/Versions/3.10/lib/python3.10/site-packages/airflow/example_dags/example_xcom.py
[2026-04-22T12:21:19.987+0530] {processor.py:830} INFO - Processing file /Library/Frameworks/Python.framework/Versions/3.10/lib/python3.10/site-packages/airflow/example_dags/example_xcom.py for tasks to queue
[2026-04-22T12:21:19.987+0530] {logging_mixin.py:188} INFO - [2026-04-22T12:21:19.987+0530] {dagbag.py:545} INFO - Filling up the DagBag from /Library/Frameworks/Python.framework/Versions/3.10/lib/python3.10/site-packages/airflow/example_dags/example_xcom.py
[2026-04-22T12:21:19.999+0530] {processor.py:840} INFO - DAG(s) 'example_xcom' retrieved from /Library/Frameworks/Python.framework/Versions/3.10/lib/python3.10/site-packages/airflow/example_dags/example_xcom.py
[2026-04-22T12:21:20.031+0530] {logging_mixin.py:188} INFO - [2026-04-22T12:21:20.031+0530] {dag.py:3096} INFO - Sync 1 DAGs
[2026-04-22T12:21:20.036+0530] {logging_mixin.py:188} INFO - [2026-04-22T12:21:20.036+0530] {dag.py:3954} INFO - Setting next_dagrun for example_xcom to 2021-01-01 00:00:00+00:00, run_after=2021-01-01 00:00:00+00:00
[2026-04-22T12:21:20.041+0530] {processor.py:183} INFO - Processing /Library/Frameworks/Python.framework/Versions/3.10/lib/python3.10/site-packages/airflow/example_dags/example_xcom.py took 0.056 seconds
[2026-04-22T12:22:15.891+0530] {processor.py:161} INFO - Started process (PID=72436) to work on /Library/Frameworks/Python.framework/Versions/3.10/lib/python3.10/site-packages/airflow/example_dags/example_xcom.py
[2026-04-22T12:22:15.892+0530] {processor.py:830} INFO - Processing file /Library/Frameworks/Python.framework/Versions/3.10/lib/python3.10/site-packages/airflow/example_dags/example_xcom.py for tasks to queue
[2026-04-22T12:22:15.892+0530] {logging_mixin.py:188} INFO - [2026-04-22T12:22:15.892+0530] {dagbag.py:545} INFO - Filling up the DagBag from /Library/Frameworks/Python.framework/Versions/3.10/lib/python3.10/site-packages/airflow/example_dags/example_xcom.py
[2026-04-22T12:22:15.904+0530] {processor.py:840} INFO - DAG(s) 'example_xcom' retrieved from /Library/Frameworks/Python.framework/Versions/3.10/lib/python3.10/site-packages/airflow/example_dags/example_xcom.py
[2026-04-22T12:22:15.936+0530] {logging_mixin.py:188} INFO - [2026-04-22T12:22:15.936+0530] {dag.py:3096} INFO - Sync 1 DAGs
[2026-04-22T12:22:15.940+0530] {logging_mixin.py:188} INFO - [2026-04-22T12:22:15.940+0530] {dag.py:3954} INFO - Setting next_dagrun for example_xcom to 2021-01-01 00:00:00+00:00, run_after=2021-01-01 00:00:00+00:00
[2026-04-22T12:22:15.945+0530] {processor.py:183} INFO - Processing /Library/Frameworks/Python.framework/Versions/3.10/lib/python3.10/site-packages/airflow/example_dags/example_xcom.py took 0.055 seconds
[2026-04-22T12:23:05.832+0530] {processor.py:161} INFO - Started process (PID=72502) to work on /Library/Frameworks/Python.framework/Versions/3.10/lib/python3.10/site-packages/airflow/example_dags/example_xcom.py
[2026-04-22T12:23:05.833+0530] {processor.py:830} INFO - Processing file /Library/Frameworks/Python.framework/Versions/3.10/lib/python3.10/site-packages/airflow/example_dags/example_xcom.py for tasks to queue
[2026-04-22T12:23:05.833+0530] {logging_mixin.py:188} INFO - [2026-04-22T12:23:05.833+0530] {dagbag.py:545} INFO - Filling up the DagBag from /Library/Frameworks/Python.framework/Versions/3.10/lib/python3.10/site-packages/airflow/example_dags/example_xcom.py
[2026-04-22T12:23:05.845+0530] {processor.py:840} INFO - DAG(s) 'example_xcom' retrieved from /Library/Frameworks/Python.framework/Versions/3.10/lib/python3.10/site-packages/airflow/example_dags/example_xcom.py
[2026-04-22T12:23:05.877+0530] {logging_mixin.py:188} INFO - [2026-04-22T12:23:05.877+0530] {dag.py:3096} INFO - Sync 1 DAGs
[2026-04-22T12:23:05.882+0530] {logging_mixin.py:188} INFO - [2026-04-22T12:23:05.882+0530] {dag.py:3954} INFO - Setting next_dagrun for example_xcom to 2021-01-01 00:00:00+00:00, run_after=2021-01-01 00:00:00+00:00
[2026-04-22T12:23:05.887+0530] {processor.py:183} INFO - Processing /Library/Frameworks/Python.framework/Versions/3.10/lib/python3.10/site-packages/airflow/example_dags/example_xcom.py took 0.056 seconds
[2026-04-22T12:23:57.080+0530] {processor.py:161} INFO - Started process (PID=72573) to work on /Library/Frameworks/Python.framework/Versions/3.10/lib/python3.10/site-packages/airflow/example_dags/example_xcom.py
[2026-04-22T12:23:57.081+0530] {processor.py:830} INFO - Processing file /Library/Frameworks/Python.framework/Versions/3.10/lib/python3.10/site-packages/airflow/example_dags/example_xcom.py for tasks to queue
[2026-04-22T12:23:57.081+0530] {logging_mixin.py:188} INFO - [2026-04-22T12:23:57.081+0530] {dagbag.py:545} INFO - Filling up the DagBag from /Library/Frameworks/Python.framework/Versions/3.10/lib/python3.10/site-packages/airflow/example_dags/example_xcom.py
[2026-04-22T12:23:57.092+0530] {processor.py:840} INFO - DAG(s) 'example_xcom' retrieved from /Library/Frameworks/Python.framework/Versions/3.10/lib/python3.10/site-packages/airflow/example_dags/example_xcom.py
[2026-04-22T12:23:57.125+0530] {logging_mixin.py:188} INFO - [2026-04-22T12:23:57.125+0530] {dag.py:3096} INFO - Sync 1 DAGs
[2026-04-22T12:23:57.130+0530] {logging_mixin.py:188} INFO - [2026-04-22T12:23:57.130+0530] {dag.py:3954} INFO - Setting next_dagrun for example_xcom to 2021-01-01 00:00:00+00:00, run_after=2021-01-01 00:00:00+00:00
[2026-04-22T12:23:57.135+0530] {processor.py:183} INFO - Processing /Library/Frameworks/Python.framework/Versions/3.10/lib/python3.10/site-packages/airflow/example_dags/example_xcom.py took 0.055 seconds
[2026-04-22T12:24:49.522+0530] {processor.py:161} INFO - Started process (PID=72679) to work on /Library/Frameworks/Python.framework/Versions/3.10/lib/python3.10/site-packages/airflow/example_dags/example_xcom.py
[2026-04-22T12:24:49.522+0530] {processor.py:830} INFO - Processing file /Library/Frameworks/Python.framework/Versions/3.10/lib/python3.10/site-packages/airflow/example_dags/example_xcom.py for tasks to queue
[2026-04-22T12:24:49.522+0530] {logging_mixin.py:188} INFO - [2026-04-22T12:24:49.522+0530] {dagbag.py:545} INFO - Filling up the DagBag from /Library/Frameworks/Python.framework/Versions/3.10/lib/python3.10/site-packages/airflow/example_dags/example_xcom.py
[2026-04-22T12:24:49.535+0530] {processor.py:840} INFO - DAG(s) 'example_xcom' retrieved from /Library/Frameworks/Python.framework/Versions/3.10/lib/python3.10/site-packages/airflow/example_dags/example_xcom.py
[2026-04-22T12:24:49.569+0530] {logging_mixin.py:188} INFO - [2026-04-22T12:24:49.569+0530] {dag.py:3096} INFO - Sync 1 DAGs
[2026-04-22T12:24:49.575+0530] {logging_mixin.py:188} INFO - [2026-04-22T12:24:49.575+0530] {dag.py:3954} INFO - Setting next_dagrun for example_xcom to 2021-01-01 00:00:00+00:00, run_after=2021-01-01 00:00:00+00:00
[2026-04-22T12:24:49.581+0530] {processor.py:183} INFO - Processing /Library/Frameworks/Python.framework/Versions/3.10/lib/python3.10/site-packages/airflow/example_dags/example_xcom.py took 0.060 seconds
[2026-04-22T12:25:42.348+0530] {processor.py:161} INFO - Started process (PID=72829) to work on /Library/Frameworks/Python.framework/Versions/3.10/lib/python3.10/site-packages/airflow/example_dags/example_xcom.py
[2026-04-22T12:25:42.349+0530] {processor.py:830} INFO - Processing file /Library/Frameworks/Python.framework/Versions/3.10/lib/python3.10/site-packages/airflow/example_dags/example_xcom.py for tasks to queue
[2026-04-22T12:25:42.350+0530] {logging_mixin.py:188} INFO - [2026-04-22T12:25:42.350+0530] {dagbag.py:545} INFO - Filling up the DagBag from /Library/Frameworks/Python.framework/Versions/3.10/lib/python3.10/site-packages/airflow/example_dags/example_xcom.py
[2026-04-22T12:25:42.362+0530] {processor.py:840} INFO - DAG(s) 'example_xcom' retrieved from /Library/Frameworks/Python.framework/Versions/3.10/lib/python3.10/site-packages/airflow/example_dags/example_xcom.py
[2026-04-22T12:25:42.394+0530] {logging_mixin.py:188} INFO - [2026-04-22T12:25:42.394+0530] {dag.py:3096} INFO - Sync 1 DAGs
[2026-04-22T12:25:42.399+0530] {logging_mixin.py:188} INFO - [2026-04-22T12:25:42.399+0530] {dag.py:3954} INFO - Setting next_dagrun for example_xcom to 2021-01-01 00:00:00+00:00, run_after=2021-01-01 00:00:00+00:00
[2026-04-22T12:25:42.404+0530] {processor.py:183} INFO - Processing /Library/Frameworks/Python.framework/Versions/3.10/lib/python3.10/site-packages/airflow/example_dags/example_xcom.py took 0.056 seconds
[2026-04-22T12:26:35.168+0530] {processor.py:161} INFO - Started process (PID=72907) to work on /Library/Frameworks/Python.framework/Versions/3.10/lib/python3.10/site-packages/airflow/example_dags/example_xcom.py
[2026-04-22T12:26:35.168+0530] {processor.py:830} INFO - Processing file /Library/Frameworks/Python.framework/Versions/3.10/lib/python3.10/site-packages/airflow/example_dags/example_xcom.py for tasks to queue
[2026-04-22T12:26:35.168+0530] {logging_mixin.py:188} INFO - [2026-04-22T12:26:35.168+0530] {dagbag.py:545} INFO - Filling up the DagBag from /Library/Frameworks/Python.framework/Versions/3.10/lib/python3.10/site-packages/airflow/example_dags/example_xcom.py
[2026-04-22T12:26:35.180+0530] {processor.py:840} INFO - DAG(s) 'example_xcom' retrieved from /Library/Frameworks/Python.framework/Versions/3.10/lib/python3.10/site-packages/airflow/example_dags/example_xcom.py
[2026-04-22T12:26:35.213+0530] {logging_mixin.py:188} INFO - [2026-04-22T12:26:35.213+0530] {dag.py:3096} INFO - Sync 1 DAGs
[2026-04-22T12:26:35.218+0530] {logging_mixin.py:188} INFO - [2026-04-22T12:26:35.218+0530] {dag.py:3954} INFO - Setting next_dagrun for example_xcom to 2021-01-01 00:00:00+00:00, run_after=2021-01-01 00:00:00+00:00
[2026-04-22T12:26:35.223+0530] {processor.py:183} INFO - Processing /Library/Frameworks/Python.framework/Versions/3.10/lib/python3.10/site-packages/airflow/example_dags/example_xcom.py took 0.056 seconds
[2026-04-22T12:27:27.598+0530] {processor.py:161} INFO - Started process (PID=73001) to work on /Library/Frameworks/Python.framework/Versions/3.10/lib/python3.10/site-packages/airflow/example_dags/example_xcom.py
[2026-04-22T12:27:27.598+0530] {processor.py:830} INFO - Processing file /Library/Frameworks/Python.framework/Versions/3.10/lib/python3.10/site-packages/airflow/example_dags/example_xcom.py for tasks to queue
[2026-04-22T12:27:27.598+0530] {logging_mixin.py:188} INFO - [2026-04-22T12:27:27.598+0530] {dagbag.py:545} INFO - Filling up the DagBag from /Library/Frameworks/Python.framework/Versions/3.10/lib/python3.10/site-packages/airflow/example_dags/example_xcom.py
[2026-04-22T12:27:27.610+0530] {processor.py:840} INFO - DAG(s) 'example_xcom' retrieved from /Library/Frameworks/Python.framework/Versions/3.10/lib/python3.10/site-packages/airflow/example_dags/example_xcom.py
[2026-04-22T12:27:27.643+0530] {logging_mixin.py:188} INFO - [2026-04-22T12:27:27.643+0530] {dag.py:3096} INFO - Sync 1 DAGs
[2026-04-22T12:27:27.648+0530] {logging_mixin.py:188} INFO - [2026-04-22T12:27:27.648+0530] {dag.py:3954} INFO - Setting next_dagrun for example_xcom to 2021-01-01 00:00:00+00:00, run_after=2021-01-01 00:00:00+00:00
[2026-04-22T12:27:27.653+0530] {processor.py:183} INFO - Processing /Library/Frameworks/Python.framework/Versions/3.10/lib/python3.10/site-packages/airflow/example_dags/example_xcom.py took 0.056 seconds
[2026-04-22T12:28:24.184+0530] {processor.py:161} INFO - Started process (PID=73129) to work on /Library/Frameworks/Python.framework/Versions/3.10/lib/python3.10/site-packages/airflow/example_dags/example_xcom.py
[2026-04-22T12:28:24.185+0530] {processor.py:830} INFO - Processing file /Library/Frameworks/Python.framework/Versions/3.10/lib/python3.10/site-packages/airflow/example_dags/example_xcom.py for tasks to queue
[2026-04-22T12:28:24.185+0530] {logging_mixin.py:188} INFO - [2026-04-22T12:28:24.185+0530] {dagbag.py:545} INFO - Filling up the DagBag from /Library/Frameworks/Python.framework/Versions/3.10/lib/python3.10/site-packages/airflow/example_dags/example_xcom.py
[2026-04-22T12:28:24.197+0530] {processor.py:840} INFO - DAG(s) 'example_xcom' retrieved from /Library/Frameworks/Python.framework/Versions/3.10/lib/python3.10/site-packages/airflow/example_dags/example_xcom.py
[2026-04-22T12:28:24.230+0530] {logging_mixin.py:188} INFO - [2026-04-22T12:28:24.229+0530] {dag.py:3096} INFO - Sync 1 DAGs
[2026-04-22T12:28:24.235+0530] {logging_mixin.py:188} INFO - [2026-04-22T12:28:24.234+0530] {dag.py:3954} INFO - Setting next_dagrun for example_xcom to 2021-01-01 00:00:00+00:00, run_after=2021-01-01 00:00:00+00:00
[2026-04-22T12:28:24.240+0530] {processor.py:183} INFO - Processing /Library/Frameworks/Python.framework/Versions/3.10/lib/python3.10/site-packages/airflow/example_dags/example_xcom.py took 0.057 seconds
[2026-04-22T12:29:22.052+0530] {processor.py:161} INFO - Started process (PID=73219) to work on /Library/Frameworks/Python.framework/Versions/3.10/lib/python3.10/site-packages/airflow/example_dags/example_xcom.py
[2026-04-22T12:29:22.053+0530] {processor.py:830} INFO - Processing file /Library/Frameworks/Python.framework/Versions/3.10/lib/python3.10/site-packages/airflow/example_dags/example_xcom.py for tasks to queue
[2026-04-22T12:29:22.053+0530] {logging_mixin.py:188} INFO - [2026-04-22T12:29:22.053+0530] {dagbag.py:545} INFO - Filling up the DagBag from /Library/Frameworks/Python.framework/Versions/3.10/lib/python3.10/site-packages/airflow/example_dags/example_xcom.py
[2026-04-22T12:29:22.065+0530] {processor.py:840} INFO - DAG(s) 'example_xcom' retrieved from /Library/Frameworks/Python.framework/Versions/3.10/lib/python3.10/site-packages/airflow/example_dags/example_xcom.py
[2026-04-22T12:29:22.098+0530] {logging_mixin.py:188} INFO - [2026-04-22T12:29:22.097+0530] {dag.py:3096} INFO - Sync 1 DAGs
[2026-04-22T12:29:22.102+0530] {logging_mixin.py:188} INFO - [2026-04-22T12:29:22.102+0530] {dag.py:3954} INFO - Setting next_dagrun for example_xcom to 2021-01-01 00:00:00+00:00, run_after=2021-01-01 00:00:00+00:00
[2026-04-22T12:29:22.107+0530] {processor.py:183} INFO - Processing /Library/Frameworks/Python.framework/Versions/3.10/lib/python3.10/site-packages/airflow/example_dags/example_xcom.py took 0.056 seconds
[2026-04-22T12:30:14.865+0530] {processor.py:161} INFO - Started process (PID=73345) to work on /Library/Frameworks/Python.framework/Versions/3.10/lib/python3.10/site-packages/airflow/example_dags/example_xcom.py
[2026-04-22T12:30:14.865+0530] {processor.py:830} INFO - Processing file /Library/Frameworks/Python.framework/Versions/3.10/lib/python3.10/site-packages/airflow/example_dags/example_xcom.py for tasks to queue
[2026-04-22T12:30:14.866+0530] {logging_mixin.py:188} INFO - [2026-04-22T12:30:14.866+0530] {dagbag.py:545} INFO - Filling up the DagBag from /Library/Frameworks/Python.framework/Versions/3.10/lib/python3.10/site-packages/airflow/example_dags/example_xcom.py
[2026-04-22T12:30:14.880+0530] {processor.py:840} INFO - DAG(s) 'example_xcom' retrieved from /Library/Frameworks/Python.framework/Versions/3.10/lib/python3.10/site-packages/airflow/example_dags/example_xcom.py
[2026-04-22T12:30:14.914+0530] {logging_mixin.py:188} INFO - [2026-04-22T12:30:14.913+0530] {dag.py:3096} INFO - Sync 1 DAGs
[2026-04-22T12:30:14.918+0530] {logging_mixin.py:188} INFO - [2026-04-22T12:30:14.918+0530] {dag.py:3954} INFO - Setting next_dagrun for example_xcom to 2021-01-01 00:00:00+00:00, run_after=2021-01-01 00:00:00+00:00
[2026-04-22T12:30:14.924+0530] {processor.py:183} INFO - Processing /Library/Frameworks/Python.framework/Versions/3.10/lib/python3.10/site-packages/airflow/example_dags/example_xcom.py took 0.060 seconds
[2026-04-22T12:31:10.851+0530] {processor.py:161} INFO - Started process (PID=73471) to work on /Library/Frameworks/Python.framework/Versions/3.10/lib/python3.10/site-packages/airflow/example_dags/example_xcom.py
[2026-04-22T12:31:10.851+0530] {processor.py:830} INFO - Processing file /Library/Frameworks/Python.framework/Versions/3.10/lib/python3.10/site-packages/airflow/example_dags/example_xcom.py for tasks to queue
[2026-04-22T12:31:10.852+0530] {logging_mixin.py:188} INFO - [2026-04-22T12:31:10.851+0530] {dagbag.py:545} INFO - Filling up the DagBag from /Library/Frameworks/Python.framework/Versions/3.10/lib/python3.10/site-packages/airflow/example_dags/example_xcom.py
[2026-04-22T12:31:10.863+0530] {processor.py:840} INFO - DAG(s) 'example_xcom' retrieved from /Library/Frameworks/Python.framework/Versions/3.10/lib/python3.10/site-packages/airflow/example_dags/example_xcom.py
[2026-04-22T12:31:10.897+0530] {logging_mixin.py:188} INFO - [2026-04-22T12:31:10.897+0530] {dag.py:3096} INFO - Sync 1 DAGs
[2026-04-22T12:31:10.902+0530] {logging_mixin.py:188} INFO - [2026-04-22T12:31:10.902+0530] {dag.py:3954} INFO - Setting next_dagrun for example_xcom to 2021-01-01 00:00:00+00:00, run_after=2021-01-01 00:00:00+00:00
[2026-04-22T12:31:10.909+0530] {processor.py:183} INFO - Processing /Library/Frameworks/Python.framework/Versions/3.10/lib/python3.10/site-packages/airflow/example_dags/example_xcom.py took 0.059 seconds
[2026-04-22T12:32:06.423+0530] {processor.py:161} INFO - Started process (PID=73584) to work on /Library/Frameworks/Python.framework/Versions/3.10/lib/python3.10/site-packages/airflow/example_dags/example_xcom.py
[2026-04-22T12:32:06.424+0530] {processor.py:830} INFO - Processing file /Library/Frameworks/Python.framework/Versions/3.10/lib/python3.10/site-packages/airflow/example_dags/example_xcom.py for tasks to queue
[2026-04-22T12:32:06.424+0530] {logging_mixin.py:188} INFO - [2026-04-22T12:32:06.424+0530] {dagbag.py:545} INFO - Filling up the DagBag from /Library/Frameworks/Python.framework/Versions/3.10/lib/python3.10/site-packages/airflow/example_dags/example_xcom.py
[2026-04-22T12:32:06.439+0530] {processor.py:840} INFO - DAG(s) 'example_xcom' retrieved from /Library/Frameworks/Python.framework/Versions/3.10/lib/python3.10/site-packages/airflow/example_dags/example_xcom.py
[2026-04-22T12:32:06.472+0530] {logging_mixin.py:188} INFO - [2026-04-22T12:32:06.472+0530] {dag.py:3096} INFO - Sync 1 DAGs
[2026-04-22T12:32:06.477+0530] {logging_mixin.py:188} INFO - [2026-04-22T12:32:06.477+0530] {dag.py:3954} INFO - Setting next_dagrun for example_xcom to 2021-01-01 00:00:00+00:00, run_after=2021-01-01 00:00:00+00:00
[2026-04-22T12:32:06.483+0530] {processor.py:183} INFO - Processing /Library/Frameworks/Python.framework/Versions/3.10/lib/python3.10/site-packages/airflow/example_dags/example_xcom.py took 0.061 seconds
[2026-04-22T12:32:58.628+0530] {processor.py:161} INFO - Started process (PID=73681) to work on /Library/Frameworks/Python.framework/Versions/3.10/lib/python3.10/site-packages/airflow/example_dags/example_xcom.py
[2026-04-22T12:32:58.628+0530] {processor.py:830} INFO - Processing file /Library/Frameworks/Python.framework/Versions/3.10/lib/python3.10/site-packages/airflow/example_dags/example_xcom.py for tasks to queue
[2026-04-22T12:32:58.628+0530] {logging_mixin.py:188} INFO - [2026-04-22T12:32:58.628+0530] {dagbag.py:545} INFO - Filling up the DagBag from /Library/Frameworks/Python.framework/Versions/3.10/lib/python3.10/site-packages/airflow/example_dags/example_xcom.py
[2026-04-22T12:32:58.640+0530] {processor.py:840} INFO - DAG(s) 'example_xcom' retrieved from /Library/Frameworks/Python.framework/Versions/3.10/lib/python3.10/site-packages/airflow/example_dags/example_xcom.py
[2026-04-22T12:32:58.676+0530] {logging_mixin.py:188} INFO - [2026-04-22T12:32:58.676+0530] {dag.py:3096} INFO - Sync 1 DAGs
[2026-04-22T12:32:58.681+0530] {logging_mixin.py:188} INFO - [2026-04-22T12:32:58.681+0530] {dag.py:3954} INFO - Setting next_dagrun for example_xcom to 2021-01-01 00:00:00+00:00, run_after=2021-01-01 00:00:00+00:00
[2026-04-22T12:32:58.687+0530] {processor.py:183} INFO - Processing /Library/Frameworks/Python.framework/Versions/3.10/lib/python3.10/site-packages/airflow/example_dags/example_xcom.py took 0.060 seconds
[2026-04-22T12:33:49.992+0530] {processor.py:161} INFO - Started process (PID=73749) to work on /Library/Frameworks/Python.framework/Versions/3.10/lib/python3.10/site-packages/airflow/example_dags/example_xcom.py
[2026-04-22T12:33:49.992+0530] {processor.py:830} INFO - Processing file /Library/Frameworks/Python.framework/Versions/3.10/lib/python3.10/site-packages/airflow/example_dags/example_xcom.py for tasks to queue
[2026-04-22T12:33:49.993+0530] {logging_mixin.py:188} INFO - [2026-04-22T12:33:49.993+0530] {dagbag.py:545} INFO - Filling up the DagBag from /Library/Frameworks/Python.framework/Versions/3.10/lib/python3.10/site-packages/airflow/example_dags/example_xcom.py
[2026-04-22T12:33:50.004+0530] {processor.py:840} INFO - DAG(s) 'example_xcom' retrieved from /Library/Frameworks/Python.framework/Versions/3.10/lib/python3.10/site-packages/airflow/example_dags/example_xcom.py
[2026-04-22T12:33:50.037+0530] {logging_mixin.py:188} INFO - [2026-04-22T12:33:50.037+0530] {dag.py:3096} INFO - Sync 1 DAGs
[2026-04-22T12:33:50.042+0530] {logging_mixin.py:188} INFO - [2026-04-22T12:33:50.042+0530] {dag.py:3954} INFO - Setting next_dagrun for example_xcom to 2021-01-01 00:00:00+00:00, run_after=2021-01-01 00:00:00+00:00
[2026-04-22T12:33:50.048+0530] {processor.py:183} INFO - Processing /Library/Frameworks/Python.framework/Versions/3.10/lib/python3.10/site-packages/airflow/example_dags/example_xcom.py took 0.057 seconds
[2026-04-22T12:34:43.247+0530] {processor.py:161} INFO - Started process (PID=73816) to work on /Library/Frameworks/Python.framework/Versions/3.10/lib/python3.10/site-packages/airflow/example_dags/example_xcom.py
[2026-04-22T12:34:43.247+0530] {processor.py:830} INFO - Processing file /Library/Frameworks/Python.framework/Versions/3.10/lib/python3.10/site-packages/airflow/example_dags/example_xcom.py for tasks to queue
[2026-04-22T12:34:43.248+0530] {logging_mixin.py:188} INFO - [2026-04-22T12:34:43.248+0530] {dagbag.py:545} INFO - Filling up the DagBag from /Library/Frameworks/Python.framework/Versions/3.10/lib/python3.10/site-packages/airflow/example_dags/example_xcom.py
[2026-04-22T12:34:43.260+0530] {processor.py:840} INFO - DAG(s) 'example_xcom' retrieved from /Library/Frameworks/Python.framework/Versions/3.10/lib/python3.10/site-packages/airflow/example_dags/example_xcom.py
[2026-04-22T12:34:43.292+0530] {logging_mixin.py:188} INFO - [2026-04-22T12:34:43.292+0530] {dag.py:3096} INFO - Sync 1 DAGs
[2026-04-22T12:34:43.296+0530] {logging_mixin.py:188} INFO - [2026-04-22T12:34:43.296+0530] {dag.py:3954} INFO - Setting next_dagrun for example_xcom to 2021-01-01 00:00:00+00:00, run_after=2021-01-01 00:00:00+00:00
[2026-04-22T12:34:43.301+0530] {processor.py:183} INFO - Processing /Library/Frameworks/Python.framework/Versions/3.10/lib/python3.10/site-packages/airflow/example_dags/example_xcom.py took 0.055 seconds
[2026-04-22T12:35:34.524+0530] {processor.py:161} INFO - Started process (PID=73886) to work on /Library/Frameworks/Python.framework/Versions/3.10/lib/python3.10/site-packages/airflow/example_dags/example_xcom.py
[2026-04-22T12:35:34.525+0530] {processor.py:830} INFO - Processing file /Library/Frameworks/Python.framework/Versions/3.10/lib/python3.10/site-packages/airflow/example_dags/example_xcom.py for tasks to queue
[2026-04-22T12:35:34.526+0530] {logging_mixin.py:188} INFO - [2026-04-22T12:35:34.526+0530] {dagbag.py:545} INFO - Filling up the DagBag from /Library/Frameworks/Python.framework/Versions/3.10/lib/python3.10/site-packages/airflow/example_dags/example_xcom.py
[2026-04-22T12:35:34.538+0530] {processor.py:840} INFO - DAG(s) 'example_xcom' retrieved from /Library/Frameworks/Python.framework/Versions/3.10/lib/python3.10/site-packages/airflow/example_dags/example_xcom.py
[2026-04-22T12:35:34.570+0530] {logging_mixin.py:188} INFO - [2026-04-22T12:35:34.570+0530] {dag.py:3096} INFO - Sync 1 DAGs
[2026-04-22T12:35:34.575+0530] {logging_mixin.py:188} INFO - [2026-04-22T12:35:34.575+0530] {dag.py:3954} INFO - Setting next_dagrun for example_xcom to 2021-01-01 00:00:00+00:00, run_after=2021-01-01 00:00:00+00:00
[2026-04-22T12:35:34.580+0530] {processor.py:183} INFO - Processing /Library/Frameworks/Python.framework/Versions/3.10/lib/python3.10/site-packages/airflow/example_dags/example_xcom.py took 0.057 seconds
[2026-04-22T12:36:26.289+0530] {processor.py:161} INFO - Started process (PID=73956) to work on /Library/Frameworks/Python.framework/Versions/3.10/lib/python3.10/site-packages/airflow/example_dags/example_xcom.py
[2026-04-22T12:36:26.290+0530] {processor.py:830} INFO - Processing file /Library/Frameworks/Python.framework/Versions/3.10/lib/python3.10/site-packages/airflow/example_dags/example_xcom.py for tasks to queue
[2026-04-22T12:36:26.290+0530] {logging_mixin.py:188} INFO - [2026-04-22T12:36:26.290+0530] {dagbag.py:545} INFO - Filling up the DagBag from /Library/Frameworks/Python.framework/Versions/3.10/lib/python3.10/site-packages/airflow/example_dags/example_xcom.py
[2026-04-22T12:36:26.301+0530] {processor.py:840} INFO - DAG(s) 'example_xcom' retrieved from /Library/Frameworks/Python.framework/Versions/3.10/lib/python3.10/site-packages/airflow/example_dags/example_xcom.py
[2026-04-22T12:36:26.334+0530] {logging_mixin.py:188} INFO - [2026-04-22T12:36:26.333+0530] {dag.py:3096} INFO - Sync 1 DAGs
[2026-04-22T12:36:26.338+0530] {logging_mixin.py:188} INFO - [2026-04-22T12:36:26.338+0530] {dag.py:3954} INFO - Setting next_dagrun for example_xcom to 2021-01-01 00:00:00+00:00, run_after=2021-01-01 00:00:00+00:00
[2026-04-22T12:36:26.343+0530] {processor.py:183} INFO - Processing /Library/Frameworks/Python.framework/Versions/3.10/lib/python3.10/site-packages/airflow/example_dags/example_xcom.py took 0.055 seconds
[2026-04-22T12:37:16.745+0530] {processor.py:161} INFO - Started process (PID=74009) to work on /Library/Frameworks/Python.framework/Versions/3.10/lib/python3.10/site-packages/airflow/example_dags/example_xcom.py
[2026-04-22T12:37:16.746+0530] {processor.py:830} INFO - Processing file /Library/Frameworks/Python.framework/Versions/3.10/lib/python3.10/site-packages/airflow/example_dags/example_xcom.py for tasks to queue
[2026-04-22T12:37:16.746+0530] {logging_mixin.py:188} INFO - [2026-04-22T12:37:16.746+0530] {dagbag.py:545} INFO - Filling up the DagBag from /Library/Frameworks/Python.framework/Versions/3.10/lib/python3.10/site-packages/airflow/example_dags/example_xcom.py
[2026-04-22T12:37:16.758+0530] {processor.py:840} INFO - DAG(s) 'example_xcom' retrieved from /Library/Frameworks/Python.framework/Versions/3.10/lib/python3.10/site-packages/airflow/example_dags/example_xcom.py
[2026-04-22T12:37:16.790+0530] {logging_mixin.py:188} INFO - [2026-04-22T12:37:16.790+0530] {dag.py:3096} INFO - Sync 1 DAGs
[2026-04-22T12:37:16.795+0530] {logging_mixin.py:188} INFO - [2026-04-22T12:37:16.795+0530] {dag.py:3954} INFO - Setting next_dagrun for example_xcom to 2021-01-01 00:00:00+00:00, run_after=2021-01-01 00:00:00+00:00
[2026-04-22T12:37:16.800+0530] {processor.py:183} INFO - Processing /Library/Frameworks/Python.framework/Versions/3.10/lib/python3.10/site-packages/airflow/example_dags/example_xcom.py took 0.056 seconds
[2026-04-22T12:38:13.514+0530] {processor.py:161} INFO - Started process (PID=74067) to work on /Library/Frameworks/Python.framework/Versions/3.10/lib/python3.10/site-packages/airflow/example_dags/example_xcom.py
[2026-04-22T12:38:13.515+0530] {processor.py:830} INFO - Processing file /Library/Frameworks/Python.framework/Versions/3.10/lib/python3.10/site-packages/airflow/example_dags/example_xcom.py for tasks to queue
[2026-04-22T12:38:13.515+0530] {logging_mixin.py:188} INFO - [2026-04-22T12:38:13.515+0530] {dagbag.py:545} INFO - Filling up the DagBag from /Library/Frameworks/Python.framework/Versions/3.10/lib/python3.10/site-packages/airflow/example_dags/example_xcom.py
[2026-04-22T12:38:13.527+0530] {processor.py:840} INFO - DAG(s) 'example_xcom' retrieved from /Library/Frameworks/Python.framework/Versions/3.10/lib/python3.10/site-packages/airflow/example_dags/example_xcom.py
[2026-04-22T12:38:13.559+0530] {logging_mixin.py:188} INFO - [2026-04-22T12:38:13.559+0530] {dag.py:3096} INFO - Sync 1 DAGs
[2026-04-22T12:38:13.564+0530] {logging_mixin.py:188} INFO - [2026-04-22T12:38:13.564+0530] {dag.py:3954} INFO - Setting next_dagrun for example_xcom to 2021-01-01 00:00:00+00:00, run_after=2021-01-01 00:00:00+00:00
[2026-04-22T12:38:13.569+0530] {processor.py:183} INFO - Processing /Library/Frameworks/Python.framework/Versions/3.10/lib/python3.10/site-packages/airflow/example_dags/example_xcom.py took 0.056 seconds
[2026-04-22T12:39:13.891+0530] {processor.py:161} INFO - Started process (PID=74135) to work on /Library/Frameworks/Python.framework/Versions/3.10/lib/python3.10/site-packages/airflow/example_dags/example_xcom.py
[2026-04-22T12:39:13.891+0530] {processor.py:830} INFO - Processing file /Library/Frameworks/Python.framework/Versions/3.10/lib/python3.10/site-packages/airflow/example_dags/example_xcom.py for tasks to queue
[2026-04-22T12:39:13.891+0530] {logging_mixin.py:188} INFO - [2026-04-22T12:39:13.891+0530] {dagbag.py:545} INFO - Filling up the DagBag from /Library/Frameworks/Python.framework/Versions/3.10/lib/python3.10/site-packages/airflow/example_dags/example_xcom.py
[2026-04-22T12:39:13.904+0530] {processor.py:840} INFO - DAG(s) 'example_xcom' retrieved from /Library/Frameworks/Python.framework/Versions/3.10/lib/python3.10/site-packages/airflow/example_dags/example_xcom.py
[2026-04-22T12:39:13.936+0530] {logging_mixin.py:188} INFO - [2026-04-22T12:39:13.936+0530] {dag.py:3096} INFO - Sync 1 DAGs
[2026-04-22T12:39:13.941+0530] {logging_mixin.py:188} INFO - [2026-04-22T12:39:13.941+0530] {dag.py:3954} INFO - Setting next_dagrun for example_xcom to 2021-01-01 00:00:00+00:00, run_after=2021-01-01 00:00:00+00:00
[2026-04-22T12:39:13.948+0530] {processor.py:183} INFO - Processing /Library/Frameworks/Python.framework/Versions/3.10/lib/python3.10/site-packages/airflow/example_dags/example_xcom.py took 0.058 seconds
[2026-04-22T12:40:13.938+0530] {processor.py:161} INFO - Started process (PID=74210) to work on /Library/Frameworks/Python.framework/Versions/3.10/lib/python3.10/site-packages/airflow/example_dags/example_xcom.py
[2026-04-22T12:40:13.939+0530] {processor.py:830} INFO - Processing file /Library/Frameworks/Python.framework/Versions/3.10/lib/python3.10/site-packages/airflow/example_dags/example_xcom.py for tasks to queue
[2026-04-22T12:40:13.939+0530] {logging_mixin.py:188} INFO - [2026-04-22T12:40:13.939+0530] {dagbag.py:545} INFO - Filling up the DagBag from /Library/Frameworks/Python.framework/Versions/3.10/lib/python3.10/site-packages/airflow/example_dags/example_xcom.py
[2026-04-22T12:40:13.951+0530] {processor.py:840} INFO - DAG(s) 'example_xcom' retrieved from /Library/Frameworks/Python.framework/Versions/3.10/lib/python3.10/site-packages/airflow/example_dags/example_xcom.py
[2026-04-22T12:40:13.984+0530] {logging_mixin.py:188} INFO - [2026-04-22T12:40:13.984+0530] {dag.py:3096} INFO - Sync 1 DAGs
[2026-04-22T12:40:13.989+0530] {logging_mixin.py:188} INFO - [2026-04-22T12:40:13.989+0530] {dag.py:3954} INFO - Setting next_dagrun for example_xcom to 2021-01-01 00:00:00+00:00, run_after=2021-01-01 00:00:00+00:00
[2026-04-22T12:40:13.994+0530] {processor.py:183} INFO - Processing /Library/Frameworks/Python.framework/Versions/3.10/lib/python3.10/site-packages/airflow/example_dags/example_xcom.py took 0.056 seconds
[2026-04-22T12:41:14.396+0530] {processor.py:161} INFO - Started process (PID=74281) to work on /Library/Frameworks/Python.framework/Versions/3.10/lib/python3.10/site-packages/airflow/example_dags/example_xcom.py
[2026-04-22T12:41:14.397+0530] {processor.py:830} INFO - Processing file /Library/Frameworks/Python.framework/Versions/3.10/lib/python3.10/site-packages/airflow/example_dags/example_xcom.py for tasks to queue
[2026-04-22T12:41:14.397+0530] {logging_mixin.py:188} INFO - [2026-04-22T12:41:14.397+0530] {dagbag.py:545} INFO - Filling up the DagBag from /Library/Frameworks/Python.framework/Versions/3.10/lib/python3.10/site-packages/airflow/example_dags/example_xcom.py
[2026-04-22T12:41:14.409+0530] {processor.py:840} INFO - DAG(s) 'example_xcom' retrieved from /Library/Frameworks/Python.framework/Versions/3.10/lib/python3.10/site-packages/airflow/example_dags/example_xcom.py
[2026-04-22T12:41:14.442+0530] {logging_mixin.py:188} INFO - [2026-04-22T12:41:14.441+0530] {dag.py:3096} INFO - Sync 1 DAGs
[2026-04-22T12:41:14.446+0530] {logging_mixin.py:188} INFO - [2026-04-22T12:41:14.446+0530] {dag.py:3954} INFO - Setting next_dagrun for example_xcom to 2021-01-01 00:00:00+00:00, run_after=2021-01-01 00:00:00+00:00
[2026-04-22T12:41:14.452+0530] {processor.py:183} INFO - Processing /Library/Frameworks/Python.framework/Versions/3.10/lib/python3.10/site-packages/airflow/example_dags/example_xcom.py took 0.056 seconds
[2026-04-22T12:42:13.521+0530] {processor.py:161} INFO - Started process (PID=74350) to work on /Library/Frameworks/Python.framework/Versions/3.10/lib/python3.10/site-packages/airflow/example_dags/example_xcom.py
[2026-04-22T12:42:13.521+0530] {processor.py:830} INFO - Processing file /Library/Frameworks/Python.framework/Versions/3.10/lib/python3.10/site-packages/airflow/example_dags/example_xcom.py for tasks to queue
[2026-04-22T12:42:13.522+0530] {logging_mixin.py:188} INFO - [2026-04-22T12:42:13.522+0530] {dagbag.py:545} INFO - Filling up the DagBag from /Library/Frameworks/Python.framework/Versions/3.10/lib/python3.10/site-packages/airflow/example_dags/example_xcom.py
[2026-04-22T12:42:13.534+0530] {processor.py:840} INFO - DAG(s) 'example_xcom' retrieved from /Library/Frameworks/Python.framework/Versions/3.10/lib/python3.10/site-packages/airflow/example_dags/example_xcom.py
[2026-04-22T12:42:13.567+0530] {logging_mixin.py:188} INFO - [2026-04-22T12:42:13.566+0530] {dag.py:3096} INFO - Sync 1 DAGs
[2026-04-22T12:42:13.571+0530] {logging_mixin.py:188} INFO - [2026-04-22T12:42:13.571+0530] {dag.py:3954} INFO - Setting next_dagrun for example_xcom to 2021-01-01 00:00:00+00:00, run_after=2021-01-01 00:00:00+00:00
[2026-04-22T12:42:13.577+0530] {processor.py:183} INFO - Processing /Library/Frameworks/Python.framework/Versions/3.10/lib/python3.10/site-packages/airflow/example_dags/example_xcom.py took 0.058 seconds
