[2026-04-22T05:58:01.408+0530] {processor.py:161} INFO - Started process (PID=68509) to work on /Library/Frameworks/Python.framework/Versions/3.10/lib/python3.10/site-packages/airflow/example_dags/example_trigger_controller_dag.py
[2026-04-22T05:58:01.409+0530] {processor.py:830} INFO - Processing file /Library/Frameworks/Python.framework/Versions/3.10/lib/python3.10/site-packages/airflow/example_dags/example_trigger_controller_dag.py for tasks to queue
[2026-04-22T05:58:01.409+0530] {logging_mixin.py:188} INFO - [2026-04-22T05:58:01.409+0530] {dagbag.py:545} INFO - Filling up the DagBag from /Library/Frameworks/Python.framework/Versions/3.10/lib/python3.10/site-packages/airflow/example_dags/example_trigger_controller_dag.py
[2026-04-22T05:58:01.414+0530] {processor.py:840} INFO - DAG(s) 'example_trigger_controller_dag' retrieved from /Library/Frameworks/Python.framework/Versions/3.10/lib/python3.10/site-packages/airflow/example_dags/example_trigger_controller_dag.py
[2026-04-22T05:58:01.451+0530] {logging_mixin.py:188} INFO - [2026-04-22T05:58:01.451+0530] {dag.py:3096} INFO - Sync 1 DAGs
[2026-04-22T05:58:01.456+0530] {logging_mixin.py:188} INFO - [2026-04-22T05:58:01.456+0530] {dag.py:3954} INFO - Setting next_dagrun for example_trigger_controller_dag to 2021-01-01 00:00:00+00:00, run_after=2021-01-01 00:00:00+00:00
[2026-04-22T05:58:01.462+0530] {processor.py:183} INFO - Processing /Library/Frameworks/Python.framework/Versions/3.10/lib/python3.10/site-packages/airflow/example_dags/example_trigger_controller_dag.py took 0.055 seconds
[2026-04-22T11:47:17.657+0530] {processor.py:161} INFO - Started process (PID=69285) to work on /Library/Frameworks/Python.framework/Versions/3.10/lib/python3.10/site-packages/airflow/example_dags/example_trigger_controller_dag.py
[2026-04-22T11:47:17.658+0530] {processor.py:830} INFO - Processing file /Library/Frameworks/Python.framework/Versions/3.10/lib/python3.10/site-packages/airflow/example_dags/example_trigger_controller_dag.py for tasks to queue
[2026-04-22T11:47:17.658+0530] {logging_mixin.py:188} INFO - [2026-04-22T11:47:17.658+0530] {dagbag.py:545} INFO - Filling up the DagBag from /Library/Frameworks/Python.framework/Versions/3.10/lib/python3.10/site-packages/airflow/example_dags/example_trigger_controller_dag.py
[2026-04-22T11:47:17.662+0530] {processor.py:840} INFO - DAG(s) 'example_trigger_controller_dag' retrieved from /Library/Frameworks/Python.framework/Versions/3.10/lib/python3.10/site-packages/airflow/example_dags/example_trigger_controller_dag.py
[2026-04-22T11:47:17.693+0530] {logging_mixin.py:188} INFO - [2026-04-22T11:47:17.693+0530] {dag.py:3096} INFO - Sync 1 DAGs
[2026-04-22T11:47:17.698+0530] {logging_mixin.py:188} INFO - [2026-04-22T11:47:17.698+0530] {dag.py:3954} INFO - Setting next_dagrun for example_trigger_controller_dag to 2021-01-01 00:00:00+00:00, run_after=2021-01-01 00:00:00+00:00
[2026-04-22T11:47:17.703+0530] {processor.py:183} INFO - Processing /Library/Frameworks/Python.framework/Versions/3.10/lib/python3.10/site-packages/airflow/example_dags/example_trigger_controller_dag.py took 0.048 seconds
[2026-04-22T11:48:06.190+0530] {processor.py:161} INFO - Started process (PID=69365) to work on /Library/Frameworks/Python.framework/Versions/3.10/lib/python3.10/site-packages/airflow/example_dags/example_trigger_controller_dag.py
[2026-04-22T11:48:06.190+0530] {processor.py:830} INFO - Processing file /Library/Frameworks/Python.framework/Versions/3.10/lib/python3.10/site-packages/airflow/example_dags/example_trigger_controller_dag.py for tasks to queue
[2026-04-22T11:48:06.190+0530] {logging_mixin.py:188} INFO - [2026-04-22T11:48:06.190+0530] {dagbag.py:545} INFO - Filling up the DagBag from /Library/Frameworks/Python.framework/Versions/3.10/lib/python3.10/site-packages/airflow/example_dags/example_trigger_controller_dag.py
[2026-04-22T11:48:06.194+0530] {processor.py:840} INFO - DAG(s) 'example_trigger_controller_dag' retrieved from /Library/Frameworks/Python.framework/Versions/3.10/lib/python3.10/site-packages/airflow/example_dags/example_trigger_controller_dag.py
[2026-04-22T11:48:06.225+0530] {logging_mixin.py:188} INFO - [2026-04-22T11:48:06.225+0530] {dag.py:3096} INFO - Sync 1 DAGs
[2026-04-22T11:48:06.230+0530] {logging_mixin.py:188} INFO - [2026-04-22T11:48:06.230+0530] {dag.py:3954} INFO - Setting next_dagrun for example_trigger_controller_dag to 2021-01-01 00:00:00+00:00, run_after=2021-01-01 00:00:00+00:00
[2026-04-22T11:48:06.235+0530] {processor.py:183} INFO - Processing /Library/Frameworks/Python.framework/Versions/3.10/lib/python3.10/site-packages/airflow/example_dags/example_trigger_controller_dag.py took 0.046 seconds
[2026-04-22T11:48:55.207+0530] {processor.py:161} INFO - Started process (PID=69453) to work on /Library/Frameworks/Python.framework/Versions/3.10/lib/python3.10/site-packages/airflow/example_dags/example_trigger_controller_dag.py
[2026-04-22T11:48:55.208+0530] {processor.py:830} INFO - Processing file /Library/Frameworks/Python.framework/Versions/3.10/lib/python3.10/site-packages/airflow/example_dags/example_trigger_controller_dag.py for tasks to queue
[2026-04-22T11:48:55.209+0530] {logging_mixin.py:188} INFO - [2026-04-22T11:48:55.208+0530] {dagbag.py:545} INFO - Filling up the DagBag from /Library/Frameworks/Python.framework/Versions/3.10/lib/python3.10/site-packages/airflow/example_dags/example_trigger_controller_dag.py
[2026-04-22T11:48:55.213+0530] {processor.py:840} INFO - DAG(s) 'example_trigger_controller_dag' retrieved from /Library/Frameworks/Python.framework/Versions/3.10/lib/python3.10/site-packages/airflow/example_dags/example_trigger_controller_dag.py
[2026-04-22T11:48:55.244+0530] {logging_mixin.py:188} INFO - [2026-04-22T11:48:55.244+0530] {dag.py:3096} INFO - Sync 1 DAGs
[2026-04-22T11:48:55.248+0530] {logging_mixin.py:188} INFO - [2026-04-22T11:48:55.248+0530] {dag.py:3954} INFO - Setting next_dagrun for example_trigger_controller_dag to 2021-01-01 00:00:00+00:00, run_after=2021-01-01 00:00:00+00:00
[2026-04-22T11:48:55.253+0530] {processor.py:183} INFO - Processing /Library/Frameworks/Python.framework/Versions/3.10/lib/python3.10/site-packages/airflow/example_dags/example_trigger_controller_dag.py took 0.047 seconds
[2026-04-22T11:49:32.075+0530] {processor.py:161} INFO - Started process (PID=69506) to work on /Library/Frameworks/Python.framework/Versions/3.10/lib/python3.10/site-packages/airflow/example_dags/example_trigger_controller_dag.py
[2026-04-22T11:49:32.076+0530] {processor.py:830} INFO - Processing file /Library/Frameworks/Python.framework/Versions/3.10/lib/python3.10/site-packages/airflow/example_dags/example_trigger_controller_dag.py for tasks to queue
[2026-04-22T11:49:32.076+0530] {logging_mixin.py:188} INFO - [2026-04-22T11:49:32.076+0530] {dagbag.py:545} INFO - Filling up the DagBag from /Library/Frameworks/Python.framework/Versions/3.10/lib/python3.10/site-packages/airflow/example_dags/example_trigger_controller_dag.py
[2026-04-22T11:49:32.080+0530] {processor.py:840} INFO - DAG(s) 'example_trigger_controller_dag' retrieved from /Library/Frameworks/Python.framework/Versions/3.10/lib/python3.10/site-packages/airflow/example_dags/example_trigger_controller_dag.py
[2026-04-22T11:49:32.111+0530] {logging_mixin.py:188} INFO - [2026-04-22T11:49:32.111+0530] {dag.py:3096} INFO - Sync 1 DAGs
[2026-04-22T11:49:32.115+0530] {logging_mixin.py:188} INFO - [2026-04-22T11:49:32.115+0530] {dag.py:3954} INFO - Setting next_dagrun for example_trigger_controller_dag to 2021-01-01 00:00:00+00:00, run_after=2021-01-01 00:00:00+00:00
[2026-04-22T11:49:32.121+0530] {processor.py:183} INFO - Processing /Library/Frameworks/Python.framework/Versions/3.10/lib/python3.10/site-packages/airflow/example_dags/example_trigger_controller_dag.py took 0.047 seconds
[2026-04-22T11:50:10.242+0530] {processor.py:161} INFO - Started process (PID=69574) to work on /Library/Frameworks/Python.framework/Versions/3.10/lib/python3.10/site-packages/airflow/example_dags/example_trigger_controller_dag.py
[2026-04-22T11:50:10.242+0530] {processor.py:830} INFO - Processing file /Library/Frameworks/Python.framework/Versions/3.10/lib/python3.10/site-packages/airflow/example_dags/example_trigger_controller_dag.py for tasks to queue
[2026-04-22T11:50:10.243+0530] {logging_mixin.py:188} INFO - [2026-04-22T11:50:10.243+0530] {dagbag.py:545} INFO - Filling up the DagBag from /Library/Frameworks/Python.framework/Versions/3.10/lib/python3.10/site-packages/airflow/example_dags/example_trigger_controller_dag.py
[2026-04-22T11:50:10.246+0530] {processor.py:840} INFO - DAG(s) 'example_trigger_controller_dag' retrieved from /Library/Frameworks/Python.framework/Versions/3.10/lib/python3.10/site-packages/airflow/example_dags/example_trigger_controller_dag.py
[2026-04-22T11:50:10.278+0530] {logging_mixin.py:188} INFO - [2026-04-22T11:50:10.278+0530] {dag.py:3096} INFO - Sync 1 DAGs
[2026-04-22T11:50:10.283+0530] {logging_mixin.py:188} INFO - [2026-04-22T11:50:10.283+0530] {dag.py:3954} INFO - Setting next_dagrun for example_trigger_controller_dag to 2021-01-01 00:00:00+00:00, run_after=2021-01-01 00:00:00+00:00
[2026-04-22T11:50:10.288+0530] {processor.py:183} INFO - Processing /Library/Frameworks/Python.framework/Versions/3.10/lib/python3.10/site-packages/airflow/example_dags/example_trigger_controller_dag.py took 0.047 seconds
[2026-04-22T11:51:06.386+0530] {processor.py:161} INFO - Started process (PID=69707) to work on /Library/Frameworks/Python.framework/Versions/3.10/lib/python3.10/site-packages/airflow/example_dags/example_trigger_controller_dag.py
[2026-04-22T11:51:06.387+0530] {processor.py:830} INFO - Processing file /Library/Frameworks/Python.framework/Versions/3.10/lib/python3.10/site-packages/airflow/example_dags/example_trigger_controller_dag.py for tasks to queue
[2026-04-22T11:51:06.387+0530] {logging_mixin.py:188} INFO - [2026-04-22T11:51:06.387+0530] {dagbag.py:545} INFO - Filling up the DagBag from /Library/Frameworks/Python.framework/Versions/3.10/lib/python3.10/site-packages/airflow/example_dags/example_trigger_controller_dag.py
[2026-04-22T11:51:06.391+0530] {processor.py:840} INFO - DAG(s) 'example_trigger_controller_dag' retrieved from /Library/Frameworks/Python.framework/Versions/3.10/lib/python3.10/site-packages/airflow/example_dags/example_trigger_controller_dag.py
[2026-04-22T11:51:06.422+0530] {logging_mixin.py:188} INFO - [2026-04-22T11:51:06.422+0530] {dag.py:3096} INFO - Sync 1 DAGs
[2026-04-22T11:51:06.426+0530] {logging_mixin.py:188} INFO - [2026-04-22T11:51:06.426+0530] {dag.py:3954} INFO - Setting next_dagrun for example_trigger_controller_dag to 2021-01-01 00:00:00+00:00, run_after=2021-01-01 00:00:00+00:00
[2026-04-22T11:51:06.431+0530] {processor.py:183} INFO - Processing /Library/Frameworks/Python.framework/Versions/3.10/lib/python3.10/site-packages/airflow/example_dags/example_trigger_controller_dag.py took 0.046 seconds
[2026-04-22T12:09:26.736+0530] {processor.py:161} INFO - Started process (PID=70877) to work on /Library/Frameworks/Python.framework/Versions/3.10/lib/python3.10/site-packages/airflow/example_dags/example_trigger_controller_dag.py
[2026-04-22T12:09:26.737+0530] {processor.py:830} INFO - Processing file /Library/Frameworks/Python.framework/Versions/3.10/lib/python3.10/site-packages/airflow/example_dags/example_trigger_controller_dag.py for tasks to queue
[2026-04-22T12:09:26.737+0530] {logging_mixin.py:188} INFO - [2026-04-22T12:09:26.737+0530] {dagbag.py:545} INFO - Filling up the DagBag from /Library/Frameworks/Python.framework/Versions/3.10/lib/python3.10/site-packages/airflow/example_dags/example_trigger_controller_dag.py
[2026-04-22T12:09:26.742+0530] {processor.py:840} INFO - DAG(s) 'example_trigger_controller_dag' retrieved from /Library/Frameworks/Python.framework/Versions/3.10/lib/python3.10/site-packages/airflow/example_dags/example_trigger_controller_dag.py
[2026-04-22T12:09:26.774+0530] {logging_mixin.py:188} INFO - [2026-04-22T12:09:26.774+0530] {dag.py:3096} INFO - Sync 1 DAGs
[2026-04-22T12:09:26.778+0530] {logging_mixin.py:188} INFO - [2026-04-22T12:09:26.778+0530] {dag.py:3954} INFO - Setting next_dagrun for example_trigger_controller_dag to 2021-01-01 00:00:00+00:00, run_after=2021-01-01 00:00:00+00:00
[2026-04-22T12:09:26.784+0530] {processor.py:183} INFO - Processing /Library/Frameworks/Python.framework/Versions/3.10/lib/python3.10/site-packages/airflow/example_dags/example_trigger_controller_dag.py took 0.049 seconds
[2026-04-22T12:14:24.733+0530] {processor.py:161} INFO - Started process (PID=71235) to work on /Library/Frameworks/Python.framework/Versions/3.10/lib/python3.10/site-packages/airflow/example_dags/example_trigger_controller_dag.py
[2026-04-22T12:14:24.734+0530] {processor.py:830} INFO - Processing file /Library/Frameworks/Python.framework/Versions/3.10/lib/python3.10/site-packages/airflow/example_dags/example_trigger_controller_dag.py for tasks to queue
[2026-04-22T12:14:24.734+0530] {logging_mixin.py:188} INFO - [2026-04-22T12:14:24.734+0530] {dagbag.py:545} INFO - Filling up the DagBag from /Library/Frameworks/Python.framework/Versions/3.10/lib/python3.10/site-packages/airflow/example_dags/example_trigger_controller_dag.py
[2026-04-22T12:14:24.738+0530] {processor.py:840} INFO - DAG(s) 'example_trigger_controller_dag' retrieved from /Library/Frameworks/Python.framework/Versions/3.10/lib/python3.10/site-packages/airflow/example_dags/example_trigger_controller_dag.py
[2026-04-22T12:14:24.769+0530] {logging_mixin.py:188} INFO - [2026-04-22T12:14:24.769+0530] {dag.py:3096} INFO - Sync 1 DAGs
[2026-04-22T12:14:24.774+0530] {logging_mixin.py:188} INFO - [2026-04-22T12:14:24.774+0530] {dag.py:3954} INFO - Setting next_dagrun for example_trigger_controller_dag to 2021-01-01 00:00:00+00:00, run_after=2021-01-01 00:00:00+00:00
[2026-04-22T12:14:24.779+0530] {processor.py:183} INFO - Processing /Library/Frameworks/Python.framework/Versions/3.10/lib/python3.10/site-packages/airflow/example_dags/example_trigger_controller_dag.py took 0.047 seconds
[2026-04-22T12:18:48.302+0530] {processor.py:161} INFO - Started process (PID=71573) to work on /Library/Frameworks/Python.framework/Versions/3.10/lib/python3.10/site-packages/airflow/example_dags/example_trigger_controller_dag.py
[2026-04-22T12:18:48.303+0530] {processor.py:830} INFO - Processing file /Library/Frameworks/Python.framework/Versions/3.10/lib/python3.10/site-packages/airflow/example_dags/example_trigger_controller_dag.py for tasks to queue
[2026-04-22T12:18:48.303+0530] {logging_mixin.py:188} INFO - [2026-04-22T12:18:48.303+0530] {dagbag.py:545} INFO - Filling up the DagBag from /Library/Frameworks/Python.framework/Versions/3.10/lib/python3.10/site-packages/airflow/example_dags/example_trigger_controller_dag.py
[2026-04-22T12:18:48.307+0530] {processor.py:840} INFO - DAG(s) 'example_trigger_controller_dag' retrieved from /Library/Frameworks/Python.framework/Versions/3.10/lib/python3.10/site-packages/airflow/example_dags/example_trigger_controller_dag.py
[2026-04-22T12:18:48.339+0530] {logging_mixin.py:188} INFO - [2026-04-22T12:18:48.339+0530] {dag.py:3096} INFO - Sync 1 DAGs
[2026-04-22T12:18:48.343+0530] {logging_mixin.py:188} INFO - [2026-04-22T12:18:48.343+0530] {dag.py:3954} INFO - Setting next_dagrun for example_trigger_controller_dag to 2021-01-01 00:00:00+00:00, run_after=2021-01-01 00:00:00+00:00
[2026-04-22T12:18:48.349+0530] {processor.py:183} INFO - Processing /Library/Frameworks/Python.framework/Versions/3.10/lib/python3.10/site-packages/airflow/example_dags/example_trigger_controller_dag.py took 0.048 seconds
[2026-04-22T12:20:29.200+0530] {processor.py:161} INFO - Started process (PID=72183) to work on /Library/Frameworks/Python.framework/Versions/3.10/lib/python3.10/site-packages/airflow/example_dags/example_trigger_controller_dag.py
[2026-04-22T12:20:29.201+0530] {processor.py:830} INFO - Processing file /Library/Frameworks/Python.framework/Versions/3.10/lib/python3.10/site-packages/airflow/example_dags/example_trigger_controller_dag.py for tasks to queue
[2026-04-22T12:20:29.202+0530] {logging_mixin.py:188} INFO - [2026-04-22T12:20:29.202+0530] {dagbag.py:545} INFO - Filling up the DagBag from /Library/Frameworks/Python.framework/Versions/3.10/lib/python3.10/site-packages/airflow/example_dags/example_trigger_controller_dag.py
[2026-04-22T12:20:29.205+0530] {processor.py:840} INFO - DAG(s) 'example_trigger_controller_dag' retrieved from /Library/Frameworks/Python.framework/Versions/3.10/lib/python3.10/site-packages/airflow/example_dags/example_trigger_controller_dag.py
[2026-04-22T12:20:29.237+0530] {logging_mixin.py:188} INFO - [2026-04-22T12:20:29.237+0530] {dag.py:3096} INFO - Sync 1 DAGs
[2026-04-22T12:20:29.241+0530] {logging_mixin.py:188} INFO - [2026-04-22T12:20:29.241+0530] {dag.py:3954} INFO - Setting next_dagrun for example_trigger_controller_dag to 2021-01-01 00:00:00+00:00, run_after=2021-01-01 00:00:00+00:00
[2026-04-22T12:20:29.246+0530] {processor.py:183} INFO - Processing /Library/Frameworks/Python.framework/Versions/3.10/lib/python3.10/site-packages/airflow/example_dags/example_trigger_controller_dag.py took 0.047 seconds
[2026-04-22T12:21:23.304+0530] {processor.py:161} INFO - Started process (PID=72300) to work on /Library/Frameworks/Python.framework/Versions/3.10/lib/python3.10/site-packages/airflow/example_dags/example_trigger_controller_dag.py
[2026-04-22T12:21:23.304+0530] {processor.py:830} INFO - Processing file /Library/Frameworks/Python.framework/Versions/3.10/lib/python3.10/site-packages/airflow/example_dags/example_trigger_controller_dag.py for tasks to queue
[2026-04-22T12:21:23.304+0530] {logging_mixin.py:188} INFO - [2026-04-22T12:21:23.304+0530] {dagbag.py:545} INFO - Filling up the DagBag from /Library/Frameworks/Python.framework/Versions/3.10/lib/python3.10/site-packages/airflow/example_dags/example_trigger_controller_dag.py
[2026-04-22T12:21:23.308+0530] {processor.py:840} INFO - DAG(s) 'example_trigger_controller_dag' retrieved from /Library/Frameworks/Python.framework/Versions/3.10/lib/python3.10/site-packages/airflow/example_dags/example_trigger_controller_dag.py
[2026-04-22T12:21:23.339+0530] {logging_mixin.py:188} INFO - [2026-04-22T12:21:23.339+0530] {dag.py:3096} INFO - Sync 1 DAGs
[2026-04-22T12:21:23.343+0530] {logging_mixin.py:188} INFO - [2026-04-22T12:21:23.343+0530] {dag.py:3954} INFO - Setting next_dagrun for example_trigger_controller_dag to 2021-01-01 00:00:00+00:00, run_after=2021-01-01 00:00:00+00:00
[2026-04-22T12:21:23.348+0530] {processor.py:183} INFO - Processing /Library/Frameworks/Python.framework/Versions/3.10/lib/python3.10/site-packages/airflow/example_dags/example_trigger_controller_dag.py took 0.045 seconds
[2026-04-22T12:22:18.803+0530] {processor.py:161} INFO - Started process (PID=72442) to work on /Library/Frameworks/Python.framework/Versions/3.10/lib/python3.10/site-packages/airflow/example_dags/example_trigger_controller_dag.py
[2026-04-22T12:22:18.804+0530] {processor.py:830} INFO - Processing file /Library/Frameworks/Python.framework/Versions/3.10/lib/python3.10/site-packages/airflow/example_dags/example_trigger_controller_dag.py for tasks to queue
[2026-04-22T12:22:18.804+0530] {logging_mixin.py:188} INFO - [2026-04-22T12:22:18.804+0530] {dagbag.py:545} INFO - Filling up the DagBag from /Library/Frameworks/Python.framework/Versions/3.10/lib/python3.10/site-packages/airflow/example_dags/example_trigger_controller_dag.py
[2026-04-22T12:22:18.808+0530] {processor.py:840} INFO - DAG(s) 'example_trigger_controller_dag' retrieved from /Library/Frameworks/Python.framework/Versions/3.10/lib/python3.10/site-packages/airflow/example_dags/example_trigger_controller_dag.py
[2026-04-22T12:22:18.839+0530] {logging_mixin.py:188} INFO - [2026-04-22T12:22:18.839+0530] {dag.py:3096} INFO - Sync 1 DAGs
[2026-04-22T12:22:18.844+0530] {logging_mixin.py:188} INFO - [2026-04-22T12:22:18.844+0530] {dag.py:3954} INFO - Setting next_dagrun for example_trigger_controller_dag to 2021-01-01 00:00:00+00:00, run_after=2021-01-01 00:00:00+00:00
[2026-04-22T12:22:18.849+0530] {processor.py:183} INFO - Processing /Library/Frameworks/Python.framework/Versions/3.10/lib/python3.10/site-packages/airflow/example_dags/example_trigger_controller_dag.py took 0.047 seconds
[2026-04-22T12:24:00.500+0530] {processor.py:161} INFO - Started process (PID=72575) to work on /Library/Frameworks/Python.framework/Versions/3.10/lib/python3.10/site-packages/airflow/example_dags/example_trigger_controller_dag.py
[2026-04-22T12:24:00.500+0530] {processor.py:830} INFO - Processing file /Library/Frameworks/Python.framework/Versions/3.10/lib/python3.10/site-packages/airflow/example_dags/example_trigger_controller_dag.py for tasks to queue
[2026-04-22T12:24:00.500+0530] {logging_mixin.py:188} INFO - [2026-04-22T12:24:00.500+0530] {dagbag.py:545} INFO - Filling up the DagBag from /Library/Frameworks/Python.framework/Versions/3.10/lib/python3.10/site-packages/airflow/example_dags/example_trigger_controller_dag.py
[2026-04-22T12:24:00.504+0530] {processor.py:840} INFO - DAG(s) 'example_trigger_controller_dag' retrieved from /Library/Frameworks/Python.framework/Versions/3.10/lib/python3.10/site-packages/airflow/example_dags/example_trigger_controller_dag.py
[2026-04-22T12:24:00.534+0530] {logging_mixin.py:188} INFO - [2026-04-22T12:24:00.534+0530] {dag.py:3096} INFO - Sync 1 DAGs
[2026-04-22T12:24:00.538+0530] {logging_mixin.py:188} INFO - [2026-04-22T12:24:00.538+0530] {dag.py:3954} INFO - Setting next_dagrun for example_trigger_controller_dag to 2021-01-01 00:00:00+00:00, run_after=2021-01-01 00:00:00+00:00
[2026-04-22T12:24:00.543+0530] {processor.py:183} INFO - Processing /Library/Frameworks/Python.framework/Versions/3.10/lib/python3.10/site-packages/airflow/example_dags/example_trigger_controller_dag.py took 0.044 seconds
[2026-04-22T12:25:44.051+0530] {processor.py:161} INFO - Started process (PID=72830) to work on /Library/Frameworks/Python.framework/Versions/3.10/lib/python3.10/site-packages/airflow/example_dags/example_trigger_controller_dag.py
[2026-04-22T12:25:44.052+0530] {processor.py:830} INFO - Processing file /Library/Frameworks/Python.framework/Versions/3.10/lib/python3.10/site-packages/airflow/example_dags/example_trigger_controller_dag.py for tasks to queue
[2026-04-22T12:25:44.052+0530] {logging_mixin.py:188} INFO - [2026-04-22T12:25:44.052+0530] {dagbag.py:545} INFO - Filling up the DagBag from /Library/Frameworks/Python.framework/Versions/3.10/lib/python3.10/site-packages/airflow/example_dags/example_trigger_controller_dag.py
[2026-04-22T12:25:44.056+0530] {processor.py:840} INFO - DAG(s) 'example_trigger_controller_dag' retrieved from /Library/Frameworks/Python.framework/Versions/3.10/lib/python3.10/site-packages/airflow/example_dags/example_trigger_controller_dag.py
[2026-04-22T12:25:44.089+0530] {logging_mixin.py:188} INFO - [2026-04-22T12:25:44.089+0530] {dag.py:3096} INFO - Sync 1 DAGs
[2026-04-22T12:25:44.094+0530] {logging_mixin.py:188} INFO - [2026-04-22T12:25:44.094+0530] {dag.py:3954} INFO - Setting next_dagrun for example_trigger_controller_dag to 2021-01-01 00:00:00+00:00, run_after=2021-01-01 00:00:00+00:00
[2026-04-22T12:25:44.099+0530] {processor.py:183} INFO - Processing /Library/Frameworks/Python.framework/Versions/3.10/lib/python3.10/site-packages/airflow/example_dags/example_trigger_controller_dag.py took 0.049 seconds
[2026-04-22T12:26:38.543+0530] {processor.py:161} INFO - Started process (PID=72912) to work on /Library/Frameworks/Python.framework/Versions/3.10/lib/python3.10/site-packages/airflow/example_dags/example_trigger_controller_dag.py
[2026-04-22T12:26:38.544+0530] {processor.py:830} INFO - Processing file /Library/Frameworks/Python.framework/Versions/3.10/lib/python3.10/site-packages/airflow/example_dags/example_trigger_controller_dag.py for tasks to queue
[2026-04-22T12:26:38.544+0530] {logging_mixin.py:188} INFO - [2026-04-22T12:26:38.544+0530] {dagbag.py:545} INFO - Filling up the DagBag from /Library/Frameworks/Python.framework/Versions/3.10/lib/python3.10/site-packages/airflow/example_dags/example_trigger_controller_dag.py
[2026-04-22T12:26:38.548+0530] {processor.py:840} INFO - DAG(s) 'example_trigger_controller_dag' retrieved from /Library/Frameworks/Python.framework/Versions/3.10/lib/python3.10/site-packages/airflow/example_dags/example_trigger_controller_dag.py
[2026-04-22T12:26:38.578+0530] {logging_mixin.py:188} INFO - [2026-04-22T12:26:38.578+0530] {dag.py:3096} INFO - Sync 1 DAGs
[2026-04-22T12:26:38.582+0530] {logging_mixin.py:188} INFO - [2026-04-22T12:26:38.582+0530] {dag.py:3954} INFO - Setting next_dagrun for example_trigger_controller_dag to 2021-01-01 00:00:00+00:00, run_after=2021-01-01 00:00:00+00:00
[2026-04-22T12:26:38.587+0530] {processor.py:183} INFO - Processing /Library/Frameworks/Python.framework/Versions/3.10/lib/python3.10/site-packages/airflow/example_dags/example_trigger_controller_dag.py took 0.045 seconds
[2026-04-22T12:28:27.631+0530] {processor.py:161} INFO - Started process (PID=73139) to work on /Library/Frameworks/Python.framework/Versions/3.10/lib/python3.10/site-packages/airflow/example_dags/example_trigger_controller_dag.py
[2026-04-22T12:28:27.632+0530] {processor.py:830} INFO - Processing file /Library/Frameworks/Python.framework/Versions/3.10/lib/python3.10/site-packages/airflow/example_dags/example_trigger_controller_dag.py for tasks to queue
[2026-04-22T12:28:27.632+0530] {logging_mixin.py:188} INFO - [2026-04-22T12:28:27.632+0530] {dagbag.py:545} INFO - Filling up the DagBag from /Library/Frameworks/Python.framework/Versions/3.10/lib/python3.10/site-packages/airflow/example_dags/example_trigger_controller_dag.py
[2026-04-22T12:28:27.636+0530] {processor.py:840} INFO - DAG(s) 'example_trigger_controller_dag' retrieved from /Library/Frameworks/Python.framework/Versions/3.10/lib/python3.10/site-packages/airflow/example_dags/example_trigger_controller_dag.py
[2026-04-22T12:28:27.668+0530] {logging_mixin.py:188} INFO - [2026-04-22T12:28:27.668+0530] {dag.py:3096} INFO - Sync 1 DAGs
[2026-04-22T12:28:27.672+0530] {logging_mixin.py:188} INFO - [2026-04-22T12:28:27.672+0530] {dag.py:3954} INFO - Setting next_dagrun for example_trigger_controller_dag to 2021-01-01 00:00:00+00:00, run_after=2021-01-01 00:00:00+00:00
[2026-04-22T12:28:27.677+0530] {processor.py:183} INFO - Processing /Library/Frameworks/Python.framework/Versions/3.10/lib/python3.10/site-packages/airflow/example_dags/example_trigger_controller_dag.py took 0.047 seconds
[2026-04-22T12:29:25.440+0530] {processor.py:161} INFO - Started process (PID=73227) to work on /Library/Frameworks/Python.framework/Versions/3.10/lib/python3.10/site-packages/airflow/example_dags/example_trigger_controller_dag.py
[2026-04-22T12:29:25.440+0530] {processor.py:830} INFO - Processing file /Library/Frameworks/Python.framework/Versions/3.10/lib/python3.10/site-packages/airflow/example_dags/example_trigger_controller_dag.py for tasks to queue
[2026-04-22T12:29:25.441+0530] {logging_mixin.py:188} INFO - [2026-04-22T12:29:25.441+0530] {dagbag.py:545} INFO - Filling up the DagBag from /Library/Frameworks/Python.framework/Versions/3.10/lib/python3.10/site-packages/airflow/example_dags/example_trigger_controller_dag.py
[2026-04-22T12:29:25.446+0530] {processor.py:840} INFO - DAG(s) 'example_trigger_controller_dag' retrieved from /Library/Frameworks/Python.framework/Versions/3.10/lib/python3.10/site-packages/airflow/example_dags/example_trigger_controller_dag.py
[2026-04-22T12:29:25.481+0530] {logging_mixin.py:188} INFO - [2026-04-22T12:29:25.481+0530] {dag.py:3096} INFO - Sync 1 DAGs
[2026-04-22T12:29:25.486+0530] {logging_mixin.py:188} INFO - [2026-04-22T12:29:25.486+0530] {dag.py:3954} INFO - Setting next_dagrun for example_trigger_controller_dag to 2021-01-01 00:00:00+00:00, run_after=2021-01-01 00:00:00+00:00
[2026-04-22T12:29:25.493+0530] {processor.py:183} INFO - Processing /Library/Frameworks/Python.framework/Versions/3.10/lib/python3.10/site-packages/airflow/example_dags/example_trigger_controller_dag.py took 0.054 seconds
[2026-04-22T12:30:18.308+0530] {processor.py:161} INFO - Started process (PID=73355) to work on /Library/Frameworks/Python.framework/Versions/3.10/lib/python3.10/site-packages/airflow/example_dags/example_trigger_controller_dag.py
[2026-04-22T12:30:18.310+0530] {processor.py:830} INFO - Processing file /Library/Frameworks/Python.framework/Versions/3.10/lib/python3.10/site-packages/airflow/example_dags/example_trigger_controller_dag.py for tasks to queue
[2026-04-22T12:30:18.311+0530] {logging_mixin.py:188} INFO - [2026-04-22T12:30:18.311+0530] {dagbag.py:545} INFO - Filling up the DagBag from /Library/Frameworks/Python.framework/Versions/3.10/lib/python3.10/site-packages/airflow/example_dags/example_trigger_controller_dag.py
[2026-04-22T12:30:18.320+0530] {processor.py:840} INFO - DAG(s) 'example_trigger_controller_dag' retrieved from /Library/Frameworks/Python.framework/Versions/3.10/lib/python3.10/site-packages/airflow/example_dags/example_trigger_controller_dag.py
[2026-04-22T12:30:18.355+0530] {logging_mixin.py:188} INFO - [2026-04-22T12:30:18.355+0530] {dag.py:3096} INFO - Sync 1 DAGs
[2026-04-22T12:30:18.361+0530] {logging_mixin.py:188} INFO - [2026-04-22T12:30:18.361+0530] {dag.py:3954} INFO - Setting next_dagrun for example_trigger_controller_dag to 2021-01-01 00:00:00+00:00, run_after=2021-01-01 00:00:00+00:00
[2026-04-22T12:30:18.366+0530] {processor.py:183} INFO - Processing /Library/Frameworks/Python.framework/Versions/3.10/lib/python3.10/site-packages/airflow/example_dags/example_trigger_controller_dag.py took 0.060 seconds
[2026-04-22T12:31:13.895+0530] {processor.py:161} INFO - Started process (PID=73475) to work on /Library/Frameworks/Python.framework/Versions/3.10/lib/python3.10/site-packages/airflow/example_dags/example_trigger_controller_dag.py
[2026-04-22T12:31:13.896+0530] {processor.py:830} INFO - Processing file /Library/Frameworks/Python.framework/Versions/3.10/lib/python3.10/site-packages/airflow/example_dags/example_trigger_controller_dag.py for tasks to queue
[2026-04-22T12:31:13.896+0530] {logging_mixin.py:188} INFO - [2026-04-22T12:31:13.896+0530] {dagbag.py:545} INFO - Filling up the DagBag from /Library/Frameworks/Python.framework/Versions/3.10/lib/python3.10/site-packages/airflow/example_dags/example_trigger_controller_dag.py
[2026-04-22T12:31:13.900+0530] {processor.py:840} INFO - DAG(s) 'example_trigger_controller_dag' retrieved from /Library/Frameworks/Python.framework/Versions/3.10/lib/python3.10/site-packages/airflow/example_dags/example_trigger_controller_dag.py
[2026-04-22T12:31:13.929+0530] {logging_mixin.py:188} INFO - [2026-04-22T12:31:13.929+0530] {dag.py:3096} INFO - Sync 1 DAGs
[2026-04-22T12:31:13.934+0530] {logging_mixin.py:188} INFO - [2026-04-22T12:31:13.933+0530] {dag.py:3954} INFO - Setting next_dagrun for example_trigger_controller_dag to 2021-01-01 00:00:00+00:00, run_after=2021-01-01 00:00:00+00:00
[2026-04-22T12:31:13.938+0530] {processor.py:183} INFO - Processing /Library/Frameworks/Python.framework/Versions/3.10/lib/python3.10/site-packages/airflow/example_dags/example_trigger_controller_dag.py took 0.045 seconds
[2026-04-22T12:32:08.850+0530] {processor.py:161} INFO - Started process (PID=73586) to work on /Library/Frameworks/Python.framework/Versions/3.10/lib/python3.10/site-packages/airflow/example_dags/example_trigger_controller_dag.py
[2026-04-22T12:32:08.851+0530] {processor.py:830} INFO - Processing file /Library/Frameworks/Python.framework/Versions/3.10/lib/python3.10/site-packages/airflow/example_dags/example_trigger_controller_dag.py for tasks to queue
[2026-04-22T12:32:08.851+0530] {logging_mixin.py:188} INFO - [2026-04-22T12:32:08.851+0530] {dagbag.py:545} INFO - Filling up the DagBag from /Library/Frameworks/Python.framework/Versions/3.10/lib/python3.10/site-packages/airflow/example_dags/example_trigger_controller_dag.py
[2026-04-22T12:32:08.855+0530] {processor.py:840} INFO - DAG(s) 'example_trigger_controller_dag' retrieved from /Library/Frameworks/Python.framework/Versions/3.10/lib/python3.10/site-packages/airflow/example_dags/example_trigger_controller_dag.py
[2026-04-22T12:32:08.886+0530] {logging_mixin.py:188} INFO - [2026-04-22T12:32:08.886+0530] {dag.py:3096} INFO - Sync 1 DAGs
[2026-04-22T12:32:08.890+0530] {logging_mixin.py:188} INFO - [2026-04-22T12:32:08.890+0530] {dag.py:3954} INFO - Setting next_dagrun for example_trigger_controller_dag to 2021-01-01 00:00:00+00:00, run_after=2021-01-01 00:00:00+00:00
[2026-04-22T12:32:08.895+0530] {processor.py:183} INFO - Processing /Library/Frameworks/Python.framework/Versions/3.10/lib/python3.10/site-packages/airflow/example_dags/example_trigger_controller_dag.py took 0.046 seconds
[2026-04-22T12:33:53.386+0530] {processor.py:161} INFO - Started process (PID=73754) to work on /Library/Frameworks/Python.framework/Versions/3.10/lib/python3.10/site-packages/airflow/example_dags/example_trigger_controller_dag.py
[2026-04-22T12:33:53.387+0530] {processor.py:830} INFO - Processing file /Library/Frameworks/Python.framework/Versions/3.10/lib/python3.10/site-packages/airflow/example_dags/example_trigger_controller_dag.py for tasks to queue
[2026-04-22T12:33:53.387+0530] {logging_mixin.py:188} INFO - [2026-04-22T12:33:53.387+0530] {dagbag.py:545} INFO - Filling up the DagBag from /Library/Frameworks/Python.framework/Versions/3.10/lib/python3.10/site-packages/airflow/example_dags/example_trigger_controller_dag.py
[2026-04-22T12:33:53.391+0530] {processor.py:840} INFO - DAG(s) 'example_trigger_controller_dag' retrieved from /Library/Frameworks/Python.framework/Versions/3.10/lib/python3.10/site-packages/airflow/example_dags/example_trigger_controller_dag.py
[2026-04-22T12:33:53.423+0530] {logging_mixin.py:188} INFO - [2026-04-22T12:33:53.423+0530] {dag.py:3096} INFO - Sync 1 DAGs
[2026-04-22T12:33:53.430+0530] {logging_mixin.py:188} INFO - [2026-04-22T12:33:53.430+0530] {dag.py:3954} INFO - Setting next_dagrun for example_trigger_controller_dag to 2021-01-01 00:00:00+00:00, run_after=2021-01-01 00:00:00+00:00
[2026-04-22T12:33:53.435+0530] {processor.py:183} INFO - Processing /Library/Frameworks/Python.framework/Versions/3.10/lib/python3.10/site-packages/airflow/example_dags/example_trigger_controller_dag.py took 0.050 seconds
[2026-04-22T12:35:37.337+0530] {processor.py:161} INFO - Started process (PID=73892) to work on /Library/Frameworks/Python.framework/Versions/3.10/lib/python3.10/site-packages/airflow/example_dags/example_trigger_controller_dag.py
[2026-04-22T12:35:37.338+0530] {processor.py:830} INFO - Processing file /Library/Frameworks/Python.framework/Versions/3.10/lib/python3.10/site-packages/airflow/example_dags/example_trigger_controller_dag.py for tasks to queue
[2026-04-22T12:35:37.338+0530] {logging_mixin.py:188} INFO - [2026-04-22T12:35:37.338+0530] {dagbag.py:545} INFO - Filling up the DagBag from /Library/Frameworks/Python.framework/Versions/3.10/lib/python3.10/site-packages/airflow/example_dags/example_trigger_controller_dag.py
[2026-04-22T12:35:37.342+0530] {processor.py:840} INFO - DAG(s) 'example_trigger_controller_dag' retrieved from /Library/Frameworks/Python.framework/Versions/3.10/lib/python3.10/site-packages/airflow/example_dags/example_trigger_controller_dag.py
[2026-04-22T12:35:37.372+0530] {logging_mixin.py:188} INFO - [2026-04-22T12:35:37.372+0530] {dag.py:3096} INFO - Sync 1 DAGs
[2026-04-22T12:35:37.377+0530] {logging_mixin.py:188} INFO - [2026-04-22T12:35:37.377+0530] {dag.py:3954} INFO - Setting next_dagrun for example_trigger_controller_dag to 2021-01-01 00:00:00+00:00, run_after=2021-01-01 00:00:00+00:00
[2026-04-22T12:35:37.382+0530] {processor.py:183} INFO - Processing /Library/Frameworks/Python.framework/Versions/3.10/lib/python3.10/site-packages/airflow/example_dags/example_trigger_controller_dag.py took 0.046 seconds
[2026-04-22T12:37:20.125+0530] {processor.py:161} INFO - Started process (PID=74011) to work on /Library/Frameworks/Python.framework/Versions/3.10/lib/python3.10/site-packages/airflow/example_dags/example_trigger_controller_dag.py
[2026-04-22T12:37:20.126+0530] {processor.py:830} INFO - Processing file /Library/Frameworks/Python.framework/Versions/3.10/lib/python3.10/site-packages/airflow/example_dags/example_trigger_controller_dag.py for tasks to queue
[2026-04-22T12:37:20.126+0530] {logging_mixin.py:188} INFO - [2026-04-22T12:37:20.126+0530] {dagbag.py:545} INFO - Filling up the DagBag from /Library/Frameworks/Python.framework/Versions/3.10/lib/python3.10/site-packages/airflow/example_dags/example_trigger_controller_dag.py
[2026-04-22T12:37:20.131+0530] {processor.py:840} INFO - DAG(s) 'example_trigger_controller_dag' retrieved from /Library/Frameworks/Python.framework/Versions/3.10/lib/python3.10/site-packages/airflow/example_dags/example_trigger_controller_dag.py
[2026-04-22T12:37:20.164+0530] {logging_mixin.py:188} INFO - [2026-04-22T12:37:20.164+0530] {dag.py:3096} INFO - Sync 1 DAGs
[2026-04-22T12:37:20.169+0530] {logging_mixin.py:188} INFO - [2026-04-22T12:37:20.169+0530] {dag.py:3954} INFO - Setting next_dagrun for example_trigger_controller_dag to 2021-01-01 00:00:00+00:00, run_after=2021-01-01 00:00:00+00:00
[2026-04-22T12:37:20.174+0530] {processor.py:183} INFO - Processing /Library/Frameworks/Python.framework/Versions/3.10/lib/python3.10/site-packages/airflow/example_dags/example_trigger_controller_dag.py took 0.050 seconds
[2026-04-22T12:38:17.045+0530] {processor.py:161} INFO - Started process (PID=74077) to work on /Library/Frameworks/Python.framework/Versions/3.10/lib/python3.10/site-packages/airflow/example_dags/example_trigger_controller_dag.py
[2026-04-22T12:38:17.046+0530] {processor.py:830} INFO - Processing file /Library/Frameworks/Python.framework/Versions/3.10/lib/python3.10/site-packages/airflow/example_dags/example_trigger_controller_dag.py for tasks to queue
[2026-04-22T12:38:17.046+0530] {logging_mixin.py:188} INFO - [2026-04-22T12:38:17.046+0530] {dagbag.py:545} INFO - Filling up the DagBag from /Library/Frameworks/Python.framework/Versions/3.10/lib/python3.10/site-packages/airflow/example_dags/example_trigger_controller_dag.py
[2026-04-22T12:38:17.050+0530] {processor.py:840} INFO - DAG(s) 'example_trigger_controller_dag' retrieved from /Library/Frameworks/Python.framework/Versions/3.10/lib/python3.10/site-packages/airflow/example_dags/example_trigger_controller_dag.py
[2026-04-22T12:38:17.085+0530] {logging_mixin.py:188} INFO - [2026-04-22T12:38:17.085+0530] {dag.py:3096} INFO - Sync 1 DAGs
[2026-04-22T12:38:17.090+0530] {logging_mixin.py:188} INFO - [2026-04-22T12:38:17.090+0530] {dag.py:3954} INFO - Setting next_dagrun for example_trigger_controller_dag to 2021-01-01 00:00:00+00:00, run_after=2021-01-01 00:00:00+00:00
[2026-04-22T12:38:17.096+0530] {processor.py:183} INFO - Processing /Library/Frameworks/Python.framework/Versions/3.10/lib/python3.10/site-packages/airflow/example_dags/example_trigger_controller_dag.py took 0.051 seconds
[2026-04-22T12:39:17.291+0530] {processor.py:161} INFO - Started process (PID=74143) to work on /Library/Frameworks/Python.framework/Versions/3.10/lib/python3.10/site-packages/airflow/example_dags/example_trigger_controller_dag.py
[2026-04-22T12:39:17.291+0530] {processor.py:830} INFO - Processing file /Library/Frameworks/Python.framework/Versions/3.10/lib/python3.10/site-packages/airflow/example_dags/example_trigger_controller_dag.py for tasks to queue
[2026-04-22T12:39:17.291+0530] {logging_mixin.py:188} INFO - [2026-04-22T12:39:17.291+0530] {dagbag.py:545} INFO - Filling up the DagBag from /Library/Frameworks/Python.framework/Versions/3.10/lib/python3.10/site-packages/airflow/example_dags/example_trigger_controller_dag.py
[2026-04-22T12:39:17.295+0530] {processor.py:840} INFO - DAG(s) 'example_trigger_controller_dag' retrieved from /Library/Frameworks/Python.framework/Versions/3.10/lib/python3.10/site-packages/airflow/example_dags/example_trigger_controller_dag.py
[2026-04-22T12:39:17.325+0530] {logging_mixin.py:188} INFO - [2026-04-22T12:39:17.325+0530] {dag.py:3096} INFO - Sync 1 DAGs
[2026-04-22T12:39:17.329+0530] {logging_mixin.py:188} INFO - [2026-04-22T12:39:17.329+0530] {dag.py:3954} INFO - Setting next_dagrun for example_trigger_controller_dag to 2021-01-01 00:00:00+00:00, run_after=2021-01-01 00:00:00+00:00
[2026-04-22T12:39:17.334+0530] {processor.py:183} INFO - Processing /Library/Frameworks/Python.framework/Versions/3.10/lib/python3.10/site-packages/airflow/example_dags/example_trigger_controller_dag.py took 0.044 seconds
[2026-04-22T12:40:17.349+0530] {processor.py:161} INFO - Started process (PID=74217) to work on /Library/Frameworks/Python.framework/Versions/3.10/lib/python3.10/site-packages/airflow/example_dags/example_trigger_controller_dag.py
[2026-04-22T12:40:17.349+0530] {processor.py:830} INFO - Processing file /Library/Frameworks/Python.framework/Versions/3.10/lib/python3.10/site-packages/airflow/example_dags/example_trigger_controller_dag.py for tasks to queue
[2026-04-22T12:40:17.350+0530] {logging_mixin.py:188} INFO - [2026-04-22T12:40:17.350+0530] {dagbag.py:545} INFO - Filling up the DagBag from /Library/Frameworks/Python.framework/Versions/3.10/lib/python3.10/site-packages/airflow/example_dags/example_trigger_controller_dag.py
[2026-04-22T12:40:17.354+0530] {processor.py:840} INFO - DAG(s) 'example_trigger_controller_dag' retrieved from /Library/Frameworks/Python.framework/Versions/3.10/lib/python3.10/site-packages/airflow/example_dags/example_trigger_controller_dag.py
[2026-04-22T12:40:17.385+0530] {logging_mixin.py:188} INFO - [2026-04-22T12:40:17.385+0530] {dag.py:3096} INFO - Sync 1 DAGs
[2026-04-22T12:40:17.389+0530] {logging_mixin.py:188} INFO - [2026-04-22T12:40:17.389+0530] {dag.py:3954} INFO - Setting next_dagrun for example_trigger_controller_dag to 2021-01-01 00:00:00+00:00, run_after=2021-01-01 00:00:00+00:00
[2026-04-22T12:40:17.394+0530] {processor.py:183} INFO - Processing /Library/Frameworks/Python.framework/Versions/3.10/lib/python3.10/site-packages/airflow/example_dags/example_trigger_controller_dag.py took 0.047 seconds
[2026-04-22T12:41:17.812+0530] {processor.py:161} INFO - Started process (PID=74288) to work on /Library/Frameworks/Python.framework/Versions/3.10/lib/python3.10/site-packages/airflow/example_dags/example_trigger_controller_dag.py
[2026-04-22T12:41:17.813+0530] {processor.py:830} INFO - Processing file /Library/Frameworks/Python.framework/Versions/3.10/lib/python3.10/site-packages/airflow/example_dags/example_trigger_controller_dag.py for tasks to queue
[2026-04-22T12:41:17.813+0530] {logging_mixin.py:188} INFO - [2026-04-22T12:41:17.813+0530] {dagbag.py:545} INFO - Filling up the DagBag from /Library/Frameworks/Python.framework/Versions/3.10/lib/python3.10/site-packages/airflow/example_dags/example_trigger_controller_dag.py
[2026-04-22T12:41:17.817+0530] {processor.py:840} INFO - DAG(s) 'example_trigger_controller_dag' retrieved from /Library/Frameworks/Python.framework/Versions/3.10/lib/python3.10/site-packages/airflow/example_dags/example_trigger_controller_dag.py
[2026-04-22T12:41:17.850+0530] {logging_mixin.py:188} INFO - [2026-04-22T12:41:17.850+0530] {dag.py:3096} INFO - Sync 1 DAGs
[2026-04-22T12:41:17.856+0530] {logging_mixin.py:188} INFO - [2026-04-22T12:41:17.856+0530] {dag.py:3954} INFO - Setting next_dagrun for example_trigger_controller_dag to 2021-01-01 00:00:00+00:00, run_after=2021-01-01 00:00:00+00:00
[2026-04-22T12:41:17.861+0530] {processor.py:183} INFO - Processing /Library/Frameworks/Python.framework/Versions/3.10/lib/python3.10/site-packages/airflow/example_dags/example_trigger_controller_dag.py took 0.050 seconds
[2026-04-22T12:42:15.090+0530] {processor.py:161} INFO - Started process (PID=74354) to work on /Library/Frameworks/Python.framework/Versions/3.10/lib/python3.10/site-packages/airflow/example_dags/example_trigger_controller_dag.py
[2026-04-22T12:42:15.090+0530] {processor.py:830} INFO - Processing file /Library/Frameworks/Python.framework/Versions/3.10/lib/python3.10/site-packages/airflow/example_dags/example_trigger_controller_dag.py for tasks to queue
[2026-04-22T12:42:15.090+0530] {logging_mixin.py:188} INFO - [2026-04-22T12:42:15.090+0530] {dagbag.py:545} INFO - Filling up the DagBag from /Library/Frameworks/Python.framework/Versions/3.10/lib/python3.10/site-packages/airflow/example_dags/example_trigger_controller_dag.py
[2026-04-22T12:42:15.094+0530] {processor.py:840} INFO - DAG(s) 'example_trigger_controller_dag' retrieved from /Library/Frameworks/Python.framework/Versions/3.10/lib/python3.10/site-packages/airflow/example_dags/example_trigger_controller_dag.py
[2026-04-22T12:42:15.125+0530] {logging_mixin.py:188} INFO - [2026-04-22T12:42:15.125+0530] {dag.py:3096} INFO - Sync 1 DAGs
[2026-04-22T12:42:15.130+0530] {logging_mixin.py:188} INFO - [2026-04-22T12:42:15.130+0530] {dag.py:3954} INFO - Setting next_dagrun for example_trigger_controller_dag to 2021-01-01 00:00:00+00:00, run_after=2021-01-01 00:00:00+00:00
[2026-04-22T12:42:15.135+0530] {processor.py:183} INFO - Processing /Library/Frameworks/Python.framework/Versions/3.10/lib/python3.10/site-packages/airflow/example_dags/example_trigger_controller_dag.py took 0.046 seconds
