[2026-04-22T07:21:44.189+0530] {processor.py:161} INFO - Started process (PID=68741) to work on /Library/Frameworks/Python.framework/Versions/3.10/lib/python3.10/site-packages/airflow/example_dags/example_python_operator.py
[2026-04-22T07:21:44.189+0530] {processor.py:830} INFO - Processing file /Library/Frameworks/Python.framework/Versions/3.10/lib/python3.10/site-packages/airflow/example_dags/example_python_operator.py for tasks to queue
[2026-04-22T07:21:44.190+0530] {logging_mixin.py:188} INFO - [2026-04-22T07:21:44.189+0530] {dagbag.py:545} INFO - Filling up the DagBag from /Library/Frameworks/Python.framework/Versions/3.10/lib/python3.10/site-packages/airflow/example_dags/example_python_operator.py
[2026-04-22T07:21:44.198+0530] {logging_mixin.py:188} INFO - [2026-04-22T07:21:44.198+0530] {example_python_operator.py:93} WARNING - The virtalenv_python example task requires virtualenv, please install it.
[2026-04-22T07:21:44.199+0530] {processor.py:840} INFO - DAG(s) 'example_python_operator' retrieved from /Library/Frameworks/Python.framework/Versions/3.10/lib/python3.10/site-packages/airflow/example_dags/example_python_operator.py
[2026-04-22T07:21:44.233+0530] {logging_mixin.py:188} INFO - [2026-04-22T07:21:44.233+0530] {dag.py:3096} INFO - Sync 1 DAGs
[2026-04-22T07:21:44.236+0530] {logging_mixin.py:188} INFO - [2026-04-22T07:21:44.236+0530] {dag.py:3954} INFO - Setting next_dagrun for example_python_operator to None, run_after=None
[2026-04-22T07:21:44.242+0530] {processor.py:183} INFO - Processing /Library/Frameworks/Python.framework/Versions/3.10/lib/python3.10/site-packages/airflow/example_dags/example_python_operator.py took 0.054 seconds
[2026-04-22T11:47:29.925+0530] {processor.py:161} INFO - Started process (PID=69305) to work on /Library/Frameworks/Python.framework/Versions/3.10/lib/python3.10/site-packages/airflow/example_dags/example_python_operator.py
[2026-04-22T11:47:29.926+0530] {processor.py:830} INFO - Processing file /Library/Frameworks/Python.framework/Versions/3.10/lib/python3.10/site-packages/airflow/example_dags/example_python_operator.py for tasks to queue
[2026-04-22T11:47:29.926+0530] {logging_mixin.py:188} INFO - [2026-04-22T11:47:29.926+0530] {dagbag.py:545} INFO - Filling up the DagBag from /Library/Frameworks/Python.framework/Versions/3.10/lib/python3.10/site-packages/airflow/example_dags/example_python_operator.py
[2026-04-22T11:47:29.935+0530] {logging_mixin.py:188} INFO - [2026-04-22T11:47:29.934+0530] {example_python_operator.py:93} WARNING - The virtalenv_python example task requires virtualenv, please install it.
[2026-04-22T11:47:29.936+0530] {processor.py:840} INFO - DAG(s) 'example_python_operator' retrieved from /Library/Frameworks/Python.framework/Versions/3.10/lib/python3.10/site-packages/airflow/example_dags/example_python_operator.py
[2026-04-22T11:47:29.970+0530] {logging_mixin.py:188} INFO - [2026-04-22T11:47:29.970+0530] {dag.py:3096} INFO - Sync 1 DAGs
[2026-04-22T11:47:29.973+0530] {logging_mixin.py:188} INFO - [2026-04-22T11:47:29.973+0530] {dag.py:3954} INFO - Setting next_dagrun for example_python_operator to None, run_after=None
[2026-04-22T11:47:29.979+0530] {processor.py:183} INFO - Processing /Library/Frameworks/Python.framework/Versions/3.10/lib/python3.10/site-packages/airflow/example_dags/example_python_operator.py took 0.055 seconds
[2026-04-22T11:48:18.360+0530] {processor.py:161} INFO - Started process (PID=69394) to work on /Library/Frameworks/Python.framework/Versions/3.10/lib/python3.10/site-packages/airflow/example_dags/example_python_operator.py
[2026-04-22T11:48:18.361+0530] {processor.py:830} INFO - Processing file /Library/Frameworks/Python.framework/Versions/3.10/lib/python3.10/site-packages/airflow/example_dags/example_python_operator.py for tasks to queue
[2026-04-22T11:48:18.361+0530] {logging_mixin.py:188} INFO - [2026-04-22T11:48:18.361+0530] {dagbag.py:545} INFO - Filling up the DagBag from /Library/Frameworks/Python.framework/Versions/3.10/lib/python3.10/site-packages/airflow/example_dags/example_python_operator.py
[2026-04-22T11:48:18.369+0530] {logging_mixin.py:188} INFO - [2026-04-22T11:48:18.369+0530] {example_python_operator.py:93} WARNING - The virtalenv_python example task requires virtualenv, please install it.
[2026-04-22T11:48:18.370+0530] {processor.py:840} INFO - DAG(s) 'example_python_operator' retrieved from /Library/Frameworks/Python.framework/Versions/3.10/lib/python3.10/site-packages/airflow/example_dags/example_python_operator.py
[2026-04-22T11:48:18.404+0530] {logging_mixin.py:188} INFO - [2026-04-22T11:48:18.403+0530] {dag.py:3096} INFO - Sync 1 DAGs
[2026-04-22T11:48:18.406+0530] {logging_mixin.py:188} INFO - [2026-04-22T11:48:18.406+0530] {dag.py:3954} INFO - Setting next_dagrun for example_python_operator to None, run_after=None
[2026-04-22T11:48:18.412+0530] {processor.py:183} INFO - Processing /Library/Frameworks/Python.framework/Versions/3.10/lib/python3.10/site-packages/airflow/example_dags/example_python_operator.py took 0.053 seconds
[2026-04-22T11:49:07.322+0530] {processor.py:161} INFO - Started process (PID=69470) to work on /Library/Frameworks/Python.framework/Versions/3.10/lib/python3.10/site-packages/airflow/example_dags/example_python_operator.py
[2026-04-22T11:49:07.322+0530] {processor.py:830} INFO - Processing file /Library/Frameworks/Python.framework/Versions/3.10/lib/python3.10/site-packages/airflow/example_dags/example_python_operator.py for tasks to queue
[2026-04-22T11:49:07.323+0530] {logging_mixin.py:188} INFO - [2026-04-22T11:49:07.323+0530] {dagbag.py:545} INFO - Filling up the DagBag from /Library/Frameworks/Python.framework/Versions/3.10/lib/python3.10/site-packages/airflow/example_dags/example_python_operator.py
[2026-04-22T11:49:07.330+0530] {logging_mixin.py:188} INFO - [2026-04-22T11:49:07.330+0530] {example_python_operator.py:93} WARNING - The virtalenv_python example task requires virtualenv, please install it.
[2026-04-22T11:49:07.331+0530] {processor.py:840} INFO - DAG(s) 'example_python_operator' retrieved from /Library/Frameworks/Python.framework/Versions/3.10/lib/python3.10/site-packages/airflow/example_dags/example_python_operator.py
[2026-04-22T11:49:07.363+0530] {logging_mixin.py:188} INFO - [2026-04-22T11:49:07.363+0530] {dag.py:3096} INFO - Sync 1 DAGs
[2026-04-22T11:49:07.366+0530] {logging_mixin.py:188} INFO - [2026-04-22T11:49:07.366+0530] {dag.py:3954} INFO - Setting next_dagrun for example_python_operator to None, run_after=None
[2026-04-22T11:49:07.371+0530] {processor.py:183} INFO - Processing /Library/Frameworks/Python.framework/Versions/3.10/lib/python3.10/site-packages/airflow/example_dags/example_python_operator.py took 0.050 seconds
[2026-04-22T11:50:02.945+0530] {processor.py:161} INFO - Started process (PID=69563) to work on /Library/Frameworks/Python.framework/Versions/3.10/lib/python3.10/site-packages/airflow/example_dags/example_python_operator.py
[2026-04-22T11:50:02.946+0530] {processor.py:830} INFO - Processing file /Library/Frameworks/Python.framework/Versions/3.10/lib/python3.10/site-packages/airflow/example_dags/example_python_operator.py for tasks to queue
[2026-04-22T11:50:02.946+0530] {logging_mixin.py:188} INFO - [2026-04-22T11:50:02.946+0530] {dagbag.py:545} INFO - Filling up the DagBag from /Library/Frameworks/Python.framework/Versions/3.10/lib/python3.10/site-packages/airflow/example_dags/example_python_operator.py
[2026-04-22T11:50:02.954+0530] {logging_mixin.py:188} INFO - [2026-04-22T11:50:02.954+0530] {example_python_operator.py:93} WARNING - The virtalenv_python example task requires virtualenv, please install it.
[2026-04-22T11:50:02.955+0530] {processor.py:840} INFO - DAG(s) 'example_python_operator' retrieved from /Library/Frameworks/Python.framework/Versions/3.10/lib/python3.10/site-packages/airflow/example_dags/example_python_operator.py
[2026-04-22T11:50:02.987+0530] {logging_mixin.py:188} INFO - [2026-04-22T11:50:02.987+0530] {dag.py:3096} INFO - Sync 1 DAGs
[2026-04-22T11:50:02.990+0530] {logging_mixin.py:188} INFO - [2026-04-22T11:50:02.990+0530] {dag.py:3954} INFO - Setting next_dagrun for example_python_operator to None, run_after=None
[2026-04-22T11:50:02.996+0530] {processor.py:183} INFO - Processing /Library/Frameworks/Python.framework/Versions/3.10/lib/python3.10/site-packages/airflow/example_dags/example_python_operator.py took 0.052 seconds
[2026-04-22T11:50:58.472+0530] {processor.py:161} INFO - Started process (PID=69694) to work on /Library/Frameworks/Python.framework/Versions/3.10/lib/python3.10/site-packages/airflow/example_dags/example_python_operator.py
[2026-04-22T11:50:58.473+0530] {processor.py:830} INFO - Processing file /Library/Frameworks/Python.framework/Versions/3.10/lib/python3.10/site-packages/airflow/example_dags/example_python_operator.py for tasks to queue
[2026-04-22T11:50:58.473+0530] {logging_mixin.py:188} INFO - [2026-04-22T11:50:58.473+0530] {dagbag.py:545} INFO - Filling up the DagBag from /Library/Frameworks/Python.framework/Versions/3.10/lib/python3.10/site-packages/airflow/example_dags/example_python_operator.py
[2026-04-22T11:50:58.481+0530] {logging_mixin.py:188} INFO - [2026-04-22T11:50:58.481+0530] {example_python_operator.py:93} WARNING - The virtalenv_python example task requires virtualenv, please install it.
[2026-04-22T11:50:58.482+0530] {processor.py:840} INFO - DAG(s) 'example_python_operator' retrieved from /Library/Frameworks/Python.framework/Versions/3.10/lib/python3.10/site-packages/airflow/example_dags/example_python_operator.py
[2026-04-22T11:50:58.514+0530] {logging_mixin.py:188} INFO - [2026-04-22T11:50:58.513+0530] {dag.py:3096} INFO - Sync 1 DAGs
[2026-04-22T11:50:58.516+0530] {logging_mixin.py:188} INFO - [2026-04-22T11:50:58.516+0530] {dag.py:3954} INFO - Setting next_dagrun for example_python_operator to None, run_after=None
[2026-04-22T11:50:58.521+0530] {processor.py:183} INFO - Processing /Library/Frameworks/Python.framework/Versions/3.10/lib/python3.10/site-packages/airflow/example_dags/example_python_operator.py took 0.051 seconds
[2026-04-22T12:10:51.458+0530] {processor.py:161} INFO - Started process (PID=70964) to work on /Library/Frameworks/Python.framework/Versions/3.10/lib/python3.10/site-packages/airflow/example_dags/example_python_operator.py
[2026-04-22T12:10:51.459+0530] {processor.py:830} INFO - Processing file /Library/Frameworks/Python.framework/Versions/3.10/lib/python3.10/site-packages/airflow/example_dags/example_python_operator.py for tasks to queue
[2026-04-22T12:10:51.459+0530] {logging_mixin.py:188} INFO - [2026-04-22T12:10:51.459+0530] {dagbag.py:545} INFO - Filling up the DagBag from /Library/Frameworks/Python.framework/Versions/3.10/lib/python3.10/site-packages/airflow/example_dags/example_python_operator.py
[2026-04-22T12:10:51.470+0530] {logging_mixin.py:188} INFO - [2026-04-22T12:10:51.470+0530] {example_python_operator.py:93} WARNING - The virtalenv_python example task requires virtualenv, please install it.
[2026-04-22T12:10:51.473+0530] {processor.py:840} INFO - DAG(s) 'example_python_operator' retrieved from /Library/Frameworks/Python.framework/Versions/3.10/lib/python3.10/site-packages/airflow/example_dags/example_python_operator.py
[2026-04-22T12:10:51.513+0530] {logging_mixin.py:188} INFO - [2026-04-22T12:10:51.513+0530] {dag.py:3096} INFO - Sync 1 DAGs
[2026-04-22T12:10:51.517+0530] {logging_mixin.py:188} INFO - [2026-04-22T12:10:51.517+0530] {dag.py:3954} INFO - Setting next_dagrun for example_python_operator to None, run_after=None
[2026-04-22T12:10:51.523+0530] {processor.py:183} INFO - Processing /Library/Frameworks/Python.framework/Versions/3.10/lib/python3.10/site-packages/airflow/example_dags/example_python_operator.py took 0.066 seconds
[2026-04-22T12:15:31.800+0530] {processor.py:161} INFO - Started process (PID=71307) to work on /Library/Frameworks/Python.framework/Versions/3.10/lib/python3.10/site-packages/airflow/example_dags/example_python_operator.py
[2026-04-22T12:15:31.801+0530] {processor.py:830} INFO - Processing file /Library/Frameworks/Python.framework/Versions/3.10/lib/python3.10/site-packages/airflow/example_dags/example_python_operator.py for tasks to queue
[2026-04-22T12:15:31.801+0530] {logging_mixin.py:188} INFO - [2026-04-22T12:15:31.801+0530] {dagbag.py:545} INFO - Filling up the DagBag from /Library/Frameworks/Python.framework/Versions/3.10/lib/python3.10/site-packages/airflow/example_dags/example_python_operator.py
[2026-04-22T12:15:31.809+0530] {logging_mixin.py:188} INFO - [2026-04-22T12:15:31.809+0530] {example_python_operator.py:93} WARNING - The virtalenv_python example task requires virtualenv, please install it.
[2026-04-22T12:15:31.811+0530] {processor.py:840} INFO - DAG(s) 'example_python_operator' retrieved from /Library/Frameworks/Python.framework/Versions/3.10/lib/python3.10/site-packages/airflow/example_dags/example_python_operator.py
[2026-04-22T12:15:31.843+0530] {logging_mixin.py:188} INFO - [2026-04-22T12:15:31.843+0530] {dag.py:3096} INFO - Sync 1 DAGs
[2026-04-22T12:15:31.846+0530] {logging_mixin.py:188} INFO - [2026-04-22T12:15:31.846+0530] {dag.py:3954} INFO - Setting next_dagrun for example_python_operator to None, run_after=None
[2026-04-22T12:15:31.851+0530] {processor.py:183} INFO - Processing /Library/Frameworks/Python.framework/Versions/3.10/lib/python3.10/site-packages/airflow/example_dags/example_python_operator.py took 0.052 seconds
[2026-04-22T12:19:08.613+0530] {processor.py:161} INFO - Started process (PID=71599) to work on /Library/Frameworks/Python.framework/Versions/3.10/lib/python3.10/site-packages/airflow/example_dags/example_python_operator.py
[2026-04-22T12:19:08.614+0530] {processor.py:830} INFO - Processing file /Library/Frameworks/Python.framework/Versions/3.10/lib/python3.10/site-packages/airflow/example_dags/example_python_operator.py for tasks to queue
[2026-04-22T12:19:08.614+0530] {logging_mixin.py:188} INFO - [2026-04-22T12:19:08.614+0530] {dagbag.py:545} INFO - Filling up the DagBag from /Library/Frameworks/Python.framework/Versions/3.10/lib/python3.10/site-packages/airflow/example_dags/example_python_operator.py
[2026-04-22T12:19:08.622+0530] {logging_mixin.py:188} INFO - [2026-04-22T12:19:08.622+0530] {example_python_operator.py:93} WARNING - The virtalenv_python example task requires virtualenv, please install it.
[2026-04-22T12:19:08.623+0530] {processor.py:840} INFO - DAG(s) 'example_python_operator' retrieved from /Library/Frameworks/Python.framework/Versions/3.10/lib/python3.10/site-packages/airflow/example_dags/example_python_operator.py
[2026-04-22T12:19:08.657+0530] {logging_mixin.py:188} INFO - [2026-04-22T12:19:08.657+0530] {dag.py:3096} INFO - Sync 1 DAGs
[2026-04-22T12:19:08.660+0530] {logging_mixin.py:188} INFO - [2026-04-22T12:19:08.660+0530] {dag.py:3954} INFO - Setting next_dagrun for example_python_operator to None, run_after=None
[2026-04-22T12:19:08.666+0530] {processor.py:183} INFO - Processing /Library/Frameworks/Python.framework/Versions/3.10/lib/python3.10/site-packages/airflow/example_dags/example_python_operator.py took 0.054 seconds
[2026-04-22T12:20:51.529+0530] {processor.py:161} INFO - Started process (PID=72240) to work on /Library/Frameworks/Python.framework/Versions/3.10/lib/python3.10/site-packages/airflow/example_dags/example_python_operator.py
[2026-04-22T12:20:51.530+0530] {processor.py:830} INFO - Processing file /Library/Frameworks/Python.framework/Versions/3.10/lib/python3.10/site-packages/airflow/example_dags/example_python_operator.py for tasks to queue
[2026-04-22T12:20:51.530+0530] {logging_mixin.py:188} INFO - [2026-04-22T12:20:51.530+0530] {dagbag.py:545} INFO - Filling up the DagBag from /Library/Frameworks/Python.framework/Versions/3.10/lib/python3.10/site-packages/airflow/example_dags/example_python_operator.py
[2026-04-22T12:20:51.538+0530] {logging_mixin.py:188} INFO - [2026-04-22T12:20:51.538+0530] {example_python_operator.py:93} WARNING - The virtalenv_python example task requires virtualenv, please install it.
[2026-04-22T12:20:51.539+0530] {processor.py:840} INFO - DAG(s) 'example_python_operator' retrieved from /Library/Frameworks/Python.framework/Versions/3.10/lib/python3.10/site-packages/airflow/example_dags/example_python_operator.py
[2026-04-22T12:20:51.571+0530] {logging_mixin.py:188} INFO - [2026-04-22T12:20:51.571+0530] {dag.py:3096} INFO - Sync 1 DAGs
[2026-04-22T12:20:51.574+0530] {logging_mixin.py:188} INFO - [2026-04-22T12:20:51.574+0530] {dag.py:3954} INFO - Setting next_dagrun for example_python_operator to None, run_after=None
[2026-04-22T12:20:51.579+0530] {processor.py:183} INFO - Processing /Library/Frameworks/Python.framework/Versions/3.10/lib/python3.10/site-packages/airflow/example_dags/example_python_operator.py took 0.051 seconds
[2026-04-22T12:22:38.047+0530] {processor.py:161} INFO - Started process (PID=72471) to work on /Library/Frameworks/Python.framework/Versions/3.10/lib/python3.10/site-packages/airflow/example_dags/example_python_operator.py
[2026-04-22T12:22:38.048+0530] {processor.py:830} INFO - Processing file /Library/Frameworks/Python.framework/Versions/3.10/lib/python3.10/site-packages/airflow/example_dags/example_python_operator.py for tasks to queue
[2026-04-22T12:22:38.049+0530] {logging_mixin.py:188} INFO - [2026-04-22T12:22:38.049+0530] {dagbag.py:545} INFO - Filling up the DagBag from /Library/Frameworks/Python.framework/Versions/3.10/lib/python3.10/site-packages/airflow/example_dags/example_python_operator.py
[2026-04-22T12:22:38.056+0530] {logging_mixin.py:188} INFO - [2026-04-22T12:22:38.056+0530] {example_python_operator.py:93} WARNING - The virtalenv_python example task requires virtualenv, please install it.
[2026-04-22T12:22:38.057+0530] {processor.py:840} INFO - DAG(s) 'example_python_operator' retrieved from /Library/Frameworks/Python.framework/Versions/3.10/lib/python3.10/site-packages/airflow/example_dags/example_python_operator.py
[2026-04-22T12:22:38.090+0530] {logging_mixin.py:188} INFO - [2026-04-22T12:22:38.090+0530] {dag.py:3096} INFO - Sync 1 DAGs
[2026-04-22T12:22:38.093+0530] {logging_mixin.py:188} INFO - [2026-04-22T12:22:38.092+0530] {dag.py:3954} INFO - Setting next_dagrun for example_python_operator to None, run_after=None
[2026-04-22T12:22:38.098+0530] {processor.py:183} INFO - Processing /Library/Frameworks/Python.framework/Versions/3.10/lib/python3.10/site-packages/airflow/example_dags/example_python_operator.py took 0.051 seconds
[2026-04-22T12:24:18.952+0530] {processor.py:161} INFO - Started process (PID=72596) to work on /Library/Frameworks/Python.framework/Versions/3.10/lib/python3.10/site-packages/airflow/example_dags/example_python_operator.py
[2026-04-22T12:24:18.953+0530] {processor.py:830} INFO - Processing file /Library/Frameworks/Python.framework/Versions/3.10/lib/python3.10/site-packages/airflow/example_dags/example_python_operator.py for tasks to queue
[2026-04-22T12:24:18.953+0530] {logging_mixin.py:188} INFO - [2026-04-22T12:24:18.953+0530] {dagbag.py:545} INFO - Filling up the DagBag from /Library/Frameworks/Python.framework/Versions/3.10/lib/python3.10/site-packages/airflow/example_dags/example_python_operator.py
[2026-04-22T12:24:18.960+0530] {logging_mixin.py:188} INFO - [2026-04-22T12:24:18.960+0530] {example_python_operator.py:93} WARNING - The virtalenv_python example task requires virtualenv, please install it.
[2026-04-22T12:24:18.961+0530] {processor.py:840} INFO - DAG(s) 'example_python_operator' retrieved from /Library/Frameworks/Python.framework/Versions/3.10/lib/python3.10/site-packages/airflow/example_dags/example_python_operator.py
[2026-04-22T12:24:18.992+0530] {logging_mixin.py:188} INFO - [2026-04-22T12:24:18.992+0530] {dag.py:3096} INFO - Sync 1 DAGs
[2026-04-22T12:24:18.995+0530] {logging_mixin.py:188} INFO - [2026-04-22T12:24:18.995+0530] {dag.py:3954} INFO - Setting next_dagrun for example_python_operator to None, run_after=None
[2026-04-22T12:24:19.000+0530] {processor.py:183} INFO - Processing /Library/Frameworks/Python.framework/Versions/3.10/lib/python3.10/site-packages/airflow/example_dags/example_python_operator.py took 0.049 seconds
[2026-04-22T12:26:05.633+0530] {processor.py:161} INFO - Started process (PID=72872) to work on /Library/Frameworks/Python.framework/Versions/3.10/lib/python3.10/site-packages/airflow/example_dags/example_python_operator.py
[2026-04-22T12:26:05.633+0530] {processor.py:830} INFO - Processing file /Library/Frameworks/Python.framework/Versions/3.10/lib/python3.10/site-packages/airflow/example_dags/example_python_operator.py for tasks to queue
[2026-04-22T12:26:05.633+0530] {logging_mixin.py:188} INFO - [2026-04-22T12:26:05.633+0530] {dagbag.py:545} INFO - Filling up the DagBag from /Library/Frameworks/Python.framework/Versions/3.10/lib/python3.10/site-packages/airflow/example_dags/example_python_operator.py
[2026-04-22T12:26:05.641+0530] {logging_mixin.py:188} INFO - [2026-04-22T12:26:05.641+0530] {example_python_operator.py:93} WARNING - The virtalenv_python example task requires virtualenv, please install it.
[2026-04-22T12:26:05.642+0530] {processor.py:840} INFO - DAG(s) 'example_python_operator' retrieved from /Library/Frameworks/Python.framework/Versions/3.10/lib/python3.10/site-packages/airflow/example_dags/example_python_operator.py
[2026-04-22T12:26:05.674+0530] {logging_mixin.py:188} INFO - [2026-04-22T12:26:05.674+0530] {dag.py:3096} INFO - Sync 1 DAGs
[2026-04-22T12:26:05.677+0530] {logging_mixin.py:188} INFO - [2026-04-22T12:26:05.676+0530] {dag.py:3954} INFO - Setting next_dagrun for example_python_operator to None, run_after=None
[2026-04-22T12:26:05.682+0530] {processor.py:183} INFO - Processing /Library/Frameworks/Python.framework/Versions/3.10/lib/python3.10/site-packages/airflow/example_dags/example_python_operator.py took 0.050 seconds
[2026-04-22T12:27:51.634+0530] {processor.py:161} INFO - Started process (PID=73056) to work on /Library/Frameworks/Python.framework/Versions/3.10/lib/python3.10/site-packages/airflow/example_dags/example_python_operator.py
[2026-04-22T12:27:51.635+0530] {processor.py:830} INFO - Processing file /Library/Frameworks/Python.framework/Versions/3.10/lib/python3.10/site-packages/airflow/example_dags/example_python_operator.py for tasks to queue
[2026-04-22T12:27:51.635+0530] {logging_mixin.py:188} INFO - [2026-04-22T12:27:51.635+0530] {dagbag.py:545} INFO - Filling up the DagBag from /Library/Frameworks/Python.framework/Versions/3.10/lib/python3.10/site-packages/airflow/example_dags/example_python_operator.py
[2026-04-22T12:27:51.643+0530] {logging_mixin.py:188} INFO - [2026-04-22T12:27:51.643+0530] {example_python_operator.py:93} WARNING - The virtalenv_python example task requires virtualenv, please install it.
[2026-04-22T12:27:51.644+0530] {processor.py:840} INFO - DAG(s) 'example_python_operator' retrieved from /Library/Frameworks/Python.framework/Versions/3.10/lib/python3.10/site-packages/airflow/example_dags/example_python_operator.py
[2026-04-22T12:27:51.677+0530] {logging_mixin.py:188} INFO - [2026-04-22T12:27:51.677+0530] {dag.py:3096} INFO - Sync 1 DAGs
[2026-04-22T12:27:51.680+0530] {logging_mixin.py:188} INFO - [2026-04-22T12:27:51.680+0530] {dag.py:3954} INFO - Setting next_dagrun for example_python_operator to None, run_after=None
[2026-04-22T12:27:51.686+0530] {processor.py:183} INFO - Processing /Library/Frameworks/Python.framework/Versions/3.10/lib/python3.10/site-packages/airflow/example_dags/example_python_operator.py took 0.053 seconds
[2026-04-22T12:29:46.627+0530] {processor.py:161} INFO - Started process (PID=73270) to work on /Library/Frameworks/Python.framework/Versions/3.10/lib/python3.10/site-packages/airflow/example_dags/example_python_operator.py
[2026-04-22T12:29:46.628+0530] {processor.py:830} INFO - Processing file /Library/Frameworks/Python.framework/Versions/3.10/lib/python3.10/site-packages/airflow/example_dags/example_python_operator.py for tasks to queue
[2026-04-22T12:29:46.628+0530] {logging_mixin.py:188} INFO - [2026-04-22T12:29:46.628+0530] {dagbag.py:545} INFO - Filling up the DagBag from /Library/Frameworks/Python.framework/Versions/3.10/lib/python3.10/site-packages/airflow/example_dags/example_python_operator.py
[2026-04-22T12:29:46.636+0530] {logging_mixin.py:188} INFO - [2026-04-22T12:29:46.636+0530] {example_python_operator.py:93} WARNING - The virtalenv_python example task requires virtualenv, please install it.
[2026-04-22T12:29:46.637+0530] {processor.py:840} INFO - DAG(s) 'example_python_operator' retrieved from /Library/Frameworks/Python.framework/Versions/3.10/lib/python3.10/site-packages/airflow/example_dags/example_python_operator.py
[2026-04-22T12:29:46.669+0530] {logging_mixin.py:188} INFO - [2026-04-22T12:29:46.669+0530] {dag.py:3096} INFO - Sync 1 DAGs
[2026-04-22T12:29:46.672+0530] {logging_mixin.py:188} INFO - [2026-04-22T12:29:46.672+0530] {dag.py:3954} INFO - Setting next_dagrun for example_python_operator to None, run_after=None
[2026-04-22T12:29:46.677+0530] {processor.py:183} INFO - Processing /Library/Frameworks/Python.framework/Versions/3.10/lib/python3.10/site-packages/airflow/example_dags/example_python_operator.py took 0.051 seconds
[2026-04-22T12:31:34.848+0530] {processor.py:161} INFO - Started process (PID=73513) to work on /Library/Frameworks/Python.framework/Versions/3.10/lib/python3.10/site-packages/airflow/example_dags/example_python_operator.py
[2026-04-22T12:31:34.849+0530] {processor.py:830} INFO - Processing file /Library/Frameworks/Python.framework/Versions/3.10/lib/python3.10/site-packages/airflow/example_dags/example_python_operator.py for tasks to queue
[2026-04-22T12:31:34.849+0530] {logging_mixin.py:188} INFO - [2026-04-22T12:31:34.849+0530] {dagbag.py:545} INFO - Filling up the DagBag from /Library/Frameworks/Python.framework/Versions/3.10/lib/python3.10/site-packages/airflow/example_dags/example_python_operator.py
[2026-04-22T12:31:34.858+0530] {logging_mixin.py:188} INFO - [2026-04-22T12:31:34.857+0530] {example_python_operator.py:93} WARNING - The virtalenv_python example task requires virtualenv, please install it.
[2026-04-22T12:31:34.859+0530] {processor.py:840} INFO - DAG(s) 'example_python_operator' retrieved from /Library/Frameworks/Python.framework/Versions/3.10/lib/python3.10/site-packages/airflow/example_dags/example_python_operator.py
[2026-04-22T12:31:34.892+0530] {logging_mixin.py:188} INFO - [2026-04-22T12:31:34.892+0530] {dag.py:3096} INFO - Sync 1 DAGs
[2026-04-22T12:31:34.894+0530] {logging_mixin.py:188} INFO - [2026-04-22T12:31:34.894+0530] {dag.py:3954} INFO - Setting next_dagrun for example_python_operator to None, run_after=None
[2026-04-22T12:31:34.900+0530] {processor.py:183} INFO - Processing /Library/Frameworks/Python.framework/Versions/3.10/lib/python3.10/site-packages/airflow/example_dags/example_python_operator.py took 0.053 seconds
[2026-04-22T12:33:19.730+0530] {processor.py:161} INFO - Started process (PID=73718) to work on /Library/Frameworks/Python.framework/Versions/3.10/lib/python3.10/site-packages/airflow/example_dags/example_python_operator.py
[2026-04-22T12:33:19.731+0530] {processor.py:830} INFO - Processing file /Library/Frameworks/Python.framework/Versions/3.10/lib/python3.10/site-packages/airflow/example_dags/example_python_operator.py for tasks to queue
[2026-04-22T12:33:19.731+0530] {logging_mixin.py:188} INFO - [2026-04-22T12:33:19.731+0530] {dagbag.py:545} INFO - Filling up the DagBag from /Library/Frameworks/Python.framework/Versions/3.10/lib/python3.10/site-packages/airflow/example_dags/example_python_operator.py
[2026-04-22T12:33:19.740+0530] {logging_mixin.py:188} INFO - [2026-04-22T12:33:19.739+0530] {example_python_operator.py:93} WARNING - The virtalenv_python example task requires virtualenv, please install it.
[2026-04-22T12:33:19.741+0530] {processor.py:840} INFO - DAG(s) 'example_python_operator' retrieved from /Library/Frameworks/Python.framework/Versions/3.10/lib/python3.10/site-packages/airflow/example_dags/example_python_operator.py
[2026-04-22T12:33:19.776+0530] {logging_mixin.py:188} INFO - [2026-04-22T12:33:19.776+0530] {dag.py:3096} INFO - Sync 1 DAGs
[2026-04-22T12:33:19.779+0530] {logging_mixin.py:188} INFO - [2026-04-22T12:33:19.779+0530] {dag.py:3954} INFO - Setting next_dagrun for example_python_operator to None, run_after=None
[2026-04-22T12:33:19.787+0530] {processor.py:183} INFO - Processing /Library/Frameworks/Python.framework/Versions/3.10/lib/python3.10/site-packages/airflow/example_dags/example_python_operator.py took 0.057 seconds
[2026-04-22T12:35:04.153+0530] {processor.py:161} INFO - Started process (PID=73839) to work on /Library/Frameworks/Python.framework/Versions/3.10/lib/python3.10/site-packages/airflow/example_dags/example_python_operator.py
[2026-04-22T12:35:04.154+0530] {processor.py:830} INFO - Processing file /Library/Frameworks/Python.framework/Versions/3.10/lib/python3.10/site-packages/airflow/example_dags/example_python_operator.py for tasks to queue
[2026-04-22T12:35:04.154+0530] {logging_mixin.py:188} INFO - [2026-04-22T12:35:04.154+0530] {dagbag.py:545} INFO - Filling up the DagBag from /Library/Frameworks/Python.framework/Versions/3.10/lib/python3.10/site-packages/airflow/example_dags/example_python_operator.py
[2026-04-22T12:35:04.162+0530] {logging_mixin.py:188} INFO - [2026-04-22T12:35:04.162+0530] {example_python_operator.py:93} WARNING - The virtalenv_python example task requires virtualenv, please install it.
[2026-04-22T12:35:04.163+0530] {processor.py:840} INFO - DAG(s) 'example_python_operator' retrieved from /Library/Frameworks/Python.framework/Versions/3.10/lib/python3.10/site-packages/airflow/example_dags/example_python_operator.py
[2026-04-22T12:35:04.196+0530] {logging_mixin.py:188} INFO - [2026-04-22T12:35:04.195+0530] {dag.py:3096} INFO - Sync 1 DAGs
[2026-04-22T12:35:04.198+0530] {logging_mixin.py:188} INFO - [2026-04-22T12:35:04.198+0530] {dag.py:3954} INFO - Setting next_dagrun for example_python_operator to None, run_after=None
[2026-04-22T12:35:04.204+0530] {processor.py:183} INFO - Processing /Library/Frameworks/Python.framework/Versions/3.10/lib/python3.10/site-packages/airflow/example_dags/example_python_operator.py took 0.051 seconds
[2026-04-22T12:36:46.140+0530] {processor.py:161} INFO - Started process (PID=73975) to work on /Library/Frameworks/Python.framework/Versions/3.10/lib/python3.10/site-packages/airflow/example_dags/example_python_operator.py
[2026-04-22T12:36:46.141+0530] {processor.py:830} INFO - Processing file /Library/Frameworks/Python.framework/Versions/3.10/lib/python3.10/site-packages/airflow/example_dags/example_python_operator.py for tasks to queue
[2026-04-22T12:36:46.141+0530] {logging_mixin.py:188} INFO - [2026-04-22T12:36:46.141+0530] {dagbag.py:545} INFO - Filling up the DagBag from /Library/Frameworks/Python.framework/Versions/3.10/lib/python3.10/site-packages/airflow/example_dags/example_python_operator.py
[2026-04-22T12:36:46.150+0530] {logging_mixin.py:188} INFO - [2026-04-22T12:36:46.150+0530] {example_python_operator.py:93} WARNING - The virtalenv_python example task requires virtualenv, please install it.
[2026-04-22T12:36:46.151+0530] {processor.py:840} INFO - DAG(s) 'example_python_operator' retrieved from /Library/Frameworks/Python.framework/Versions/3.10/lib/python3.10/site-packages/airflow/example_dags/example_python_operator.py
[2026-04-22T12:36:46.193+0530] {logging_mixin.py:188} INFO - [2026-04-22T12:36:46.193+0530] {dag.py:3096} INFO - Sync 1 DAGs
[2026-04-22T12:36:46.197+0530] {logging_mixin.py:188} INFO - [2026-04-22T12:36:46.196+0530] {dag.py:3954} INFO - Setting next_dagrun for example_python_operator to None, run_after=None
[2026-04-22T12:36:46.203+0530] {processor.py:183} INFO - Processing /Library/Frameworks/Python.framework/Versions/3.10/lib/python3.10/site-packages/airflow/example_dags/example_python_operator.py took 0.064 seconds
[2026-04-22T12:38:39.417+0530] {processor.py:161} INFO - Started process (PID=74098) to work on /Library/Frameworks/Python.framework/Versions/3.10/lib/python3.10/site-packages/airflow/example_dags/example_python_operator.py
[2026-04-22T12:38:39.418+0530] {processor.py:830} INFO - Processing file /Library/Frameworks/Python.framework/Versions/3.10/lib/python3.10/site-packages/airflow/example_dags/example_python_operator.py for tasks to queue
[2026-04-22T12:38:39.418+0530] {logging_mixin.py:188} INFO - [2026-04-22T12:38:39.418+0530] {dagbag.py:545} INFO - Filling up the DagBag from /Library/Frameworks/Python.framework/Versions/3.10/lib/python3.10/site-packages/airflow/example_dags/example_python_operator.py
[2026-04-22T12:38:39.426+0530] {logging_mixin.py:188} INFO - [2026-04-22T12:38:39.426+0530] {example_python_operator.py:93} WARNING - The virtalenv_python example task requires virtualenv, please install it.
[2026-04-22T12:38:39.427+0530] {processor.py:840} INFO - DAG(s) 'example_python_operator' retrieved from /Library/Frameworks/Python.framework/Versions/3.10/lib/python3.10/site-packages/airflow/example_dags/example_python_operator.py
[2026-04-22T12:38:39.459+0530] {logging_mixin.py:188} INFO - [2026-04-22T12:38:39.459+0530] {dag.py:3096} INFO - Sync 1 DAGs
[2026-04-22T12:38:39.462+0530] {logging_mixin.py:188} INFO - [2026-04-22T12:38:39.462+0530] {dag.py:3954} INFO - Setting next_dagrun for example_python_operator to None, run_after=None
[2026-04-22T12:38:39.469+0530] {processor.py:183} INFO - Processing /Library/Frameworks/Python.framework/Versions/3.10/lib/python3.10/site-packages/airflow/example_dags/example_python_operator.py took 0.052 seconds
[2026-04-22T12:40:39.547+0530] {processor.py:161} INFO - Started process (PID=74237) to work on /Library/Frameworks/Python.framework/Versions/3.10/lib/python3.10/site-packages/airflow/example_dags/example_python_operator.py
[2026-04-22T12:40:39.547+0530] {processor.py:830} INFO - Processing file /Library/Frameworks/Python.framework/Versions/3.10/lib/python3.10/site-packages/airflow/example_dags/example_python_operator.py for tasks to queue
[2026-04-22T12:40:39.548+0530] {logging_mixin.py:188} INFO - [2026-04-22T12:40:39.548+0530] {dagbag.py:545} INFO - Filling up the DagBag from /Library/Frameworks/Python.framework/Versions/3.10/lib/python3.10/site-packages/airflow/example_dags/example_python_operator.py
[2026-04-22T12:40:39.556+0530] {logging_mixin.py:188} INFO - [2026-04-22T12:40:39.555+0530] {example_python_operator.py:93} WARNING - The virtalenv_python example task requires virtualenv, please install it.
[2026-04-22T12:40:39.557+0530] {processor.py:840} INFO - DAG(s) 'example_python_operator' retrieved from /Library/Frameworks/Python.framework/Versions/3.10/lib/python3.10/site-packages/airflow/example_dags/example_python_operator.py
[2026-04-22T12:40:39.590+0530] {logging_mixin.py:188} INFO - [2026-04-22T12:40:39.590+0530] {dag.py:3096} INFO - Sync 1 DAGs
[2026-04-22T12:40:39.592+0530] {logging_mixin.py:188} INFO - [2026-04-22T12:40:39.592+0530] {dag.py:3954} INFO - Setting next_dagrun for example_python_operator to None, run_after=None
[2026-04-22T12:40:39.600+0530] {processor.py:183} INFO - Processing /Library/Frameworks/Python.framework/Versions/3.10/lib/python3.10/site-packages/airflow/example_dags/example_python_operator.py took 0.054 seconds
[2026-04-22T12:42:36.003+0530] {processor.py:161} INFO - Started process (PID=74378) to work on /Library/Frameworks/Python.framework/Versions/3.10/lib/python3.10/site-packages/airflow/example_dags/example_python_operator.py
[2026-04-22T12:42:36.004+0530] {processor.py:830} INFO - Processing file /Library/Frameworks/Python.framework/Versions/3.10/lib/python3.10/site-packages/airflow/example_dags/example_python_operator.py for tasks to queue
[2026-04-22T12:42:36.004+0530] {logging_mixin.py:188} INFO - [2026-04-22T12:42:36.004+0530] {dagbag.py:545} INFO - Filling up the DagBag from /Library/Frameworks/Python.framework/Versions/3.10/lib/python3.10/site-packages/airflow/example_dags/example_python_operator.py
[2026-04-22T12:42:36.013+0530] {logging_mixin.py:188} INFO - [2026-04-22T12:42:36.013+0530] {example_python_operator.py:93} WARNING - The virtalenv_python example task requires virtualenv, please install it.
[2026-04-22T12:42:36.014+0530] {processor.py:840} INFO - DAG(s) 'example_python_operator' retrieved from /Library/Frameworks/Python.framework/Versions/3.10/lib/python3.10/site-packages/airflow/example_dags/example_python_operator.py
[2026-04-22T12:42:36.047+0530] {logging_mixin.py:188} INFO - [2026-04-22T12:42:36.047+0530] {dag.py:3096} INFO - Sync 1 DAGs
[2026-04-22T12:42:36.049+0530] {logging_mixin.py:188} INFO - [2026-04-22T12:42:36.049+0530] {dag.py:3954} INFO - Setting next_dagrun for example_python_operator to None, run_after=None
[2026-04-22T12:42:36.055+0530] {processor.py:183} INFO - Processing /Library/Frameworks/Python.framework/Versions/3.10/lib/python3.10/site-packages/airflow/example_dags/example_python_operator.py took 0.053 seconds
