[2026-04-22T06:13:35.902+0530] {processor.py:161} INFO - Started process (PID=68523) to work on /Library/Frameworks/Python.framework/Versions/3.10/lib/python3.10/site-packages/airflow/example_dags/example_setup_teardown_taskflow.py
[2026-04-22T06:13:35.903+0530] {processor.py:830} INFO - Processing file /Library/Frameworks/Python.framework/Versions/3.10/lib/python3.10/site-packages/airflow/example_dags/example_setup_teardown_taskflow.py for tasks to queue
[2026-04-22T06:13:35.903+0530] {logging_mixin.py:188} INFO - [2026-04-22T06:13:35.903+0530] {dagbag.py:545} INFO - Filling up the DagBag from /Library/Frameworks/Python.framework/Versions/3.10/lib/python3.10/site-packages/airflow/example_dags/example_setup_teardown_taskflow.py
[2026-04-22T06:13:35.924+0530] {processor.py:840} INFO - DAG(s) 'example_setup_teardown_taskflow' retrieved from /Library/Frameworks/Python.framework/Versions/3.10/lib/python3.10/site-packages/airflow/example_dags/example_setup_teardown_taskflow.py
[2026-04-22T06:13:35.979+0530] {logging_mixin.py:188} INFO - [2026-04-22T06:13:35.979+0530] {dag.py:3096} INFO - Sync 1 DAGs
[2026-04-22T06:13:35.987+0530] {logging_mixin.py:188} INFO - [2026-04-22T06:13:35.987+0530] {dag.py:3954} INFO - Setting next_dagrun for example_setup_teardown_taskflow to 2026-04-21 00:00:00+00:00, run_after=2026-04-22 00:00:00+00:00
[2026-04-22T06:13:35.996+0530] {processor.py:183} INFO - Processing /Library/Frameworks/Python.framework/Versions/3.10/lib/python3.10/site-packages/airflow/example_dags/example_setup_teardown_taskflow.py took 0.095 seconds
[2026-04-22T11:47:26.379+0530] {processor.py:161} INFO - Started process (PID=69300) to work on /Library/Frameworks/Python.framework/Versions/3.10/lib/python3.10/site-packages/airflow/example_dags/example_setup_teardown_taskflow.py
[2026-04-22T11:47:26.380+0530] {processor.py:830} INFO - Processing file /Library/Frameworks/Python.framework/Versions/3.10/lib/python3.10/site-packages/airflow/example_dags/example_setup_teardown_taskflow.py for tasks to queue
[2026-04-22T11:47:26.380+0530] {logging_mixin.py:188} INFO - [2026-04-22T11:47:26.380+0530] {dagbag.py:545} INFO - Filling up the DagBag from /Library/Frameworks/Python.framework/Versions/3.10/lib/python3.10/site-packages/airflow/example_dags/example_setup_teardown_taskflow.py
[2026-04-22T11:47:26.392+0530] {processor.py:840} INFO - DAG(s) 'example_setup_teardown_taskflow' retrieved from /Library/Frameworks/Python.framework/Versions/3.10/lib/python3.10/site-packages/airflow/example_dags/example_setup_teardown_taskflow.py
[2026-04-22T11:47:26.425+0530] {logging_mixin.py:188} INFO - [2026-04-22T11:47:26.425+0530] {dag.py:3096} INFO - Sync 1 DAGs
[2026-04-22T11:47:26.430+0530] {logging_mixin.py:188} INFO - [2026-04-22T11:47:26.430+0530] {dag.py:3954} INFO - Setting next_dagrun for example_setup_teardown_taskflow to 2026-04-21 00:00:00+00:00, run_after=2026-04-22 00:00:00+00:00
[2026-04-22T11:47:26.435+0530] {processor.py:183} INFO - Processing /Library/Frameworks/Python.framework/Versions/3.10/lib/python3.10/site-packages/airflow/example_dags/example_setup_teardown_taskflow.py took 0.057 seconds
[2026-04-22T11:48:14.545+0530] {processor.py:161} INFO - Started process (PID=69380) to work on /Library/Frameworks/Python.framework/Versions/3.10/lib/python3.10/site-packages/airflow/example_dags/example_setup_teardown_taskflow.py
[2026-04-22T11:48:14.545+0530] {processor.py:830} INFO - Processing file /Library/Frameworks/Python.framework/Versions/3.10/lib/python3.10/site-packages/airflow/example_dags/example_setup_teardown_taskflow.py for tasks to queue
[2026-04-22T11:48:14.545+0530] {logging_mixin.py:188} INFO - [2026-04-22T11:48:14.545+0530] {dagbag.py:545} INFO - Filling up the DagBag from /Library/Frameworks/Python.framework/Versions/3.10/lib/python3.10/site-packages/airflow/example_dags/example_setup_teardown_taskflow.py
[2026-04-22T11:48:14.559+0530] {processor.py:840} INFO - DAG(s) 'example_setup_teardown_taskflow' retrieved from /Library/Frameworks/Python.framework/Versions/3.10/lib/python3.10/site-packages/airflow/example_dags/example_setup_teardown_taskflow.py
[2026-04-22T11:48:14.596+0530] {logging_mixin.py:188} INFO - [2026-04-22T11:48:14.596+0530] {dag.py:3096} INFO - Sync 1 DAGs
[2026-04-22T11:48:14.602+0530] {logging_mixin.py:188} INFO - [2026-04-22T11:48:14.601+0530] {dag.py:3954} INFO - Setting next_dagrun for example_setup_teardown_taskflow to 2026-04-21 00:00:00+00:00, run_after=2026-04-22 00:00:00+00:00
[2026-04-22T11:48:14.607+0530] {processor.py:183} INFO - Processing /Library/Frameworks/Python.framework/Versions/3.10/lib/python3.10/site-packages/airflow/example_dags/example_setup_teardown_taskflow.py took 0.063 seconds
[2026-04-22T11:49:03.886+0530] {processor.py:161} INFO - Started process (PID=69463) to work on /Library/Frameworks/Python.framework/Versions/3.10/lib/python3.10/site-packages/airflow/example_dags/example_setup_teardown_taskflow.py
[2026-04-22T11:49:03.887+0530] {processor.py:830} INFO - Processing file /Library/Frameworks/Python.framework/Versions/3.10/lib/python3.10/site-packages/airflow/example_dags/example_setup_teardown_taskflow.py for tasks to queue
[2026-04-22T11:49:03.887+0530] {logging_mixin.py:188} INFO - [2026-04-22T11:49:03.887+0530] {dagbag.py:545} INFO - Filling up the DagBag from /Library/Frameworks/Python.framework/Versions/3.10/lib/python3.10/site-packages/airflow/example_dags/example_setup_teardown_taskflow.py
[2026-04-22T11:49:03.900+0530] {processor.py:840} INFO - DAG(s) 'example_setup_teardown_taskflow' retrieved from /Library/Frameworks/Python.framework/Versions/3.10/lib/python3.10/site-packages/airflow/example_dags/example_setup_teardown_taskflow.py
[2026-04-22T11:49:03.932+0530] {logging_mixin.py:188} INFO - [2026-04-22T11:49:03.932+0530] {dag.py:3096} INFO - Sync 1 DAGs
[2026-04-22T11:49:03.937+0530] {logging_mixin.py:188} INFO - [2026-04-22T11:49:03.937+0530] {dag.py:3954} INFO - Setting next_dagrun for example_setup_teardown_taskflow to 2026-04-21 00:00:00+00:00, run_after=2026-04-22 00:00:00+00:00
[2026-04-22T11:49:03.942+0530] {processor.py:183} INFO - Processing /Library/Frameworks/Python.framework/Versions/3.10/lib/python3.10/site-packages/airflow/example_dags/example_setup_teardown_taskflow.py took 0.056 seconds
[2026-04-22T11:49:59.137+0530] {processor.py:161} INFO - Started process (PID=69559) to work on /Library/Frameworks/Python.framework/Versions/3.10/lib/python3.10/site-packages/airflow/example_dags/example_setup_teardown_taskflow.py
[2026-04-22T11:49:59.138+0530] {processor.py:830} INFO - Processing file /Library/Frameworks/Python.framework/Versions/3.10/lib/python3.10/site-packages/airflow/example_dags/example_setup_teardown_taskflow.py for tasks to queue
[2026-04-22T11:49:59.139+0530] {logging_mixin.py:188} INFO - [2026-04-22T11:49:59.138+0530] {dagbag.py:545} INFO - Filling up the DagBag from /Library/Frameworks/Python.framework/Versions/3.10/lib/python3.10/site-packages/airflow/example_dags/example_setup_teardown_taskflow.py
[2026-04-22T11:49:59.151+0530] {processor.py:840} INFO - DAG(s) 'example_setup_teardown_taskflow' retrieved from /Library/Frameworks/Python.framework/Versions/3.10/lib/python3.10/site-packages/airflow/example_dags/example_setup_teardown_taskflow.py
[2026-04-22T11:49:59.184+0530] {logging_mixin.py:188} INFO - [2026-04-22T11:49:59.184+0530] {dag.py:3096} INFO - Sync 1 DAGs
[2026-04-22T11:49:59.188+0530] {logging_mixin.py:188} INFO - [2026-04-22T11:49:59.188+0530] {dag.py:3954} INFO - Setting next_dagrun for example_setup_teardown_taskflow to 2026-04-21 00:00:00+00:00, run_after=2026-04-22 00:00:00+00:00
[2026-04-22T11:49:59.193+0530] {processor.py:183} INFO - Processing /Library/Frameworks/Python.framework/Versions/3.10/lib/python3.10/site-packages/airflow/example_dags/example_setup_teardown_taskflow.py took 0.057 seconds
[2026-04-22T11:50:54.483+0530] {processor.py:161} INFO - Started process (PID=69649) to work on /Library/Frameworks/Python.framework/Versions/3.10/lib/python3.10/site-packages/airflow/example_dags/example_setup_teardown_taskflow.py
[2026-04-22T11:50:54.484+0530] {processor.py:830} INFO - Processing file /Library/Frameworks/Python.framework/Versions/3.10/lib/python3.10/site-packages/airflow/example_dags/example_setup_teardown_taskflow.py for tasks to queue
[2026-04-22T11:50:54.484+0530] {logging_mixin.py:188} INFO - [2026-04-22T11:50:54.484+0530] {dagbag.py:545} INFO - Filling up the DagBag from /Library/Frameworks/Python.framework/Versions/3.10/lib/python3.10/site-packages/airflow/example_dags/example_setup_teardown_taskflow.py
[2026-04-22T11:50:54.497+0530] {processor.py:840} INFO - DAG(s) 'example_setup_teardown_taskflow' retrieved from /Library/Frameworks/Python.framework/Versions/3.10/lib/python3.10/site-packages/airflow/example_dags/example_setup_teardown_taskflow.py
[2026-04-22T11:50:54.531+0530] {logging_mixin.py:188} INFO - [2026-04-22T11:50:54.531+0530] {dag.py:3096} INFO - Sync 1 DAGs
[2026-04-22T11:50:54.537+0530] {logging_mixin.py:188} INFO - [2026-04-22T11:50:54.536+0530] {dag.py:3954} INFO - Setting next_dagrun for example_setup_teardown_taskflow to 2026-04-21 00:00:00+00:00, run_after=2026-04-22 00:00:00+00:00
[2026-04-22T11:50:54.542+0530] {processor.py:183} INFO - Processing /Library/Frameworks/Python.framework/Versions/3.10/lib/python3.10/site-packages/airflow/example_dags/example_setup_teardown_taskflow.py took 0.060 seconds
[2026-04-22T12:10:27.528+0530] {processor.py:161} INFO - Started process (PID=70944) to work on /Library/Frameworks/Python.framework/Versions/3.10/lib/python3.10/site-packages/airflow/example_dags/example_setup_teardown_taskflow.py
[2026-04-22T12:10:27.529+0530] {processor.py:830} INFO - Processing file /Library/Frameworks/Python.framework/Versions/3.10/lib/python3.10/site-packages/airflow/example_dags/example_setup_teardown_taskflow.py for tasks to queue
[2026-04-22T12:10:27.529+0530] {logging_mixin.py:188} INFO - [2026-04-22T12:10:27.529+0530] {dagbag.py:545} INFO - Filling up the DagBag from /Library/Frameworks/Python.framework/Versions/3.10/lib/python3.10/site-packages/airflow/example_dags/example_setup_teardown_taskflow.py
[2026-04-22T12:10:27.541+0530] {processor.py:840} INFO - DAG(s) 'example_setup_teardown_taskflow' retrieved from /Library/Frameworks/Python.framework/Versions/3.10/lib/python3.10/site-packages/airflow/example_dags/example_setup_teardown_taskflow.py
[2026-04-22T12:10:27.573+0530] {logging_mixin.py:188} INFO - [2026-04-22T12:10:27.573+0530] {dag.py:3096} INFO - Sync 1 DAGs
[2026-04-22T12:10:27.578+0530] {logging_mixin.py:188} INFO - [2026-04-22T12:10:27.578+0530] {dag.py:3954} INFO - Setting next_dagrun for example_setup_teardown_taskflow to 2026-04-21 00:00:00+00:00, run_after=2026-04-22 00:00:00+00:00
[2026-04-22T12:10:27.583+0530] {processor.py:183} INFO - Processing /Library/Frameworks/Python.framework/Versions/3.10/lib/python3.10/site-packages/airflow/example_dags/example_setup_teardown_taskflow.py took 0.056 seconds
[2026-04-22T12:15:17.347+0530] {processor.py:161} INFO - Started process (PID=71288) to work on /Library/Frameworks/Python.framework/Versions/3.10/lib/python3.10/site-packages/airflow/example_dags/example_setup_teardown_taskflow.py
[2026-04-22T12:15:17.348+0530] {processor.py:830} INFO - Processing file /Library/Frameworks/Python.framework/Versions/3.10/lib/python3.10/site-packages/airflow/example_dags/example_setup_teardown_taskflow.py for tasks to queue
[2026-04-22T12:15:17.348+0530] {logging_mixin.py:188} INFO - [2026-04-22T12:15:17.348+0530] {dagbag.py:545} INFO - Filling up the DagBag from /Library/Frameworks/Python.framework/Versions/3.10/lib/python3.10/site-packages/airflow/example_dags/example_setup_teardown_taskflow.py
[2026-04-22T12:15:17.364+0530] {processor.py:840} INFO - DAG(s) 'example_setup_teardown_taskflow' retrieved from /Library/Frameworks/Python.framework/Versions/3.10/lib/python3.10/site-packages/airflow/example_dags/example_setup_teardown_taskflow.py
[2026-04-22T12:15:17.405+0530] {logging_mixin.py:188} INFO - [2026-04-22T12:15:17.405+0530] {dag.py:3096} INFO - Sync 1 DAGs
[2026-04-22T12:15:17.410+0530] {logging_mixin.py:188} INFO - [2026-04-22T12:15:17.410+0530] {dag.py:3954} INFO - Setting next_dagrun for example_setup_teardown_taskflow to 2026-04-21 00:00:00+00:00, run_after=2026-04-22 00:00:00+00:00
[2026-04-22T12:15:17.416+0530] {processor.py:183} INFO - Processing /Library/Frameworks/Python.framework/Versions/3.10/lib/python3.10/site-packages/airflow/example_dags/example_setup_teardown_taskflow.py took 0.070 seconds
[2026-04-22T12:19:02.181+0530] {processor.py:161} INFO - Started process (PID=71592) to work on /Library/Frameworks/Python.framework/Versions/3.10/lib/python3.10/site-packages/airflow/example_dags/example_setup_teardown_taskflow.py
[2026-04-22T12:19:02.182+0530] {processor.py:830} INFO - Processing file /Library/Frameworks/Python.framework/Versions/3.10/lib/python3.10/site-packages/airflow/example_dags/example_setup_teardown_taskflow.py for tasks to queue
[2026-04-22T12:19:02.182+0530] {logging_mixin.py:188} INFO - [2026-04-22T12:19:02.182+0530] {dagbag.py:545} INFO - Filling up the DagBag from /Library/Frameworks/Python.framework/Versions/3.10/lib/python3.10/site-packages/airflow/example_dags/example_setup_teardown_taskflow.py
[2026-04-22T12:19:02.195+0530] {processor.py:840} INFO - DAG(s) 'example_setup_teardown_taskflow' retrieved from /Library/Frameworks/Python.framework/Versions/3.10/lib/python3.10/site-packages/airflow/example_dags/example_setup_teardown_taskflow.py
[2026-04-22T12:19:02.229+0530] {logging_mixin.py:188} INFO - [2026-04-22T12:19:02.229+0530] {dag.py:3096} INFO - Sync 1 DAGs
[2026-04-22T12:19:02.234+0530] {logging_mixin.py:188} INFO - [2026-04-22T12:19:02.234+0530] {dag.py:3954} INFO - Setting next_dagrun for example_setup_teardown_taskflow to 2026-04-21 00:00:00+00:00, run_after=2026-04-22 00:00:00+00:00
[2026-04-22T12:19:02.239+0530] {processor.py:183} INFO - Processing /Library/Frameworks/Python.framework/Versions/3.10/lib/python3.10/site-packages/airflow/example_dags/example_setup_teardown_taskflow.py took 0.059 seconds
[2026-04-22T12:20:44.650+0530] {processor.py:161} INFO - Started process (PID=72221) to work on /Library/Frameworks/Python.framework/Versions/3.10/lib/python3.10/site-packages/airflow/example_dags/example_setup_teardown_taskflow.py
[2026-04-22T12:20:44.651+0530] {processor.py:830} INFO - Processing file /Library/Frameworks/Python.framework/Versions/3.10/lib/python3.10/site-packages/airflow/example_dags/example_setup_teardown_taskflow.py for tasks to queue
[2026-04-22T12:20:44.651+0530] {logging_mixin.py:188} INFO - [2026-04-22T12:20:44.651+0530] {dagbag.py:545} INFO - Filling up the DagBag from /Library/Frameworks/Python.framework/Versions/3.10/lib/python3.10/site-packages/airflow/example_dags/example_setup_teardown_taskflow.py
[2026-04-22T12:20:44.666+0530] {processor.py:840} INFO - DAG(s) 'example_setup_teardown_taskflow' retrieved from /Library/Frameworks/Python.framework/Versions/3.10/lib/python3.10/site-packages/airflow/example_dags/example_setup_teardown_taskflow.py
[2026-04-22T12:20:44.704+0530] {logging_mixin.py:188} INFO - [2026-04-22T12:20:44.704+0530] {dag.py:3096} INFO - Sync 1 DAGs
[2026-04-22T12:20:44.710+0530] {logging_mixin.py:188} INFO - [2026-04-22T12:20:44.710+0530] {dag.py:3954} INFO - Setting next_dagrun for example_setup_teardown_taskflow to 2026-04-21 00:00:00+00:00, run_after=2026-04-22 00:00:00+00:00
[2026-04-22T12:20:44.716+0530] {processor.py:183} INFO - Processing /Library/Frameworks/Python.framework/Versions/3.10/lib/python3.10/site-packages/airflow/example_dags/example_setup_teardown_taskflow.py took 0.066 seconds
[2026-04-22T12:22:32.370+0530] {processor.py:161} INFO - Started process (PID=72459) to work on /Library/Frameworks/Python.framework/Versions/3.10/lib/python3.10/site-packages/airflow/example_dags/example_setup_teardown_taskflow.py
[2026-04-22T12:22:32.371+0530] {processor.py:830} INFO - Processing file /Library/Frameworks/Python.framework/Versions/3.10/lib/python3.10/site-packages/airflow/example_dags/example_setup_teardown_taskflow.py for tasks to queue
[2026-04-22T12:22:32.371+0530] {logging_mixin.py:188} INFO - [2026-04-22T12:22:32.371+0530] {dagbag.py:545} INFO - Filling up the DagBag from /Library/Frameworks/Python.framework/Versions/3.10/lib/python3.10/site-packages/airflow/example_dags/example_setup_teardown_taskflow.py
[2026-04-22T12:22:32.383+0530] {processor.py:840} INFO - DAG(s) 'example_setup_teardown_taskflow' retrieved from /Library/Frameworks/Python.framework/Versions/3.10/lib/python3.10/site-packages/airflow/example_dags/example_setup_teardown_taskflow.py
[2026-04-22T12:22:32.415+0530] {logging_mixin.py:188} INFO - [2026-04-22T12:22:32.415+0530] {dag.py:3096} INFO - Sync 1 DAGs
[2026-04-22T12:22:32.419+0530] {logging_mixin.py:188} INFO - [2026-04-22T12:22:32.419+0530] {dag.py:3954} INFO - Setting next_dagrun for example_setup_teardown_taskflow to 2026-04-21 00:00:00+00:00, run_after=2026-04-22 00:00:00+00:00
[2026-04-22T12:22:32.424+0530] {processor.py:183} INFO - Processing /Library/Frameworks/Python.framework/Versions/3.10/lib/python3.10/site-packages/airflow/example_dags/example_setup_teardown_taskflow.py took 0.055 seconds
[2026-04-22T12:24:12.300+0530] {processor.py:161} INFO - Started process (PID=72587) to work on /Library/Frameworks/Python.framework/Versions/3.10/lib/python3.10/site-packages/airflow/example_dags/example_setup_teardown_taskflow.py
[2026-04-22T12:24:12.301+0530] {processor.py:830} INFO - Processing file /Library/Frameworks/Python.framework/Versions/3.10/lib/python3.10/site-packages/airflow/example_dags/example_setup_teardown_taskflow.py for tasks to queue
[2026-04-22T12:24:12.301+0530] {logging_mixin.py:188} INFO - [2026-04-22T12:24:12.301+0530] {dagbag.py:545} INFO - Filling up the DagBag from /Library/Frameworks/Python.framework/Versions/3.10/lib/python3.10/site-packages/airflow/example_dags/example_setup_teardown_taskflow.py
[2026-04-22T12:24:12.313+0530] {processor.py:840} INFO - DAG(s) 'example_setup_teardown_taskflow' retrieved from /Library/Frameworks/Python.framework/Versions/3.10/lib/python3.10/site-packages/airflow/example_dags/example_setup_teardown_taskflow.py
[2026-04-22T12:24:12.345+0530] {logging_mixin.py:188} INFO - [2026-04-22T12:24:12.344+0530] {dag.py:3096} INFO - Sync 1 DAGs
[2026-04-22T12:24:12.349+0530] {logging_mixin.py:188} INFO - [2026-04-22T12:24:12.349+0530] {dag.py:3954} INFO - Setting next_dagrun for example_setup_teardown_taskflow to 2026-04-21 00:00:00+00:00, run_after=2026-04-22 00:00:00+00:00
[2026-04-22T12:24:12.354+0530] {processor.py:183} INFO - Processing /Library/Frameworks/Python.framework/Versions/3.10/lib/python3.10/site-packages/airflow/example_dags/example_setup_teardown_taskflow.py took 0.055 seconds
[2026-04-22T12:25:59.396+0530] {processor.py:161} INFO - Started process (PID=72865) to work on /Library/Frameworks/Python.framework/Versions/3.10/lib/python3.10/site-packages/airflow/example_dags/example_setup_teardown_taskflow.py
[2026-04-22T12:25:59.396+0530] {processor.py:830} INFO - Processing file /Library/Frameworks/Python.framework/Versions/3.10/lib/python3.10/site-packages/airflow/example_dags/example_setup_teardown_taskflow.py for tasks to queue
[2026-04-22T12:25:59.397+0530] {logging_mixin.py:188} INFO - [2026-04-22T12:25:59.397+0530] {dagbag.py:545} INFO - Filling up the DagBag from /Library/Frameworks/Python.framework/Versions/3.10/lib/python3.10/site-packages/airflow/example_dags/example_setup_teardown_taskflow.py
[2026-04-22T12:25:59.409+0530] {processor.py:840} INFO - DAG(s) 'example_setup_teardown_taskflow' retrieved from /Library/Frameworks/Python.framework/Versions/3.10/lib/python3.10/site-packages/airflow/example_dags/example_setup_teardown_taskflow.py
[2026-04-22T12:25:59.441+0530] {logging_mixin.py:188} INFO - [2026-04-22T12:25:59.441+0530] {dag.py:3096} INFO - Sync 1 DAGs
[2026-04-22T12:25:59.446+0530] {logging_mixin.py:188} INFO - [2026-04-22T12:25:59.446+0530] {dag.py:3954} INFO - Setting next_dagrun for example_setup_teardown_taskflow to 2026-04-21 00:00:00+00:00, run_after=2026-04-22 00:00:00+00:00
[2026-04-22T12:25:59.450+0530] {processor.py:183} INFO - Processing /Library/Frameworks/Python.framework/Versions/3.10/lib/python3.10/site-packages/airflow/example_dags/example_setup_teardown_taskflow.py took 0.055 seconds
[2026-04-22T12:27:44.753+0530] {processor.py:161} INFO - Started process (PID=73034) to work on /Library/Frameworks/Python.framework/Versions/3.10/lib/python3.10/site-packages/airflow/example_dags/example_setup_teardown_taskflow.py
[2026-04-22T12:27:44.753+0530] {processor.py:830} INFO - Processing file /Library/Frameworks/Python.framework/Versions/3.10/lib/python3.10/site-packages/airflow/example_dags/example_setup_teardown_taskflow.py for tasks to queue
[2026-04-22T12:27:44.754+0530] {logging_mixin.py:188} INFO - [2026-04-22T12:27:44.754+0530] {dagbag.py:545} INFO - Filling up the DagBag from /Library/Frameworks/Python.framework/Versions/3.10/lib/python3.10/site-packages/airflow/example_dags/example_setup_teardown_taskflow.py
[2026-04-22T12:27:44.767+0530] {processor.py:840} INFO - DAG(s) 'example_setup_teardown_taskflow' retrieved from /Library/Frameworks/Python.framework/Versions/3.10/lib/python3.10/site-packages/airflow/example_dags/example_setup_teardown_taskflow.py
[2026-04-22T12:27:44.800+0530] {logging_mixin.py:188} INFO - [2026-04-22T12:27:44.800+0530] {dag.py:3096} INFO - Sync 1 DAGs
[2026-04-22T12:27:44.805+0530] {logging_mixin.py:188} INFO - [2026-04-22T12:27:44.805+0530] {dag.py:3954} INFO - Setting next_dagrun for example_setup_teardown_taskflow to 2026-04-21 00:00:00+00:00, run_after=2026-04-22 00:00:00+00:00
[2026-04-22T12:27:44.810+0530] {processor.py:183} INFO - Processing /Library/Frameworks/Python.framework/Versions/3.10/lib/python3.10/site-packages/airflow/example_dags/example_setup_teardown_taskflow.py took 0.058 seconds
[2026-04-22T12:29:39.593+0530] {processor.py:161} INFO - Started process (PID=73257) to work on /Library/Frameworks/Python.framework/Versions/3.10/lib/python3.10/site-packages/airflow/example_dags/example_setup_teardown_taskflow.py
[2026-04-22T12:29:39.594+0530] {processor.py:830} INFO - Processing file /Library/Frameworks/Python.framework/Versions/3.10/lib/python3.10/site-packages/airflow/example_dags/example_setup_teardown_taskflow.py for tasks to queue
[2026-04-22T12:29:39.594+0530] {logging_mixin.py:188} INFO - [2026-04-22T12:29:39.594+0530] {dagbag.py:545} INFO - Filling up the DagBag from /Library/Frameworks/Python.framework/Versions/3.10/lib/python3.10/site-packages/airflow/example_dags/example_setup_teardown_taskflow.py
[2026-04-22T12:29:39.607+0530] {processor.py:840} INFO - DAG(s) 'example_setup_teardown_taskflow' retrieved from /Library/Frameworks/Python.framework/Versions/3.10/lib/python3.10/site-packages/airflow/example_dags/example_setup_teardown_taskflow.py
[2026-04-22T12:29:39.640+0530] {logging_mixin.py:188} INFO - [2026-04-22T12:29:39.640+0530] {dag.py:3096} INFO - Sync 1 DAGs
[2026-04-22T12:29:39.646+0530] {logging_mixin.py:188} INFO - [2026-04-22T12:29:39.646+0530] {dag.py:3954} INFO - Setting next_dagrun for example_setup_teardown_taskflow to 2026-04-21 00:00:00+00:00, run_after=2026-04-22 00:00:00+00:00
[2026-04-22T12:29:39.651+0530] {processor.py:183} INFO - Processing /Library/Frameworks/Python.framework/Versions/3.10/lib/python3.10/site-packages/airflow/example_dags/example_setup_teardown_taskflow.py took 0.059 seconds
[2026-04-22T12:31:28.298+0530] {processor.py:161} INFO - Started process (PID=73505) to work on /Library/Frameworks/Python.framework/Versions/3.10/lib/python3.10/site-packages/airflow/example_dags/example_setup_teardown_taskflow.py
[2026-04-22T12:31:28.299+0530] {processor.py:830} INFO - Processing file /Library/Frameworks/Python.framework/Versions/3.10/lib/python3.10/site-packages/airflow/example_dags/example_setup_teardown_taskflow.py for tasks to queue
[2026-04-22T12:31:28.299+0530] {logging_mixin.py:188} INFO - [2026-04-22T12:31:28.299+0530] {dagbag.py:545} INFO - Filling up the DagBag from /Library/Frameworks/Python.framework/Versions/3.10/lib/python3.10/site-packages/airflow/example_dags/example_setup_teardown_taskflow.py
[2026-04-22T12:31:28.312+0530] {processor.py:840} INFO - DAG(s) 'example_setup_teardown_taskflow' retrieved from /Library/Frameworks/Python.framework/Versions/3.10/lib/python3.10/site-packages/airflow/example_dags/example_setup_teardown_taskflow.py
[2026-04-22T12:31:28.347+0530] {logging_mixin.py:188} INFO - [2026-04-22T12:31:28.347+0530] {dag.py:3096} INFO - Sync 1 DAGs
[2026-04-22T12:31:28.352+0530] {logging_mixin.py:188} INFO - [2026-04-22T12:31:28.352+0530] {dag.py:3954} INFO - Setting next_dagrun for example_setup_teardown_taskflow to 2026-04-21 00:00:00+00:00, run_after=2026-04-22 00:00:00+00:00
[2026-04-22T12:31:28.358+0530] {processor.py:183} INFO - Processing /Library/Frameworks/Python.framework/Versions/3.10/lib/python3.10/site-packages/airflow/example_dags/example_setup_teardown_taskflow.py took 0.061 seconds
[2026-04-22T12:33:12.930+0530] {processor.py:161} INFO - Started process (PID=73702) to work on /Library/Frameworks/Python.framework/Versions/3.10/lib/python3.10/site-packages/airflow/example_dags/example_setup_teardown_taskflow.py
[2026-04-22T12:33:12.931+0530] {processor.py:830} INFO - Processing file /Library/Frameworks/Python.framework/Versions/3.10/lib/python3.10/site-packages/airflow/example_dags/example_setup_teardown_taskflow.py for tasks to queue
[2026-04-22T12:33:12.931+0530] {logging_mixin.py:188} INFO - [2026-04-22T12:33:12.931+0530] {dagbag.py:545} INFO - Filling up the DagBag from /Library/Frameworks/Python.framework/Versions/3.10/lib/python3.10/site-packages/airflow/example_dags/example_setup_teardown_taskflow.py
[2026-04-22T12:33:12.943+0530] {processor.py:840} INFO - DAG(s) 'example_setup_teardown_taskflow' retrieved from /Library/Frameworks/Python.framework/Versions/3.10/lib/python3.10/site-packages/airflow/example_dags/example_setup_teardown_taskflow.py
[2026-04-22T12:33:12.977+0530] {logging_mixin.py:188} INFO - [2026-04-22T12:33:12.977+0530] {dag.py:3096} INFO - Sync 1 DAGs
[2026-04-22T12:33:12.982+0530] {logging_mixin.py:188} INFO - [2026-04-22T12:33:12.982+0530] {dag.py:3954} INFO - Setting next_dagrun for example_setup_teardown_taskflow to 2026-04-21 00:00:00+00:00, run_after=2026-04-22 00:00:00+00:00
[2026-04-22T12:33:12.989+0530] {processor.py:183} INFO - Processing /Library/Frameworks/Python.framework/Versions/3.10/lib/python3.10/site-packages/airflow/example_dags/example_setup_teardown_taskflow.py took 0.059 seconds
[2026-04-22T12:34:58.530+0530] {processor.py:161} INFO - Started process (PID=73834) to work on /Library/Frameworks/Python.framework/Versions/3.10/lib/python3.10/site-packages/airflow/example_dags/example_setup_teardown_taskflow.py
[2026-04-22T12:34:58.531+0530] {processor.py:830} INFO - Processing file /Library/Frameworks/Python.framework/Versions/3.10/lib/python3.10/site-packages/airflow/example_dags/example_setup_teardown_taskflow.py for tasks to queue
[2026-04-22T12:34:58.531+0530] {logging_mixin.py:188} INFO - [2026-04-22T12:34:58.531+0530] {dagbag.py:545} INFO - Filling up the DagBag from /Library/Frameworks/Python.framework/Versions/3.10/lib/python3.10/site-packages/airflow/example_dags/example_setup_teardown_taskflow.py
[2026-04-22T12:34:58.543+0530] {processor.py:840} INFO - DAG(s) 'example_setup_teardown_taskflow' retrieved from /Library/Frameworks/Python.framework/Versions/3.10/lib/python3.10/site-packages/airflow/example_dags/example_setup_teardown_taskflow.py
[2026-04-22T12:34:58.574+0530] {logging_mixin.py:188} INFO - [2026-04-22T12:34:58.574+0530] {dag.py:3096} INFO - Sync 1 DAGs
[2026-04-22T12:34:58.579+0530] {logging_mixin.py:188} INFO - [2026-04-22T12:34:58.578+0530] {dag.py:3954} INFO - Setting next_dagrun for example_setup_teardown_taskflow to 2026-04-21 00:00:00+00:00, run_after=2026-04-22 00:00:00+00:00
[2026-04-22T12:34:58.583+0530] {processor.py:183} INFO - Processing /Library/Frameworks/Python.framework/Versions/3.10/lib/python3.10/site-packages/airflow/example_dags/example_setup_teardown_taskflow.py took 0.055 seconds
[2026-04-22T12:36:39.578+0530] {processor.py:161} INFO - Started process (PID=73968) to work on /Library/Frameworks/Python.framework/Versions/3.10/lib/python3.10/site-packages/airflow/example_dags/example_setup_teardown_taskflow.py
[2026-04-22T12:36:39.578+0530] {processor.py:830} INFO - Processing file /Library/Frameworks/Python.framework/Versions/3.10/lib/python3.10/site-packages/airflow/example_dags/example_setup_teardown_taskflow.py for tasks to queue
[2026-04-22T12:36:39.579+0530] {logging_mixin.py:188} INFO - [2026-04-22T12:36:39.579+0530] {dagbag.py:545} INFO - Filling up the DagBag from /Library/Frameworks/Python.framework/Versions/3.10/lib/python3.10/site-packages/airflow/example_dags/example_setup_teardown_taskflow.py
[2026-04-22T12:36:39.591+0530] {processor.py:840} INFO - DAG(s) 'example_setup_teardown_taskflow' retrieved from /Library/Frameworks/Python.framework/Versions/3.10/lib/python3.10/site-packages/airflow/example_dags/example_setup_teardown_taskflow.py
[2026-04-22T12:36:39.624+0530] {logging_mixin.py:188} INFO - [2026-04-22T12:36:39.624+0530] {dag.py:3096} INFO - Sync 1 DAGs
[2026-04-22T12:36:39.629+0530] {logging_mixin.py:188} INFO - [2026-04-22T12:36:39.629+0530] {dag.py:3954} INFO - Setting next_dagrun for example_setup_teardown_taskflow to 2026-04-21 00:00:00+00:00, run_after=2026-04-22 00:00:00+00:00
[2026-04-22T12:36:39.634+0530] {processor.py:183} INFO - Processing /Library/Frameworks/Python.framework/Versions/3.10/lib/python3.10/site-packages/airflow/example_dags/example_setup_teardown_taskflow.py took 0.057 seconds
[2026-04-22T12:38:32.627+0530] {processor.py:161} INFO - Started process (PID=74090) to work on /Library/Frameworks/Python.framework/Versions/3.10/lib/python3.10/site-packages/airflow/example_dags/example_setup_teardown_taskflow.py
[2026-04-22T12:38:32.628+0530] {processor.py:830} INFO - Processing file /Library/Frameworks/Python.framework/Versions/3.10/lib/python3.10/site-packages/airflow/example_dags/example_setup_teardown_taskflow.py for tasks to queue
[2026-04-22T12:38:32.628+0530] {logging_mixin.py:188} INFO - [2026-04-22T12:38:32.628+0530] {dagbag.py:545} INFO - Filling up the DagBag from /Library/Frameworks/Python.framework/Versions/3.10/lib/python3.10/site-packages/airflow/example_dags/example_setup_teardown_taskflow.py
[2026-04-22T12:38:32.640+0530] {processor.py:840} INFO - DAG(s) 'example_setup_teardown_taskflow' retrieved from /Library/Frameworks/Python.framework/Versions/3.10/lib/python3.10/site-packages/airflow/example_dags/example_setup_teardown_taskflow.py
[2026-04-22T12:38:32.672+0530] {logging_mixin.py:188} INFO - [2026-04-22T12:38:32.672+0530] {dag.py:3096} INFO - Sync 1 DAGs
[2026-04-22T12:38:32.678+0530] {logging_mixin.py:188} INFO - [2026-04-22T12:38:32.677+0530] {dag.py:3954} INFO - Setting next_dagrun for example_setup_teardown_taskflow to 2026-04-21 00:00:00+00:00, run_after=2026-04-22 00:00:00+00:00
[2026-04-22T12:38:32.683+0530] {processor.py:183} INFO - Processing /Library/Frameworks/Python.framework/Versions/3.10/lib/python3.10/site-packages/airflow/example_dags/example_setup_teardown_taskflow.py took 0.057 seconds
[2026-04-22T12:40:32.732+0530] {processor.py:161} INFO - Started process (PID=74229) to work on /Library/Frameworks/Python.framework/Versions/3.10/lib/python3.10/site-packages/airflow/example_dags/example_setup_teardown_taskflow.py
[2026-04-22T12:40:32.732+0530] {processor.py:830} INFO - Processing file /Library/Frameworks/Python.framework/Versions/3.10/lib/python3.10/site-packages/airflow/example_dags/example_setup_teardown_taskflow.py for tasks to queue
[2026-04-22T12:40:32.733+0530] {logging_mixin.py:188} INFO - [2026-04-22T12:40:32.733+0530] {dagbag.py:545} INFO - Filling up the DagBag from /Library/Frameworks/Python.framework/Versions/3.10/lib/python3.10/site-packages/airflow/example_dags/example_setup_teardown_taskflow.py
[2026-04-22T12:40:32.745+0530] {processor.py:840} INFO - DAG(s) 'example_setup_teardown_taskflow' retrieved from /Library/Frameworks/Python.framework/Versions/3.10/lib/python3.10/site-packages/airflow/example_dags/example_setup_teardown_taskflow.py
[2026-04-22T12:40:32.778+0530] {logging_mixin.py:188} INFO - [2026-04-22T12:40:32.778+0530] {dag.py:3096} INFO - Sync 1 DAGs
[2026-04-22T12:40:32.783+0530] {logging_mixin.py:188} INFO - [2026-04-22T12:40:32.783+0530] {dag.py:3954} INFO - Setting next_dagrun for example_setup_teardown_taskflow to 2026-04-21 00:00:00+00:00, run_after=2026-04-22 00:00:00+00:00
[2026-04-22T12:40:32.790+0530] {processor.py:183} INFO - Processing /Library/Frameworks/Python.framework/Versions/3.10/lib/python3.10/site-packages/airflow/example_dags/example_setup_teardown_taskflow.py took 0.059 seconds
[2026-04-22T12:42:29.192+0530] {processor.py:161} INFO - Started process (PID=74374) to work on /Library/Frameworks/Python.framework/Versions/3.10/lib/python3.10/site-packages/airflow/example_dags/example_setup_teardown_taskflow.py
[2026-04-22T12:42:29.193+0530] {processor.py:830} INFO - Processing file /Library/Frameworks/Python.framework/Versions/3.10/lib/python3.10/site-packages/airflow/example_dags/example_setup_teardown_taskflow.py for tasks to queue
[2026-04-22T12:42:29.193+0530] {logging_mixin.py:188} INFO - [2026-04-22T12:42:29.193+0530] {dagbag.py:545} INFO - Filling up the DagBag from /Library/Frameworks/Python.framework/Versions/3.10/lib/python3.10/site-packages/airflow/example_dags/example_setup_teardown_taskflow.py
[2026-04-22T12:42:29.205+0530] {processor.py:840} INFO - DAG(s) 'example_setup_teardown_taskflow' retrieved from /Library/Frameworks/Python.framework/Versions/3.10/lib/python3.10/site-packages/airflow/example_dags/example_setup_teardown_taskflow.py
[2026-04-22T12:42:29.237+0530] {logging_mixin.py:188} INFO - [2026-04-22T12:42:29.237+0530] {dag.py:3096} INFO - Sync 1 DAGs
[2026-04-22T12:42:29.242+0530] {logging_mixin.py:188} INFO - [2026-04-22T12:42:29.242+0530] {dag.py:3954} INFO - Setting next_dagrun for example_setup_teardown_taskflow to 2026-04-21 00:00:00+00:00, run_after=2026-04-22 00:00:00+00:00
[2026-04-22T12:42:29.247+0530] {processor.py:183} INFO - Processing /Library/Frameworks/Python.framework/Versions/3.10/lib/python3.10/site-packages/airflow/example_dags/example_setup_teardown_taskflow.py took 0.056 seconds
