[2026-04-22T07:23:21.903+0530] {processor.py:161} INFO - Started process (PID=68776) to work on /Library/Frameworks/Python.framework/Versions/3.10/lib/python3.10/site-packages/airflow/example_dags/example_bash_decorator.py
[2026-04-22T07:23:21.903+0530] {processor.py:830} INFO - Processing file /Library/Frameworks/Python.framework/Versions/3.10/lib/python3.10/site-packages/airflow/example_dags/example_bash_decorator.py for tasks to queue
[2026-04-22T07:23:21.904+0530] {logging_mixin.py:188} INFO - [2026-04-22T07:23:21.904+0530] {dagbag.py:545} INFO - Filling up the DagBag from /Library/Frameworks/Python.framework/Versions/3.10/lib/python3.10/site-packages/airflow/example_dags/example_bash_decorator.py
[2026-04-22T07:23:21.917+0530] {processor.py:840} INFO - DAG(s) 'example_bash_decorator' retrieved from /Library/Frameworks/Python.framework/Versions/3.10/lib/python3.10/site-packages/airflow/example_dags/example_bash_decorator.py
[2026-04-22T07:23:21.976+0530] {logging_mixin.py:188} INFO - [2026-04-22T07:23:21.976+0530] {dag.py:3096} INFO - Sync 1 DAGs
[2026-04-22T07:23:21.979+0530] {logging_mixin.py:188} INFO - [2026-04-22T07:23:21.979+0530] {dag.py:3954} INFO - Setting next_dagrun for example_bash_decorator to None, run_after=None
[2026-04-22T07:23:21.985+0530] {processor.py:183} INFO - Processing /Library/Frameworks/Python.framework/Versions/3.10/lib/python3.10/site-packages/airflow/example_dags/example_bash_decorator.py took 0.082 seconds
[2026-04-22T11:47:52.704+0530] {processor.py:161} INFO - Started process (PID=69341) to work on /Library/Frameworks/Python.framework/Versions/3.10/lib/python3.10/site-packages/airflow/example_dags/example_bash_decorator.py
[2026-04-22T11:47:52.706+0530] {processor.py:830} INFO - Processing file /Library/Frameworks/Python.framework/Versions/3.10/lib/python3.10/site-packages/airflow/example_dags/example_bash_decorator.py for tasks to queue
[2026-04-22T11:47:52.706+0530] {logging_mixin.py:188} INFO - [2026-04-22T11:47:52.706+0530] {dagbag.py:545} INFO - Filling up the DagBag from /Library/Frameworks/Python.framework/Versions/3.10/lib/python3.10/site-packages/airflow/example_dags/example_bash_decorator.py
[2026-04-22T11:47:52.719+0530] {processor.py:840} INFO - DAG(s) 'example_bash_decorator' retrieved from /Library/Frameworks/Python.framework/Versions/3.10/lib/python3.10/site-packages/airflow/example_dags/example_bash_decorator.py
[2026-04-22T11:47:52.785+0530] {logging_mixin.py:188} INFO - [2026-04-22T11:47:52.785+0530] {dag.py:3096} INFO - Sync 1 DAGs
[2026-04-22T11:47:52.788+0530] {logging_mixin.py:188} INFO - [2026-04-22T11:47:52.788+0530] {dag.py:3954} INFO - Setting next_dagrun for example_bash_decorator to None, run_after=None
[2026-04-22T11:47:52.793+0530] {processor.py:183} INFO - Processing /Library/Frameworks/Python.framework/Versions/3.10/lib/python3.10/site-packages/airflow/example_dags/example_bash_decorator.py took 0.090 seconds
[2026-04-22T11:48:48.470+0530] {processor.py:161} INFO - Started process (PID=69443) to work on /Library/Frameworks/Python.framework/Versions/3.10/lib/python3.10/site-packages/airflow/example_dags/example_bash_decorator.py
[2026-04-22T11:48:48.471+0530] {processor.py:830} INFO - Processing file /Library/Frameworks/Python.framework/Versions/3.10/lib/python3.10/site-packages/airflow/example_dags/example_bash_decorator.py for tasks to queue
[2026-04-22T11:48:48.471+0530] {logging_mixin.py:188} INFO - [2026-04-22T11:48:48.471+0530] {dagbag.py:545} INFO - Filling up the DagBag from /Library/Frameworks/Python.framework/Versions/3.10/lib/python3.10/site-packages/airflow/example_dags/example_bash_decorator.py
[2026-04-22T11:48:48.484+0530] {processor.py:840} INFO - DAG(s) 'example_bash_decorator' retrieved from /Library/Frameworks/Python.framework/Versions/3.10/lib/python3.10/site-packages/airflow/example_dags/example_bash_decorator.py
[2026-04-22T11:48:48.553+0530] {logging_mixin.py:188} INFO - [2026-04-22T11:48:48.553+0530] {dag.py:3096} INFO - Sync 1 DAGs
[2026-04-22T11:48:48.555+0530] {logging_mixin.py:188} INFO - [2026-04-22T11:48:48.555+0530] {dag.py:3954} INFO - Setting next_dagrun for example_bash_decorator to None, run_after=None
[2026-04-22T11:48:48.561+0530] {processor.py:183} INFO - Processing /Library/Frameworks/Python.framework/Versions/3.10/lib/python3.10/site-packages/airflow/example_dags/example_bash_decorator.py took 0.092 seconds
[2026-04-22T11:49:43.654+0530] {processor.py:161} INFO - Started process (PID=69523) to work on /Library/Frameworks/Python.framework/Versions/3.10/lib/python3.10/site-packages/airflow/example_dags/example_bash_decorator.py
[2026-04-22T11:49:43.655+0530] {processor.py:830} INFO - Processing file /Library/Frameworks/Python.framework/Versions/3.10/lib/python3.10/site-packages/airflow/example_dags/example_bash_decorator.py for tasks to queue
[2026-04-22T11:49:43.655+0530] {logging_mixin.py:188} INFO - [2026-04-22T11:49:43.655+0530] {dagbag.py:545} INFO - Filling up the DagBag from /Library/Frameworks/Python.framework/Versions/3.10/lib/python3.10/site-packages/airflow/example_dags/example_bash_decorator.py
[2026-04-22T11:49:43.669+0530] {processor.py:840} INFO - DAG(s) 'example_bash_decorator' retrieved from /Library/Frameworks/Python.framework/Versions/3.10/lib/python3.10/site-packages/airflow/example_dags/example_bash_decorator.py
[2026-04-22T11:49:43.740+0530] {logging_mixin.py:188} INFO - [2026-04-22T11:49:43.740+0530] {dag.py:3096} INFO - Sync 1 DAGs
[2026-04-22T11:49:43.743+0530] {logging_mixin.py:188} INFO - [2026-04-22T11:49:43.743+0530] {dag.py:3954} INFO - Setting next_dagrun for example_bash_decorator to None, run_after=None
[2026-04-22T11:49:43.748+0530] {processor.py:183} INFO - Processing /Library/Frameworks/Python.framework/Versions/3.10/lib/python3.10/site-packages/airflow/example_dags/example_bash_decorator.py took 0.095 seconds
[2026-04-22T11:50:39.316+0530] {processor.py:161} INFO - Started process (PID=69625) to work on /Library/Frameworks/Python.framework/Versions/3.10/lib/python3.10/site-packages/airflow/example_dags/example_bash_decorator.py
[2026-04-22T11:50:39.316+0530] {processor.py:830} INFO - Processing file /Library/Frameworks/Python.framework/Versions/3.10/lib/python3.10/site-packages/airflow/example_dags/example_bash_decorator.py for tasks to queue
[2026-04-22T11:50:39.316+0530] {logging_mixin.py:188} INFO - [2026-04-22T11:50:39.316+0530] {dagbag.py:545} INFO - Filling up the DagBag from /Library/Frameworks/Python.framework/Versions/3.10/lib/python3.10/site-packages/airflow/example_dags/example_bash_decorator.py
[2026-04-22T11:50:39.332+0530] {processor.py:840} INFO - DAG(s) 'example_bash_decorator' retrieved from /Library/Frameworks/Python.framework/Versions/3.10/lib/python3.10/site-packages/airflow/example_dags/example_bash_decorator.py
[2026-04-22T11:50:39.421+0530] {logging_mixin.py:188} INFO - [2026-04-22T11:50:39.420+0530] {dag.py:3096} INFO - Sync 1 DAGs
[2026-04-22T11:50:39.423+0530] {logging_mixin.py:188} INFO - [2026-04-22T11:50:39.423+0530] {dag.py:3954} INFO - Setting next_dagrun for example_bash_decorator to None, run_after=None
[2026-04-22T11:50:39.431+0530] {processor.py:183} INFO - Processing /Library/Frameworks/Python.framework/Versions/3.10/lib/python3.10/site-packages/airflow/example_dags/example_bash_decorator.py took 0.117 seconds
[2026-04-22T12:13:05.705+0530] {processor.py:161} INFO - Started process (PID=71123) to work on /Library/Frameworks/Python.framework/Versions/3.10/lib/python3.10/site-packages/airflow/example_dags/example_bash_decorator.py
[2026-04-22T12:13:05.706+0530] {processor.py:830} INFO - Processing file /Library/Frameworks/Python.framework/Versions/3.10/lib/python3.10/site-packages/airflow/example_dags/example_bash_decorator.py for tasks to queue
[2026-04-22T12:13:05.706+0530] {logging_mixin.py:188} INFO - [2026-04-22T12:13:05.706+0530] {dagbag.py:545} INFO - Filling up the DagBag from /Library/Frameworks/Python.framework/Versions/3.10/lib/python3.10/site-packages/airflow/example_dags/example_bash_decorator.py
[2026-04-22T12:13:05.724+0530] {processor.py:840} INFO - DAG(s) 'example_bash_decorator' retrieved from /Library/Frameworks/Python.framework/Versions/3.10/lib/python3.10/site-packages/airflow/example_dags/example_bash_decorator.py
[2026-04-22T12:13:05.806+0530] {logging_mixin.py:188} INFO - [2026-04-22T12:13:05.806+0530] {dag.py:3096} INFO - Sync 1 DAGs
[2026-04-22T12:13:05.809+0530] {logging_mixin.py:188} INFO - [2026-04-22T12:13:05.809+0530] {dag.py:3954} INFO - Setting next_dagrun for example_bash_decorator to None, run_after=None
[2026-04-22T12:13:05.815+0530] {processor.py:183} INFO - Processing /Library/Frameworks/Python.framework/Versions/3.10/lib/python3.10/site-packages/airflow/example_dags/example_bash_decorator.py took 0.112 seconds
[2026-04-22T12:19:37.932+0530] {processor.py:161} INFO - Started process (PID=71740) to work on /Library/Frameworks/Python.framework/Versions/3.10/lib/python3.10/site-packages/airflow/example_dags/example_bash_decorator.py
[2026-04-22T12:19:37.932+0530] {processor.py:830} INFO - Processing file /Library/Frameworks/Python.framework/Versions/3.10/lib/python3.10/site-packages/airflow/example_dags/example_bash_decorator.py for tasks to queue
[2026-04-22T12:19:37.932+0530] {logging_mixin.py:188} INFO - [2026-04-22T12:19:37.932+0530] {dagbag.py:545} INFO - Filling up the DagBag from /Library/Frameworks/Python.framework/Versions/3.10/lib/python3.10/site-packages/airflow/example_dags/example_bash_decorator.py
[2026-04-22T12:19:37.947+0530] {processor.py:840} INFO - DAG(s) 'example_bash_decorator' retrieved from /Library/Frameworks/Python.framework/Versions/3.10/lib/python3.10/site-packages/airflow/example_dags/example_bash_decorator.py
[2026-04-22T12:19:38.031+0530] {logging_mixin.py:188} INFO - [2026-04-22T12:19:38.031+0530] {dag.py:3096} INFO - Sync 1 DAGs
[2026-04-22T12:19:38.033+0530] {logging_mixin.py:188} INFO - [2026-04-22T12:19:38.033+0530] {dag.py:3954} INFO - Setting next_dagrun for example_bash_decorator to None, run_after=None
[2026-04-22T12:19:38.041+0530] {processor.py:183} INFO - Processing /Library/Frameworks/Python.framework/Versions/3.10/lib/python3.10/site-packages/airflow/example_dags/example_bash_decorator.py took 0.110 seconds
[2026-04-22T12:21:54.793+0530] {processor.py:161} INFO - Started process (PID=72377) to work on /Library/Frameworks/Python.framework/Versions/3.10/lib/python3.10/site-packages/airflow/example_dags/example_bash_decorator.py
[2026-04-22T12:21:54.794+0530] {processor.py:830} INFO - Processing file /Library/Frameworks/Python.framework/Versions/3.10/lib/python3.10/site-packages/airflow/example_dags/example_bash_decorator.py for tasks to queue
[2026-04-22T12:21:54.795+0530] {logging_mixin.py:188} INFO - [2026-04-22T12:21:54.795+0530] {dagbag.py:545} INFO - Filling up the DagBag from /Library/Frameworks/Python.framework/Versions/3.10/lib/python3.10/site-packages/airflow/example_dags/example_bash_decorator.py
[2026-04-22T12:21:54.809+0530] {processor.py:840} INFO - DAG(s) 'example_bash_decorator' retrieved from /Library/Frameworks/Python.framework/Versions/3.10/lib/python3.10/site-packages/airflow/example_dags/example_bash_decorator.py
[2026-04-22T12:21:54.879+0530] {logging_mixin.py:188} INFO - [2026-04-22T12:21:54.879+0530] {dag.py:3096} INFO - Sync 1 DAGs
[2026-04-22T12:21:54.881+0530] {logging_mixin.py:188} INFO - [2026-04-22T12:21:54.881+0530] {dag.py:3954} INFO - Setting next_dagrun for example_bash_decorator to None, run_after=None
[2026-04-22T12:21:54.887+0530] {processor.py:183} INFO - Processing /Library/Frameworks/Python.framework/Versions/3.10/lib/python3.10/site-packages/airflow/example_dags/example_bash_decorator.py took 0.095 seconds
[2026-04-22T12:23:36.937+0530] {processor.py:161} INFO - Started process (PID=72553) to work on /Library/Frameworks/Python.framework/Versions/3.10/lib/python3.10/site-packages/airflow/example_dags/example_bash_decorator.py
[2026-04-22T12:23:36.938+0530] {processor.py:830} INFO - Processing file /Library/Frameworks/Python.framework/Versions/3.10/lib/python3.10/site-packages/airflow/example_dags/example_bash_decorator.py for tasks to queue
[2026-04-22T12:23:36.938+0530] {logging_mixin.py:188} INFO - [2026-04-22T12:23:36.938+0530] {dagbag.py:545} INFO - Filling up the DagBag from /Library/Frameworks/Python.framework/Versions/3.10/lib/python3.10/site-packages/airflow/example_dags/example_bash_decorator.py
[2026-04-22T12:23:36.951+0530] {processor.py:840} INFO - DAG(s) 'example_bash_decorator' retrieved from /Library/Frameworks/Python.framework/Versions/3.10/lib/python3.10/site-packages/airflow/example_dags/example_bash_decorator.py
[2026-04-22T12:23:37.030+0530] {logging_mixin.py:188} INFO - [2026-04-22T12:23:37.030+0530] {dag.py:3096} INFO - Sync 1 DAGs
[2026-04-22T12:23:37.033+0530] {logging_mixin.py:188} INFO - [2026-04-22T12:23:37.033+0530] {dag.py:3954} INFO - Setting next_dagrun for example_bash_decorator to None, run_after=None
[2026-04-22T12:23:37.038+0530] {processor.py:183} INFO - Processing /Library/Frameworks/Python.framework/Versions/3.10/lib/python3.10/site-packages/airflow/example_dags/example_bash_decorator.py took 0.102 seconds
[2026-04-22T12:25:19.551+0530] {processor.py:161} INFO - Started process (PID=72803) to work on /Library/Frameworks/Python.framework/Versions/3.10/lib/python3.10/site-packages/airflow/example_dags/example_bash_decorator.py
[2026-04-22T12:25:19.551+0530] {processor.py:830} INFO - Processing file /Library/Frameworks/Python.framework/Versions/3.10/lib/python3.10/site-packages/airflow/example_dags/example_bash_decorator.py for tasks to queue
[2026-04-22T12:25:19.551+0530] {logging_mixin.py:188} INFO - [2026-04-22T12:25:19.551+0530] {dagbag.py:545} INFO - Filling up the DagBag from /Library/Frameworks/Python.framework/Versions/3.10/lib/python3.10/site-packages/airflow/example_dags/example_bash_decorator.py
[2026-04-22T12:25:19.566+0530] {processor.py:840} INFO - DAG(s) 'example_bash_decorator' retrieved from /Library/Frameworks/Python.framework/Versions/3.10/lib/python3.10/site-packages/airflow/example_dags/example_bash_decorator.py
[2026-04-22T12:25:19.644+0530] {logging_mixin.py:188} INFO - [2026-04-22T12:25:19.644+0530] {dag.py:3096} INFO - Sync 1 DAGs
[2026-04-22T12:25:19.647+0530] {logging_mixin.py:188} INFO - [2026-04-22T12:25:19.647+0530] {dag.py:3954} INFO - Setting next_dagrun for example_bash_decorator to None, run_after=None
[2026-04-22T12:25:19.653+0530] {processor.py:183} INFO - Processing /Library/Frameworks/Python.framework/Versions/3.10/lib/python3.10/site-packages/airflow/example_dags/example_bash_decorator.py took 0.103 seconds
[2026-04-22T12:27:05.967+0530] {processor.py:161} INFO - Started process (PID=72951) to work on /Library/Frameworks/Python.framework/Versions/3.10/lib/python3.10/site-packages/airflow/example_dags/example_bash_decorator.py
[2026-04-22T12:27:05.967+0530] {processor.py:830} INFO - Processing file /Library/Frameworks/Python.framework/Versions/3.10/lib/python3.10/site-packages/airflow/example_dags/example_bash_decorator.py for tasks to queue
[2026-04-22T12:27:05.967+0530] {logging_mixin.py:188} INFO - [2026-04-22T12:27:05.967+0530] {dagbag.py:545} INFO - Filling up the DagBag from /Library/Frameworks/Python.framework/Versions/3.10/lib/python3.10/site-packages/airflow/example_dags/example_bash_decorator.py
[2026-04-22T12:27:05.984+0530] {processor.py:840} INFO - DAG(s) 'example_bash_decorator' retrieved from /Library/Frameworks/Python.framework/Versions/3.10/lib/python3.10/site-packages/airflow/example_dags/example_bash_decorator.py
[2026-04-22T12:27:06.063+0530] {logging_mixin.py:188} INFO - [2026-04-22T12:27:06.063+0530] {dag.py:3096} INFO - Sync 1 DAGs
[2026-04-22T12:27:06.066+0530] {logging_mixin.py:188} INFO - [2026-04-22T12:27:06.066+0530] {dag.py:3954} INFO - Setting next_dagrun for example_bash_decorator to None, run_after=None
[2026-04-22T12:27:06.072+0530] {processor.py:183} INFO - Processing /Library/Frameworks/Python.framework/Versions/3.10/lib/python3.10/site-packages/airflow/example_dags/example_bash_decorator.py took 0.107 seconds
[2026-04-22T12:29:00.700+0530] {processor.py:161} INFO - Started process (PID=73168) to work on /Library/Frameworks/Python.framework/Versions/3.10/lib/python3.10/site-packages/airflow/example_dags/example_bash_decorator.py
[2026-04-22T12:29:00.700+0530] {processor.py:830} INFO - Processing file /Library/Frameworks/Python.framework/Versions/3.10/lib/python3.10/site-packages/airflow/example_dags/example_bash_decorator.py for tasks to queue
[2026-04-22T12:29:00.700+0530] {logging_mixin.py:188} INFO - [2026-04-22T12:29:00.700+0530] {dagbag.py:545} INFO - Filling up the DagBag from /Library/Frameworks/Python.framework/Versions/3.10/lib/python3.10/site-packages/airflow/example_dags/example_bash_decorator.py
[2026-04-22T12:29:00.714+0530] {processor.py:840} INFO - DAG(s) 'example_bash_decorator' retrieved from /Library/Frameworks/Python.framework/Versions/3.10/lib/python3.10/site-packages/airflow/example_dags/example_bash_decorator.py
[2026-04-22T12:29:00.786+0530] {logging_mixin.py:188} INFO - [2026-04-22T12:29:00.786+0530] {dag.py:3096} INFO - Sync 1 DAGs
[2026-04-22T12:29:00.789+0530] {logging_mixin.py:188} INFO - [2026-04-22T12:29:00.789+0530] {dag.py:3954} INFO - Setting next_dagrun for example_bash_decorator to None, run_after=None
[2026-04-22T12:29:00.795+0530] {processor.py:183} INFO - Processing /Library/Frameworks/Python.framework/Versions/3.10/lib/python3.10/site-packages/airflow/example_dags/example_bash_decorator.py took 0.096 seconds
[2026-04-22T12:30:49.362+0530] {processor.py:161} INFO - Started process (PID=73432) to work on /Library/Frameworks/Python.framework/Versions/3.10/lib/python3.10/site-packages/airflow/example_dags/example_bash_decorator.py
[2026-04-22T12:30:49.363+0530] {processor.py:830} INFO - Processing file /Library/Frameworks/Python.framework/Versions/3.10/lib/python3.10/site-packages/airflow/example_dags/example_bash_decorator.py for tasks to queue
[2026-04-22T12:30:49.363+0530] {logging_mixin.py:188} INFO - [2026-04-22T12:30:49.363+0530] {dagbag.py:545} INFO - Filling up the DagBag from /Library/Frameworks/Python.framework/Versions/3.10/lib/python3.10/site-packages/airflow/example_dags/example_bash_decorator.py
[2026-04-22T12:30:49.380+0530] {processor.py:840} INFO - DAG(s) 'example_bash_decorator' retrieved from /Library/Frameworks/Python.framework/Versions/3.10/lib/python3.10/site-packages/airflow/example_dags/example_bash_decorator.py
[2026-04-22T12:30:49.451+0530] {logging_mixin.py:188} INFO - [2026-04-22T12:30:49.451+0530] {dag.py:3096} INFO - Sync 1 DAGs
[2026-04-22T12:30:49.454+0530] {logging_mixin.py:188} INFO - [2026-04-22T12:30:49.453+0530] {dag.py:3954} INFO - Setting next_dagrun for example_bash_decorator to None, run_after=None
[2026-04-22T12:30:49.459+0530] {processor.py:183} INFO - Processing /Library/Frameworks/Python.framework/Versions/3.10/lib/python3.10/site-packages/airflow/example_dags/example_bash_decorator.py took 0.098 seconds
[2026-04-22T12:32:37.632+0530] {processor.py:161} INFO - Started process (PID=73647) to work on /Library/Frameworks/Python.framework/Versions/3.10/lib/python3.10/site-packages/airflow/example_dags/example_bash_decorator.py
[2026-04-22T12:32:37.633+0530] {processor.py:830} INFO - Processing file /Library/Frameworks/Python.framework/Versions/3.10/lib/python3.10/site-packages/airflow/example_dags/example_bash_decorator.py for tasks to queue
[2026-04-22T12:32:37.633+0530] {logging_mixin.py:188} INFO - [2026-04-22T12:32:37.633+0530] {dagbag.py:545} INFO - Filling up the DagBag from /Library/Frameworks/Python.framework/Versions/3.10/lib/python3.10/site-packages/airflow/example_dags/example_bash_decorator.py
[2026-04-22T12:32:37.650+0530] {processor.py:840} INFO - DAG(s) 'example_bash_decorator' retrieved from /Library/Frameworks/Python.framework/Versions/3.10/lib/python3.10/site-packages/airflow/example_dags/example_bash_decorator.py
[2026-04-22T12:32:37.725+0530] {logging_mixin.py:188} INFO - [2026-04-22T12:32:37.725+0530] {dag.py:3096} INFO - Sync 1 DAGs
[2026-04-22T12:32:37.728+0530] {logging_mixin.py:188} INFO - [2026-04-22T12:32:37.728+0530] {dag.py:3954} INFO - Setting next_dagrun for example_bash_decorator to None, run_after=None
[2026-04-22T12:32:37.734+0530] {processor.py:183} INFO - Processing /Library/Frameworks/Python.framework/Versions/3.10/lib/python3.10/site-packages/airflow/example_dags/example_bash_decorator.py took 0.102 seconds
[2026-04-22T12:34:20.877+0530] {processor.py:161} INFO - Started process (PID=73787) to work on /Library/Frameworks/Python.framework/Versions/3.10/lib/python3.10/site-packages/airflow/example_dags/example_bash_decorator.py
[2026-04-22T12:34:20.878+0530] {processor.py:830} INFO - Processing file /Library/Frameworks/Python.framework/Versions/3.10/lib/python3.10/site-packages/airflow/example_dags/example_bash_decorator.py for tasks to queue
[2026-04-22T12:34:20.878+0530] {logging_mixin.py:188} INFO - [2026-04-22T12:34:20.878+0530] {dagbag.py:545} INFO - Filling up the DagBag from /Library/Frameworks/Python.framework/Versions/3.10/lib/python3.10/site-packages/airflow/example_dags/example_bash_decorator.py
[2026-04-22T12:34:20.891+0530] {processor.py:840} INFO - DAG(s) 'example_bash_decorator' retrieved from /Library/Frameworks/Python.framework/Versions/3.10/lib/python3.10/site-packages/airflow/example_dags/example_bash_decorator.py
[2026-04-22T12:34:20.964+0530] {logging_mixin.py:188} INFO - [2026-04-22T12:34:20.964+0530] {dag.py:3096} INFO - Sync 1 DAGs
[2026-04-22T12:34:20.967+0530] {logging_mixin.py:188} INFO - [2026-04-22T12:34:20.967+0530] {dag.py:3954} INFO - Setting next_dagrun for example_bash_decorator to None, run_after=None
[2026-04-22T12:34:20.972+0530] {processor.py:183} INFO - Processing /Library/Frameworks/Python.framework/Versions/3.10/lib/python3.10/site-packages/airflow/example_dags/example_bash_decorator.py took 0.096 seconds
[2026-04-22T12:36:06.100+0530] {processor.py:161} INFO - Started process (PID=73926) to work on /Library/Frameworks/Python.framework/Versions/3.10/lib/python3.10/site-packages/airflow/example_dags/example_bash_decorator.py
[2026-04-22T12:36:06.101+0530] {processor.py:830} INFO - Processing file /Library/Frameworks/Python.framework/Versions/3.10/lib/python3.10/site-packages/airflow/example_dags/example_bash_decorator.py for tasks to queue
[2026-04-22T12:36:06.101+0530] {logging_mixin.py:188} INFO - [2026-04-22T12:36:06.101+0530] {dagbag.py:545} INFO - Filling up the DagBag from /Library/Frameworks/Python.framework/Versions/3.10/lib/python3.10/site-packages/airflow/example_dags/example_bash_decorator.py
[2026-04-22T12:36:06.121+0530] {processor.py:840} INFO - DAG(s) 'example_bash_decorator' retrieved from /Library/Frameworks/Python.framework/Versions/3.10/lib/python3.10/site-packages/airflow/example_dags/example_bash_decorator.py
[2026-04-22T12:36:06.195+0530] {logging_mixin.py:188} INFO - [2026-04-22T12:36:06.195+0530] {dag.py:3096} INFO - Sync 1 DAGs
[2026-04-22T12:36:06.198+0530] {logging_mixin.py:188} INFO - [2026-04-22T12:36:06.198+0530] {dag.py:3954} INFO - Setting next_dagrun for example_bash_decorator to None, run_after=None
[2026-04-22T12:36:06.203+0530] {processor.py:183} INFO - Processing /Library/Frameworks/Python.framework/Versions/3.10/lib/python3.10/site-packages/airflow/example_dags/example_bash_decorator.py took 0.104 seconds
[2026-04-22T12:37:50.849+0530] {processor.py:161} INFO - Started process (PID=74044) to work on /Library/Frameworks/Python.framework/Versions/3.10/lib/python3.10/site-packages/airflow/example_dags/example_bash_decorator.py
[2026-04-22T12:37:50.850+0530] {processor.py:830} INFO - Processing file /Library/Frameworks/Python.framework/Versions/3.10/lib/python3.10/site-packages/airflow/example_dags/example_bash_decorator.py for tasks to queue
[2026-04-22T12:37:50.850+0530] {logging_mixin.py:188} INFO - [2026-04-22T12:37:50.850+0530] {dagbag.py:545} INFO - Filling up the DagBag from /Library/Frameworks/Python.framework/Versions/3.10/lib/python3.10/site-packages/airflow/example_dags/example_bash_decorator.py
[2026-04-22T12:37:50.864+0530] {processor.py:840} INFO - DAG(s) 'example_bash_decorator' retrieved from /Library/Frameworks/Python.framework/Versions/3.10/lib/python3.10/site-packages/airflow/example_dags/example_bash_decorator.py
[2026-04-22T12:37:50.938+0530] {logging_mixin.py:188} INFO - [2026-04-22T12:37:50.938+0530] {dag.py:3096} INFO - Sync 1 DAGs
[2026-04-22T12:37:50.941+0530] {logging_mixin.py:188} INFO - [2026-04-22T12:37:50.941+0530] {dag.py:3954} INFO - Setting next_dagrun for example_bash_decorator to None, run_after=None
[2026-04-22T12:37:50.946+0530] {processor.py:183} INFO - Processing /Library/Frameworks/Python.framework/Versions/3.10/lib/python3.10/site-packages/airflow/example_dags/example_bash_decorator.py took 0.098 seconds
[2026-04-22T12:39:51.416+0530] {processor.py:161} INFO - Started process (PID=74183) to work on /Library/Frameworks/Python.framework/Versions/3.10/lib/python3.10/site-packages/airflow/example_dags/example_bash_decorator.py
[2026-04-22T12:39:51.417+0530] {processor.py:830} INFO - Processing file /Library/Frameworks/Python.framework/Versions/3.10/lib/python3.10/site-packages/airflow/example_dags/example_bash_decorator.py for tasks to queue
[2026-04-22T12:39:51.417+0530] {logging_mixin.py:188} INFO - [2026-04-22T12:39:51.417+0530] {dagbag.py:545} INFO - Filling up the DagBag from /Library/Frameworks/Python.framework/Versions/3.10/lib/python3.10/site-packages/airflow/example_dags/example_bash_decorator.py
[2026-04-22T12:39:51.432+0530] {processor.py:840} INFO - DAG(s) 'example_bash_decorator' retrieved from /Library/Frameworks/Python.framework/Versions/3.10/lib/python3.10/site-packages/airflow/example_dags/example_bash_decorator.py
[2026-04-22T12:39:51.507+0530] {logging_mixin.py:188} INFO - [2026-04-22T12:39:51.507+0530] {dag.py:3096} INFO - Sync 1 DAGs
[2026-04-22T12:39:51.510+0530] {logging_mixin.py:188} INFO - [2026-04-22T12:39:51.510+0530] {dag.py:3954} INFO - Setting next_dagrun for example_bash_decorator to None, run_after=None
[2026-04-22T12:39:51.516+0530] {processor.py:183} INFO - Processing /Library/Frameworks/Python.framework/Versions/3.10/lib/python3.10/site-packages/airflow/example_dags/example_bash_decorator.py took 0.101 seconds
[2026-04-22T12:41:52.497+0530] {processor.py:161} INFO - Started process (PID=74331) to work on /Library/Frameworks/Python.framework/Versions/3.10/lib/python3.10/site-packages/airflow/example_dags/example_bash_decorator.py
[2026-04-22T12:41:52.497+0530] {processor.py:830} INFO - Processing file /Library/Frameworks/Python.framework/Versions/3.10/lib/python3.10/site-packages/airflow/example_dags/example_bash_decorator.py for tasks to queue
[2026-04-22T12:41:52.497+0530] {logging_mixin.py:188} INFO - [2026-04-22T12:41:52.497+0530] {dagbag.py:545} INFO - Filling up the DagBag from /Library/Frameworks/Python.framework/Versions/3.10/lib/python3.10/site-packages/airflow/example_dags/example_bash_decorator.py
[2026-04-22T12:41:52.511+0530] {processor.py:840} INFO - DAG(s) 'example_bash_decorator' retrieved from /Library/Frameworks/Python.framework/Versions/3.10/lib/python3.10/site-packages/airflow/example_dags/example_bash_decorator.py
[2026-04-22T12:41:52.584+0530] {logging_mixin.py:188} INFO - [2026-04-22T12:41:52.584+0530] {dag.py:3096} INFO - Sync 1 DAGs
[2026-04-22T12:41:52.586+0530] {logging_mixin.py:188} INFO - [2026-04-22T12:41:52.586+0530] {dag.py:3954} INFO - Setting next_dagrun for example_bash_decorator to None, run_after=None
[2026-04-22T12:41:52.592+0530] {processor.py:183} INFO - Processing /Library/Frameworks/Python.framework/Versions/3.10/lib/python3.10/site-packages/airflow/example_dags/example_bash_decorator.py took 0.096 seconds
