[2026-04-22T05:58:07.801+0530] {processor.py:161} INFO - Started process (PID=68519) to work on /Library/Frameworks/Python.framework/Versions/3.10/lib/python3.10/site-packages/airflow/example_dags/example_short_circuit_operator.py
[2026-04-22T05:58:07.801+0530] {processor.py:830} INFO - Processing file /Library/Frameworks/Python.framework/Versions/3.10/lib/python3.10/site-packages/airflow/example_dags/example_short_circuit_operator.py for tasks to queue
[2026-04-22T05:58:07.802+0530] {logging_mixin.py:188} INFO - [2026-04-22T05:58:07.802+0530] {dagbag.py:545} INFO - Filling up the DagBag from /Library/Frameworks/Python.framework/Versions/3.10/lib/python3.10/site-packages/airflow/example_dags/example_short_circuit_operator.py
[2026-04-22T05:58:07.813+0530] {processor.py:840} INFO - DAG(s) 'example_short_circuit_operator' retrieved from /Library/Frameworks/Python.framework/Versions/3.10/lib/python3.10/site-packages/airflow/example_dags/example_short_circuit_operator.py
[2026-04-22T05:58:07.853+0530] {logging_mixin.py:188} INFO - [2026-04-22T05:58:07.853+0530] {dag.py:3096} INFO - Sync 1 DAGs
[2026-04-22T05:58:07.859+0530] {logging_mixin.py:188} INFO - [2026-04-22T05:58:07.859+0530] {dag.py:3954} INFO - Setting next_dagrun for example_short_circuit_operator to 2026-04-21 00:00:00+00:00, run_after=2026-04-22 00:00:00+00:00
[2026-04-22T05:58:07.865+0530] {processor.py:183} INFO - Processing /Library/Frameworks/Python.framework/Versions/3.10/lib/python3.10/site-packages/airflow/example_dags/example_short_circuit_operator.py took 0.066 seconds
[2026-04-22T11:47:24.327+0530] {processor.py:161} INFO - Started process (PID=69295) to work on /Library/Frameworks/Python.framework/Versions/3.10/lib/python3.10/site-packages/airflow/example_dags/example_short_circuit_operator.py
[2026-04-22T11:47:24.328+0530] {processor.py:830} INFO - Processing file /Library/Frameworks/Python.framework/Versions/3.10/lib/python3.10/site-packages/airflow/example_dags/example_short_circuit_operator.py for tasks to queue
[2026-04-22T11:47:24.328+0530] {logging_mixin.py:188} INFO - [2026-04-22T11:47:24.328+0530] {dagbag.py:545} INFO - Filling up the DagBag from /Library/Frameworks/Python.framework/Versions/3.10/lib/python3.10/site-packages/airflow/example_dags/example_short_circuit_operator.py
[2026-04-22T11:47:24.337+0530] {processor.py:840} INFO - DAG(s) 'example_short_circuit_operator' retrieved from /Library/Frameworks/Python.framework/Versions/3.10/lib/python3.10/site-packages/airflow/example_dags/example_short_circuit_operator.py
[2026-04-22T11:47:24.371+0530] {logging_mixin.py:188} INFO - [2026-04-22T11:47:24.371+0530] {dag.py:3096} INFO - Sync 1 DAGs
[2026-04-22T11:47:24.376+0530] {logging_mixin.py:188} INFO - [2026-04-22T11:47:24.376+0530] {dag.py:3954} INFO - Setting next_dagrun for example_short_circuit_operator to 2026-04-21 00:00:00+00:00, run_after=2026-04-22 00:00:00+00:00
[2026-04-22T11:47:24.381+0530] {processor.py:183} INFO - Processing /Library/Frameworks/Python.framework/Versions/3.10/lib/python3.10/site-packages/airflow/example_dags/example_short_circuit_operator.py took 0.054 seconds
[2026-04-22T11:48:13.083+0530] {processor.py:161} INFO - Started process (PID=69378) to work on /Library/Frameworks/Python.framework/Versions/3.10/lib/python3.10/site-packages/airflow/example_dags/example_short_circuit_operator.py
[2026-04-22T11:48:13.084+0530] {processor.py:830} INFO - Processing file /Library/Frameworks/Python.framework/Versions/3.10/lib/python3.10/site-packages/airflow/example_dags/example_short_circuit_operator.py for tasks to queue
[2026-04-22T11:48:13.084+0530] {logging_mixin.py:188} INFO - [2026-04-22T11:48:13.084+0530] {dagbag.py:545} INFO - Filling up the DagBag from /Library/Frameworks/Python.framework/Versions/3.10/lib/python3.10/site-packages/airflow/example_dags/example_short_circuit_operator.py
[2026-04-22T11:48:13.094+0530] {processor.py:840} INFO - DAG(s) 'example_short_circuit_operator' retrieved from /Library/Frameworks/Python.framework/Versions/3.10/lib/python3.10/site-packages/airflow/example_dags/example_short_circuit_operator.py
[2026-04-22T11:48:13.127+0530] {logging_mixin.py:188} INFO - [2026-04-22T11:48:13.127+0530] {dag.py:3096} INFO - Sync 1 DAGs
[2026-04-22T11:48:13.132+0530] {logging_mixin.py:188} INFO - [2026-04-22T11:48:13.132+0530] {dag.py:3954} INFO - Setting next_dagrun for example_short_circuit_operator to 2026-04-21 00:00:00+00:00, run_after=2026-04-22 00:00:00+00:00
[2026-04-22T11:48:13.137+0530] {processor.py:183} INFO - Processing /Library/Frameworks/Python.framework/Versions/3.10/lib/python3.10/site-packages/airflow/example_dags/example_short_circuit_operator.py took 0.055 seconds
[2026-04-22T11:49:01.822+0530] {processor.py:161} INFO - Started process (PID=69461) to work on /Library/Frameworks/Python.framework/Versions/3.10/lib/python3.10/site-packages/airflow/example_dags/example_short_circuit_operator.py
[2026-04-22T11:49:01.824+0530] {processor.py:830} INFO - Processing file /Library/Frameworks/Python.framework/Versions/3.10/lib/python3.10/site-packages/airflow/example_dags/example_short_circuit_operator.py for tasks to queue
[2026-04-22T11:49:01.824+0530] {logging_mixin.py:188} INFO - [2026-04-22T11:49:01.824+0530] {dagbag.py:545} INFO - Filling up the DagBag from /Library/Frameworks/Python.framework/Versions/3.10/lib/python3.10/site-packages/airflow/example_dags/example_short_circuit_operator.py
[2026-04-22T11:49:01.833+0530] {processor.py:840} INFO - DAG(s) 'example_short_circuit_operator' retrieved from /Library/Frameworks/Python.framework/Versions/3.10/lib/python3.10/site-packages/airflow/example_dags/example_short_circuit_operator.py
[2026-04-22T11:49:01.865+0530] {logging_mixin.py:188} INFO - [2026-04-22T11:49:01.865+0530] {dag.py:3096} INFO - Sync 1 DAGs
[2026-04-22T11:49:01.870+0530] {logging_mixin.py:188} INFO - [2026-04-22T11:49:01.870+0530] {dag.py:3954} INFO - Setting next_dagrun for example_short_circuit_operator to 2026-04-21 00:00:00+00:00, run_after=2026-04-22 00:00:00+00:00
[2026-04-22T11:49:01.875+0530] {processor.py:183} INFO - Processing /Library/Frameworks/Python.framework/Versions/3.10/lib/python3.10/site-packages/airflow/example_dags/example_short_circuit_operator.py took 0.054 seconds
[2026-04-22T11:49:57.455+0530] {processor.py:161} INFO - Started process (PID=69557) to work on /Library/Frameworks/Python.framework/Versions/3.10/lib/python3.10/site-packages/airflow/example_dags/example_short_circuit_operator.py
[2026-04-22T11:49:57.456+0530] {processor.py:830} INFO - Processing file /Library/Frameworks/Python.framework/Versions/3.10/lib/python3.10/site-packages/airflow/example_dags/example_short_circuit_operator.py for tasks to queue
[2026-04-22T11:49:57.456+0530] {logging_mixin.py:188} INFO - [2026-04-22T11:49:57.456+0530] {dagbag.py:545} INFO - Filling up the DagBag from /Library/Frameworks/Python.framework/Versions/3.10/lib/python3.10/site-packages/airflow/example_dags/example_short_circuit_operator.py
[2026-04-22T11:49:57.465+0530] {processor.py:840} INFO - DAG(s) 'example_short_circuit_operator' retrieved from /Library/Frameworks/Python.framework/Versions/3.10/lib/python3.10/site-packages/airflow/example_dags/example_short_circuit_operator.py
[2026-04-22T11:49:57.498+0530] {logging_mixin.py:188} INFO - [2026-04-22T11:49:57.498+0530] {dag.py:3096} INFO - Sync 1 DAGs
[2026-04-22T11:49:57.503+0530] {logging_mixin.py:188} INFO - [2026-04-22T11:49:57.503+0530] {dag.py:3954} INFO - Setting next_dagrun for example_short_circuit_operator to 2026-04-21 00:00:00+00:00, run_after=2026-04-22 00:00:00+00:00
[2026-04-22T11:49:57.508+0530] {processor.py:183} INFO - Processing /Library/Frameworks/Python.framework/Versions/3.10/lib/python3.10/site-packages/airflow/example_dags/example_short_circuit_operator.py took 0.055 seconds
[2026-04-22T11:50:52.402+0530] {processor.py:161} INFO - Started process (PID=69645) to work on /Library/Frameworks/Python.framework/Versions/3.10/lib/python3.10/site-packages/airflow/example_dags/example_short_circuit_operator.py
[2026-04-22T11:50:52.403+0530] {processor.py:830} INFO - Processing file /Library/Frameworks/Python.framework/Versions/3.10/lib/python3.10/site-packages/airflow/example_dags/example_short_circuit_operator.py for tasks to queue
[2026-04-22T11:50:52.403+0530] {logging_mixin.py:188} INFO - [2026-04-22T11:50:52.403+0530] {dagbag.py:545} INFO - Filling up the DagBag from /Library/Frameworks/Python.framework/Versions/3.10/lib/python3.10/site-packages/airflow/example_dags/example_short_circuit_operator.py
[2026-04-22T11:50:52.413+0530] {processor.py:840} INFO - DAG(s) 'example_short_circuit_operator' retrieved from /Library/Frameworks/Python.framework/Versions/3.10/lib/python3.10/site-packages/airflow/example_dags/example_short_circuit_operator.py
[2026-04-22T11:50:52.447+0530] {logging_mixin.py:188} INFO - [2026-04-22T11:50:52.446+0530] {dag.py:3096} INFO - Sync 1 DAGs
[2026-04-22T11:50:52.452+0530] {logging_mixin.py:188} INFO - [2026-04-22T11:50:52.452+0530] {dag.py:3954} INFO - Setting next_dagrun for example_short_circuit_operator to 2026-04-21 00:00:00+00:00, run_after=2026-04-22 00:00:00+00:00
[2026-04-22T11:50:52.457+0530] {processor.py:183} INFO - Processing /Library/Frameworks/Python.framework/Versions/3.10/lib/python3.10/site-packages/airflow/example_dags/example_short_circuit_operator.py took 0.056 seconds
[2026-04-22T12:10:16.686+0530] {processor.py:161} INFO - Started process (PID=70926) to work on /Library/Frameworks/Python.framework/Versions/3.10/lib/python3.10/site-packages/airflow/example_dags/example_short_circuit_operator.py
[2026-04-22T12:10:16.687+0530] {processor.py:830} INFO - Processing file /Library/Frameworks/Python.framework/Versions/3.10/lib/python3.10/site-packages/airflow/example_dags/example_short_circuit_operator.py for tasks to queue
[2026-04-22T12:10:16.687+0530] {logging_mixin.py:188} INFO - [2026-04-22T12:10:16.687+0530] {dagbag.py:545} INFO - Filling up the DagBag from /Library/Frameworks/Python.framework/Versions/3.10/lib/python3.10/site-packages/airflow/example_dags/example_short_circuit_operator.py
[2026-04-22T12:10:16.700+0530] {processor.py:840} INFO - DAG(s) 'example_short_circuit_operator' retrieved from /Library/Frameworks/Python.framework/Versions/3.10/lib/python3.10/site-packages/airflow/example_dags/example_short_circuit_operator.py
[2026-04-22T12:10:16.740+0530] {logging_mixin.py:188} INFO - [2026-04-22T12:10:16.739+0530] {dag.py:3096} INFO - Sync 1 DAGs
[2026-04-22T12:10:16.745+0530] {logging_mixin.py:188} INFO - [2026-04-22T12:10:16.745+0530] {dag.py:3954} INFO - Setting next_dagrun for example_short_circuit_operator to 2026-04-21 00:00:00+00:00, run_after=2026-04-22 00:00:00+00:00
[2026-04-22T12:10:16.750+0530] {processor.py:183} INFO - Processing /Library/Frameworks/Python.framework/Versions/3.10/lib/python3.10/site-packages/airflow/example_dags/example_short_circuit_operator.py took 0.065 seconds
[2026-04-22T12:14:59.170+0530] {processor.py:161} INFO - Started process (PID=71272) to work on /Library/Frameworks/Python.framework/Versions/3.10/lib/python3.10/site-packages/airflow/example_dags/example_short_circuit_operator.py
[2026-04-22T12:14:59.171+0530] {processor.py:830} INFO - Processing file /Library/Frameworks/Python.framework/Versions/3.10/lib/python3.10/site-packages/airflow/example_dags/example_short_circuit_operator.py for tasks to queue
[2026-04-22T12:14:59.171+0530] {logging_mixin.py:188} INFO - [2026-04-22T12:14:59.171+0530] {dagbag.py:545} INFO - Filling up the DagBag from /Library/Frameworks/Python.framework/Versions/3.10/lib/python3.10/site-packages/airflow/example_dags/example_short_circuit_operator.py
[2026-04-22T12:14:59.180+0530] {processor.py:840} INFO - DAG(s) 'example_short_circuit_operator' retrieved from /Library/Frameworks/Python.framework/Versions/3.10/lib/python3.10/site-packages/airflow/example_dags/example_short_circuit_operator.py
[2026-04-22T12:14:59.213+0530] {logging_mixin.py:188} INFO - [2026-04-22T12:14:59.213+0530] {dag.py:3096} INFO - Sync 1 DAGs
[2026-04-22T12:14:59.218+0530] {logging_mixin.py:188} INFO - [2026-04-22T12:14:59.218+0530] {dag.py:3954} INFO - Setting next_dagrun for example_short_circuit_operator to 2026-04-21 00:00:00+00:00, run_after=2026-04-22 00:00:00+00:00
[2026-04-22T12:14:59.223+0530] {processor.py:183} INFO - Processing /Library/Frameworks/Python.framework/Versions/3.10/lib/python3.10/site-packages/airflow/example_dags/example_short_circuit_operator.py took 0.054 seconds
[2026-04-22T12:18:58.736+0530] {processor.py:161} INFO - Started process (PID=71590) to work on /Library/Frameworks/Python.framework/Versions/3.10/lib/python3.10/site-packages/airflow/example_dags/example_short_circuit_operator.py
[2026-04-22T12:18:58.737+0530] {processor.py:830} INFO - Processing file /Library/Frameworks/Python.framework/Versions/3.10/lib/python3.10/site-packages/airflow/example_dags/example_short_circuit_operator.py for tasks to queue
[2026-04-22T12:18:58.737+0530] {logging_mixin.py:188} INFO - [2026-04-22T12:18:58.737+0530] {dagbag.py:545} INFO - Filling up the DagBag from /Library/Frameworks/Python.framework/Versions/3.10/lib/python3.10/site-packages/airflow/example_dags/example_short_circuit_operator.py
[2026-04-22T12:18:58.746+0530] {processor.py:840} INFO - DAG(s) 'example_short_circuit_operator' retrieved from /Library/Frameworks/Python.framework/Versions/3.10/lib/python3.10/site-packages/airflow/example_dags/example_short_circuit_operator.py
[2026-04-22T12:18:58.780+0530] {logging_mixin.py:188} INFO - [2026-04-22T12:18:58.780+0530] {dag.py:3096} INFO - Sync 1 DAGs
[2026-04-22T12:18:58.786+0530] {logging_mixin.py:188} INFO - [2026-04-22T12:18:58.785+0530] {dag.py:3954} INFO - Setting next_dagrun for example_short_circuit_operator to 2026-04-21 00:00:00+00:00, run_after=2026-04-22 00:00:00+00:00
[2026-04-22T12:18:58.791+0530] {processor.py:183} INFO - Processing /Library/Frameworks/Python.framework/Versions/3.10/lib/python3.10/site-packages/airflow/example_dags/example_short_circuit_operator.py took 0.057 seconds
[2026-04-22T12:20:41.154+0530] {processor.py:161} INFO - Started process (PID=72219) to work on /Library/Frameworks/Python.framework/Versions/3.10/lib/python3.10/site-packages/airflow/example_dags/example_short_circuit_operator.py
[2026-04-22T12:20:41.155+0530] {processor.py:830} INFO - Processing file /Library/Frameworks/Python.framework/Versions/3.10/lib/python3.10/site-packages/airflow/example_dags/example_short_circuit_operator.py for tasks to queue
[2026-04-22T12:20:41.155+0530] {logging_mixin.py:188} INFO - [2026-04-22T12:20:41.155+0530] {dagbag.py:545} INFO - Filling up the DagBag from /Library/Frameworks/Python.framework/Versions/3.10/lib/python3.10/site-packages/airflow/example_dags/example_short_circuit_operator.py
[2026-04-22T12:20:41.164+0530] {processor.py:840} INFO - DAG(s) 'example_short_circuit_operator' retrieved from /Library/Frameworks/Python.framework/Versions/3.10/lib/python3.10/site-packages/airflow/example_dags/example_short_circuit_operator.py
[2026-04-22T12:20:41.198+0530] {logging_mixin.py:188} INFO - [2026-04-22T12:20:41.198+0530] {dag.py:3096} INFO - Sync 1 DAGs
[2026-04-22T12:20:41.203+0530] {logging_mixin.py:188} INFO - [2026-04-22T12:20:41.202+0530] {dag.py:3954} INFO - Setting next_dagrun for example_short_circuit_operator to 2026-04-21 00:00:00+00:00, run_after=2026-04-22 00:00:00+00:00
[2026-04-22T12:20:41.208+0530] {processor.py:183} INFO - Processing /Library/Frameworks/Python.framework/Versions/3.10/lib/python3.10/site-packages/airflow/example_dags/example_short_circuit_operator.py took 0.055 seconds
[2026-04-22T12:22:28.999+0530] {processor.py:161} INFO - Started process (PID=72457) to work on /Library/Frameworks/Python.framework/Versions/3.10/lib/python3.10/site-packages/airflow/example_dags/example_short_circuit_operator.py
[2026-04-22T12:22:28.999+0530] {processor.py:830} INFO - Processing file /Library/Frameworks/Python.framework/Versions/3.10/lib/python3.10/site-packages/airflow/example_dags/example_short_circuit_operator.py for tasks to queue
[2026-04-22T12:22:29.000+0530] {logging_mixin.py:188} INFO - [2026-04-22T12:22:29.000+0530] {dagbag.py:545} INFO - Filling up the DagBag from /Library/Frameworks/Python.framework/Versions/3.10/lib/python3.10/site-packages/airflow/example_dags/example_short_circuit_operator.py
[2026-04-22T12:22:29.009+0530] {processor.py:840} INFO - DAG(s) 'example_short_circuit_operator' retrieved from /Library/Frameworks/Python.framework/Versions/3.10/lib/python3.10/site-packages/airflow/example_dags/example_short_circuit_operator.py
[2026-04-22T12:22:29.041+0530] {logging_mixin.py:188} INFO - [2026-04-22T12:22:29.041+0530] {dag.py:3096} INFO - Sync 1 DAGs
[2026-04-22T12:22:29.046+0530] {logging_mixin.py:188} INFO - [2026-04-22T12:22:29.046+0530] {dag.py:3954} INFO - Setting next_dagrun for example_short_circuit_operator to 2026-04-21 00:00:00+00:00, run_after=2026-04-22 00:00:00+00:00
[2026-04-22T12:22:29.051+0530] {processor.py:183} INFO - Processing /Library/Frameworks/Python.framework/Versions/3.10/lib/python3.10/site-packages/airflow/example_dags/example_short_circuit_operator.py took 0.053 seconds
[2026-04-22T12:24:09.911+0530] {processor.py:161} INFO - Started process (PID=72585) to work on /Library/Frameworks/Python.framework/Versions/3.10/lib/python3.10/site-packages/airflow/example_dags/example_short_circuit_operator.py
[2026-04-22T12:24:09.912+0530] {processor.py:830} INFO - Processing file /Library/Frameworks/Python.framework/Versions/3.10/lib/python3.10/site-packages/airflow/example_dags/example_short_circuit_operator.py for tasks to queue
[2026-04-22T12:24:09.912+0530] {logging_mixin.py:188} INFO - [2026-04-22T12:24:09.912+0530] {dagbag.py:545} INFO - Filling up the DagBag from /Library/Frameworks/Python.framework/Versions/3.10/lib/python3.10/site-packages/airflow/example_dags/example_short_circuit_operator.py
[2026-04-22T12:24:09.921+0530] {processor.py:840} INFO - DAG(s) 'example_short_circuit_operator' retrieved from /Library/Frameworks/Python.framework/Versions/3.10/lib/python3.10/site-packages/airflow/example_dags/example_short_circuit_operator.py
[2026-04-22T12:24:09.954+0530] {logging_mixin.py:188} INFO - [2026-04-22T12:24:09.954+0530] {dag.py:3096} INFO - Sync 1 DAGs
[2026-04-22T12:24:09.959+0530] {logging_mixin.py:188} INFO - [2026-04-22T12:24:09.959+0530] {dag.py:3954} INFO - Setting next_dagrun for example_short_circuit_operator to 2026-04-21 00:00:00+00:00, run_after=2026-04-22 00:00:00+00:00
[2026-04-22T12:24:09.964+0530] {processor.py:183} INFO - Processing /Library/Frameworks/Python.framework/Versions/3.10/lib/python3.10/site-packages/airflow/example_dags/example_short_circuit_operator.py took 0.054 seconds
[2026-04-22T12:25:55.964+0530] {processor.py:161} INFO - Started process (PID=72853) to work on /Library/Frameworks/Python.framework/Versions/3.10/lib/python3.10/site-packages/airflow/example_dags/example_short_circuit_operator.py
[2026-04-22T12:25:55.964+0530] {processor.py:830} INFO - Processing file /Library/Frameworks/Python.framework/Versions/3.10/lib/python3.10/site-packages/airflow/example_dags/example_short_circuit_operator.py for tasks to queue
[2026-04-22T12:25:55.964+0530] {logging_mixin.py:188} INFO - [2026-04-22T12:25:55.964+0530] {dagbag.py:545} INFO - Filling up the DagBag from /Library/Frameworks/Python.framework/Versions/3.10/lib/python3.10/site-packages/airflow/example_dags/example_short_circuit_operator.py
[2026-04-22T12:25:55.974+0530] {processor.py:840} INFO - DAG(s) 'example_short_circuit_operator' retrieved from /Library/Frameworks/Python.framework/Versions/3.10/lib/python3.10/site-packages/airflow/example_dags/example_short_circuit_operator.py
[2026-04-22T12:25:56.008+0530] {logging_mixin.py:188} INFO - [2026-04-22T12:25:56.008+0530] {dag.py:3096} INFO - Sync 1 DAGs
[2026-04-22T12:25:56.013+0530] {logging_mixin.py:188} INFO - [2026-04-22T12:25:56.013+0530] {dag.py:3954} INFO - Setting next_dagrun for example_short_circuit_operator to 2026-04-21 00:00:00+00:00, run_after=2026-04-22 00:00:00+00:00
[2026-04-22T12:25:56.018+0530] {processor.py:183} INFO - Processing /Library/Frameworks/Python.framework/Versions/3.10/lib/python3.10/site-packages/airflow/example_dags/example_short_circuit_operator.py took 0.055 seconds
[2026-04-22T12:27:41.208+0530] {processor.py:161} INFO - Started process (PID=73029) to work on /Library/Frameworks/Python.framework/Versions/3.10/lib/python3.10/site-packages/airflow/example_dags/example_short_circuit_operator.py
[2026-04-22T12:27:41.208+0530] {processor.py:830} INFO - Processing file /Library/Frameworks/Python.framework/Versions/3.10/lib/python3.10/site-packages/airflow/example_dags/example_short_circuit_operator.py for tasks to queue
[2026-04-22T12:27:41.208+0530] {logging_mixin.py:188} INFO - [2026-04-22T12:27:41.208+0530] {dagbag.py:545} INFO - Filling up the DagBag from /Library/Frameworks/Python.framework/Versions/3.10/lib/python3.10/site-packages/airflow/example_dags/example_short_circuit_operator.py
[2026-04-22T12:27:41.217+0530] {processor.py:840} INFO - DAG(s) 'example_short_circuit_operator' retrieved from /Library/Frameworks/Python.framework/Versions/3.10/lib/python3.10/site-packages/airflow/example_dags/example_short_circuit_operator.py
[2026-04-22T12:27:41.250+0530] {logging_mixin.py:188} INFO - [2026-04-22T12:27:41.249+0530] {dag.py:3096} INFO - Sync 1 DAGs
[2026-04-22T12:27:41.254+0530] {logging_mixin.py:188} INFO - [2026-04-22T12:27:41.254+0530] {dag.py:3954} INFO - Setting next_dagrun for example_short_circuit_operator to 2026-04-21 00:00:00+00:00, run_after=2026-04-22 00:00:00+00:00
[2026-04-22T12:27:41.259+0530] {processor.py:183} INFO - Processing /Library/Frameworks/Python.framework/Versions/3.10/lib/python3.10/site-packages/airflow/example_dags/example_short_circuit_operator.py took 0.052 seconds
[2026-04-22T12:29:36.990+0530] {processor.py:161} INFO - Started process (PID=73255) to work on /Library/Frameworks/Python.framework/Versions/3.10/lib/python3.10/site-packages/airflow/example_dags/example_short_circuit_operator.py
[2026-04-22T12:29:36.991+0530] {processor.py:830} INFO - Processing file /Library/Frameworks/Python.framework/Versions/3.10/lib/python3.10/site-packages/airflow/example_dags/example_short_circuit_operator.py for tasks to queue
[2026-04-22T12:29:36.991+0530] {logging_mixin.py:188} INFO - [2026-04-22T12:29:36.991+0530] {dagbag.py:545} INFO - Filling up the DagBag from /Library/Frameworks/Python.framework/Versions/3.10/lib/python3.10/site-packages/airflow/example_dags/example_short_circuit_operator.py
[2026-04-22T12:29:37.001+0530] {processor.py:840} INFO - DAG(s) 'example_short_circuit_operator' retrieved from /Library/Frameworks/Python.framework/Versions/3.10/lib/python3.10/site-packages/airflow/example_dags/example_short_circuit_operator.py
[2026-04-22T12:29:37.034+0530] {logging_mixin.py:188} INFO - [2026-04-22T12:29:37.034+0530] {dag.py:3096} INFO - Sync 1 DAGs
[2026-04-22T12:29:37.039+0530] {logging_mixin.py:188} INFO - [2026-04-22T12:29:37.039+0530] {dag.py:3954} INFO - Setting next_dagrun for example_short_circuit_operator to 2026-04-21 00:00:00+00:00, run_after=2026-04-22 00:00:00+00:00
[2026-04-22T12:29:37.044+0530] {processor.py:183} INFO - Processing /Library/Frameworks/Python.framework/Versions/3.10/lib/python3.10/site-packages/airflow/example_dags/example_short_circuit_operator.py took 0.055 seconds
[2026-04-22T12:31:24.858+0530] {processor.py:161} INFO - Started process (PID=73495) to work on /Library/Frameworks/Python.framework/Versions/3.10/lib/python3.10/site-packages/airflow/example_dags/example_short_circuit_operator.py
[2026-04-22T12:31:24.859+0530] {processor.py:830} INFO - Processing file /Library/Frameworks/Python.framework/Versions/3.10/lib/python3.10/site-packages/airflow/example_dags/example_short_circuit_operator.py for tasks to queue
[2026-04-22T12:31:24.860+0530] {logging_mixin.py:188} INFO - [2026-04-22T12:31:24.860+0530] {dagbag.py:545} INFO - Filling up the DagBag from /Library/Frameworks/Python.framework/Versions/3.10/lib/python3.10/site-packages/airflow/example_dags/example_short_circuit_operator.py
[2026-04-22T12:31:24.869+0530] {processor.py:840} INFO - DAG(s) 'example_short_circuit_operator' retrieved from /Library/Frameworks/Python.framework/Versions/3.10/lib/python3.10/site-packages/airflow/example_dags/example_short_circuit_operator.py
[2026-04-22T12:31:24.903+0530] {logging_mixin.py:188} INFO - [2026-04-22T12:31:24.903+0530] {dag.py:3096} INFO - Sync 1 DAGs
[2026-04-22T12:31:24.908+0530] {logging_mixin.py:188} INFO - [2026-04-22T12:31:24.907+0530] {dag.py:3954} INFO - Setting next_dagrun for example_short_circuit_operator to 2026-04-21 00:00:00+00:00, run_after=2026-04-22 00:00:00+00:00
[2026-04-22T12:31:24.913+0530] {processor.py:183} INFO - Processing /Library/Frameworks/Python.framework/Versions/3.10/lib/python3.10/site-packages/airflow/example_dags/example_short_circuit_operator.py took 0.055 seconds
[2026-04-22T12:33:10.544+0530] {processor.py:161} INFO - Started process (PID=73697) to work on /Library/Frameworks/Python.framework/Versions/3.10/lib/python3.10/site-packages/airflow/example_dags/example_short_circuit_operator.py
[2026-04-22T12:33:10.545+0530] {processor.py:830} INFO - Processing file /Library/Frameworks/Python.framework/Versions/3.10/lib/python3.10/site-packages/airflow/example_dags/example_short_circuit_operator.py for tasks to queue
[2026-04-22T12:33:10.545+0530] {logging_mixin.py:188} INFO - [2026-04-22T12:33:10.545+0530] {dagbag.py:545} INFO - Filling up the DagBag from /Library/Frameworks/Python.framework/Versions/3.10/lib/python3.10/site-packages/airflow/example_dags/example_short_circuit_operator.py
[2026-04-22T12:33:10.554+0530] {processor.py:840} INFO - DAG(s) 'example_short_circuit_operator' retrieved from /Library/Frameworks/Python.framework/Versions/3.10/lib/python3.10/site-packages/airflow/example_dags/example_short_circuit_operator.py
[2026-04-22T12:33:10.586+0530] {logging_mixin.py:188} INFO - [2026-04-22T12:33:10.586+0530] {dag.py:3096} INFO - Sync 1 DAGs
[2026-04-22T12:33:10.591+0530] {logging_mixin.py:188} INFO - [2026-04-22T12:33:10.591+0530] {dag.py:3954} INFO - Setting next_dagrun for example_short_circuit_operator to 2026-04-21 00:00:00+00:00, run_after=2026-04-22 00:00:00+00:00
[2026-04-22T12:33:10.596+0530] {processor.py:183} INFO - Processing /Library/Frameworks/Python.framework/Versions/3.10/lib/python3.10/site-packages/airflow/example_dags/example_short_circuit_operator.py took 0.052 seconds
[2026-04-22T12:34:55.149+0530] {processor.py:161} INFO - Started process (PID=73829) to work on /Library/Frameworks/Python.framework/Versions/3.10/lib/python3.10/site-packages/airflow/example_dags/example_short_circuit_operator.py
[2026-04-22T12:34:55.150+0530] {processor.py:830} INFO - Processing file /Library/Frameworks/Python.framework/Versions/3.10/lib/python3.10/site-packages/airflow/example_dags/example_short_circuit_operator.py for tasks to queue
[2026-04-22T12:34:55.150+0530] {logging_mixin.py:188} INFO - [2026-04-22T12:34:55.150+0530] {dagbag.py:545} INFO - Filling up the DagBag from /Library/Frameworks/Python.framework/Versions/3.10/lib/python3.10/site-packages/airflow/example_dags/example_short_circuit_operator.py
[2026-04-22T12:34:55.159+0530] {processor.py:840} INFO - DAG(s) 'example_short_circuit_operator' retrieved from /Library/Frameworks/Python.framework/Versions/3.10/lib/python3.10/site-packages/airflow/example_dags/example_short_circuit_operator.py
[2026-04-22T12:34:55.192+0530] {logging_mixin.py:188} INFO - [2026-04-22T12:34:55.192+0530] {dag.py:3096} INFO - Sync 1 DAGs
[2026-04-22T12:34:55.197+0530] {logging_mixin.py:188} INFO - [2026-04-22T12:34:55.197+0530] {dag.py:3954} INFO - Setting next_dagrun for example_short_circuit_operator to 2026-04-21 00:00:00+00:00, run_after=2026-04-22 00:00:00+00:00
[2026-04-22T12:34:55.202+0530] {processor.py:183} INFO - Processing /Library/Frameworks/Python.framework/Versions/3.10/lib/python3.10/site-packages/airflow/example_dags/example_short_circuit_operator.py took 0.054 seconds
[2026-04-22T12:36:37.025+0530] {processor.py:161} INFO - Started process (PID=73966) to work on /Library/Frameworks/Python.framework/Versions/3.10/lib/python3.10/site-packages/airflow/example_dags/example_short_circuit_operator.py
[2026-04-22T12:36:37.026+0530] {processor.py:830} INFO - Processing file /Library/Frameworks/Python.framework/Versions/3.10/lib/python3.10/site-packages/airflow/example_dags/example_short_circuit_operator.py for tasks to queue
[2026-04-22T12:36:37.026+0530] {logging_mixin.py:188} INFO - [2026-04-22T12:36:37.026+0530] {dagbag.py:545} INFO - Filling up the DagBag from /Library/Frameworks/Python.framework/Versions/3.10/lib/python3.10/site-packages/airflow/example_dags/example_short_circuit_operator.py
[2026-04-22T12:36:37.035+0530] {processor.py:840} INFO - DAG(s) 'example_short_circuit_operator' retrieved from /Library/Frameworks/Python.framework/Versions/3.10/lib/python3.10/site-packages/airflow/example_dags/example_short_circuit_operator.py
[2026-04-22T12:36:37.067+0530] {logging_mixin.py:188} INFO - [2026-04-22T12:36:37.067+0530] {dag.py:3096} INFO - Sync 1 DAGs
[2026-04-22T12:36:37.072+0530] {logging_mixin.py:188} INFO - [2026-04-22T12:36:37.072+0530] {dag.py:3954} INFO - Setting next_dagrun for example_short_circuit_operator to 2026-04-21 00:00:00+00:00, run_after=2026-04-22 00:00:00+00:00
[2026-04-22T12:36:37.077+0530] {processor.py:183} INFO - Processing /Library/Frameworks/Python.framework/Versions/3.10/lib/python3.10/site-packages/airflow/example_dags/example_short_circuit_operator.py took 0.053 seconds
[2026-04-22T12:38:29.244+0530] {processor.py:161} INFO - Started process (PID=74088) to work on /Library/Frameworks/Python.framework/Versions/3.10/lib/python3.10/site-packages/airflow/example_dags/example_short_circuit_operator.py
[2026-04-22T12:38:29.244+0530] {processor.py:830} INFO - Processing file /Library/Frameworks/Python.framework/Versions/3.10/lib/python3.10/site-packages/airflow/example_dags/example_short_circuit_operator.py for tasks to queue
[2026-04-22T12:38:29.244+0530] {logging_mixin.py:188} INFO - [2026-04-22T12:38:29.244+0530] {dagbag.py:545} INFO - Filling up the DagBag from /Library/Frameworks/Python.framework/Versions/3.10/lib/python3.10/site-packages/airflow/example_dags/example_short_circuit_operator.py
[2026-04-22T12:38:29.253+0530] {processor.py:840} INFO - DAG(s) 'example_short_circuit_operator' retrieved from /Library/Frameworks/Python.framework/Versions/3.10/lib/python3.10/site-packages/airflow/example_dags/example_short_circuit_operator.py
[2026-04-22T12:38:29.286+0530] {logging_mixin.py:188} INFO - [2026-04-22T12:38:29.286+0530] {dag.py:3096} INFO - Sync 1 DAGs
[2026-04-22T12:38:29.291+0530] {logging_mixin.py:188} INFO - [2026-04-22T12:38:29.291+0530] {dag.py:3954} INFO - Setting next_dagrun for example_short_circuit_operator to 2026-04-21 00:00:00+00:00, run_after=2026-04-22 00:00:00+00:00
[2026-04-22T12:38:29.296+0530] {processor.py:183} INFO - Processing /Library/Frameworks/Python.framework/Versions/3.10/lib/python3.10/site-packages/airflow/example_dags/example_short_circuit_operator.py took 0.053 seconds
[2026-04-22T12:40:29.336+0530] {processor.py:161} INFO - Started process (PID=74227) to work on /Library/Frameworks/Python.framework/Versions/3.10/lib/python3.10/site-packages/airflow/example_dags/example_short_circuit_operator.py
[2026-04-22T12:40:29.337+0530] {processor.py:830} INFO - Processing file /Library/Frameworks/Python.framework/Versions/3.10/lib/python3.10/site-packages/airflow/example_dags/example_short_circuit_operator.py for tasks to queue
[2026-04-22T12:40:29.337+0530] {logging_mixin.py:188} INFO - [2026-04-22T12:40:29.337+0530] {dagbag.py:545} INFO - Filling up the DagBag from /Library/Frameworks/Python.framework/Versions/3.10/lib/python3.10/site-packages/airflow/example_dags/example_short_circuit_operator.py
[2026-04-22T12:40:29.347+0530] {processor.py:840} INFO - DAG(s) 'example_short_circuit_operator' retrieved from /Library/Frameworks/Python.framework/Versions/3.10/lib/python3.10/site-packages/airflow/example_dags/example_short_circuit_operator.py
[2026-04-22T12:40:29.379+0530] {logging_mixin.py:188} INFO - [2026-04-22T12:40:29.379+0530] {dag.py:3096} INFO - Sync 1 DAGs
[2026-04-22T12:40:29.384+0530] {logging_mixin.py:188} INFO - [2026-04-22T12:40:29.384+0530] {dag.py:3954} INFO - Setting next_dagrun for example_short_circuit_operator to 2026-04-21 00:00:00+00:00, run_after=2026-04-22 00:00:00+00:00
[2026-04-22T12:40:29.389+0530] {processor.py:183} INFO - Processing /Library/Frameworks/Python.framework/Versions/3.10/lib/python3.10/site-packages/airflow/example_dags/example_short_circuit_operator.py took 0.054 seconds
[2026-04-22T12:42:25.731+0530] {processor.py:161} INFO - Started process (PID=74368) to work on /Library/Frameworks/Python.framework/Versions/3.10/lib/python3.10/site-packages/airflow/example_dags/example_short_circuit_operator.py
[2026-04-22T12:42:25.732+0530] {processor.py:830} INFO - Processing file /Library/Frameworks/Python.framework/Versions/3.10/lib/python3.10/site-packages/airflow/example_dags/example_short_circuit_operator.py for tasks to queue
[2026-04-22T12:42:25.732+0530] {logging_mixin.py:188} INFO - [2026-04-22T12:42:25.732+0530] {dagbag.py:545} INFO - Filling up the DagBag from /Library/Frameworks/Python.framework/Versions/3.10/lib/python3.10/site-packages/airflow/example_dags/example_short_circuit_operator.py
[2026-04-22T12:42:25.743+0530] {processor.py:840} INFO - DAG(s) 'example_short_circuit_operator' retrieved from /Library/Frameworks/Python.framework/Versions/3.10/lib/python3.10/site-packages/airflow/example_dags/example_short_circuit_operator.py
[2026-04-22T12:42:25.782+0530] {logging_mixin.py:188} INFO - [2026-04-22T12:42:25.782+0530] {dag.py:3096} INFO - Sync 1 DAGs
[2026-04-22T12:42:25.787+0530] {logging_mixin.py:188} INFO - [2026-04-22T12:42:25.787+0530] {dag.py:3954} INFO - Setting next_dagrun for example_short_circuit_operator to 2026-04-21 00:00:00+00:00, run_after=2026-04-22 00:00:00+00:00
[2026-04-22T12:42:25.795+0530] {processor.py:183} INFO - Processing /Library/Frameworks/Python.framework/Versions/3.10/lib/python3.10/site-packages/airflow/example_dags/example_short_circuit_operator.py took 0.065 seconds
