[2026-04-22T05:58:03.271+0530] {processor.py:161} INFO - Started process (PID=68514) to work on /Library/Frameworks/Python.framework/Versions/3.10/lib/python3.10/site-packages/airflow/example_dags/example_task_group_decorator.py
[2026-04-22T05:58:03.272+0530] {processor.py:830} INFO - Processing file /Library/Frameworks/Python.framework/Versions/3.10/lib/python3.10/site-packages/airflow/example_dags/example_task_group_decorator.py for tasks to queue
[2026-04-22T05:58:03.272+0530] {logging_mixin.py:188} INFO - [2026-04-22T05:58:03.272+0530] {dagbag.py:545} INFO - Filling up the DagBag from /Library/Frameworks/Python.framework/Versions/3.10/lib/python3.10/site-packages/airflow/example_dags/example_task_group_decorator.py
[2026-04-22T05:58:03.286+0530] {processor.py:840} INFO - DAG(s) 'example_task_group_decorator' retrieved from /Library/Frameworks/Python.framework/Versions/3.10/lib/python3.10/site-packages/airflow/example_dags/example_task_group_decorator.py
[2026-04-22T05:58:03.320+0530] {logging_mixin.py:188} INFO - [2026-04-22T05:58:03.320+0530] {dag.py:3096} INFO - Sync 1 DAGs
[2026-04-22T05:58:03.324+0530] {logging_mixin.py:188} INFO - [2026-04-22T05:58:03.324+0530] {dag.py:3954} INFO - Setting next_dagrun for example_task_group_decorator to 2026-04-21 00:00:00+00:00, run_after=2026-04-22 00:00:00+00:00
[2026-04-22T05:58:03.330+0530] {processor.py:183} INFO - Processing /Library/Frameworks/Python.framework/Versions/3.10/lib/python3.10/site-packages/airflow/example_dags/example_task_group_decorator.py took 0.059 seconds
[2026-04-22T11:47:19.757+0530] {processor.py:161} INFO - Started process (PID=69289) to work on /Library/Frameworks/Python.framework/Versions/3.10/lib/python3.10/site-packages/airflow/example_dags/example_task_group_decorator.py
[2026-04-22T11:47:19.758+0530] {processor.py:830} INFO - Processing file /Library/Frameworks/Python.framework/Versions/3.10/lib/python3.10/site-packages/airflow/example_dags/example_task_group_decorator.py for tasks to queue
[2026-04-22T11:47:19.758+0530] {logging_mixin.py:188} INFO - [2026-04-22T11:47:19.758+0530] {dagbag.py:545} INFO - Filling up the DagBag from /Library/Frameworks/Python.framework/Versions/3.10/lib/python3.10/site-packages/airflow/example_dags/example_task_group_decorator.py
[2026-04-22T11:47:19.772+0530] {processor.py:840} INFO - DAG(s) 'example_task_group_decorator' retrieved from /Library/Frameworks/Python.framework/Versions/3.10/lib/python3.10/site-packages/airflow/example_dags/example_task_group_decorator.py
[2026-04-22T11:47:19.807+0530] {logging_mixin.py:188} INFO - [2026-04-22T11:47:19.807+0530] {dag.py:3096} INFO - Sync 1 DAGs
[2026-04-22T11:47:19.812+0530] {logging_mixin.py:188} INFO - [2026-04-22T11:47:19.812+0530] {dag.py:3954} INFO - Setting next_dagrun for example_task_group_decorator to 2026-04-21 00:00:00+00:00, run_after=2026-04-22 00:00:00+00:00
[2026-04-22T11:47:19.817+0530] {processor.py:183} INFO - Processing /Library/Frameworks/Python.framework/Versions/3.10/lib/python3.10/site-packages/airflow/example_dags/example_task_group_decorator.py took 0.062 seconds
[2026-04-22T11:48:08.276+0530] {processor.py:161} INFO - Started process (PID=69367) to work on /Library/Frameworks/Python.framework/Versions/3.10/lib/python3.10/site-packages/airflow/example_dags/example_task_group_decorator.py
[2026-04-22T11:48:08.278+0530] {processor.py:830} INFO - Processing file /Library/Frameworks/Python.framework/Versions/3.10/lib/python3.10/site-packages/airflow/example_dags/example_task_group_decorator.py for tasks to queue
[2026-04-22T11:48:08.278+0530] {logging_mixin.py:188} INFO - [2026-04-22T11:48:08.278+0530] {dagbag.py:545} INFO - Filling up the DagBag from /Library/Frameworks/Python.framework/Versions/3.10/lib/python3.10/site-packages/airflow/example_dags/example_task_group_decorator.py
[2026-04-22T11:48:08.291+0530] {processor.py:840} INFO - DAG(s) 'example_task_group_decorator' retrieved from /Library/Frameworks/Python.framework/Versions/3.10/lib/python3.10/site-packages/airflow/example_dags/example_task_group_decorator.py
[2026-04-22T11:48:08.327+0530] {logging_mixin.py:188} INFO - [2026-04-22T11:48:08.327+0530] {dag.py:3096} INFO - Sync 1 DAGs
[2026-04-22T11:48:08.332+0530] {logging_mixin.py:188} INFO - [2026-04-22T11:48:08.331+0530] {dag.py:3954} INFO - Setting next_dagrun for example_task_group_decorator to 2026-04-21 00:00:00+00:00, run_after=2026-04-22 00:00:00+00:00
[2026-04-22T11:48:08.337+0530] {processor.py:183} INFO - Processing /Library/Frameworks/Python.framework/Versions/3.10/lib/python3.10/site-packages/airflow/example_dags/example_task_group_decorator.py took 0.062 seconds
[2026-04-22T11:48:57.288+0530] {processor.py:161} INFO - Started process (PID=69455) to work on /Library/Frameworks/Python.framework/Versions/3.10/lib/python3.10/site-packages/airflow/example_dags/example_task_group_decorator.py
[2026-04-22T11:48:57.289+0530] {processor.py:830} INFO - Processing file /Library/Frameworks/Python.framework/Versions/3.10/lib/python3.10/site-packages/airflow/example_dags/example_task_group_decorator.py for tasks to queue
[2026-04-22T11:48:57.289+0530] {logging_mixin.py:188} INFO - [2026-04-22T11:48:57.289+0530] {dagbag.py:545} INFO - Filling up the DagBag from /Library/Frameworks/Python.framework/Versions/3.10/lib/python3.10/site-packages/airflow/example_dags/example_task_group_decorator.py
[2026-04-22T11:48:57.303+0530] {processor.py:840} INFO - DAG(s) 'example_task_group_decorator' retrieved from /Library/Frameworks/Python.framework/Versions/3.10/lib/python3.10/site-packages/airflow/example_dags/example_task_group_decorator.py
[2026-04-22T11:48:57.336+0530] {logging_mixin.py:188} INFO - [2026-04-22T11:48:57.335+0530] {dag.py:3096} INFO - Sync 1 DAGs
[2026-04-22T11:48:57.340+0530] {logging_mixin.py:188} INFO - [2026-04-22T11:48:57.340+0530] {dag.py:3954} INFO - Setting next_dagrun for example_task_group_decorator to 2026-04-21 00:00:00+00:00, run_after=2026-04-22 00:00:00+00:00
[2026-04-22T11:48:57.345+0530] {processor.py:183} INFO - Processing /Library/Frameworks/Python.framework/Versions/3.10/lib/python3.10/site-packages/airflow/example_dags/example_task_group_decorator.py took 0.058 seconds
[2026-04-22T11:49:52.517+0530] {processor.py:161} INFO - Started process (PID=69542) to work on /Library/Frameworks/Python.framework/Versions/3.10/lib/python3.10/site-packages/airflow/example_dags/example_task_group_decorator.py
[2026-04-22T11:49:52.517+0530] {processor.py:830} INFO - Processing file /Library/Frameworks/Python.framework/Versions/3.10/lib/python3.10/site-packages/airflow/example_dags/example_task_group_decorator.py for tasks to queue
[2026-04-22T11:49:52.517+0530] {logging_mixin.py:188} INFO - [2026-04-22T11:49:52.517+0530] {dagbag.py:545} INFO - Filling up the DagBag from /Library/Frameworks/Python.framework/Versions/3.10/lib/python3.10/site-packages/airflow/example_dags/example_task_group_decorator.py
[2026-04-22T11:49:52.532+0530] {processor.py:840} INFO - DAG(s) 'example_task_group_decorator' retrieved from /Library/Frameworks/Python.framework/Versions/3.10/lib/python3.10/site-packages/airflow/example_dags/example_task_group_decorator.py
[2026-04-22T11:49:52.568+0530] {logging_mixin.py:188} INFO - [2026-04-22T11:49:52.568+0530] {dag.py:3096} INFO - Sync 1 DAGs
[2026-04-22T11:49:52.573+0530] {logging_mixin.py:188} INFO - [2026-04-22T11:49:52.573+0530] {dag.py:3954} INFO - Setting next_dagrun for example_task_group_decorator to 2026-04-21 00:00:00+00:00, run_after=2026-04-22 00:00:00+00:00
[2026-04-22T11:49:52.578+0530] {processor.py:183} INFO - Processing /Library/Frameworks/Python.framework/Versions/3.10/lib/python3.10/site-packages/airflow/example_dags/example_task_group_decorator.py took 0.062 seconds
[2026-04-22T11:50:47.942+0530] {processor.py:161} INFO - Started process (PID=69639) to work on /Library/Frameworks/Python.framework/Versions/3.10/lib/python3.10/site-packages/airflow/example_dags/example_task_group_decorator.py
[2026-04-22T11:50:47.943+0530] {processor.py:830} INFO - Processing file /Library/Frameworks/Python.framework/Versions/3.10/lib/python3.10/site-packages/airflow/example_dags/example_task_group_decorator.py for tasks to queue
[2026-04-22T11:50:47.943+0530] {logging_mixin.py:188} INFO - [2026-04-22T11:50:47.943+0530] {dagbag.py:545} INFO - Filling up the DagBag from /Library/Frameworks/Python.framework/Versions/3.10/lib/python3.10/site-packages/airflow/example_dags/example_task_group_decorator.py
[2026-04-22T11:50:47.957+0530] {processor.py:840} INFO - DAG(s) 'example_task_group_decorator' retrieved from /Library/Frameworks/Python.framework/Versions/3.10/lib/python3.10/site-packages/airflow/example_dags/example_task_group_decorator.py
[2026-04-22T11:50:47.991+0530] {logging_mixin.py:188} INFO - [2026-04-22T11:50:47.991+0530] {dag.py:3096} INFO - Sync 1 DAGs
[2026-04-22T11:50:47.996+0530] {logging_mixin.py:188} INFO - [2026-04-22T11:50:47.996+0530] {dag.py:3954} INFO - Setting next_dagrun for example_task_group_decorator to 2026-04-21 00:00:00+00:00, run_after=2026-04-22 00:00:00+00:00
[2026-04-22T11:50:48.001+0530] {processor.py:183} INFO - Processing /Library/Frameworks/Python.framework/Versions/3.10/lib/python3.10/site-packages/airflow/example_dags/example_task_group_decorator.py took 0.060 seconds
[2026-04-22T12:09:47.369+0530] {processor.py:161} INFO - Started process (PID=70895) to work on /Library/Frameworks/Python.framework/Versions/3.10/lib/python3.10/site-packages/airflow/example_dags/example_task_group_decorator.py
[2026-04-22T12:09:47.369+0530] {processor.py:830} INFO - Processing file /Library/Frameworks/Python.framework/Versions/3.10/lib/python3.10/site-packages/airflow/example_dags/example_task_group_decorator.py for tasks to queue
[2026-04-22T12:09:47.369+0530] {logging_mixin.py:188} INFO - [2026-04-22T12:09:47.369+0530] {dagbag.py:545} INFO - Filling up the DagBag from /Library/Frameworks/Python.framework/Versions/3.10/lib/python3.10/site-packages/airflow/example_dags/example_task_group_decorator.py
[2026-04-22T12:09:47.383+0530] {processor.py:840} INFO - DAG(s) 'example_task_group_decorator' retrieved from /Library/Frameworks/Python.framework/Versions/3.10/lib/python3.10/site-packages/airflow/example_dags/example_task_group_decorator.py
[2026-04-22T12:09:47.416+0530] {logging_mixin.py:188} INFO - [2026-04-22T12:09:47.416+0530] {dag.py:3096} INFO - Sync 1 DAGs
[2026-04-22T12:09:47.421+0530] {logging_mixin.py:188} INFO - [2026-04-22T12:09:47.421+0530] {dag.py:3954} INFO - Setting next_dagrun for example_task_group_decorator to 2026-04-21 00:00:00+00:00, run_after=2026-04-22 00:00:00+00:00
[2026-04-22T12:09:47.426+0530] {processor.py:183} INFO - Processing /Library/Frameworks/Python.framework/Versions/3.10/lib/python3.10/site-packages/airflow/example_dags/example_task_group_decorator.py took 0.058 seconds
[2026-04-22T12:14:27.636+0530] {processor.py:161} INFO - Started process (PID=71242) to work on /Library/Frameworks/Python.framework/Versions/3.10/lib/python3.10/site-packages/airflow/example_dags/example_task_group_decorator.py
[2026-04-22T12:14:27.637+0530] {processor.py:830} INFO - Processing file /Library/Frameworks/Python.framework/Versions/3.10/lib/python3.10/site-packages/airflow/example_dags/example_task_group_decorator.py for tasks to queue
[2026-04-22T12:14:27.637+0530] {logging_mixin.py:188} INFO - [2026-04-22T12:14:27.637+0530] {dagbag.py:545} INFO - Filling up the DagBag from /Library/Frameworks/Python.framework/Versions/3.10/lib/python3.10/site-packages/airflow/example_dags/example_task_group_decorator.py
[2026-04-22T12:14:27.650+0530] {processor.py:840} INFO - DAG(s) 'example_task_group_decorator' retrieved from /Library/Frameworks/Python.framework/Versions/3.10/lib/python3.10/site-packages/airflow/example_dags/example_task_group_decorator.py
[2026-04-22T12:14:27.683+0530] {logging_mixin.py:188} INFO - [2026-04-22T12:14:27.683+0530] {dag.py:3096} INFO - Sync 1 DAGs
[2026-04-22T12:14:27.688+0530] {logging_mixin.py:188} INFO - [2026-04-22T12:14:27.688+0530] {dag.py:3954} INFO - Setting next_dagrun for example_task_group_decorator to 2026-04-21 00:00:00+00:00, run_after=2026-04-22 00:00:00+00:00
[2026-04-22T12:14:27.693+0530] {processor.py:183} INFO - Processing /Library/Frameworks/Python.framework/Versions/3.10/lib/python3.10/site-packages/airflow/example_dags/example_task_group_decorator.py took 0.058 seconds
[2026-04-22T12:18:51.296+0530] {processor.py:161} INFO - Started process (PID=71578) to work on /Library/Frameworks/Python.framework/Versions/3.10/lib/python3.10/site-packages/airflow/example_dags/example_task_group_decorator.py
[2026-04-22T12:18:51.296+0530] {processor.py:830} INFO - Processing file /Library/Frameworks/Python.framework/Versions/3.10/lib/python3.10/site-packages/airflow/example_dags/example_task_group_decorator.py for tasks to queue
[2026-04-22T12:18:51.296+0530] {logging_mixin.py:188} INFO - [2026-04-22T12:18:51.296+0530] {dagbag.py:545} INFO - Filling up the DagBag from /Library/Frameworks/Python.framework/Versions/3.10/lib/python3.10/site-packages/airflow/example_dags/example_task_group_decorator.py
[2026-04-22T12:18:51.310+0530] {processor.py:840} INFO - DAG(s) 'example_task_group_decorator' retrieved from /Library/Frameworks/Python.framework/Versions/3.10/lib/python3.10/site-packages/airflow/example_dags/example_task_group_decorator.py
[2026-04-22T12:18:51.343+0530] {logging_mixin.py:188} INFO - [2026-04-22T12:18:51.343+0530] {dag.py:3096} INFO - Sync 1 DAGs
[2026-04-22T12:18:51.348+0530] {logging_mixin.py:188} INFO - [2026-04-22T12:18:51.347+0530] {dag.py:3954} INFO - Setting next_dagrun for example_task_group_decorator to 2026-04-21 00:00:00+00:00, run_after=2026-04-22 00:00:00+00:00
[2026-04-22T12:18:51.352+0530] {processor.py:183} INFO - Processing /Library/Frameworks/Python.framework/Versions/3.10/lib/python3.10/site-packages/airflow/example_dags/example_task_group_decorator.py took 0.058 seconds
[2026-04-22T12:20:32.652+0530] {processor.py:161} INFO - Started process (PID=72195) to work on /Library/Frameworks/Python.framework/Versions/3.10/lib/python3.10/site-packages/airflow/example_dags/example_task_group_decorator.py
[2026-04-22T12:20:32.653+0530] {processor.py:830} INFO - Processing file /Library/Frameworks/Python.framework/Versions/3.10/lib/python3.10/site-packages/airflow/example_dags/example_task_group_decorator.py for tasks to queue
[2026-04-22T12:20:32.654+0530] {logging_mixin.py:188} INFO - [2026-04-22T12:20:32.654+0530] {dagbag.py:545} INFO - Filling up the DagBag from /Library/Frameworks/Python.framework/Versions/3.10/lib/python3.10/site-packages/airflow/example_dags/example_task_group_decorator.py
[2026-04-22T12:20:32.667+0530] {processor.py:840} INFO - DAG(s) 'example_task_group_decorator' retrieved from /Library/Frameworks/Python.framework/Versions/3.10/lib/python3.10/site-packages/airflow/example_dags/example_task_group_decorator.py
[2026-04-22T12:20:32.700+0530] {logging_mixin.py:188} INFO - [2026-04-22T12:20:32.700+0530] {dag.py:3096} INFO - Sync 1 DAGs
[2026-04-22T12:20:32.705+0530] {logging_mixin.py:188} INFO - [2026-04-22T12:20:32.705+0530] {dag.py:3954} INFO - Setting next_dagrun for example_task_group_decorator to 2026-04-21 00:00:00+00:00, run_after=2026-04-22 00:00:00+00:00
[2026-04-22T12:20:32.710+0530] {processor.py:183} INFO - Processing /Library/Frameworks/Python.framework/Versions/3.10/lib/python3.10/site-packages/airflow/example_dags/example_task_group_decorator.py took 0.058 seconds
[2026-04-22T12:22:21.617+0530] {processor.py:161} INFO - Started process (PID=72448) to work on /Library/Frameworks/Python.framework/Versions/3.10/lib/python3.10/site-packages/airflow/example_dags/example_task_group_decorator.py
[2026-04-22T12:22:21.617+0530] {processor.py:830} INFO - Processing file /Library/Frameworks/Python.framework/Versions/3.10/lib/python3.10/site-packages/airflow/example_dags/example_task_group_decorator.py for tasks to queue
[2026-04-22T12:22:21.617+0530] {logging_mixin.py:188} INFO - [2026-04-22T12:22:21.617+0530] {dagbag.py:545} INFO - Filling up the DagBag from /Library/Frameworks/Python.framework/Versions/3.10/lib/python3.10/site-packages/airflow/example_dags/example_task_group_decorator.py
[2026-04-22T12:22:21.636+0530] {processor.py:840} INFO - DAG(s) 'example_task_group_decorator' retrieved from /Library/Frameworks/Python.framework/Versions/3.10/lib/python3.10/site-packages/airflow/example_dags/example_task_group_decorator.py
[2026-04-22T12:22:21.670+0530] {logging_mixin.py:188} INFO - [2026-04-22T12:22:21.669+0530] {dag.py:3096} INFO - Sync 1 DAGs
[2026-04-22T12:22:21.674+0530] {logging_mixin.py:188} INFO - [2026-04-22T12:22:21.674+0530] {dag.py:3954} INFO - Setting next_dagrun for example_task_group_decorator to 2026-04-21 00:00:00+00:00, run_after=2026-04-22 00:00:00+00:00
[2026-04-22T12:22:21.679+0530] {processor.py:183} INFO - Processing /Library/Frameworks/Python.framework/Versions/3.10/lib/python3.10/site-packages/airflow/example_dags/example_task_group_decorator.py took 0.064 seconds
[2026-04-22T12:24:03.330+0530] {processor.py:161} INFO - Started process (PID=72577) to work on /Library/Frameworks/Python.framework/Versions/3.10/lib/python3.10/site-packages/airflow/example_dags/example_task_group_decorator.py
[2026-04-22T12:24:03.331+0530] {processor.py:830} INFO - Processing file /Library/Frameworks/Python.framework/Versions/3.10/lib/python3.10/site-packages/airflow/example_dags/example_task_group_decorator.py for tasks to queue
[2026-04-22T12:24:03.331+0530] {logging_mixin.py:188} INFO - [2026-04-22T12:24:03.331+0530] {dagbag.py:545} INFO - Filling up the DagBag from /Library/Frameworks/Python.framework/Versions/3.10/lib/python3.10/site-packages/airflow/example_dags/example_task_group_decorator.py
[2026-04-22T12:24:03.345+0530] {processor.py:840} INFO - DAG(s) 'example_task_group_decorator' retrieved from /Library/Frameworks/Python.framework/Versions/3.10/lib/python3.10/site-packages/airflow/example_dags/example_task_group_decorator.py
[2026-04-22T12:24:03.377+0530] {logging_mixin.py:188} INFO - [2026-04-22T12:24:03.377+0530] {dag.py:3096} INFO - Sync 1 DAGs
[2026-04-22T12:24:03.383+0530] {logging_mixin.py:188} INFO - [2026-04-22T12:24:03.383+0530] {dag.py:3954} INFO - Setting next_dagrun for example_task_group_decorator to 2026-04-21 00:00:00+00:00, run_after=2026-04-22 00:00:00+00:00
[2026-04-22T12:24:03.387+0530] {processor.py:183} INFO - Processing /Library/Frameworks/Python.framework/Versions/3.10/lib/python3.10/site-packages/airflow/example_dags/example_task_group_decorator.py took 0.058 seconds
[2026-04-22T12:25:47.479+0530] {processor.py:161} INFO - Started process (PID=72835) to work on /Library/Frameworks/Python.framework/Versions/3.10/lib/python3.10/site-packages/airflow/example_dags/example_task_group_decorator.py
[2026-04-22T12:25:47.480+0530] {processor.py:830} INFO - Processing file /Library/Frameworks/Python.framework/Versions/3.10/lib/python3.10/site-packages/airflow/example_dags/example_task_group_decorator.py for tasks to queue
[2026-04-22T12:25:47.480+0530] {logging_mixin.py:188} INFO - [2026-04-22T12:25:47.480+0530] {dagbag.py:545} INFO - Filling up the DagBag from /Library/Frameworks/Python.framework/Versions/3.10/lib/python3.10/site-packages/airflow/example_dags/example_task_group_decorator.py
[2026-04-22T12:25:47.494+0530] {processor.py:840} INFO - DAG(s) 'example_task_group_decorator' retrieved from /Library/Frameworks/Python.framework/Versions/3.10/lib/python3.10/site-packages/airflow/example_dags/example_task_group_decorator.py
[2026-04-22T12:25:47.528+0530] {logging_mixin.py:188} INFO - [2026-04-22T12:25:47.528+0530] {dag.py:3096} INFO - Sync 1 DAGs
[2026-04-22T12:25:47.534+0530] {logging_mixin.py:188} INFO - [2026-04-22T12:25:47.534+0530] {dag.py:3954} INFO - Setting next_dagrun for example_task_group_decorator to 2026-04-21 00:00:00+00:00, run_after=2026-04-22 00:00:00+00:00
[2026-04-22T12:25:47.539+0530] {processor.py:183} INFO - Processing /Library/Frameworks/Python.framework/Versions/3.10/lib/python3.10/site-packages/airflow/example_dags/example_task_group_decorator.py took 0.061 seconds
[2026-04-22T12:27:32.675+0530] {processor.py:161} INFO - Started process (PID=73009) to work on /Library/Frameworks/Python.framework/Versions/3.10/lib/python3.10/site-packages/airflow/example_dags/example_task_group_decorator.py
[2026-04-22T12:27:32.676+0530] {processor.py:830} INFO - Processing file /Library/Frameworks/Python.framework/Versions/3.10/lib/python3.10/site-packages/airflow/example_dags/example_task_group_decorator.py for tasks to queue
[2026-04-22T12:27:32.676+0530] {logging_mixin.py:188} INFO - [2026-04-22T12:27:32.676+0530] {dagbag.py:545} INFO - Filling up the DagBag from /Library/Frameworks/Python.framework/Versions/3.10/lib/python3.10/site-packages/airflow/example_dags/example_task_group_decorator.py
[2026-04-22T12:27:32.690+0530] {processor.py:840} INFO - DAG(s) 'example_task_group_decorator' retrieved from /Library/Frameworks/Python.framework/Versions/3.10/lib/python3.10/site-packages/airflow/example_dags/example_task_group_decorator.py
[2026-04-22T12:27:32.723+0530] {logging_mixin.py:188} INFO - [2026-04-22T12:27:32.723+0530] {dag.py:3096} INFO - Sync 1 DAGs
[2026-04-22T12:27:32.729+0530] {logging_mixin.py:188} INFO - [2026-04-22T12:27:32.729+0530] {dag.py:3954} INFO - Setting next_dagrun for example_task_group_decorator to 2026-04-21 00:00:00+00:00, run_after=2026-04-22 00:00:00+00:00
[2026-04-22T12:27:32.735+0530] {processor.py:183} INFO - Processing /Library/Frameworks/Python.framework/Versions/3.10/lib/python3.10/site-packages/airflow/example_dags/example_task_group_decorator.py took 0.061 seconds
[2026-04-22T12:28:31.070+0530] {processor.py:161} INFO - Started process (PID=73141) to work on /Library/Frameworks/Python.framework/Versions/3.10/lib/python3.10/site-packages/airflow/example_dags/example_task_group_decorator.py
[2026-04-22T12:28:31.071+0530] {processor.py:830} INFO - Processing file /Library/Frameworks/Python.framework/Versions/3.10/lib/python3.10/site-packages/airflow/example_dags/example_task_group_decorator.py for tasks to queue
[2026-04-22T12:28:31.071+0530] {logging_mixin.py:188} INFO - [2026-04-22T12:28:31.071+0530] {dagbag.py:545} INFO - Filling up the DagBag from /Library/Frameworks/Python.framework/Versions/3.10/lib/python3.10/site-packages/airflow/example_dags/example_task_group_decorator.py
[2026-04-22T12:28:31.086+0530] {processor.py:840} INFO - DAG(s) 'example_task_group_decorator' retrieved from /Library/Frameworks/Python.framework/Versions/3.10/lib/python3.10/site-packages/airflow/example_dags/example_task_group_decorator.py
[2026-04-22T12:28:31.119+0530] {logging_mixin.py:188} INFO - [2026-04-22T12:28:31.119+0530] {dag.py:3096} INFO - Sync 1 DAGs
[2026-04-22T12:28:31.124+0530] {logging_mixin.py:188} INFO - [2026-04-22T12:28:31.124+0530] {dag.py:3954} INFO - Setting next_dagrun for example_task_group_decorator to 2026-04-21 00:00:00+00:00, run_after=2026-04-22 00:00:00+00:00
[2026-04-22T12:28:31.129+0530] {processor.py:183} INFO - Processing /Library/Frameworks/Python.framework/Versions/3.10/lib/python3.10/site-packages/airflow/example_dags/example_task_group_decorator.py took 0.060 seconds
[2026-04-22T12:29:28.814+0530] {processor.py:161} INFO - Started process (PID=73237) to work on /Library/Frameworks/Python.framework/Versions/3.10/lib/python3.10/site-packages/airflow/example_dags/example_task_group_decorator.py
[2026-04-22T12:29:28.815+0530] {processor.py:830} INFO - Processing file /Library/Frameworks/Python.framework/Versions/3.10/lib/python3.10/site-packages/airflow/example_dags/example_task_group_decorator.py for tasks to queue
[2026-04-22T12:29:28.815+0530] {logging_mixin.py:188} INFO - [2026-04-22T12:29:28.815+0530] {dagbag.py:545} INFO - Filling up the DagBag from /Library/Frameworks/Python.framework/Versions/3.10/lib/python3.10/site-packages/airflow/example_dags/example_task_group_decorator.py
[2026-04-22T12:29:28.829+0530] {processor.py:840} INFO - DAG(s) 'example_task_group_decorator' retrieved from /Library/Frameworks/Python.framework/Versions/3.10/lib/python3.10/site-packages/airflow/example_dags/example_task_group_decorator.py
[2026-04-22T12:29:28.862+0530] {logging_mixin.py:188} INFO - [2026-04-22T12:29:28.862+0530] {dag.py:3096} INFO - Sync 1 DAGs
[2026-04-22T12:29:28.867+0530] {logging_mixin.py:188} INFO - [2026-04-22T12:29:28.867+0530] {dag.py:3954} INFO - Setting next_dagrun for example_task_group_decorator to 2026-04-21 00:00:00+00:00, run_after=2026-04-22 00:00:00+00:00
[2026-04-22T12:29:28.873+0530] {processor.py:183} INFO - Processing /Library/Frameworks/Python.framework/Versions/3.10/lib/python3.10/site-packages/airflow/example_dags/example_task_group_decorator.py took 0.059 seconds
[2026-04-22T12:31:17.382+0530] {processor.py:161} INFO - Started process (PID=73484) to work on /Library/Frameworks/Python.framework/Versions/3.10/lib/python3.10/site-packages/airflow/example_dags/example_task_group_decorator.py
[2026-04-22T12:31:17.382+0530] {processor.py:830} INFO - Processing file /Library/Frameworks/Python.framework/Versions/3.10/lib/python3.10/site-packages/airflow/example_dags/example_task_group_decorator.py for tasks to queue
[2026-04-22T12:31:17.383+0530] {logging_mixin.py:188} INFO - [2026-04-22T12:31:17.383+0530] {dagbag.py:545} INFO - Filling up the DagBag from /Library/Frameworks/Python.framework/Versions/3.10/lib/python3.10/site-packages/airflow/example_dags/example_task_group_decorator.py
[2026-04-22T12:31:17.400+0530] {processor.py:840} INFO - DAG(s) 'example_task_group_decorator' retrieved from /Library/Frameworks/Python.framework/Versions/3.10/lib/python3.10/site-packages/airflow/example_dags/example_task_group_decorator.py
[2026-04-22T12:31:17.437+0530] {logging_mixin.py:188} INFO - [2026-04-22T12:31:17.436+0530] {dag.py:3096} INFO - Sync 1 DAGs
[2026-04-22T12:31:17.443+0530] {logging_mixin.py:188} INFO - [2026-04-22T12:31:17.443+0530] {dag.py:3954} INFO - Setting next_dagrun for example_task_group_decorator to 2026-04-21 00:00:00+00:00, run_after=2026-04-22 00:00:00+00:00
[2026-04-22T12:31:17.450+0530] {processor.py:183} INFO - Processing /Library/Frameworks/Python.framework/Versions/3.10/lib/python3.10/site-packages/airflow/example_dags/example_task_group_decorator.py took 0.070 seconds
[2026-04-22T12:33:02.049+0530] {processor.py:161} INFO - Started process (PID=73687) to work on /Library/Frameworks/Python.framework/Versions/3.10/lib/python3.10/site-packages/airflow/example_dags/example_task_group_decorator.py
[2026-04-22T12:33:02.050+0530] {processor.py:830} INFO - Processing file /Library/Frameworks/Python.framework/Versions/3.10/lib/python3.10/site-packages/airflow/example_dags/example_task_group_decorator.py for tasks to queue
[2026-04-22T12:33:02.050+0530] {logging_mixin.py:188} INFO - [2026-04-22T12:33:02.050+0530] {dagbag.py:545} INFO - Filling up the DagBag from /Library/Frameworks/Python.framework/Versions/3.10/lib/python3.10/site-packages/airflow/example_dags/example_task_group_decorator.py
[2026-04-22T12:33:02.064+0530] {processor.py:840} INFO - DAG(s) 'example_task_group_decorator' retrieved from /Library/Frameworks/Python.framework/Versions/3.10/lib/python3.10/site-packages/airflow/example_dags/example_task_group_decorator.py
[2026-04-22T12:33:02.098+0530] {logging_mixin.py:188} INFO - [2026-04-22T12:33:02.098+0530] {dag.py:3096} INFO - Sync 1 DAGs
[2026-04-22T12:33:02.103+0530] {logging_mixin.py:188} INFO - [2026-04-22T12:33:02.103+0530] {dag.py:3954} INFO - Setting next_dagrun for example_task_group_decorator to 2026-04-21 00:00:00+00:00, run_after=2026-04-22 00:00:00+00:00
[2026-04-22T12:33:02.109+0530] {processor.py:183} INFO - Processing /Library/Frameworks/Python.framework/Versions/3.10/lib/python3.10/site-packages/airflow/example_dags/example_task_group_decorator.py took 0.061 seconds
[2026-04-22T12:34:46.657+0530] {processor.py:161} INFO - Started process (PID=73823) to work on /Library/Frameworks/Python.framework/Versions/3.10/lib/python3.10/site-packages/airflow/example_dags/example_task_group_decorator.py
[2026-04-22T12:34:46.658+0530] {processor.py:830} INFO - Processing file /Library/Frameworks/Python.framework/Versions/3.10/lib/python3.10/site-packages/airflow/example_dags/example_task_group_decorator.py for tasks to queue
[2026-04-22T12:34:46.658+0530] {logging_mixin.py:188} INFO - [2026-04-22T12:34:46.658+0530] {dagbag.py:545} INFO - Filling up the DagBag from /Library/Frameworks/Python.framework/Versions/3.10/lib/python3.10/site-packages/airflow/example_dags/example_task_group_decorator.py
[2026-04-22T12:34:46.672+0530] {processor.py:840} INFO - DAG(s) 'example_task_group_decorator' retrieved from /Library/Frameworks/Python.framework/Versions/3.10/lib/python3.10/site-packages/airflow/example_dags/example_task_group_decorator.py
[2026-04-22T12:34:46.706+0530] {logging_mixin.py:188} INFO - [2026-04-22T12:34:46.706+0530] {dag.py:3096} INFO - Sync 1 DAGs
[2026-04-22T12:34:46.711+0530] {logging_mixin.py:188} INFO - [2026-04-22T12:34:46.711+0530] {dag.py:3954} INFO - Setting next_dagrun for example_task_group_decorator to 2026-04-21 00:00:00+00:00, run_after=2026-04-22 00:00:00+00:00
[2026-04-22T12:34:46.716+0530] {processor.py:183} INFO - Processing /Library/Frameworks/Python.framework/Versions/3.10/lib/python3.10/site-packages/airflow/example_dags/example_task_group_decorator.py took 0.060 seconds
[2026-04-22T12:36:28.880+0530] {processor.py:161} INFO - Started process (PID=73958) to work on /Library/Frameworks/Python.framework/Versions/3.10/lib/python3.10/site-packages/airflow/example_dags/example_task_group_decorator.py
[2026-04-22T12:36:28.881+0530] {processor.py:830} INFO - Processing file /Library/Frameworks/Python.framework/Versions/3.10/lib/python3.10/site-packages/airflow/example_dags/example_task_group_decorator.py for tasks to queue
[2026-04-22T12:36:28.881+0530] {logging_mixin.py:188} INFO - [2026-04-22T12:36:28.881+0530] {dagbag.py:545} INFO - Filling up the DagBag from /Library/Frameworks/Python.framework/Versions/3.10/lib/python3.10/site-packages/airflow/example_dags/example_task_group_decorator.py
[2026-04-22T12:36:28.895+0530] {processor.py:840} INFO - DAG(s) 'example_task_group_decorator' retrieved from /Library/Frameworks/Python.framework/Versions/3.10/lib/python3.10/site-packages/airflow/example_dags/example_task_group_decorator.py
[2026-04-22T12:36:28.929+0530] {logging_mixin.py:188} INFO - [2026-04-22T12:36:28.928+0530] {dag.py:3096} INFO - Sync 1 DAGs
[2026-04-22T12:36:28.933+0530] {logging_mixin.py:188} INFO - [2026-04-22T12:36:28.933+0530] {dag.py:3954} INFO - Setting next_dagrun for example_task_group_decorator to 2026-04-21 00:00:00+00:00, run_after=2026-04-22 00:00:00+00:00
[2026-04-22T12:36:28.939+0530] {processor.py:183} INFO - Processing /Library/Frameworks/Python.framework/Versions/3.10/lib/python3.10/site-packages/airflow/example_dags/example_task_group_decorator.py took 0.059 seconds
[2026-04-22T12:38:20.584+0530] {processor.py:161} INFO - Started process (PID=74080) to work on /Library/Frameworks/Python.framework/Versions/3.10/lib/python3.10/site-packages/airflow/example_dags/example_task_group_decorator.py
[2026-04-22T12:38:20.585+0530] {processor.py:830} INFO - Processing file /Library/Frameworks/Python.framework/Versions/3.10/lib/python3.10/site-packages/airflow/example_dags/example_task_group_decorator.py for tasks to queue
[2026-04-22T12:38:20.585+0530] {logging_mixin.py:188} INFO - [2026-04-22T12:38:20.585+0530] {dagbag.py:545} INFO - Filling up the DagBag from /Library/Frameworks/Python.framework/Versions/3.10/lib/python3.10/site-packages/airflow/example_dags/example_task_group_decorator.py
[2026-04-22T12:38:20.603+0530] {processor.py:840} INFO - DAG(s) 'example_task_group_decorator' retrieved from /Library/Frameworks/Python.framework/Versions/3.10/lib/python3.10/site-packages/airflow/example_dags/example_task_group_decorator.py
[2026-04-22T12:38:20.638+0530] {logging_mixin.py:188} INFO - [2026-04-22T12:38:20.638+0530] {dag.py:3096} INFO - Sync 1 DAGs
[2026-04-22T12:38:20.643+0530] {logging_mixin.py:188} INFO - [2026-04-22T12:38:20.643+0530] {dag.py:3954} INFO - Setting next_dagrun for example_task_group_decorator to 2026-04-21 00:00:00+00:00, run_after=2026-04-22 00:00:00+00:00
[2026-04-22T12:38:20.648+0530] {processor.py:183} INFO - Processing /Library/Frameworks/Python.framework/Versions/3.10/lib/python3.10/site-packages/airflow/example_dags/example_task_group_decorator.py took 0.065 seconds
[2026-04-22T12:39:20.680+0530] {processor.py:161} INFO - Started process (PID=74145) to work on /Library/Frameworks/Python.framework/Versions/3.10/lib/python3.10/site-packages/airflow/example_dags/example_task_group_decorator.py
[2026-04-22T12:39:20.680+0530] {processor.py:830} INFO - Processing file /Library/Frameworks/Python.framework/Versions/3.10/lib/python3.10/site-packages/airflow/example_dags/example_task_group_decorator.py for tasks to queue
[2026-04-22T12:39:20.680+0530] {logging_mixin.py:188} INFO - [2026-04-22T12:39:20.680+0530] {dagbag.py:545} INFO - Filling up the DagBag from /Library/Frameworks/Python.framework/Versions/3.10/lib/python3.10/site-packages/airflow/example_dags/example_task_group_decorator.py
[2026-04-22T12:39:20.695+0530] {processor.py:840} INFO - DAG(s) 'example_task_group_decorator' retrieved from /Library/Frameworks/Python.framework/Versions/3.10/lib/python3.10/site-packages/airflow/example_dags/example_task_group_decorator.py
[2026-04-22T12:39:20.731+0530] {logging_mixin.py:188} INFO - [2026-04-22T12:39:20.730+0530] {dag.py:3096} INFO - Sync 1 DAGs
[2026-04-22T12:39:20.736+0530] {logging_mixin.py:188} INFO - [2026-04-22T12:39:20.736+0530] {dag.py:3954} INFO - Setting next_dagrun for example_task_group_decorator to 2026-04-21 00:00:00+00:00, run_after=2026-04-22 00:00:00+00:00
[2026-04-22T12:39:20.742+0530] {processor.py:183} INFO - Processing /Library/Frameworks/Python.framework/Versions/3.10/lib/python3.10/site-packages/airflow/example_dags/example_task_group_decorator.py took 0.064 seconds
[2026-04-22T12:40:20.754+0530] {processor.py:161} INFO - Started process (PID=74219) to work on /Library/Frameworks/Python.framework/Versions/3.10/lib/python3.10/site-packages/airflow/example_dags/example_task_group_decorator.py
[2026-04-22T12:40:20.754+0530] {processor.py:830} INFO - Processing file /Library/Frameworks/Python.framework/Versions/3.10/lib/python3.10/site-packages/airflow/example_dags/example_task_group_decorator.py for tasks to queue
[2026-04-22T12:40:20.754+0530] {logging_mixin.py:188} INFO - [2026-04-22T12:40:20.754+0530] {dagbag.py:545} INFO - Filling up the DagBag from /Library/Frameworks/Python.framework/Versions/3.10/lib/python3.10/site-packages/airflow/example_dags/example_task_group_decorator.py
[2026-04-22T12:40:20.768+0530] {processor.py:840} INFO - DAG(s) 'example_task_group_decorator' retrieved from /Library/Frameworks/Python.framework/Versions/3.10/lib/python3.10/site-packages/airflow/example_dags/example_task_group_decorator.py
[2026-04-22T12:40:20.803+0530] {logging_mixin.py:188} INFO - [2026-04-22T12:40:20.803+0530] {dag.py:3096} INFO - Sync 1 DAGs
[2026-04-22T12:40:20.808+0530] {logging_mixin.py:188} INFO - [2026-04-22T12:40:20.808+0530] {dag.py:3954} INFO - Setting next_dagrun for example_task_group_decorator to 2026-04-21 00:00:00+00:00, run_after=2026-04-22 00:00:00+00:00
[2026-04-22T12:40:20.815+0530] {processor.py:183} INFO - Processing /Library/Frameworks/Python.framework/Versions/3.10/lib/python3.10/site-packages/airflow/example_dags/example_task_group_decorator.py took 0.062 seconds
[2026-04-22T12:41:21.441+0530] {processor.py:161} INFO - Started process (PID=74290) to work on /Library/Frameworks/Python.framework/Versions/3.10/lib/python3.10/site-packages/airflow/example_dags/example_task_group_decorator.py
[2026-04-22T12:41:21.442+0530] {processor.py:830} INFO - Processing file /Library/Frameworks/Python.framework/Versions/3.10/lib/python3.10/site-packages/airflow/example_dags/example_task_group_decorator.py for tasks to queue
[2026-04-22T12:41:21.443+0530] {logging_mixin.py:188} INFO - [2026-04-22T12:41:21.443+0530] {dagbag.py:545} INFO - Filling up the DagBag from /Library/Frameworks/Python.framework/Versions/3.10/lib/python3.10/site-packages/airflow/example_dags/example_task_group_decorator.py
[2026-04-22T12:41:21.457+0530] {processor.py:840} INFO - DAG(s) 'example_task_group_decorator' retrieved from /Library/Frameworks/Python.framework/Versions/3.10/lib/python3.10/site-packages/airflow/example_dags/example_task_group_decorator.py
[2026-04-22T12:41:21.491+0530] {logging_mixin.py:188} INFO - [2026-04-22T12:41:21.490+0530] {dag.py:3096} INFO - Sync 1 DAGs
[2026-04-22T12:41:21.495+0530] {logging_mixin.py:188} INFO - [2026-04-22T12:41:21.495+0530] {dag.py:3954} INFO - Setting next_dagrun for example_task_group_decorator to 2026-04-21 00:00:00+00:00, run_after=2026-04-22 00:00:00+00:00
[2026-04-22T12:41:21.501+0530] {processor.py:183} INFO - Processing /Library/Frameworks/Python.framework/Versions/3.10/lib/python3.10/site-packages/airflow/example_dags/example_task_group_decorator.py took 0.060 seconds
[2026-04-22T12:42:18.525+0530] {processor.py:161} INFO - Started process (PID=74359) to work on /Library/Frameworks/Python.framework/Versions/3.10/lib/python3.10/site-packages/airflow/example_dags/example_task_group_decorator.py
[2026-04-22T12:42:18.526+0530] {processor.py:830} INFO - Processing file /Library/Frameworks/Python.framework/Versions/3.10/lib/python3.10/site-packages/airflow/example_dags/example_task_group_decorator.py for tasks to queue
[2026-04-22T12:42:18.526+0530] {logging_mixin.py:188} INFO - [2026-04-22T12:42:18.526+0530] {dagbag.py:545} INFO - Filling up the DagBag from /Library/Frameworks/Python.framework/Versions/3.10/lib/python3.10/site-packages/airflow/example_dags/example_task_group_decorator.py
[2026-04-22T12:42:18.541+0530] {processor.py:840} INFO - DAG(s) 'example_task_group_decorator' retrieved from /Library/Frameworks/Python.framework/Versions/3.10/lib/python3.10/site-packages/airflow/example_dags/example_task_group_decorator.py
[2026-04-22T12:42:18.575+0530] {logging_mixin.py:188} INFO - [2026-04-22T12:42:18.575+0530] {dag.py:3096} INFO - Sync 1 DAGs
[2026-04-22T12:42:18.581+0530] {logging_mixin.py:188} INFO - [2026-04-22T12:42:18.581+0530] {dag.py:3954} INFO - Setting next_dagrun for example_task_group_decorator to 2026-04-21 00:00:00+00:00, run_after=2026-04-22 00:00:00+00:00
[2026-04-22T12:42:18.587+0530] {processor.py:183} INFO - Processing /Library/Frameworks/Python.framework/Versions/3.10/lib/python3.10/site-packages/airflow/example_dags/example_task_group_decorator.py took 0.063 seconds
