[2026-04-22T07:23:18.112+0530] {processor.py:161} INFO - Started process (PID=68769) to work on /Library/Frameworks/Python.framework/Versions/3.10/lib/python3.10/site-packages/airflow/example_dags/example_branch_labels.py
[2026-04-22T07:23:18.112+0530] {processor.py:830} INFO - Processing file /Library/Frameworks/Python.framework/Versions/3.10/lib/python3.10/site-packages/airflow/example_dags/example_branch_labels.py for tasks to queue
[2026-04-22T07:23:18.112+0530] {logging_mixin.py:188} INFO - [2026-04-22T07:23:18.112+0530] {dagbag.py:545} INFO - Filling up the DagBag from /Library/Frameworks/Python.framework/Versions/3.10/lib/python3.10/site-packages/airflow/example_dags/example_branch_labels.py
[2026-04-22T07:23:18.116+0530] {processor.py:840} INFO - DAG(s) 'example_branch_labels' retrieved from /Library/Frameworks/Python.framework/Versions/3.10/lib/python3.10/site-packages/airflow/example_dags/example_branch_labels.py
[2026-04-22T07:23:18.152+0530] {logging_mixin.py:188} INFO - [2026-04-22T07:23:18.152+0530] {dag.py:3096} INFO - Sync 1 DAGs
[2026-04-22T07:23:18.157+0530] {logging_mixin.py:188} INFO - [2026-04-22T07:23:18.157+0530] {dag.py:3954} INFO - Setting next_dagrun for example_branch_labels to 2026-04-21 00:00:00+00:00, run_after=2026-04-22 00:00:00+00:00
[2026-04-22T07:23:18.162+0530] {processor.py:183} INFO - Processing /Library/Frameworks/Python.framework/Versions/3.10/lib/python3.10/site-packages/airflow/example_dags/example_branch_labels.py took 0.052 seconds
[2026-04-22T11:47:48.705+0530] {processor.py:161} INFO - Started process (PID=69337) to work on /Library/Frameworks/Python.framework/Versions/3.10/lib/python3.10/site-packages/airflow/example_dags/example_branch_labels.py
[2026-04-22T11:47:48.706+0530] {processor.py:830} INFO - Processing file /Library/Frameworks/Python.framework/Versions/3.10/lib/python3.10/site-packages/airflow/example_dags/example_branch_labels.py for tasks to queue
[2026-04-22T11:47:48.707+0530] {logging_mixin.py:188} INFO - [2026-04-22T11:47:48.707+0530] {dagbag.py:545} INFO - Filling up the DagBag from /Library/Frameworks/Python.framework/Versions/3.10/lib/python3.10/site-packages/airflow/example_dags/example_branch_labels.py
[2026-04-22T11:47:48.710+0530] {processor.py:840} INFO - DAG(s) 'example_branch_labels' retrieved from /Library/Frameworks/Python.framework/Versions/3.10/lib/python3.10/site-packages/airflow/example_dags/example_branch_labels.py
[2026-04-22T11:47:48.742+0530] {logging_mixin.py:188} INFO - [2026-04-22T11:47:48.742+0530] {dag.py:3096} INFO - Sync 1 DAGs
[2026-04-22T11:47:48.746+0530] {logging_mixin.py:188} INFO - [2026-04-22T11:47:48.746+0530] {dag.py:3954} INFO - Setting next_dagrun for example_branch_labels to 2026-04-21 00:00:00+00:00, run_after=2026-04-22 00:00:00+00:00
[2026-04-22T11:47:48.751+0530] {processor.py:183} INFO - Processing /Library/Frameworks/Python.framework/Versions/3.10/lib/python3.10/site-packages/airflow/example_dags/example_branch_labels.py took 0.047 seconds
[2026-04-22T11:48:44.719+0530] {processor.py:161} INFO - Started process (PID=69436) to work on /Library/Frameworks/Python.framework/Versions/3.10/lib/python3.10/site-packages/airflow/example_dags/example_branch_labels.py
[2026-04-22T11:48:44.720+0530] {processor.py:830} INFO - Processing file /Library/Frameworks/Python.framework/Versions/3.10/lib/python3.10/site-packages/airflow/example_dags/example_branch_labels.py for tasks to queue
[2026-04-22T11:48:44.720+0530] {logging_mixin.py:188} INFO - [2026-04-22T11:48:44.720+0530] {dagbag.py:545} INFO - Filling up the DagBag from /Library/Frameworks/Python.framework/Versions/3.10/lib/python3.10/site-packages/airflow/example_dags/example_branch_labels.py
[2026-04-22T11:48:44.723+0530] {processor.py:840} INFO - DAG(s) 'example_branch_labels' retrieved from /Library/Frameworks/Python.framework/Versions/3.10/lib/python3.10/site-packages/airflow/example_dags/example_branch_labels.py
[2026-04-22T11:48:44.758+0530] {logging_mixin.py:188} INFO - [2026-04-22T11:48:44.758+0530] {dag.py:3096} INFO - Sync 1 DAGs
[2026-04-22T11:48:44.763+0530] {logging_mixin.py:188} INFO - [2026-04-22T11:48:44.762+0530] {dag.py:3954} INFO - Setting next_dagrun for example_branch_labels to 2026-04-21 00:00:00+00:00, run_after=2026-04-22 00:00:00+00:00
[2026-04-22T11:48:44.767+0530] {processor.py:183} INFO - Processing /Library/Frameworks/Python.framework/Versions/3.10/lib/python3.10/site-packages/airflow/example_dags/example_branch_labels.py took 0.050 seconds
[2026-04-22T11:49:39.819+0530] {processor.py:161} INFO - Started process (PID=69518) to work on /Library/Frameworks/Python.framework/Versions/3.10/lib/python3.10/site-packages/airflow/example_dags/example_branch_labels.py
[2026-04-22T11:49:39.819+0530] {processor.py:830} INFO - Processing file /Library/Frameworks/Python.framework/Versions/3.10/lib/python3.10/site-packages/airflow/example_dags/example_branch_labels.py for tasks to queue
[2026-04-22T11:49:39.819+0530] {logging_mixin.py:188} INFO - [2026-04-22T11:49:39.819+0530] {dagbag.py:545} INFO - Filling up the DagBag from /Library/Frameworks/Python.framework/Versions/3.10/lib/python3.10/site-packages/airflow/example_dags/example_branch_labels.py
[2026-04-22T11:49:39.823+0530] {processor.py:840} INFO - DAG(s) 'example_branch_labels' retrieved from /Library/Frameworks/Python.framework/Versions/3.10/lib/python3.10/site-packages/airflow/example_dags/example_branch_labels.py
[2026-04-22T11:49:39.855+0530] {logging_mixin.py:188} INFO - [2026-04-22T11:49:39.855+0530] {dag.py:3096} INFO - Sync 1 DAGs
[2026-04-22T11:49:39.860+0530] {logging_mixin.py:188} INFO - [2026-04-22T11:49:39.860+0530] {dag.py:3954} INFO - Setting next_dagrun for example_branch_labels to 2026-04-21 00:00:00+00:00, run_after=2026-04-22 00:00:00+00:00
[2026-04-22T11:49:39.865+0530] {processor.py:183} INFO - Processing /Library/Frameworks/Python.framework/Versions/3.10/lib/python3.10/site-packages/airflow/example_dags/example_branch_labels.py took 0.047 seconds
[2026-04-22T11:50:35.526+0530] {processor.py:161} INFO - Started process (PID=69621) to work on /Library/Frameworks/Python.framework/Versions/3.10/lib/python3.10/site-packages/airflow/example_dags/example_branch_labels.py
[2026-04-22T11:50:35.526+0530] {processor.py:830} INFO - Processing file /Library/Frameworks/Python.framework/Versions/3.10/lib/python3.10/site-packages/airflow/example_dags/example_branch_labels.py for tasks to queue
[2026-04-22T11:50:35.527+0530] {logging_mixin.py:188} INFO - [2026-04-22T11:50:35.527+0530] {dagbag.py:545} INFO - Filling up the DagBag from /Library/Frameworks/Python.framework/Versions/3.10/lib/python3.10/site-packages/airflow/example_dags/example_branch_labels.py
[2026-04-22T11:50:35.530+0530] {processor.py:840} INFO - DAG(s) 'example_branch_labels' retrieved from /Library/Frameworks/Python.framework/Versions/3.10/lib/python3.10/site-packages/airflow/example_dags/example_branch_labels.py
[2026-04-22T11:50:35.564+0530] {logging_mixin.py:188} INFO - [2026-04-22T11:50:35.564+0530] {dag.py:3096} INFO - Sync 1 DAGs
[2026-04-22T11:50:35.569+0530] {logging_mixin.py:188} INFO - [2026-04-22T11:50:35.569+0530] {dag.py:3954} INFO - Setting next_dagrun for example_branch_labels to 2026-04-21 00:00:00+00:00, run_after=2026-04-22 00:00:00+00:00
[2026-04-22T11:50:35.575+0530] {processor.py:183} INFO - Processing /Library/Frameworks/Python.framework/Versions/3.10/lib/python3.10/site-packages/airflow/example_dags/example_branch_labels.py took 0.050 seconds
[2026-04-22T12:12:43.566+0530] {processor.py:161} INFO - Started process (PID=71099) to work on /Library/Frameworks/Python.framework/Versions/3.10/lib/python3.10/site-packages/airflow/example_dags/example_branch_labels.py
[2026-04-22T12:12:43.567+0530] {processor.py:830} INFO - Processing file /Library/Frameworks/Python.framework/Versions/3.10/lib/python3.10/site-packages/airflow/example_dags/example_branch_labels.py for tasks to queue
[2026-04-22T12:12:43.567+0530] {logging_mixin.py:188} INFO - [2026-04-22T12:12:43.567+0530] {dagbag.py:545} INFO - Filling up the DagBag from /Library/Frameworks/Python.framework/Versions/3.10/lib/python3.10/site-packages/airflow/example_dags/example_branch_labels.py
[2026-04-22T12:12:43.570+0530] {processor.py:840} INFO - DAG(s) 'example_branch_labels' retrieved from /Library/Frameworks/Python.framework/Versions/3.10/lib/python3.10/site-packages/airflow/example_dags/example_branch_labels.py
[2026-04-22T12:12:43.603+0530] {logging_mixin.py:188} INFO - [2026-04-22T12:12:43.603+0530] {dag.py:3096} INFO - Sync 1 DAGs
[2026-04-22T12:12:43.608+0530] {logging_mixin.py:188} INFO - [2026-04-22T12:12:43.608+0530] {dag.py:3954} INFO - Setting next_dagrun for example_branch_labels to 2026-04-21 00:00:00+00:00, run_after=2026-04-22 00:00:00+00:00
[2026-04-22T12:12:43.613+0530] {processor.py:183} INFO - Processing /Library/Frameworks/Python.framework/Versions/3.10/lib/python3.10/site-packages/airflow/example_dags/example_branch_labels.py took 0.048 seconds
[2026-04-22T12:19:31.402+0530] {processor.py:161} INFO - Started process (PID=71636) to work on /Library/Frameworks/Python.framework/Versions/3.10/lib/python3.10/site-packages/airflow/example_dags/example_branch_labels.py
[2026-04-22T12:19:31.404+0530] {processor.py:830} INFO - Processing file /Library/Frameworks/Python.framework/Versions/3.10/lib/python3.10/site-packages/airflow/example_dags/example_branch_labels.py for tasks to queue
[2026-04-22T12:19:31.404+0530] {logging_mixin.py:188} INFO - [2026-04-22T12:19:31.404+0530] {dagbag.py:545} INFO - Filling up the DagBag from /Library/Frameworks/Python.framework/Versions/3.10/lib/python3.10/site-packages/airflow/example_dags/example_branch_labels.py
[2026-04-22T12:19:31.408+0530] {processor.py:840} INFO - DAG(s) 'example_branch_labels' retrieved from /Library/Frameworks/Python.framework/Versions/3.10/lib/python3.10/site-packages/airflow/example_dags/example_branch_labels.py
[2026-04-22T12:19:31.441+0530] {logging_mixin.py:188} INFO - [2026-04-22T12:19:31.441+0530] {dag.py:3096} INFO - Sync 1 DAGs
[2026-04-22T12:19:31.446+0530] {logging_mixin.py:188} INFO - [2026-04-22T12:19:31.446+0530] {dag.py:3954} INFO - Setting next_dagrun for example_branch_labels to 2026-04-21 00:00:00+00:00, run_after=2026-04-22 00:00:00+00:00
[2026-04-22T12:19:31.452+0530] {processor.py:183} INFO - Processing /Library/Frameworks/Python.framework/Versions/3.10/lib/python3.10/site-packages/airflow/example_dags/example_branch_labels.py took 0.050 seconds
[2026-04-22T12:21:49.009+0530] {processor.py:161} INFO - Started process (PID=72366) to work on /Library/Frameworks/Python.framework/Versions/3.10/lib/python3.10/site-packages/airflow/example_dags/example_branch_labels.py
[2026-04-22T12:21:49.010+0530] {processor.py:830} INFO - Processing file /Library/Frameworks/Python.framework/Versions/3.10/lib/python3.10/site-packages/airflow/example_dags/example_branch_labels.py for tasks to queue
[2026-04-22T12:21:49.010+0530] {logging_mixin.py:188} INFO - [2026-04-22T12:21:49.010+0530] {dagbag.py:545} INFO - Filling up the DagBag from /Library/Frameworks/Python.framework/Versions/3.10/lib/python3.10/site-packages/airflow/example_dags/example_branch_labels.py
[2026-04-22T12:21:49.014+0530] {processor.py:840} INFO - DAG(s) 'example_branch_labels' retrieved from /Library/Frameworks/Python.framework/Versions/3.10/lib/python3.10/site-packages/airflow/example_dags/example_branch_labels.py
[2026-04-22T12:21:49.048+0530] {logging_mixin.py:188} INFO - [2026-04-22T12:21:49.048+0530] {dag.py:3096} INFO - Sync 1 DAGs
[2026-04-22T12:21:49.053+0530] {logging_mixin.py:188} INFO - [2026-04-22T12:21:49.053+0530] {dag.py:3954} INFO - Setting next_dagrun for example_branch_labels to 2026-04-21 00:00:00+00:00, run_after=2026-04-22 00:00:00+00:00
[2026-04-22T12:21:49.058+0530] {processor.py:183} INFO - Processing /Library/Frameworks/Python.framework/Versions/3.10/lib/python3.10/site-packages/airflow/example_dags/example_branch_labels.py took 0.050 seconds
[2026-04-22T12:23:30.177+0530] {processor.py:161} INFO - Started process (PID=72544) to work on /Library/Frameworks/Python.framework/Versions/3.10/lib/python3.10/site-packages/airflow/example_dags/example_branch_labels.py
[2026-04-22T12:23:30.178+0530] {processor.py:830} INFO - Processing file /Library/Frameworks/Python.framework/Versions/3.10/lib/python3.10/site-packages/airflow/example_dags/example_branch_labels.py for tasks to queue
[2026-04-22T12:23:30.178+0530] {logging_mixin.py:188} INFO - [2026-04-22T12:23:30.178+0530] {dagbag.py:545} INFO - Filling up the DagBag from /Library/Frameworks/Python.framework/Versions/3.10/lib/python3.10/site-packages/airflow/example_dags/example_branch_labels.py
[2026-04-22T12:23:30.181+0530] {processor.py:840} INFO - DAG(s) 'example_branch_labels' retrieved from /Library/Frameworks/Python.framework/Versions/3.10/lib/python3.10/site-packages/airflow/example_dags/example_branch_labels.py
[2026-04-22T12:23:30.217+0530] {logging_mixin.py:188} INFO - [2026-04-22T12:23:30.217+0530] {dag.py:3096} INFO - Sync 1 DAGs
[2026-04-22T12:23:30.222+0530] {logging_mixin.py:188} INFO - [2026-04-22T12:23:30.222+0530] {dag.py:3954} INFO - Setting next_dagrun for example_branch_labels to 2026-04-21 00:00:00+00:00, run_after=2026-04-22 00:00:00+00:00
[2026-04-22T12:23:30.228+0530] {processor.py:183} INFO - Processing /Library/Frameworks/Python.framework/Versions/3.10/lib/python3.10/site-packages/airflow/example_dags/example_branch_labels.py took 0.052 seconds
[2026-04-22T12:25:12.619+0530] {processor.py:161} INFO - Started process (PID=72790) to work on /Library/Frameworks/Python.framework/Versions/3.10/lib/python3.10/site-packages/airflow/example_dags/example_branch_labels.py
[2026-04-22T12:25:12.619+0530] {processor.py:830} INFO - Processing file /Library/Frameworks/Python.framework/Versions/3.10/lib/python3.10/site-packages/airflow/example_dags/example_branch_labels.py for tasks to queue
[2026-04-22T12:25:12.620+0530] {logging_mixin.py:188} INFO - [2026-04-22T12:25:12.620+0530] {dagbag.py:545} INFO - Filling up the DagBag from /Library/Frameworks/Python.framework/Versions/3.10/lib/python3.10/site-packages/airflow/example_dags/example_branch_labels.py
[2026-04-22T12:25:12.623+0530] {processor.py:840} INFO - DAG(s) 'example_branch_labels' retrieved from /Library/Frameworks/Python.framework/Versions/3.10/lib/python3.10/site-packages/airflow/example_dags/example_branch_labels.py
[2026-04-22T12:25:12.655+0530] {logging_mixin.py:188} INFO - [2026-04-22T12:25:12.655+0530] {dag.py:3096} INFO - Sync 1 DAGs
[2026-04-22T12:25:12.661+0530] {logging_mixin.py:188} INFO - [2026-04-22T12:25:12.661+0530] {dag.py:3954} INFO - Setting next_dagrun for example_branch_labels to 2026-04-21 00:00:00+00:00, run_after=2026-04-22 00:00:00+00:00
[2026-04-22T12:25:12.666+0530] {processor.py:183} INFO - Processing /Library/Frameworks/Python.framework/Versions/3.10/lib/python3.10/site-packages/airflow/example_dags/example_branch_labels.py took 0.047 seconds
[2026-04-22T12:27:00.159+0530] {processor.py:161} INFO - Started process (PID=72937) to work on /Library/Frameworks/Python.framework/Versions/3.10/lib/python3.10/site-packages/airflow/example_dags/example_branch_labels.py
[2026-04-22T12:27:00.159+0530] {processor.py:830} INFO - Processing file /Library/Frameworks/Python.framework/Versions/3.10/lib/python3.10/site-packages/airflow/example_dags/example_branch_labels.py for tasks to queue
[2026-04-22T12:27:00.159+0530] {logging_mixin.py:188} INFO - [2026-04-22T12:27:00.159+0530] {dagbag.py:545} INFO - Filling up the DagBag from /Library/Frameworks/Python.framework/Versions/3.10/lib/python3.10/site-packages/airflow/example_dags/example_branch_labels.py
[2026-04-22T12:27:00.163+0530] {processor.py:840} INFO - DAG(s) 'example_branch_labels' retrieved from /Library/Frameworks/Python.framework/Versions/3.10/lib/python3.10/site-packages/airflow/example_dags/example_branch_labels.py
[2026-04-22T12:27:00.199+0530] {logging_mixin.py:188} INFO - [2026-04-22T12:27:00.199+0530] {dag.py:3096} INFO - Sync 1 DAGs
[2026-04-22T12:27:00.204+0530] {logging_mixin.py:188} INFO - [2026-04-22T12:27:00.204+0530] {dag.py:3954} INFO - Setting next_dagrun for example_branch_labels to 2026-04-21 00:00:00+00:00, run_after=2026-04-22 00:00:00+00:00
[2026-04-22T12:27:00.209+0530] {processor.py:183} INFO - Processing /Library/Frameworks/Python.framework/Versions/3.10/lib/python3.10/site-packages/airflow/example_dags/example_branch_labels.py took 0.051 seconds
[2026-04-22T12:28:55.008+0530] {processor.py:161} INFO - Started process (PID=73161) to work on /Library/Frameworks/Python.framework/Versions/3.10/lib/python3.10/site-packages/airflow/example_dags/example_branch_labels.py
[2026-04-22T12:28:55.009+0530] {processor.py:830} INFO - Processing file /Library/Frameworks/Python.framework/Versions/3.10/lib/python3.10/site-packages/airflow/example_dags/example_branch_labels.py for tasks to queue
[2026-04-22T12:28:55.009+0530] {logging_mixin.py:188} INFO - [2026-04-22T12:28:55.009+0530] {dagbag.py:545} INFO - Filling up the DagBag from /Library/Frameworks/Python.framework/Versions/3.10/lib/python3.10/site-packages/airflow/example_dags/example_branch_labels.py
[2026-04-22T12:28:55.012+0530] {processor.py:840} INFO - DAG(s) 'example_branch_labels' retrieved from /Library/Frameworks/Python.framework/Versions/3.10/lib/python3.10/site-packages/airflow/example_dags/example_branch_labels.py
[2026-04-22T12:28:55.045+0530] {logging_mixin.py:188} INFO - [2026-04-22T12:28:55.045+0530] {dag.py:3096} INFO - Sync 1 DAGs
[2026-04-22T12:28:55.050+0530] {logging_mixin.py:188} INFO - [2026-04-22T12:28:55.050+0530] {dag.py:3954} INFO - Setting next_dagrun for example_branch_labels to 2026-04-21 00:00:00+00:00, run_after=2026-04-22 00:00:00+00:00
[2026-04-22T12:28:55.055+0530] {processor.py:183} INFO - Processing /Library/Frameworks/Python.framework/Versions/3.10/lib/python3.10/site-packages/airflow/example_dags/example_branch_labels.py took 0.048 seconds
[2026-04-22T12:30:42.397+0530] {processor.py:161} INFO - Started process (PID=73411) to work on /Library/Frameworks/Python.framework/Versions/3.10/lib/python3.10/site-packages/airflow/example_dags/example_branch_labels.py
[2026-04-22T12:30:42.397+0530] {processor.py:830} INFO - Processing file /Library/Frameworks/Python.framework/Versions/3.10/lib/python3.10/site-packages/airflow/example_dags/example_branch_labels.py for tasks to queue
[2026-04-22T12:30:42.398+0530] {logging_mixin.py:188} INFO - [2026-04-22T12:30:42.398+0530] {dagbag.py:545} INFO - Filling up the DagBag from /Library/Frameworks/Python.framework/Versions/3.10/lib/python3.10/site-packages/airflow/example_dags/example_branch_labels.py
[2026-04-22T12:30:42.402+0530] {processor.py:840} INFO - DAG(s) 'example_branch_labels' retrieved from /Library/Frameworks/Python.framework/Versions/3.10/lib/python3.10/site-packages/airflow/example_dags/example_branch_labels.py
[2026-04-22T12:30:42.439+0530] {logging_mixin.py:188} INFO - [2026-04-22T12:30:42.439+0530] {dag.py:3096} INFO - Sync 1 DAGs
[2026-04-22T12:30:42.445+0530] {logging_mixin.py:188} INFO - [2026-04-22T12:30:42.445+0530] {dag.py:3954} INFO - Setting next_dagrun for example_branch_labels to 2026-04-21 00:00:00+00:00, run_after=2026-04-22 00:00:00+00:00
[2026-04-22T12:30:42.451+0530] {processor.py:183} INFO - Processing /Library/Frameworks/Python.framework/Versions/3.10/lib/python3.10/site-packages/airflow/example_dags/example_branch_labels.py took 0.055 seconds
[2026-04-22T12:32:30.776+0530] {processor.py:161} INFO - Started process (PID=73632) to work on /Library/Frameworks/Python.framework/Versions/3.10/lib/python3.10/site-packages/airflow/example_dags/example_branch_labels.py
[2026-04-22T12:32:30.776+0530] {processor.py:830} INFO - Processing file /Library/Frameworks/Python.framework/Versions/3.10/lib/python3.10/site-packages/airflow/example_dags/example_branch_labels.py for tasks to queue
[2026-04-22T12:32:30.777+0530] {logging_mixin.py:188} INFO - [2026-04-22T12:32:30.777+0530] {dagbag.py:545} INFO - Filling up the DagBag from /Library/Frameworks/Python.framework/Versions/3.10/lib/python3.10/site-packages/airflow/example_dags/example_branch_labels.py
[2026-04-22T12:32:30.780+0530] {processor.py:840} INFO - DAG(s) 'example_branch_labels' retrieved from /Library/Frameworks/Python.framework/Versions/3.10/lib/python3.10/site-packages/airflow/example_dags/example_branch_labels.py
[2026-04-22T12:32:30.813+0530] {logging_mixin.py:188} INFO - [2026-04-22T12:32:30.813+0530] {dag.py:3096} INFO - Sync 1 DAGs
[2026-04-22T12:32:30.819+0530] {logging_mixin.py:188} INFO - [2026-04-22T12:32:30.819+0530] {dag.py:3954} INFO - Setting next_dagrun for example_branch_labels to 2026-04-21 00:00:00+00:00, run_after=2026-04-22 00:00:00+00:00
[2026-04-22T12:32:30.824+0530] {processor.py:183} INFO - Processing /Library/Frameworks/Python.framework/Versions/3.10/lib/python3.10/site-packages/airflow/example_dags/example_branch_labels.py took 0.049 seconds
[2026-04-22T12:34:14.621+0530] {processor.py:161} INFO - Started process (PID=73778) to work on /Library/Frameworks/Python.framework/Versions/3.10/lib/python3.10/site-packages/airflow/example_dags/example_branch_labels.py
[2026-04-22T12:34:14.622+0530] {processor.py:830} INFO - Processing file /Library/Frameworks/Python.framework/Versions/3.10/lib/python3.10/site-packages/airflow/example_dags/example_branch_labels.py for tasks to queue
[2026-04-22T12:34:14.622+0530] {logging_mixin.py:188} INFO - [2026-04-22T12:34:14.622+0530] {dagbag.py:545} INFO - Filling up the DagBag from /Library/Frameworks/Python.framework/Versions/3.10/lib/python3.10/site-packages/airflow/example_dags/example_branch_labels.py
[2026-04-22T12:34:14.625+0530] {processor.py:840} INFO - DAG(s) 'example_branch_labels' retrieved from /Library/Frameworks/Python.framework/Versions/3.10/lib/python3.10/site-packages/airflow/example_dags/example_branch_labels.py
[2026-04-22T12:34:14.658+0530] {logging_mixin.py:188} INFO - [2026-04-22T12:34:14.658+0530] {dag.py:3096} INFO - Sync 1 DAGs
[2026-04-22T12:34:14.663+0530] {logging_mixin.py:188} INFO - [2026-04-22T12:34:14.663+0530] {dag.py:3954} INFO - Setting next_dagrun for example_branch_labels to 2026-04-21 00:00:00+00:00, run_after=2026-04-22 00:00:00+00:00
[2026-04-22T12:34:14.667+0530] {processor.py:183} INFO - Processing /Library/Frameworks/Python.framework/Versions/3.10/lib/python3.10/site-packages/airflow/example_dags/example_branch_labels.py took 0.047 seconds
[2026-04-22T12:35:58.998+0530] {processor.py:161} INFO - Started process (PID=73916) to work on /Library/Frameworks/Python.framework/Versions/3.10/lib/python3.10/site-packages/airflow/example_dags/example_branch_labels.py
[2026-04-22T12:35:58.998+0530] {processor.py:830} INFO - Processing file /Library/Frameworks/Python.framework/Versions/3.10/lib/python3.10/site-packages/airflow/example_dags/example_branch_labels.py for tasks to queue
[2026-04-22T12:35:58.998+0530] {logging_mixin.py:188} INFO - [2026-04-22T12:35:58.998+0530] {dagbag.py:545} INFO - Filling up the DagBag from /Library/Frameworks/Python.framework/Versions/3.10/lib/python3.10/site-packages/airflow/example_dags/example_branch_labels.py
[2026-04-22T12:35:59.002+0530] {processor.py:840} INFO - DAG(s) 'example_branch_labels' retrieved from /Library/Frameworks/Python.framework/Versions/3.10/lib/python3.10/site-packages/airflow/example_dags/example_branch_labels.py
[2026-04-22T12:35:59.035+0530] {logging_mixin.py:188} INFO - [2026-04-22T12:35:59.035+0530] {dag.py:3096} INFO - Sync 1 DAGs
[2026-04-22T12:35:59.041+0530] {logging_mixin.py:188} INFO - [2026-04-22T12:35:59.040+0530] {dag.py:3954} INFO - Setting next_dagrun for example_branch_labels to 2026-04-21 00:00:00+00:00, run_after=2026-04-22 00:00:00+00:00
[2026-04-22T12:35:59.045+0530] {processor.py:183} INFO - Processing /Library/Frameworks/Python.framework/Versions/3.10/lib/python3.10/site-packages/airflow/example_dags/example_branch_labels.py took 0.049 seconds
[2026-04-22T12:37:44.079+0530] {processor.py:161} INFO - Started process (PID=74037) to work on /Library/Frameworks/Python.framework/Versions/3.10/lib/python3.10/site-packages/airflow/example_dags/example_branch_labels.py
[2026-04-22T12:37:44.079+0530] {processor.py:830} INFO - Processing file /Library/Frameworks/Python.framework/Versions/3.10/lib/python3.10/site-packages/airflow/example_dags/example_branch_labels.py for tasks to queue
[2026-04-22T12:37:44.080+0530] {logging_mixin.py:188} INFO - [2026-04-22T12:37:44.080+0530] {dagbag.py:545} INFO - Filling up the DagBag from /Library/Frameworks/Python.framework/Versions/3.10/lib/python3.10/site-packages/airflow/example_dags/example_branch_labels.py
[2026-04-22T12:37:44.083+0530] {processor.py:840} INFO - DAG(s) 'example_branch_labels' retrieved from /Library/Frameworks/Python.framework/Versions/3.10/lib/python3.10/site-packages/airflow/example_dags/example_branch_labels.py
[2026-04-22T12:37:44.116+0530] {logging_mixin.py:188} INFO - [2026-04-22T12:37:44.116+0530] {dag.py:3096} INFO - Sync 1 DAGs
[2026-04-22T12:37:44.120+0530] {logging_mixin.py:188} INFO - [2026-04-22T12:37:44.120+0530] {dag.py:3954} INFO - Setting next_dagrun for example_branch_labels to 2026-04-21 00:00:00+00:00, run_after=2026-04-22 00:00:00+00:00
[2026-04-22T12:37:44.125+0530] {processor.py:183} INFO - Processing /Library/Frameworks/Python.framework/Versions/3.10/lib/python3.10/site-packages/airflow/example_dags/example_branch_labels.py took 0.047 seconds
[2026-04-22T12:39:44.593+0530] {processor.py:161} INFO - Started process (PID=74171) to work on /Library/Frameworks/Python.framework/Versions/3.10/lib/python3.10/site-packages/airflow/example_dags/example_branch_labels.py
[2026-04-22T12:39:44.593+0530] {processor.py:830} INFO - Processing file /Library/Frameworks/Python.framework/Versions/3.10/lib/python3.10/site-packages/airflow/example_dags/example_branch_labels.py for tasks to queue
[2026-04-22T12:39:44.594+0530] {logging_mixin.py:188} INFO - [2026-04-22T12:39:44.594+0530] {dagbag.py:545} INFO - Filling up the DagBag from /Library/Frameworks/Python.framework/Versions/3.10/lib/python3.10/site-packages/airflow/example_dags/example_branch_labels.py
[2026-04-22T12:39:44.597+0530] {processor.py:840} INFO - DAG(s) 'example_branch_labels' retrieved from /Library/Frameworks/Python.framework/Versions/3.10/lib/python3.10/site-packages/airflow/example_dags/example_branch_labels.py
[2026-04-22T12:39:44.629+0530] {logging_mixin.py:188} INFO - [2026-04-22T12:39:44.629+0530] {dag.py:3096} INFO - Sync 1 DAGs
[2026-04-22T12:39:44.635+0530] {logging_mixin.py:188} INFO - [2026-04-22T12:39:44.635+0530] {dag.py:3954} INFO - Setting next_dagrun for example_branch_labels to 2026-04-21 00:00:00+00:00, run_after=2026-04-22 00:00:00+00:00
[2026-04-22T12:39:44.640+0530] {processor.py:183} INFO - Processing /Library/Frameworks/Python.framework/Versions/3.10/lib/python3.10/site-packages/airflow/example_dags/example_branch_labels.py took 0.048 seconds
[2026-04-22T12:41:45.590+0530] {processor.py:161} INFO - Started process (PID=74322) to work on /Library/Frameworks/Python.framework/Versions/3.10/lib/python3.10/site-packages/airflow/example_dags/example_branch_labels.py
[2026-04-22T12:41:45.591+0530] {processor.py:830} INFO - Processing file /Library/Frameworks/Python.framework/Versions/3.10/lib/python3.10/site-packages/airflow/example_dags/example_branch_labels.py for tasks to queue
[2026-04-22T12:41:45.591+0530] {logging_mixin.py:188} INFO - [2026-04-22T12:41:45.591+0530] {dagbag.py:545} INFO - Filling up the DagBag from /Library/Frameworks/Python.framework/Versions/3.10/lib/python3.10/site-packages/airflow/example_dags/example_branch_labels.py
[2026-04-22T12:41:45.594+0530] {processor.py:840} INFO - DAG(s) 'example_branch_labels' retrieved from /Library/Frameworks/Python.framework/Versions/3.10/lib/python3.10/site-packages/airflow/example_dags/example_branch_labels.py
[2026-04-22T12:41:45.626+0530] {logging_mixin.py:188} INFO - [2026-04-22T12:41:45.626+0530] {dag.py:3096} INFO - Sync 1 DAGs
[2026-04-22T12:41:45.631+0530] {logging_mixin.py:188} INFO - [2026-04-22T12:41:45.631+0530] {dag.py:3954} INFO - Setting next_dagrun for example_branch_labels to 2026-04-21 00:00:00+00:00, run_after=2026-04-22 00:00:00+00:00
[2026-04-22T12:41:45.636+0530] {processor.py:183} INFO - Processing /Library/Frameworks/Python.framework/Versions/3.10/lib/python3.10/site-packages/airflow/example_dags/example_branch_labels.py took 0.047 seconds
