[2026-04-22T07:22:13.204+0530] {processor.py:161} INFO - Started process (PID=68747) to work on /Library/Frameworks/Python.framework/Versions/3.10/lib/python3.10/site-packages/airflow/example_dags/example_params_trigger_ui.py
[2026-04-22T07:22:13.205+0530] {processor.py:830} INFO - Processing file /Library/Frameworks/Python.framework/Versions/3.10/lib/python3.10/site-packages/airflow/example_dags/example_params_trigger_ui.py for tasks to queue
[2026-04-22T07:22:13.205+0530] {logging_mixin.py:188} INFO - [2026-04-22T07:22:13.205+0530] {dagbag.py:545} INFO - Filling up the DagBag from /Library/Frameworks/Python.framework/Versions/3.10/lib/python3.10/site-packages/airflow/example_dags/example_params_trigger_ui.py
[2026-04-22T07:22:13.220+0530] {processor.py:840} INFO - DAG(s) 'example_params_trigger_ui' retrieved from /Library/Frameworks/Python.framework/Versions/3.10/lib/python3.10/site-packages/airflow/example_dags/example_params_trigger_ui.py
[2026-04-22T07:22:13.267+0530] {logging_mixin.py:188} INFO - [2026-04-22T07:22:13.267+0530] {dag.py:3096} INFO - Sync 1 DAGs
[2026-04-22T07:22:13.271+0530] {logging_mixin.py:188} INFO - [2026-04-22T07:22:13.271+0530] {dag.py:3954} INFO - Setting next_dagrun for example_params_trigger_ui to None, run_after=None
[2026-04-22T07:22:13.277+0530] {processor.py:183} INFO - Processing /Library/Frameworks/Python.framework/Versions/3.10/lib/python3.10/site-packages/airflow/example_dags/example_params_trigger_ui.py took 0.073 seconds
[2026-04-22T11:47:33.612+0530] {processor.py:161} INFO - Started process (PID=69311) to work on /Library/Frameworks/Python.framework/Versions/3.10/lib/python3.10/site-packages/airflow/example_dags/example_params_trigger_ui.py
[2026-04-22T11:47:33.612+0530] {processor.py:830} INFO - Processing file /Library/Frameworks/Python.framework/Versions/3.10/lib/python3.10/site-packages/airflow/example_dags/example_params_trigger_ui.py for tasks to queue
[2026-04-22T11:47:33.613+0530] {logging_mixin.py:188} INFO - [2026-04-22T11:47:33.613+0530] {dagbag.py:545} INFO - Filling up the DagBag from /Library/Frameworks/Python.framework/Versions/3.10/lib/python3.10/site-packages/airflow/example_dags/example_params_trigger_ui.py
[2026-04-22T11:47:33.625+0530] {processor.py:840} INFO - DAG(s) 'example_params_trigger_ui' retrieved from /Library/Frameworks/Python.framework/Versions/3.10/lib/python3.10/site-packages/airflow/example_dags/example_params_trigger_ui.py
[2026-04-22T11:47:33.665+0530] {logging_mixin.py:188} INFO - [2026-04-22T11:47:33.665+0530] {dag.py:3096} INFO - Sync 1 DAGs
[2026-04-22T11:47:33.668+0530] {logging_mixin.py:188} INFO - [2026-04-22T11:47:33.668+0530] {dag.py:3954} INFO - Setting next_dagrun for example_params_trigger_ui to None, run_after=None
[2026-04-22T11:47:33.673+0530] {processor.py:183} INFO - Processing /Library/Frameworks/Python.framework/Versions/3.10/lib/python3.10/site-packages/airflow/example_dags/example_params_trigger_ui.py took 0.062 seconds
[2026-04-22T11:48:22.341+0530] {processor.py:161} INFO - Started process (PID=69398) to work on /Library/Frameworks/Python.framework/Versions/3.10/lib/python3.10/site-packages/airflow/example_dags/example_params_trigger_ui.py
[2026-04-22T11:48:22.342+0530] {processor.py:830} INFO - Processing file /Library/Frameworks/Python.framework/Versions/3.10/lib/python3.10/site-packages/airflow/example_dags/example_params_trigger_ui.py for tasks to queue
[2026-04-22T11:48:22.342+0530] {logging_mixin.py:188} INFO - [2026-04-22T11:48:22.342+0530] {dagbag.py:545} INFO - Filling up the DagBag from /Library/Frameworks/Python.framework/Versions/3.10/lib/python3.10/site-packages/airflow/example_dags/example_params_trigger_ui.py
[2026-04-22T11:48:22.356+0530] {processor.py:840} INFO - DAG(s) 'example_params_trigger_ui' retrieved from /Library/Frameworks/Python.framework/Versions/3.10/lib/python3.10/site-packages/airflow/example_dags/example_params_trigger_ui.py
[2026-04-22T11:48:22.397+0530] {logging_mixin.py:188} INFO - [2026-04-22T11:48:22.397+0530] {dag.py:3096} INFO - Sync 1 DAGs
[2026-04-22T11:48:22.399+0530] {logging_mixin.py:188} INFO - [2026-04-22T11:48:22.399+0530] {dag.py:3954} INFO - Setting next_dagrun for example_params_trigger_ui to None, run_after=None
[2026-04-22T11:48:22.405+0530] {processor.py:183} INFO - Processing /Library/Frameworks/Python.framework/Versions/3.10/lib/python3.10/site-packages/airflow/example_dags/example_params_trigger_ui.py took 0.065 seconds
[2026-04-22T11:49:18.094+0530] {processor.py:161} INFO - Started process (PID=69487) to work on /Library/Frameworks/Python.framework/Versions/3.10/lib/python3.10/site-packages/airflow/example_dags/example_params_trigger_ui.py
[2026-04-22T11:49:18.095+0530] {processor.py:830} INFO - Processing file /Library/Frameworks/Python.framework/Versions/3.10/lib/python3.10/site-packages/airflow/example_dags/example_params_trigger_ui.py for tasks to queue
[2026-04-22T11:49:18.095+0530] {logging_mixin.py:188} INFO - [2026-04-22T11:49:18.095+0530] {dagbag.py:545} INFO - Filling up the DagBag from /Library/Frameworks/Python.framework/Versions/3.10/lib/python3.10/site-packages/airflow/example_dags/example_params_trigger_ui.py
[2026-04-22T11:49:18.109+0530] {processor.py:840} INFO - DAG(s) 'example_params_trigger_ui' retrieved from /Library/Frameworks/Python.framework/Versions/3.10/lib/python3.10/site-packages/airflow/example_dags/example_params_trigger_ui.py
[2026-04-22T11:49:18.150+0530] {logging_mixin.py:188} INFO - [2026-04-22T11:49:18.150+0530] {dag.py:3096} INFO - Sync 1 DAGs
[2026-04-22T11:49:18.153+0530] {logging_mixin.py:188} INFO - [2026-04-22T11:49:18.153+0530] {dag.py:3954} INFO - Setting next_dagrun for example_params_trigger_ui to None, run_after=None
[2026-04-22T11:49:18.158+0530] {processor.py:183} INFO - Processing /Library/Frameworks/Python.framework/Versions/3.10/lib/python3.10/site-packages/airflow/example_dags/example_params_trigger_ui.py took 0.065 seconds
[2026-04-22T11:50:14.027+0530] {processor.py:161} INFO - Started process (PID=69580) to work on /Library/Frameworks/Python.framework/Versions/3.10/lib/python3.10/site-packages/airflow/example_dags/example_params_trigger_ui.py
[2026-04-22T11:50:14.027+0530] {processor.py:830} INFO - Processing file /Library/Frameworks/Python.framework/Versions/3.10/lib/python3.10/site-packages/airflow/example_dags/example_params_trigger_ui.py for tasks to queue
[2026-04-22T11:50:14.028+0530] {logging_mixin.py:188} INFO - [2026-04-22T11:50:14.028+0530] {dagbag.py:545} INFO - Filling up the DagBag from /Library/Frameworks/Python.framework/Versions/3.10/lib/python3.10/site-packages/airflow/example_dags/example_params_trigger_ui.py
[2026-04-22T11:50:14.041+0530] {processor.py:840} INFO - DAG(s) 'example_params_trigger_ui' retrieved from /Library/Frameworks/Python.framework/Versions/3.10/lib/python3.10/site-packages/airflow/example_dags/example_params_trigger_ui.py
[2026-04-22T11:50:14.082+0530] {logging_mixin.py:188} INFO - [2026-04-22T11:50:14.082+0530] {dag.py:3096} INFO - Sync 1 DAGs
[2026-04-22T11:50:14.084+0530] {logging_mixin.py:188} INFO - [2026-04-22T11:50:14.084+0530] {dag.py:3954} INFO - Setting next_dagrun for example_params_trigger_ui to None, run_after=None
[2026-04-22T11:50:14.090+0530] {processor.py:183} INFO - Processing /Library/Frameworks/Python.framework/Versions/3.10/lib/python3.10/site-packages/airflow/example_dags/example_params_trigger_ui.py took 0.064 seconds
[2026-04-22T11:51:10.236+0530] {processor.py:161} INFO - Started process (PID=69712) to work on /Library/Frameworks/Python.framework/Versions/3.10/lib/python3.10/site-packages/airflow/example_dags/example_params_trigger_ui.py
[2026-04-22T11:51:10.237+0530] {processor.py:830} INFO - Processing file /Library/Frameworks/Python.framework/Versions/3.10/lib/python3.10/site-packages/airflow/example_dags/example_params_trigger_ui.py for tasks to queue
[2026-04-22T11:51:10.237+0530] {logging_mixin.py:188} INFO - [2026-04-22T11:51:10.237+0530] {dagbag.py:545} INFO - Filling up the DagBag from /Library/Frameworks/Python.framework/Versions/3.10/lib/python3.10/site-packages/airflow/example_dags/example_params_trigger_ui.py
[2026-04-22T11:51:10.252+0530] {processor.py:840} INFO - DAG(s) 'example_params_trigger_ui' retrieved from /Library/Frameworks/Python.framework/Versions/3.10/lib/python3.10/site-packages/airflow/example_dags/example_params_trigger_ui.py
[2026-04-22T11:51:10.306+0530] {logging_mixin.py:188} INFO - [2026-04-22T11:51:10.306+0530] {dag.py:3096} INFO - Sync 1 DAGs
[2026-04-22T11:51:10.309+0530] {logging_mixin.py:188} INFO - [2026-04-22T11:51:10.309+0530] {dag.py:3954} INFO - Setting next_dagrun for example_params_trigger_ui to None, run_after=None
[2026-04-22T11:51:10.314+0530] {processor.py:183} INFO - Processing /Library/Frameworks/Python.framework/Versions/3.10/lib/python3.10/site-packages/airflow/example_dags/example_params_trigger_ui.py took 0.080 seconds
[2026-04-22T12:11:06.057+0530] {processor.py:161} INFO - Started process (PID=70987) to work on /Library/Frameworks/Python.framework/Versions/3.10/lib/python3.10/site-packages/airflow/example_dags/example_params_trigger_ui.py
[2026-04-22T12:11:06.057+0530] {processor.py:830} INFO - Processing file /Library/Frameworks/Python.framework/Versions/3.10/lib/python3.10/site-packages/airflow/example_dags/example_params_trigger_ui.py for tasks to queue
[2026-04-22T12:11:06.057+0530] {logging_mixin.py:188} INFO - [2026-04-22T12:11:06.057+0530] {dagbag.py:545} INFO - Filling up the DagBag from /Library/Frameworks/Python.framework/Versions/3.10/lib/python3.10/site-packages/airflow/example_dags/example_params_trigger_ui.py
[2026-04-22T12:11:06.070+0530] {processor.py:840} INFO - DAG(s) 'example_params_trigger_ui' retrieved from /Library/Frameworks/Python.framework/Versions/3.10/lib/python3.10/site-packages/airflow/example_dags/example_params_trigger_ui.py
[2026-04-22T12:11:06.110+0530] {logging_mixin.py:188} INFO - [2026-04-22T12:11:06.110+0530] {dag.py:3096} INFO - Sync 1 DAGs
[2026-04-22T12:11:06.113+0530] {logging_mixin.py:188} INFO - [2026-04-22T12:11:06.113+0530] {dag.py:3954} INFO - Setting next_dagrun for example_params_trigger_ui to None, run_after=None
[2026-04-22T12:11:06.119+0530] {processor.py:183} INFO - Processing /Library/Frameworks/Python.framework/Versions/3.10/lib/python3.10/site-packages/airflow/example_dags/example_params_trigger_ui.py took 0.063 seconds
[2026-04-22T12:16:01.332+0530] {processor.py:161} INFO - Started process (PID=71339) to work on /Library/Frameworks/Python.framework/Versions/3.10/lib/python3.10/site-packages/airflow/example_dags/example_params_trigger_ui.py
[2026-04-22T12:16:01.333+0530] {processor.py:830} INFO - Processing file /Library/Frameworks/Python.framework/Versions/3.10/lib/python3.10/site-packages/airflow/example_dags/example_params_trigger_ui.py for tasks to queue
[2026-04-22T12:16:01.333+0530] {logging_mixin.py:188} INFO - [2026-04-22T12:16:01.333+0530] {dagbag.py:545} INFO - Filling up the DagBag from /Library/Frameworks/Python.framework/Versions/3.10/lib/python3.10/site-packages/airflow/example_dags/example_params_trigger_ui.py
[2026-04-22T12:16:01.346+0530] {processor.py:840} INFO - DAG(s) 'example_params_trigger_ui' retrieved from /Library/Frameworks/Python.framework/Versions/3.10/lib/python3.10/site-packages/airflow/example_dags/example_params_trigger_ui.py
[2026-04-22T12:16:01.386+0530] {logging_mixin.py:188} INFO - [2026-04-22T12:16:01.386+0530] {dag.py:3096} INFO - Sync 1 DAGs
[2026-04-22T12:16:01.389+0530] {logging_mixin.py:188} INFO - [2026-04-22T12:16:01.389+0530] {dag.py:3954} INFO - Setting next_dagrun for example_params_trigger_ui to None, run_after=None
[2026-04-22T12:16:01.394+0530] {processor.py:183} INFO - Processing /Library/Frameworks/Python.framework/Versions/3.10/lib/python3.10/site-packages/airflow/example_dags/example_params_trigger_ui.py took 0.063 seconds
[2026-04-22T12:19:14.782+0530] {processor.py:161} INFO - Started process (PID=71605) to work on /Library/Frameworks/Python.framework/Versions/3.10/lib/python3.10/site-packages/airflow/example_dags/example_params_trigger_ui.py
[2026-04-22T12:19:14.782+0530] {processor.py:830} INFO - Processing file /Library/Frameworks/Python.framework/Versions/3.10/lib/python3.10/site-packages/airflow/example_dags/example_params_trigger_ui.py for tasks to queue
[2026-04-22T12:19:14.782+0530] {logging_mixin.py:188} INFO - [2026-04-22T12:19:14.782+0530] {dagbag.py:545} INFO - Filling up the DagBag from /Library/Frameworks/Python.framework/Versions/3.10/lib/python3.10/site-packages/airflow/example_dags/example_params_trigger_ui.py
[2026-04-22T12:19:14.795+0530] {processor.py:840} INFO - DAG(s) 'example_params_trigger_ui' retrieved from /Library/Frameworks/Python.framework/Versions/3.10/lib/python3.10/site-packages/airflow/example_dags/example_params_trigger_ui.py
[2026-04-22T12:19:14.834+0530] {logging_mixin.py:188} INFO - [2026-04-22T12:19:14.834+0530] {dag.py:3096} INFO - Sync 1 DAGs
[2026-04-22T12:19:14.837+0530] {logging_mixin.py:188} INFO - [2026-04-22T12:19:14.837+0530] {dag.py:3954} INFO - Setting next_dagrun for example_params_trigger_ui to None, run_after=None
[2026-04-22T12:19:14.842+0530] {processor.py:183} INFO - Processing /Library/Frameworks/Python.framework/Versions/3.10/lib/python3.10/site-packages/airflow/example_dags/example_params_trigger_ui.py took 0.061 seconds
[2026-04-22T12:21:31.575+0530] {processor.py:161} INFO - Started process (PID=72331) to work on /Library/Frameworks/Python.framework/Versions/3.10/lib/python3.10/site-packages/airflow/example_dags/example_params_trigger_ui.py
[2026-04-22T12:21:31.575+0530] {processor.py:830} INFO - Processing file /Library/Frameworks/Python.framework/Versions/3.10/lib/python3.10/site-packages/airflow/example_dags/example_params_trigger_ui.py for tasks to queue
[2026-04-22T12:21:31.576+0530] {logging_mixin.py:188} INFO - [2026-04-22T12:21:31.576+0530] {dagbag.py:545} INFO - Filling up the DagBag from /Library/Frameworks/Python.framework/Versions/3.10/lib/python3.10/site-packages/airflow/example_dags/example_params_trigger_ui.py
[2026-04-22T12:21:31.589+0530] {processor.py:840} INFO - DAG(s) 'example_params_trigger_ui' retrieved from /Library/Frameworks/Python.framework/Versions/3.10/lib/python3.10/site-packages/airflow/example_dags/example_params_trigger_ui.py
[2026-04-22T12:21:31.630+0530] {logging_mixin.py:188} INFO - [2026-04-22T12:21:31.630+0530] {dag.py:3096} INFO - Sync 1 DAGs
[2026-04-22T12:21:31.633+0530] {logging_mixin.py:188} INFO - [2026-04-22T12:21:31.633+0530] {dag.py:3954} INFO - Setting next_dagrun for example_params_trigger_ui to None, run_after=None
[2026-04-22T12:21:31.638+0530] {processor.py:183} INFO - Processing /Library/Frameworks/Python.framework/Versions/3.10/lib/python3.10/site-packages/airflow/example_dags/example_params_trigger_ui.py took 0.064 seconds
[2026-04-22T12:23:12.678+0530] {processor.py:161} INFO - Started process (PID=72515) to work on /Library/Frameworks/Python.framework/Versions/3.10/lib/python3.10/site-packages/airflow/example_dags/example_params_trigger_ui.py
[2026-04-22T12:23:12.679+0530] {processor.py:830} INFO - Processing file /Library/Frameworks/Python.framework/Versions/3.10/lib/python3.10/site-packages/airflow/example_dags/example_params_trigger_ui.py for tasks to queue
[2026-04-22T12:23:12.679+0530] {logging_mixin.py:188} INFO - [2026-04-22T12:23:12.679+0530] {dagbag.py:545} INFO - Filling up the DagBag from /Library/Frameworks/Python.framework/Versions/3.10/lib/python3.10/site-packages/airflow/example_dags/example_params_trigger_ui.py
[2026-04-22T12:23:12.692+0530] {processor.py:840} INFO - DAG(s) 'example_params_trigger_ui' retrieved from /Library/Frameworks/Python.framework/Versions/3.10/lib/python3.10/site-packages/airflow/example_dags/example_params_trigger_ui.py
[2026-04-22T12:23:12.733+0530] {logging_mixin.py:188} INFO - [2026-04-22T12:23:12.733+0530] {dag.py:3096} INFO - Sync 1 DAGs
[2026-04-22T12:23:12.736+0530] {logging_mixin.py:188} INFO - [2026-04-22T12:23:12.736+0530] {dag.py:3954} INFO - Setting next_dagrun for example_params_trigger_ui to None, run_after=None
[2026-04-22T12:23:12.741+0530] {processor.py:183} INFO - Processing /Library/Frameworks/Python.framework/Versions/3.10/lib/python3.10/site-packages/airflow/example_dags/example_params_trigger_ui.py took 0.064 seconds
[2026-04-22T12:24:54.911+0530] {processor.py:161} INFO - Started process (PID=72720) to work on /Library/Frameworks/Python.framework/Versions/3.10/lib/python3.10/site-packages/airflow/example_dags/example_params_trigger_ui.py
[2026-04-22T12:24:54.911+0530] {processor.py:830} INFO - Processing file /Library/Frameworks/Python.framework/Versions/3.10/lib/python3.10/site-packages/airflow/example_dags/example_params_trigger_ui.py for tasks to queue
[2026-04-22T12:24:54.912+0530] {logging_mixin.py:188} INFO - [2026-04-22T12:24:54.912+0530] {dagbag.py:545} INFO - Filling up the DagBag from /Library/Frameworks/Python.framework/Versions/3.10/lib/python3.10/site-packages/airflow/example_dags/example_params_trigger_ui.py
[2026-04-22T12:24:54.928+0530] {processor.py:840} INFO - DAG(s) 'example_params_trigger_ui' retrieved from /Library/Frameworks/Python.framework/Versions/3.10/lib/python3.10/site-packages/airflow/example_dags/example_params_trigger_ui.py
[2026-04-22T12:24:54.972+0530] {logging_mixin.py:188} INFO - [2026-04-22T12:24:54.971+0530] {dag.py:3096} INFO - Sync 1 DAGs
[2026-04-22T12:24:54.974+0530] {logging_mixin.py:188} INFO - [2026-04-22T12:24:54.974+0530] {dag.py:3954} INFO - Setting next_dagrun for example_params_trigger_ui to None, run_after=None
[2026-04-22T12:24:54.980+0530] {processor.py:183} INFO - Processing /Library/Frameworks/Python.framework/Versions/3.10/lib/python3.10/site-packages/airflow/example_dags/example_params_trigger_ui.py took 0.071 seconds
[2026-04-22T12:26:43.095+0530] {processor.py:161} INFO - Started process (PID=72915) to work on /Library/Frameworks/Python.framework/Versions/3.10/lib/python3.10/site-packages/airflow/example_dags/example_params_trigger_ui.py
[2026-04-22T12:26:43.096+0530] {processor.py:830} INFO - Processing file /Library/Frameworks/Python.framework/Versions/3.10/lib/python3.10/site-packages/airflow/example_dags/example_params_trigger_ui.py for tasks to queue
[2026-04-22T12:26:43.096+0530] {logging_mixin.py:188} INFO - [2026-04-22T12:26:43.096+0530] {dagbag.py:545} INFO - Filling up the DagBag from /Library/Frameworks/Python.framework/Versions/3.10/lib/python3.10/site-packages/airflow/example_dags/example_params_trigger_ui.py
[2026-04-22T12:26:43.109+0530] {processor.py:840} INFO - DAG(s) 'example_params_trigger_ui' retrieved from /Library/Frameworks/Python.framework/Versions/3.10/lib/python3.10/site-packages/airflow/example_dags/example_params_trigger_ui.py
[2026-04-22T12:26:43.148+0530] {logging_mixin.py:188} INFO - [2026-04-22T12:26:43.148+0530] {dag.py:3096} INFO - Sync 1 DAGs
[2026-04-22T12:26:43.151+0530] {logging_mixin.py:188} INFO - [2026-04-22T12:26:43.151+0530] {dag.py:3954} INFO - Setting next_dagrun for example_params_trigger_ui to None, run_after=None
[2026-04-22T12:26:43.156+0530] {processor.py:183} INFO - Processing /Library/Frameworks/Python.framework/Versions/3.10/lib/python3.10/site-packages/airflow/example_dags/example_params_trigger_ui.py took 0.062 seconds
[2026-04-22T12:28:36.222+0530] {processor.py:161} INFO - Started process (PID=73147) to work on /Library/Frameworks/Python.framework/Versions/3.10/lib/python3.10/site-packages/airflow/example_dags/example_params_trigger_ui.py
[2026-04-22T12:28:36.223+0530] {processor.py:830} INFO - Processing file /Library/Frameworks/Python.framework/Versions/3.10/lib/python3.10/site-packages/airflow/example_dags/example_params_trigger_ui.py for tasks to queue
[2026-04-22T12:28:36.223+0530] {logging_mixin.py:188} INFO - [2026-04-22T12:28:36.223+0530] {dagbag.py:545} INFO - Filling up the DagBag from /Library/Frameworks/Python.framework/Versions/3.10/lib/python3.10/site-packages/airflow/example_dags/example_params_trigger_ui.py
[2026-04-22T12:28:36.237+0530] {processor.py:840} INFO - DAG(s) 'example_params_trigger_ui' retrieved from /Library/Frameworks/Python.framework/Versions/3.10/lib/python3.10/site-packages/airflow/example_dags/example_params_trigger_ui.py
[2026-04-22T12:28:36.278+0530] {logging_mixin.py:188} INFO - [2026-04-22T12:28:36.278+0530] {dag.py:3096} INFO - Sync 1 DAGs
[2026-04-22T12:28:36.281+0530] {logging_mixin.py:188} INFO - [2026-04-22T12:28:36.281+0530] {dag.py:3954} INFO - Setting next_dagrun for example_params_trigger_ui to None, run_after=None
[2026-04-22T12:28:36.286+0530] {processor.py:183} INFO - Processing /Library/Frameworks/Python.framework/Versions/3.10/lib/python3.10/site-packages/airflow/example_dags/example_params_trigger_ui.py took 0.065 seconds
[2026-04-22T12:30:23.510+0530] {processor.py:161} INFO - Started process (PID=73362) to work on /Library/Frameworks/Python.framework/Versions/3.10/lib/python3.10/site-packages/airflow/example_dags/example_params_trigger_ui.py
[2026-04-22T12:30:23.511+0530] {processor.py:830} INFO - Processing file /Library/Frameworks/Python.framework/Versions/3.10/lib/python3.10/site-packages/airflow/example_dags/example_params_trigger_ui.py for tasks to queue
[2026-04-22T12:30:23.511+0530] {logging_mixin.py:188} INFO - [2026-04-22T12:30:23.511+0530] {dagbag.py:545} INFO - Filling up the DagBag from /Library/Frameworks/Python.framework/Versions/3.10/lib/python3.10/site-packages/airflow/example_dags/example_params_trigger_ui.py
[2026-04-22T12:30:23.524+0530] {processor.py:840} INFO - DAG(s) 'example_params_trigger_ui' retrieved from /Library/Frameworks/Python.framework/Versions/3.10/lib/python3.10/site-packages/airflow/example_dags/example_params_trigger_ui.py
[2026-04-22T12:30:23.564+0530] {logging_mixin.py:188} INFO - [2026-04-22T12:30:23.564+0530] {dag.py:3096} INFO - Sync 1 DAGs
[2026-04-22T12:30:23.566+0530] {logging_mixin.py:188} INFO - [2026-04-22T12:30:23.566+0530] {dag.py:3954} INFO - Setting next_dagrun for example_params_trigger_ui to None, run_after=None
[2026-04-22T12:30:23.572+0530] {processor.py:183} INFO - Processing /Library/Frameworks/Python.framework/Versions/3.10/lib/python3.10/site-packages/airflow/example_dags/example_params_trigger_ui.py took 0.063 seconds
[2026-04-22T12:32:13.248+0530] {processor.py:161} INFO - Started process (PID=73593) to work on /Library/Frameworks/Python.framework/Versions/3.10/lib/python3.10/site-packages/airflow/example_dags/example_params_trigger_ui.py
[2026-04-22T12:32:13.248+0530] {processor.py:830} INFO - Processing file /Library/Frameworks/Python.framework/Versions/3.10/lib/python3.10/site-packages/airflow/example_dags/example_params_trigger_ui.py for tasks to queue
[2026-04-22T12:32:13.248+0530] {logging_mixin.py:188} INFO - [2026-04-22T12:32:13.248+0530] {dagbag.py:545} INFO - Filling up the DagBag from /Library/Frameworks/Python.framework/Versions/3.10/lib/python3.10/site-packages/airflow/example_dags/example_params_trigger_ui.py
[2026-04-22T12:32:13.261+0530] {processor.py:840} INFO - DAG(s) 'example_params_trigger_ui' retrieved from /Library/Frameworks/Python.framework/Versions/3.10/lib/python3.10/site-packages/airflow/example_dags/example_params_trigger_ui.py
[2026-04-22T12:32:13.301+0530] {logging_mixin.py:188} INFO - [2026-04-22T12:32:13.301+0530] {dag.py:3096} INFO - Sync 1 DAGs
[2026-04-22T12:32:13.304+0530] {logging_mixin.py:188} INFO - [2026-04-22T12:32:13.304+0530] {dag.py:3954} INFO - Setting next_dagrun for example_params_trigger_ui to None, run_after=None
[2026-04-22T12:32:13.310+0530] {processor.py:183} INFO - Processing /Library/Frameworks/Python.framework/Versions/3.10/lib/python3.10/site-packages/airflow/example_dags/example_params_trigger_ui.py took 0.063 seconds
[2026-04-22T12:33:57.593+0530] {processor.py:161} INFO - Started process (PID=73760) to work on /Library/Frameworks/Python.framework/Versions/3.10/lib/python3.10/site-packages/airflow/example_dags/example_params_trigger_ui.py
[2026-04-22T12:33:57.594+0530] {processor.py:830} INFO - Processing file /Library/Frameworks/Python.framework/Versions/3.10/lib/python3.10/site-packages/airflow/example_dags/example_params_trigger_ui.py for tasks to queue
[2026-04-22T12:33:57.594+0530] {logging_mixin.py:188} INFO - [2026-04-22T12:33:57.594+0530] {dagbag.py:545} INFO - Filling up the DagBag from /Library/Frameworks/Python.framework/Versions/3.10/lib/python3.10/site-packages/airflow/example_dags/example_params_trigger_ui.py
[2026-04-22T12:33:57.607+0530] {processor.py:840} INFO - DAG(s) 'example_params_trigger_ui' retrieved from /Library/Frameworks/Python.framework/Versions/3.10/lib/python3.10/site-packages/airflow/example_dags/example_params_trigger_ui.py
[2026-04-22T12:33:57.645+0530] {logging_mixin.py:188} INFO - [2026-04-22T12:33:57.645+0530] {dag.py:3096} INFO - Sync 1 DAGs
[2026-04-22T12:33:57.648+0530] {logging_mixin.py:188} INFO - [2026-04-22T12:33:57.648+0530] {dag.py:3954} INFO - Setting next_dagrun for example_params_trigger_ui to None, run_after=None
[2026-04-22T12:33:57.653+0530] {processor.py:183} INFO - Processing /Library/Frameworks/Python.framework/Versions/3.10/lib/python3.10/site-packages/airflow/example_dags/example_params_trigger_ui.py took 0.060 seconds
[2026-04-22T12:35:42.424+0530] {processor.py:161} INFO - Started process (PID=73895) to work on /Library/Frameworks/Python.framework/Versions/3.10/lib/python3.10/site-packages/airflow/example_dags/example_params_trigger_ui.py
[2026-04-22T12:35:42.424+0530] {processor.py:830} INFO - Processing file /Library/Frameworks/Python.framework/Versions/3.10/lib/python3.10/site-packages/airflow/example_dags/example_params_trigger_ui.py for tasks to queue
[2026-04-22T12:35:42.424+0530] {logging_mixin.py:188} INFO - [2026-04-22T12:35:42.424+0530] {dagbag.py:545} INFO - Filling up the DagBag from /Library/Frameworks/Python.framework/Versions/3.10/lib/python3.10/site-packages/airflow/example_dags/example_params_trigger_ui.py
[2026-04-22T12:35:42.437+0530] {processor.py:840} INFO - DAG(s) 'example_params_trigger_ui' retrieved from /Library/Frameworks/Python.framework/Versions/3.10/lib/python3.10/site-packages/airflow/example_dags/example_params_trigger_ui.py
[2026-04-22T12:35:42.476+0530] {logging_mixin.py:188} INFO - [2026-04-22T12:35:42.476+0530] {dag.py:3096} INFO - Sync 1 DAGs
[2026-04-22T12:35:42.479+0530] {logging_mixin.py:188} INFO - [2026-04-22T12:35:42.479+0530] {dag.py:3954} INFO - Setting next_dagrun for example_params_trigger_ui to None, run_after=None
[2026-04-22T12:35:42.484+0530] {processor.py:183} INFO - Processing /Library/Frameworks/Python.framework/Versions/3.10/lib/python3.10/site-packages/airflow/example_dags/example_params_trigger_ui.py took 0.061 seconds
[2026-04-22T12:37:25.430+0530] {processor.py:161} INFO - Started process (PID=74017) to work on /Library/Frameworks/Python.framework/Versions/3.10/lib/python3.10/site-packages/airflow/example_dags/example_params_trigger_ui.py
[2026-04-22T12:37:25.430+0530] {processor.py:830} INFO - Processing file /Library/Frameworks/Python.framework/Versions/3.10/lib/python3.10/site-packages/airflow/example_dags/example_params_trigger_ui.py for tasks to queue
[2026-04-22T12:37:25.430+0530] {logging_mixin.py:188} INFO - [2026-04-22T12:37:25.430+0530] {dagbag.py:545} INFO - Filling up the DagBag from /Library/Frameworks/Python.framework/Versions/3.10/lib/python3.10/site-packages/airflow/example_dags/example_params_trigger_ui.py
[2026-04-22T12:37:25.444+0530] {processor.py:840} INFO - DAG(s) 'example_params_trigger_ui' retrieved from /Library/Frameworks/Python.framework/Versions/3.10/lib/python3.10/site-packages/airflow/example_dags/example_params_trigger_ui.py
[2026-04-22T12:37:25.485+0530] {logging_mixin.py:188} INFO - [2026-04-22T12:37:25.485+0530] {dag.py:3096} INFO - Sync 1 DAGs
[2026-04-22T12:37:25.488+0530] {logging_mixin.py:188} INFO - [2026-04-22T12:37:25.487+0530] {dag.py:3954} INFO - Setting next_dagrun for example_params_trigger_ui to None, run_after=None
[2026-04-22T12:37:25.493+0530] {processor.py:183} INFO - Processing /Library/Frameworks/Python.framework/Versions/3.10/lib/python3.10/site-packages/airflow/example_dags/example_params_trigger_ui.py took 0.064 seconds
[2026-04-22T12:39:25.847+0530] {processor.py:161} INFO - Started process (PID=74148) to work on /Library/Frameworks/Python.framework/Versions/3.10/lib/python3.10/site-packages/airflow/example_dags/example_params_trigger_ui.py
[2026-04-22T12:39:25.847+0530] {processor.py:830} INFO - Processing file /Library/Frameworks/Python.framework/Versions/3.10/lib/python3.10/site-packages/airflow/example_dags/example_params_trigger_ui.py for tasks to queue
[2026-04-22T12:39:25.847+0530] {logging_mixin.py:188} INFO - [2026-04-22T12:39:25.847+0530] {dagbag.py:545} INFO - Filling up the DagBag from /Library/Frameworks/Python.framework/Versions/3.10/lib/python3.10/site-packages/airflow/example_dags/example_params_trigger_ui.py
[2026-04-22T12:39:25.861+0530] {processor.py:840} INFO - DAG(s) 'example_params_trigger_ui' retrieved from /Library/Frameworks/Python.framework/Versions/3.10/lib/python3.10/site-packages/airflow/example_dags/example_params_trigger_ui.py
[2026-04-22T12:39:25.902+0530] {logging_mixin.py:188} INFO - [2026-04-22T12:39:25.902+0530] {dag.py:3096} INFO - Sync 1 DAGs
[2026-04-22T12:39:25.905+0530] {logging_mixin.py:188} INFO - [2026-04-22T12:39:25.905+0530] {dag.py:3954} INFO - Setting next_dagrun for example_params_trigger_ui to None, run_after=None
[2026-04-22T12:39:25.910+0530] {processor.py:183} INFO - Processing /Library/Frameworks/Python.framework/Versions/3.10/lib/python3.10/site-packages/airflow/example_dags/example_params_trigger_ui.py took 0.064 seconds
[2026-04-22T12:41:26.561+0530] {processor.py:161} INFO - Started process (PID=74296) to work on /Library/Frameworks/Python.framework/Versions/3.10/lib/python3.10/site-packages/airflow/example_dags/example_params_trigger_ui.py
[2026-04-22T12:41:26.562+0530] {processor.py:830} INFO - Processing file /Library/Frameworks/Python.framework/Versions/3.10/lib/python3.10/site-packages/airflow/example_dags/example_params_trigger_ui.py for tasks to queue
[2026-04-22T12:41:26.562+0530] {logging_mixin.py:188} INFO - [2026-04-22T12:41:26.562+0530] {dagbag.py:545} INFO - Filling up the DagBag from /Library/Frameworks/Python.framework/Versions/3.10/lib/python3.10/site-packages/airflow/example_dags/example_params_trigger_ui.py
[2026-04-22T12:41:26.576+0530] {processor.py:840} INFO - DAG(s) 'example_params_trigger_ui' retrieved from /Library/Frameworks/Python.framework/Versions/3.10/lib/python3.10/site-packages/airflow/example_dags/example_params_trigger_ui.py
[2026-04-22T12:41:26.617+0530] {logging_mixin.py:188} INFO - [2026-04-22T12:41:26.617+0530] {dag.py:3096} INFO - Sync 1 DAGs
[2026-04-22T12:41:26.619+0530] {logging_mixin.py:188} INFO - [2026-04-22T12:41:26.619+0530] {dag.py:3954} INFO - Setting next_dagrun for example_params_trigger_ui to None, run_after=None
[2026-04-22T12:41:26.625+0530] {processor.py:183} INFO - Processing /Library/Frameworks/Python.framework/Versions/3.10/lib/python3.10/site-packages/airflow/example_dags/example_params_trigger_ui.py took 0.064 seconds
