[2026-04-22T07:22:46.525+0530] {processor.py:161} INFO - Started process (PID=68762) to work on /Library/Frameworks/Python.framework/Versions/3.10/lib/python3.10/site-packages/airflow/example_dags/example_display_name.py
[2026-04-22T07:22:46.525+0530] {processor.py:830} INFO - Processing file /Library/Frameworks/Python.framework/Versions/3.10/lib/python3.10/site-packages/airflow/example_dags/example_display_name.py for tasks to queue
[2026-04-22T07:22:46.525+0530] {logging_mixin.py:188} INFO - [2026-04-22T07:22:46.525+0530] {dagbag.py:545} INFO - Filling up the DagBag from /Library/Frameworks/Python.framework/Versions/3.10/lib/python3.10/site-packages/airflow/example_dags/example_display_name.py
[2026-04-22T07:22:46.539+0530] {processor.py:840} INFO - DAG(s) 'example_display_name' retrieved from /Library/Frameworks/Python.framework/Versions/3.10/lib/python3.10/site-packages/airflow/example_dags/example_display_name.py
[2026-04-22T07:22:46.578+0530] {logging_mixin.py:188} INFO - [2026-04-22T07:22:46.578+0530] {dag.py:3096} INFO - Sync 1 DAGs
[2026-04-22T07:22:46.582+0530] {logging_mixin.py:188} INFO - [2026-04-22T07:22:46.582+0530] {dag.py:3954} INFO - Setting next_dagrun for example_display_name to None, run_after=None
[2026-04-22T07:22:46.588+0530] {processor.py:183} INFO - Processing /Library/Frameworks/Python.framework/Versions/3.10/lib/python3.10/site-packages/airflow/example_dags/example_display_name.py took 0.064 seconds
[2026-04-22T11:47:42.425+0530] {processor.py:161} INFO - Started process (PID=69325) to work on /Library/Frameworks/Python.framework/Versions/3.10/lib/python3.10/site-packages/airflow/example_dags/example_display_name.py
[2026-04-22T11:47:42.425+0530] {processor.py:830} INFO - Processing file /Library/Frameworks/Python.framework/Versions/3.10/lib/python3.10/site-packages/airflow/example_dags/example_display_name.py for tasks to queue
[2026-04-22T11:47:42.425+0530] {logging_mixin.py:188} INFO - [2026-04-22T11:47:42.425+0530] {dagbag.py:545} INFO - Filling up the DagBag from /Library/Frameworks/Python.framework/Versions/3.10/lib/python3.10/site-packages/airflow/example_dags/example_display_name.py
[2026-04-22T11:47:42.437+0530] {processor.py:840} INFO - DAG(s) 'example_display_name' retrieved from /Library/Frameworks/Python.framework/Versions/3.10/lib/python3.10/site-packages/airflow/example_dags/example_display_name.py
[2026-04-22T11:47:42.468+0530] {logging_mixin.py:188} INFO - [2026-04-22T11:47:42.468+0530] {dag.py:3096} INFO - Sync 1 DAGs
[2026-04-22T11:47:42.471+0530] {logging_mixin.py:188} INFO - [2026-04-22T11:47:42.471+0530] {dag.py:3954} INFO - Setting next_dagrun for example_display_name to None, run_after=None
[2026-04-22T11:47:42.477+0530] {processor.py:183} INFO - Processing /Library/Frameworks/Python.framework/Versions/3.10/lib/python3.10/site-packages/airflow/example_dags/example_display_name.py took 0.053 seconds
[2026-04-22T11:48:37.924+0530] {processor.py:161} INFO - Started process (PID=69425) to work on /Library/Frameworks/Python.framework/Versions/3.10/lib/python3.10/site-packages/airflow/example_dags/example_display_name.py
[2026-04-22T11:48:37.925+0530] {processor.py:830} INFO - Processing file /Library/Frameworks/Python.framework/Versions/3.10/lib/python3.10/site-packages/airflow/example_dags/example_display_name.py for tasks to queue
[2026-04-22T11:48:37.925+0530] {logging_mixin.py:188} INFO - [2026-04-22T11:48:37.925+0530] {dagbag.py:545} INFO - Filling up the DagBag from /Library/Frameworks/Python.framework/Versions/3.10/lib/python3.10/site-packages/airflow/example_dags/example_display_name.py
[2026-04-22T11:48:37.937+0530] {processor.py:840} INFO - DAG(s) 'example_display_name' retrieved from /Library/Frameworks/Python.framework/Versions/3.10/lib/python3.10/site-packages/airflow/example_dags/example_display_name.py
[2026-04-22T11:48:37.967+0530] {logging_mixin.py:188} INFO - [2026-04-22T11:48:37.967+0530] {dag.py:3096} INFO - Sync 1 DAGs
[2026-04-22T11:48:37.970+0530] {logging_mixin.py:188} INFO - [2026-04-22T11:48:37.970+0530] {dag.py:3954} INFO - Setting next_dagrun for example_display_name to None, run_after=None
[2026-04-22T11:48:37.976+0530] {processor.py:183} INFO - Processing /Library/Frameworks/Python.framework/Versions/3.10/lib/python3.10/site-packages/airflow/example_dags/example_display_name.py took 0.053 seconds
[2026-04-22T11:49:33.120+0530] {processor.py:161} INFO - Started process (PID=69507) to work on /Library/Frameworks/Python.framework/Versions/3.10/lib/python3.10/site-packages/airflow/example_dags/example_display_name.py
[2026-04-22T11:49:33.121+0530] {processor.py:830} INFO - Processing file /Library/Frameworks/Python.framework/Versions/3.10/lib/python3.10/site-packages/airflow/example_dags/example_display_name.py for tasks to queue
[2026-04-22T11:49:33.122+0530] {logging_mixin.py:188} INFO - [2026-04-22T11:49:33.122+0530] {dagbag.py:545} INFO - Filling up the DagBag from /Library/Frameworks/Python.framework/Versions/3.10/lib/python3.10/site-packages/airflow/example_dags/example_display_name.py
[2026-04-22T11:49:33.134+0530] {processor.py:840} INFO - DAG(s) 'example_display_name' retrieved from /Library/Frameworks/Python.framework/Versions/3.10/lib/python3.10/site-packages/airflow/example_dags/example_display_name.py
[2026-04-22T11:49:33.166+0530] {logging_mixin.py:188} INFO - [2026-04-22T11:49:33.165+0530] {dag.py:3096} INFO - Sync 1 DAGs
[2026-04-22T11:49:33.168+0530] {logging_mixin.py:188} INFO - [2026-04-22T11:49:33.168+0530] {dag.py:3954} INFO - Setting next_dagrun for example_display_name to None, run_after=None
[2026-04-22T11:49:33.174+0530] {processor.py:183} INFO - Processing /Library/Frameworks/Python.framework/Versions/3.10/lib/python3.10/site-packages/airflow/example_dags/example_display_name.py took 0.054 seconds
[2026-04-22T11:50:28.744+0530] {processor.py:161} INFO - Started process (PID=69611) to work on /Library/Frameworks/Python.framework/Versions/3.10/lib/python3.10/site-packages/airflow/example_dags/example_display_name.py
[2026-04-22T11:50:28.745+0530] {processor.py:830} INFO - Processing file /Library/Frameworks/Python.framework/Versions/3.10/lib/python3.10/site-packages/airflow/example_dags/example_display_name.py for tasks to queue
[2026-04-22T11:50:28.745+0530] {logging_mixin.py:188} INFO - [2026-04-22T11:50:28.745+0530] {dagbag.py:545} INFO - Filling up the DagBag from /Library/Frameworks/Python.framework/Versions/3.10/lib/python3.10/site-packages/airflow/example_dags/example_display_name.py
[2026-04-22T11:50:28.758+0530] {processor.py:840} INFO - DAG(s) 'example_display_name' retrieved from /Library/Frameworks/Python.framework/Versions/3.10/lib/python3.10/site-packages/airflow/example_dags/example_display_name.py
[2026-04-22T11:50:28.792+0530] {logging_mixin.py:188} INFO - [2026-04-22T11:50:28.792+0530] {dag.py:3096} INFO - Sync 1 DAGs
[2026-04-22T11:50:28.795+0530] {logging_mixin.py:188} INFO - [2026-04-22T11:50:28.795+0530] {dag.py:3954} INFO - Setting next_dagrun for example_display_name to None, run_after=None
[2026-04-22T11:50:28.801+0530] {processor.py:183} INFO - Processing /Library/Frameworks/Python.framework/Versions/3.10/lib/python3.10/site-packages/airflow/example_dags/example_display_name.py took 0.057 seconds
[2026-04-22T12:12:03.165+0530] {processor.py:161} INFO - Started process (PID=71051) to work on /Library/Frameworks/Python.framework/Versions/3.10/lib/python3.10/site-packages/airflow/example_dags/example_display_name.py
[2026-04-22T12:12:03.166+0530] {processor.py:830} INFO - Processing file /Library/Frameworks/Python.framework/Versions/3.10/lib/python3.10/site-packages/airflow/example_dags/example_display_name.py for tasks to queue
[2026-04-22T12:12:03.166+0530] {logging_mixin.py:188} INFO - [2026-04-22T12:12:03.166+0530] {dagbag.py:545} INFO - Filling up the DagBag from /Library/Frameworks/Python.framework/Versions/3.10/lib/python3.10/site-packages/airflow/example_dags/example_display_name.py
[2026-04-22T12:12:03.178+0530] {processor.py:840} INFO - DAG(s) 'example_display_name' retrieved from /Library/Frameworks/Python.framework/Versions/3.10/lib/python3.10/site-packages/airflow/example_dags/example_display_name.py
[2026-04-22T12:12:03.212+0530] {logging_mixin.py:188} INFO - [2026-04-22T12:12:03.211+0530] {dag.py:3096} INFO - Sync 1 DAGs
[2026-04-22T12:12:03.215+0530] {logging_mixin.py:188} INFO - [2026-04-22T12:12:03.215+0530] {dag.py:3954} INFO - Setting next_dagrun for example_display_name to None, run_after=None
[2026-04-22T12:12:03.220+0530] {processor.py:183} INFO - Processing /Library/Frameworks/Python.framework/Versions/3.10/lib/python3.10/site-packages/airflow/example_dags/example_display_name.py took 0.057 seconds
[2026-04-22T12:16:38.999+0530] {processor.py:161} INFO - Started process (PID=71384) to work on /Library/Frameworks/Python.framework/Versions/3.10/lib/python3.10/site-packages/airflow/example_dags/example_display_name.py
[2026-04-22T12:16:39.000+0530] {processor.py:830} INFO - Processing file /Library/Frameworks/Python.framework/Versions/3.10/lib/python3.10/site-packages/airflow/example_dags/example_display_name.py for tasks to queue
[2026-04-22T12:16:39.000+0530] {logging_mixin.py:188} INFO - [2026-04-22T12:16:39.000+0530] {dagbag.py:545} INFO - Filling up the DagBag from /Library/Frameworks/Python.framework/Versions/3.10/lib/python3.10/site-packages/airflow/example_dags/example_display_name.py
[2026-04-22T12:16:39.012+0530] {processor.py:840} INFO - DAG(s) 'example_display_name' retrieved from /Library/Frameworks/Python.framework/Versions/3.10/lib/python3.10/site-packages/airflow/example_dags/example_display_name.py
[2026-04-22T12:16:39.043+0530] {logging_mixin.py:188} INFO - [2026-04-22T12:16:39.042+0530] {dag.py:3096} INFO - Sync 1 DAGs
[2026-04-22T12:16:39.045+0530] {logging_mixin.py:188} INFO - [2026-04-22T12:16:39.045+0530] {dag.py:3954} INFO - Setting next_dagrun for example_display_name to None, run_after=None
[2026-04-22T12:16:39.051+0530] {processor.py:183} INFO - Processing /Library/Frameworks/Python.framework/Versions/3.10/lib/python3.10/site-packages/airflow/example_dags/example_display_name.py took 0.053 seconds
[2026-04-22T12:19:29.145+0530] {processor.py:161} INFO - Started process (PID=71629) to work on /Library/Frameworks/Python.framework/Versions/3.10/lib/python3.10/site-packages/airflow/example_dags/example_display_name.py
[2026-04-22T12:19:29.145+0530] {processor.py:830} INFO - Processing file /Library/Frameworks/Python.framework/Versions/3.10/lib/python3.10/site-packages/airflow/example_dags/example_display_name.py for tasks to queue
[2026-04-22T12:19:29.145+0530] {logging_mixin.py:188} INFO - [2026-04-22T12:19:29.145+0530] {dagbag.py:545} INFO - Filling up the DagBag from /Library/Frameworks/Python.framework/Versions/3.10/lib/python3.10/site-packages/airflow/example_dags/example_display_name.py
[2026-04-22T12:19:29.158+0530] {processor.py:840} INFO - DAG(s) 'example_display_name' retrieved from /Library/Frameworks/Python.framework/Versions/3.10/lib/python3.10/site-packages/airflow/example_dags/example_display_name.py
[2026-04-22T12:19:29.190+0530] {logging_mixin.py:188} INFO - [2026-04-22T12:19:29.189+0530] {dag.py:3096} INFO - Sync 1 DAGs
[2026-04-22T12:19:29.193+0530] {logging_mixin.py:188} INFO - [2026-04-22T12:19:29.193+0530] {dag.py:3954} INFO - Setting next_dagrun for example_display_name to None, run_after=None
[2026-04-22T12:19:29.198+0530] {processor.py:183} INFO - Processing /Library/Frameworks/Python.framework/Versions/3.10/lib/python3.10/site-packages/airflow/example_dags/example_display_name.py took 0.054 seconds
[2026-04-22T12:21:45.781+0530] {processor.py:161} INFO - Started process (PID=72361) to work on /Library/Frameworks/Python.framework/Versions/3.10/lib/python3.10/site-packages/airflow/example_dags/example_display_name.py
[2026-04-22T12:21:45.782+0530] {processor.py:830} INFO - Processing file /Library/Frameworks/Python.framework/Versions/3.10/lib/python3.10/site-packages/airflow/example_dags/example_display_name.py for tasks to queue
[2026-04-22T12:21:45.783+0530] {logging_mixin.py:188} INFO - [2026-04-22T12:21:45.783+0530] {dagbag.py:545} INFO - Filling up the DagBag from /Library/Frameworks/Python.framework/Versions/3.10/lib/python3.10/site-packages/airflow/example_dags/example_display_name.py
[2026-04-22T12:21:45.794+0530] {processor.py:840} INFO - DAG(s) 'example_display_name' retrieved from /Library/Frameworks/Python.framework/Versions/3.10/lib/python3.10/site-packages/airflow/example_dags/example_display_name.py
[2026-04-22T12:21:45.828+0530] {logging_mixin.py:188} INFO - [2026-04-22T12:21:45.827+0530] {dag.py:3096} INFO - Sync 1 DAGs
[2026-04-22T12:21:45.831+0530] {logging_mixin.py:188} INFO - [2026-04-22T12:21:45.831+0530] {dag.py:3954} INFO - Setting next_dagrun for example_display_name to None, run_after=None
[2026-04-22T12:21:45.836+0530] {processor.py:183} INFO - Processing /Library/Frameworks/Python.framework/Versions/3.10/lib/python3.10/site-packages/airflow/example_dags/example_display_name.py took 0.055 seconds
[2026-04-22T12:23:26.727+0530] {processor.py:161} INFO - Started process (PID=72542) to work on /Library/Frameworks/Python.framework/Versions/3.10/lib/python3.10/site-packages/airflow/example_dags/example_display_name.py
[2026-04-22T12:23:26.728+0530] {processor.py:830} INFO - Processing file /Library/Frameworks/Python.framework/Versions/3.10/lib/python3.10/site-packages/airflow/example_dags/example_display_name.py for tasks to queue
[2026-04-22T12:23:26.728+0530] {logging_mixin.py:188} INFO - [2026-04-22T12:23:26.728+0530] {dagbag.py:545} INFO - Filling up the DagBag from /Library/Frameworks/Python.framework/Versions/3.10/lib/python3.10/site-packages/airflow/example_dags/example_display_name.py
[2026-04-22T12:23:26.739+0530] {processor.py:840} INFO - DAG(s) 'example_display_name' retrieved from /Library/Frameworks/Python.framework/Versions/3.10/lib/python3.10/site-packages/airflow/example_dags/example_display_name.py
[2026-04-22T12:23:26.770+0530] {logging_mixin.py:188} INFO - [2026-04-22T12:23:26.770+0530] {dag.py:3096} INFO - Sync 1 DAGs
[2026-04-22T12:23:26.773+0530] {logging_mixin.py:188} INFO - [2026-04-22T12:23:26.773+0530] {dag.py:3954} INFO - Setting next_dagrun for example_display_name to None, run_after=None
[2026-04-22T12:23:26.778+0530] {processor.py:183} INFO - Processing /Library/Frameworks/Python.framework/Versions/3.10/lib/python3.10/site-packages/airflow/example_dags/example_display_name.py took 0.052 seconds
[2026-04-22T12:25:09.126+0530] {processor.py:161} INFO - Started process (PID=72784) to work on /Library/Frameworks/Python.framework/Versions/3.10/lib/python3.10/site-packages/airflow/example_dags/example_display_name.py
[2026-04-22T12:25:09.126+0530] {processor.py:830} INFO - Processing file /Library/Frameworks/Python.framework/Versions/3.10/lib/python3.10/site-packages/airflow/example_dags/example_display_name.py for tasks to queue
[2026-04-22T12:25:09.126+0530] {logging_mixin.py:188} INFO - [2026-04-22T12:25:09.126+0530] {dagbag.py:545} INFO - Filling up the DagBag from /Library/Frameworks/Python.framework/Versions/3.10/lib/python3.10/site-packages/airflow/example_dags/example_display_name.py
[2026-04-22T12:25:09.139+0530] {processor.py:840} INFO - DAG(s) 'example_display_name' retrieved from /Library/Frameworks/Python.framework/Versions/3.10/lib/python3.10/site-packages/airflow/example_dags/example_display_name.py
[2026-04-22T12:25:09.171+0530] {logging_mixin.py:188} INFO - [2026-04-22T12:25:09.170+0530] {dag.py:3096} INFO - Sync 1 DAGs
[2026-04-22T12:25:09.174+0530] {logging_mixin.py:188} INFO - [2026-04-22T12:25:09.174+0530] {dag.py:3954} INFO - Setting next_dagrun for example_display_name to None, run_after=None
[2026-04-22T12:25:09.179+0530] {processor.py:183} INFO - Processing /Library/Frameworks/Python.framework/Versions/3.10/lib/python3.10/site-packages/airflow/example_dags/example_display_name.py took 0.054 seconds
[2026-04-22T12:26:57.997+0530] {processor.py:161} INFO - Started process (PID=72935) to work on /Library/Frameworks/Python.framework/Versions/3.10/lib/python3.10/site-packages/airflow/example_dags/example_display_name.py
[2026-04-22T12:26:57.998+0530] {processor.py:830} INFO - Processing file /Library/Frameworks/Python.framework/Versions/3.10/lib/python3.10/site-packages/airflow/example_dags/example_display_name.py for tasks to queue
[2026-04-22T12:26:57.998+0530] {logging_mixin.py:188} INFO - [2026-04-22T12:26:57.998+0530] {dagbag.py:545} INFO - Filling up the DagBag from /Library/Frameworks/Python.framework/Versions/3.10/lib/python3.10/site-packages/airflow/example_dags/example_display_name.py
[2026-04-22T12:26:58.010+0530] {processor.py:840} INFO - DAG(s) 'example_display_name' retrieved from /Library/Frameworks/Python.framework/Versions/3.10/lib/python3.10/site-packages/airflow/example_dags/example_display_name.py
[2026-04-22T12:26:58.041+0530] {logging_mixin.py:188} INFO - [2026-04-22T12:26:58.041+0530] {dag.py:3096} INFO - Sync 1 DAGs
[2026-04-22T12:26:58.044+0530] {logging_mixin.py:188} INFO - [2026-04-22T12:26:58.044+0530] {dag.py:3954} INFO - Setting next_dagrun for example_display_name to None, run_after=None
[2026-04-22T12:26:58.056+0530] {processor.py:183} INFO - Processing /Library/Frameworks/Python.framework/Versions/3.10/lib/python3.10/site-packages/airflow/example_dags/example_display_name.py took 0.060 seconds
[2026-04-22T12:28:51.611+0530] {processor.py:161} INFO - Started process (PID=73159) to work on /Library/Frameworks/Python.framework/Versions/3.10/lib/python3.10/site-packages/airflow/example_dags/example_display_name.py
[2026-04-22T12:28:51.612+0530] {processor.py:830} INFO - Processing file /Library/Frameworks/Python.framework/Versions/3.10/lib/python3.10/site-packages/airflow/example_dags/example_display_name.py for tasks to queue
[2026-04-22T12:28:51.612+0530] {logging_mixin.py:188} INFO - [2026-04-22T12:28:51.612+0530] {dagbag.py:545} INFO - Filling up the DagBag from /Library/Frameworks/Python.framework/Versions/3.10/lib/python3.10/site-packages/airflow/example_dags/example_display_name.py
[2026-04-22T12:28:51.624+0530] {processor.py:840} INFO - DAG(s) 'example_display_name' retrieved from /Library/Frameworks/Python.framework/Versions/3.10/lib/python3.10/site-packages/airflow/example_dags/example_display_name.py
[2026-04-22T12:28:51.657+0530] {logging_mixin.py:188} INFO - [2026-04-22T12:28:51.657+0530] {dag.py:3096} INFO - Sync 1 DAGs
[2026-04-22T12:28:51.660+0530] {logging_mixin.py:188} INFO - [2026-04-22T12:28:51.660+0530] {dag.py:3954} INFO - Setting next_dagrun for example_display_name to None, run_after=None
[2026-04-22T12:28:51.666+0530] {processor.py:183} INFO - Processing /Library/Frameworks/Python.framework/Versions/3.10/lib/python3.10/site-packages/airflow/example_dags/example_display_name.py took 0.056 seconds
[2026-04-22T12:30:38.813+0530] {processor.py:161} INFO - Started process (PID=73405) to work on /Library/Frameworks/Python.framework/Versions/3.10/lib/python3.10/site-packages/airflow/example_dags/example_display_name.py
[2026-04-22T12:30:38.813+0530] {processor.py:830} INFO - Processing file /Library/Frameworks/Python.framework/Versions/3.10/lib/python3.10/site-packages/airflow/example_dags/example_display_name.py for tasks to queue
[2026-04-22T12:30:38.814+0530] {logging_mixin.py:188} INFO - [2026-04-22T12:30:38.814+0530] {dagbag.py:545} INFO - Filling up the DagBag from /Library/Frameworks/Python.framework/Versions/3.10/lib/python3.10/site-packages/airflow/example_dags/example_display_name.py
[2026-04-22T12:30:38.826+0530] {processor.py:840} INFO - DAG(s) 'example_display_name' retrieved from /Library/Frameworks/Python.framework/Versions/3.10/lib/python3.10/site-packages/airflow/example_dags/example_display_name.py
[2026-04-22T12:30:38.860+0530] {logging_mixin.py:188} INFO - [2026-04-22T12:30:38.860+0530] {dag.py:3096} INFO - Sync 1 DAGs
[2026-04-22T12:30:38.863+0530] {logging_mixin.py:188} INFO - [2026-04-22T12:30:38.863+0530] {dag.py:3954} INFO - Setting next_dagrun for example_display_name to None, run_after=None
[2026-04-22T12:30:38.869+0530] {processor.py:183} INFO - Processing /Library/Frameworks/Python.framework/Versions/3.10/lib/python3.10/site-packages/airflow/example_dags/example_display_name.py took 0.057 seconds
[2026-04-22T12:32:27.348+0530] {processor.py:161} INFO - Started process (PID=73622) to work on /Library/Frameworks/Python.framework/Versions/3.10/lib/python3.10/site-packages/airflow/example_dags/example_display_name.py
[2026-04-22T12:32:27.348+0530] {processor.py:830} INFO - Processing file /Library/Frameworks/Python.framework/Versions/3.10/lib/python3.10/site-packages/airflow/example_dags/example_display_name.py for tasks to queue
[2026-04-22T12:32:27.348+0530] {logging_mixin.py:188} INFO - [2026-04-22T12:32:27.348+0530] {dagbag.py:545} INFO - Filling up the DagBag from /Library/Frameworks/Python.framework/Versions/3.10/lib/python3.10/site-packages/airflow/example_dags/example_display_name.py
[2026-04-22T12:32:27.360+0530] {processor.py:840} INFO - DAG(s) 'example_display_name' retrieved from /Library/Frameworks/Python.framework/Versions/3.10/lib/python3.10/site-packages/airflow/example_dags/example_display_name.py
[2026-04-22T12:32:27.391+0530] {logging_mixin.py:188} INFO - [2026-04-22T12:32:27.391+0530] {dag.py:3096} INFO - Sync 1 DAGs
[2026-04-22T12:32:27.394+0530] {logging_mixin.py:188} INFO - [2026-04-22T12:32:27.394+0530] {dag.py:3954} INFO - Setting next_dagrun for example_display_name to None, run_after=None
[2026-04-22T12:32:27.399+0530] {processor.py:183} INFO - Processing /Library/Frameworks/Python.framework/Versions/3.10/lib/python3.10/site-packages/airflow/example_dags/example_display_name.py took 0.053 seconds
[2026-04-22T12:34:11.228+0530] {processor.py:161} INFO - Started process (PID=73774) to work on /Library/Frameworks/Python.framework/Versions/3.10/lib/python3.10/site-packages/airflow/example_dags/example_display_name.py
[2026-04-22T12:34:11.229+0530] {processor.py:830} INFO - Processing file /Library/Frameworks/Python.framework/Versions/3.10/lib/python3.10/site-packages/airflow/example_dags/example_display_name.py for tasks to queue
[2026-04-22T12:34:11.230+0530] {logging_mixin.py:188} INFO - [2026-04-22T12:34:11.230+0530] {dagbag.py:545} INFO - Filling up the DagBag from /Library/Frameworks/Python.framework/Versions/3.10/lib/python3.10/site-packages/airflow/example_dags/example_display_name.py
[2026-04-22T12:34:11.241+0530] {processor.py:840} INFO - DAG(s) 'example_display_name' retrieved from /Library/Frameworks/Python.framework/Versions/3.10/lib/python3.10/site-packages/airflow/example_dags/example_display_name.py
[2026-04-22T12:34:11.273+0530] {logging_mixin.py:188} INFO - [2026-04-22T12:34:11.273+0530] {dag.py:3096} INFO - Sync 1 DAGs
[2026-04-22T12:34:11.276+0530] {logging_mixin.py:188} INFO - [2026-04-22T12:34:11.276+0530] {dag.py:3954} INFO - Setting next_dagrun for example_display_name to None, run_after=None
[2026-04-22T12:34:11.281+0530] {processor.py:183} INFO - Processing /Library/Frameworks/Python.framework/Versions/3.10/lib/python3.10/site-packages/airflow/example_dags/example_display_name.py took 0.053 seconds
[2026-04-22T12:35:55.947+0530] {processor.py:161} INFO - Started process (PID=73907) to work on /Library/Frameworks/Python.framework/Versions/3.10/lib/python3.10/site-packages/airflow/example_dags/example_display_name.py
[2026-04-22T12:35:55.947+0530] {processor.py:830} INFO - Processing file /Library/Frameworks/Python.framework/Versions/3.10/lib/python3.10/site-packages/airflow/example_dags/example_display_name.py for tasks to queue
[2026-04-22T12:35:55.947+0530] {logging_mixin.py:188} INFO - [2026-04-22T12:35:55.947+0530] {dagbag.py:545} INFO - Filling up the DagBag from /Library/Frameworks/Python.framework/Versions/3.10/lib/python3.10/site-packages/airflow/example_dags/example_display_name.py
[2026-04-22T12:35:55.959+0530] {processor.py:840} INFO - DAG(s) 'example_display_name' retrieved from /Library/Frameworks/Python.framework/Versions/3.10/lib/python3.10/site-packages/airflow/example_dags/example_display_name.py
[2026-04-22T12:35:55.993+0530] {logging_mixin.py:188} INFO - [2026-04-22T12:35:55.993+0530] {dag.py:3096} INFO - Sync 1 DAGs
[2026-04-22T12:35:55.996+0530] {logging_mixin.py:188} INFO - [2026-04-22T12:35:55.996+0530] {dag.py:3954} INFO - Setting next_dagrun for example_display_name to None, run_after=None
[2026-04-22T12:35:56.003+0530] {processor.py:183} INFO - Processing /Library/Frameworks/Python.framework/Versions/3.10/lib/python3.10/site-packages/airflow/example_dags/example_display_name.py took 0.057 seconds
[2026-04-22T12:37:40.679+0530] {processor.py:161} INFO - Started process (PID=74035) to work on /Library/Frameworks/Python.framework/Versions/3.10/lib/python3.10/site-packages/airflow/example_dags/example_display_name.py
[2026-04-22T12:37:40.680+0530] {processor.py:830} INFO - Processing file /Library/Frameworks/Python.framework/Versions/3.10/lib/python3.10/site-packages/airflow/example_dags/example_display_name.py for tasks to queue
[2026-04-22T12:37:40.680+0530] {logging_mixin.py:188} INFO - [2026-04-22T12:37:40.680+0530] {dagbag.py:545} INFO - Filling up the DagBag from /Library/Frameworks/Python.framework/Versions/3.10/lib/python3.10/site-packages/airflow/example_dags/example_display_name.py
[2026-04-22T12:37:40.691+0530] {processor.py:840} INFO - DAG(s) 'example_display_name' retrieved from /Library/Frameworks/Python.framework/Versions/3.10/lib/python3.10/site-packages/airflow/example_dags/example_display_name.py
[2026-04-22T12:37:40.723+0530] {logging_mixin.py:188} INFO - [2026-04-22T12:37:40.723+0530] {dag.py:3096} INFO - Sync 1 DAGs
[2026-04-22T12:37:40.726+0530] {logging_mixin.py:188} INFO - [2026-04-22T12:37:40.726+0530] {dag.py:3954} INFO - Setting next_dagrun for example_display_name to None, run_after=None
[2026-04-22T12:37:40.731+0530] {processor.py:183} INFO - Processing /Library/Frameworks/Python.framework/Versions/3.10/lib/python3.10/site-packages/airflow/example_dags/example_display_name.py took 0.053 seconds
[2026-04-22T12:39:41.081+0530] {processor.py:161} INFO - Started process (PID=74166) to work on /Library/Frameworks/Python.framework/Versions/3.10/lib/python3.10/site-packages/airflow/example_dags/example_display_name.py
[2026-04-22T12:39:41.081+0530] {processor.py:830} INFO - Processing file /Library/Frameworks/Python.framework/Versions/3.10/lib/python3.10/site-packages/airflow/example_dags/example_display_name.py for tasks to queue
[2026-04-22T12:39:41.081+0530] {logging_mixin.py:188} INFO - [2026-04-22T12:39:41.081+0530] {dagbag.py:545} INFO - Filling up the DagBag from /Library/Frameworks/Python.framework/Versions/3.10/lib/python3.10/site-packages/airflow/example_dags/example_display_name.py
[2026-04-22T12:39:41.093+0530] {processor.py:840} INFO - DAG(s) 'example_display_name' retrieved from /Library/Frameworks/Python.framework/Versions/3.10/lib/python3.10/site-packages/airflow/example_dags/example_display_name.py
[2026-04-22T12:39:41.125+0530] {logging_mixin.py:188} INFO - [2026-04-22T12:39:41.125+0530] {dag.py:3096} INFO - Sync 1 DAGs
[2026-04-22T12:39:41.128+0530] {logging_mixin.py:188} INFO - [2026-04-22T12:39:41.128+0530] {dag.py:3954} INFO - Setting next_dagrun for example_display_name to None, run_after=None
[2026-04-22T12:39:41.133+0530] {processor.py:183} INFO - Processing /Library/Frameworks/Python.framework/Versions/3.10/lib/python3.10/site-packages/airflow/example_dags/example_display_name.py took 0.053 seconds
[2026-04-22T12:41:41.828+0530] {processor.py:161} INFO - Started process (PID=74317) to work on /Library/Frameworks/Python.framework/Versions/3.10/lib/python3.10/site-packages/airflow/example_dags/example_display_name.py
[2026-04-22T12:41:41.828+0530] {processor.py:830} INFO - Processing file /Library/Frameworks/Python.framework/Versions/3.10/lib/python3.10/site-packages/airflow/example_dags/example_display_name.py for tasks to queue
[2026-04-22T12:41:41.829+0530] {logging_mixin.py:188} INFO - [2026-04-22T12:41:41.828+0530] {dagbag.py:545} INFO - Filling up the DagBag from /Library/Frameworks/Python.framework/Versions/3.10/lib/python3.10/site-packages/airflow/example_dags/example_display_name.py
[2026-04-22T12:41:41.845+0530] {processor.py:840} INFO - DAG(s) 'example_display_name' retrieved from /Library/Frameworks/Python.framework/Versions/3.10/lib/python3.10/site-packages/airflow/example_dags/example_display_name.py
[2026-04-22T12:41:41.877+0530] {logging_mixin.py:188} INFO - [2026-04-22T12:41:41.877+0530] {dag.py:3096} INFO - Sync 1 DAGs
[2026-04-22T12:41:41.880+0530] {logging_mixin.py:188} INFO - [2026-04-22T12:41:41.880+0530] {dag.py:3954} INFO - Setting next_dagrun for example_display_name to None, run_after=None
[2026-04-22T12:41:41.886+0530] {processor.py:183} INFO - Processing /Library/Frameworks/Python.framework/Versions/3.10/lib/python3.10/site-packages/airflow/example_dags/example_display_name.py took 0.059 seconds
