[2026-04-22T07:22:49.568+0530] {processor.py:161} INFO - Started process (PID=68765) to work on /Library/Frameworks/Python.framework/Versions/3.10/lib/python3.10/site-packages/airflow/example_dags/example_complex.py
[2026-04-22T07:22:49.568+0530] {processor.py:830} INFO - Processing file /Library/Frameworks/Python.framework/Versions/3.10/lib/python3.10/site-packages/airflow/example_dags/example_complex.py for tasks to queue
[2026-04-22T07:22:49.568+0530] {logging_mixin.py:188} INFO - [2026-04-22T07:22:49.568+0530] {dagbag.py:545} INFO - Filling up the DagBag from /Library/Frameworks/Python.framework/Versions/3.10/lib/python3.10/site-packages/airflow/example_dags/example_complex.py
[2026-04-22T07:22:49.573+0530] {processor.py:840} INFO - DAG(s) 'example_complex' retrieved from /Library/Frameworks/Python.framework/Versions/3.10/lib/python3.10/site-packages/airflow/example_dags/example_complex.py
[2026-04-22T07:22:49.612+0530] {logging_mixin.py:188} INFO - [2026-04-22T07:22:49.612+0530] {dag.py:3096} INFO - Sync 1 DAGs
[2026-04-22T07:22:49.615+0530] {logging_mixin.py:188} INFO - [2026-04-22T07:22:49.615+0530] {dag.py:3954} INFO - Setting next_dagrun for example_complex to None, run_after=None
[2026-04-22T07:22:49.620+0530] {processor.py:183} INFO - Processing /Library/Frameworks/Python.framework/Versions/3.10/lib/python3.10/site-packages/airflow/example_dags/example_complex.py took 0.053 seconds
[2026-04-22T11:47:44.532+0530] {processor.py:161} INFO - Started process (PID=69329) to work on /Library/Frameworks/Python.framework/Versions/3.10/lib/python3.10/site-packages/airflow/example_dags/example_complex.py
[2026-04-22T11:47:44.533+0530] {processor.py:830} INFO - Processing file /Library/Frameworks/Python.framework/Versions/3.10/lib/python3.10/site-packages/airflow/example_dags/example_complex.py for tasks to queue
[2026-04-22T11:47:44.533+0530] {logging_mixin.py:188} INFO - [2026-04-22T11:47:44.533+0530] {dagbag.py:545} INFO - Filling up the DagBag from /Library/Frameworks/Python.framework/Versions/3.10/lib/python3.10/site-packages/airflow/example_dags/example_complex.py
[2026-04-22T11:47:44.537+0530] {processor.py:840} INFO - DAG(s) 'example_complex' retrieved from /Library/Frameworks/Python.framework/Versions/3.10/lib/python3.10/site-packages/airflow/example_dags/example_complex.py
[2026-04-22T11:47:44.577+0530] {logging_mixin.py:188} INFO - [2026-04-22T11:47:44.577+0530] {dag.py:3096} INFO - Sync 1 DAGs
[2026-04-22T11:47:44.580+0530] {logging_mixin.py:188} INFO - [2026-04-22T11:47:44.580+0530] {dag.py:3954} INFO - Setting next_dagrun for example_complex to None, run_after=None
[2026-04-22T11:47:44.586+0530] {processor.py:183} INFO - Processing /Library/Frameworks/Python.framework/Versions/3.10/lib/python3.10/site-packages/airflow/example_dags/example_complex.py took 0.055 seconds
[2026-04-22T11:48:41.035+0530] {processor.py:161} INFO - Started process (PID=69431) to work on /Library/Frameworks/Python.framework/Versions/3.10/lib/python3.10/site-packages/airflow/example_dags/example_complex.py
[2026-04-22T11:48:41.036+0530] {processor.py:830} INFO - Processing file /Library/Frameworks/Python.framework/Versions/3.10/lib/python3.10/site-packages/airflow/example_dags/example_complex.py for tasks to queue
[2026-04-22T11:48:41.036+0530] {logging_mixin.py:188} INFO - [2026-04-22T11:48:41.036+0530] {dagbag.py:545} INFO - Filling up the DagBag from /Library/Frameworks/Python.framework/Versions/3.10/lib/python3.10/site-packages/airflow/example_dags/example_complex.py
[2026-04-22T11:48:41.040+0530] {processor.py:840} INFO - DAG(s) 'example_complex' retrieved from /Library/Frameworks/Python.framework/Versions/3.10/lib/python3.10/site-packages/airflow/example_dags/example_complex.py
[2026-04-22T11:48:41.077+0530] {logging_mixin.py:188} INFO - [2026-04-22T11:48:41.076+0530] {dag.py:3096} INFO - Sync 1 DAGs
[2026-04-22T11:48:41.079+0530] {logging_mixin.py:188} INFO - [2026-04-22T11:48:41.079+0530] {dag.py:3954} INFO - Setting next_dagrun for example_complex to None, run_after=None
[2026-04-22T11:48:41.084+0530] {processor.py:183} INFO - Processing /Library/Frameworks/Python.framework/Versions/3.10/lib/python3.10/site-packages/airflow/example_dags/example_complex.py took 0.050 seconds
[2026-04-22T11:49:36.057+0530] {processor.py:161} INFO - Started process (PID=69513) to work on /Library/Frameworks/Python.framework/Versions/3.10/lib/python3.10/site-packages/airflow/example_dags/example_complex.py
[2026-04-22T11:49:36.058+0530] {processor.py:830} INFO - Processing file /Library/Frameworks/Python.framework/Versions/3.10/lib/python3.10/site-packages/airflow/example_dags/example_complex.py for tasks to queue
[2026-04-22T11:49:36.058+0530] {logging_mixin.py:188} INFO - [2026-04-22T11:49:36.058+0530] {dagbag.py:545} INFO - Filling up the DagBag from /Library/Frameworks/Python.framework/Versions/3.10/lib/python3.10/site-packages/airflow/example_dags/example_complex.py
[2026-04-22T11:49:36.062+0530] {processor.py:840} INFO - DAG(s) 'example_complex' retrieved from /Library/Frameworks/Python.framework/Versions/3.10/lib/python3.10/site-packages/airflow/example_dags/example_complex.py
[2026-04-22T11:49:36.097+0530] {logging_mixin.py:188} INFO - [2026-04-22T11:49:36.097+0530] {dag.py:3096} INFO - Sync 1 DAGs
[2026-04-22T11:49:36.100+0530] {logging_mixin.py:188} INFO - [2026-04-22T11:49:36.100+0530] {dag.py:3954} INFO - Setting next_dagrun for example_complex to None, run_after=None
[2026-04-22T11:49:36.105+0530] {processor.py:183} INFO - Processing /Library/Frameworks/Python.framework/Versions/3.10/lib/python3.10/site-packages/airflow/example_dags/example_complex.py took 0.049 seconds
[2026-04-22T11:50:31.448+0530] {processor.py:161} INFO - Started process (PID=69614) to work on /Library/Frameworks/Python.framework/Versions/3.10/lib/python3.10/site-packages/airflow/example_dags/example_complex.py
[2026-04-22T11:50:31.449+0530] {processor.py:830} INFO - Processing file /Library/Frameworks/Python.framework/Versions/3.10/lib/python3.10/site-packages/airflow/example_dags/example_complex.py for tasks to queue
[2026-04-22T11:50:31.449+0530] {logging_mixin.py:188} INFO - [2026-04-22T11:50:31.449+0530] {dagbag.py:545} INFO - Filling up the DagBag from /Library/Frameworks/Python.framework/Versions/3.10/lib/python3.10/site-packages/airflow/example_dags/example_complex.py
[2026-04-22T11:50:31.455+0530] {processor.py:840} INFO - DAG(s) 'example_complex' retrieved from /Library/Frameworks/Python.framework/Versions/3.10/lib/python3.10/site-packages/airflow/example_dags/example_complex.py
[2026-04-22T11:50:31.493+0530] {logging_mixin.py:188} INFO - [2026-04-22T11:50:31.492+0530] {dag.py:3096} INFO - Sync 1 DAGs
[2026-04-22T11:50:31.495+0530] {logging_mixin.py:188} INFO - [2026-04-22T11:50:31.495+0530] {dag.py:3954} INFO - Setting next_dagrun for example_complex to None, run_after=None
[2026-04-22T11:50:31.501+0530] {processor.py:183} INFO - Processing /Library/Frameworks/Python.framework/Versions/3.10/lib/python3.10/site-packages/airflow/example_dags/example_complex.py took 0.054 seconds
[2026-04-22T12:12:14.219+0530] {processor.py:161} INFO - Started process (PID=71069) to work on /Library/Frameworks/Python.framework/Versions/3.10/lib/python3.10/site-packages/airflow/example_dags/example_complex.py
[2026-04-22T12:12:14.219+0530] {processor.py:830} INFO - Processing file /Library/Frameworks/Python.framework/Versions/3.10/lib/python3.10/site-packages/airflow/example_dags/example_complex.py for tasks to queue
[2026-04-22T12:12:14.219+0530] {logging_mixin.py:188} INFO - [2026-04-22T12:12:14.219+0530] {dagbag.py:545} INFO - Filling up the DagBag from /Library/Frameworks/Python.framework/Versions/3.10/lib/python3.10/site-packages/airflow/example_dags/example_complex.py
[2026-04-22T12:12:14.223+0530] {processor.py:840} INFO - DAG(s) 'example_complex' retrieved from /Library/Frameworks/Python.framework/Versions/3.10/lib/python3.10/site-packages/airflow/example_dags/example_complex.py
[2026-04-22T12:12:14.260+0530] {logging_mixin.py:188} INFO - [2026-04-22T12:12:14.260+0530] {dag.py:3096} INFO - Sync 1 DAGs
[2026-04-22T12:12:14.263+0530] {logging_mixin.py:188} INFO - [2026-04-22T12:12:14.263+0530] {dag.py:3954} INFO - Setting next_dagrun for example_complex to None, run_after=None
[2026-04-22T12:12:14.268+0530] {processor.py:183} INFO - Processing /Library/Frameworks/Python.framework/Versions/3.10/lib/python3.10/site-packages/airflow/example_dags/example_complex.py took 0.050 seconds
[2026-04-22T12:17:07.338+0530] {processor.py:161} INFO - Started process (PID=71413) to work on /Library/Frameworks/Python.framework/Versions/3.10/lib/python3.10/site-packages/airflow/example_dags/example_complex.py
[2026-04-22T12:17:07.339+0530] {processor.py:830} INFO - Processing file /Library/Frameworks/Python.framework/Versions/3.10/lib/python3.10/site-packages/airflow/example_dags/example_complex.py for tasks to queue
[2026-04-22T12:17:07.339+0530] {logging_mixin.py:188} INFO - [2026-04-22T12:17:07.339+0530] {dagbag.py:545} INFO - Filling up the DagBag from /Library/Frameworks/Python.framework/Versions/3.10/lib/python3.10/site-packages/airflow/example_dags/example_complex.py
[2026-04-22T12:17:07.343+0530] {processor.py:840} INFO - DAG(s) 'example_complex' retrieved from /Library/Frameworks/Python.framework/Versions/3.10/lib/python3.10/site-packages/airflow/example_dags/example_complex.py
[2026-04-22T12:17:07.379+0530] {logging_mixin.py:188} INFO - [2026-04-22T12:17:07.379+0530] {dag.py:3096} INFO - Sync 1 DAGs
[2026-04-22T12:17:07.382+0530] {logging_mixin.py:188} INFO - [2026-04-22T12:17:07.382+0530] {dag.py:3954} INFO - Setting next_dagrun for example_complex to None, run_after=None
[2026-04-22T12:17:07.387+0530] {processor.py:183} INFO - Processing /Library/Frameworks/Python.framework/Versions/3.10/lib/python3.10/site-packages/airflow/example_dags/example_complex.py took 0.051 seconds
[2026-04-22T12:20:55.054+0530] {processor.py:161} INFO - Started process (PID=72245) to work on /Library/Frameworks/Python.framework/Versions/3.10/lib/python3.10/site-packages/airflow/example_dags/example_complex.py
[2026-04-22T12:20:55.055+0530] {processor.py:830} INFO - Processing file /Library/Frameworks/Python.framework/Versions/3.10/lib/python3.10/site-packages/airflow/example_dags/example_complex.py for tasks to queue
[2026-04-22T12:20:55.055+0530] {logging_mixin.py:188} INFO - [2026-04-22T12:20:55.055+0530] {dagbag.py:545} INFO - Filling up the DagBag from /Library/Frameworks/Python.framework/Versions/3.10/lib/python3.10/site-packages/airflow/example_dags/example_complex.py
[2026-04-22T12:20:55.059+0530] {processor.py:840} INFO - DAG(s) 'example_complex' retrieved from /Library/Frameworks/Python.framework/Versions/3.10/lib/python3.10/site-packages/airflow/example_dags/example_complex.py
[2026-04-22T12:20:55.096+0530] {logging_mixin.py:188} INFO - [2026-04-22T12:20:55.096+0530] {dag.py:3096} INFO - Sync 1 DAGs
[2026-04-22T12:20:55.098+0530] {logging_mixin.py:188} INFO - [2026-04-22T12:20:55.098+0530] {dag.py:3954} INFO - Setting next_dagrun for example_complex to None, run_after=None
[2026-04-22T12:20:55.104+0530] {processor.py:183} INFO - Processing /Library/Frameworks/Python.framework/Versions/3.10/lib/python3.10/site-packages/airflow/example_dags/example_complex.py took 0.050 seconds
[2026-04-22T12:22:41.651+0530] {processor.py:161} INFO - Started process (PID=72475) to work on /Library/Frameworks/Python.framework/Versions/3.10/lib/python3.10/site-packages/airflow/example_dags/example_complex.py
[2026-04-22T12:22:41.652+0530] {processor.py:830} INFO - Processing file /Library/Frameworks/Python.framework/Versions/3.10/lib/python3.10/site-packages/airflow/example_dags/example_complex.py for tasks to queue
[2026-04-22T12:22:41.652+0530] {logging_mixin.py:188} INFO - [2026-04-22T12:22:41.652+0530] {dagbag.py:545} INFO - Filling up the DagBag from /Library/Frameworks/Python.framework/Versions/3.10/lib/python3.10/site-packages/airflow/example_dags/example_complex.py
[2026-04-22T12:22:41.656+0530] {processor.py:840} INFO - DAG(s) 'example_complex' retrieved from /Library/Frameworks/Python.framework/Versions/3.10/lib/python3.10/site-packages/airflow/example_dags/example_complex.py
[2026-04-22T12:22:41.692+0530] {logging_mixin.py:188} INFO - [2026-04-22T12:22:41.692+0530] {dag.py:3096} INFO - Sync 1 DAGs
[2026-04-22T12:22:41.694+0530] {logging_mixin.py:188} INFO - [2026-04-22T12:22:41.694+0530] {dag.py:3954} INFO - Setting next_dagrun for example_complex to None, run_after=None
[2026-04-22T12:22:41.699+0530] {processor.py:183} INFO - Processing /Library/Frameworks/Python.framework/Versions/3.10/lib/python3.10/site-packages/airflow/example_dags/example_complex.py took 0.049 seconds
[2026-04-22T12:24:24.118+0530] {processor.py:161} INFO - Started process (PID=72599) to work on /Library/Frameworks/Python.framework/Versions/3.10/lib/python3.10/site-packages/airflow/example_dags/example_complex.py
[2026-04-22T12:24:24.118+0530] {processor.py:830} INFO - Processing file /Library/Frameworks/Python.framework/Versions/3.10/lib/python3.10/site-packages/airflow/example_dags/example_complex.py for tasks to queue
[2026-04-22T12:24:24.119+0530] {logging_mixin.py:188} INFO - [2026-04-22T12:24:24.118+0530] {dagbag.py:545} INFO - Filling up the DagBag from /Library/Frameworks/Python.framework/Versions/3.10/lib/python3.10/site-packages/airflow/example_dags/example_complex.py
[2026-04-22T12:24:24.123+0530] {processor.py:840} INFO - DAG(s) 'example_complex' retrieved from /Library/Frameworks/Python.framework/Versions/3.10/lib/python3.10/site-packages/airflow/example_dags/example_complex.py
[2026-04-22T12:24:24.159+0530] {logging_mixin.py:188} INFO - [2026-04-22T12:24:24.159+0530] {dag.py:3096} INFO - Sync 1 DAGs
[2026-04-22T12:24:24.161+0530] {logging_mixin.py:188} INFO - [2026-04-22T12:24:24.161+0530] {dag.py:3954} INFO - Setting next_dagrun for example_complex to None, run_after=None
[2026-04-22T12:24:24.166+0530] {processor.py:183} INFO - Processing /Library/Frameworks/Python.framework/Versions/3.10/lib/python3.10/site-packages/airflow/example_dags/example_complex.py took 0.050 seconds
[2026-04-22T12:26:10.167+0530] {processor.py:161} INFO - Started process (PID=72879) to work on /Library/Frameworks/Python.framework/Versions/3.10/lib/python3.10/site-packages/airflow/example_dags/example_complex.py
[2026-04-22T12:26:10.168+0530] {processor.py:830} INFO - Processing file /Library/Frameworks/Python.framework/Versions/3.10/lib/python3.10/site-packages/airflow/example_dags/example_complex.py for tasks to queue
[2026-04-22T12:26:10.169+0530] {logging_mixin.py:188} INFO - [2026-04-22T12:26:10.169+0530] {dagbag.py:545} INFO - Filling up the DagBag from /Library/Frameworks/Python.framework/Versions/3.10/lib/python3.10/site-packages/airflow/example_dags/example_complex.py
[2026-04-22T12:26:10.173+0530] {processor.py:840} INFO - DAG(s) 'example_complex' retrieved from /Library/Frameworks/Python.framework/Versions/3.10/lib/python3.10/site-packages/airflow/example_dags/example_complex.py
[2026-04-22T12:26:10.208+0530] {logging_mixin.py:188} INFO - [2026-04-22T12:26:10.208+0530] {dag.py:3096} INFO - Sync 1 DAGs
[2026-04-22T12:26:10.210+0530] {logging_mixin.py:188} INFO - [2026-04-22T12:26:10.210+0530] {dag.py:3954} INFO - Setting next_dagrun for example_complex to None, run_after=None
[2026-04-22T12:26:10.215+0530] {processor.py:183} INFO - Processing /Library/Frameworks/Python.framework/Versions/3.10/lib/python3.10/site-packages/airflow/example_dags/example_complex.py took 0.049 seconds
[2026-04-22T12:27:56.840+0530] {processor.py:161} INFO - Started process (PID=73066) to work on /Library/Frameworks/Python.framework/Versions/3.10/lib/python3.10/site-packages/airflow/example_dags/example_complex.py
[2026-04-22T12:27:56.840+0530] {processor.py:830} INFO - Processing file /Library/Frameworks/Python.framework/Versions/3.10/lib/python3.10/site-packages/airflow/example_dags/example_complex.py for tasks to queue
[2026-04-22T12:27:56.841+0530] {logging_mixin.py:188} INFO - [2026-04-22T12:27:56.841+0530] {dagbag.py:545} INFO - Filling up the DagBag from /Library/Frameworks/Python.framework/Versions/3.10/lib/python3.10/site-packages/airflow/example_dags/example_complex.py
[2026-04-22T12:27:56.845+0530] {processor.py:840} INFO - DAG(s) 'example_complex' retrieved from /Library/Frameworks/Python.framework/Versions/3.10/lib/python3.10/site-packages/airflow/example_dags/example_complex.py
[2026-04-22T12:27:56.883+0530] {logging_mixin.py:188} INFO - [2026-04-22T12:27:56.883+0530] {dag.py:3096} INFO - Sync 1 DAGs
[2026-04-22T12:27:56.885+0530] {logging_mixin.py:188} INFO - [2026-04-22T12:27:56.885+0530] {dag.py:3954} INFO - Setting next_dagrun for example_complex to None, run_after=None
[2026-04-22T12:27:56.890+0530] {processor.py:183} INFO - Processing /Library/Frameworks/Python.framework/Versions/3.10/lib/python3.10/site-packages/airflow/example_dags/example_complex.py took 0.051 seconds
[2026-04-22T12:29:51.330+0530] {processor.py:161} INFO - Started process (PID=73274) to work on /Library/Frameworks/Python.framework/Versions/3.10/lib/python3.10/site-packages/airflow/example_dags/example_complex.py
[2026-04-22T12:29:51.330+0530] {processor.py:830} INFO - Processing file /Library/Frameworks/Python.framework/Versions/3.10/lib/python3.10/site-packages/airflow/example_dags/example_complex.py for tasks to queue
[2026-04-22T12:29:51.330+0530] {logging_mixin.py:188} INFO - [2026-04-22T12:29:51.330+0530] {dagbag.py:545} INFO - Filling up the DagBag from /Library/Frameworks/Python.framework/Versions/3.10/lib/python3.10/site-packages/airflow/example_dags/example_complex.py
[2026-04-22T12:29:51.335+0530] {processor.py:840} INFO - DAG(s) 'example_complex' retrieved from /Library/Frameworks/Python.framework/Versions/3.10/lib/python3.10/site-packages/airflow/example_dags/example_complex.py
[2026-04-22T12:29:51.373+0530] {logging_mixin.py:188} INFO - [2026-04-22T12:29:51.373+0530] {dag.py:3096} INFO - Sync 1 DAGs
[2026-04-22T12:29:51.376+0530] {logging_mixin.py:188} INFO - [2026-04-22T12:29:51.376+0530] {dag.py:3954} INFO - Setting next_dagrun for example_complex to None, run_after=None
[2026-04-22T12:29:51.381+0530] {processor.py:183} INFO - Processing /Library/Frameworks/Python.framework/Versions/3.10/lib/python3.10/site-packages/airflow/example_dags/example_complex.py took 0.053 seconds
[2026-04-22T12:31:41.145+0530] {processor.py:161} INFO - Started process (PID=73533) to work on /Library/Frameworks/Python.framework/Versions/3.10/lib/python3.10/site-packages/airflow/example_dags/example_complex.py
[2026-04-22T12:31:41.146+0530] {processor.py:830} INFO - Processing file /Library/Frameworks/Python.framework/Versions/3.10/lib/python3.10/site-packages/airflow/example_dags/example_complex.py for tasks to queue
[2026-04-22T12:31:41.146+0530] {logging_mixin.py:188} INFO - [2026-04-22T12:31:41.146+0530] {dagbag.py:545} INFO - Filling up the DagBag from /Library/Frameworks/Python.framework/Versions/3.10/lib/python3.10/site-packages/airflow/example_dags/example_complex.py
[2026-04-22T12:31:41.150+0530] {processor.py:840} INFO - DAG(s) 'example_complex' retrieved from /Library/Frameworks/Python.framework/Versions/3.10/lib/python3.10/site-packages/airflow/example_dags/example_complex.py
[2026-04-22T12:31:41.186+0530] {logging_mixin.py:188} INFO - [2026-04-22T12:31:41.186+0530] {dag.py:3096} INFO - Sync 1 DAGs
[2026-04-22T12:31:41.189+0530] {logging_mixin.py:188} INFO - [2026-04-22T12:31:41.189+0530] {dag.py:3954} INFO - Setting next_dagrun for example_complex to None, run_after=None
[2026-04-22T12:31:41.194+0530] {processor.py:183} INFO - Processing /Library/Frameworks/Python.framework/Versions/3.10/lib/python3.10/site-packages/airflow/example_dags/example_complex.py took 0.050 seconds
[2026-04-22T12:33:26.230+0530] {processor.py:161} INFO - Started process (PID=73725) to work on /Library/Frameworks/Python.framework/Versions/3.10/lib/python3.10/site-packages/airflow/example_dags/example_complex.py
[2026-04-22T12:33:26.231+0530] {processor.py:830} INFO - Processing file /Library/Frameworks/Python.framework/Versions/3.10/lib/python3.10/site-packages/airflow/example_dags/example_complex.py for tasks to queue
[2026-04-22T12:33:26.231+0530] {logging_mixin.py:188} INFO - [2026-04-22T12:33:26.231+0530] {dagbag.py:545} INFO - Filling up the DagBag from /Library/Frameworks/Python.framework/Versions/3.10/lib/python3.10/site-packages/airflow/example_dags/example_complex.py
[2026-04-22T12:33:26.235+0530] {processor.py:840} INFO - DAG(s) 'example_complex' retrieved from /Library/Frameworks/Python.framework/Versions/3.10/lib/python3.10/site-packages/airflow/example_dags/example_complex.py
[2026-04-22T12:33:26.271+0530] {logging_mixin.py:188} INFO - [2026-04-22T12:33:26.271+0530] {dag.py:3096} INFO - Sync 1 DAGs
[2026-04-22T12:33:26.273+0530] {logging_mixin.py:188} INFO - [2026-04-22T12:33:26.273+0530] {dag.py:3954} INFO - Setting next_dagrun for example_complex to None, run_after=None
[2026-04-22T12:33:26.278+0530] {processor.py:183} INFO - Processing /Library/Frameworks/Python.framework/Versions/3.10/lib/python3.10/site-packages/airflow/example_dags/example_complex.py took 0.049 seconds
[2026-04-22T12:35:11.020+0530] {processor.py:161} INFO - Started process (PID=73853) to work on /Library/Frameworks/Python.framework/Versions/3.10/lib/python3.10/site-packages/airflow/example_dags/example_complex.py
[2026-04-22T12:35:11.021+0530] {processor.py:830} INFO - Processing file /Library/Frameworks/Python.framework/Versions/3.10/lib/python3.10/site-packages/airflow/example_dags/example_complex.py for tasks to queue
[2026-04-22T12:35:11.021+0530] {logging_mixin.py:188} INFO - [2026-04-22T12:35:11.021+0530] {dagbag.py:545} INFO - Filling up the DagBag from /Library/Frameworks/Python.framework/Versions/3.10/lib/python3.10/site-packages/airflow/example_dags/example_complex.py
[2026-04-22T12:35:11.025+0530] {processor.py:840} INFO - DAG(s) 'example_complex' retrieved from /Library/Frameworks/Python.framework/Versions/3.10/lib/python3.10/site-packages/airflow/example_dags/example_complex.py
[2026-04-22T12:35:11.062+0530] {logging_mixin.py:188} INFO - [2026-04-22T12:35:11.062+0530] {dag.py:3096} INFO - Sync 1 DAGs
[2026-04-22T12:35:11.064+0530] {logging_mixin.py:188} INFO - [2026-04-22T12:35:11.064+0530] {dag.py:3954} INFO - Setting next_dagrun for example_complex to None, run_after=None
[2026-04-22T12:35:11.069+0530] {processor.py:183} INFO - Processing /Library/Frameworks/Python.framework/Versions/3.10/lib/python3.10/site-packages/airflow/example_dags/example_complex.py took 0.050 seconds
[2026-04-22T12:36:51.862+0530] {processor.py:161} INFO - Started process (PID=73980) to work on /Library/Frameworks/Python.framework/Versions/3.10/lib/python3.10/site-packages/airflow/example_dags/example_complex.py
[2026-04-22T12:36:51.863+0530] {processor.py:830} INFO - Processing file /Library/Frameworks/Python.framework/Versions/3.10/lib/python3.10/site-packages/airflow/example_dags/example_complex.py for tasks to queue
[2026-04-22T12:36:51.863+0530] {logging_mixin.py:188} INFO - [2026-04-22T12:36:51.863+0530] {dagbag.py:545} INFO - Filling up the DagBag from /Library/Frameworks/Python.framework/Versions/3.10/lib/python3.10/site-packages/airflow/example_dags/example_complex.py
[2026-04-22T12:36:51.867+0530] {processor.py:840} INFO - DAG(s) 'example_complex' retrieved from /Library/Frameworks/Python.framework/Versions/3.10/lib/python3.10/site-packages/airflow/example_dags/example_complex.py
[2026-04-22T12:36:51.903+0530] {logging_mixin.py:188} INFO - [2026-04-22T12:36:51.903+0530] {dag.py:3096} INFO - Sync 1 DAGs
[2026-04-22T12:36:51.906+0530] {logging_mixin.py:188} INFO - [2026-04-22T12:36:51.906+0530] {dag.py:3954} INFO - Setting next_dagrun for example_complex to None, run_after=None
[2026-04-22T12:36:51.911+0530] {processor.py:183} INFO - Processing /Library/Frameworks/Python.framework/Versions/3.10/lib/python3.10/site-packages/airflow/example_dags/example_complex.py took 0.049 seconds
[2026-04-22T12:38:46.380+0530] {processor.py:161} INFO - Started process (PID=74105) to work on /Library/Frameworks/Python.framework/Versions/3.10/lib/python3.10/site-packages/airflow/example_dags/example_complex.py
[2026-04-22T12:38:46.380+0530] {processor.py:830} INFO - Processing file /Library/Frameworks/Python.framework/Versions/3.10/lib/python3.10/site-packages/airflow/example_dags/example_complex.py for tasks to queue
[2026-04-22T12:38:46.381+0530] {logging_mixin.py:188} INFO - [2026-04-22T12:38:46.381+0530] {dagbag.py:545} INFO - Filling up the DagBag from /Library/Frameworks/Python.framework/Versions/3.10/lib/python3.10/site-packages/airflow/example_dags/example_complex.py
[2026-04-22T12:38:46.385+0530] {processor.py:840} INFO - DAG(s) 'example_complex' retrieved from /Library/Frameworks/Python.framework/Versions/3.10/lib/python3.10/site-packages/airflow/example_dags/example_complex.py
[2026-04-22T12:38:46.420+0530] {logging_mixin.py:188} INFO - [2026-04-22T12:38:46.420+0530] {dag.py:3096} INFO - Sync 1 DAGs
[2026-04-22T12:38:46.423+0530] {logging_mixin.py:188} INFO - [2026-04-22T12:38:46.423+0530] {dag.py:3954} INFO - Setting next_dagrun for example_complex to None, run_after=None
[2026-04-22T12:38:46.429+0530] {processor.py:183} INFO - Processing /Library/Frameworks/Python.framework/Versions/3.10/lib/python3.10/site-packages/airflow/example_dags/example_complex.py took 0.050 seconds
[2026-04-22T12:40:46.564+0530] {processor.py:161} INFO - Started process (PID=74251) to work on /Library/Frameworks/Python.framework/Versions/3.10/lib/python3.10/site-packages/airflow/example_dags/example_complex.py
[2026-04-22T12:40:46.565+0530] {processor.py:830} INFO - Processing file /Library/Frameworks/Python.framework/Versions/3.10/lib/python3.10/site-packages/airflow/example_dags/example_complex.py for tasks to queue
[2026-04-22T12:40:46.565+0530] {logging_mixin.py:188} INFO - [2026-04-22T12:40:46.565+0530] {dagbag.py:545} INFO - Filling up the DagBag from /Library/Frameworks/Python.framework/Versions/3.10/lib/python3.10/site-packages/airflow/example_dags/example_complex.py
[2026-04-22T12:40:46.569+0530] {processor.py:840} INFO - DAG(s) 'example_complex' retrieved from /Library/Frameworks/Python.framework/Versions/3.10/lib/python3.10/site-packages/airflow/example_dags/example_complex.py
[2026-04-22T12:40:46.604+0530] {logging_mixin.py:188} INFO - [2026-04-22T12:40:46.604+0530] {dag.py:3096} INFO - Sync 1 DAGs
[2026-04-22T12:40:46.607+0530] {logging_mixin.py:188} INFO - [2026-04-22T12:40:46.607+0530] {dag.py:3954} INFO - Setting next_dagrun for example_complex to None, run_after=None
[2026-04-22T12:40:46.617+0530] {processor.py:183} INFO - Processing /Library/Frameworks/Python.framework/Versions/3.10/lib/python3.10/site-packages/airflow/example_dags/example_complex.py took 0.053 seconds
[2026-04-22T12:42:42.992+0530] {processor.py:161} INFO - Started process (PID=74385) to work on /Library/Frameworks/Python.framework/Versions/3.10/lib/python3.10/site-packages/airflow/example_dags/example_complex.py
[2026-04-22T12:42:42.993+0530] {processor.py:830} INFO - Processing file /Library/Frameworks/Python.framework/Versions/3.10/lib/python3.10/site-packages/airflow/example_dags/example_complex.py for tasks to queue
[2026-04-22T12:42:42.994+0530] {logging_mixin.py:188} INFO - [2026-04-22T12:42:42.994+0530] {dagbag.py:545} INFO - Filling up the DagBag from /Library/Frameworks/Python.framework/Versions/3.10/lib/python3.10/site-packages/airflow/example_dags/example_complex.py
[2026-04-22T12:42:42.998+0530] {processor.py:840} INFO - DAG(s) 'example_complex' retrieved from /Library/Frameworks/Python.framework/Versions/3.10/lib/python3.10/site-packages/airflow/example_dags/example_complex.py
[2026-04-22T12:42:43.035+0530] {logging_mixin.py:188} INFO - [2026-04-22T12:42:43.035+0530] {dag.py:3096} INFO - Sync 1 DAGs
[2026-04-22T12:42:43.037+0530] {logging_mixin.py:188} INFO - [2026-04-22T12:42:43.037+0530] {dag.py:3954} INFO - Setting next_dagrun for example_complex to None, run_after=None
[2026-04-22T12:42:43.042+0530] {processor.py:183} INFO - Processing /Library/Frameworks/Python.framework/Versions/3.10/lib/python3.10/site-packages/airflow/example_dags/example_complex.py took 0.051 seconds
