[2026-04-22T07:23:20.853+0530] {processor.py:161} INFO - Started process (PID=68775) to work on /Library/Frameworks/Python.framework/Versions/3.10/lib/python3.10/site-packages/airflow/example_dags/example_bash_operator.py
[2026-04-22T07:23:20.853+0530] {processor.py:830} INFO - Processing file /Library/Frameworks/Python.framework/Versions/3.10/lib/python3.10/site-packages/airflow/example_dags/example_bash_operator.py for tasks to queue
[2026-04-22T07:23:20.854+0530] {logging_mixin.py:188} INFO - [2026-04-22T07:23:20.854+0530] {dagbag.py:545} INFO - Filling up the DagBag from /Library/Frameworks/Python.framework/Versions/3.10/lib/python3.10/site-packages/airflow/example_dags/example_bash_operator.py
[2026-04-22T07:23:20.858+0530] {processor.py:840} INFO - DAG(s) 'example_bash_operator' retrieved from /Library/Frameworks/Python.framework/Versions/3.10/lib/python3.10/site-packages/airflow/example_dags/example_bash_operator.py
[2026-04-22T07:23:20.891+0530] {logging_mixin.py:188} INFO - [2026-04-22T07:23:20.891+0530] {dag.py:3096} INFO - Sync 1 DAGs
[2026-04-22T07:23:20.895+0530] {logging_mixin.py:188} INFO - [2026-04-22T07:23:20.895+0530] {dag.py:3954} INFO - Setting next_dagrun for example_bash_operator to 2026-04-21 00:00:00+00:00, run_after=2026-04-22 00:00:00+00:00
[2026-04-22T07:23:20.900+0530] {processor.py:183} INFO - Processing /Library/Frameworks/Python.framework/Versions/3.10/lib/python3.10/site-packages/airflow/example_dags/example_bash_operator.py took 0.048 seconds
[2026-04-22T11:47:51.659+0530] {processor.py:161} INFO - Started process (PID=69340) to work on /Library/Frameworks/Python.framework/Versions/3.10/lib/python3.10/site-packages/airflow/example_dags/example_bash_operator.py
[2026-04-22T11:47:51.659+0530] {processor.py:830} INFO - Processing file /Library/Frameworks/Python.framework/Versions/3.10/lib/python3.10/site-packages/airflow/example_dags/example_bash_operator.py for tasks to queue
[2026-04-22T11:47:51.660+0530] {logging_mixin.py:188} INFO - [2026-04-22T11:47:51.660+0530] {dagbag.py:545} INFO - Filling up the DagBag from /Library/Frameworks/Python.framework/Versions/3.10/lib/python3.10/site-packages/airflow/example_dags/example_bash_operator.py
[2026-04-22T11:47:51.664+0530] {processor.py:840} INFO - DAG(s) 'example_bash_operator' retrieved from /Library/Frameworks/Python.framework/Versions/3.10/lib/python3.10/site-packages/airflow/example_dags/example_bash_operator.py
[2026-04-22T11:47:51.700+0530] {logging_mixin.py:188} INFO - [2026-04-22T11:47:51.700+0530] {dag.py:3096} INFO - Sync 1 DAGs
[2026-04-22T11:47:51.705+0530] {logging_mixin.py:188} INFO - [2026-04-22T11:47:51.705+0530] {dag.py:3954} INFO - Setting next_dagrun for example_bash_operator to 2026-04-21 00:00:00+00:00, run_after=2026-04-22 00:00:00+00:00
[2026-04-22T11:47:51.710+0530] {processor.py:183} INFO - Processing /Library/Frameworks/Python.framework/Versions/3.10/lib/python3.10/site-packages/airflow/example_dags/example_bash_operator.py took 0.052 seconds
[2026-04-22T11:48:47.825+0530] {processor.py:161} INFO - Started process (PID=69442) to work on /Library/Frameworks/Python.framework/Versions/3.10/lib/python3.10/site-packages/airflow/example_dags/example_bash_operator.py
[2026-04-22T11:48:47.825+0530] {processor.py:830} INFO - Processing file /Library/Frameworks/Python.framework/Versions/3.10/lib/python3.10/site-packages/airflow/example_dags/example_bash_operator.py for tasks to queue
[2026-04-22T11:48:47.825+0530] {logging_mixin.py:188} INFO - [2026-04-22T11:48:47.825+0530] {dagbag.py:545} INFO - Filling up the DagBag from /Library/Frameworks/Python.framework/Versions/3.10/lib/python3.10/site-packages/airflow/example_dags/example_bash_operator.py
[2026-04-22T11:48:47.829+0530] {processor.py:840} INFO - DAG(s) 'example_bash_operator' retrieved from /Library/Frameworks/Python.framework/Versions/3.10/lib/python3.10/site-packages/airflow/example_dags/example_bash_operator.py
[2026-04-22T11:48:47.864+0530] {logging_mixin.py:188} INFO - [2026-04-22T11:48:47.864+0530] {dag.py:3096} INFO - Sync 1 DAGs
[2026-04-22T11:48:47.868+0530] {logging_mixin.py:188} INFO - [2026-04-22T11:48:47.868+0530] {dag.py:3954} INFO - Setting next_dagrun for example_bash_operator to 2026-04-21 00:00:00+00:00, run_after=2026-04-22 00:00:00+00:00
[2026-04-22T11:48:47.874+0530] {processor.py:183} INFO - Processing /Library/Frameworks/Python.framework/Versions/3.10/lib/python3.10/site-packages/airflow/example_dags/example_bash_operator.py took 0.050 seconds
[2026-04-22T11:49:42.599+0530] {processor.py:161} INFO - Started process (PID=69521) to work on /Library/Frameworks/Python.framework/Versions/3.10/lib/python3.10/site-packages/airflow/example_dags/example_bash_operator.py
[2026-04-22T11:49:42.600+0530] {processor.py:830} INFO - Processing file /Library/Frameworks/Python.framework/Versions/3.10/lib/python3.10/site-packages/airflow/example_dags/example_bash_operator.py for tasks to queue
[2026-04-22T11:49:42.600+0530] {logging_mixin.py:188} INFO - [2026-04-22T11:49:42.600+0530] {dagbag.py:545} INFO - Filling up the DagBag from /Library/Frameworks/Python.framework/Versions/3.10/lib/python3.10/site-packages/airflow/example_dags/example_bash_operator.py
[2026-04-22T11:49:42.605+0530] {processor.py:840} INFO - DAG(s) 'example_bash_operator' retrieved from /Library/Frameworks/Python.framework/Versions/3.10/lib/python3.10/site-packages/airflow/example_dags/example_bash_operator.py
[2026-04-22T11:49:42.639+0530] {logging_mixin.py:188} INFO - [2026-04-22T11:49:42.638+0530] {dag.py:3096} INFO - Sync 1 DAGs
[2026-04-22T11:49:42.643+0530] {logging_mixin.py:188} INFO - [2026-04-22T11:49:42.643+0530] {dag.py:3954} INFO - Setting next_dagrun for example_bash_operator to 2026-04-21 00:00:00+00:00, run_after=2026-04-22 00:00:00+00:00
[2026-04-22T11:49:42.648+0530] {processor.py:183} INFO - Processing /Library/Frameworks/Python.framework/Versions/3.10/lib/python3.10/site-packages/airflow/example_dags/example_bash_operator.py took 0.050 seconds
[2026-04-22T11:50:38.608+0530] {processor.py:161} INFO - Started process (PID=69624) to work on /Library/Frameworks/Python.framework/Versions/3.10/lib/python3.10/site-packages/airflow/example_dags/example_bash_operator.py
[2026-04-22T11:50:38.608+0530] {processor.py:830} INFO - Processing file /Library/Frameworks/Python.framework/Versions/3.10/lib/python3.10/site-packages/airflow/example_dags/example_bash_operator.py for tasks to queue
[2026-04-22T11:50:38.609+0530] {logging_mixin.py:188} INFO - [2026-04-22T11:50:38.609+0530] {dagbag.py:545} INFO - Filling up the DagBag from /Library/Frameworks/Python.framework/Versions/3.10/lib/python3.10/site-packages/airflow/example_dags/example_bash_operator.py
[2026-04-22T11:50:38.613+0530] {processor.py:840} INFO - DAG(s) 'example_bash_operator' retrieved from /Library/Frameworks/Python.framework/Versions/3.10/lib/python3.10/site-packages/airflow/example_dags/example_bash_operator.py
[2026-04-22T11:50:38.648+0530] {logging_mixin.py:188} INFO - [2026-04-22T11:50:38.648+0530] {dag.py:3096} INFO - Sync 1 DAGs
[2026-04-22T11:50:38.652+0530] {logging_mixin.py:188} INFO - [2026-04-22T11:50:38.652+0530] {dag.py:3954} INFO - Setting next_dagrun for example_bash_operator to 2026-04-21 00:00:00+00:00, run_after=2026-04-22 00:00:00+00:00
[2026-04-22T11:50:38.658+0530] {processor.py:183} INFO - Processing /Library/Frameworks/Python.framework/Versions/3.10/lib/python3.10/site-packages/airflow/example_dags/example_bash_operator.py took 0.051 seconds
[2026-04-22T12:12:48.554+0530] {processor.py:161} INFO - Started process (PID=71115) to work on /Library/Frameworks/Python.framework/Versions/3.10/lib/python3.10/site-packages/airflow/example_dags/example_bash_operator.py
[2026-04-22T12:12:48.555+0530] {processor.py:830} INFO - Processing file /Library/Frameworks/Python.framework/Versions/3.10/lib/python3.10/site-packages/airflow/example_dags/example_bash_operator.py for tasks to queue
[2026-04-22T12:12:48.555+0530] {logging_mixin.py:188} INFO - [2026-04-22T12:12:48.555+0530] {dagbag.py:545} INFO - Filling up the DagBag from /Library/Frameworks/Python.framework/Versions/3.10/lib/python3.10/site-packages/airflow/example_dags/example_bash_operator.py
[2026-04-22T12:12:48.559+0530] {processor.py:840} INFO - DAG(s) 'example_bash_operator' retrieved from /Library/Frameworks/Python.framework/Versions/3.10/lib/python3.10/site-packages/airflow/example_dags/example_bash_operator.py
[2026-04-22T12:12:48.593+0530] {logging_mixin.py:188} INFO - [2026-04-22T12:12:48.593+0530] {dag.py:3096} INFO - Sync 1 DAGs
[2026-04-22T12:12:48.598+0530] {logging_mixin.py:188} INFO - [2026-04-22T12:12:48.598+0530] {dag.py:3954} INFO - Setting next_dagrun for example_bash_operator to 2026-04-21 00:00:00+00:00, run_after=2026-04-22 00:00:00+00:00
[2026-04-22T12:12:48.603+0530] {processor.py:183} INFO - Processing /Library/Frameworks/Python.framework/Versions/3.10/lib/python3.10/site-packages/airflow/example_dags/example_bash_operator.py took 0.050 seconds
[2026-04-22T12:19:36.571+0530] {processor.py:161} INFO - Started process (PID=71737) to work on /Library/Frameworks/Python.framework/Versions/3.10/lib/python3.10/site-packages/airflow/example_dags/example_bash_operator.py
[2026-04-22T12:19:36.572+0530] {processor.py:830} INFO - Processing file /Library/Frameworks/Python.framework/Versions/3.10/lib/python3.10/site-packages/airflow/example_dags/example_bash_operator.py for tasks to queue
[2026-04-22T12:19:36.572+0530] {logging_mixin.py:188} INFO - [2026-04-22T12:19:36.572+0530] {dagbag.py:545} INFO - Filling up the DagBag from /Library/Frameworks/Python.framework/Versions/3.10/lib/python3.10/site-packages/airflow/example_dags/example_bash_operator.py
[2026-04-22T12:19:36.576+0530] {processor.py:840} INFO - DAG(s) 'example_bash_operator' retrieved from /Library/Frameworks/Python.framework/Versions/3.10/lib/python3.10/site-packages/airflow/example_dags/example_bash_operator.py
[2026-04-22T12:19:36.613+0530] {logging_mixin.py:188} INFO - [2026-04-22T12:19:36.613+0530] {dag.py:3096} INFO - Sync 1 DAGs
[2026-04-22T12:19:36.618+0530] {logging_mixin.py:188} INFO - [2026-04-22T12:19:36.618+0530] {dag.py:3954} INFO - Setting next_dagrun for example_bash_operator to 2026-04-21 00:00:00+00:00, run_after=2026-04-22 00:00:00+00:00
[2026-04-22T12:19:36.623+0530] {processor.py:183} INFO - Processing /Library/Frameworks/Python.framework/Versions/3.10/lib/python3.10/site-packages/airflow/example_dags/example_bash_operator.py took 0.053 seconds
[2026-04-22T12:21:53.186+0530] {processor.py:161} INFO - Started process (PID=72376) to work on /Library/Frameworks/Python.framework/Versions/3.10/lib/python3.10/site-packages/airflow/example_dags/example_bash_operator.py
[2026-04-22T12:21:53.187+0530] {processor.py:830} INFO - Processing file /Library/Frameworks/Python.framework/Versions/3.10/lib/python3.10/site-packages/airflow/example_dags/example_bash_operator.py for tasks to queue
[2026-04-22T12:21:53.187+0530] {logging_mixin.py:188} INFO - [2026-04-22T12:21:53.187+0530] {dagbag.py:545} INFO - Filling up the DagBag from /Library/Frameworks/Python.framework/Versions/3.10/lib/python3.10/site-packages/airflow/example_dags/example_bash_operator.py
[2026-04-22T12:21:53.191+0530] {processor.py:840} INFO - DAG(s) 'example_bash_operator' retrieved from /Library/Frameworks/Python.framework/Versions/3.10/lib/python3.10/site-packages/airflow/example_dags/example_bash_operator.py
[2026-04-22T12:21:53.225+0530] {logging_mixin.py:188} INFO - [2026-04-22T12:21:53.225+0530] {dag.py:3096} INFO - Sync 1 DAGs
[2026-04-22T12:21:53.229+0530] {logging_mixin.py:188} INFO - [2026-04-22T12:21:53.229+0530] {dag.py:3954} INFO - Setting next_dagrun for example_bash_operator to 2026-04-21 00:00:00+00:00, run_after=2026-04-22 00:00:00+00:00
[2026-04-22T12:21:53.234+0530] {processor.py:183} INFO - Processing /Library/Frameworks/Python.framework/Versions/3.10/lib/python3.10/site-packages/airflow/example_dags/example_bash_operator.py took 0.049 seconds
[2026-04-22T12:23:35.246+0530] {processor.py:161} INFO - Started process (PID=72548) to work on /Library/Frameworks/Python.framework/Versions/3.10/lib/python3.10/site-packages/airflow/example_dags/example_bash_operator.py
[2026-04-22T12:23:35.246+0530] {processor.py:830} INFO - Processing file /Library/Frameworks/Python.framework/Versions/3.10/lib/python3.10/site-packages/airflow/example_dags/example_bash_operator.py for tasks to queue
[2026-04-22T12:23:35.247+0530] {logging_mixin.py:188} INFO - [2026-04-22T12:23:35.247+0530] {dagbag.py:545} INFO - Filling up the DagBag from /Library/Frameworks/Python.framework/Versions/3.10/lib/python3.10/site-packages/airflow/example_dags/example_bash_operator.py
[2026-04-22T12:23:35.251+0530] {processor.py:840} INFO - DAG(s) 'example_bash_operator' retrieved from /Library/Frameworks/Python.framework/Versions/3.10/lib/python3.10/site-packages/airflow/example_dags/example_bash_operator.py
[2026-04-22T12:23:35.285+0530] {logging_mixin.py:188} INFO - [2026-04-22T12:23:35.285+0530] {dag.py:3096} INFO - Sync 1 DAGs
[2026-04-22T12:23:35.290+0530] {logging_mixin.py:188} INFO - [2026-04-22T12:23:35.290+0530] {dag.py:3954} INFO - Setting next_dagrun for example_bash_operator to 2026-04-21 00:00:00+00:00, run_after=2026-04-22 00:00:00+00:00
[2026-04-22T12:23:35.296+0530] {processor.py:183} INFO - Processing /Library/Frameworks/Python.framework/Versions/3.10/lib/python3.10/site-packages/airflow/example_dags/example_bash_operator.py took 0.051 seconds
[2026-04-22T12:25:17.815+0530] {processor.py:161} INFO - Started process (PID=72802) to work on /Library/Frameworks/Python.framework/Versions/3.10/lib/python3.10/site-packages/airflow/example_dags/example_bash_operator.py
[2026-04-22T12:25:17.815+0530] {processor.py:830} INFO - Processing file /Library/Frameworks/Python.framework/Versions/3.10/lib/python3.10/site-packages/airflow/example_dags/example_bash_operator.py for tasks to queue
[2026-04-22T12:25:17.815+0530] {logging_mixin.py:188} INFO - [2026-04-22T12:25:17.815+0530] {dagbag.py:545} INFO - Filling up the DagBag from /Library/Frameworks/Python.framework/Versions/3.10/lib/python3.10/site-packages/airflow/example_dags/example_bash_operator.py
[2026-04-22T12:25:17.820+0530] {processor.py:840} INFO - DAG(s) 'example_bash_operator' retrieved from /Library/Frameworks/Python.framework/Versions/3.10/lib/python3.10/site-packages/airflow/example_dags/example_bash_operator.py
[2026-04-22T12:25:17.855+0530] {logging_mixin.py:188} INFO - [2026-04-22T12:25:17.855+0530] {dag.py:3096} INFO - Sync 1 DAGs
[2026-04-22T12:25:17.860+0530] {logging_mixin.py:188} INFO - [2026-04-22T12:25:17.860+0530] {dag.py:3954} INFO - Setting next_dagrun for example_bash_operator to 2026-04-21 00:00:00+00:00, run_after=2026-04-22 00:00:00+00:00
[2026-04-22T12:25:17.865+0530] {processor.py:183} INFO - Processing /Library/Frameworks/Python.framework/Versions/3.10/lib/python3.10/site-packages/airflow/example_dags/example_bash_operator.py took 0.051 seconds
[2026-04-22T12:27:05.063+0530] {processor.py:161} INFO - Started process (PID=72946) to work on /Library/Frameworks/Python.framework/Versions/3.10/lib/python3.10/site-packages/airflow/example_dags/example_bash_operator.py
[2026-04-22T12:27:05.065+0530] {processor.py:830} INFO - Processing file /Library/Frameworks/Python.framework/Versions/3.10/lib/python3.10/site-packages/airflow/example_dags/example_bash_operator.py for tasks to queue
[2026-04-22T12:27:05.065+0530] {logging_mixin.py:188} INFO - [2026-04-22T12:27:05.065+0530] {dagbag.py:545} INFO - Filling up the DagBag from /Library/Frameworks/Python.framework/Versions/3.10/lib/python3.10/site-packages/airflow/example_dags/example_bash_operator.py
[2026-04-22T12:27:05.069+0530] {processor.py:840} INFO - DAG(s) 'example_bash_operator' retrieved from /Library/Frameworks/Python.framework/Versions/3.10/lib/python3.10/site-packages/airflow/example_dags/example_bash_operator.py
[2026-04-22T12:27:05.105+0530] {logging_mixin.py:188} INFO - [2026-04-22T12:27:05.105+0530] {dag.py:3096} INFO - Sync 1 DAGs
[2026-04-22T12:27:05.110+0530] {logging_mixin.py:188} INFO - [2026-04-22T12:27:05.110+0530] {dag.py:3954} INFO - Setting next_dagrun for example_bash_operator to 2026-04-21 00:00:00+00:00, run_after=2026-04-22 00:00:00+00:00
[2026-04-22T12:27:05.116+0530] {processor.py:183} INFO - Processing /Library/Frameworks/Python.framework/Versions/3.10/lib/python3.10/site-packages/airflow/example_dags/example_bash_operator.py took 0.053 seconds
[2026-04-22T12:28:59.545+0530] {processor.py:161} INFO - Started process (PID=73167) to work on /Library/Frameworks/Python.framework/Versions/3.10/lib/python3.10/site-packages/airflow/example_dags/example_bash_operator.py
[2026-04-22T12:28:59.546+0530] {processor.py:830} INFO - Processing file /Library/Frameworks/Python.framework/Versions/3.10/lib/python3.10/site-packages/airflow/example_dags/example_bash_operator.py for tasks to queue
[2026-04-22T12:28:59.546+0530] {logging_mixin.py:188} INFO - [2026-04-22T12:28:59.546+0530] {dagbag.py:545} INFO - Filling up the DagBag from /Library/Frameworks/Python.framework/Versions/3.10/lib/python3.10/site-packages/airflow/example_dags/example_bash_operator.py
[2026-04-22T12:28:59.550+0530] {processor.py:840} INFO - DAG(s) 'example_bash_operator' retrieved from /Library/Frameworks/Python.framework/Versions/3.10/lib/python3.10/site-packages/airflow/example_dags/example_bash_operator.py
[2026-04-22T12:28:59.584+0530] {logging_mixin.py:188} INFO - [2026-04-22T12:28:59.584+0530] {dag.py:3096} INFO - Sync 1 DAGs
[2026-04-22T12:28:59.588+0530] {logging_mixin.py:188} INFO - [2026-04-22T12:28:59.588+0530] {dag.py:3954} INFO - Setting next_dagrun for example_bash_operator to 2026-04-21 00:00:00+00:00, run_after=2026-04-22 00:00:00+00:00
[2026-04-22T12:28:59.593+0530] {processor.py:183} INFO - Processing /Library/Frameworks/Python.framework/Versions/3.10/lib/python3.10/site-packages/airflow/example_dags/example_bash_operator.py took 0.049 seconds
[2026-04-22T12:30:47.624+0530] {processor.py:161} INFO - Started process (PID=73427) to work on /Library/Frameworks/Python.framework/Versions/3.10/lib/python3.10/site-packages/airflow/example_dags/example_bash_operator.py
[2026-04-22T12:30:47.624+0530] {processor.py:830} INFO - Processing file /Library/Frameworks/Python.framework/Versions/3.10/lib/python3.10/site-packages/airflow/example_dags/example_bash_operator.py for tasks to queue
[2026-04-22T12:30:47.624+0530] {logging_mixin.py:188} INFO - [2026-04-22T12:30:47.624+0530] {dagbag.py:545} INFO - Filling up the DagBag from /Library/Frameworks/Python.framework/Versions/3.10/lib/python3.10/site-packages/airflow/example_dags/example_bash_operator.py
[2026-04-22T12:30:47.628+0530] {processor.py:840} INFO - DAG(s) 'example_bash_operator' retrieved from /Library/Frameworks/Python.framework/Versions/3.10/lib/python3.10/site-packages/airflow/example_dags/example_bash_operator.py
[2026-04-22T12:30:47.663+0530] {logging_mixin.py:188} INFO - [2026-04-22T12:30:47.663+0530] {dag.py:3096} INFO - Sync 1 DAGs
[2026-04-22T12:30:47.668+0530] {logging_mixin.py:188} INFO - [2026-04-22T12:30:47.668+0530] {dag.py:3954} INFO - Setting next_dagrun for example_bash_operator to 2026-04-21 00:00:00+00:00, run_after=2026-04-22 00:00:00+00:00
[2026-04-22T12:30:47.673+0530] {processor.py:183} INFO - Processing /Library/Frameworks/Python.framework/Versions/3.10/lib/python3.10/site-packages/airflow/example_dags/example_bash_operator.py took 0.051 seconds
[2026-04-22T12:32:35.946+0530] {processor.py:161} INFO - Started process (PID=73639) to work on /Library/Frameworks/Python.framework/Versions/3.10/lib/python3.10/site-packages/airflow/example_dags/example_bash_operator.py
[2026-04-22T12:32:35.946+0530] {processor.py:830} INFO - Processing file /Library/Frameworks/Python.framework/Versions/3.10/lib/python3.10/site-packages/airflow/example_dags/example_bash_operator.py for tasks to queue
[2026-04-22T12:32:35.947+0530] {logging_mixin.py:188} INFO - [2026-04-22T12:32:35.947+0530] {dagbag.py:545} INFO - Filling up the DagBag from /Library/Frameworks/Python.framework/Versions/3.10/lib/python3.10/site-packages/airflow/example_dags/example_bash_operator.py
[2026-04-22T12:32:35.951+0530] {processor.py:840} INFO - DAG(s) 'example_bash_operator' retrieved from /Library/Frameworks/Python.framework/Versions/3.10/lib/python3.10/site-packages/airflow/example_dags/example_bash_operator.py
[2026-04-22T12:32:35.985+0530] {logging_mixin.py:188} INFO - [2026-04-22T12:32:35.985+0530] {dag.py:3096} INFO - Sync 1 DAGs
[2026-04-22T12:32:35.990+0530] {logging_mixin.py:188} INFO - [2026-04-22T12:32:35.990+0530] {dag.py:3954} INFO - Setting next_dagrun for example_bash_operator to 2026-04-21 00:00:00+00:00, run_after=2026-04-22 00:00:00+00:00
[2026-04-22T12:32:35.995+0530] {processor.py:183} INFO - Processing /Library/Frameworks/Python.framework/Versions/3.10/lib/python3.10/site-packages/airflow/example_dags/example_bash_operator.py took 0.050 seconds
[2026-04-22T12:34:19.229+0530] {processor.py:161} INFO - Started process (PID=73786) to work on /Library/Frameworks/Python.framework/Versions/3.10/lib/python3.10/site-packages/airflow/example_dags/example_bash_operator.py
[2026-04-22T12:34:19.230+0530] {processor.py:830} INFO - Processing file /Library/Frameworks/Python.framework/Versions/3.10/lib/python3.10/site-packages/airflow/example_dags/example_bash_operator.py for tasks to queue
[2026-04-22T12:34:19.230+0530] {logging_mixin.py:188} INFO - [2026-04-22T12:34:19.230+0530] {dagbag.py:545} INFO - Filling up the DagBag from /Library/Frameworks/Python.framework/Versions/3.10/lib/python3.10/site-packages/airflow/example_dags/example_bash_operator.py
[2026-04-22T12:34:19.234+0530] {processor.py:840} INFO - DAG(s) 'example_bash_operator' retrieved from /Library/Frameworks/Python.framework/Versions/3.10/lib/python3.10/site-packages/airflow/example_dags/example_bash_operator.py
[2026-04-22T12:34:19.268+0530] {logging_mixin.py:188} INFO - [2026-04-22T12:34:19.268+0530] {dag.py:3096} INFO - Sync 1 DAGs
[2026-04-22T12:34:19.273+0530] {logging_mixin.py:188} INFO - [2026-04-22T12:34:19.273+0530] {dag.py:3954} INFO - Setting next_dagrun for example_bash_operator to 2026-04-21 00:00:00+00:00, run_after=2026-04-22 00:00:00+00:00
[2026-04-22T12:34:19.278+0530] {processor.py:183} INFO - Processing /Library/Frameworks/Python.framework/Versions/3.10/lib/python3.10/site-packages/airflow/example_dags/example_bash_operator.py took 0.050 seconds
[2026-04-22T12:36:04.290+0530] {processor.py:161} INFO - Started process (PID=73925) to work on /Library/Frameworks/Python.framework/Versions/3.10/lib/python3.10/site-packages/airflow/example_dags/example_bash_operator.py
[2026-04-22T12:36:04.291+0530] {processor.py:830} INFO - Processing file /Library/Frameworks/Python.framework/Versions/3.10/lib/python3.10/site-packages/airflow/example_dags/example_bash_operator.py for tasks to queue
[2026-04-22T12:36:04.291+0530] {logging_mixin.py:188} INFO - [2026-04-22T12:36:04.291+0530] {dagbag.py:545} INFO - Filling up the DagBag from /Library/Frameworks/Python.framework/Versions/3.10/lib/python3.10/site-packages/airflow/example_dags/example_bash_operator.py
[2026-04-22T12:36:04.295+0530] {processor.py:840} INFO - DAG(s) 'example_bash_operator' retrieved from /Library/Frameworks/Python.framework/Versions/3.10/lib/python3.10/site-packages/airflow/example_dags/example_bash_operator.py
[2026-04-22T12:36:04.335+0530] {logging_mixin.py:188} INFO - [2026-04-22T12:36:04.334+0530] {dag.py:3096} INFO - Sync 1 DAGs
[2026-04-22T12:36:04.340+0530] {logging_mixin.py:188} INFO - [2026-04-22T12:36:04.340+0530] {dag.py:3954} INFO - Setting next_dagrun for example_bash_operator to 2026-04-21 00:00:00+00:00, run_after=2026-04-22 00:00:00+00:00
[2026-04-22T12:36:04.345+0530] {processor.py:183} INFO - Processing /Library/Frameworks/Python.framework/Versions/3.10/lib/python3.10/site-packages/airflow/example_dags/example_bash_operator.py took 0.056 seconds
[2026-04-22T12:37:49.162+0530] {processor.py:161} INFO - Started process (PID=74043) to work on /Library/Frameworks/Python.framework/Versions/3.10/lib/python3.10/site-packages/airflow/example_dags/example_bash_operator.py
[2026-04-22T12:37:49.163+0530] {processor.py:830} INFO - Processing file /Library/Frameworks/Python.framework/Versions/3.10/lib/python3.10/site-packages/airflow/example_dags/example_bash_operator.py for tasks to queue
[2026-04-22T12:37:49.163+0530] {logging_mixin.py:188} INFO - [2026-04-22T12:37:49.163+0530] {dagbag.py:545} INFO - Filling up the DagBag from /Library/Frameworks/Python.framework/Versions/3.10/lib/python3.10/site-packages/airflow/example_dags/example_bash_operator.py
[2026-04-22T12:37:49.168+0530] {processor.py:840} INFO - DAG(s) 'example_bash_operator' retrieved from /Library/Frameworks/Python.framework/Versions/3.10/lib/python3.10/site-packages/airflow/example_dags/example_bash_operator.py
[2026-04-22T12:37:49.202+0530] {logging_mixin.py:188} INFO - [2026-04-22T12:37:49.202+0530] {dag.py:3096} INFO - Sync 1 DAGs
[2026-04-22T12:37:49.206+0530] {logging_mixin.py:188} INFO - [2026-04-22T12:37:49.206+0530] {dag.py:3954} INFO - Setting next_dagrun for example_bash_operator to 2026-04-21 00:00:00+00:00, run_after=2026-04-22 00:00:00+00:00
[2026-04-22T12:37:49.211+0530] {processor.py:183} INFO - Processing /Library/Frameworks/Python.framework/Versions/3.10/lib/python3.10/site-packages/airflow/example_dags/example_bash_operator.py took 0.051 seconds
[2026-04-22T12:39:49.695+0530] {processor.py:161} INFO - Started process (PID=74180) to work on /Library/Frameworks/Python.framework/Versions/3.10/lib/python3.10/site-packages/airflow/example_dags/example_bash_operator.py
[2026-04-22T12:39:49.696+0530] {processor.py:830} INFO - Processing file /Library/Frameworks/Python.framework/Versions/3.10/lib/python3.10/site-packages/airflow/example_dags/example_bash_operator.py for tasks to queue
[2026-04-22T12:39:49.696+0530] {logging_mixin.py:188} INFO - [2026-04-22T12:39:49.696+0530] {dagbag.py:545} INFO - Filling up the DagBag from /Library/Frameworks/Python.framework/Versions/3.10/lib/python3.10/site-packages/airflow/example_dags/example_bash_operator.py
[2026-04-22T12:39:49.700+0530] {processor.py:840} INFO - DAG(s) 'example_bash_operator' retrieved from /Library/Frameworks/Python.framework/Versions/3.10/lib/python3.10/site-packages/airflow/example_dags/example_bash_operator.py
[2026-04-22T12:39:49.738+0530] {logging_mixin.py:188} INFO - [2026-04-22T12:39:49.738+0530] {dag.py:3096} INFO - Sync 1 DAGs
[2026-04-22T12:39:49.742+0530] {logging_mixin.py:188} INFO - [2026-04-22T12:39:49.742+0530] {dag.py:3954} INFO - Setting next_dagrun for example_bash_operator to 2026-04-21 00:00:00+00:00, run_after=2026-04-22 00:00:00+00:00
[2026-04-22T12:39:49.748+0530] {processor.py:183} INFO - Processing /Library/Frameworks/Python.framework/Versions/3.10/lib/python3.10/site-packages/airflow/example_dags/example_bash_operator.py took 0.053 seconds
[2026-04-22T12:41:50.789+0530] {processor.py:161} INFO - Started process (PID=74330) to work on /Library/Frameworks/Python.framework/Versions/3.10/lib/python3.10/site-packages/airflow/example_dags/example_bash_operator.py
[2026-04-22T12:41:50.790+0530] {processor.py:830} INFO - Processing file /Library/Frameworks/Python.framework/Versions/3.10/lib/python3.10/site-packages/airflow/example_dags/example_bash_operator.py for tasks to queue
[2026-04-22T12:41:50.790+0530] {logging_mixin.py:188} INFO - [2026-04-22T12:41:50.790+0530] {dagbag.py:545} INFO - Filling up the DagBag from /Library/Frameworks/Python.framework/Versions/3.10/lib/python3.10/site-packages/airflow/example_dags/example_bash_operator.py
[2026-04-22T12:41:50.794+0530] {processor.py:840} INFO - DAG(s) 'example_bash_operator' retrieved from /Library/Frameworks/Python.framework/Versions/3.10/lib/python3.10/site-packages/airflow/example_dags/example_bash_operator.py
[2026-04-22T12:41:50.831+0530] {logging_mixin.py:188} INFO - [2026-04-22T12:41:50.831+0530] {dag.py:3096} INFO - Sync 1 DAGs
[2026-04-22T12:41:50.836+0530] {logging_mixin.py:188} INFO - [2026-04-22T12:41:50.836+0530] {dag.py:3954} INFO - Setting next_dagrun for example_bash_operator to 2026-04-21 00:00:00+00:00, run_after=2026-04-22 00:00:00+00:00
[2026-04-22T12:41:50.841+0530] {processor.py:183} INFO - Processing /Library/Frameworks/Python.framework/Versions/3.10/lib/python3.10/site-packages/airflow/example_dags/example_bash_operator.py took 0.053 seconds
