[2026-04-22T07:22:16.902+0530] {processor.py:161} INFO - Started process (PID=68754) to work on /Library/Frameworks/Python.framework/Versions/3.10/lib/python3.10/site-packages/airflow/example_dags/example_latest_only.py
[2026-04-22T07:22:16.902+0530] {processor.py:830} INFO - Processing file /Library/Frameworks/Python.framework/Versions/3.10/lib/python3.10/site-packages/airflow/example_dags/example_latest_only.py for tasks to queue
[2026-04-22T07:22:16.903+0530] {logging_mixin.py:188} INFO - [2026-04-22T07:22:16.902+0530] {dagbag.py:545} INFO - Filling up the DagBag from /Library/Frameworks/Python.framework/Versions/3.10/lib/python3.10/site-packages/airflow/example_dags/example_latest_only.py
[2026-04-22T07:22:16.905+0530] {processor.py:840} INFO - DAG(s) 'latest_only' retrieved from /Library/Frameworks/Python.framework/Versions/3.10/lib/python3.10/site-packages/airflow/example_dags/example_latest_only.py
[2026-04-22T07:22:16.939+0530] {logging_mixin.py:188} INFO - [2026-04-22T07:22:16.939+0530] {dag.py:3096} INFO - Sync 1 DAGs
[2026-04-22T07:22:16.944+0530] {logging_mixin.py:188} INFO - [2026-04-22T07:22:16.944+0530] {dag.py:3954} INFO - Setting next_dagrun for latest_only to 2026-04-21 20:00:00+00:00, run_after=2026-04-22 00:00:00+00:00
[2026-04-22T07:22:16.949+0530] {processor.py:183} INFO - Processing /Library/Frameworks/Python.framework/Versions/3.10/lib/python3.10/site-packages/airflow/example_dags/example_latest_only.py took 0.048 seconds
[2026-04-22T11:47:37.407+0530] {processor.py:161} INFO - Started process (PID=69320) to work on /Library/Frameworks/Python.framework/Versions/3.10/lib/python3.10/site-packages/airflow/example_dags/example_latest_only.py
[2026-04-22T11:47:37.408+0530] {processor.py:830} INFO - Processing file /Library/Frameworks/Python.framework/Versions/3.10/lib/python3.10/site-packages/airflow/example_dags/example_latest_only.py for tasks to queue
[2026-04-22T11:47:37.408+0530] {logging_mixin.py:188} INFO - [2026-04-22T11:47:37.408+0530] {dagbag.py:545} INFO - Filling up the DagBag from /Library/Frameworks/Python.framework/Versions/3.10/lib/python3.10/site-packages/airflow/example_dags/example_latest_only.py
[2026-04-22T11:47:37.411+0530] {processor.py:840} INFO - DAG(s) 'latest_only' retrieved from /Library/Frameworks/Python.framework/Versions/3.10/lib/python3.10/site-packages/airflow/example_dags/example_latest_only.py
[2026-04-22T11:47:37.442+0530] {logging_mixin.py:188} INFO - [2026-04-22T11:47:37.442+0530] {dag.py:3096} INFO - Sync 1 DAGs
[2026-04-22T11:47:37.446+0530] {logging_mixin.py:188} INFO - [2026-04-22T11:47:37.446+0530] {dag.py:3954} INFO - Setting next_dagrun for latest_only to 2026-04-22 00:00:00+00:00, run_after=2026-04-22 04:00:00+00:00
[2026-04-22T11:47:37.451+0530] {processor.py:183} INFO - Processing /Library/Frameworks/Python.framework/Versions/3.10/lib/python3.10/site-packages/airflow/example_dags/example_latest_only.py took 0.045 seconds
[2026-04-22T11:48:26.165+0530] {processor.py:161} INFO - Started process (PID=69405) to work on /Library/Frameworks/Python.framework/Versions/3.10/lib/python3.10/site-packages/airflow/example_dags/example_latest_only.py
[2026-04-22T11:48:26.165+0530] {processor.py:830} INFO - Processing file /Library/Frameworks/Python.framework/Versions/3.10/lib/python3.10/site-packages/airflow/example_dags/example_latest_only.py for tasks to queue
[2026-04-22T11:48:26.165+0530] {logging_mixin.py:188} INFO - [2026-04-22T11:48:26.165+0530] {dagbag.py:545} INFO - Filling up the DagBag from /Library/Frameworks/Python.framework/Versions/3.10/lib/python3.10/site-packages/airflow/example_dags/example_latest_only.py
[2026-04-22T11:48:26.168+0530] {processor.py:840} INFO - DAG(s) 'latest_only' retrieved from /Library/Frameworks/Python.framework/Versions/3.10/lib/python3.10/site-packages/airflow/example_dags/example_latest_only.py
[2026-04-22T11:48:26.201+0530] {logging_mixin.py:188} INFO - [2026-04-22T11:48:26.201+0530] {dag.py:3096} INFO - Sync 1 DAGs
[2026-04-22T11:48:26.205+0530] {logging_mixin.py:188} INFO - [2026-04-22T11:48:26.205+0530] {dag.py:3954} INFO - Setting next_dagrun for latest_only to 2026-04-22 00:00:00+00:00, run_after=2026-04-22 04:00:00+00:00
[2026-04-22T11:48:26.211+0530] {processor.py:183} INFO - Processing /Library/Frameworks/Python.framework/Versions/3.10/lib/python3.10/site-packages/airflow/example_dags/example_latest_only.py took 0.047 seconds
[2026-04-22T11:49:21.925+0530] {processor.py:161} INFO - Started process (PID=69491) to work on /Library/Frameworks/Python.framework/Versions/3.10/lib/python3.10/site-packages/airflow/example_dags/example_latest_only.py
[2026-04-22T11:49:21.926+0530] {processor.py:830} INFO - Processing file /Library/Frameworks/Python.framework/Versions/3.10/lib/python3.10/site-packages/airflow/example_dags/example_latest_only.py for tasks to queue
[2026-04-22T11:49:21.926+0530] {logging_mixin.py:188} INFO - [2026-04-22T11:49:21.926+0530] {dagbag.py:545} INFO - Filling up the DagBag from /Library/Frameworks/Python.framework/Versions/3.10/lib/python3.10/site-packages/airflow/example_dags/example_latest_only.py
[2026-04-22T11:49:21.929+0530] {processor.py:840} INFO - DAG(s) 'latest_only' retrieved from /Library/Frameworks/Python.framework/Versions/3.10/lib/python3.10/site-packages/airflow/example_dags/example_latest_only.py
[2026-04-22T11:49:21.962+0530] {logging_mixin.py:188} INFO - [2026-04-22T11:49:21.961+0530] {dag.py:3096} INFO - Sync 1 DAGs
[2026-04-22T11:49:21.966+0530] {logging_mixin.py:188} INFO - [2026-04-22T11:49:21.966+0530] {dag.py:3954} INFO - Setting next_dagrun for latest_only to 2026-04-22 00:00:00+00:00, run_after=2026-04-22 04:00:00+00:00
[2026-04-22T11:49:21.972+0530] {processor.py:183} INFO - Processing /Library/Frameworks/Python.framework/Versions/3.10/lib/python3.10/site-packages/airflow/example_dags/example_latest_only.py took 0.048 seconds
[2026-04-22T11:50:17.456+0530] {processor.py:161} INFO - Started process (PID=69587) to work on /Library/Frameworks/Python.framework/Versions/3.10/lib/python3.10/site-packages/airflow/example_dags/example_latest_only.py
[2026-04-22T11:50:17.457+0530] {processor.py:830} INFO - Processing file /Library/Frameworks/Python.framework/Versions/3.10/lib/python3.10/site-packages/airflow/example_dags/example_latest_only.py for tasks to queue
[2026-04-22T11:50:17.457+0530] {logging_mixin.py:188} INFO - [2026-04-22T11:50:17.457+0530] {dagbag.py:545} INFO - Filling up the DagBag from /Library/Frameworks/Python.framework/Versions/3.10/lib/python3.10/site-packages/airflow/example_dags/example_latest_only.py
[2026-04-22T11:50:17.460+0530] {processor.py:840} INFO - DAG(s) 'latest_only' retrieved from /Library/Frameworks/Python.framework/Versions/3.10/lib/python3.10/site-packages/airflow/example_dags/example_latest_only.py
[2026-04-22T11:50:17.492+0530] {logging_mixin.py:188} INFO - [2026-04-22T11:50:17.492+0530] {dag.py:3096} INFO - Sync 1 DAGs
[2026-04-22T11:50:17.497+0530] {logging_mixin.py:188} INFO - [2026-04-22T11:50:17.497+0530] {dag.py:3954} INFO - Setting next_dagrun for latest_only to 2026-04-22 00:00:00+00:00, run_after=2026-04-22 04:00:00+00:00
[2026-04-22T11:50:17.502+0530] {processor.py:183} INFO - Processing /Library/Frameworks/Python.framework/Versions/3.10/lib/python3.10/site-packages/airflow/example_dags/example_latest_only.py took 0.046 seconds
[2026-04-22T12:11:36.161+0530] {processor.py:161} INFO - Started process (PID=71026) to work on /Library/Frameworks/Python.framework/Versions/3.10/lib/python3.10/site-packages/airflow/example_dags/example_latest_only.py
[2026-04-22T12:11:36.162+0530] {processor.py:830} INFO - Processing file /Library/Frameworks/Python.framework/Versions/3.10/lib/python3.10/site-packages/airflow/example_dags/example_latest_only.py for tasks to queue
[2026-04-22T12:11:36.162+0530] {logging_mixin.py:188} INFO - [2026-04-22T12:11:36.162+0530] {dagbag.py:545} INFO - Filling up the DagBag from /Library/Frameworks/Python.framework/Versions/3.10/lib/python3.10/site-packages/airflow/example_dags/example_latest_only.py
[2026-04-22T12:11:36.165+0530] {processor.py:840} INFO - DAG(s) 'latest_only' retrieved from /Library/Frameworks/Python.framework/Versions/3.10/lib/python3.10/site-packages/airflow/example_dags/example_latest_only.py
[2026-04-22T12:11:36.197+0530] {logging_mixin.py:188} INFO - [2026-04-22T12:11:36.197+0530] {dag.py:3096} INFO - Sync 1 DAGs
[2026-04-22T12:11:36.201+0530] {logging_mixin.py:188} INFO - [2026-04-22T12:11:36.201+0530] {dag.py:3954} INFO - Setting next_dagrun for latest_only to 2026-04-22 00:00:00+00:00, run_after=2026-04-22 04:00:00+00:00
[2026-04-22T12:11:36.206+0530] {processor.py:183} INFO - Processing /Library/Frameworks/Python.framework/Versions/3.10/lib/python3.10/site-packages/airflow/example_dags/example_latest_only.py took 0.046 seconds
[2026-04-22T12:16:23.164+0530] {processor.py:161} INFO - Started process (PID=71359) to work on /Library/Frameworks/Python.framework/Versions/3.10/lib/python3.10/site-packages/airflow/example_dags/example_latest_only.py
[2026-04-22T12:16:23.165+0530] {processor.py:830} INFO - Processing file /Library/Frameworks/Python.framework/Versions/3.10/lib/python3.10/site-packages/airflow/example_dags/example_latest_only.py for tasks to queue
[2026-04-22T12:16:23.165+0530] {logging_mixin.py:188} INFO - [2026-04-22T12:16:23.165+0530] {dagbag.py:545} INFO - Filling up the DagBag from /Library/Frameworks/Python.framework/Versions/3.10/lib/python3.10/site-packages/airflow/example_dags/example_latest_only.py
[2026-04-22T12:16:23.169+0530] {processor.py:840} INFO - DAG(s) 'latest_only' retrieved from /Library/Frameworks/Python.framework/Versions/3.10/lib/python3.10/site-packages/airflow/example_dags/example_latest_only.py
[2026-04-22T12:16:23.209+0530] {logging_mixin.py:188} INFO - [2026-04-22T12:16:23.209+0530] {dag.py:3096} INFO - Sync 1 DAGs
[2026-04-22T12:16:23.214+0530] {logging_mixin.py:188} INFO - [2026-04-22T12:16:23.213+0530] {dag.py:3954} INFO - Setting next_dagrun for latest_only to 2026-04-22 00:00:00+00:00, run_after=2026-04-22 04:00:00+00:00
[2026-04-22T12:16:23.219+0530] {processor.py:183} INFO - Processing /Library/Frameworks/Python.framework/Versions/3.10/lib/python3.10/site-packages/airflow/example_dags/example_latest_only.py took 0.056 seconds
[2026-04-22T12:19:20.517+0530] {processor.py:161} INFO - Started process (PID=71612) to work on /Library/Frameworks/Python.framework/Versions/3.10/lib/python3.10/site-packages/airflow/example_dags/example_latest_only.py
[2026-04-22T12:19:20.518+0530] {processor.py:830} INFO - Processing file /Library/Frameworks/Python.framework/Versions/3.10/lib/python3.10/site-packages/airflow/example_dags/example_latest_only.py for tasks to queue
[2026-04-22T12:19:20.518+0530] {logging_mixin.py:188} INFO - [2026-04-22T12:19:20.518+0530] {dagbag.py:545} INFO - Filling up the DagBag from /Library/Frameworks/Python.framework/Versions/3.10/lib/python3.10/site-packages/airflow/example_dags/example_latest_only.py
[2026-04-22T12:19:20.521+0530] {processor.py:840} INFO - DAG(s) 'latest_only' retrieved from /Library/Frameworks/Python.framework/Versions/3.10/lib/python3.10/site-packages/airflow/example_dags/example_latest_only.py
[2026-04-22T12:19:20.555+0530] {logging_mixin.py:188} INFO - [2026-04-22T12:19:20.555+0530] {dag.py:3096} INFO - Sync 1 DAGs
[2026-04-22T12:19:20.560+0530] {logging_mixin.py:188} INFO - [2026-04-22T12:19:20.560+0530] {dag.py:3954} INFO - Setting next_dagrun for latest_only to 2026-04-22 00:00:00+00:00, run_after=2026-04-22 04:00:00+00:00
[2026-04-22T12:19:20.566+0530] {processor.py:183} INFO - Processing /Library/Frameworks/Python.framework/Versions/3.10/lib/python3.10/site-packages/airflow/example_dags/example_latest_only.py took 0.050 seconds
[2026-04-22T12:21:37.363+0530] {processor.py:161} INFO - Started process (PID=72342) to work on /Library/Frameworks/Python.framework/Versions/3.10/lib/python3.10/site-packages/airflow/example_dags/example_latest_only.py
[2026-04-22T12:21:37.364+0530] {processor.py:830} INFO - Processing file /Library/Frameworks/Python.framework/Versions/3.10/lib/python3.10/site-packages/airflow/example_dags/example_latest_only.py for tasks to queue
[2026-04-22T12:21:37.364+0530] {logging_mixin.py:188} INFO - [2026-04-22T12:21:37.364+0530] {dagbag.py:545} INFO - Filling up the DagBag from /Library/Frameworks/Python.framework/Versions/3.10/lib/python3.10/site-packages/airflow/example_dags/example_latest_only.py
[2026-04-22T12:21:37.367+0530] {processor.py:840} INFO - DAG(s) 'latest_only' retrieved from /Library/Frameworks/Python.framework/Versions/3.10/lib/python3.10/site-packages/airflow/example_dags/example_latest_only.py
[2026-04-22T12:21:37.398+0530] {logging_mixin.py:188} INFO - [2026-04-22T12:21:37.398+0530] {dag.py:3096} INFO - Sync 1 DAGs
[2026-04-22T12:21:37.403+0530] {logging_mixin.py:188} INFO - [2026-04-22T12:21:37.403+0530] {dag.py:3954} INFO - Setting next_dagrun for latest_only to 2026-04-22 00:00:00+00:00, run_after=2026-04-22 04:00:00+00:00
[2026-04-22T12:21:37.408+0530] {processor.py:183} INFO - Processing /Library/Frameworks/Python.framework/Versions/3.10/lib/python3.10/site-packages/airflow/example_dags/example_latest_only.py took 0.046 seconds
[2026-04-22T12:23:18.312+0530] {processor.py:161} INFO - Started process (PID=72532) to work on /Library/Frameworks/Python.framework/Versions/3.10/lib/python3.10/site-packages/airflow/example_dags/example_latest_only.py
[2026-04-22T12:23:18.312+0530] {processor.py:830} INFO - Processing file /Library/Frameworks/Python.framework/Versions/3.10/lib/python3.10/site-packages/airflow/example_dags/example_latest_only.py for tasks to queue
[2026-04-22T12:23:18.312+0530] {logging_mixin.py:188} INFO - [2026-04-22T12:23:18.312+0530] {dagbag.py:545} INFO - Filling up the DagBag from /Library/Frameworks/Python.framework/Versions/3.10/lib/python3.10/site-packages/airflow/example_dags/example_latest_only.py
[2026-04-22T12:23:18.315+0530] {processor.py:840} INFO - DAG(s) 'latest_only' retrieved from /Library/Frameworks/Python.framework/Versions/3.10/lib/python3.10/site-packages/airflow/example_dags/example_latest_only.py
[2026-04-22T12:23:18.348+0530] {logging_mixin.py:188} INFO - [2026-04-22T12:23:18.347+0530] {dag.py:3096} INFO - Sync 1 DAGs
[2026-04-22T12:23:18.352+0530] {logging_mixin.py:188} INFO - [2026-04-22T12:23:18.352+0530] {dag.py:3954} INFO - Setting next_dagrun for latest_only to 2026-04-22 00:00:00+00:00, run_after=2026-04-22 04:00:00+00:00
[2026-04-22T12:23:18.357+0530] {processor.py:183} INFO - Processing /Library/Frameworks/Python.framework/Versions/3.10/lib/python3.10/site-packages/airflow/example_dags/example_latest_only.py took 0.046 seconds
[2026-04-22T12:25:01.750+0530] {processor.py:161} INFO - Started process (PID=72769) to work on /Library/Frameworks/Python.framework/Versions/3.10/lib/python3.10/site-packages/airflow/example_dags/example_latest_only.py
[2026-04-22T12:25:01.751+0530] {processor.py:830} INFO - Processing file /Library/Frameworks/Python.framework/Versions/3.10/lib/python3.10/site-packages/airflow/example_dags/example_latest_only.py for tasks to queue
[2026-04-22T12:25:01.751+0530] {logging_mixin.py:188} INFO - [2026-04-22T12:25:01.751+0530] {dagbag.py:545} INFO - Filling up the DagBag from /Library/Frameworks/Python.framework/Versions/3.10/lib/python3.10/site-packages/airflow/example_dags/example_latest_only.py
[2026-04-22T12:25:01.754+0530] {processor.py:840} INFO - DAG(s) 'latest_only' retrieved from /Library/Frameworks/Python.framework/Versions/3.10/lib/python3.10/site-packages/airflow/example_dags/example_latest_only.py
[2026-04-22T12:25:01.788+0530] {logging_mixin.py:188} INFO - [2026-04-22T12:25:01.788+0530] {dag.py:3096} INFO - Sync 1 DAGs
[2026-04-22T12:25:01.793+0530] {logging_mixin.py:188} INFO - [2026-04-22T12:25:01.793+0530] {dag.py:3954} INFO - Setting next_dagrun for latest_only to 2026-04-22 00:00:00+00:00, run_after=2026-04-22 04:00:00+00:00
[2026-04-22T12:25:01.799+0530] {processor.py:183} INFO - Processing /Library/Frameworks/Python.framework/Versions/3.10/lib/python3.10/site-packages/airflow/example_dags/example_latest_only.py took 0.049 seconds
[2026-04-22T12:26:49.361+0530] {processor.py:161} INFO - Started process (PID=72922) to work on /Library/Frameworks/Python.framework/Versions/3.10/lib/python3.10/site-packages/airflow/example_dags/example_latest_only.py
[2026-04-22T12:26:49.362+0530] {processor.py:830} INFO - Processing file /Library/Frameworks/Python.framework/Versions/3.10/lib/python3.10/site-packages/airflow/example_dags/example_latest_only.py for tasks to queue
[2026-04-22T12:26:49.362+0530] {logging_mixin.py:188} INFO - [2026-04-22T12:26:49.362+0530] {dagbag.py:545} INFO - Filling up the DagBag from /Library/Frameworks/Python.framework/Versions/3.10/lib/python3.10/site-packages/airflow/example_dags/example_latest_only.py
[2026-04-22T12:26:49.365+0530] {processor.py:840} INFO - DAG(s) 'latest_only' retrieved from /Library/Frameworks/Python.framework/Versions/3.10/lib/python3.10/site-packages/airflow/example_dags/example_latest_only.py
[2026-04-22T12:26:49.397+0530] {logging_mixin.py:188} INFO - [2026-04-22T12:26:49.397+0530] {dag.py:3096} INFO - Sync 1 DAGs
[2026-04-22T12:26:49.402+0530] {logging_mixin.py:188} INFO - [2026-04-22T12:26:49.402+0530] {dag.py:3954} INFO - Setting next_dagrun for latest_only to 2026-04-22 00:00:00+00:00, run_after=2026-04-22 04:00:00+00:00
[2026-04-22T12:26:49.407+0530] {processor.py:183} INFO - Processing /Library/Frameworks/Python.framework/Versions/3.10/lib/python3.10/site-packages/airflow/example_dags/example_latest_only.py took 0.047 seconds
[2026-04-22T12:28:43.094+0530] {processor.py:161} INFO - Started process (PID=73151) to work on /Library/Frameworks/Python.framework/Versions/3.10/lib/python3.10/site-packages/airflow/example_dags/example_latest_only.py
[2026-04-22T12:28:43.095+0530] {processor.py:830} INFO - Processing file /Library/Frameworks/Python.framework/Versions/3.10/lib/python3.10/site-packages/airflow/example_dags/example_latest_only.py for tasks to queue
[2026-04-22T12:28:43.095+0530] {logging_mixin.py:188} INFO - [2026-04-22T12:28:43.095+0530] {dagbag.py:545} INFO - Filling up the DagBag from /Library/Frameworks/Python.framework/Versions/3.10/lib/python3.10/site-packages/airflow/example_dags/example_latest_only.py
[2026-04-22T12:28:43.097+0530] {processor.py:840} INFO - DAG(s) 'latest_only' retrieved from /Library/Frameworks/Python.framework/Versions/3.10/lib/python3.10/site-packages/airflow/example_dags/example_latest_only.py
[2026-04-22T12:28:43.130+0530] {logging_mixin.py:188} INFO - [2026-04-22T12:28:43.130+0530] {dag.py:3096} INFO - Sync 1 DAGs
[2026-04-22T12:28:43.135+0530] {logging_mixin.py:188} INFO - [2026-04-22T12:28:43.135+0530] {dag.py:3954} INFO - Setting next_dagrun for latest_only to 2026-04-22 00:00:00+00:00, run_after=2026-04-22 04:00:00+00:00
[2026-04-22T12:28:43.141+0530] {processor.py:183} INFO - Processing /Library/Frameworks/Python.framework/Versions/3.10/lib/python3.10/site-packages/airflow/example_dags/example_latest_only.py took 0.047 seconds
[2026-04-22T12:30:30.300+0530] {processor.py:161} INFO - Started process (PID=73382) to work on /Library/Frameworks/Python.framework/Versions/3.10/lib/python3.10/site-packages/airflow/example_dags/example_latest_only.py
[2026-04-22T12:30:30.301+0530] {processor.py:830} INFO - Processing file /Library/Frameworks/Python.framework/Versions/3.10/lib/python3.10/site-packages/airflow/example_dags/example_latest_only.py for tasks to queue
[2026-04-22T12:30:30.301+0530] {logging_mixin.py:188} INFO - [2026-04-22T12:30:30.301+0530] {dagbag.py:545} INFO - Filling up the DagBag from /Library/Frameworks/Python.framework/Versions/3.10/lib/python3.10/site-packages/airflow/example_dags/example_latest_only.py
[2026-04-22T12:30:30.304+0530] {processor.py:840} INFO - DAG(s) 'latest_only' retrieved from /Library/Frameworks/Python.framework/Versions/3.10/lib/python3.10/site-packages/airflow/example_dags/example_latest_only.py
[2026-04-22T12:30:30.336+0530] {logging_mixin.py:188} INFO - [2026-04-22T12:30:30.336+0530] {dag.py:3096} INFO - Sync 1 DAGs
[2026-04-22T12:30:30.342+0530] {logging_mixin.py:188} INFO - [2026-04-22T12:30:30.342+0530] {dag.py:3954} INFO - Setting next_dagrun for latest_only to 2026-04-22 00:00:00+00:00, run_after=2026-04-22 04:00:00+00:00
[2026-04-22T12:30:30.347+0530] {processor.py:183} INFO - Processing /Library/Frameworks/Python.framework/Versions/3.10/lib/python3.10/site-packages/airflow/example_dags/example_latest_only.py took 0.048 seconds
[2026-04-22T12:32:20.060+0530] {processor.py:161} INFO - Started process (PID=73606) to work on /Library/Frameworks/Python.framework/Versions/3.10/lib/python3.10/site-packages/airflow/example_dags/example_latest_only.py
[2026-04-22T12:32:20.061+0530] {processor.py:830} INFO - Processing file /Library/Frameworks/Python.framework/Versions/3.10/lib/python3.10/site-packages/airflow/example_dags/example_latest_only.py for tasks to queue
[2026-04-22T12:32:20.061+0530] {logging_mixin.py:188} INFO - [2026-04-22T12:32:20.061+0530] {dagbag.py:545} INFO - Filling up the DagBag from /Library/Frameworks/Python.framework/Versions/3.10/lib/python3.10/site-packages/airflow/example_dags/example_latest_only.py
[2026-04-22T12:32:20.064+0530] {processor.py:840} INFO - DAG(s) 'latest_only' retrieved from /Library/Frameworks/Python.framework/Versions/3.10/lib/python3.10/site-packages/airflow/example_dags/example_latest_only.py
[2026-04-22T12:32:20.097+0530] {logging_mixin.py:188} INFO - [2026-04-22T12:32:20.097+0530] {dag.py:3096} INFO - Sync 1 DAGs
[2026-04-22T12:32:20.101+0530] {logging_mixin.py:188} INFO - [2026-04-22T12:32:20.101+0530] {dag.py:3954} INFO - Setting next_dagrun for latest_only to 2026-04-22 00:00:00+00:00, run_after=2026-04-22 04:00:00+00:00
[2026-04-22T12:32:20.107+0530] {processor.py:183} INFO - Processing /Library/Frameworks/Python.framework/Versions/3.10/lib/python3.10/site-packages/airflow/example_dags/example_latest_only.py took 0.048 seconds
[2026-04-22T12:34:03.441+0530] {processor.py:161} INFO - Started process (PID=73765) to work on /Library/Frameworks/Python.framework/Versions/3.10/lib/python3.10/site-packages/airflow/example_dags/example_latest_only.py
[2026-04-22T12:34:03.441+0530] {processor.py:830} INFO - Processing file /Library/Frameworks/Python.framework/Versions/3.10/lib/python3.10/site-packages/airflow/example_dags/example_latest_only.py for tasks to queue
[2026-04-22T12:34:03.442+0530] {logging_mixin.py:188} INFO - [2026-04-22T12:34:03.442+0530] {dagbag.py:545} INFO - Filling up the DagBag from /Library/Frameworks/Python.framework/Versions/3.10/lib/python3.10/site-packages/airflow/example_dags/example_latest_only.py
[2026-04-22T12:34:03.444+0530] {processor.py:840} INFO - DAG(s) 'latest_only' retrieved from /Library/Frameworks/Python.framework/Versions/3.10/lib/python3.10/site-packages/airflow/example_dags/example_latest_only.py
[2026-04-22T12:34:03.476+0530] {logging_mixin.py:188} INFO - [2026-04-22T12:34:03.476+0530] {dag.py:3096} INFO - Sync 1 DAGs
[2026-04-22T12:34:03.481+0530] {logging_mixin.py:188} INFO - [2026-04-22T12:34:03.481+0530] {dag.py:3954} INFO - Setting next_dagrun for latest_only to 2026-04-22 00:00:00+00:00, run_after=2026-04-22 04:00:00+00:00
[2026-04-22T12:34:03.486+0530] {processor.py:183} INFO - Processing /Library/Frameworks/Python.framework/Versions/3.10/lib/python3.10/site-packages/airflow/example_dags/example_latest_only.py took 0.046 seconds
[2026-04-22T12:35:48.141+0530] {processor.py:161} INFO - Started process (PID=73902) to work on /Library/Frameworks/Python.framework/Versions/3.10/lib/python3.10/site-packages/airflow/example_dags/example_latest_only.py
[2026-04-22T12:35:48.141+0530] {processor.py:830} INFO - Processing file /Library/Frameworks/Python.framework/Versions/3.10/lib/python3.10/site-packages/airflow/example_dags/example_latest_only.py for tasks to queue
[2026-04-22T12:35:48.142+0530] {logging_mixin.py:188} INFO - [2026-04-22T12:35:48.142+0530] {dagbag.py:545} INFO - Filling up the DagBag from /Library/Frameworks/Python.framework/Versions/3.10/lib/python3.10/site-packages/airflow/example_dags/example_latest_only.py
[2026-04-22T12:35:48.144+0530] {processor.py:840} INFO - DAG(s) 'latest_only' retrieved from /Library/Frameworks/Python.framework/Versions/3.10/lib/python3.10/site-packages/airflow/example_dags/example_latest_only.py
[2026-04-22T12:35:48.176+0530] {logging_mixin.py:188} INFO - [2026-04-22T12:35:48.176+0530] {dag.py:3096} INFO - Sync 1 DAGs
[2026-04-22T12:35:48.180+0530] {logging_mixin.py:188} INFO - [2026-04-22T12:35:48.180+0530] {dag.py:3954} INFO - Setting next_dagrun for latest_only to 2026-04-22 00:00:00+00:00, run_after=2026-04-22 04:00:00+00:00
[2026-04-22T12:35:48.185+0530] {processor.py:183} INFO - Processing /Library/Frameworks/Python.framework/Versions/3.10/lib/python3.10/site-packages/airflow/example_dags/example_latest_only.py took 0.045 seconds
[2026-04-22T12:37:32.248+0530] {processor.py:161} INFO - Started process (PID=74027) to work on /Library/Frameworks/Python.framework/Versions/3.10/lib/python3.10/site-packages/airflow/example_dags/example_latest_only.py
[2026-04-22T12:37:32.249+0530] {processor.py:830} INFO - Processing file /Library/Frameworks/Python.framework/Versions/3.10/lib/python3.10/site-packages/airflow/example_dags/example_latest_only.py for tasks to queue
[2026-04-22T12:37:32.249+0530] {logging_mixin.py:188} INFO - [2026-04-22T12:37:32.249+0530] {dagbag.py:545} INFO - Filling up the DagBag from /Library/Frameworks/Python.framework/Versions/3.10/lib/python3.10/site-packages/airflow/example_dags/example_latest_only.py
[2026-04-22T12:37:32.252+0530] {processor.py:840} INFO - DAG(s) 'latest_only' retrieved from /Library/Frameworks/Python.framework/Versions/3.10/lib/python3.10/site-packages/airflow/example_dags/example_latest_only.py
[2026-04-22T12:37:32.284+0530] {logging_mixin.py:188} INFO - [2026-04-22T12:37:32.284+0530] {dag.py:3096} INFO - Sync 1 DAGs
[2026-04-22T12:37:32.289+0530] {logging_mixin.py:188} INFO - [2026-04-22T12:37:32.289+0530] {dag.py:3954} INFO - Setting next_dagrun for latest_only to 2026-04-22 00:00:00+00:00, run_after=2026-04-22 04:00:00+00:00
[2026-04-22T12:37:32.294+0530] {processor.py:183} INFO - Processing /Library/Frameworks/Python.framework/Versions/3.10/lib/python3.10/site-packages/airflow/example_dags/example_latest_only.py took 0.046 seconds
[2026-04-22T12:39:32.621+0530] {processor.py:161} INFO - Started process (PID=74156) to work on /Library/Frameworks/Python.framework/Versions/3.10/lib/python3.10/site-packages/airflow/example_dags/example_latest_only.py
[2026-04-22T12:39:32.622+0530] {processor.py:830} INFO - Processing file /Library/Frameworks/Python.framework/Versions/3.10/lib/python3.10/site-packages/airflow/example_dags/example_latest_only.py for tasks to queue
[2026-04-22T12:39:32.622+0530] {logging_mixin.py:188} INFO - [2026-04-22T12:39:32.622+0530] {dagbag.py:545} INFO - Filling up the DagBag from /Library/Frameworks/Python.framework/Versions/3.10/lib/python3.10/site-packages/airflow/example_dags/example_latest_only.py
[2026-04-22T12:39:32.625+0530] {processor.py:840} INFO - DAG(s) 'latest_only' retrieved from /Library/Frameworks/Python.framework/Versions/3.10/lib/python3.10/site-packages/airflow/example_dags/example_latest_only.py
[2026-04-22T12:39:32.658+0530] {logging_mixin.py:188} INFO - [2026-04-22T12:39:32.657+0530] {dag.py:3096} INFO - Sync 1 DAGs
[2026-04-22T12:39:32.662+0530] {logging_mixin.py:188} INFO - [2026-04-22T12:39:32.662+0530] {dag.py:3954} INFO - Setting next_dagrun for latest_only to 2026-04-22 00:00:00+00:00, run_after=2026-04-22 04:00:00+00:00
[2026-04-22T12:39:32.667+0530] {processor.py:183} INFO - Processing /Library/Frameworks/Python.framework/Versions/3.10/lib/python3.10/site-packages/airflow/example_dags/example_latest_only.py took 0.046 seconds
[2026-04-22T12:41:33.360+0530] {processor.py:161} INFO - Started process (PID=74304) to work on /Library/Frameworks/Python.framework/Versions/3.10/lib/python3.10/site-packages/airflow/example_dags/example_latest_only.py
[2026-04-22T12:41:33.360+0530] {processor.py:830} INFO - Processing file /Library/Frameworks/Python.framework/Versions/3.10/lib/python3.10/site-packages/airflow/example_dags/example_latest_only.py for tasks to queue
[2026-04-22T12:41:33.360+0530] {logging_mixin.py:188} INFO - [2026-04-22T12:41:33.360+0530] {dagbag.py:545} INFO - Filling up the DagBag from /Library/Frameworks/Python.framework/Versions/3.10/lib/python3.10/site-packages/airflow/example_dags/example_latest_only.py
[2026-04-22T12:41:33.363+0530] {processor.py:840} INFO - DAG(s) 'latest_only' retrieved from /Library/Frameworks/Python.framework/Versions/3.10/lib/python3.10/site-packages/airflow/example_dags/example_latest_only.py
[2026-04-22T12:41:33.395+0530] {logging_mixin.py:188} INFO - [2026-04-22T12:41:33.394+0530] {dag.py:3096} INFO - Sync 1 DAGs
[2026-04-22T12:41:33.399+0530] {logging_mixin.py:188} INFO - [2026-04-22T12:41:33.399+0530] {dag.py:3954} INFO - Setting next_dagrun for latest_only to 2026-04-22 00:00:00+00:00, run_after=2026-04-22 04:00:00+00:00
[2026-04-22T12:41:33.404+0530] {processor.py:183} INFO - Processing /Library/Frameworks/Python.framework/Versions/3.10/lib/python3.10/site-packages/airflow/example_dags/example_latest_only.py took 0.045 seconds
