[2026-04-22T07:22:50.263+0530] {processor.py:161} INFO - Started process (PID=68766) to work on /Library/Frameworks/Python.framework/Versions/3.10/lib/python3.10/site-packages/airflow/example_dags/example_branch_python_dop_operator_3.py
[2026-04-22T07:22:50.263+0530] {processor.py:830} INFO - Processing file /Library/Frameworks/Python.framework/Versions/3.10/lib/python3.10/site-packages/airflow/example_dags/example_branch_python_dop_operator_3.py for tasks to queue
[2026-04-22T07:22:50.264+0530] {logging_mixin.py:188} INFO - [2026-04-22T07:22:50.264+0530] {dagbag.py:545} INFO - Filling up the DagBag from /Library/Frameworks/Python.framework/Versions/3.10/lib/python3.10/site-packages/airflow/example_dags/example_branch_python_dop_operator_3.py
[2026-04-22T07:22:50.278+0530] {processor.py:840} INFO - DAG(s) 'example_branch_dop_operator_v3' retrieved from /Library/Frameworks/Python.framework/Versions/3.10/lib/python3.10/site-packages/airflow/example_dags/example_branch_python_dop_operator_3.py
[2026-04-22T07:22:50.315+0530] {logging_mixin.py:188} INFO - [2026-04-22T07:22:50.314+0530] {dag.py:3096} INFO - Sync 1 DAGs
[2026-04-22T07:22:50.323+0530] {logging_mixin.py:188} INFO - [2026-04-22T07:22:50.323+0530] {dag.py:3954} INFO - Setting next_dagrun for example_branch_dop_operator_v3 to 2026-04-22 01:51:00+00:00, run_after=2026-04-22 01:52:00+00:00
[2026-04-22T07:22:50.329+0530] {processor.py:183} INFO - Processing /Library/Frameworks/Python.framework/Versions/3.10/lib/python3.10/site-packages/airflow/example_dags/example_branch_python_dop_operator_3.py took 0.067 seconds
[2026-04-22T11:47:45.589+0530] {processor.py:161} INFO - Started process (PID=69333) to work on /Library/Frameworks/Python.framework/Versions/3.10/lib/python3.10/site-packages/airflow/example_dags/example_branch_python_dop_operator_3.py
[2026-04-22T11:47:45.590+0530] {processor.py:830} INFO - Processing file /Library/Frameworks/Python.framework/Versions/3.10/lib/python3.10/site-packages/airflow/example_dags/example_branch_python_dop_operator_3.py for tasks to queue
[2026-04-22T11:47:45.590+0530] {logging_mixin.py:188} INFO - [2026-04-22T11:47:45.590+0530] {dagbag.py:545} INFO - Filling up the DagBag from /Library/Frameworks/Python.framework/Versions/3.10/lib/python3.10/site-packages/airflow/example_dags/example_branch_python_dop_operator_3.py
[2026-04-22T11:47:45.602+0530] {processor.py:840} INFO - DAG(s) 'example_branch_dop_operator_v3' retrieved from /Library/Frameworks/Python.framework/Versions/3.10/lib/python3.10/site-packages/airflow/example_dags/example_branch_python_dop_operator_3.py
[2026-04-22T11:47:45.634+0530] {logging_mixin.py:188} INFO - [2026-04-22T11:47:45.634+0530] {dag.py:3096} INFO - Sync 1 DAGs
[2026-04-22T11:47:45.640+0530] {logging_mixin.py:188} INFO - [2026-04-22T11:47:45.640+0530] {dag.py:3954} INFO - Setting next_dagrun for example_branch_dop_operator_v3 to 2026-04-22 06:16:00+00:00, run_after=2026-04-22 06:17:00+00:00
[2026-04-22T11:47:45.645+0530] {processor.py:183} INFO - Processing /Library/Frameworks/Python.framework/Versions/3.10/lib/python3.10/site-packages/airflow/example_dags/example_branch_python_dop_operator_3.py took 0.058 seconds
[2026-04-22T11:48:42.086+0530] {processor.py:161} INFO - Started process (PID=69432) to work on /Library/Frameworks/Python.framework/Versions/3.10/lib/python3.10/site-packages/airflow/example_dags/example_branch_python_dop_operator_3.py
[2026-04-22T11:48:42.087+0530] {processor.py:830} INFO - Processing file /Library/Frameworks/Python.framework/Versions/3.10/lib/python3.10/site-packages/airflow/example_dags/example_branch_python_dop_operator_3.py for tasks to queue
[2026-04-22T11:48:42.087+0530] {logging_mixin.py:188} INFO - [2026-04-22T11:48:42.087+0530] {dagbag.py:545} INFO - Filling up the DagBag from /Library/Frameworks/Python.framework/Versions/3.10/lib/python3.10/site-packages/airflow/example_dags/example_branch_python_dop_operator_3.py
[2026-04-22T11:48:42.100+0530] {processor.py:840} INFO - DAG(s) 'example_branch_dop_operator_v3' retrieved from /Library/Frameworks/Python.framework/Versions/3.10/lib/python3.10/site-packages/airflow/example_dags/example_branch_python_dop_operator_3.py
[2026-04-22T11:48:42.133+0530] {logging_mixin.py:188} INFO - [2026-04-22T11:48:42.133+0530] {dag.py:3096} INFO - Sync 1 DAGs
[2026-04-22T11:48:42.139+0530] {logging_mixin.py:188} INFO - [2026-04-22T11:48:42.139+0530] {dag.py:3954} INFO - Setting next_dagrun for example_branch_dop_operator_v3 to 2026-04-22 06:17:00+00:00, run_after=2026-04-22 06:18:00+00:00
[2026-04-22T11:48:42.145+0530] {processor.py:183} INFO - Processing /Library/Frameworks/Python.framework/Versions/3.10/lib/python3.10/site-packages/airflow/example_dags/example_branch_python_dop_operator_3.py took 0.060 seconds
[2026-04-22T11:49:36.696+0530] {processor.py:161} INFO - Started process (PID=69514) to work on /Library/Frameworks/Python.framework/Versions/3.10/lib/python3.10/site-packages/airflow/example_dags/example_branch_python_dop_operator_3.py
[2026-04-22T11:49:36.697+0530] {processor.py:830} INFO - Processing file /Library/Frameworks/Python.framework/Versions/3.10/lib/python3.10/site-packages/airflow/example_dags/example_branch_python_dop_operator_3.py for tasks to queue
[2026-04-22T11:49:36.698+0530] {logging_mixin.py:188} INFO - [2026-04-22T11:49:36.697+0530] {dagbag.py:545} INFO - Filling up the DagBag from /Library/Frameworks/Python.framework/Versions/3.10/lib/python3.10/site-packages/airflow/example_dags/example_branch_python_dop_operator_3.py
[2026-04-22T11:49:36.710+0530] {processor.py:840} INFO - DAG(s) 'example_branch_dop_operator_v3' retrieved from /Library/Frameworks/Python.framework/Versions/3.10/lib/python3.10/site-packages/airflow/example_dags/example_branch_python_dop_operator_3.py
[2026-04-22T11:49:36.741+0530] {logging_mixin.py:188} INFO - [2026-04-22T11:49:36.741+0530] {dag.py:3096} INFO - Sync 1 DAGs
[2026-04-22T11:49:36.747+0530] {logging_mixin.py:188} INFO - [2026-04-22T11:49:36.747+0530] {dag.py:3954} INFO - Setting next_dagrun for example_branch_dop_operator_v3 to 2026-04-22 06:18:00+00:00, run_after=2026-04-22 06:19:00+00:00
[2026-04-22T11:49:36.752+0530] {processor.py:183} INFO - Processing /Library/Frameworks/Python.framework/Versions/3.10/lib/python3.10/site-packages/airflow/example_dags/example_branch_python_dop_operator_3.py took 0.057 seconds
[2026-04-22T11:50:32.498+0530] {processor.py:161} INFO - Started process (PID=69615) to work on /Library/Frameworks/Python.framework/Versions/3.10/lib/python3.10/site-packages/airflow/example_dags/example_branch_python_dop_operator_3.py
[2026-04-22T11:50:32.498+0530] {processor.py:830} INFO - Processing file /Library/Frameworks/Python.framework/Versions/3.10/lib/python3.10/site-packages/airflow/example_dags/example_branch_python_dop_operator_3.py for tasks to queue
[2026-04-22T11:50:32.499+0530] {logging_mixin.py:188} INFO - [2026-04-22T11:50:32.499+0530] {dagbag.py:545} INFO - Filling up the DagBag from /Library/Frameworks/Python.framework/Versions/3.10/lib/python3.10/site-packages/airflow/example_dags/example_branch_python_dop_operator_3.py
[2026-04-22T11:50:32.511+0530] {processor.py:840} INFO - DAG(s) 'example_branch_dop_operator_v3' retrieved from /Library/Frameworks/Python.framework/Versions/3.10/lib/python3.10/site-packages/airflow/example_dags/example_branch_python_dop_operator_3.py
[2026-04-22T11:50:32.544+0530] {logging_mixin.py:188} INFO - [2026-04-22T11:50:32.543+0530] {dag.py:3096} INFO - Sync 1 DAGs
[2026-04-22T11:50:32.550+0530] {logging_mixin.py:188} INFO - [2026-04-22T11:50:32.550+0530] {dag.py:3954} INFO - Setting next_dagrun for example_branch_dop_operator_v3 to 2026-04-22 06:19:00+00:00, run_after=2026-04-22 06:20:00+00:00
[2026-04-22T11:50:32.555+0530] {processor.py:183} INFO - Processing /Library/Frameworks/Python.framework/Versions/3.10/lib/python3.10/site-packages/airflow/example_dags/example_branch_python_dop_operator_3.py took 0.058 seconds
[2026-04-22T12:12:15.833+0530] {processor.py:161} INFO - Started process (PID=71076) to work on /Library/Frameworks/Python.framework/Versions/3.10/lib/python3.10/site-packages/airflow/example_dags/example_branch_python_dop_operator_3.py
[2026-04-22T12:12:15.834+0530] {processor.py:830} INFO - Processing file /Library/Frameworks/Python.framework/Versions/3.10/lib/python3.10/site-packages/airflow/example_dags/example_branch_python_dop_operator_3.py for tasks to queue
[2026-04-22T12:12:15.835+0530] {logging_mixin.py:188} INFO - [2026-04-22T12:12:15.835+0530] {dagbag.py:545} INFO - Filling up the DagBag from /Library/Frameworks/Python.framework/Versions/3.10/lib/python3.10/site-packages/airflow/example_dags/example_branch_python_dop_operator_3.py
[2026-04-22T12:12:15.847+0530] {processor.py:840} INFO - DAG(s) 'example_branch_dop_operator_v3' retrieved from /Library/Frameworks/Python.framework/Versions/3.10/lib/python3.10/site-packages/airflow/example_dags/example_branch_python_dop_operator_3.py
[2026-04-22T12:12:15.878+0530] {logging_mixin.py:188} INFO - [2026-04-22T12:12:15.878+0530] {dag.py:3096} INFO - Sync 1 DAGs
[2026-04-22T12:12:15.884+0530] {logging_mixin.py:188} INFO - [2026-04-22T12:12:15.884+0530] {dag.py:3954} INFO - Setting next_dagrun for example_branch_dop_operator_v3 to 2026-04-22 06:41:00+00:00, run_after=2026-04-22 06:42:00+00:00
[2026-04-22T12:12:15.889+0530] {processor.py:183} INFO - Processing /Library/Frameworks/Python.framework/Versions/3.10/lib/python3.10/site-packages/airflow/example_dags/example_branch_python_dop_operator_3.py took 0.057 seconds
[2026-04-22T12:17:09.333+0530] {processor.py:161} INFO - Started process (PID=71416) to work on /Library/Frameworks/Python.framework/Versions/3.10/lib/python3.10/site-packages/airflow/example_dags/example_branch_python_dop_operator_3.py
[2026-04-22T12:17:09.334+0530] {processor.py:830} INFO - Processing file /Library/Frameworks/Python.framework/Versions/3.10/lib/python3.10/site-packages/airflow/example_dags/example_branch_python_dop_operator_3.py for tasks to queue
[2026-04-22T12:17:09.334+0530] {logging_mixin.py:188} INFO - [2026-04-22T12:17:09.334+0530] {dagbag.py:545} INFO - Filling up the DagBag from /Library/Frameworks/Python.framework/Versions/3.10/lib/python3.10/site-packages/airflow/example_dags/example_branch_python_dop_operator_3.py
[2026-04-22T12:17:09.346+0530] {processor.py:840} INFO - DAG(s) 'example_branch_dop_operator_v3' retrieved from /Library/Frameworks/Python.framework/Versions/3.10/lib/python3.10/site-packages/airflow/example_dags/example_branch_python_dop_operator_3.py
[2026-04-22T12:17:09.377+0530] {logging_mixin.py:188} INFO - [2026-04-22T12:17:09.377+0530] {dag.py:3096} INFO - Sync 1 DAGs
[2026-04-22T12:17:09.383+0530] {logging_mixin.py:188} INFO - [2026-04-22T12:17:09.383+0530] {dag.py:3954} INFO - Setting next_dagrun for example_branch_dop_operator_v3 to 2026-04-22 06:46:00+00:00, run_after=2026-04-22 06:47:00+00:00
[2026-04-22T12:17:09.388+0530] {processor.py:183} INFO - Processing /Library/Frameworks/Python.framework/Versions/3.10/lib/python3.10/site-packages/airflow/example_dags/example_branch_python_dop_operator_3.py took 0.057 seconds
[2026-04-22T12:20:56.749+0530] {processor.py:161} INFO - Started process (PID=72254) to work on /Library/Frameworks/Python.framework/Versions/3.10/lib/python3.10/site-packages/airflow/example_dags/example_branch_python_dop_operator_3.py
[2026-04-22T12:20:56.750+0530] {processor.py:830} INFO - Processing file /Library/Frameworks/Python.framework/Versions/3.10/lib/python3.10/site-packages/airflow/example_dags/example_branch_python_dop_operator_3.py for tasks to queue
[2026-04-22T12:20:56.750+0530] {logging_mixin.py:188} INFO - [2026-04-22T12:20:56.750+0530] {dagbag.py:545} INFO - Filling up the DagBag from /Library/Frameworks/Python.framework/Versions/3.10/lib/python3.10/site-packages/airflow/example_dags/example_branch_python_dop_operator_3.py
[2026-04-22T12:20:56.763+0530] {processor.py:840} INFO - DAG(s) 'example_branch_dop_operator_v3' retrieved from /Library/Frameworks/Python.framework/Versions/3.10/lib/python3.10/site-packages/airflow/example_dags/example_branch_python_dop_operator_3.py
[2026-04-22T12:20:56.797+0530] {logging_mixin.py:188} INFO - [2026-04-22T12:20:56.797+0530] {dag.py:3096} INFO - Sync 1 DAGs
[2026-04-22T12:20:56.803+0530] {logging_mixin.py:188} INFO - [2026-04-22T12:20:56.803+0530] {dag.py:3954} INFO - Setting next_dagrun for example_branch_dop_operator_v3 to 2026-04-22 06:49:00+00:00, run_after=2026-04-22 06:50:00+00:00
[2026-04-22T12:20:56.809+0530] {processor.py:183} INFO - Processing /Library/Frameworks/Python.framework/Versions/3.10/lib/python3.10/site-packages/airflow/example_dags/example_branch_python_dop_operator_3.py took 0.061 seconds
[2026-04-22T12:22:43.396+0530] {processor.py:161} INFO - Started process (PID=72476) to work on /Library/Frameworks/Python.framework/Versions/3.10/lib/python3.10/site-packages/airflow/example_dags/example_branch_python_dop_operator_3.py
[2026-04-22T12:22:43.397+0530] {processor.py:830} INFO - Processing file /Library/Frameworks/Python.framework/Versions/3.10/lib/python3.10/site-packages/airflow/example_dags/example_branch_python_dop_operator_3.py for tasks to queue
[2026-04-22T12:22:43.397+0530] {logging_mixin.py:188} INFO - [2026-04-22T12:22:43.397+0530] {dagbag.py:545} INFO - Filling up the DagBag from /Library/Frameworks/Python.framework/Versions/3.10/lib/python3.10/site-packages/airflow/example_dags/example_branch_python_dop_operator_3.py
[2026-04-22T12:22:43.412+0530] {processor.py:840} INFO - DAG(s) 'example_branch_dop_operator_v3' retrieved from /Library/Frameworks/Python.framework/Versions/3.10/lib/python3.10/site-packages/airflow/example_dags/example_branch_python_dop_operator_3.py
[2026-04-22T12:22:43.443+0530] {logging_mixin.py:188} INFO - [2026-04-22T12:22:43.443+0530] {dag.py:3096} INFO - Sync 1 DAGs
[2026-04-22T12:22:43.449+0530] {logging_mixin.py:188} INFO - [2026-04-22T12:22:43.449+0530] {dag.py:3954} INFO - Setting next_dagrun for example_branch_dop_operator_v3 to 2026-04-22 06:51:00+00:00, run_after=2026-04-22 06:52:00+00:00
[2026-04-22T12:22:43.454+0530] {processor.py:183} INFO - Processing /Library/Frameworks/Python.framework/Versions/3.10/lib/python3.10/site-packages/airflow/example_dags/example_branch_python_dop_operator_3.py took 0.059 seconds
[2026-04-22T12:24:25.793+0530] {processor.py:161} INFO - Started process (PID=72600) to work on /Library/Frameworks/Python.framework/Versions/3.10/lib/python3.10/site-packages/airflow/example_dags/example_branch_python_dop_operator_3.py
[2026-04-22T12:24:25.793+0530] {processor.py:830} INFO - Processing file /Library/Frameworks/Python.framework/Versions/3.10/lib/python3.10/site-packages/airflow/example_dags/example_branch_python_dop_operator_3.py for tasks to queue
[2026-04-22T12:24:25.794+0530] {logging_mixin.py:188} INFO - [2026-04-22T12:24:25.793+0530] {dagbag.py:545} INFO - Filling up the DagBag from /Library/Frameworks/Python.framework/Versions/3.10/lib/python3.10/site-packages/airflow/example_dags/example_branch_python_dop_operator_3.py
[2026-04-22T12:24:25.806+0530] {processor.py:840} INFO - DAG(s) 'example_branch_dop_operator_v3' retrieved from /Library/Frameworks/Python.framework/Versions/3.10/lib/python3.10/site-packages/airflow/example_dags/example_branch_python_dop_operator_3.py
[2026-04-22T12:24:25.838+0530] {logging_mixin.py:188} INFO - [2026-04-22T12:24:25.838+0530] {dag.py:3096} INFO - Sync 1 DAGs
[2026-04-22T12:24:25.844+0530] {logging_mixin.py:188} INFO - [2026-04-22T12:24:25.844+0530] {dag.py:3954} INFO - Setting next_dagrun for example_branch_dop_operator_v3 to 2026-04-22 06:53:00+00:00, run_after=2026-04-22 06:54:00+00:00
[2026-04-22T12:24:25.849+0530] {processor.py:183} INFO - Processing /Library/Frameworks/Python.framework/Versions/3.10/lib/python3.10/site-packages/airflow/example_dags/example_branch_python_dop_operator_3.py took 0.057 seconds
[2026-04-22T12:26:11.674+0530] {processor.py:161} INFO - Started process (PID=72882) to work on /Library/Frameworks/Python.framework/Versions/3.10/lib/python3.10/site-packages/airflow/example_dags/example_branch_python_dop_operator_3.py
[2026-04-22T12:26:11.675+0530] {processor.py:830} INFO - Processing file /Library/Frameworks/Python.framework/Versions/3.10/lib/python3.10/site-packages/airflow/example_dags/example_branch_python_dop_operator_3.py for tasks to queue
[2026-04-22T12:26:11.675+0530] {logging_mixin.py:188} INFO - [2026-04-22T12:26:11.675+0530] {dagbag.py:545} INFO - Filling up the DagBag from /Library/Frameworks/Python.framework/Versions/3.10/lib/python3.10/site-packages/airflow/example_dags/example_branch_python_dop_operator_3.py
[2026-04-22T12:26:11.687+0530] {processor.py:840} INFO - DAG(s) 'example_branch_dop_operator_v3' retrieved from /Library/Frameworks/Python.framework/Versions/3.10/lib/python3.10/site-packages/airflow/example_dags/example_branch_python_dop_operator_3.py
[2026-04-22T12:26:11.718+0530] {logging_mixin.py:188} INFO - [2026-04-22T12:26:11.718+0530] {dag.py:3096} INFO - Sync 1 DAGs
[2026-04-22T12:26:11.725+0530] {logging_mixin.py:188} INFO - [2026-04-22T12:26:11.725+0530] {dag.py:3954} INFO - Setting next_dagrun for example_branch_dop_operator_v3 to 2026-04-22 06:55:00+00:00, run_after=2026-04-22 06:56:00+00:00
[2026-04-22T12:26:11.730+0530] {processor.py:183} INFO - Processing /Library/Frameworks/Python.framework/Versions/3.10/lib/python3.10/site-packages/airflow/example_dags/example_branch_python_dop_operator_3.py took 0.057 seconds
[2026-04-22T12:27:58.531+0530] {processor.py:161} INFO - Started process (PID=73067) to work on /Library/Frameworks/Python.framework/Versions/3.10/lib/python3.10/site-packages/airflow/example_dags/example_branch_python_dop_operator_3.py
[2026-04-22T12:27:58.531+0530] {processor.py:830} INFO - Processing file /Library/Frameworks/Python.framework/Versions/3.10/lib/python3.10/site-packages/airflow/example_dags/example_branch_python_dop_operator_3.py for tasks to queue
[2026-04-22T12:27:58.531+0530] {logging_mixin.py:188} INFO - [2026-04-22T12:27:58.531+0530] {dagbag.py:545} INFO - Filling up the DagBag from /Library/Frameworks/Python.framework/Versions/3.10/lib/python3.10/site-packages/airflow/example_dags/example_branch_python_dop_operator_3.py
[2026-04-22T12:27:58.544+0530] {processor.py:840} INFO - DAG(s) 'example_branch_dop_operator_v3' retrieved from /Library/Frameworks/Python.framework/Versions/3.10/lib/python3.10/site-packages/airflow/example_dags/example_branch_python_dop_operator_3.py
[2026-04-22T12:27:58.576+0530] {logging_mixin.py:188} INFO - [2026-04-22T12:27:58.576+0530] {dag.py:3096} INFO - Sync 1 DAGs
[2026-04-22T12:27:58.582+0530] {logging_mixin.py:188} INFO - [2026-04-22T12:27:58.582+0530] {dag.py:3954} INFO - Setting next_dagrun for example_branch_dop_operator_v3 to 2026-04-22 06:56:00+00:00, run_after=2026-04-22 06:57:00+00:00
[2026-04-22T12:27:58.587+0530] {processor.py:183} INFO - Processing /Library/Frameworks/Python.framework/Versions/3.10/lib/python3.10/site-packages/airflow/example_dags/example_branch_python_dop_operator_3.py took 0.057 seconds
[2026-04-22T12:29:53.055+0530] {processor.py:161} INFO - Started process (PID=73286) to work on /Library/Frameworks/Python.framework/Versions/3.10/lib/python3.10/site-packages/airflow/example_dags/example_branch_python_dop_operator_3.py
[2026-04-22T12:29:53.058+0530] {processor.py:830} INFO - Processing file /Library/Frameworks/Python.framework/Versions/3.10/lib/python3.10/site-packages/airflow/example_dags/example_branch_python_dop_operator_3.py for tasks to queue
[2026-04-22T12:29:53.058+0530] {logging_mixin.py:188} INFO - [2026-04-22T12:29:53.058+0530] {dagbag.py:545} INFO - Filling up the DagBag from /Library/Frameworks/Python.framework/Versions/3.10/lib/python3.10/site-packages/airflow/example_dags/example_branch_python_dop_operator_3.py
[2026-04-22T12:29:53.071+0530] {processor.py:840} INFO - DAG(s) 'example_branch_dop_operator_v3' retrieved from /Library/Frameworks/Python.framework/Versions/3.10/lib/python3.10/site-packages/airflow/example_dags/example_branch_python_dop_operator_3.py
[2026-04-22T12:29:53.105+0530] {logging_mixin.py:188} INFO - [2026-04-22T12:29:53.105+0530] {dag.py:3096} INFO - Sync 1 DAGs
[2026-04-22T12:29:53.111+0530] {logging_mixin.py:188} INFO - [2026-04-22T12:29:53.111+0530] {dag.py:3954} INFO - Setting next_dagrun for example_branch_dop_operator_v3 to 2026-04-22 06:58:00+00:00, run_after=2026-04-22 06:59:00+00:00
[2026-04-22T12:29:53.117+0530] {processor.py:183} INFO - Processing /Library/Frameworks/Python.framework/Versions/3.10/lib/python3.10/site-packages/airflow/example_dags/example_branch_python_dop_operator_3.py took 0.063 seconds
[2026-04-22T12:31:42.872+0530] {processor.py:161} INFO - Started process (PID=73535) to work on /Library/Frameworks/Python.framework/Versions/3.10/lib/python3.10/site-packages/airflow/example_dags/example_branch_python_dop_operator_3.py
[2026-04-22T12:31:42.873+0530] {processor.py:830} INFO - Processing file /Library/Frameworks/Python.framework/Versions/3.10/lib/python3.10/site-packages/airflow/example_dags/example_branch_python_dop_operator_3.py for tasks to queue
[2026-04-22T12:31:42.873+0530] {logging_mixin.py:188} INFO - [2026-04-22T12:31:42.873+0530] {dagbag.py:545} INFO - Filling up the DagBag from /Library/Frameworks/Python.framework/Versions/3.10/lib/python3.10/site-packages/airflow/example_dags/example_branch_python_dop_operator_3.py
[2026-04-22T12:31:42.889+0530] {processor.py:840} INFO - DAG(s) 'example_branch_dop_operator_v3' retrieved from /Library/Frameworks/Python.framework/Versions/3.10/lib/python3.10/site-packages/airflow/example_dags/example_branch_python_dop_operator_3.py
[2026-04-22T12:31:42.928+0530] {logging_mixin.py:188} INFO - [2026-04-22T12:31:42.928+0530] {dag.py:3096} INFO - Sync 1 DAGs
[2026-04-22T12:31:42.937+0530] {logging_mixin.py:188} INFO - [2026-04-22T12:31:42.937+0530] {dag.py:3954} INFO - Setting next_dagrun for example_branch_dop_operator_v3 to 2026-04-22 07:00:00+00:00, run_after=2026-04-22 07:01:00+00:00
[2026-04-22T12:31:42.946+0530] {processor.py:183} INFO - Processing /Library/Frameworks/Python.framework/Versions/3.10/lib/python3.10/site-packages/airflow/example_dags/example_branch_python_dop_operator_3.py took 0.075 seconds
[2026-04-22T12:33:27.157+0530] {processor.py:161} INFO - Started process (PID=73726) to work on /Library/Frameworks/Python.framework/Versions/3.10/lib/python3.10/site-packages/airflow/example_dags/example_branch_python_dop_operator_3.py
[2026-04-22T12:33:27.157+0530] {processor.py:830} INFO - Processing file /Library/Frameworks/Python.framework/Versions/3.10/lib/python3.10/site-packages/airflow/example_dags/example_branch_python_dop_operator_3.py for tasks to queue
[2026-04-22T12:33:27.158+0530] {logging_mixin.py:188} INFO - [2026-04-22T12:33:27.158+0530] {dagbag.py:545} INFO - Filling up the DagBag from /Library/Frameworks/Python.framework/Versions/3.10/lib/python3.10/site-packages/airflow/example_dags/example_branch_python_dop_operator_3.py
[2026-04-22T12:33:27.172+0530] {processor.py:840} INFO - DAG(s) 'example_branch_dop_operator_v3' retrieved from /Library/Frameworks/Python.framework/Versions/3.10/lib/python3.10/site-packages/airflow/example_dags/example_branch_python_dop_operator_3.py
[2026-04-22T12:33:27.204+0530] {logging_mixin.py:188} INFO - [2026-04-22T12:33:27.204+0530] {dag.py:3096} INFO - Sync 1 DAGs
[2026-04-22T12:33:27.210+0530] {logging_mixin.py:188} INFO - [2026-04-22T12:33:27.210+0530] {dag.py:3954} INFO - Setting next_dagrun for example_branch_dop_operator_v3 to 2026-04-22 07:02:00+00:00, run_after=2026-04-22 07:03:00+00:00
[2026-04-22T12:33:27.217+0530] {processor.py:183} INFO - Processing /Library/Frameworks/Python.framework/Versions/3.10/lib/python3.10/site-packages/airflow/example_dags/example_branch_python_dop_operator_3.py took 0.061 seconds
[2026-04-22T12:35:11.916+0530] {processor.py:161} INFO - Started process (PID=73854) to work on /Library/Frameworks/Python.framework/Versions/3.10/lib/python3.10/site-packages/airflow/example_dags/example_branch_python_dop_operator_3.py
[2026-04-22T12:35:11.917+0530] {processor.py:830} INFO - Processing file /Library/Frameworks/Python.framework/Versions/3.10/lib/python3.10/site-packages/airflow/example_dags/example_branch_python_dop_operator_3.py for tasks to queue
[2026-04-22T12:35:11.917+0530] {logging_mixin.py:188} INFO - [2026-04-22T12:35:11.917+0530] {dagbag.py:545} INFO - Filling up the DagBag from /Library/Frameworks/Python.framework/Versions/3.10/lib/python3.10/site-packages/airflow/example_dags/example_branch_python_dop_operator_3.py
[2026-04-22T12:35:11.929+0530] {processor.py:840} INFO - DAG(s) 'example_branch_dop_operator_v3' retrieved from /Library/Frameworks/Python.framework/Versions/3.10/lib/python3.10/site-packages/airflow/example_dags/example_branch_python_dop_operator_3.py
[2026-04-22T12:35:11.961+0530] {logging_mixin.py:188} INFO - [2026-04-22T12:35:11.961+0530] {dag.py:3096} INFO - Sync 1 DAGs
[2026-04-22T12:35:11.967+0530] {logging_mixin.py:188} INFO - [2026-04-22T12:35:11.967+0530] {dag.py:3954} INFO - Setting next_dagrun for example_branch_dop_operator_v3 to 2026-04-22 07:04:00+00:00, run_after=2026-04-22 07:05:00+00:00
[2026-04-22T12:35:11.972+0530] {processor.py:183} INFO - Processing /Library/Frameworks/Python.framework/Versions/3.10/lib/python3.10/site-packages/airflow/example_dags/example_branch_python_dop_operator_3.py took 0.057 seconds
[2026-04-22T12:36:53.545+0530] {processor.py:161} INFO - Started process (PID=73981) to work on /Library/Frameworks/Python.framework/Versions/3.10/lib/python3.10/site-packages/airflow/example_dags/example_branch_python_dop_operator_3.py
[2026-04-22T12:36:53.546+0530] {processor.py:830} INFO - Processing file /Library/Frameworks/Python.framework/Versions/3.10/lib/python3.10/site-packages/airflow/example_dags/example_branch_python_dop_operator_3.py for tasks to queue
[2026-04-22T12:36:53.546+0530] {logging_mixin.py:188} INFO - [2026-04-22T12:36:53.546+0530] {dagbag.py:545} INFO - Filling up the DagBag from /Library/Frameworks/Python.framework/Versions/3.10/lib/python3.10/site-packages/airflow/example_dags/example_branch_python_dop_operator_3.py
[2026-04-22T12:36:53.558+0530] {processor.py:840} INFO - DAG(s) 'example_branch_dop_operator_v3' retrieved from /Library/Frameworks/Python.framework/Versions/3.10/lib/python3.10/site-packages/airflow/example_dags/example_branch_python_dop_operator_3.py
[2026-04-22T12:36:53.589+0530] {logging_mixin.py:188} INFO - [2026-04-22T12:36:53.589+0530] {dag.py:3096} INFO - Sync 1 DAGs
[2026-04-22T12:36:53.595+0530] {logging_mixin.py:188} INFO - [2026-04-22T12:36:53.595+0530] {dag.py:3954} INFO - Setting next_dagrun for example_branch_dop_operator_v3 to 2026-04-22 07:05:00+00:00, run_after=2026-04-22 07:06:00+00:00
[2026-04-22T12:36:53.600+0530] {processor.py:183} INFO - Processing /Library/Frameworks/Python.framework/Versions/3.10/lib/python3.10/site-packages/airflow/example_dags/example_branch_python_dop_operator_3.py took 0.056 seconds
[2026-04-22T12:38:48.110+0530] {processor.py:161} INFO - Started process (PID=74106) to work on /Library/Frameworks/Python.framework/Versions/3.10/lib/python3.10/site-packages/airflow/example_dags/example_branch_python_dop_operator_3.py
[2026-04-22T12:38:48.110+0530] {processor.py:830} INFO - Processing file /Library/Frameworks/Python.framework/Versions/3.10/lib/python3.10/site-packages/airflow/example_dags/example_branch_python_dop_operator_3.py for tasks to queue
[2026-04-22T12:38:48.111+0530] {logging_mixin.py:188} INFO - [2026-04-22T12:38:48.111+0530] {dagbag.py:545} INFO - Filling up the DagBag from /Library/Frameworks/Python.framework/Versions/3.10/lib/python3.10/site-packages/airflow/example_dags/example_branch_python_dop_operator_3.py
[2026-04-22T12:38:48.123+0530] {processor.py:840} INFO - DAG(s) 'example_branch_dop_operator_v3' retrieved from /Library/Frameworks/Python.framework/Versions/3.10/lib/python3.10/site-packages/airflow/example_dags/example_branch_python_dop_operator_3.py
[2026-04-22T12:38:48.154+0530] {logging_mixin.py:188} INFO - [2026-04-22T12:38:48.154+0530] {dag.py:3096} INFO - Sync 1 DAGs
[2026-04-22T12:38:48.160+0530] {logging_mixin.py:188} INFO - [2026-04-22T12:38:48.160+0530] {dag.py:3954} INFO - Setting next_dagrun for example_branch_dop_operator_v3 to 2026-04-22 07:07:00+00:00, run_after=2026-04-22 07:08:00+00:00
[2026-04-22T12:38:48.165+0530] {processor.py:183} INFO - Processing /Library/Frameworks/Python.framework/Versions/3.10/lib/python3.10/site-packages/airflow/example_dags/example_branch_python_dop_operator_3.py took 0.056 seconds
[2026-04-22T12:40:48.260+0530] {processor.py:161} INFO - Started process (PID=74252) to work on /Library/Frameworks/Python.framework/Versions/3.10/lib/python3.10/site-packages/airflow/example_dags/example_branch_python_dop_operator_3.py
[2026-04-22T12:40:48.261+0530] {processor.py:830} INFO - Processing file /Library/Frameworks/Python.framework/Versions/3.10/lib/python3.10/site-packages/airflow/example_dags/example_branch_python_dop_operator_3.py for tasks to queue
[2026-04-22T12:40:48.262+0530] {logging_mixin.py:188} INFO - [2026-04-22T12:40:48.262+0530] {dagbag.py:545} INFO - Filling up the DagBag from /Library/Frameworks/Python.framework/Versions/3.10/lib/python3.10/site-packages/airflow/example_dags/example_branch_python_dop_operator_3.py
[2026-04-22T12:40:48.274+0530] {processor.py:840} INFO - DAG(s) 'example_branch_dop_operator_v3' retrieved from /Library/Frameworks/Python.framework/Versions/3.10/lib/python3.10/site-packages/airflow/example_dags/example_branch_python_dop_operator_3.py
[2026-04-22T12:40:48.306+0530] {logging_mixin.py:188} INFO - [2026-04-22T12:40:48.306+0530] {dag.py:3096} INFO - Sync 1 DAGs
[2026-04-22T12:40:48.312+0530] {logging_mixin.py:188} INFO - [2026-04-22T12:40:48.312+0530] {dag.py:3954} INFO - Setting next_dagrun for example_branch_dop_operator_v3 to 2026-04-22 07:09:00+00:00, run_after=2026-04-22 07:10:00+00:00
[2026-04-22T12:40:48.317+0530] {processor.py:183} INFO - Processing /Library/Frameworks/Python.framework/Versions/3.10/lib/python3.10/site-packages/airflow/example_dags/example_branch_python_dop_operator_3.py took 0.057 seconds
[2026-04-22T12:42:44.673+0530] {processor.py:161} INFO - Started process (PID=74386) to work on /Library/Frameworks/Python.framework/Versions/3.10/lib/python3.10/site-packages/airflow/example_dags/example_branch_python_dop_operator_3.py
[2026-04-22T12:42:44.674+0530] {processor.py:830} INFO - Processing file /Library/Frameworks/Python.framework/Versions/3.10/lib/python3.10/site-packages/airflow/example_dags/example_branch_python_dop_operator_3.py for tasks to queue
[2026-04-22T12:42:44.675+0530] {logging_mixin.py:188} INFO - [2026-04-22T12:42:44.675+0530] {dagbag.py:545} INFO - Filling up the DagBag from /Library/Frameworks/Python.framework/Versions/3.10/lib/python3.10/site-packages/airflow/example_dags/example_branch_python_dop_operator_3.py
[2026-04-22T12:42:44.687+0530] {processor.py:840} INFO - DAG(s) 'example_branch_dop_operator_v3' retrieved from /Library/Frameworks/Python.framework/Versions/3.10/lib/python3.10/site-packages/airflow/example_dags/example_branch_python_dop_operator_3.py
[2026-04-22T12:42:44.719+0530] {logging_mixin.py:188} INFO - [2026-04-22T12:42:44.719+0530] {dag.py:3096} INFO - Sync 1 DAGs
[2026-04-22T12:42:44.725+0530] {logging_mixin.py:188} INFO - [2026-04-22T12:42:44.725+0530] {dag.py:3954} INFO - Setting next_dagrun for example_branch_dop_operator_v3 to 2026-04-22 07:11:00+00:00, run_after=2026-04-22 07:12:00+00:00
[2026-04-22T12:42:44.731+0530] {processor.py:183} INFO - Processing /Library/Frameworks/Python.framework/Versions/3.10/lib/python3.10/site-packages/airflow/example_dags/example_branch_python_dop_operator_3.py took 0.058 seconds
