[2026-04-22T07:21:47.288+0530] {processor.py:161} INFO - Started process (PID=68746) to work on /Library/Frameworks/Python.framework/Versions/3.10/lib/python3.10/site-packages/airflow/example_dags/example_params_ui_tutorial.py
[2026-04-22T07:21:47.288+0530] {processor.py:830} INFO - Processing file /Library/Frameworks/Python.framework/Versions/3.10/lib/python3.10/site-packages/airflow/example_dags/example_params_ui_tutorial.py for tasks to queue
[2026-04-22T07:21:47.289+0530] {logging_mixin.py:188} INFO - [2026-04-22T07:21:47.289+0530] {dagbag.py:545} INFO - Filling up the DagBag from /Library/Frameworks/Python.framework/Versions/3.10/lib/python3.10/site-packages/airflow/example_dags/example_params_ui_tutorial.py
[2026-04-22T07:21:47.306+0530] {processor.py:840} INFO - DAG(s) 'example_params_ui_tutorial' retrieved from /Library/Frameworks/Python.framework/Versions/3.10/lib/python3.10/site-packages/airflow/example_dags/example_params_ui_tutorial.py
[2026-04-22T07:21:47.362+0530] {logging_mixin.py:188} INFO - [2026-04-22T07:21:47.362+0530] {dag.py:3096} INFO - Sync 1 DAGs
[2026-04-22T07:21:47.366+0530] {logging_mixin.py:188} INFO - [2026-04-22T07:21:47.366+0530] {dag.py:3954} INFO - Setting next_dagrun for example_params_ui_tutorial to None, run_after=None
[2026-04-22T07:21:47.373+0530] {processor.py:183} INFO - Processing /Library/Frameworks/Python.framework/Versions/3.10/lib/python3.10/site-packages/airflow/example_dags/example_params_ui_tutorial.py took 0.086 seconds
[2026-04-22T11:47:32.556+0530] {processor.py:161} INFO - Started process (PID=69310) to work on /Library/Frameworks/Python.framework/Versions/3.10/lib/python3.10/site-packages/airflow/example_dags/example_params_ui_tutorial.py
[2026-04-22T11:47:32.556+0530] {processor.py:830} INFO - Processing file /Library/Frameworks/Python.framework/Versions/3.10/lib/python3.10/site-packages/airflow/example_dags/example_params_ui_tutorial.py for tasks to queue
[2026-04-22T11:47:32.556+0530] {logging_mixin.py:188} INFO - [2026-04-22T11:47:32.556+0530] {dagbag.py:545} INFO - Filling up the DagBag from /Library/Frameworks/Python.framework/Versions/3.10/lib/python3.10/site-packages/airflow/example_dags/example_params_ui_tutorial.py
[2026-04-22T11:47:32.569+0530] {processor.py:840} INFO - DAG(s) 'example_params_ui_tutorial' retrieved from /Library/Frameworks/Python.framework/Versions/3.10/lib/python3.10/site-packages/airflow/example_dags/example_params_ui_tutorial.py
[2026-04-22T11:47:32.610+0530] {logging_mixin.py:188} INFO - [2026-04-22T11:47:32.610+0530] {dag.py:3096} INFO - Sync 1 DAGs
[2026-04-22T11:47:32.612+0530] {logging_mixin.py:188} INFO - [2026-04-22T11:47:32.612+0530] {dag.py:3954} INFO - Setting next_dagrun for example_params_ui_tutorial to None, run_after=None
[2026-04-22T11:47:32.617+0530] {processor.py:183} INFO - Processing /Library/Frameworks/Python.framework/Versions/3.10/lib/python3.10/site-packages/airflow/example_dags/example_params_ui_tutorial.py took 0.063 seconds
[2026-04-22T11:48:21.310+0530] {processor.py:161} INFO - Started process (PID=69397) to work on /Library/Frameworks/Python.framework/Versions/3.10/lib/python3.10/site-packages/airflow/example_dags/example_params_ui_tutorial.py
[2026-04-22T11:48:21.311+0530] {processor.py:830} INFO - Processing file /Library/Frameworks/Python.framework/Versions/3.10/lib/python3.10/site-packages/airflow/example_dags/example_params_ui_tutorial.py for tasks to queue
[2026-04-22T11:48:21.311+0530] {logging_mixin.py:188} INFO - [2026-04-22T11:48:21.311+0530] {dagbag.py:545} INFO - Filling up the DagBag from /Library/Frameworks/Python.framework/Versions/3.10/lib/python3.10/site-packages/airflow/example_dags/example_params_ui_tutorial.py
[2026-04-22T11:48:21.325+0530] {processor.py:840} INFO - DAG(s) 'example_params_ui_tutorial' retrieved from /Library/Frameworks/Python.framework/Versions/3.10/lib/python3.10/site-packages/airflow/example_dags/example_params_ui_tutorial.py
[2026-04-22T11:48:21.367+0530] {logging_mixin.py:188} INFO - [2026-04-22T11:48:21.367+0530] {dag.py:3096} INFO - Sync 1 DAGs
[2026-04-22T11:48:21.370+0530] {logging_mixin.py:188} INFO - [2026-04-22T11:48:21.370+0530] {dag.py:3954} INFO - Setting next_dagrun for example_params_ui_tutorial to None, run_after=None
[2026-04-22T11:48:21.375+0530] {processor.py:183} INFO - Processing /Library/Frameworks/Python.framework/Versions/3.10/lib/python3.10/site-packages/airflow/example_dags/example_params_ui_tutorial.py took 0.067 seconds
[2026-04-22T11:49:17.036+0530] {processor.py:161} INFO - Started process (PID=69486) to work on /Library/Frameworks/Python.framework/Versions/3.10/lib/python3.10/site-packages/airflow/example_dags/example_params_ui_tutorial.py
[2026-04-22T11:49:17.036+0530] {processor.py:830} INFO - Processing file /Library/Frameworks/Python.framework/Versions/3.10/lib/python3.10/site-packages/airflow/example_dags/example_params_ui_tutorial.py for tasks to queue
[2026-04-22T11:49:17.036+0530] {logging_mixin.py:188} INFO - [2026-04-22T11:49:17.036+0530] {dagbag.py:545} INFO - Filling up the DagBag from /Library/Frameworks/Python.framework/Versions/3.10/lib/python3.10/site-packages/airflow/example_dags/example_params_ui_tutorial.py
[2026-04-22T11:49:17.050+0530] {processor.py:840} INFO - DAG(s) 'example_params_ui_tutorial' retrieved from /Library/Frameworks/Python.framework/Versions/3.10/lib/python3.10/site-packages/airflow/example_dags/example_params_ui_tutorial.py
[2026-04-22T11:49:17.091+0530] {logging_mixin.py:188} INFO - [2026-04-22T11:49:17.091+0530] {dag.py:3096} INFO - Sync 1 DAGs
[2026-04-22T11:49:17.094+0530] {logging_mixin.py:188} INFO - [2026-04-22T11:49:17.094+0530] {dag.py:3954} INFO - Setting next_dagrun for example_params_ui_tutorial to None, run_after=None
[2026-04-22T11:49:17.099+0530] {processor.py:183} INFO - Processing /Library/Frameworks/Python.framework/Versions/3.10/lib/python3.10/site-packages/airflow/example_dags/example_params_ui_tutorial.py took 0.065 seconds
[2026-04-22T11:50:13.354+0530] {processor.py:161} INFO - Started process (PID=69579) to work on /Library/Frameworks/Python.framework/Versions/3.10/lib/python3.10/site-packages/airflow/example_dags/example_params_ui_tutorial.py
[2026-04-22T11:50:13.354+0530] {processor.py:830} INFO - Processing file /Library/Frameworks/Python.framework/Versions/3.10/lib/python3.10/site-packages/airflow/example_dags/example_params_ui_tutorial.py for tasks to queue
[2026-04-22T11:50:13.355+0530] {logging_mixin.py:188} INFO - [2026-04-22T11:50:13.354+0530] {dagbag.py:545} INFO - Filling up the DagBag from /Library/Frameworks/Python.framework/Versions/3.10/lib/python3.10/site-packages/airflow/example_dags/example_params_ui_tutorial.py
[2026-04-22T11:50:13.368+0530] {processor.py:840} INFO - DAG(s) 'example_params_ui_tutorial' retrieved from /Library/Frameworks/Python.framework/Versions/3.10/lib/python3.10/site-packages/airflow/example_dags/example_params_ui_tutorial.py
[2026-04-22T11:50:13.409+0530] {logging_mixin.py:188} INFO - [2026-04-22T11:50:13.409+0530] {dag.py:3096} INFO - Sync 1 DAGs
[2026-04-22T11:50:13.411+0530] {logging_mixin.py:188} INFO - [2026-04-22T11:50:13.411+0530] {dag.py:3954} INFO - Setting next_dagrun for example_params_ui_tutorial to None, run_after=None
[2026-04-22T11:50:13.417+0530] {processor.py:183} INFO - Processing /Library/Frameworks/Python.framework/Versions/3.10/lib/python3.10/site-packages/airflow/example_dags/example_params_ui_tutorial.py took 0.064 seconds
[2026-04-22T11:51:09.355+0530] {processor.py:161} INFO - Started process (PID=69711) to work on /Library/Frameworks/Python.framework/Versions/3.10/lib/python3.10/site-packages/airflow/example_dags/example_params_ui_tutorial.py
[2026-04-22T11:51:09.355+0530] {processor.py:830} INFO - Processing file /Library/Frameworks/Python.framework/Versions/3.10/lib/python3.10/site-packages/airflow/example_dags/example_params_ui_tutorial.py for tasks to queue
[2026-04-22T11:51:09.355+0530] {logging_mixin.py:188} INFO - [2026-04-22T11:51:09.355+0530] {dagbag.py:545} INFO - Filling up the DagBag from /Library/Frameworks/Python.framework/Versions/3.10/lib/python3.10/site-packages/airflow/example_dags/example_params_ui_tutorial.py
[2026-04-22T11:51:09.369+0530] {processor.py:840} INFO - DAG(s) 'example_params_ui_tutorial' retrieved from /Library/Frameworks/Python.framework/Versions/3.10/lib/python3.10/site-packages/airflow/example_dags/example_params_ui_tutorial.py
[2026-04-22T11:51:09.412+0530] {logging_mixin.py:188} INFO - [2026-04-22T11:51:09.412+0530] {dag.py:3096} INFO - Sync 1 DAGs
[2026-04-22T11:51:09.415+0530] {logging_mixin.py:188} INFO - [2026-04-22T11:51:09.414+0530] {dag.py:3954} INFO - Setting next_dagrun for example_params_ui_tutorial to None, run_after=None
[2026-04-22T11:51:09.420+0530] {processor.py:183} INFO - Processing /Library/Frameworks/Python.framework/Versions/3.10/lib/python3.10/site-packages/airflow/example_dags/example_params_ui_tutorial.py took 0.067 seconds
[2026-04-22T12:11:04.347+0530] {processor.py:161} INFO - Started process (PID=70983) to work on /Library/Frameworks/Python.framework/Versions/3.10/lib/python3.10/site-packages/airflow/example_dags/example_params_ui_tutorial.py
[2026-04-22T12:11:04.348+0530] {processor.py:830} INFO - Processing file /Library/Frameworks/Python.framework/Versions/3.10/lib/python3.10/site-packages/airflow/example_dags/example_params_ui_tutorial.py for tasks to queue
[2026-04-22T12:11:04.348+0530] {logging_mixin.py:188} INFO - [2026-04-22T12:11:04.348+0530] {dagbag.py:545} INFO - Filling up the DagBag from /Library/Frameworks/Python.framework/Versions/3.10/lib/python3.10/site-packages/airflow/example_dags/example_params_ui_tutorial.py
[2026-04-22T12:11:04.361+0530] {processor.py:840} INFO - DAG(s) 'example_params_ui_tutorial' retrieved from /Library/Frameworks/Python.framework/Versions/3.10/lib/python3.10/site-packages/airflow/example_dags/example_params_ui_tutorial.py
[2026-04-22T12:11:04.401+0530] {logging_mixin.py:188} INFO - [2026-04-22T12:11:04.401+0530] {dag.py:3096} INFO - Sync 1 DAGs
[2026-04-22T12:11:04.404+0530] {logging_mixin.py:188} INFO - [2026-04-22T12:11:04.404+0530] {dag.py:3954} INFO - Setting next_dagrun for example_params_ui_tutorial to None, run_after=None
[2026-04-22T12:11:04.409+0530] {processor.py:183} INFO - Processing /Library/Frameworks/Python.framework/Versions/3.10/lib/python3.10/site-packages/airflow/example_dags/example_params_ui_tutorial.py took 0.063 seconds
[2026-04-22T12:15:54.165+0530] {processor.py:161} INFO - Started process (PID=71329) to work on /Library/Frameworks/Python.framework/Versions/3.10/lib/python3.10/site-packages/airflow/example_dags/example_params_ui_tutorial.py
[2026-04-22T12:15:54.165+0530] {processor.py:830} INFO - Processing file /Library/Frameworks/Python.framework/Versions/3.10/lib/python3.10/site-packages/airflow/example_dags/example_params_ui_tutorial.py for tasks to queue
[2026-04-22T12:15:54.165+0530] {logging_mixin.py:188} INFO - [2026-04-22T12:15:54.165+0530] {dagbag.py:545} INFO - Filling up the DagBag from /Library/Frameworks/Python.framework/Versions/3.10/lib/python3.10/site-packages/airflow/example_dags/example_params_ui_tutorial.py
[2026-04-22T12:15:54.178+0530] {processor.py:840} INFO - DAG(s) 'example_params_ui_tutorial' retrieved from /Library/Frameworks/Python.framework/Versions/3.10/lib/python3.10/site-packages/airflow/example_dags/example_params_ui_tutorial.py
[2026-04-22T12:15:54.219+0530] {logging_mixin.py:188} INFO - [2026-04-22T12:15:54.219+0530] {dag.py:3096} INFO - Sync 1 DAGs
[2026-04-22T12:15:54.221+0530] {logging_mixin.py:188} INFO - [2026-04-22T12:15:54.221+0530] {dag.py:3954} INFO - Setting next_dagrun for example_params_ui_tutorial to None, run_after=None
[2026-04-22T12:15:54.227+0530] {processor.py:183} INFO - Processing /Library/Frameworks/Python.framework/Versions/3.10/lib/python3.10/site-packages/airflow/example_dags/example_params_ui_tutorial.py took 0.063 seconds
[2026-04-22T12:19:13.065+0530] {processor.py:161} INFO - Started process (PID=71603) to work on /Library/Frameworks/Python.framework/Versions/3.10/lib/python3.10/site-packages/airflow/example_dags/example_params_ui_tutorial.py
[2026-04-22T12:19:13.066+0530] {processor.py:830} INFO - Processing file /Library/Frameworks/Python.framework/Versions/3.10/lib/python3.10/site-packages/airflow/example_dags/example_params_ui_tutorial.py for tasks to queue
[2026-04-22T12:19:13.066+0530] {logging_mixin.py:188} INFO - [2026-04-22T12:19:13.066+0530] {dagbag.py:545} INFO - Filling up the DagBag from /Library/Frameworks/Python.framework/Versions/3.10/lib/python3.10/site-packages/airflow/example_dags/example_params_ui_tutorial.py
[2026-04-22T12:19:13.079+0530] {processor.py:840} INFO - DAG(s) 'example_params_ui_tutorial' retrieved from /Library/Frameworks/Python.framework/Versions/3.10/lib/python3.10/site-packages/airflow/example_dags/example_params_ui_tutorial.py
[2026-04-22T12:19:13.121+0530] {logging_mixin.py:188} INFO - [2026-04-22T12:19:13.120+0530] {dag.py:3096} INFO - Sync 1 DAGs
[2026-04-22T12:19:13.123+0530] {logging_mixin.py:188} INFO - [2026-04-22T12:19:13.123+0530] {dag.py:3954} INFO - Setting next_dagrun for example_params_ui_tutorial to None, run_after=None
[2026-04-22T12:19:13.129+0530] {processor.py:183} INFO - Processing /Library/Frameworks/Python.framework/Versions/3.10/lib/python3.10/site-packages/airflow/example_dags/example_params_ui_tutorial.py took 0.064 seconds
[2026-04-22T12:21:30.136+0530] {processor.py:161} INFO - Started process (PID=72322) to work on /Library/Frameworks/Python.framework/Versions/3.10/lib/python3.10/site-packages/airflow/example_dags/example_params_ui_tutorial.py
[2026-04-22T12:21:30.136+0530] {processor.py:830} INFO - Processing file /Library/Frameworks/Python.framework/Versions/3.10/lib/python3.10/site-packages/airflow/example_dags/example_params_ui_tutorial.py for tasks to queue
[2026-04-22T12:21:30.136+0530] {logging_mixin.py:188} INFO - [2026-04-22T12:21:30.136+0530] {dagbag.py:545} INFO - Filling up the DagBag from /Library/Frameworks/Python.framework/Versions/3.10/lib/python3.10/site-packages/airflow/example_dags/example_params_ui_tutorial.py
[2026-04-22T12:21:30.150+0530] {processor.py:840} INFO - DAG(s) 'example_params_ui_tutorial' retrieved from /Library/Frameworks/Python.framework/Versions/3.10/lib/python3.10/site-packages/airflow/example_dags/example_params_ui_tutorial.py
[2026-04-22T12:21:30.192+0530] {logging_mixin.py:188} INFO - [2026-04-22T12:21:30.192+0530] {dag.py:3096} INFO - Sync 1 DAGs
[2026-04-22T12:21:30.194+0530] {logging_mixin.py:188} INFO - [2026-04-22T12:21:30.194+0530] {dag.py:3954} INFO - Setting next_dagrun for example_params_ui_tutorial to None, run_after=None
[2026-04-22T12:21:30.200+0530] {processor.py:183} INFO - Processing /Library/Frameworks/Python.framework/Versions/3.10/lib/python3.10/site-packages/airflow/example_dags/example_params_ui_tutorial.py took 0.065 seconds
[2026-04-22T12:23:10.937+0530] {processor.py:161} INFO - Started process (PID=72514) to work on /Library/Frameworks/Python.framework/Versions/3.10/lib/python3.10/site-packages/airflow/example_dags/example_params_ui_tutorial.py
[2026-04-22T12:23:10.937+0530] {processor.py:830} INFO - Processing file /Library/Frameworks/Python.framework/Versions/3.10/lib/python3.10/site-packages/airflow/example_dags/example_params_ui_tutorial.py for tasks to queue
[2026-04-22T12:23:10.938+0530] {logging_mixin.py:188} INFO - [2026-04-22T12:23:10.938+0530] {dagbag.py:545} INFO - Filling up the DagBag from /Library/Frameworks/Python.framework/Versions/3.10/lib/python3.10/site-packages/airflow/example_dags/example_params_ui_tutorial.py
[2026-04-22T12:23:10.950+0530] {processor.py:840} INFO - DAG(s) 'example_params_ui_tutorial' retrieved from /Library/Frameworks/Python.framework/Versions/3.10/lib/python3.10/site-packages/airflow/example_dags/example_params_ui_tutorial.py
[2026-04-22T12:23:10.990+0530] {logging_mixin.py:188} INFO - [2026-04-22T12:23:10.990+0530] {dag.py:3096} INFO - Sync 1 DAGs
[2026-04-22T12:23:10.992+0530] {logging_mixin.py:188} INFO - [2026-04-22T12:23:10.992+0530] {dag.py:3954} INFO - Setting next_dagrun for example_params_ui_tutorial to None, run_after=None
[2026-04-22T12:23:10.997+0530] {processor.py:183} INFO - Processing /Library/Frameworks/Python.framework/Versions/3.10/lib/python3.10/site-packages/airflow/example_dags/example_params_ui_tutorial.py took 0.061 seconds
[2026-04-22T12:24:53.800+0530] {processor.py:161} INFO - Started process (PID=72716) to work on /Library/Frameworks/Python.framework/Versions/3.10/lib/python3.10/site-packages/airflow/example_dags/example_params_ui_tutorial.py
[2026-04-22T12:24:53.800+0530] {processor.py:830} INFO - Processing file /Library/Frameworks/Python.framework/Versions/3.10/lib/python3.10/site-packages/airflow/example_dags/example_params_ui_tutorial.py for tasks to queue
[2026-04-22T12:24:53.801+0530] {logging_mixin.py:188} INFO - [2026-04-22T12:24:53.800+0530] {dagbag.py:545} INFO - Filling up the DagBag from /Library/Frameworks/Python.framework/Versions/3.10/lib/python3.10/site-packages/airflow/example_dags/example_params_ui_tutorial.py
[2026-04-22T12:24:53.814+0530] {processor.py:840} INFO - DAG(s) 'example_params_ui_tutorial' retrieved from /Library/Frameworks/Python.framework/Versions/3.10/lib/python3.10/site-packages/airflow/example_dags/example_params_ui_tutorial.py
[2026-04-22T12:24:53.858+0530] {logging_mixin.py:188} INFO - [2026-04-22T12:24:53.858+0530] {dag.py:3096} INFO - Sync 1 DAGs
[2026-04-22T12:24:53.861+0530] {logging_mixin.py:188} INFO - [2026-04-22T12:24:53.861+0530] {dag.py:3954} INFO - Setting next_dagrun for example_params_ui_tutorial to None, run_after=None
[2026-04-22T12:24:53.866+0530] {processor.py:183} INFO - Processing /Library/Frameworks/Python.framework/Versions/3.10/lib/python3.10/site-packages/airflow/example_dags/example_params_ui_tutorial.py took 0.067 seconds
[2026-04-22T12:26:41.919+0530] {processor.py:161} INFO - Started process (PID=72914) to work on /Library/Frameworks/Python.framework/Versions/3.10/lib/python3.10/site-packages/airflow/example_dags/example_params_ui_tutorial.py
[2026-04-22T12:26:41.919+0530] {processor.py:830} INFO - Processing file /Library/Frameworks/Python.framework/Versions/3.10/lib/python3.10/site-packages/airflow/example_dags/example_params_ui_tutorial.py for tasks to queue
[2026-04-22T12:26:41.920+0530] {logging_mixin.py:188} INFO - [2026-04-22T12:26:41.920+0530] {dagbag.py:545} INFO - Filling up the DagBag from /Library/Frameworks/Python.framework/Versions/3.10/lib/python3.10/site-packages/airflow/example_dags/example_params_ui_tutorial.py
[2026-04-22T12:26:41.933+0530] {processor.py:840} INFO - DAG(s) 'example_params_ui_tutorial' retrieved from /Library/Frameworks/Python.framework/Versions/3.10/lib/python3.10/site-packages/airflow/example_dags/example_params_ui_tutorial.py
[2026-04-22T12:26:41.975+0530] {logging_mixin.py:188} INFO - [2026-04-22T12:26:41.975+0530] {dag.py:3096} INFO - Sync 1 DAGs
[2026-04-22T12:26:41.978+0530] {logging_mixin.py:188} INFO - [2026-04-22T12:26:41.977+0530] {dag.py:3954} INFO - Setting next_dagrun for example_params_ui_tutorial to None, run_after=None
[2026-04-22T12:26:41.983+0530] {processor.py:183} INFO - Processing /Library/Frameworks/Python.framework/Versions/3.10/lib/python3.10/site-packages/airflow/example_dags/example_params_ui_tutorial.py took 0.064 seconds
[2026-04-22T12:28:34.515+0530] {processor.py:161} INFO - Started process (PID=73143) to work on /Library/Frameworks/Python.framework/Versions/3.10/lib/python3.10/site-packages/airflow/example_dags/example_params_ui_tutorial.py
[2026-04-22T12:28:34.516+0530] {processor.py:830} INFO - Processing file /Library/Frameworks/Python.framework/Versions/3.10/lib/python3.10/site-packages/airflow/example_dags/example_params_ui_tutorial.py for tasks to queue
[2026-04-22T12:28:34.517+0530] {logging_mixin.py:188} INFO - [2026-04-22T12:28:34.517+0530] {dagbag.py:545} INFO - Filling up the DagBag from /Library/Frameworks/Python.framework/Versions/3.10/lib/python3.10/site-packages/airflow/example_dags/example_params_ui_tutorial.py
[2026-04-22T12:28:34.530+0530] {processor.py:840} INFO - DAG(s) 'example_params_ui_tutorial' retrieved from /Library/Frameworks/Python.framework/Versions/3.10/lib/python3.10/site-packages/airflow/example_dags/example_params_ui_tutorial.py
[2026-04-22T12:28:34.571+0530] {logging_mixin.py:188} INFO - [2026-04-22T12:28:34.571+0530] {dag.py:3096} INFO - Sync 1 DAGs
[2026-04-22T12:28:34.574+0530] {logging_mixin.py:188} INFO - [2026-04-22T12:28:34.573+0530] {dag.py:3954} INFO - Setting next_dagrun for example_params_ui_tutorial to None, run_after=None
[2026-04-22T12:28:34.578+0530] {processor.py:183} INFO - Processing /Library/Frameworks/Python.framework/Versions/3.10/lib/python3.10/site-packages/airflow/example_dags/example_params_ui_tutorial.py took 0.064 seconds
[2026-04-22T12:30:21.781+0530] {processor.py:161} INFO - Started process (PID=73361) to work on /Library/Frameworks/Python.framework/Versions/3.10/lib/python3.10/site-packages/airflow/example_dags/example_params_ui_tutorial.py
[2026-04-22T12:30:21.781+0530] {processor.py:830} INFO - Processing file /Library/Frameworks/Python.framework/Versions/3.10/lib/python3.10/site-packages/airflow/example_dags/example_params_ui_tutorial.py for tasks to queue
[2026-04-22T12:30:21.782+0530] {logging_mixin.py:188} INFO - [2026-04-22T12:30:21.781+0530] {dagbag.py:545} INFO - Filling up the DagBag from /Library/Frameworks/Python.framework/Versions/3.10/lib/python3.10/site-packages/airflow/example_dags/example_params_ui_tutorial.py
[2026-04-22T12:30:21.796+0530] {processor.py:840} INFO - DAG(s) 'example_params_ui_tutorial' retrieved from /Library/Frameworks/Python.framework/Versions/3.10/lib/python3.10/site-packages/airflow/example_dags/example_params_ui_tutorial.py
[2026-04-22T12:30:21.840+0530] {logging_mixin.py:188} INFO - [2026-04-22T12:30:21.840+0530] {dag.py:3096} INFO - Sync 1 DAGs
[2026-04-22T12:30:21.843+0530] {logging_mixin.py:188} INFO - [2026-04-22T12:30:21.843+0530] {dag.py:3954} INFO - Setting next_dagrun for example_params_ui_tutorial to None, run_after=None
[2026-04-22T12:30:21.849+0530] {processor.py:183} INFO - Processing /Library/Frameworks/Python.framework/Versions/3.10/lib/python3.10/site-packages/airflow/example_dags/example_params_ui_tutorial.py took 0.069 seconds
[2026-04-22T12:32:11.549+0530] {processor.py:161} INFO - Started process (PID=73592) to work on /Library/Frameworks/Python.framework/Versions/3.10/lib/python3.10/site-packages/airflow/example_dags/example_params_ui_tutorial.py
[2026-04-22T12:32:11.550+0530] {processor.py:830} INFO - Processing file /Library/Frameworks/Python.framework/Versions/3.10/lib/python3.10/site-packages/airflow/example_dags/example_params_ui_tutorial.py for tasks to queue
[2026-04-22T12:32:11.550+0530] {logging_mixin.py:188} INFO - [2026-04-22T12:32:11.550+0530] {dagbag.py:545} INFO - Filling up the DagBag from /Library/Frameworks/Python.framework/Versions/3.10/lib/python3.10/site-packages/airflow/example_dags/example_params_ui_tutorial.py
[2026-04-22T12:32:11.564+0530] {processor.py:840} INFO - DAG(s) 'example_params_ui_tutorial' retrieved from /Library/Frameworks/Python.framework/Versions/3.10/lib/python3.10/site-packages/airflow/example_dags/example_params_ui_tutorial.py
[2026-04-22T12:32:11.604+0530] {logging_mixin.py:188} INFO - [2026-04-22T12:32:11.604+0530] {dag.py:3096} INFO - Sync 1 DAGs
[2026-04-22T12:32:11.607+0530] {logging_mixin.py:188} INFO - [2026-04-22T12:32:11.607+0530] {dag.py:3954} INFO - Setting next_dagrun for example_params_ui_tutorial to None, run_after=None
[2026-04-22T12:32:11.612+0530] {processor.py:183} INFO - Processing /Library/Frameworks/Python.framework/Versions/3.10/lib/python3.10/site-packages/airflow/example_dags/example_params_ui_tutorial.py took 0.063 seconds
[2026-04-22T12:33:56.123+0530] {processor.py:161} INFO - Started process (PID=73759) to work on /Library/Frameworks/Python.framework/Versions/3.10/lib/python3.10/site-packages/airflow/example_dags/example_params_ui_tutorial.py
[2026-04-22T12:33:56.125+0530] {processor.py:830} INFO - Processing file /Library/Frameworks/Python.framework/Versions/3.10/lib/python3.10/site-packages/airflow/example_dags/example_params_ui_tutorial.py for tasks to queue
[2026-04-22T12:33:56.125+0530] {logging_mixin.py:188} INFO - [2026-04-22T12:33:56.125+0530] {dagbag.py:545} INFO - Filling up the DagBag from /Library/Frameworks/Python.framework/Versions/3.10/lib/python3.10/site-packages/airflow/example_dags/example_params_ui_tutorial.py
[2026-04-22T12:33:56.138+0530] {processor.py:840} INFO - DAG(s) 'example_params_ui_tutorial' retrieved from /Library/Frameworks/Python.framework/Versions/3.10/lib/python3.10/site-packages/airflow/example_dags/example_params_ui_tutorial.py
[2026-04-22T12:33:56.180+0530] {logging_mixin.py:188} INFO - [2026-04-22T12:33:56.180+0530] {dag.py:3096} INFO - Sync 1 DAGs
[2026-04-22T12:33:56.183+0530] {logging_mixin.py:188} INFO - [2026-04-22T12:33:56.183+0530] {dag.py:3954} INFO - Setting next_dagrun for example_params_ui_tutorial to None, run_after=None
[2026-04-22T12:33:56.189+0530] {processor.py:183} INFO - Processing /Library/Frameworks/Python.framework/Versions/3.10/lib/python3.10/site-packages/airflow/example_dags/example_params_ui_tutorial.py took 0.067 seconds
[2026-04-22T12:35:40.712+0530] {processor.py:161} INFO - Started process (PID=73894) to work on /Library/Frameworks/Python.framework/Versions/3.10/lib/python3.10/site-packages/airflow/example_dags/example_params_ui_tutorial.py
[2026-04-22T12:35:40.712+0530] {processor.py:830} INFO - Processing file /Library/Frameworks/Python.framework/Versions/3.10/lib/python3.10/site-packages/airflow/example_dags/example_params_ui_tutorial.py for tasks to queue
[2026-04-22T12:35:40.713+0530] {logging_mixin.py:188} INFO - [2026-04-22T12:35:40.713+0530] {dagbag.py:545} INFO - Filling up the DagBag from /Library/Frameworks/Python.framework/Versions/3.10/lib/python3.10/site-packages/airflow/example_dags/example_params_ui_tutorial.py
[2026-04-22T12:35:40.726+0530] {processor.py:840} INFO - DAG(s) 'example_params_ui_tutorial' retrieved from /Library/Frameworks/Python.framework/Versions/3.10/lib/python3.10/site-packages/airflow/example_dags/example_params_ui_tutorial.py
[2026-04-22T12:35:40.766+0530] {logging_mixin.py:188} INFO - [2026-04-22T12:35:40.766+0530] {dag.py:3096} INFO - Sync 1 DAGs
[2026-04-22T12:35:40.769+0530] {logging_mixin.py:188} INFO - [2026-04-22T12:35:40.769+0530] {dag.py:3954} INFO - Setting next_dagrun for example_params_ui_tutorial to None, run_after=None
[2026-04-22T12:35:40.774+0530] {processor.py:183} INFO - Processing /Library/Frameworks/Python.framework/Versions/3.10/lib/python3.10/site-packages/airflow/example_dags/example_params_ui_tutorial.py took 0.063 seconds
[2026-04-22T12:37:23.564+0530] {processor.py:161} INFO - Started process (PID=74015) to work on /Library/Frameworks/Python.framework/Versions/3.10/lib/python3.10/site-packages/airflow/example_dags/example_params_ui_tutorial.py
[2026-04-22T12:37:23.565+0530] {processor.py:830} INFO - Processing file /Library/Frameworks/Python.framework/Versions/3.10/lib/python3.10/site-packages/airflow/example_dags/example_params_ui_tutorial.py for tasks to queue
[2026-04-22T12:37:23.565+0530] {logging_mixin.py:188} INFO - [2026-04-22T12:37:23.565+0530] {dagbag.py:545} INFO - Filling up the DagBag from /Library/Frameworks/Python.framework/Versions/3.10/lib/python3.10/site-packages/airflow/example_dags/example_params_ui_tutorial.py
[2026-04-22T12:37:23.578+0530] {processor.py:840} INFO - DAG(s) 'example_params_ui_tutorial' retrieved from /Library/Frameworks/Python.framework/Versions/3.10/lib/python3.10/site-packages/airflow/example_dags/example_params_ui_tutorial.py
[2026-04-22T12:37:23.618+0530] {logging_mixin.py:188} INFO - [2026-04-22T12:37:23.617+0530] {dag.py:3096} INFO - Sync 1 DAGs
[2026-04-22T12:37:23.620+0530] {logging_mixin.py:188} INFO - [2026-04-22T12:37:23.620+0530] {dag.py:3954} INFO - Setting next_dagrun for example_params_ui_tutorial to None, run_after=None
[2026-04-22T12:37:23.625+0530] {processor.py:183} INFO - Processing /Library/Frameworks/Python.framework/Versions/3.10/lib/python3.10/site-packages/airflow/example_dags/example_params_ui_tutorial.py took 0.062 seconds
[2026-04-22T12:39:24.115+0530] {processor.py:161} INFO - Started process (PID=74147) to work on /Library/Frameworks/Python.framework/Versions/3.10/lib/python3.10/site-packages/airflow/example_dags/example_params_ui_tutorial.py
[2026-04-22T12:39:24.115+0530] {processor.py:830} INFO - Processing file /Library/Frameworks/Python.framework/Versions/3.10/lib/python3.10/site-packages/airflow/example_dags/example_params_ui_tutorial.py for tasks to queue
[2026-04-22T12:39:24.116+0530] {logging_mixin.py:188} INFO - [2026-04-22T12:39:24.116+0530] {dagbag.py:545} INFO - Filling up the DagBag from /Library/Frameworks/Python.framework/Versions/3.10/lib/python3.10/site-packages/airflow/example_dags/example_params_ui_tutorial.py
[2026-04-22T12:39:24.130+0530] {processor.py:840} INFO - DAG(s) 'example_params_ui_tutorial' retrieved from /Library/Frameworks/Python.framework/Versions/3.10/lib/python3.10/site-packages/airflow/example_dags/example_params_ui_tutorial.py
[2026-04-22T12:39:24.172+0530] {logging_mixin.py:188} INFO - [2026-04-22T12:39:24.172+0530] {dag.py:3096} INFO - Sync 1 DAGs
[2026-04-22T12:39:24.175+0530] {logging_mixin.py:188} INFO - [2026-04-22T12:39:24.175+0530] {dag.py:3954} INFO - Setting next_dagrun for example_params_ui_tutorial to None, run_after=None
[2026-04-22T12:39:24.180+0530] {processor.py:183} INFO - Processing /Library/Frameworks/Python.framework/Versions/3.10/lib/python3.10/site-packages/airflow/example_dags/example_params_ui_tutorial.py took 0.066 seconds
[2026-04-22T12:41:24.845+0530] {processor.py:161} INFO - Started process (PID=74292) to work on /Library/Frameworks/Python.framework/Versions/3.10/lib/python3.10/site-packages/airflow/example_dags/example_params_ui_tutorial.py
[2026-04-22T12:41:24.846+0530] {processor.py:830} INFO - Processing file /Library/Frameworks/Python.framework/Versions/3.10/lib/python3.10/site-packages/airflow/example_dags/example_params_ui_tutorial.py for tasks to queue
[2026-04-22T12:41:24.846+0530] {logging_mixin.py:188} INFO - [2026-04-22T12:41:24.846+0530] {dagbag.py:545} INFO - Filling up the DagBag from /Library/Frameworks/Python.framework/Versions/3.10/lib/python3.10/site-packages/airflow/example_dags/example_params_ui_tutorial.py
[2026-04-22T12:41:24.860+0530] {processor.py:840} INFO - DAG(s) 'example_params_ui_tutorial' retrieved from /Library/Frameworks/Python.framework/Versions/3.10/lib/python3.10/site-packages/airflow/example_dags/example_params_ui_tutorial.py
[2026-04-22T12:41:24.901+0530] {logging_mixin.py:188} INFO - [2026-04-22T12:41:24.901+0530] {dag.py:3096} INFO - Sync 1 DAGs
[2026-04-22T12:41:24.904+0530] {logging_mixin.py:188} INFO - [2026-04-22T12:41:24.904+0530] {dag.py:3954} INFO - Setting next_dagrun for example_params_ui_tutorial to None, run_after=None
[2026-04-22T12:41:24.909+0530] {processor.py:183} INFO - Processing /Library/Frameworks/Python.framework/Versions/3.10/lib/python3.10/site-packages/airflow/example_dags/example_params_ui_tutorial.py took 0.065 seconds
