[2026-04-22T05:57:33.335+0530] {processor.py:161} INFO - Started process (PID=68506) to work on /Library/Frameworks/Python.framework/Versions/3.10/lib/python3.10/site-packages/airflow/example_dags/example_xcomargs.py
[2026-04-22T05:57:33.336+0530] {processor.py:830} INFO - Processing file /Library/Frameworks/Python.framework/Versions/3.10/lib/python3.10/site-packages/airflow/example_dags/example_xcomargs.py for tasks to queue
[2026-04-22T05:57:33.336+0530] {logging_mixin.py:188} INFO - [2026-04-22T05:57:33.336+0530] {dagbag.py:545} INFO - Filling up the DagBag from /Library/Frameworks/Python.framework/Versions/3.10/lib/python3.10/site-packages/airflow/example_dags/example_xcomargs.py
[2026-04-22T05:57:33.348+0530] {processor.py:840} INFO - DAG(s) 'example_xcom_args', 'example_xcom_args_with_operators' retrieved from /Library/Frameworks/Python.framework/Versions/3.10/lib/python3.10/site-packages/airflow/example_dags/example_xcomargs.py
[2026-04-22T05:57:33.382+0530] {logging_mixin.py:188} INFO - [2026-04-22T05:57:33.382+0530] {dag.py:3096} INFO - Sync 2 DAGs
[2026-04-22T05:57:33.385+0530] {logging_mixin.py:188} INFO - [2026-04-22T05:57:33.385+0530] {dag.py:3954} INFO - Setting next_dagrun for example_xcom_args to None, run_after=None
[2026-04-22T05:57:33.386+0530] {logging_mixin.py:188} INFO - [2026-04-22T05:57:33.386+0530] {dag.py:3954} INFO - Setting next_dagrun for example_xcom_args_with_operators to None, run_after=None
[2026-04-22T05:57:33.391+0530] {processor.py:183} INFO - Processing /Library/Frameworks/Python.framework/Versions/3.10/lib/python3.10/site-packages/airflow/example_dags/example_xcomargs.py took 0.057 seconds
[2026-04-22T08:49:10.581+0530] {processor.py:161} INFO - Started process (PID=68968) to work on /Library/Frameworks/Python.framework/Versions/3.10/lib/python3.10/site-packages/airflow/example_dags/example_xcomargs.py
[2026-04-22T08:49:10.582+0530] {processor.py:830} INFO - Processing file /Library/Frameworks/Python.framework/Versions/3.10/lib/python3.10/site-packages/airflow/example_dags/example_xcomargs.py for tasks to queue
[2026-04-22T08:49:10.582+0530] {logging_mixin.py:188} INFO - [2026-04-22T08:49:10.582+0530] {dagbag.py:545} INFO - Filling up the DagBag from /Library/Frameworks/Python.framework/Versions/3.10/lib/python3.10/site-packages/airflow/example_dags/example_xcomargs.py
[2026-04-22T08:49:10.593+0530] {processor.py:840} INFO - DAG(s) 'example_xcom_args', 'example_xcom_args_with_operators' retrieved from /Library/Frameworks/Python.framework/Versions/3.10/lib/python3.10/site-packages/airflow/example_dags/example_xcomargs.py
[2026-04-22T08:49:10.625+0530] {logging_mixin.py:188} INFO - [2026-04-22T08:49:10.625+0530] {dag.py:3096} INFO - Sync 2 DAGs
[2026-04-22T08:49:10.628+0530] {logging_mixin.py:188} INFO - [2026-04-22T08:49:10.628+0530] {dag.py:3954} INFO - Setting next_dagrun for example_xcom_args to None, run_after=None
[2026-04-22T08:49:10.629+0530] {logging_mixin.py:188} INFO - [2026-04-22T08:49:10.629+0530] {dag.py:3954} INFO - Setting next_dagrun for example_xcom_args_with_operators to None, run_after=None
[2026-04-22T08:49:10.633+0530] {processor.py:183} INFO - Processing /Library/Frameworks/Python.framework/Versions/3.10/lib/python3.10/site-packages/airflow/example_dags/example_xcomargs.py took 0.053 seconds
[2026-04-22T11:47:14.927+0530] {processor.py:161} INFO - Started process (PID=69273) to work on /Library/Frameworks/Python.framework/Versions/3.10/lib/python3.10/site-packages/airflow/example_dags/example_xcomargs.py
[2026-04-22T11:47:14.928+0530] {processor.py:830} INFO - Processing file /Library/Frameworks/Python.framework/Versions/3.10/lib/python3.10/site-packages/airflow/example_dags/example_xcomargs.py for tasks to queue
[2026-04-22T11:47:14.928+0530] {logging_mixin.py:188} INFO - [2026-04-22T11:47:14.928+0530] {dagbag.py:545} INFO - Filling up the DagBag from /Library/Frameworks/Python.framework/Versions/3.10/lib/python3.10/site-packages/airflow/example_dags/example_xcomargs.py
[2026-04-22T11:47:14.942+0530] {processor.py:840} INFO - DAG(s) 'example_xcom_args', 'example_xcom_args_with_operators' retrieved from /Library/Frameworks/Python.framework/Versions/3.10/lib/python3.10/site-packages/airflow/example_dags/example_xcomargs.py
[2026-04-22T11:47:14.975+0530] {logging_mixin.py:188} INFO - [2026-04-22T11:47:14.975+0530] {dag.py:3096} INFO - Sync 2 DAGs
[2026-04-22T11:47:14.978+0530] {logging_mixin.py:188} INFO - [2026-04-22T11:47:14.978+0530] {dag.py:3954} INFO - Setting next_dagrun for example_xcom_args to None, run_after=None
[2026-04-22T11:47:14.979+0530] {logging_mixin.py:188} INFO - [2026-04-22T11:47:14.979+0530] {dag.py:3954} INFO - Setting next_dagrun for example_xcom_args_with_operators to None, run_after=None
[2026-04-22T11:47:14.983+0530] {processor.py:183} INFO - Processing /Library/Frameworks/Python.framework/Versions/3.10/lib/python3.10/site-packages/airflow/example_dags/example_xcomargs.py took 0.057 seconds
[2026-04-22T11:48:03.441+0530] {processor.py:161} INFO - Started process (PID=69359) to work on /Library/Frameworks/Python.framework/Versions/3.10/lib/python3.10/site-packages/airflow/example_dags/example_xcomargs.py
[2026-04-22T11:48:03.442+0530] {processor.py:830} INFO - Processing file /Library/Frameworks/Python.framework/Versions/3.10/lib/python3.10/site-packages/airflow/example_dags/example_xcomargs.py for tasks to queue
[2026-04-22T11:48:03.442+0530] {logging_mixin.py:188} INFO - [2026-04-22T11:48:03.442+0530] {dagbag.py:545} INFO - Filling up the DagBag from /Library/Frameworks/Python.framework/Versions/3.10/lib/python3.10/site-packages/airflow/example_dags/example_xcomargs.py
[2026-04-22T11:48:03.455+0530] {processor.py:840} INFO - DAG(s) 'example_xcom_args_with_operators', 'example_xcom_args' retrieved from /Library/Frameworks/Python.framework/Versions/3.10/lib/python3.10/site-packages/airflow/example_dags/example_xcomargs.py
[2026-04-22T11:48:03.488+0530] {logging_mixin.py:188} INFO - [2026-04-22T11:48:03.488+0530] {dag.py:3096} INFO - Sync 2 DAGs
[2026-04-22T11:48:03.491+0530] {logging_mixin.py:188} INFO - [2026-04-22T11:48:03.491+0530] {dag.py:3954} INFO - Setting next_dagrun for example_xcom_args to None, run_after=None
[2026-04-22T11:48:03.492+0530] {logging_mixin.py:188} INFO - [2026-04-22T11:48:03.492+0530] {dag.py:3954} INFO - Setting next_dagrun for example_xcom_args_with_operators to None, run_after=None
[2026-04-22T11:48:03.497+0530] {processor.py:183} INFO - Processing /Library/Frameworks/Python.framework/Versions/3.10/lib/python3.10/site-packages/airflow/example_dags/example_xcomargs.py took 0.057 seconds
[2026-04-22T11:48:52.652+0530] {processor.py:161} INFO - Started process (PID=69447) to work on /Library/Frameworks/Python.framework/Versions/3.10/lib/python3.10/site-packages/airflow/example_dags/example_xcomargs.py
[2026-04-22T11:48:52.652+0530] {processor.py:830} INFO - Processing file /Library/Frameworks/Python.framework/Versions/3.10/lib/python3.10/site-packages/airflow/example_dags/example_xcomargs.py for tasks to queue
[2026-04-22T11:48:52.653+0530] {logging_mixin.py:188} INFO - [2026-04-22T11:48:52.653+0530] {dagbag.py:545} INFO - Filling up the DagBag from /Library/Frameworks/Python.framework/Versions/3.10/lib/python3.10/site-packages/airflow/example_dags/example_xcomargs.py
[2026-04-22T11:48:52.664+0530] {processor.py:840} INFO - DAG(s) 'example_xcom_args', 'example_xcom_args_with_operators' retrieved from /Library/Frameworks/Python.framework/Versions/3.10/lib/python3.10/site-packages/airflow/example_dags/example_xcomargs.py
[2026-04-22T11:48:52.696+0530] {logging_mixin.py:188} INFO - [2026-04-22T11:48:52.696+0530] {dag.py:3096} INFO - Sync 2 DAGs
[2026-04-22T11:48:52.699+0530] {logging_mixin.py:188} INFO - [2026-04-22T11:48:52.699+0530] {dag.py:3954} INFO - Setting next_dagrun for example_xcom_args to None, run_after=None
[2026-04-22T11:48:52.700+0530] {logging_mixin.py:188} INFO - [2026-04-22T11:48:52.700+0530] {dag.py:3954} INFO - Setting next_dagrun for example_xcom_args_with_operators to None, run_after=None
[2026-04-22T11:48:52.705+0530] {processor.py:183} INFO - Processing /Library/Frameworks/Python.framework/Versions/3.10/lib/python3.10/site-packages/airflow/example_dags/example_xcomargs.py took 0.054 seconds
[2026-04-22T11:49:29.738+0530] {processor.py:161} INFO - Started process (PID=69503) to work on /Library/Frameworks/Python.framework/Versions/3.10/lib/python3.10/site-packages/airflow/example_dags/example_xcomargs.py
[2026-04-22T11:49:29.739+0530] {processor.py:830} INFO - Processing file /Library/Frameworks/Python.framework/Versions/3.10/lib/python3.10/site-packages/airflow/example_dags/example_xcomargs.py for tasks to queue
[2026-04-22T11:49:29.739+0530] {logging_mixin.py:188} INFO - [2026-04-22T11:49:29.739+0530] {dagbag.py:545} INFO - Filling up the DagBag from /Library/Frameworks/Python.framework/Versions/3.10/lib/python3.10/site-packages/airflow/example_dags/example_xcomargs.py
[2026-04-22T11:49:29.751+0530] {processor.py:840} INFO - DAG(s) 'example_xcom_args_with_operators', 'example_xcom_args' retrieved from /Library/Frameworks/Python.framework/Versions/3.10/lib/python3.10/site-packages/airflow/example_dags/example_xcomargs.py
[2026-04-22T11:49:29.784+0530] {logging_mixin.py:188} INFO - [2026-04-22T11:49:29.784+0530] {dag.py:3096} INFO - Sync 2 DAGs
[2026-04-22T11:49:29.787+0530] {logging_mixin.py:188} INFO - [2026-04-22T11:49:29.787+0530] {dag.py:3954} INFO - Setting next_dagrun for example_xcom_args to None, run_after=None
[2026-04-22T11:49:29.788+0530] {logging_mixin.py:188} INFO - [2026-04-22T11:49:29.788+0530] {dag.py:3954} INFO - Setting next_dagrun for example_xcom_args_with_operators to None, run_after=None
[2026-04-22T11:49:29.793+0530] {processor.py:183} INFO - Processing /Library/Frameworks/Python.framework/Versions/3.10/lib/python3.10/site-packages/airflow/example_dags/example_xcomargs.py took 0.056 seconds
[2026-04-22T11:50:07.467+0530] {processor.py:161} INFO - Started process (PID=69571) to work on /Library/Frameworks/Python.framework/Versions/3.10/lib/python3.10/site-packages/airflow/example_dags/example_xcomargs.py
[2026-04-22T11:50:07.467+0530] {processor.py:830} INFO - Processing file /Library/Frameworks/Python.framework/Versions/3.10/lib/python3.10/site-packages/airflow/example_dags/example_xcomargs.py for tasks to queue
[2026-04-22T11:50:07.467+0530] {logging_mixin.py:188} INFO - [2026-04-22T11:50:07.467+0530] {dagbag.py:545} INFO - Filling up the DagBag from /Library/Frameworks/Python.framework/Versions/3.10/lib/python3.10/site-packages/airflow/example_dags/example_xcomargs.py
[2026-04-22T11:50:07.480+0530] {processor.py:840} INFO - DAG(s) 'example_xcom_args', 'example_xcom_args_with_operators' retrieved from /Library/Frameworks/Python.framework/Versions/3.10/lib/python3.10/site-packages/airflow/example_dags/example_xcomargs.py
[2026-04-22T11:50:07.513+0530] {logging_mixin.py:188} INFO - [2026-04-22T11:50:07.512+0530] {dag.py:3096} INFO - Sync 2 DAGs
[2026-04-22T11:50:07.516+0530] {logging_mixin.py:188} INFO - [2026-04-22T11:50:07.515+0530] {dag.py:3954} INFO - Setting next_dagrun for example_xcom_args to None, run_after=None
[2026-04-22T11:50:07.516+0530] {logging_mixin.py:188} INFO - [2026-04-22T11:50:07.516+0530] {dag.py:3954} INFO - Setting next_dagrun for example_xcom_args_with_operators to None, run_after=None
[2026-04-22T11:50:07.521+0530] {processor.py:183} INFO - Processing /Library/Frameworks/Python.framework/Versions/3.10/lib/python3.10/site-packages/airflow/example_dags/example_xcomargs.py took 0.055 seconds
[2026-04-22T11:50:44.290+0530] {processor.py:161} INFO - Started process (PID=69630) to work on /Library/Frameworks/Python.framework/Versions/3.10/lib/python3.10/site-packages/airflow/example_dags/example_xcomargs.py
[2026-04-22T11:50:44.291+0530] {processor.py:830} INFO - Processing file /Library/Frameworks/Python.framework/Versions/3.10/lib/python3.10/site-packages/airflow/example_dags/example_xcomargs.py for tasks to queue
[2026-04-22T11:50:44.291+0530] {logging_mixin.py:188} INFO - [2026-04-22T11:50:44.291+0530] {dagbag.py:545} INFO - Filling up the DagBag from /Library/Frameworks/Python.framework/Versions/3.10/lib/python3.10/site-packages/airflow/example_dags/example_xcomargs.py
[2026-04-22T11:50:44.304+0530] {processor.py:840} INFO - DAG(s) 'example_xcom_args', 'example_xcom_args_with_operators' retrieved from /Library/Frameworks/Python.framework/Versions/3.10/lib/python3.10/site-packages/airflow/example_dags/example_xcomargs.py
[2026-04-22T11:50:44.337+0530] {logging_mixin.py:188} INFO - [2026-04-22T11:50:44.337+0530] {dag.py:3096} INFO - Sync 2 DAGs
[2026-04-22T11:50:44.340+0530] {logging_mixin.py:188} INFO - [2026-04-22T11:50:44.340+0530] {dag.py:3954} INFO - Setting next_dagrun for example_xcom_args to None, run_after=None
[2026-04-22T11:50:44.341+0530] {logging_mixin.py:188} INFO - [2026-04-22T11:50:44.341+0530] {dag.py:3954} INFO - Setting next_dagrun for example_xcom_args_with_operators to None, run_after=None
[2026-04-22T11:50:44.346+0530] {processor.py:183} INFO - Processing /Library/Frameworks/Python.framework/Versions/3.10/lib/python3.10/site-packages/airflow/example_dags/example_xcomargs.py took 0.057 seconds
[2026-04-22T12:09:21.720+0530] {processor.py:161} INFO - Started process (PID=70862) to work on /Library/Frameworks/Python.framework/Versions/3.10/lib/python3.10/site-packages/airflow/example_dags/example_xcomargs.py
[2026-04-22T12:09:21.721+0530] {processor.py:830} INFO - Processing file /Library/Frameworks/Python.framework/Versions/3.10/lib/python3.10/site-packages/airflow/example_dags/example_xcomargs.py for tasks to queue
[2026-04-22T12:09:21.721+0530] {logging_mixin.py:188} INFO - [2026-04-22T12:09:21.721+0530] {dagbag.py:545} INFO - Filling up the DagBag from /Library/Frameworks/Python.framework/Versions/3.10/lib/python3.10/site-packages/airflow/example_dags/example_xcomargs.py
[2026-04-22T12:09:21.733+0530] {processor.py:840} INFO - DAG(s) 'example_xcom_args', 'example_xcom_args_with_operators' retrieved from /Library/Frameworks/Python.framework/Versions/3.10/lib/python3.10/site-packages/airflow/example_dags/example_xcomargs.py
[2026-04-22T12:09:21.766+0530] {logging_mixin.py:188} INFO - [2026-04-22T12:09:21.766+0530] {dag.py:3096} INFO - Sync 2 DAGs
[2026-04-22T12:09:21.769+0530] {logging_mixin.py:188} INFO - [2026-04-22T12:09:21.769+0530] {dag.py:3954} INFO - Setting next_dagrun for example_xcom_args to None, run_after=None
[2026-04-22T12:09:21.770+0530] {logging_mixin.py:188} INFO - [2026-04-22T12:09:21.770+0530] {dag.py:3954} INFO - Setting next_dagrun for example_xcom_args_with_operators to None, run_after=None
[2026-04-22T12:09:21.774+0530] {processor.py:183} INFO - Processing /Library/Frameworks/Python.framework/Versions/3.10/lib/python3.10/site-packages/airflow/example_dags/example_xcomargs.py took 0.056 seconds
[2026-04-22T12:14:11.889+0530] {processor.py:161} INFO - Started process (PID=71212) to work on /Library/Frameworks/Python.framework/Versions/3.10/lib/python3.10/site-packages/airflow/example_dags/example_xcomargs.py
[2026-04-22T12:14:11.890+0530] {processor.py:830} INFO - Processing file /Library/Frameworks/Python.framework/Versions/3.10/lib/python3.10/site-packages/airflow/example_dags/example_xcomargs.py for tasks to queue
[2026-04-22T12:14:11.890+0530] {logging_mixin.py:188} INFO - [2026-04-22T12:14:11.890+0530] {dagbag.py:545} INFO - Filling up the DagBag from /Library/Frameworks/Python.framework/Versions/3.10/lib/python3.10/site-packages/airflow/example_dags/example_xcomargs.py
[2026-04-22T12:14:11.907+0530] {processor.py:840} INFO - DAG(s) 'example_xcom_args_with_operators', 'example_xcom_args' retrieved from /Library/Frameworks/Python.framework/Versions/3.10/lib/python3.10/site-packages/airflow/example_dags/example_xcomargs.py
[2026-04-22T12:14:11.948+0530] {logging_mixin.py:188} INFO - [2026-04-22T12:14:11.947+0530] {dag.py:3096} INFO - Sync 2 DAGs
[2026-04-22T12:14:11.951+0530] {logging_mixin.py:188} INFO - [2026-04-22T12:14:11.951+0530] {dag.py:3954} INFO - Setting next_dagrun for example_xcom_args to None, run_after=None
[2026-04-22T12:14:11.952+0530] {logging_mixin.py:188} INFO - [2026-04-22T12:14:11.952+0530] {dag.py:3954} INFO - Setting next_dagrun for example_xcom_args_with_operators to None, run_after=None
[2026-04-22T12:14:11.957+0530] {processor.py:183} INFO - Processing /Library/Frameworks/Python.framework/Versions/3.10/lib/python3.10/site-packages/airflow/example_dags/example_xcomargs.py took 0.069 seconds
[2026-04-22T12:18:18.478+0530] {processor.py:161} INFO - Started process (PID=71516) to work on /Library/Frameworks/Python.framework/Versions/3.10/lib/python3.10/site-packages/airflow/example_dags/example_xcomargs.py
[2026-04-22T12:18:18.480+0530] {processor.py:830} INFO - Processing file /Library/Frameworks/Python.framework/Versions/3.10/lib/python3.10/site-packages/airflow/example_dags/example_xcomargs.py for tasks to queue
[2026-04-22T12:18:18.480+0530] {logging_mixin.py:188} INFO - [2026-04-22T12:18:18.480+0530] {dagbag.py:545} INFO - Filling up the DagBag from /Library/Frameworks/Python.framework/Versions/3.10/lib/python3.10/site-packages/airflow/example_dags/example_xcomargs.py
[2026-04-22T12:18:18.492+0530] {processor.py:840} INFO - DAG(s) 'example_xcom_args_with_operators', 'example_xcom_args' retrieved from /Library/Frameworks/Python.framework/Versions/3.10/lib/python3.10/site-packages/airflow/example_dags/example_xcomargs.py
[2026-04-22T12:18:18.526+0530] {logging_mixin.py:188} INFO - [2026-04-22T12:18:18.526+0530] {dag.py:3096} INFO - Sync 2 DAGs
[2026-04-22T12:18:18.529+0530] {logging_mixin.py:188} INFO - [2026-04-22T12:18:18.529+0530] {dag.py:3954} INFO - Setting next_dagrun for example_xcom_args to None, run_after=None
[2026-04-22T12:18:18.530+0530] {logging_mixin.py:188} INFO - [2026-04-22T12:18:18.530+0530] {dag.py:3954} INFO - Setting next_dagrun for example_xcom_args_with_operators to None, run_after=None
[2026-04-22T12:18:18.535+0530] {processor.py:183} INFO - Processing /Library/Frameworks/Python.framework/Versions/3.10/lib/python3.10/site-packages/airflow/example_dags/example_xcomargs.py took 0.057 seconds
[2026-04-22T12:20:24.039+0530] {processor.py:161} INFO - Started process (PID=72121) to work on /Library/Frameworks/Python.framework/Versions/3.10/lib/python3.10/site-packages/airflow/example_dags/example_xcomargs.py
[2026-04-22T12:20:24.039+0530] {processor.py:830} INFO - Processing file /Library/Frameworks/Python.framework/Versions/3.10/lib/python3.10/site-packages/airflow/example_dags/example_xcomargs.py for tasks to queue
[2026-04-22T12:20:24.039+0530] {logging_mixin.py:188} INFO - [2026-04-22T12:20:24.039+0530] {dagbag.py:545} INFO - Filling up the DagBag from /Library/Frameworks/Python.framework/Versions/3.10/lib/python3.10/site-packages/airflow/example_dags/example_xcomargs.py
[2026-04-22T12:20:24.051+0530] {processor.py:840} INFO - DAG(s) 'example_xcom_args', 'example_xcom_args_with_operators' retrieved from /Library/Frameworks/Python.framework/Versions/3.10/lib/python3.10/site-packages/airflow/example_dags/example_xcomargs.py
[2026-04-22T12:20:24.084+0530] {logging_mixin.py:188} INFO - [2026-04-22T12:20:24.083+0530] {dag.py:3096} INFO - Sync 2 DAGs
[2026-04-22T12:20:24.086+0530] {logging_mixin.py:188} INFO - [2026-04-22T12:20:24.086+0530] {dag.py:3954} INFO - Setting next_dagrun for example_xcom_args to None, run_after=None
[2026-04-22T12:20:24.087+0530] {logging_mixin.py:188} INFO - [2026-04-22T12:20:24.087+0530] {dag.py:3954} INFO - Setting next_dagrun for example_xcom_args_with_operators to None, run_after=None
[2026-04-22T12:20:24.092+0530] {processor.py:183} INFO - Processing /Library/Frameworks/Python.framework/Versions/3.10/lib/python3.10/site-packages/airflow/example_dags/example_xcomargs.py took 0.054 seconds
[2026-04-22T12:21:18.287+0530] {processor.py:161} INFO - Started process (PID=72293) to work on /Library/Frameworks/Python.framework/Versions/3.10/lib/python3.10/site-packages/airflow/example_dags/example_xcomargs.py
[2026-04-22T12:21:18.287+0530] {processor.py:830} INFO - Processing file /Library/Frameworks/Python.framework/Versions/3.10/lib/python3.10/site-packages/airflow/example_dags/example_xcomargs.py for tasks to queue
[2026-04-22T12:21:18.287+0530] {logging_mixin.py:188} INFO - [2026-04-22T12:21:18.287+0530] {dagbag.py:545} INFO - Filling up the DagBag from /Library/Frameworks/Python.framework/Versions/3.10/lib/python3.10/site-packages/airflow/example_dags/example_xcomargs.py
[2026-04-22T12:21:18.299+0530] {processor.py:840} INFO - DAG(s) 'example_xcom_args_with_operators', 'example_xcom_args' retrieved from /Library/Frameworks/Python.framework/Versions/3.10/lib/python3.10/site-packages/airflow/example_dags/example_xcomargs.py
[2026-04-22T12:21:18.331+0530] {logging_mixin.py:188} INFO - [2026-04-22T12:21:18.331+0530] {dag.py:3096} INFO - Sync 2 DAGs
[2026-04-22T12:21:18.334+0530] {logging_mixin.py:188} INFO - [2026-04-22T12:21:18.334+0530] {dag.py:3954} INFO - Setting next_dagrun for example_xcom_args to None, run_after=None
[2026-04-22T12:21:18.335+0530] {logging_mixin.py:188} INFO - [2026-04-22T12:21:18.335+0530] {dag.py:3954} INFO - Setting next_dagrun for example_xcom_args_with_operators to None, run_after=None
[2026-04-22T12:21:18.339+0530] {processor.py:183} INFO - Processing /Library/Frameworks/Python.framework/Versions/3.10/lib/python3.10/site-packages/airflow/example_dags/example_xcomargs.py took 0.054 seconds
[2026-04-22T12:22:14.196+0530] {processor.py:161} INFO - Started process (PID=72431) to work on /Library/Frameworks/Python.framework/Versions/3.10/lib/python3.10/site-packages/airflow/example_dags/example_xcomargs.py
[2026-04-22T12:22:14.197+0530] {processor.py:830} INFO - Processing file /Library/Frameworks/Python.framework/Versions/3.10/lib/python3.10/site-packages/airflow/example_dags/example_xcomargs.py for tasks to queue
[2026-04-22T12:22:14.197+0530] {logging_mixin.py:188} INFO - [2026-04-22T12:22:14.197+0530] {dagbag.py:545} INFO - Filling up the DagBag from /Library/Frameworks/Python.framework/Versions/3.10/lib/python3.10/site-packages/airflow/example_dags/example_xcomargs.py
[2026-04-22T12:22:14.209+0530] {processor.py:840} INFO - DAG(s) 'example_xcom_args_with_operators', 'example_xcom_args' retrieved from /Library/Frameworks/Python.framework/Versions/3.10/lib/python3.10/site-packages/airflow/example_dags/example_xcomargs.py
[2026-04-22T12:22:14.243+0530] {logging_mixin.py:188} INFO - [2026-04-22T12:22:14.243+0530] {dag.py:3096} INFO - Sync 2 DAGs
[2026-04-22T12:22:14.246+0530] {logging_mixin.py:188} INFO - [2026-04-22T12:22:14.246+0530] {dag.py:3954} INFO - Setting next_dagrun for example_xcom_args to None, run_after=None
[2026-04-22T12:22:14.247+0530] {logging_mixin.py:188} INFO - [2026-04-22T12:22:14.247+0530] {dag.py:3954} INFO - Setting next_dagrun for example_xcom_args_with_operators to None, run_after=None
[2026-04-22T12:22:14.251+0530] {processor.py:183} INFO - Processing /Library/Frameworks/Python.framework/Versions/3.10/lib/python3.10/site-packages/airflow/example_dags/example_xcomargs.py took 0.056 seconds
[2026-04-22T12:23:04.798+0530] {processor.py:161} INFO - Started process (PID=72498) to work on /Library/Frameworks/Python.framework/Versions/3.10/lib/python3.10/site-packages/airflow/example_dags/example_xcomargs.py
[2026-04-22T12:23:04.799+0530] {processor.py:830} INFO - Processing file /Library/Frameworks/Python.framework/Versions/3.10/lib/python3.10/site-packages/airflow/example_dags/example_xcomargs.py for tasks to queue
[2026-04-22T12:23:04.799+0530] {logging_mixin.py:188} INFO - [2026-04-22T12:23:04.799+0530] {dagbag.py:545} INFO - Filling up the DagBag from /Library/Frameworks/Python.framework/Versions/3.10/lib/python3.10/site-packages/airflow/example_dags/example_xcomargs.py
[2026-04-22T12:23:04.811+0530] {processor.py:840} INFO - DAG(s) 'example_xcom_args', 'example_xcom_args_with_operators' retrieved from /Library/Frameworks/Python.framework/Versions/3.10/lib/python3.10/site-packages/airflow/example_dags/example_xcomargs.py
[2026-04-22T12:23:04.844+0530] {logging_mixin.py:188} INFO - [2026-04-22T12:23:04.844+0530] {dag.py:3096} INFO - Sync 2 DAGs
[2026-04-22T12:23:04.847+0530] {logging_mixin.py:188} INFO - [2026-04-22T12:23:04.847+0530] {dag.py:3954} INFO - Setting next_dagrun for example_xcom_args to None, run_after=None
[2026-04-22T12:23:04.848+0530] {logging_mixin.py:188} INFO - [2026-04-22T12:23:04.848+0530] {dag.py:3954} INFO - Setting next_dagrun for example_xcom_args_with_operators to None, run_after=None
[2026-04-22T12:23:04.852+0530] {processor.py:183} INFO - Processing /Library/Frameworks/Python.framework/Versions/3.10/lib/python3.10/site-packages/airflow/example_dags/example_xcomargs.py took 0.056 seconds
[2026-04-22T12:23:55.362+0530] {processor.py:161} INFO - Started process (PID=72569) to work on /Library/Frameworks/Python.framework/Versions/3.10/lib/python3.10/site-packages/airflow/example_dags/example_xcomargs.py
[2026-04-22T12:23:55.362+0530] {processor.py:830} INFO - Processing file /Library/Frameworks/Python.framework/Versions/3.10/lib/python3.10/site-packages/airflow/example_dags/example_xcomargs.py for tasks to queue
[2026-04-22T12:23:55.362+0530] {logging_mixin.py:188} INFO - [2026-04-22T12:23:55.362+0530] {dagbag.py:545} INFO - Filling up the DagBag from /Library/Frameworks/Python.framework/Versions/3.10/lib/python3.10/site-packages/airflow/example_dags/example_xcomargs.py
[2026-04-22T12:23:55.375+0530] {processor.py:840} INFO - DAG(s) 'example_xcom_args_with_operators', 'example_xcom_args' retrieved from /Library/Frameworks/Python.framework/Versions/3.10/lib/python3.10/site-packages/airflow/example_dags/example_xcomargs.py
[2026-04-22T12:23:55.407+0530] {logging_mixin.py:188} INFO - [2026-04-22T12:23:55.407+0530] {dag.py:3096} INFO - Sync 2 DAGs
[2026-04-22T12:23:55.410+0530] {logging_mixin.py:188} INFO - [2026-04-22T12:23:55.410+0530] {dag.py:3954} INFO - Setting next_dagrun for example_xcom_args to None, run_after=None
[2026-04-22T12:23:55.411+0530] {logging_mixin.py:188} INFO - [2026-04-22T12:23:55.411+0530] {dag.py:3954} INFO - Setting next_dagrun for example_xcom_args_with_operators to None, run_after=None
[2026-04-22T12:23:55.416+0530] {processor.py:183} INFO - Processing /Library/Frameworks/Python.framework/Versions/3.10/lib/python3.10/site-packages/airflow/example_dags/example_xcomargs.py took 0.055 seconds
[2026-04-22T12:24:47.705+0530] {processor.py:161} INFO - Started process (PID=72652) to work on /Library/Frameworks/Python.framework/Versions/3.10/lib/python3.10/site-packages/airflow/example_dags/example_xcomargs.py
[2026-04-22T12:24:47.705+0530] {processor.py:830} INFO - Processing file /Library/Frameworks/Python.framework/Versions/3.10/lib/python3.10/site-packages/airflow/example_dags/example_xcomargs.py for tasks to queue
[2026-04-22T12:24:47.705+0530] {logging_mixin.py:188} INFO - [2026-04-22T12:24:47.705+0530] {dagbag.py:545} INFO - Filling up the DagBag from /Library/Frameworks/Python.framework/Versions/3.10/lib/python3.10/site-packages/airflow/example_dags/example_xcomargs.py
[2026-04-22T12:24:47.719+0530] {processor.py:840} INFO - DAG(s) 'example_xcom_args_with_operators', 'example_xcom_args' retrieved from /Library/Frameworks/Python.framework/Versions/3.10/lib/python3.10/site-packages/airflow/example_dags/example_xcomargs.py
[2026-04-22T12:24:47.753+0530] {logging_mixin.py:188} INFO - [2026-04-22T12:24:47.753+0530] {dag.py:3096} INFO - Sync 2 DAGs
[2026-04-22T12:24:47.756+0530] {logging_mixin.py:188} INFO - [2026-04-22T12:24:47.756+0530] {dag.py:3954} INFO - Setting next_dagrun for example_xcom_args to None, run_after=None
[2026-04-22T12:24:47.757+0530] {logging_mixin.py:188} INFO - [2026-04-22T12:24:47.757+0530] {dag.py:3954} INFO - Setting next_dagrun for example_xcom_args_with_operators to None, run_after=None
[2026-04-22T12:24:47.762+0530] {processor.py:183} INFO - Processing /Library/Frameworks/Python.framework/Versions/3.10/lib/python3.10/site-packages/airflow/example_dags/example_xcomargs.py took 0.058 seconds
[2026-04-22T12:25:40.645+0530] {processor.py:161} INFO - Started process (PID=72828) to work on /Library/Frameworks/Python.framework/Versions/3.10/lib/python3.10/site-packages/airflow/example_dags/example_xcomargs.py
[2026-04-22T12:25:40.646+0530] {processor.py:830} INFO - Processing file /Library/Frameworks/Python.framework/Versions/3.10/lib/python3.10/site-packages/airflow/example_dags/example_xcomargs.py for tasks to queue
[2026-04-22T12:25:40.646+0530] {logging_mixin.py:188} INFO - [2026-04-22T12:25:40.646+0530] {dagbag.py:545} INFO - Filling up the DagBag from /Library/Frameworks/Python.framework/Versions/3.10/lib/python3.10/site-packages/airflow/example_dags/example_xcomargs.py
[2026-04-22T12:25:40.659+0530] {processor.py:840} INFO - DAG(s) 'example_xcom_args', 'example_xcom_args_with_operators' retrieved from /Library/Frameworks/Python.framework/Versions/3.10/lib/python3.10/site-packages/airflow/example_dags/example_xcomargs.py
[2026-04-22T12:25:40.692+0530] {logging_mixin.py:188} INFO - [2026-04-22T12:25:40.692+0530] {dag.py:3096} INFO - Sync 2 DAGs
[2026-04-22T12:25:40.695+0530] {logging_mixin.py:188} INFO - [2026-04-22T12:25:40.695+0530] {dag.py:3954} INFO - Setting next_dagrun for example_xcom_args to None, run_after=None
[2026-04-22T12:25:40.696+0530] {logging_mixin.py:188} INFO - [2026-04-22T12:25:40.696+0530] {dag.py:3954} INFO - Setting next_dagrun for example_xcom_args_with_operators to None, run_after=None
[2026-04-22T12:25:40.701+0530] {processor.py:183} INFO - Processing /Library/Frameworks/Python.framework/Versions/3.10/lib/python3.10/site-packages/airflow/example_dags/example_xcomargs.py took 0.057 seconds
[2026-04-22T12:26:33.462+0530] {processor.py:161} INFO - Started process (PID=72906) to work on /Library/Frameworks/Python.framework/Versions/3.10/lib/python3.10/site-packages/airflow/example_dags/example_xcomargs.py
[2026-04-22T12:26:33.463+0530] {processor.py:830} INFO - Processing file /Library/Frameworks/Python.framework/Versions/3.10/lib/python3.10/site-packages/airflow/example_dags/example_xcomargs.py for tasks to queue
[2026-04-22T12:26:33.463+0530] {logging_mixin.py:188} INFO - [2026-04-22T12:26:33.463+0530] {dagbag.py:545} INFO - Filling up the DagBag from /Library/Frameworks/Python.framework/Versions/3.10/lib/python3.10/site-packages/airflow/example_dags/example_xcomargs.py
[2026-04-22T12:26:33.475+0530] {processor.py:840} INFO - DAG(s) 'example_xcom_args_with_operators', 'example_xcom_args' retrieved from /Library/Frameworks/Python.framework/Versions/3.10/lib/python3.10/site-packages/airflow/example_dags/example_xcomargs.py
[2026-04-22T12:26:33.509+0530] {logging_mixin.py:188} INFO - [2026-04-22T12:26:33.509+0530] {dag.py:3096} INFO - Sync 2 DAGs
[2026-04-22T12:26:33.512+0530] {logging_mixin.py:188} INFO - [2026-04-22T12:26:33.512+0530] {dag.py:3954} INFO - Setting next_dagrun for example_xcom_args to None, run_after=None
[2026-04-22T12:26:33.513+0530] {logging_mixin.py:188} INFO - [2026-04-22T12:26:33.513+0530] {dag.py:3954} INFO - Setting next_dagrun for example_xcom_args_with_operators to None, run_after=None
[2026-04-22T12:26:33.518+0530] {processor.py:183} INFO - Processing /Library/Frameworks/Python.framework/Versions/3.10/lib/python3.10/site-packages/airflow/example_dags/example_xcomargs.py took 0.057 seconds
[2026-04-22T12:27:25.896+0530] {processor.py:161} INFO - Started process (PID=72997) to work on /Library/Frameworks/Python.framework/Versions/3.10/lib/python3.10/site-packages/airflow/example_dags/example_xcomargs.py
[2026-04-22T12:27:25.896+0530] {processor.py:830} INFO - Processing file /Library/Frameworks/Python.framework/Versions/3.10/lib/python3.10/site-packages/airflow/example_dags/example_xcomargs.py for tasks to queue
[2026-04-22T12:27:25.896+0530] {logging_mixin.py:188} INFO - [2026-04-22T12:27:25.896+0530] {dagbag.py:545} INFO - Filling up the DagBag from /Library/Frameworks/Python.framework/Versions/3.10/lib/python3.10/site-packages/airflow/example_dags/example_xcomargs.py
[2026-04-22T12:27:25.909+0530] {processor.py:840} INFO - DAG(s) 'example_xcom_args', 'example_xcom_args_with_operators' retrieved from /Library/Frameworks/Python.framework/Versions/3.10/lib/python3.10/site-packages/airflow/example_dags/example_xcomargs.py
[2026-04-22T12:27:25.943+0530] {logging_mixin.py:188} INFO - [2026-04-22T12:27:25.943+0530] {dag.py:3096} INFO - Sync 2 DAGs
[2026-04-22T12:27:25.946+0530] {logging_mixin.py:188} INFO - [2026-04-22T12:27:25.946+0530] {dag.py:3954} INFO - Setting next_dagrun for example_xcom_args to None, run_after=None
[2026-04-22T12:27:25.947+0530] {logging_mixin.py:188} INFO - [2026-04-22T12:27:25.947+0530] {dag.py:3954} INFO - Setting next_dagrun for example_xcom_args_with_operators to None, run_after=None
[2026-04-22T12:27:25.952+0530] {processor.py:183} INFO - Processing /Library/Frameworks/Python.framework/Versions/3.10/lib/python3.10/site-packages/airflow/example_dags/example_xcomargs.py took 0.057 seconds
[2026-04-22T12:28:22.482+0530] {processor.py:161} INFO - Started process (PID=73127) to work on /Library/Frameworks/Python.framework/Versions/3.10/lib/python3.10/site-packages/airflow/example_dags/example_xcomargs.py
[2026-04-22T12:28:22.482+0530] {processor.py:830} INFO - Processing file /Library/Frameworks/Python.framework/Versions/3.10/lib/python3.10/site-packages/airflow/example_dags/example_xcomargs.py for tasks to queue
[2026-04-22T12:28:22.482+0530] {logging_mixin.py:188} INFO - [2026-04-22T12:28:22.482+0530] {dagbag.py:545} INFO - Filling up the DagBag from /Library/Frameworks/Python.framework/Versions/3.10/lib/python3.10/site-packages/airflow/example_dags/example_xcomargs.py
[2026-04-22T12:28:22.495+0530] {processor.py:840} INFO - DAG(s) 'example_xcom_args_with_operators', 'example_xcom_args' retrieved from /Library/Frameworks/Python.framework/Versions/3.10/lib/python3.10/site-packages/airflow/example_dags/example_xcomargs.py
[2026-04-22T12:28:22.530+0530] {logging_mixin.py:188} INFO - [2026-04-22T12:28:22.530+0530] {dag.py:3096} INFO - Sync 2 DAGs
[2026-04-22T12:28:22.533+0530] {logging_mixin.py:188} INFO - [2026-04-22T12:28:22.533+0530] {dag.py:3954} INFO - Setting next_dagrun for example_xcom_args to None, run_after=None
[2026-04-22T12:28:22.534+0530] {logging_mixin.py:188} INFO - [2026-04-22T12:28:22.534+0530] {dag.py:3954} INFO - Setting next_dagrun for example_xcom_args_with_operators to None, run_after=None
[2026-04-22T12:28:22.539+0530] {processor.py:183} INFO - Processing /Library/Frameworks/Python.framework/Versions/3.10/lib/python3.10/site-packages/airflow/example_dags/example_xcomargs.py took 0.058 seconds
[2026-04-22T12:29:21.230+0530] {processor.py:161} INFO - Started process (PID=73218) to work on /Library/Frameworks/Python.framework/Versions/3.10/lib/python3.10/site-packages/airflow/example_dags/example_xcomargs.py
[2026-04-22T12:29:21.231+0530] {processor.py:830} INFO - Processing file /Library/Frameworks/Python.framework/Versions/3.10/lib/python3.10/site-packages/airflow/example_dags/example_xcomargs.py for tasks to queue
[2026-04-22T12:29:21.231+0530] {logging_mixin.py:188} INFO - [2026-04-22T12:29:21.231+0530] {dagbag.py:545} INFO - Filling up the DagBag from /Library/Frameworks/Python.framework/Versions/3.10/lib/python3.10/site-packages/airflow/example_dags/example_xcomargs.py
[2026-04-22T12:29:21.243+0530] {processor.py:840} INFO - DAG(s) 'example_xcom_args', 'example_xcom_args_with_operators' retrieved from /Library/Frameworks/Python.framework/Versions/3.10/lib/python3.10/site-packages/airflow/example_dags/example_xcomargs.py
[2026-04-22T12:29:21.277+0530] {logging_mixin.py:188} INFO - [2026-04-22T12:29:21.277+0530] {dag.py:3096} INFO - Sync 2 DAGs
[2026-04-22T12:29:21.280+0530] {logging_mixin.py:188} INFO - [2026-04-22T12:29:21.280+0530] {dag.py:3954} INFO - Setting next_dagrun for example_xcom_args to None, run_after=None
[2026-04-22T12:29:21.281+0530] {logging_mixin.py:188} INFO - [2026-04-22T12:29:21.281+0530] {dag.py:3954} INFO - Setting next_dagrun for example_xcom_args_with_operators to None, run_after=None
[2026-04-22T12:29:21.285+0530] {processor.py:183} INFO - Processing /Library/Frameworks/Python.framework/Versions/3.10/lib/python3.10/site-packages/airflow/example_dags/example_xcomargs.py took 0.057 seconds
[2026-04-22T12:30:13.143+0530] {processor.py:161} INFO - Started process (PID=73337) to work on /Library/Frameworks/Python.framework/Versions/3.10/lib/python3.10/site-packages/airflow/example_dags/example_xcomargs.py
[2026-04-22T12:30:13.145+0530] {processor.py:830} INFO - Processing file /Library/Frameworks/Python.framework/Versions/3.10/lib/python3.10/site-packages/airflow/example_dags/example_xcomargs.py for tasks to queue
[2026-04-22T12:30:13.145+0530] {logging_mixin.py:188} INFO - [2026-04-22T12:30:13.145+0530] {dagbag.py:545} INFO - Filling up the DagBag from /Library/Frameworks/Python.framework/Versions/3.10/lib/python3.10/site-packages/airflow/example_dags/example_xcomargs.py
[2026-04-22T12:30:13.157+0530] {processor.py:840} INFO - DAG(s) 'example_xcom_args', 'example_xcom_args_with_operators' retrieved from /Library/Frameworks/Python.framework/Versions/3.10/lib/python3.10/site-packages/airflow/example_dags/example_xcomargs.py
[2026-04-22T12:30:13.190+0530] {logging_mixin.py:188} INFO - [2026-04-22T12:30:13.190+0530] {dag.py:3096} INFO - Sync 2 DAGs
[2026-04-22T12:30:13.193+0530] {logging_mixin.py:188} INFO - [2026-04-22T12:30:13.193+0530] {dag.py:3954} INFO - Setting next_dagrun for example_xcom_args to None, run_after=None
[2026-04-22T12:30:13.194+0530] {logging_mixin.py:188} INFO - [2026-04-22T12:30:13.194+0530] {dag.py:3954} INFO - Setting next_dagrun for example_xcom_args_with_operators to None, run_after=None
[2026-04-22T12:30:13.199+0530] {processor.py:183} INFO - Processing /Library/Frameworks/Python.framework/Versions/3.10/lib/python3.10/site-packages/airflow/example_dags/example_xcomargs.py took 0.057 seconds
[2026-04-22T12:31:09.141+0530] {processor.py:161} INFO - Started process (PID=73466) to work on /Library/Frameworks/Python.framework/Versions/3.10/lib/python3.10/site-packages/airflow/example_dags/example_xcomargs.py
[2026-04-22T12:31:09.142+0530] {processor.py:830} INFO - Processing file /Library/Frameworks/Python.framework/Versions/3.10/lib/python3.10/site-packages/airflow/example_dags/example_xcomargs.py for tasks to queue
[2026-04-22T12:31:09.142+0530] {logging_mixin.py:188} INFO - [2026-04-22T12:31:09.142+0530] {dagbag.py:545} INFO - Filling up the DagBag from /Library/Frameworks/Python.framework/Versions/3.10/lib/python3.10/site-packages/airflow/example_dags/example_xcomargs.py
[2026-04-22T12:31:09.154+0530] {processor.py:840} INFO - DAG(s) 'example_xcom_args', 'example_xcom_args_with_operators' retrieved from /Library/Frameworks/Python.framework/Versions/3.10/lib/python3.10/site-packages/airflow/example_dags/example_xcomargs.py
[2026-04-22T12:31:09.187+0530] {logging_mixin.py:188} INFO - [2026-04-22T12:31:09.187+0530] {dag.py:3096} INFO - Sync 2 DAGs
[2026-04-22T12:31:09.190+0530] {logging_mixin.py:188} INFO - [2026-04-22T12:31:09.190+0530] {dag.py:3954} INFO - Setting next_dagrun for example_xcom_args to None, run_after=None
[2026-04-22T12:31:09.191+0530] {logging_mixin.py:188} INFO - [2026-04-22T12:31:09.191+0530] {dag.py:3954} INFO - Setting next_dagrun for example_xcom_args_with_operators to None, run_after=None
[2026-04-22T12:31:09.196+0530] {processor.py:183} INFO - Processing /Library/Frameworks/Python.framework/Versions/3.10/lib/python3.10/site-packages/airflow/example_dags/example_xcomargs.py took 0.056 seconds
[2026-04-22T12:32:04.731+0530] {processor.py:161} INFO - Started process (PID=73576) to work on /Library/Frameworks/Python.framework/Versions/3.10/lib/python3.10/site-packages/airflow/example_dags/example_xcomargs.py
[2026-04-22T12:32:04.732+0530] {processor.py:830} INFO - Processing file /Library/Frameworks/Python.framework/Versions/3.10/lib/python3.10/site-packages/airflow/example_dags/example_xcomargs.py for tasks to queue
[2026-04-22T12:32:04.732+0530] {logging_mixin.py:188} INFO - [2026-04-22T12:32:04.732+0530] {dagbag.py:545} INFO - Filling up the DagBag from /Library/Frameworks/Python.framework/Versions/3.10/lib/python3.10/site-packages/airflow/example_dags/example_xcomargs.py
[2026-04-22T12:32:04.744+0530] {processor.py:840} INFO - DAG(s) 'example_xcom_args', 'example_xcom_args_with_operators' retrieved from /Library/Frameworks/Python.framework/Versions/3.10/lib/python3.10/site-packages/airflow/example_dags/example_xcomargs.py
[2026-04-22T12:32:04.778+0530] {logging_mixin.py:188} INFO - [2026-04-22T12:32:04.778+0530] {dag.py:3096} INFO - Sync 2 DAGs
[2026-04-22T12:32:04.781+0530] {logging_mixin.py:188} INFO - [2026-04-22T12:32:04.781+0530] {dag.py:3954} INFO - Setting next_dagrun for example_xcom_args to None, run_after=None
[2026-04-22T12:32:04.782+0530] {logging_mixin.py:188} INFO - [2026-04-22T12:32:04.781+0530] {dag.py:3954} INFO - Setting next_dagrun for example_xcom_args_with_operators to None, run_after=None
[2026-04-22T12:32:04.786+0530] {processor.py:183} INFO - Processing /Library/Frameworks/Python.framework/Versions/3.10/lib/python3.10/site-packages/airflow/example_dags/example_xcomargs.py took 0.056 seconds
[2026-04-22T12:32:56.939+0530] {processor.py:161} INFO - Started process (PID=73680) to work on /Library/Frameworks/Python.framework/Versions/3.10/lib/python3.10/site-packages/airflow/example_dags/example_xcomargs.py
[2026-04-22T12:32:56.940+0530] {processor.py:830} INFO - Processing file /Library/Frameworks/Python.framework/Versions/3.10/lib/python3.10/site-packages/airflow/example_dags/example_xcomargs.py for tasks to queue
[2026-04-22T12:32:56.940+0530] {logging_mixin.py:188} INFO - [2026-04-22T12:32:56.940+0530] {dagbag.py:545} INFO - Filling up the DagBag from /Library/Frameworks/Python.framework/Versions/3.10/lib/python3.10/site-packages/airflow/example_dags/example_xcomargs.py
[2026-04-22T12:32:56.952+0530] {processor.py:840} INFO - DAG(s) 'example_xcom_args', 'example_xcom_args_with_operators' retrieved from /Library/Frameworks/Python.framework/Versions/3.10/lib/python3.10/site-packages/airflow/example_dags/example_xcomargs.py
[2026-04-22T12:32:56.986+0530] {logging_mixin.py:188} INFO - [2026-04-22T12:32:56.985+0530] {dag.py:3096} INFO - Sync 2 DAGs
[2026-04-22T12:32:56.988+0530] {logging_mixin.py:188} INFO - [2026-04-22T12:32:56.988+0530] {dag.py:3954} INFO - Setting next_dagrun for example_xcom_args to None, run_after=None
[2026-04-22T12:32:56.989+0530] {logging_mixin.py:188} INFO - [2026-04-22T12:32:56.989+0530] {dag.py:3954} INFO - Setting next_dagrun for example_xcom_args_with_operators to None, run_after=None
[2026-04-22T12:32:56.994+0530] {processor.py:183} INFO - Processing /Library/Frameworks/Python.framework/Versions/3.10/lib/python3.10/site-packages/airflow/example_dags/example_xcomargs.py took 0.056 seconds
[2026-04-22T12:33:48.739+0530] {processor.py:161} INFO - Started process (PID=73747) to work on /Library/Frameworks/Python.framework/Versions/3.10/lib/python3.10/site-packages/airflow/example_dags/example_xcomargs.py
[2026-04-22T12:33:48.740+0530] {processor.py:830} INFO - Processing file /Library/Frameworks/Python.framework/Versions/3.10/lib/python3.10/site-packages/airflow/example_dags/example_xcomargs.py for tasks to queue
[2026-04-22T12:33:48.740+0530] {logging_mixin.py:188} INFO - [2026-04-22T12:33:48.740+0530] {dagbag.py:545} INFO - Filling up the DagBag from /Library/Frameworks/Python.framework/Versions/3.10/lib/python3.10/site-packages/airflow/example_dags/example_xcomargs.py
[2026-04-22T12:33:48.752+0530] {processor.py:840} INFO - DAG(s) 'example_xcom_args', 'example_xcom_args_with_operators' retrieved from /Library/Frameworks/Python.framework/Versions/3.10/lib/python3.10/site-packages/airflow/example_dags/example_xcomargs.py
[2026-04-22T12:33:48.786+0530] {logging_mixin.py:188} INFO - [2026-04-22T12:33:48.785+0530] {dag.py:3096} INFO - Sync 2 DAGs
[2026-04-22T12:33:48.789+0530] {logging_mixin.py:188} INFO - [2026-04-22T12:33:48.789+0530] {dag.py:3954} INFO - Setting next_dagrun for example_xcom_args to None, run_after=None
[2026-04-22T12:33:48.790+0530] {logging_mixin.py:188} INFO - [2026-04-22T12:33:48.790+0530] {dag.py:3954} INFO - Setting next_dagrun for example_xcom_args_with_operators to None, run_after=None
[2026-04-22T12:33:48.794+0530] {processor.py:183} INFO - Processing /Library/Frameworks/Python.framework/Versions/3.10/lib/python3.10/site-packages/airflow/example_dags/example_xcomargs.py took 0.055 seconds
[2026-04-22T12:34:41.492+0530] {processor.py:161} INFO - Started process (PID=73814) to work on /Library/Frameworks/Python.framework/Versions/3.10/lib/python3.10/site-packages/airflow/example_dags/example_xcomargs.py
[2026-04-22T12:34:41.492+0530] {processor.py:830} INFO - Processing file /Library/Frameworks/Python.framework/Versions/3.10/lib/python3.10/site-packages/airflow/example_dags/example_xcomargs.py for tasks to queue
[2026-04-22T12:34:41.492+0530] {logging_mixin.py:188} INFO - [2026-04-22T12:34:41.492+0530] {dagbag.py:545} INFO - Filling up the DagBag from /Library/Frameworks/Python.framework/Versions/3.10/lib/python3.10/site-packages/airflow/example_dags/example_xcomargs.py
[2026-04-22T12:34:41.506+0530] {processor.py:840} INFO - DAG(s) 'example_xcom_args', 'example_xcom_args_with_operators' retrieved from /Library/Frameworks/Python.framework/Versions/3.10/lib/python3.10/site-packages/airflow/example_dags/example_xcomargs.py
[2026-04-22T12:34:41.542+0530] {logging_mixin.py:188} INFO - [2026-04-22T12:34:41.542+0530] {dag.py:3096} INFO - Sync 2 DAGs
[2026-04-22T12:34:41.546+0530] {logging_mixin.py:188} INFO - [2026-04-22T12:34:41.546+0530] {dag.py:3954} INFO - Setting next_dagrun for example_xcom_args to None, run_after=None
[2026-04-22T12:34:41.547+0530] {logging_mixin.py:188} INFO - [2026-04-22T12:34:41.547+0530] {dag.py:3954} INFO - Setting next_dagrun for example_xcom_args_with_operators to None, run_after=None
[2026-04-22T12:34:41.552+0530] {processor.py:183} INFO - Processing /Library/Frameworks/Python.framework/Versions/3.10/lib/python3.10/site-packages/airflow/example_dags/example_xcomargs.py took 0.062 seconds
[2026-04-22T12:35:33.308+0530] {processor.py:161} INFO - Started process (PID=73885) to work on /Library/Frameworks/Python.framework/Versions/3.10/lib/python3.10/site-packages/airflow/example_dags/example_xcomargs.py
[2026-04-22T12:35:33.308+0530] {processor.py:830} INFO - Processing file /Library/Frameworks/Python.framework/Versions/3.10/lib/python3.10/site-packages/airflow/example_dags/example_xcomargs.py for tasks to queue
[2026-04-22T12:35:33.309+0530] {logging_mixin.py:188} INFO - [2026-04-22T12:35:33.309+0530] {dagbag.py:545} INFO - Filling up the DagBag from /Library/Frameworks/Python.framework/Versions/3.10/lib/python3.10/site-packages/airflow/example_dags/example_xcomargs.py
[2026-04-22T12:35:33.321+0530] {processor.py:840} INFO - DAG(s) 'example_xcom_args_with_operators', 'example_xcom_args' retrieved from /Library/Frameworks/Python.framework/Versions/3.10/lib/python3.10/site-packages/airflow/example_dags/example_xcomargs.py
[2026-04-22T12:35:33.355+0530] {logging_mixin.py:188} INFO - [2026-04-22T12:35:33.355+0530] {dag.py:3096} INFO - Sync 2 DAGs
[2026-04-22T12:35:33.358+0530] {logging_mixin.py:188} INFO - [2026-04-22T12:35:33.358+0530] {dag.py:3954} INFO - Setting next_dagrun for example_xcom_args to None, run_after=None
[2026-04-22T12:35:33.359+0530] {logging_mixin.py:188} INFO - [2026-04-22T12:35:33.359+0530] {dag.py:3954} INFO - Setting next_dagrun for example_xcom_args_with_operators to None, run_after=None
[2026-04-22T12:35:33.363+0530] {processor.py:183} INFO - Processing /Library/Frameworks/Python.framework/Versions/3.10/lib/python3.10/site-packages/airflow/example_dags/example_xcomargs.py took 0.056 seconds
[2026-04-22T12:36:24.582+0530] {processor.py:161} INFO - Started process (PID=73952) to work on /Library/Frameworks/Python.framework/Versions/3.10/lib/python3.10/site-packages/airflow/example_dags/example_xcomargs.py
[2026-04-22T12:36:24.583+0530] {processor.py:830} INFO - Processing file /Library/Frameworks/Python.framework/Versions/3.10/lib/python3.10/site-packages/airflow/example_dags/example_xcomargs.py for tasks to queue
[2026-04-22T12:36:24.583+0530] {logging_mixin.py:188} INFO - [2026-04-22T12:36:24.583+0530] {dagbag.py:545} INFO - Filling up the DagBag from /Library/Frameworks/Python.framework/Versions/3.10/lib/python3.10/site-packages/airflow/example_dags/example_xcomargs.py
[2026-04-22T12:36:24.595+0530] {processor.py:840} INFO - DAG(s) 'example_xcom_args_with_operators', 'example_xcom_args' retrieved from /Library/Frameworks/Python.framework/Versions/3.10/lib/python3.10/site-packages/airflow/example_dags/example_xcomargs.py
[2026-04-22T12:36:24.628+0530] {logging_mixin.py:188} INFO - [2026-04-22T12:36:24.628+0530] {dag.py:3096} INFO - Sync 2 DAGs
[2026-04-22T12:36:24.631+0530] {logging_mixin.py:188} INFO - [2026-04-22T12:36:24.631+0530] {dag.py:3954} INFO - Setting next_dagrun for example_xcom_args to None, run_after=None
[2026-04-22T12:36:24.632+0530] {logging_mixin.py:188} INFO - [2026-04-22T12:36:24.632+0530] {dag.py:3954} INFO - Setting next_dagrun for example_xcom_args_with_operators to None, run_after=None
[2026-04-22T12:36:24.637+0530] {processor.py:183} INFO - Processing /Library/Frameworks/Python.framework/Versions/3.10/lib/python3.10/site-packages/airflow/example_dags/example_xcomargs.py took 0.056 seconds
[2026-04-22T12:37:15.053+0530] {processor.py:161} INFO - Started process (PID=74005) to work on /Library/Frameworks/Python.framework/Versions/3.10/lib/python3.10/site-packages/airflow/example_dags/example_xcomargs.py
[2026-04-22T12:37:15.054+0530] {processor.py:830} INFO - Processing file /Library/Frameworks/Python.framework/Versions/3.10/lib/python3.10/site-packages/airflow/example_dags/example_xcomargs.py for tasks to queue
[2026-04-22T12:37:15.055+0530] {logging_mixin.py:188} INFO - [2026-04-22T12:37:15.055+0530] {dagbag.py:545} INFO - Filling up the DagBag from /Library/Frameworks/Python.framework/Versions/3.10/lib/python3.10/site-packages/airflow/example_dags/example_xcomargs.py
[2026-04-22T12:37:15.068+0530] {processor.py:840} INFO - DAG(s) 'example_xcom_args', 'example_xcom_args_with_operators' retrieved from /Library/Frameworks/Python.framework/Versions/3.10/lib/python3.10/site-packages/airflow/example_dags/example_xcomargs.py
[2026-04-22T12:37:15.101+0530] {logging_mixin.py:188} INFO - [2026-04-22T12:37:15.101+0530] {dag.py:3096} INFO - Sync 2 DAGs
[2026-04-22T12:37:15.104+0530] {logging_mixin.py:188} INFO - [2026-04-22T12:37:15.104+0530] {dag.py:3954} INFO - Setting next_dagrun for example_xcom_args to None, run_after=None
[2026-04-22T12:37:15.105+0530] {logging_mixin.py:188} INFO - [2026-04-22T12:37:15.105+0530] {dag.py:3954} INFO - Setting next_dagrun for example_xcom_args_with_operators to None, run_after=None
[2026-04-22T12:37:15.109+0530] {processor.py:183} INFO - Processing /Library/Frameworks/Python.framework/Versions/3.10/lib/python3.10/site-packages/airflow/example_dags/example_xcomargs.py took 0.057 seconds
[2026-04-22T12:38:11.780+0530] {processor.py:161} INFO - Started process (PID=74065) to work on /Library/Frameworks/Python.framework/Versions/3.10/lib/python3.10/site-packages/airflow/example_dags/example_xcomargs.py
[2026-04-22T12:38:11.781+0530] {processor.py:830} INFO - Processing file /Library/Frameworks/Python.framework/Versions/3.10/lib/python3.10/site-packages/airflow/example_dags/example_xcomargs.py for tasks to queue
[2026-04-22T12:38:11.781+0530] {logging_mixin.py:188} INFO - [2026-04-22T12:38:11.781+0530] {dagbag.py:545} INFO - Filling up the DagBag from /Library/Frameworks/Python.framework/Versions/3.10/lib/python3.10/site-packages/airflow/example_dags/example_xcomargs.py
[2026-04-22T12:38:11.794+0530] {processor.py:840} INFO - DAG(s) 'example_xcom_args', 'example_xcom_args_with_operators' retrieved from /Library/Frameworks/Python.framework/Versions/3.10/lib/python3.10/site-packages/airflow/example_dags/example_xcomargs.py
[2026-04-22T12:38:11.827+0530] {logging_mixin.py:188} INFO - [2026-04-22T12:38:11.827+0530] {dag.py:3096} INFO - Sync 2 DAGs
[2026-04-22T12:38:11.830+0530] {logging_mixin.py:188} INFO - [2026-04-22T12:38:11.830+0530] {dag.py:3954} INFO - Setting next_dagrun for example_xcom_args to None, run_after=None
[2026-04-22T12:38:11.831+0530] {logging_mixin.py:188} INFO - [2026-04-22T12:38:11.831+0530] {dag.py:3954} INFO - Setting next_dagrun for example_xcom_args_with_operators to None, run_after=None
[2026-04-22T12:38:11.836+0530] {processor.py:183} INFO - Processing /Library/Frameworks/Python.framework/Versions/3.10/lib/python3.10/site-packages/airflow/example_dags/example_xcomargs.py took 0.057 seconds
[2026-04-22T12:39:12.180+0530] {processor.py:161} INFO - Started process (PID=74134) to work on /Library/Frameworks/Python.framework/Versions/3.10/lib/python3.10/site-packages/airflow/example_dags/example_xcomargs.py
[2026-04-22T12:39:12.180+0530] {processor.py:830} INFO - Processing file /Library/Frameworks/Python.framework/Versions/3.10/lib/python3.10/site-packages/airflow/example_dags/example_xcomargs.py for tasks to queue
[2026-04-22T12:39:12.180+0530] {logging_mixin.py:188} INFO - [2026-04-22T12:39:12.180+0530] {dagbag.py:545} INFO - Filling up the DagBag from /Library/Frameworks/Python.framework/Versions/3.10/lib/python3.10/site-packages/airflow/example_dags/example_xcomargs.py
[2026-04-22T12:39:12.193+0530] {processor.py:840} INFO - DAG(s) 'example_xcom_args', 'example_xcom_args_with_operators' retrieved from /Library/Frameworks/Python.framework/Versions/3.10/lib/python3.10/site-packages/airflow/example_dags/example_xcomargs.py
[2026-04-22T12:39:12.226+0530] {logging_mixin.py:188} INFO - [2026-04-22T12:39:12.226+0530] {dag.py:3096} INFO - Sync 2 DAGs
[2026-04-22T12:39:12.229+0530] {logging_mixin.py:188} INFO - [2026-04-22T12:39:12.229+0530] {dag.py:3954} INFO - Setting next_dagrun for example_xcom_args to None, run_after=None
[2026-04-22T12:39:12.229+0530] {logging_mixin.py:188} INFO - [2026-04-22T12:39:12.229+0530] {dag.py:3954} INFO - Setting next_dagrun for example_xcom_args_with_operators to None, run_after=None
[2026-04-22T12:39:12.234+0530] {processor.py:183} INFO - Processing /Library/Frameworks/Python.framework/Versions/3.10/lib/python3.10/site-packages/airflow/example_dags/example_xcomargs.py took 0.055 seconds
[2026-04-22T12:40:12.205+0530] {processor.py:161} INFO - Started process (PID=74209) to work on /Library/Frameworks/Python.framework/Versions/3.10/lib/python3.10/site-packages/airflow/example_dags/example_xcomargs.py
[2026-04-22T12:40:12.205+0530] {processor.py:830} INFO - Processing file /Library/Frameworks/Python.framework/Versions/3.10/lib/python3.10/site-packages/airflow/example_dags/example_xcomargs.py for tasks to queue
[2026-04-22T12:40:12.205+0530] {logging_mixin.py:188} INFO - [2026-04-22T12:40:12.205+0530] {dagbag.py:545} INFO - Filling up the DagBag from /Library/Frameworks/Python.framework/Versions/3.10/lib/python3.10/site-packages/airflow/example_dags/example_xcomargs.py
[2026-04-22T12:40:12.218+0530] {processor.py:840} INFO - DAG(s) 'example_xcom_args_with_operators', 'example_xcom_args' retrieved from /Library/Frameworks/Python.framework/Versions/3.10/lib/python3.10/site-packages/airflow/example_dags/example_xcomargs.py
[2026-04-22T12:40:12.251+0530] {logging_mixin.py:188} INFO - [2026-04-22T12:40:12.251+0530] {dag.py:3096} INFO - Sync 2 DAGs
[2026-04-22T12:40:12.254+0530] {logging_mixin.py:188} INFO - [2026-04-22T12:40:12.254+0530] {dag.py:3954} INFO - Setting next_dagrun for example_xcom_args to None, run_after=None
[2026-04-22T12:40:12.255+0530] {logging_mixin.py:188} INFO - [2026-04-22T12:40:12.255+0530] {dag.py:3954} INFO - Setting next_dagrun for example_xcom_args_with_operators to None, run_after=None
[2026-04-22T12:40:12.260+0530] {processor.py:183} INFO - Processing /Library/Frameworks/Python.framework/Versions/3.10/lib/python3.10/site-packages/airflow/example_dags/example_xcomargs.py took 0.057 seconds
[2026-04-22T12:41:12.692+0530] {processor.py:161} INFO - Started process (PID=74279) to work on /Library/Frameworks/Python.framework/Versions/3.10/lib/python3.10/site-packages/airflow/example_dags/example_xcomargs.py
[2026-04-22T12:41:12.692+0530] {processor.py:830} INFO - Processing file /Library/Frameworks/Python.framework/Versions/3.10/lib/python3.10/site-packages/airflow/example_dags/example_xcomargs.py for tasks to queue
[2026-04-22T12:41:12.692+0530] {logging_mixin.py:188} INFO - [2026-04-22T12:41:12.692+0530] {dagbag.py:545} INFO - Filling up the DagBag from /Library/Frameworks/Python.framework/Versions/3.10/lib/python3.10/site-packages/airflow/example_dags/example_xcomargs.py
[2026-04-22T12:41:12.706+0530] {processor.py:840} INFO - DAG(s) 'example_xcom_args_with_operators', 'example_xcom_args' retrieved from /Library/Frameworks/Python.framework/Versions/3.10/lib/python3.10/site-packages/airflow/example_dags/example_xcomargs.py
[2026-04-22T12:41:12.739+0530] {logging_mixin.py:188} INFO - [2026-04-22T12:41:12.739+0530] {dag.py:3096} INFO - Sync 2 DAGs
[2026-04-22T12:41:12.742+0530] {logging_mixin.py:188} INFO - [2026-04-22T12:41:12.742+0530] {dag.py:3954} INFO - Setting next_dagrun for example_xcom_args to None, run_after=None
[2026-04-22T12:41:12.743+0530] {logging_mixin.py:188} INFO - [2026-04-22T12:41:12.743+0530] {dag.py:3954} INFO - Setting next_dagrun for example_xcom_args_with_operators to None, run_after=None
[2026-04-22T12:41:12.747+0530] {processor.py:183} INFO - Processing /Library/Frameworks/Python.framework/Versions/3.10/lib/python3.10/site-packages/airflow/example_dags/example_xcomargs.py took 0.057 seconds
[2026-04-22T12:42:11.827+0530] {processor.py:161} INFO - Started process (PID=74349) to work on /Library/Frameworks/Python.framework/Versions/3.10/lib/python3.10/site-packages/airflow/example_dags/example_xcomargs.py
[2026-04-22T12:42:11.828+0530] {processor.py:830} INFO - Processing file /Library/Frameworks/Python.framework/Versions/3.10/lib/python3.10/site-packages/airflow/example_dags/example_xcomargs.py for tasks to queue
[2026-04-22T12:42:11.828+0530] {logging_mixin.py:188} INFO - [2026-04-22T12:42:11.828+0530] {dagbag.py:545} INFO - Filling up the DagBag from /Library/Frameworks/Python.framework/Versions/3.10/lib/python3.10/site-packages/airflow/example_dags/example_xcomargs.py
[2026-04-22T12:42:11.840+0530] {processor.py:840} INFO - DAG(s) 'example_xcom_args', 'example_xcom_args_with_operators' retrieved from /Library/Frameworks/Python.framework/Versions/3.10/lib/python3.10/site-packages/airflow/example_dags/example_xcomargs.py
[2026-04-22T12:42:11.873+0530] {logging_mixin.py:188} INFO - [2026-04-22T12:42:11.873+0530] {dag.py:3096} INFO - Sync 2 DAGs
[2026-04-22T12:42:11.876+0530] {logging_mixin.py:188} INFO - [2026-04-22T12:42:11.876+0530] {dag.py:3954} INFO - Setting next_dagrun for example_xcom_args to None, run_after=None
[2026-04-22T12:42:11.877+0530] {logging_mixin.py:188} INFO - [2026-04-22T12:42:11.877+0530] {dag.py:3954} INFO - Setting next_dagrun for example_xcom_args_with_operators to None, run_after=None
[2026-04-22T12:42:11.883+0530] {processor.py:183} INFO - Processing /Library/Frameworks/Python.framework/Versions/3.10/lib/python3.10/site-packages/airflow/example_dags/example_xcomargs.py took 0.057 seconds
