[2026-04-22T07:21:41.118+0530] {processor.py:161} INFO - Started process (PID=68736) to work on /Library/Frameworks/Python.framework/Versions/3.10/lib/python3.10/site-packages/airflow/example_dags/example_setup_teardown.py
[2026-04-22T07:21:41.118+0530] {processor.py:830} INFO - Processing file /Library/Frameworks/Python.framework/Versions/3.10/lib/python3.10/site-packages/airflow/example_dags/example_setup_teardown.py for tasks to queue
[2026-04-22T07:21:41.118+0530] {logging_mixin.py:188} INFO - [2026-04-22T07:21:41.118+0530] {dagbag.py:545} INFO - Filling up the DagBag from /Library/Frameworks/Python.framework/Versions/3.10/lib/python3.10/site-packages/airflow/example_dags/example_setup_teardown.py
[2026-04-22T07:21:41.122+0530] {processor.py:840} INFO - DAG(s) 'example_setup_teardown' retrieved from /Library/Frameworks/Python.framework/Versions/3.10/lib/python3.10/site-packages/airflow/example_dags/example_setup_teardown.py
[2026-04-22T07:21:41.155+0530] {logging_mixin.py:188} INFO - [2026-04-22T07:21:41.155+0530] {dag.py:3096} INFO - Sync 1 DAGs
[2026-04-22T07:21:41.160+0530] {logging_mixin.py:188} INFO - [2026-04-22T07:21:41.160+0530] {dag.py:3954} INFO - Setting next_dagrun for example_setup_teardown to 2026-04-21 00:00:00+00:00, run_after=2026-04-22 00:00:00+00:00
[2026-04-22T07:21:41.165+0530] {processor.py:183} INFO - Processing /Library/Frameworks/Python.framework/Versions/3.10/lib/python3.10/site-packages/airflow/example_dags/example_setup_teardown.py took 0.048 seconds
[2026-04-22T11:47:27.455+0530] {processor.py:161} INFO - Started process (PID=69301) to work on /Library/Frameworks/Python.framework/Versions/3.10/lib/python3.10/site-packages/airflow/example_dags/example_setup_teardown.py
[2026-04-22T11:47:27.456+0530] {processor.py:830} INFO - Processing file /Library/Frameworks/Python.framework/Versions/3.10/lib/python3.10/site-packages/airflow/example_dags/example_setup_teardown.py for tasks to queue
[2026-04-22T11:47:27.456+0530] {logging_mixin.py:188} INFO - [2026-04-22T11:47:27.456+0530] {dagbag.py:545} INFO - Filling up the DagBag from /Library/Frameworks/Python.framework/Versions/3.10/lib/python3.10/site-packages/airflow/example_dags/example_setup_teardown.py
[2026-04-22T11:47:27.459+0530] {processor.py:840} INFO - DAG(s) 'example_setup_teardown' retrieved from /Library/Frameworks/Python.framework/Versions/3.10/lib/python3.10/site-packages/airflow/example_dags/example_setup_teardown.py
[2026-04-22T11:47:27.495+0530] {logging_mixin.py:188} INFO - [2026-04-22T11:47:27.494+0530] {dag.py:3096} INFO - Sync 1 DAGs
[2026-04-22T11:47:27.499+0530] {logging_mixin.py:188} INFO - [2026-04-22T11:47:27.499+0530] {dag.py:3954} INFO - Setting next_dagrun for example_setup_teardown to 2026-04-21 00:00:00+00:00, run_after=2026-04-22 00:00:00+00:00
[2026-04-22T11:47:27.505+0530] {processor.py:183} INFO - Processing /Library/Frameworks/Python.framework/Versions/3.10/lib/python3.10/site-packages/airflow/example_dags/example_setup_teardown.py took 0.051 seconds
[2026-04-22T11:48:15.526+0530] {processor.py:161} INFO - Started process (PID=69386) to work on /Library/Frameworks/Python.framework/Versions/3.10/lib/python3.10/site-packages/airflow/example_dags/example_setup_teardown.py
[2026-04-22T11:48:15.527+0530] {processor.py:830} INFO - Processing file /Library/Frameworks/Python.framework/Versions/3.10/lib/python3.10/site-packages/airflow/example_dags/example_setup_teardown.py for tasks to queue
[2026-04-22T11:48:15.528+0530] {logging_mixin.py:188} INFO - [2026-04-22T11:48:15.527+0530] {dagbag.py:545} INFO - Filling up the DagBag from /Library/Frameworks/Python.framework/Versions/3.10/lib/python3.10/site-packages/airflow/example_dags/example_setup_teardown.py
[2026-04-22T11:48:15.532+0530] {processor.py:840} INFO - DAG(s) 'example_setup_teardown' retrieved from /Library/Frameworks/Python.framework/Versions/3.10/lib/python3.10/site-packages/airflow/example_dags/example_setup_teardown.py
[2026-04-22T11:48:15.568+0530] {logging_mixin.py:188} INFO - [2026-04-22T11:48:15.568+0530] {dag.py:3096} INFO - Sync 1 DAGs
[2026-04-22T11:48:15.573+0530] {logging_mixin.py:188} INFO - [2026-04-22T11:48:15.573+0530] {dag.py:3954} INFO - Setting next_dagrun for example_setup_teardown to 2026-04-21 00:00:00+00:00, run_after=2026-04-22 00:00:00+00:00
[2026-04-22T11:48:15.578+0530] {processor.py:183} INFO - Processing /Library/Frameworks/Python.framework/Versions/3.10/lib/python3.10/site-packages/airflow/example_dags/example_setup_teardown.py took 0.053 seconds
[2026-04-22T11:49:04.539+0530] {processor.py:161} INFO - Started process (PID=69464) to work on /Library/Frameworks/Python.framework/Versions/3.10/lib/python3.10/site-packages/airflow/example_dags/example_setup_teardown.py
[2026-04-22T11:49:04.540+0530] {processor.py:830} INFO - Processing file /Library/Frameworks/Python.framework/Versions/3.10/lib/python3.10/site-packages/airflow/example_dags/example_setup_teardown.py for tasks to queue
[2026-04-22T11:49:04.540+0530] {logging_mixin.py:188} INFO - [2026-04-22T11:49:04.540+0530] {dagbag.py:545} INFO - Filling up the DagBag from /Library/Frameworks/Python.framework/Versions/3.10/lib/python3.10/site-packages/airflow/example_dags/example_setup_teardown.py
[2026-04-22T11:49:04.543+0530] {processor.py:840} INFO - DAG(s) 'example_setup_teardown' retrieved from /Library/Frameworks/Python.framework/Versions/3.10/lib/python3.10/site-packages/airflow/example_dags/example_setup_teardown.py
[2026-04-22T11:49:04.579+0530] {logging_mixin.py:188} INFO - [2026-04-22T11:49:04.579+0530] {dag.py:3096} INFO - Sync 1 DAGs
[2026-04-22T11:49:04.585+0530] {logging_mixin.py:188} INFO - [2026-04-22T11:49:04.584+0530] {dag.py:3954} INFO - Setting next_dagrun for example_setup_teardown to 2026-04-21 00:00:00+00:00, run_after=2026-04-22 00:00:00+00:00
[2026-04-22T11:49:04.591+0530] {processor.py:183} INFO - Processing /Library/Frameworks/Python.framework/Versions/3.10/lib/python3.10/site-packages/airflow/example_dags/example_setup_teardown.py took 0.052 seconds
[2026-04-22T11:50:00.212+0530] {processor.py:161} INFO - Started process (PID=69560) to work on /Library/Frameworks/Python.framework/Versions/3.10/lib/python3.10/site-packages/airflow/example_dags/example_setup_teardown.py
[2026-04-22T11:50:00.213+0530] {processor.py:830} INFO - Processing file /Library/Frameworks/Python.framework/Versions/3.10/lib/python3.10/site-packages/airflow/example_dags/example_setup_teardown.py for tasks to queue
[2026-04-22T11:50:00.213+0530] {logging_mixin.py:188} INFO - [2026-04-22T11:50:00.213+0530] {dagbag.py:545} INFO - Filling up the DagBag from /Library/Frameworks/Python.framework/Versions/3.10/lib/python3.10/site-packages/airflow/example_dags/example_setup_teardown.py
[2026-04-22T11:50:00.216+0530] {processor.py:840} INFO - DAG(s) 'example_setup_teardown' retrieved from /Library/Frameworks/Python.framework/Versions/3.10/lib/python3.10/site-packages/airflow/example_dags/example_setup_teardown.py
[2026-04-22T11:50:00.249+0530] {logging_mixin.py:188} INFO - [2026-04-22T11:50:00.249+0530] {dag.py:3096} INFO - Sync 1 DAGs
[2026-04-22T11:50:00.254+0530] {logging_mixin.py:188} INFO - [2026-04-22T11:50:00.254+0530] {dag.py:3954} INFO - Setting next_dagrun for example_setup_teardown to 2026-04-21 00:00:00+00:00, run_after=2026-04-22 00:00:00+00:00
[2026-04-22T11:50:00.259+0530] {processor.py:183} INFO - Processing /Library/Frameworks/Python.framework/Versions/3.10/lib/python3.10/site-packages/airflow/example_dags/example_setup_teardown.py took 0.048 seconds
[2026-04-22T11:50:55.492+0530] {processor.py:161} INFO - Started process (PID=69691) to work on /Library/Frameworks/Python.framework/Versions/3.10/lib/python3.10/site-packages/airflow/example_dags/example_setup_teardown.py
[2026-04-22T11:50:55.493+0530] {processor.py:830} INFO - Processing file /Library/Frameworks/Python.framework/Versions/3.10/lib/python3.10/site-packages/airflow/example_dags/example_setup_teardown.py for tasks to queue
[2026-04-22T11:50:55.493+0530] {logging_mixin.py:188} INFO - [2026-04-22T11:50:55.493+0530] {dagbag.py:545} INFO - Filling up the DagBag from /Library/Frameworks/Python.framework/Versions/3.10/lib/python3.10/site-packages/airflow/example_dags/example_setup_teardown.py
[2026-04-22T11:50:55.496+0530] {processor.py:840} INFO - DAG(s) 'example_setup_teardown' retrieved from /Library/Frameworks/Python.framework/Versions/3.10/lib/python3.10/site-packages/airflow/example_dags/example_setup_teardown.py
[2026-04-22T11:50:55.528+0530] {logging_mixin.py:188} INFO - [2026-04-22T11:50:55.528+0530] {dag.py:3096} INFO - Sync 1 DAGs
[2026-04-22T11:50:55.532+0530] {logging_mixin.py:188} INFO - [2026-04-22T11:50:55.532+0530] {dag.py:3954} INFO - Setting next_dagrun for example_setup_teardown to 2026-04-21 00:00:00+00:00, run_after=2026-04-22 00:00:00+00:00
[2026-04-22T11:50:55.538+0530] {processor.py:183} INFO - Processing /Library/Frameworks/Python.framework/Versions/3.10/lib/python3.10/site-packages/airflow/example_dags/example_setup_teardown.py took 0.046 seconds
[2026-04-22T12:10:29.498+0530] {processor.py:161} INFO - Started process (PID=70948) to work on /Library/Frameworks/Python.framework/Versions/3.10/lib/python3.10/site-packages/airflow/example_dags/example_setup_teardown.py
[2026-04-22T12:10:29.499+0530] {processor.py:830} INFO - Processing file /Library/Frameworks/Python.framework/Versions/3.10/lib/python3.10/site-packages/airflow/example_dags/example_setup_teardown.py for tasks to queue
[2026-04-22T12:10:29.499+0530] {logging_mixin.py:188} INFO - [2026-04-22T12:10:29.499+0530] {dagbag.py:545} INFO - Filling up the DagBag from /Library/Frameworks/Python.framework/Versions/3.10/lib/python3.10/site-packages/airflow/example_dags/example_setup_teardown.py
[2026-04-22T12:10:29.502+0530] {processor.py:840} INFO - DAG(s) 'example_setup_teardown' retrieved from /Library/Frameworks/Python.framework/Versions/3.10/lib/python3.10/site-packages/airflow/example_dags/example_setup_teardown.py
[2026-04-22T12:10:29.534+0530] {logging_mixin.py:188} INFO - [2026-04-22T12:10:29.534+0530] {dag.py:3096} INFO - Sync 1 DAGs
[2026-04-22T12:10:29.539+0530] {logging_mixin.py:188} INFO - [2026-04-22T12:10:29.539+0530] {dag.py:3954} INFO - Setting next_dagrun for example_setup_teardown to 2026-04-21 00:00:00+00:00, run_after=2026-04-22 00:00:00+00:00
[2026-04-22T12:10:29.544+0530] {processor.py:183} INFO - Processing /Library/Frameworks/Python.framework/Versions/3.10/lib/python3.10/site-packages/airflow/example_dags/example_setup_teardown.py took 0.047 seconds
[2026-04-22T12:15:20.900+0530] {processor.py:161} INFO - Started process (PID=71293) to work on /Library/Frameworks/Python.framework/Versions/3.10/lib/python3.10/site-packages/airflow/example_dags/example_setup_teardown.py
[2026-04-22T12:15:20.900+0530] {processor.py:830} INFO - Processing file /Library/Frameworks/Python.framework/Versions/3.10/lib/python3.10/site-packages/airflow/example_dags/example_setup_teardown.py for tasks to queue
[2026-04-22T12:15:20.901+0530] {logging_mixin.py:188} INFO - [2026-04-22T12:15:20.901+0530] {dagbag.py:545} INFO - Filling up the DagBag from /Library/Frameworks/Python.framework/Versions/3.10/lib/python3.10/site-packages/airflow/example_dags/example_setup_teardown.py
[2026-04-22T12:15:20.904+0530] {processor.py:840} INFO - DAG(s) 'example_setup_teardown' retrieved from /Library/Frameworks/Python.framework/Versions/3.10/lib/python3.10/site-packages/airflow/example_dags/example_setup_teardown.py
[2026-04-22T12:15:20.937+0530] {logging_mixin.py:188} INFO - [2026-04-22T12:15:20.937+0530] {dag.py:3096} INFO - Sync 1 DAGs
[2026-04-22T12:15:20.941+0530] {logging_mixin.py:188} INFO - [2026-04-22T12:15:20.941+0530] {dag.py:3954} INFO - Setting next_dagrun for example_setup_teardown to 2026-04-21 00:00:00+00:00, run_after=2026-04-22 00:00:00+00:00
[2026-04-22T12:15:20.946+0530] {processor.py:183} INFO - Processing /Library/Frameworks/Python.framework/Versions/3.10/lib/python3.10/site-packages/airflow/example_dags/example_setup_teardown.py took 0.047 seconds
[2026-04-22T12:19:03.915+0530] {processor.py:161} INFO - Started process (PID=71593) to work on /Library/Frameworks/Python.framework/Versions/3.10/lib/python3.10/site-packages/airflow/example_dags/example_setup_teardown.py
[2026-04-22T12:19:03.916+0530] {processor.py:830} INFO - Processing file /Library/Frameworks/Python.framework/Versions/3.10/lib/python3.10/site-packages/airflow/example_dags/example_setup_teardown.py for tasks to queue
[2026-04-22T12:19:03.916+0530] {logging_mixin.py:188} INFO - [2026-04-22T12:19:03.916+0530] {dagbag.py:545} INFO - Filling up the DagBag from /Library/Frameworks/Python.framework/Versions/3.10/lib/python3.10/site-packages/airflow/example_dags/example_setup_teardown.py
[2026-04-22T12:19:03.919+0530] {processor.py:840} INFO - DAG(s) 'example_setup_teardown' retrieved from /Library/Frameworks/Python.framework/Versions/3.10/lib/python3.10/site-packages/airflow/example_dags/example_setup_teardown.py
[2026-04-22T12:19:03.953+0530] {logging_mixin.py:188} INFO - [2026-04-22T12:19:03.953+0530] {dag.py:3096} INFO - Sync 1 DAGs
[2026-04-22T12:19:03.958+0530] {logging_mixin.py:188} INFO - [2026-04-22T12:19:03.958+0530] {dag.py:3954} INFO - Setting next_dagrun for example_setup_teardown to 2026-04-21 00:00:00+00:00, run_after=2026-04-22 00:00:00+00:00
[2026-04-22T12:19:03.963+0530] {processor.py:183} INFO - Processing /Library/Frameworks/Python.framework/Versions/3.10/lib/python3.10/site-packages/airflow/example_dags/example_setup_teardown.py took 0.049 seconds
[2026-04-22T12:20:46.385+0530] {processor.py:161} INFO - Started process (PID=72233) to work on /Library/Frameworks/Python.framework/Versions/3.10/lib/python3.10/site-packages/airflow/example_dags/example_setup_teardown.py
[2026-04-22T12:20:46.385+0530] {processor.py:830} INFO - Processing file /Library/Frameworks/Python.framework/Versions/3.10/lib/python3.10/site-packages/airflow/example_dags/example_setup_teardown.py for tasks to queue
[2026-04-22T12:20:46.386+0530] {logging_mixin.py:188} INFO - [2026-04-22T12:20:46.386+0530] {dagbag.py:545} INFO - Filling up the DagBag from /Library/Frameworks/Python.framework/Versions/3.10/lib/python3.10/site-packages/airflow/example_dags/example_setup_teardown.py
[2026-04-22T12:20:46.389+0530] {processor.py:840} INFO - DAG(s) 'example_setup_teardown' retrieved from /Library/Frameworks/Python.framework/Versions/3.10/lib/python3.10/site-packages/airflow/example_dags/example_setup_teardown.py
[2026-04-22T12:20:46.421+0530] {logging_mixin.py:188} INFO - [2026-04-22T12:20:46.421+0530] {dag.py:3096} INFO - Sync 1 DAGs
[2026-04-22T12:20:46.425+0530] {logging_mixin.py:188} INFO - [2026-04-22T12:20:46.425+0530] {dag.py:3954} INFO - Setting next_dagrun for example_setup_teardown to 2026-04-21 00:00:00+00:00, run_after=2026-04-22 00:00:00+00:00
[2026-04-22T12:20:46.430+0530] {processor.py:183} INFO - Processing /Library/Frameworks/Python.framework/Versions/3.10/lib/python3.10/site-packages/airflow/example_dags/example_setup_teardown.py took 0.046 seconds
[2026-04-22T12:22:34.064+0530] {processor.py:161} INFO - Started process (PID=72461) to work on /Library/Frameworks/Python.framework/Versions/3.10/lib/python3.10/site-packages/airflow/example_dags/example_setup_teardown.py
[2026-04-22T12:22:34.065+0530] {processor.py:830} INFO - Processing file /Library/Frameworks/Python.framework/Versions/3.10/lib/python3.10/site-packages/airflow/example_dags/example_setup_teardown.py for tasks to queue
[2026-04-22T12:22:34.065+0530] {logging_mixin.py:188} INFO - [2026-04-22T12:22:34.065+0530] {dagbag.py:545} INFO - Filling up the DagBag from /Library/Frameworks/Python.framework/Versions/3.10/lib/python3.10/site-packages/airflow/example_dags/example_setup_teardown.py
[2026-04-22T12:22:34.068+0530] {processor.py:840} INFO - DAG(s) 'example_setup_teardown' retrieved from /Library/Frameworks/Python.framework/Versions/3.10/lib/python3.10/site-packages/airflow/example_dags/example_setup_teardown.py
[2026-04-22T12:22:34.101+0530] {logging_mixin.py:188} INFO - [2026-04-22T12:22:34.101+0530] {dag.py:3096} INFO - Sync 1 DAGs
[2026-04-22T12:22:34.105+0530] {logging_mixin.py:188} INFO - [2026-04-22T12:22:34.105+0530] {dag.py:3954} INFO - Setting next_dagrun for example_setup_teardown to 2026-04-21 00:00:00+00:00, run_after=2026-04-22 00:00:00+00:00
[2026-04-22T12:22:34.110+0530] {processor.py:183} INFO - Processing /Library/Frameworks/Python.framework/Versions/3.10/lib/python3.10/site-packages/airflow/example_dags/example_setup_teardown.py took 0.048 seconds
[2026-04-22T12:24:13.986+0530] {processor.py:161} INFO - Started process (PID=72590) to work on /Library/Frameworks/Python.framework/Versions/3.10/lib/python3.10/site-packages/airflow/example_dags/example_setup_teardown.py
[2026-04-22T12:24:13.987+0530] {processor.py:830} INFO - Processing file /Library/Frameworks/Python.framework/Versions/3.10/lib/python3.10/site-packages/airflow/example_dags/example_setup_teardown.py for tasks to queue
[2026-04-22T12:24:13.987+0530] {logging_mixin.py:188} INFO - [2026-04-22T12:24:13.987+0530] {dagbag.py:545} INFO - Filling up the DagBag from /Library/Frameworks/Python.framework/Versions/3.10/lib/python3.10/site-packages/airflow/example_dags/example_setup_teardown.py
[2026-04-22T12:24:13.990+0530] {processor.py:840} INFO - DAG(s) 'example_setup_teardown' retrieved from /Library/Frameworks/Python.framework/Versions/3.10/lib/python3.10/site-packages/airflow/example_dags/example_setup_teardown.py
[2026-04-22T12:24:14.023+0530] {logging_mixin.py:188} INFO - [2026-04-22T12:24:14.023+0530] {dag.py:3096} INFO - Sync 1 DAGs
[2026-04-22T12:24:14.027+0530] {logging_mixin.py:188} INFO - [2026-04-22T12:24:14.027+0530] {dag.py:3954} INFO - Setting next_dagrun for example_setup_teardown to 2026-04-21 00:00:00+00:00, run_after=2026-04-22 00:00:00+00:00
[2026-04-22T12:24:14.032+0530] {processor.py:183} INFO - Processing /Library/Frameworks/Python.framework/Versions/3.10/lib/python3.10/site-packages/airflow/example_dags/example_setup_teardown.py took 0.046 seconds
[2026-04-22T12:26:01.083+0530] {processor.py:161} INFO - Started process (PID=72869) to work on /Library/Frameworks/Python.framework/Versions/3.10/lib/python3.10/site-packages/airflow/example_dags/example_setup_teardown.py
[2026-04-22T12:26:01.083+0530] {processor.py:830} INFO - Processing file /Library/Frameworks/Python.framework/Versions/3.10/lib/python3.10/site-packages/airflow/example_dags/example_setup_teardown.py for tasks to queue
[2026-04-22T12:26:01.084+0530] {logging_mixin.py:188} INFO - [2026-04-22T12:26:01.084+0530] {dagbag.py:545} INFO - Filling up the DagBag from /Library/Frameworks/Python.framework/Versions/3.10/lib/python3.10/site-packages/airflow/example_dags/example_setup_teardown.py
[2026-04-22T12:26:01.087+0530] {processor.py:840} INFO - DAG(s) 'example_setup_teardown' retrieved from /Library/Frameworks/Python.framework/Versions/3.10/lib/python3.10/site-packages/airflow/example_dags/example_setup_teardown.py
[2026-04-22T12:26:01.124+0530] {logging_mixin.py:188} INFO - [2026-04-22T12:26:01.124+0530] {dag.py:3096} INFO - Sync 1 DAGs
[2026-04-22T12:26:01.129+0530] {logging_mixin.py:188} INFO - [2026-04-22T12:26:01.129+0530] {dag.py:3954} INFO - Setting next_dagrun for example_setup_teardown to 2026-04-21 00:00:00+00:00, run_after=2026-04-22 00:00:00+00:00
[2026-04-22T12:26:01.134+0530] {processor.py:183} INFO - Processing /Library/Frameworks/Python.framework/Versions/3.10/lib/python3.10/site-packages/airflow/example_dags/example_setup_teardown.py took 0.053 seconds
[2026-04-22T12:27:46.513+0530] {processor.py:161} INFO - Started process (PID=73045) to work on /Library/Frameworks/Python.framework/Versions/3.10/lib/python3.10/site-packages/airflow/example_dags/example_setup_teardown.py
[2026-04-22T12:27:46.513+0530] {processor.py:830} INFO - Processing file /Library/Frameworks/Python.framework/Versions/3.10/lib/python3.10/site-packages/airflow/example_dags/example_setup_teardown.py for tasks to queue
[2026-04-22T12:27:46.514+0530] {logging_mixin.py:188} INFO - [2026-04-22T12:27:46.513+0530] {dagbag.py:545} INFO - Filling up the DagBag from /Library/Frameworks/Python.framework/Versions/3.10/lib/python3.10/site-packages/airflow/example_dags/example_setup_teardown.py
[2026-04-22T12:27:46.516+0530] {processor.py:840} INFO - DAG(s) 'example_setup_teardown' retrieved from /Library/Frameworks/Python.framework/Versions/3.10/lib/python3.10/site-packages/airflow/example_dags/example_setup_teardown.py
[2026-04-22T12:27:46.550+0530] {logging_mixin.py:188} INFO - [2026-04-22T12:27:46.550+0530] {dag.py:3096} INFO - Sync 1 DAGs
[2026-04-22T12:27:46.555+0530] {logging_mixin.py:188} INFO - [2026-04-22T12:27:46.555+0530] {dag.py:3954} INFO - Setting next_dagrun for example_setup_teardown to 2026-04-21 00:00:00+00:00, run_after=2026-04-22 00:00:00+00:00
[2026-04-22T12:27:46.560+0530] {processor.py:183} INFO - Processing /Library/Frameworks/Python.framework/Versions/3.10/lib/python3.10/site-packages/airflow/example_dags/example_setup_teardown.py took 0.048 seconds
[2026-04-22T12:29:41.342+0530] {processor.py:161} INFO - Started process (PID=73263) to work on /Library/Frameworks/Python.framework/Versions/3.10/lib/python3.10/site-packages/airflow/example_dags/example_setup_teardown.py
[2026-04-22T12:29:41.343+0530] {processor.py:830} INFO - Processing file /Library/Frameworks/Python.framework/Versions/3.10/lib/python3.10/site-packages/airflow/example_dags/example_setup_teardown.py for tasks to queue
[2026-04-22T12:29:41.343+0530] {logging_mixin.py:188} INFO - [2026-04-22T12:29:41.343+0530] {dagbag.py:545} INFO - Filling up the DagBag from /Library/Frameworks/Python.framework/Versions/3.10/lib/python3.10/site-packages/airflow/example_dags/example_setup_teardown.py
[2026-04-22T12:29:41.346+0530] {processor.py:840} INFO - DAG(s) 'example_setup_teardown' retrieved from /Library/Frameworks/Python.framework/Versions/3.10/lib/python3.10/site-packages/airflow/example_dags/example_setup_teardown.py
[2026-04-22T12:29:41.379+0530] {logging_mixin.py:188} INFO - [2026-04-22T12:29:41.378+0530] {dag.py:3096} INFO - Sync 1 DAGs
[2026-04-22T12:29:41.383+0530] {logging_mixin.py:188} INFO - [2026-04-22T12:29:41.383+0530] {dag.py:3954} INFO - Setting next_dagrun for example_setup_teardown to 2026-04-21 00:00:00+00:00, run_after=2026-04-22 00:00:00+00:00
[2026-04-22T12:29:41.388+0530] {processor.py:183} INFO - Processing /Library/Frameworks/Python.framework/Versions/3.10/lib/python3.10/site-packages/airflow/example_dags/example_setup_teardown.py took 0.047 seconds
[2026-04-22T12:31:30.046+0530] {processor.py:161} INFO - Started process (PID=73506) to work on /Library/Frameworks/Python.framework/Versions/3.10/lib/python3.10/site-packages/airflow/example_dags/example_setup_teardown.py
[2026-04-22T12:31:30.047+0530] {processor.py:830} INFO - Processing file /Library/Frameworks/Python.framework/Versions/3.10/lib/python3.10/site-packages/airflow/example_dags/example_setup_teardown.py for tasks to queue
[2026-04-22T12:31:30.048+0530] {logging_mixin.py:188} INFO - [2026-04-22T12:31:30.048+0530] {dagbag.py:545} INFO - Filling up the DagBag from /Library/Frameworks/Python.framework/Versions/3.10/lib/python3.10/site-packages/airflow/example_dags/example_setup_teardown.py
[2026-04-22T12:31:30.051+0530] {processor.py:840} INFO - DAG(s) 'example_setup_teardown' retrieved from /Library/Frameworks/Python.framework/Versions/3.10/lib/python3.10/site-packages/airflow/example_dags/example_setup_teardown.py
[2026-04-22T12:31:30.086+0530] {logging_mixin.py:188} INFO - [2026-04-22T12:31:30.086+0530] {dag.py:3096} INFO - Sync 1 DAGs
[2026-04-22T12:31:30.090+0530] {logging_mixin.py:188} INFO - [2026-04-22T12:31:30.090+0530] {dag.py:3954} INFO - Setting next_dagrun for example_setup_teardown to 2026-04-21 00:00:00+00:00, run_after=2026-04-22 00:00:00+00:00
[2026-04-22T12:31:30.097+0530] {processor.py:183} INFO - Processing /Library/Frameworks/Python.framework/Versions/3.10/lib/python3.10/site-packages/airflow/example_dags/example_setup_teardown.py took 0.052 seconds
[2026-04-22T12:33:14.563+0530] {processor.py:161} INFO - Started process (PID=73709) to work on /Library/Frameworks/Python.framework/Versions/3.10/lib/python3.10/site-packages/airflow/example_dags/example_setup_teardown.py
[2026-04-22T12:33:14.564+0530] {processor.py:830} INFO - Processing file /Library/Frameworks/Python.framework/Versions/3.10/lib/python3.10/site-packages/airflow/example_dags/example_setup_teardown.py for tasks to queue
[2026-04-22T12:33:14.564+0530] {logging_mixin.py:188} INFO - [2026-04-22T12:33:14.564+0530] {dagbag.py:545} INFO - Filling up the DagBag from /Library/Frameworks/Python.framework/Versions/3.10/lib/python3.10/site-packages/airflow/example_dags/example_setup_teardown.py
[2026-04-22T12:33:14.567+0530] {processor.py:840} INFO - DAG(s) 'example_setup_teardown' retrieved from /Library/Frameworks/Python.framework/Versions/3.10/lib/python3.10/site-packages/airflow/example_dags/example_setup_teardown.py
[2026-04-22T12:33:14.600+0530] {logging_mixin.py:188} INFO - [2026-04-22T12:33:14.600+0530] {dag.py:3096} INFO - Sync 1 DAGs
[2026-04-22T12:33:14.604+0530] {logging_mixin.py:188} INFO - [2026-04-22T12:33:14.604+0530] {dag.py:3954} INFO - Setting next_dagrun for example_setup_teardown to 2026-04-21 00:00:00+00:00, run_after=2026-04-22 00:00:00+00:00
[2026-04-22T12:33:14.609+0530] {processor.py:183} INFO - Processing /Library/Frameworks/Python.framework/Versions/3.10/lib/python3.10/site-packages/airflow/example_dags/example_setup_teardown.py took 0.047 seconds
[2026-04-22T12:35:00.225+0530] {processor.py:161} INFO - Started process (PID=73835) to work on /Library/Frameworks/Python.framework/Versions/3.10/lib/python3.10/site-packages/airflow/example_dags/example_setup_teardown.py
[2026-04-22T12:35:00.226+0530] {processor.py:830} INFO - Processing file /Library/Frameworks/Python.framework/Versions/3.10/lib/python3.10/site-packages/airflow/example_dags/example_setup_teardown.py for tasks to queue
[2026-04-22T12:35:00.226+0530] {logging_mixin.py:188} INFO - [2026-04-22T12:35:00.226+0530] {dagbag.py:545} INFO - Filling up the DagBag from /Library/Frameworks/Python.framework/Versions/3.10/lib/python3.10/site-packages/airflow/example_dags/example_setup_teardown.py
[2026-04-22T12:35:00.229+0530] {processor.py:840} INFO - DAG(s) 'example_setup_teardown' retrieved from /Library/Frameworks/Python.framework/Versions/3.10/lib/python3.10/site-packages/airflow/example_dags/example_setup_teardown.py
[2026-04-22T12:35:00.263+0530] {logging_mixin.py:188} INFO - [2026-04-22T12:35:00.263+0530] {dag.py:3096} INFO - Sync 1 DAGs
[2026-04-22T12:35:00.267+0530] {logging_mixin.py:188} INFO - [2026-04-22T12:35:00.267+0530] {dag.py:3954} INFO - Setting next_dagrun for example_setup_teardown to 2026-04-21 00:00:00+00:00, run_after=2026-04-22 00:00:00+00:00
[2026-04-22T12:35:00.272+0530] {processor.py:183} INFO - Processing /Library/Frameworks/Python.framework/Versions/3.10/lib/python3.10/site-packages/airflow/example_dags/example_setup_teardown.py took 0.048 seconds
[2026-04-22T12:36:41.026+0530] {processor.py:161} INFO - Started process (PID=73969) to work on /Library/Frameworks/Python.framework/Versions/3.10/lib/python3.10/site-packages/airflow/example_dags/example_setup_teardown.py
[2026-04-22T12:36:41.027+0530] {processor.py:830} INFO - Processing file /Library/Frameworks/Python.framework/Versions/3.10/lib/python3.10/site-packages/airflow/example_dags/example_setup_teardown.py for tasks to queue
[2026-04-22T12:36:41.027+0530] {logging_mixin.py:188} INFO - [2026-04-22T12:36:41.027+0530] {dagbag.py:545} INFO - Filling up the DagBag from /Library/Frameworks/Python.framework/Versions/3.10/lib/python3.10/site-packages/airflow/example_dags/example_setup_teardown.py
[2026-04-22T12:36:41.030+0530] {processor.py:840} INFO - DAG(s) 'example_setup_teardown' retrieved from /Library/Frameworks/Python.framework/Versions/3.10/lib/python3.10/site-packages/airflow/example_dags/example_setup_teardown.py
[2026-04-22T12:36:41.063+0530] {logging_mixin.py:188} INFO - [2026-04-22T12:36:41.063+0530] {dag.py:3096} INFO - Sync 1 DAGs
[2026-04-22T12:36:41.067+0530] {logging_mixin.py:188} INFO - [2026-04-22T12:36:41.067+0530] {dag.py:3954} INFO - Setting next_dagrun for example_setup_teardown to 2026-04-21 00:00:00+00:00, run_after=2026-04-22 00:00:00+00:00
[2026-04-22T12:36:41.072+0530] {processor.py:183} INFO - Processing /Library/Frameworks/Python.framework/Versions/3.10/lib/python3.10/site-packages/airflow/example_dags/example_setup_teardown.py took 0.047 seconds
[2026-04-22T12:38:34.330+0530] {processor.py:161} INFO - Started process (PID=74092) to work on /Library/Frameworks/Python.framework/Versions/3.10/lib/python3.10/site-packages/airflow/example_dags/example_setup_teardown.py
[2026-04-22T12:38:34.331+0530] {processor.py:830} INFO - Processing file /Library/Frameworks/Python.framework/Versions/3.10/lib/python3.10/site-packages/airflow/example_dags/example_setup_teardown.py for tasks to queue
[2026-04-22T12:38:34.331+0530] {logging_mixin.py:188} INFO - [2026-04-22T12:38:34.331+0530] {dagbag.py:545} INFO - Filling up the DagBag from /Library/Frameworks/Python.framework/Versions/3.10/lib/python3.10/site-packages/airflow/example_dags/example_setup_teardown.py
[2026-04-22T12:38:34.334+0530] {processor.py:840} INFO - DAG(s) 'example_setup_teardown' retrieved from /Library/Frameworks/Python.framework/Versions/3.10/lib/python3.10/site-packages/airflow/example_dags/example_setup_teardown.py
[2026-04-22T12:38:34.367+0530] {logging_mixin.py:188} INFO - [2026-04-22T12:38:34.367+0530] {dag.py:3096} INFO - Sync 1 DAGs
[2026-04-22T12:38:34.372+0530] {logging_mixin.py:188} INFO - [2026-04-22T12:38:34.372+0530] {dag.py:3954} INFO - Setting next_dagrun for example_setup_teardown to 2026-04-21 00:00:00+00:00, run_after=2026-04-22 00:00:00+00:00
[2026-04-22T12:38:34.378+0530] {processor.py:183} INFO - Processing /Library/Frameworks/Python.framework/Versions/3.10/lib/python3.10/site-packages/airflow/example_dags/example_setup_teardown.py took 0.048 seconds
[2026-04-22T12:40:34.430+0530] {processor.py:161} INFO - Started process (PID=74230) to work on /Library/Frameworks/Python.framework/Versions/3.10/lib/python3.10/site-packages/airflow/example_dags/example_setup_teardown.py
[2026-04-22T12:40:34.430+0530] {processor.py:830} INFO - Processing file /Library/Frameworks/Python.framework/Versions/3.10/lib/python3.10/site-packages/airflow/example_dags/example_setup_teardown.py for tasks to queue
[2026-04-22T12:40:34.431+0530] {logging_mixin.py:188} INFO - [2026-04-22T12:40:34.430+0530] {dagbag.py:545} INFO - Filling up the DagBag from /Library/Frameworks/Python.framework/Versions/3.10/lib/python3.10/site-packages/airflow/example_dags/example_setup_teardown.py
[2026-04-22T12:40:34.433+0530] {processor.py:840} INFO - DAG(s) 'example_setup_teardown' retrieved from /Library/Frameworks/Python.framework/Versions/3.10/lib/python3.10/site-packages/airflow/example_dags/example_setup_teardown.py
[2026-04-22T12:40:34.467+0530] {logging_mixin.py:188} INFO - [2026-04-22T12:40:34.467+0530] {dag.py:3096} INFO - Sync 1 DAGs
[2026-04-22T12:40:34.471+0530] {logging_mixin.py:188} INFO - [2026-04-22T12:40:34.471+0530] {dag.py:3954} INFO - Setting next_dagrun for example_setup_teardown to 2026-04-21 00:00:00+00:00, run_after=2026-04-22 00:00:00+00:00
[2026-04-22T12:40:34.476+0530] {processor.py:183} INFO - Processing /Library/Frameworks/Python.framework/Versions/3.10/lib/python3.10/site-packages/airflow/example_dags/example_setup_teardown.py took 0.048 seconds
[2026-04-22T12:42:30.906+0530] {processor.py:161} INFO - Started process (PID=74375) to work on /Library/Frameworks/Python.framework/Versions/3.10/lib/python3.10/site-packages/airflow/example_dags/example_setup_teardown.py
[2026-04-22T12:42:30.907+0530] {processor.py:830} INFO - Processing file /Library/Frameworks/Python.framework/Versions/3.10/lib/python3.10/site-packages/airflow/example_dags/example_setup_teardown.py for tasks to queue
[2026-04-22T12:42:30.907+0530] {logging_mixin.py:188} INFO - [2026-04-22T12:42:30.907+0530] {dagbag.py:545} INFO - Filling up the DagBag from /Library/Frameworks/Python.framework/Versions/3.10/lib/python3.10/site-packages/airflow/example_dags/example_setup_teardown.py
[2026-04-22T12:42:30.910+0530] {processor.py:840} INFO - DAG(s) 'example_setup_teardown' retrieved from /Library/Frameworks/Python.framework/Versions/3.10/lib/python3.10/site-packages/airflow/example_dags/example_setup_teardown.py
[2026-04-22T12:42:30.942+0530] {logging_mixin.py:188} INFO - [2026-04-22T12:42:30.942+0530] {dag.py:3096} INFO - Sync 1 DAGs
[2026-04-22T12:42:30.947+0530] {logging_mixin.py:188} INFO - [2026-04-22T12:42:30.947+0530] {dag.py:3954} INFO - Setting next_dagrun for example_setup_teardown to 2026-04-21 00:00:00+00:00, run_after=2026-04-22 00:00:00+00:00
[2026-04-22T12:42:30.952+0530] {processor.py:183} INFO - Processing /Library/Frameworks/Python.framework/Versions/3.10/lib/python3.10/site-packages/airflow/example_dags/example_setup_teardown.py took 0.046 seconds
