[2026-04-22T07:22:48.528+0530] {processor.py:161} INFO - Started process (PID=68764) to work on /Library/Frameworks/Python.framework/Versions/3.10/lib/python3.10/site-packages/airflow/example_dags/example_dag_decorator.py
[2026-04-22T07:22:48.529+0530] {processor.py:830} INFO - Processing file /Library/Frameworks/Python.framework/Versions/3.10/lib/python3.10/site-packages/airflow/example_dags/example_dag_decorator.py for tasks to queue
[2026-04-22T07:22:48.529+0530] {logging_mixin.py:188} INFO - [2026-04-22T07:22:48.529+0530] {dagbag.py:545} INFO - Filling up the DagBag from /Library/Frameworks/Python.framework/Versions/3.10/lib/python3.10/site-packages/airflow/example_dags/example_dag_decorator.py
[2026-04-22T07:22:48.597+0530] {processor.py:840} INFO - DAG(s) 'example_dag_decorator' retrieved from /Library/Frameworks/Python.framework/Versions/3.10/lib/python3.10/site-packages/airflow/example_dags/example_dag_decorator.py
[2026-04-22T07:22:48.667+0530] {logging_mixin.py:188} INFO - [2026-04-22T07:22:48.667+0530] {dag.py:3096} INFO - Sync 1 DAGs
[2026-04-22T07:22:48.669+0530] {logging_mixin.py:188} INFO - [2026-04-22T07:22:48.669+0530] {dag.py:3954} INFO - Setting next_dagrun for example_dag_decorator to None, run_after=None
[2026-04-22T07:22:48.675+0530] {processor.py:183} INFO - Processing /Library/Frameworks/Python.framework/Versions/3.10/lib/python3.10/site-packages/airflow/example_dags/example_dag_decorator.py took 0.148 seconds
[2026-04-22T11:47:43.771+0530] {processor.py:161} INFO - Started process (PID=69328) to work on /Library/Frameworks/Python.framework/Versions/3.10/lib/python3.10/site-packages/airflow/example_dags/example_dag_decorator.py
[2026-04-22T11:47:43.772+0530] {processor.py:830} INFO - Processing file /Library/Frameworks/Python.framework/Versions/3.10/lib/python3.10/site-packages/airflow/example_dags/example_dag_decorator.py for tasks to queue
[2026-04-22T11:47:43.772+0530] {logging_mixin.py:188} INFO - [2026-04-22T11:47:43.772+0530] {dagbag.py:545} INFO - Filling up the DagBag from /Library/Frameworks/Python.framework/Versions/3.10/lib/python3.10/site-packages/airflow/example_dags/example_dag_decorator.py
[2026-04-22T11:47:43.839+0530] {processor.py:840} INFO - DAG(s) 'example_dag_decorator' retrieved from /Library/Frameworks/Python.framework/Versions/3.10/lib/python3.10/site-packages/airflow/example_dags/example_dag_decorator.py
[2026-04-22T11:47:43.908+0530] {logging_mixin.py:188} INFO - [2026-04-22T11:47:43.907+0530] {dag.py:3096} INFO - Sync 1 DAGs
[2026-04-22T11:47:43.910+0530] {logging_mixin.py:188} INFO - [2026-04-22T11:47:43.910+0530] {dag.py:3954} INFO - Setting next_dagrun for example_dag_decorator to None, run_after=None
[2026-04-22T11:47:43.916+0530] {processor.py:183} INFO - Processing /Library/Frameworks/Python.framework/Versions/3.10/lib/python3.10/site-packages/airflow/example_dags/example_dag_decorator.py took 0.145 seconds
[2026-04-22T11:48:39.994+0530] {processor.py:161} INFO - Started process (PID=69428) to work on /Library/Frameworks/Python.framework/Versions/3.10/lib/python3.10/site-packages/airflow/example_dags/example_dag_decorator.py
[2026-04-22T11:48:39.995+0530] {processor.py:830} INFO - Processing file /Library/Frameworks/Python.framework/Versions/3.10/lib/python3.10/site-packages/airflow/example_dags/example_dag_decorator.py for tasks to queue
[2026-04-22T11:48:39.995+0530] {logging_mixin.py:188} INFO - [2026-04-22T11:48:39.995+0530] {dagbag.py:545} INFO - Filling up the DagBag from /Library/Frameworks/Python.framework/Versions/3.10/lib/python3.10/site-packages/airflow/example_dags/example_dag_decorator.py
[2026-04-22T11:48:40.059+0530] {processor.py:840} INFO - DAG(s) 'example_dag_decorator' retrieved from /Library/Frameworks/Python.framework/Versions/3.10/lib/python3.10/site-packages/airflow/example_dags/example_dag_decorator.py
[2026-04-22T11:48:40.125+0530] {logging_mixin.py:188} INFO - [2026-04-22T11:48:40.125+0530] {dag.py:3096} INFO - Sync 1 DAGs
[2026-04-22T11:48:40.127+0530] {logging_mixin.py:188} INFO - [2026-04-22T11:48:40.127+0530] {dag.py:3954} INFO - Setting next_dagrun for example_dag_decorator to None, run_after=None
[2026-04-22T11:48:40.134+0530] {processor.py:183} INFO - Processing /Library/Frameworks/Python.framework/Versions/3.10/lib/python3.10/site-packages/airflow/example_dags/example_dag_decorator.py took 0.140 seconds
[2026-04-22T11:49:35.208+0530] {processor.py:161} INFO - Started process (PID=69512) to work on /Library/Frameworks/Python.framework/Versions/3.10/lib/python3.10/site-packages/airflow/example_dags/example_dag_decorator.py
[2026-04-22T11:49:35.209+0530] {processor.py:830} INFO - Processing file /Library/Frameworks/Python.framework/Versions/3.10/lib/python3.10/site-packages/airflow/example_dags/example_dag_decorator.py for tasks to queue
[2026-04-22T11:49:35.209+0530] {logging_mixin.py:188} INFO - [2026-04-22T11:49:35.209+0530] {dagbag.py:545} INFO - Filling up the DagBag from /Library/Frameworks/Python.framework/Versions/3.10/lib/python3.10/site-packages/airflow/example_dags/example_dag_decorator.py
[2026-04-22T11:49:35.276+0530] {processor.py:840} INFO - DAG(s) 'example_dag_decorator' retrieved from /Library/Frameworks/Python.framework/Versions/3.10/lib/python3.10/site-packages/airflow/example_dags/example_dag_decorator.py
[2026-04-22T11:49:35.345+0530] {logging_mixin.py:188} INFO - [2026-04-22T11:49:35.345+0530] {dag.py:3096} INFO - Sync 1 DAGs
[2026-04-22T11:49:35.347+0530] {logging_mixin.py:188} INFO - [2026-04-22T11:49:35.347+0530] {dag.py:3954} INFO - Setting next_dagrun for example_dag_decorator to None, run_after=None
[2026-04-22T11:49:35.353+0530] {processor.py:183} INFO - Processing /Library/Frameworks/Python.framework/Versions/3.10/lib/python3.10/site-packages/airflow/example_dags/example_dag_decorator.py took 0.145 seconds
[2026-04-22T11:50:30.473+0530] {processor.py:161} INFO - Started process (PID=69613) to work on /Library/Frameworks/Python.framework/Versions/3.10/lib/python3.10/site-packages/airflow/example_dags/example_dag_decorator.py
[2026-04-22T11:50:30.474+0530] {processor.py:830} INFO - Processing file /Library/Frameworks/Python.framework/Versions/3.10/lib/python3.10/site-packages/airflow/example_dags/example_dag_decorator.py for tasks to queue
[2026-04-22T11:50:30.474+0530] {logging_mixin.py:188} INFO - [2026-04-22T11:50:30.474+0530] {dagbag.py:545} INFO - Filling up the DagBag from /Library/Frameworks/Python.framework/Versions/3.10/lib/python3.10/site-packages/airflow/example_dags/example_dag_decorator.py
[2026-04-22T11:50:30.546+0530] {processor.py:840} INFO - DAG(s) 'example_dag_decorator' retrieved from /Library/Frameworks/Python.framework/Versions/3.10/lib/python3.10/site-packages/airflow/example_dags/example_dag_decorator.py
[2026-04-22T11:50:30.620+0530] {logging_mixin.py:188} INFO - [2026-04-22T11:50:30.620+0530] {dag.py:3096} INFO - Sync 1 DAGs
[2026-04-22T11:50:30.623+0530] {logging_mixin.py:188} INFO - [2026-04-22T11:50:30.623+0530] {dag.py:3954} INFO - Setting next_dagrun for example_dag_decorator to None, run_after=None
[2026-04-22T11:50:30.629+0530] {processor.py:183} INFO - Processing /Library/Frameworks/Python.framework/Versions/3.10/lib/python3.10/site-packages/airflow/example_dags/example_dag_decorator.py took 0.157 seconds
[2026-04-22T12:12:12.809+0530] {processor.py:161} INFO - Started process (PID=71068) to work on /Library/Frameworks/Python.framework/Versions/3.10/lib/python3.10/site-packages/airflow/example_dags/example_dag_decorator.py
[2026-04-22T12:12:12.810+0530] {processor.py:830} INFO - Processing file /Library/Frameworks/Python.framework/Versions/3.10/lib/python3.10/site-packages/airflow/example_dags/example_dag_decorator.py for tasks to queue
[2026-04-22T12:12:12.810+0530] {logging_mixin.py:188} INFO - [2026-04-22T12:12:12.810+0530] {dagbag.py:545} INFO - Filling up the DagBag from /Library/Frameworks/Python.framework/Versions/3.10/lib/python3.10/site-packages/airflow/example_dags/example_dag_decorator.py
[2026-04-22T12:12:12.855+0530] {processor.py:840} INFO - DAG(s) 'example_dag_decorator' retrieved from /Library/Frameworks/Python.framework/Versions/3.10/lib/python3.10/site-packages/airflow/example_dags/example_dag_decorator.py
[2026-04-22T12:12:12.924+0530] {logging_mixin.py:188} INFO - [2026-04-22T12:12:12.924+0530] {dag.py:3096} INFO - Sync 1 DAGs
[2026-04-22T12:12:12.927+0530] {logging_mixin.py:188} INFO - [2026-04-22T12:12:12.927+0530] {dag.py:3954} INFO - Setting next_dagrun for example_dag_decorator to None, run_after=None
[2026-04-22T12:12:12.934+0530] {processor.py:183} INFO - Processing /Library/Frameworks/Python.framework/Versions/3.10/lib/python3.10/site-packages/airflow/example_dags/example_dag_decorator.py took 0.125 seconds
[2026-04-22T12:17:00.029+0530] {processor.py:161} INFO - Started process (PID=71400) to work on /Library/Frameworks/Python.framework/Versions/3.10/lib/python3.10/site-packages/airflow/example_dags/example_dag_decorator.py
[2026-04-22T12:17:00.030+0530] {processor.py:830} INFO - Processing file /Library/Frameworks/Python.framework/Versions/3.10/lib/python3.10/site-packages/airflow/example_dags/example_dag_decorator.py for tasks to queue
[2026-04-22T12:17:00.030+0530] {logging_mixin.py:188} INFO - [2026-04-22T12:17:00.030+0530] {dagbag.py:545} INFO - Filling up the DagBag from /Library/Frameworks/Python.framework/Versions/3.10/lib/python3.10/site-packages/airflow/example_dags/example_dag_decorator.py
[2026-04-22T12:17:00.076+0530] {processor.py:840} INFO - DAG(s) 'example_dag_decorator' retrieved from /Library/Frameworks/Python.framework/Versions/3.10/lib/python3.10/site-packages/airflow/example_dags/example_dag_decorator.py
[2026-04-22T12:17:00.146+0530] {logging_mixin.py:188} INFO - [2026-04-22T12:17:00.146+0530] {dag.py:3096} INFO - Sync 1 DAGs
[2026-04-22T12:17:00.148+0530] {logging_mixin.py:188} INFO - [2026-04-22T12:17:00.148+0530] {dag.py:3954} INFO - Setting next_dagrun for example_dag_decorator to None, run_after=None
[2026-04-22T12:17:00.154+0530] {processor.py:183} INFO - Processing /Library/Frameworks/Python.framework/Versions/3.10/lib/python3.10/site-packages/airflow/example_dags/example_dag_decorator.py took 0.126 seconds
[2026-04-22T12:20:53.251+0530] {processor.py:161} INFO - Started process (PID=72241) to work on /Library/Frameworks/Python.framework/Versions/3.10/lib/python3.10/site-packages/airflow/example_dags/example_dag_decorator.py
[2026-04-22T12:20:53.252+0530] {processor.py:830} INFO - Processing file /Library/Frameworks/Python.framework/Versions/3.10/lib/python3.10/site-packages/airflow/example_dags/example_dag_decorator.py for tasks to queue
[2026-04-22T12:20:53.252+0530] {logging_mixin.py:188} INFO - [2026-04-22T12:20:53.252+0530] {dagbag.py:545} INFO - Filling up the DagBag from /Library/Frameworks/Python.framework/Versions/3.10/lib/python3.10/site-packages/airflow/example_dags/example_dag_decorator.py
[2026-04-22T12:20:53.299+0530] {processor.py:840} INFO - DAG(s) 'example_dag_decorator' retrieved from /Library/Frameworks/Python.framework/Versions/3.10/lib/python3.10/site-packages/airflow/example_dags/example_dag_decorator.py
[2026-04-22T12:20:53.366+0530] {logging_mixin.py:188} INFO - [2026-04-22T12:20:53.366+0530] {dag.py:3096} INFO - Sync 1 DAGs
[2026-04-22T12:20:53.368+0530] {logging_mixin.py:188} INFO - [2026-04-22T12:20:53.368+0530] {dag.py:3954} INFO - Setting next_dagrun for example_dag_decorator to None, run_after=None
[2026-04-22T12:20:53.374+0530] {processor.py:183} INFO - Processing /Library/Frameworks/Python.framework/Versions/3.10/lib/python3.10/site-packages/airflow/example_dags/example_dag_decorator.py took 0.124 seconds
[2026-04-22T12:22:39.727+0530] {processor.py:161} INFO - Started process (PID=72472) to work on /Library/Frameworks/Python.framework/Versions/3.10/lib/python3.10/site-packages/airflow/example_dags/example_dag_decorator.py
[2026-04-22T12:22:39.728+0530] {processor.py:830} INFO - Processing file /Library/Frameworks/Python.framework/Versions/3.10/lib/python3.10/site-packages/airflow/example_dags/example_dag_decorator.py for tasks to queue
[2026-04-22T12:22:39.728+0530] {logging_mixin.py:188} INFO - [2026-04-22T12:22:39.728+0530] {dagbag.py:545} INFO - Filling up the DagBag from /Library/Frameworks/Python.framework/Versions/3.10/lib/python3.10/site-packages/airflow/example_dags/example_dag_decorator.py
[2026-04-22T12:22:39.801+0530] {processor.py:840} INFO - DAG(s) 'example_dag_decorator' retrieved from /Library/Frameworks/Python.framework/Versions/3.10/lib/python3.10/site-packages/airflow/example_dags/example_dag_decorator.py
[2026-04-22T12:22:39.900+0530] {logging_mixin.py:188} INFO - [2026-04-22T12:22:39.900+0530] {dag.py:3096} INFO - Sync 1 DAGs
[2026-04-22T12:22:39.903+0530] {logging_mixin.py:188} INFO - [2026-04-22T12:22:39.903+0530] {dag.py:3954} INFO - Setting next_dagrun for example_dag_decorator to None, run_after=None
[2026-04-22T12:22:39.909+0530] {processor.py:183} INFO - Processing /Library/Frameworks/Python.framework/Versions/3.10/lib/python3.10/site-packages/airflow/example_dags/example_dag_decorator.py took 0.183 seconds
[2026-04-22T12:24:22.331+0530] {processor.py:161} INFO - Started process (PID=72598) to work on /Library/Frameworks/Python.framework/Versions/3.10/lib/python3.10/site-packages/airflow/example_dags/example_dag_decorator.py
[2026-04-22T12:24:22.332+0530] {processor.py:830} INFO - Processing file /Library/Frameworks/Python.framework/Versions/3.10/lib/python3.10/site-packages/airflow/example_dags/example_dag_decorator.py for tasks to queue
[2026-04-22T12:24:22.333+0530] {logging_mixin.py:188} INFO - [2026-04-22T12:24:22.332+0530] {dagbag.py:545} INFO - Filling up the DagBag from /Library/Frameworks/Python.framework/Versions/3.10/lib/python3.10/site-packages/airflow/example_dags/example_dag_decorator.py
[2026-04-22T12:24:22.400+0530] {processor.py:840} INFO - DAG(s) 'example_dag_decorator' retrieved from /Library/Frameworks/Python.framework/Versions/3.10/lib/python3.10/site-packages/airflow/example_dags/example_dag_decorator.py
[2026-04-22T12:24:22.468+0530] {logging_mixin.py:188} INFO - [2026-04-22T12:24:22.468+0530] {dag.py:3096} INFO - Sync 1 DAGs
[2026-04-22T12:24:22.471+0530] {logging_mixin.py:188} INFO - [2026-04-22T12:24:22.471+0530] {dag.py:3954} INFO - Setting next_dagrun for example_dag_decorator to None, run_after=None
[2026-04-22T12:24:22.476+0530] {processor.py:183} INFO - Processing /Library/Frameworks/Python.framework/Versions/3.10/lib/python3.10/site-packages/airflow/example_dags/example_dag_decorator.py took 0.146 seconds
[2026-04-22T12:26:08.383+0530] {processor.py:161} INFO - Started process (PID=72878) to work on /Library/Frameworks/Python.framework/Versions/3.10/lib/python3.10/site-packages/airflow/example_dags/example_dag_decorator.py
[2026-04-22T12:26:08.384+0530] {processor.py:830} INFO - Processing file /Library/Frameworks/Python.framework/Versions/3.10/lib/python3.10/site-packages/airflow/example_dags/example_dag_decorator.py for tasks to queue
[2026-04-22T12:26:08.384+0530] {logging_mixin.py:188} INFO - [2026-04-22T12:26:08.384+0530] {dagbag.py:545} INFO - Filling up the DagBag from /Library/Frameworks/Python.framework/Versions/3.10/lib/python3.10/site-packages/airflow/example_dags/example_dag_decorator.py
[2026-04-22T12:26:08.452+0530] {processor.py:840} INFO - DAG(s) 'example_dag_decorator' retrieved from /Library/Frameworks/Python.framework/Versions/3.10/lib/python3.10/site-packages/airflow/example_dags/example_dag_decorator.py
[2026-04-22T12:26:08.515+0530] {logging_mixin.py:188} INFO - [2026-04-22T12:26:08.515+0530] {dag.py:3096} INFO - Sync 1 DAGs
[2026-04-22T12:26:08.518+0530] {logging_mixin.py:188} INFO - [2026-04-22T12:26:08.518+0530] {dag.py:3954} INFO - Setting next_dagrun for example_dag_decorator to None, run_after=None
[2026-04-22T12:26:08.523+0530] {processor.py:183} INFO - Processing /Library/Frameworks/Python.framework/Versions/3.10/lib/python3.10/site-packages/airflow/example_dags/example_dag_decorator.py took 0.141 seconds
[2026-04-22T12:27:55.035+0530] {processor.py:161} INFO - Started process (PID=73058) to work on /Library/Frameworks/Python.framework/Versions/3.10/lib/python3.10/site-packages/airflow/example_dags/example_dag_decorator.py
[2026-04-22T12:27:55.036+0530] {processor.py:830} INFO - Processing file /Library/Frameworks/Python.framework/Versions/3.10/lib/python3.10/site-packages/airflow/example_dags/example_dag_decorator.py for tasks to queue
[2026-04-22T12:27:55.036+0530] {logging_mixin.py:188} INFO - [2026-04-22T12:27:55.036+0530] {dagbag.py:545} INFO - Filling up the DagBag from /Library/Frameworks/Python.framework/Versions/3.10/lib/python3.10/site-packages/airflow/example_dags/example_dag_decorator.py
[2026-04-22T12:27:55.101+0530] {processor.py:840} INFO - DAG(s) 'example_dag_decorator' retrieved from /Library/Frameworks/Python.framework/Versions/3.10/lib/python3.10/site-packages/airflow/example_dags/example_dag_decorator.py
[2026-04-22T12:27:55.167+0530] {logging_mixin.py:188} INFO - [2026-04-22T12:27:55.167+0530] {dag.py:3096} INFO - Sync 1 DAGs
[2026-04-22T12:27:55.169+0530] {logging_mixin.py:188} INFO - [2026-04-22T12:27:55.169+0530] {dag.py:3954} INFO - Setting next_dagrun for example_dag_decorator to None, run_after=None
[2026-04-22T12:27:55.175+0530] {processor.py:183} INFO - Processing /Library/Frameworks/Python.framework/Versions/3.10/lib/python3.10/site-packages/airflow/example_dags/example_dag_decorator.py took 0.140 seconds
[2026-04-22T12:29:49.294+0530] {processor.py:161} INFO - Started process (PID=73272) to work on /Library/Frameworks/Python.framework/Versions/3.10/lib/python3.10/site-packages/airflow/example_dags/example_dag_decorator.py
[2026-04-22T12:29:49.295+0530] {processor.py:830} INFO - Processing file /Library/Frameworks/Python.framework/Versions/3.10/lib/python3.10/site-packages/airflow/example_dags/example_dag_decorator.py for tasks to queue
[2026-04-22T12:29:49.296+0530] {logging_mixin.py:188} INFO - [2026-04-22T12:29:49.296+0530] {dagbag.py:545} INFO - Filling up the DagBag from /Library/Frameworks/Python.framework/Versions/3.10/lib/python3.10/site-packages/airflow/example_dags/example_dag_decorator.py
[2026-04-22T12:29:49.361+0530] {processor.py:840} INFO - DAG(s) 'example_dag_decorator' retrieved from /Library/Frameworks/Python.framework/Versions/3.10/lib/python3.10/site-packages/airflow/example_dags/example_dag_decorator.py
[2026-04-22T12:29:49.426+0530] {logging_mixin.py:188} INFO - [2026-04-22T12:29:49.426+0530] {dag.py:3096} INFO - Sync 1 DAGs
[2026-04-22T12:29:49.429+0530] {logging_mixin.py:188} INFO - [2026-04-22T12:29:49.429+0530] {dag.py:3954} INFO - Setting next_dagrun for example_dag_decorator to None, run_after=None
[2026-04-22T12:29:49.436+0530] {processor.py:183} INFO - Processing /Library/Frameworks/Python.framework/Versions/3.10/lib/python3.10/site-packages/airflow/example_dags/example_dag_decorator.py took 0.142 seconds
[2026-04-22T12:31:39.270+0530] {processor.py:161} INFO - Started process (PID=73530) to work on /Library/Frameworks/Python.framework/Versions/3.10/lib/python3.10/site-packages/airflow/example_dags/example_dag_decorator.py
[2026-04-22T12:31:39.270+0530] {processor.py:830} INFO - Processing file /Library/Frameworks/Python.framework/Versions/3.10/lib/python3.10/site-packages/airflow/example_dags/example_dag_decorator.py for tasks to queue
[2026-04-22T12:31:39.271+0530] {logging_mixin.py:188} INFO - [2026-04-22T12:31:39.271+0530] {dagbag.py:545} INFO - Filling up the DagBag from /Library/Frameworks/Python.framework/Versions/3.10/lib/python3.10/site-packages/airflow/example_dags/example_dag_decorator.py
[2026-04-22T12:31:39.355+0530] {processor.py:840} INFO - DAG(s) 'example_dag_decorator' retrieved from /Library/Frameworks/Python.framework/Versions/3.10/lib/python3.10/site-packages/airflow/example_dags/example_dag_decorator.py
[2026-04-22T12:31:39.429+0530] {logging_mixin.py:188} INFO - [2026-04-22T12:31:39.429+0530] {dag.py:3096} INFO - Sync 1 DAGs
[2026-04-22T12:31:39.432+0530] {logging_mixin.py:188} INFO - [2026-04-22T12:31:39.432+0530] {dag.py:3954} INFO - Setting next_dagrun for example_dag_decorator to None, run_after=None
[2026-04-22T12:31:39.438+0530] {processor.py:183} INFO - Processing /Library/Frameworks/Python.framework/Versions/3.10/lib/python3.10/site-packages/airflow/example_dags/example_dag_decorator.py took 0.170 seconds
[2026-04-22T12:33:24.848+0530] {processor.py:161} INFO - Started process (PID=73721) to work on /Library/Frameworks/Python.framework/Versions/3.10/lib/python3.10/site-packages/airflow/example_dags/example_dag_decorator.py
[2026-04-22T12:33:24.848+0530] {processor.py:830} INFO - Processing file /Library/Frameworks/Python.framework/Versions/3.10/lib/python3.10/site-packages/airflow/example_dags/example_dag_decorator.py for tasks to queue
[2026-04-22T12:33:24.849+0530] {logging_mixin.py:188} INFO - [2026-04-22T12:33:24.849+0530] {dagbag.py:545} INFO - Filling up the DagBag from /Library/Frameworks/Python.framework/Versions/3.10/lib/python3.10/site-packages/airflow/example_dags/example_dag_decorator.py
[2026-04-22T12:33:24.917+0530] {processor.py:840} INFO - DAG(s) 'example_dag_decorator' retrieved from /Library/Frameworks/Python.framework/Versions/3.10/lib/python3.10/site-packages/airflow/example_dags/example_dag_decorator.py
[2026-04-22T12:33:24.985+0530] {logging_mixin.py:188} INFO - [2026-04-22T12:33:24.985+0530] {dag.py:3096} INFO - Sync 1 DAGs
[2026-04-22T12:33:24.987+0530] {logging_mixin.py:188} INFO - [2026-04-22T12:33:24.987+0530] {dag.py:3954} INFO - Setting next_dagrun for example_dag_decorator to None, run_after=None
[2026-04-22T12:33:24.993+0530] {processor.py:183} INFO - Processing /Library/Frameworks/Python.framework/Versions/3.10/lib/python3.10/site-packages/airflow/example_dags/example_dag_decorator.py took 0.146 seconds
[2026-04-22T12:35:09.233+0530] {processor.py:161} INFO - Started process (PID=73852) to work on /Library/Frameworks/Python.framework/Versions/3.10/lib/python3.10/site-packages/airflow/example_dags/example_dag_decorator.py
[2026-04-22T12:35:09.233+0530] {processor.py:830} INFO - Processing file /Library/Frameworks/Python.framework/Versions/3.10/lib/python3.10/site-packages/airflow/example_dags/example_dag_decorator.py for tasks to queue
[2026-04-22T12:35:09.233+0530] {logging_mixin.py:188} INFO - [2026-04-22T12:35:09.233+0530] {dagbag.py:545} INFO - Filling up the DagBag from /Library/Frameworks/Python.framework/Versions/3.10/lib/python3.10/site-packages/airflow/example_dags/example_dag_decorator.py
[2026-04-22T12:35:09.300+0530] {processor.py:840} INFO - DAG(s) 'example_dag_decorator' retrieved from /Library/Frameworks/Python.framework/Versions/3.10/lib/python3.10/site-packages/airflow/example_dags/example_dag_decorator.py
[2026-04-22T12:35:09.368+0530] {logging_mixin.py:188} INFO - [2026-04-22T12:35:09.368+0530] {dag.py:3096} INFO - Sync 1 DAGs
[2026-04-22T12:35:09.371+0530] {logging_mixin.py:188} INFO - [2026-04-22T12:35:09.371+0530] {dag.py:3954} INFO - Setting next_dagrun for example_dag_decorator to None, run_after=None
[2026-04-22T12:35:09.376+0530] {processor.py:183} INFO - Processing /Library/Frameworks/Python.framework/Versions/3.10/lib/python3.10/site-packages/airflow/example_dags/example_dag_decorator.py took 0.144 seconds
[2026-04-22T12:36:50.400+0530] {processor.py:161} INFO - Started process (PID=73979) to work on /Library/Frameworks/Python.framework/Versions/3.10/lib/python3.10/site-packages/airflow/example_dags/example_dag_decorator.py
[2026-04-22T12:36:50.400+0530] {processor.py:830} INFO - Processing file /Library/Frameworks/Python.framework/Versions/3.10/lib/python3.10/site-packages/airflow/example_dags/example_dag_decorator.py for tasks to queue
[2026-04-22T12:36:50.401+0530] {logging_mixin.py:188} INFO - [2026-04-22T12:36:50.401+0530] {dagbag.py:545} INFO - Filling up the DagBag from /Library/Frameworks/Python.framework/Versions/3.10/lib/python3.10/site-packages/airflow/example_dags/example_dag_decorator.py
[2026-04-22T12:36:50.471+0530] {processor.py:840} INFO - DAG(s) 'example_dag_decorator' retrieved from /Library/Frameworks/Python.framework/Versions/3.10/lib/python3.10/site-packages/airflow/example_dags/example_dag_decorator.py
[2026-04-22T12:36:50.540+0530] {logging_mixin.py:188} INFO - [2026-04-22T12:36:50.540+0530] {dag.py:3096} INFO - Sync 1 DAGs
[2026-04-22T12:36:50.543+0530] {logging_mixin.py:188} INFO - [2026-04-22T12:36:50.543+0530] {dag.py:3954} INFO - Setting next_dagrun for example_dag_decorator to None, run_after=None
[2026-04-22T12:36:50.549+0530] {processor.py:183} INFO - Processing /Library/Frameworks/Python.framework/Versions/3.10/lib/python3.10/site-packages/airflow/example_dags/example_dag_decorator.py took 0.150 seconds
[2026-04-22T12:38:44.564+0530] {processor.py:161} INFO - Started process (PID=74101) to work on /Library/Frameworks/Python.framework/Versions/3.10/lib/python3.10/site-packages/airflow/example_dags/example_dag_decorator.py
[2026-04-22T12:38:44.564+0530] {processor.py:830} INFO - Processing file /Library/Frameworks/Python.framework/Versions/3.10/lib/python3.10/site-packages/airflow/example_dags/example_dag_decorator.py for tasks to queue
[2026-04-22T12:38:44.565+0530] {logging_mixin.py:188} INFO - [2026-04-22T12:38:44.565+0530] {dagbag.py:545} INFO - Filling up the DagBag from /Library/Frameworks/Python.framework/Versions/3.10/lib/python3.10/site-packages/airflow/example_dags/example_dag_decorator.py
[2026-04-22T12:38:44.632+0530] {processor.py:840} INFO - DAG(s) 'example_dag_decorator' retrieved from /Library/Frameworks/Python.framework/Versions/3.10/lib/python3.10/site-packages/airflow/example_dags/example_dag_decorator.py
[2026-04-22T12:38:44.700+0530] {logging_mixin.py:188} INFO - [2026-04-22T12:38:44.700+0530] {dag.py:3096} INFO - Sync 1 DAGs
[2026-04-22T12:38:44.703+0530] {logging_mixin.py:188} INFO - [2026-04-22T12:38:44.703+0530] {dag.py:3954} INFO - Setting next_dagrun for example_dag_decorator to None, run_after=None
[2026-04-22T12:38:44.708+0530] {processor.py:183} INFO - Processing /Library/Frameworks/Python.framework/Versions/3.10/lib/python3.10/site-packages/airflow/example_dags/example_dag_decorator.py took 0.145 seconds
[2026-04-22T12:40:44.729+0530] {processor.py:161} INFO - Started process (PID=74247) to work on /Library/Frameworks/Python.framework/Versions/3.10/lib/python3.10/site-packages/airflow/example_dags/example_dag_decorator.py
[2026-04-22T12:40:44.730+0530] {processor.py:830} INFO - Processing file /Library/Frameworks/Python.framework/Versions/3.10/lib/python3.10/site-packages/airflow/example_dags/example_dag_decorator.py for tasks to queue
[2026-04-22T12:40:44.730+0530] {logging_mixin.py:188} INFO - [2026-04-22T12:40:44.730+0530] {dagbag.py:545} INFO - Filling up the DagBag from /Library/Frameworks/Python.framework/Versions/3.10/lib/python3.10/site-packages/airflow/example_dags/example_dag_decorator.py
[2026-04-22T12:40:44.805+0530] {processor.py:840} INFO - DAG(s) 'example_dag_decorator' retrieved from /Library/Frameworks/Python.framework/Versions/3.10/lib/python3.10/site-packages/airflow/example_dags/example_dag_decorator.py
[2026-04-22T12:40:44.874+0530] {logging_mixin.py:188} INFO - [2026-04-22T12:40:44.873+0530] {dag.py:3096} INFO - Sync 1 DAGs
[2026-04-22T12:40:44.876+0530] {logging_mixin.py:188} INFO - [2026-04-22T12:40:44.876+0530] {dag.py:3954} INFO - Setting next_dagrun for example_dag_decorator to None, run_after=None
[2026-04-22T12:40:44.884+0530] {processor.py:183} INFO - Processing /Library/Frameworks/Python.framework/Versions/3.10/lib/python3.10/site-packages/airflow/example_dags/example_dag_decorator.py took 0.156 seconds
[2026-04-22T12:42:41.155+0530] {processor.py:161} INFO - Started process (PID=74384) to work on /Library/Frameworks/Python.framework/Versions/3.10/lib/python3.10/site-packages/airflow/example_dags/example_dag_decorator.py
[2026-04-22T12:42:41.155+0530] {processor.py:830} INFO - Processing file /Library/Frameworks/Python.framework/Versions/3.10/lib/python3.10/site-packages/airflow/example_dags/example_dag_decorator.py for tasks to queue
[2026-04-22T12:42:41.155+0530] {logging_mixin.py:188} INFO - [2026-04-22T12:42:41.155+0530] {dagbag.py:545} INFO - Filling up the DagBag from /Library/Frameworks/Python.framework/Versions/3.10/lib/python3.10/site-packages/airflow/example_dags/example_dag_decorator.py
[2026-04-22T12:42:41.224+0530] {processor.py:840} INFO - DAG(s) 'example_dag_decorator' retrieved from /Library/Frameworks/Python.framework/Versions/3.10/lib/python3.10/site-packages/airflow/example_dags/example_dag_decorator.py
[2026-04-22T12:42:41.294+0530] {logging_mixin.py:188} INFO - [2026-04-22T12:42:41.293+0530] {dag.py:3096} INFO - Sync 1 DAGs
[2026-04-22T12:42:41.296+0530] {logging_mixin.py:188} INFO - [2026-04-22T12:42:41.296+0530] {dag.py:3954} INFO - Setting next_dagrun for example_dag_decorator to None, run_after=None
[2026-04-22T12:42:41.302+0530] {processor.py:183} INFO - Processing /Library/Frameworks/Python.framework/Versions/3.10/lib/python3.10/site-packages/airflow/example_dags/example_dag_decorator.py took 0.148 seconds
