[2026-04-22T05:57:31.031+0530] {processor.py:161} INFO - Started process (PID=68503) to work on /Library/Frameworks/Python.framework/Versions/3.10/lib/python3.10/site-packages/airflow/example_dags/tutorial_objectstorage.py
[2026-04-22T05:57:31.031+0530] {processor.py:830} INFO - Processing file /Library/Frameworks/Python.framework/Versions/3.10/lib/python3.10/site-packages/airflow/example_dags/tutorial_objectstorage.py for tasks to queue
[2026-04-22T05:57:31.031+0530] {logging_mixin.py:188} INFO - [2026-04-22T05:57:31.031+0530] {dagbag.py:545} INFO - Filling up the DagBag from /Library/Frameworks/Python.framework/Versions/3.10/lib/python3.10/site-packages/airflow/example_dags/tutorial_objectstorage.py
[2026-04-22T05:57:31.059+0530] {processor.py:840} INFO - DAG(s) 'tutorial_objectstorage' retrieved from /Library/Frameworks/Python.framework/Versions/3.10/lib/python3.10/site-packages/airflow/example_dags/tutorial_objectstorage.py
[2026-04-22T05:57:31.090+0530] {logging_mixin.py:188} INFO - [2026-04-22T05:57:31.090+0530] {dag.py:3096} INFO - Sync 1 DAGs
[2026-04-22T05:57:31.092+0530] {logging_mixin.py:188} INFO - [2026-04-22T05:57:31.092+0530] {dag.py:3954} INFO - Setting next_dagrun for tutorial_objectstorage to None, run_after=None
[2026-04-22T05:57:31.098+0530] {processor.py:183} INFO - Processing /Library/Frameworks/Python.framework/Versions/3.10/lib/python3.10/site-packages/airflow/example_dags/tutorial_objectstorage.py took 0.068 seconds
[2026-04-22T08:47:34.965+0530] {processor.py:161} INFO - Started process (PID=68929) to work on /Library/Frameworks/Python.framework/Versions/3.10/lib/python3.10/site-packages/airflow/example_dags/tutorial_objectstorage.py
[2026-04-22T08:47:34.966+0530] {processor.py:830} INFO - Processing file /Library/Frameworks/Python.framework/Versions/3.10/lib/python3.10/site-packages/airflow/example_dags/tutorial_objectstorage.py for tasks to queue
[2026-04-22T08:47:34.966+0530] {logging_mixin.py:188} INFO - [2026-04-22T08:47:34.966+0530] {dagbag.py:545} INFO - Filling up the DagBag from /Library/Frameworks/Python.framework/Versions/3.10/lib/python3.10/site-packages/airflow/example_dags/tutorial_objectstorage.py
[2026-04-22T08:47:35.021+0530] {processor.py:840} INFO - DAG(s) 'tutorial_objectstorage' retrieved from /Library/Frameworks/Python.framework/Versions/3.10/lib/python3.10/site-packages/airflow/example_dags/tutorial_objectstorage.py
[2026-04-22T08:47:35.077+0530] {logging_mixin.py:188} INFO - [2026-04-22T08:47:35.077+0530] {dag.py:3096} INFO - Sync 1 DAGs
[2026-04-22T08:47:35.082+0530] {logging_mixin.py:188} INFO - [2026-04-22T08:47:35.082+0530] {dag.py:3954} INFO - Setting next_dagrun for tutorial_objectstorage to None, run_after=None
[2026-04-22T08:47:35.091+0530] {processor.py:183} INFO - Processing /Library/Frameworks/Python.framework/Versions/3.10/lib/python3.10/site-packages/airflow/example_dags/tutorial_objectstorage.py took 0.128 seconds
[2026-04-22T09:48:14.671+0530] {processor.py:161} INFO - Started process (PID=69092) to work on /Library/Frameworks/Python.framework/Versions/3.10/lib/python3.10/site-packages/airflow/example_dags/tutorial_objectstorage.py
[2026-04-22T09:48:14.672+0530] {processor.py:830} INFO - Processing file /Library/Frameworks/Python.framework/Versions/3.10/lib/python3.10/site-packages/airflow/example_dags/tutorial_objectstorage.py for tasks to queue
[2026-04-22T09:48:14.672+0530] {logging_mixin.py:188} INFO - [2026-04-22T09:48:14.672+0530] {dagbag.py:545} INFO - Filling up the DagBag from /Library/Frameworks/Python.framework/Versions/3.10/lib/python3.10/site-packages/airflow/example_dags/tutorial_objectstorage.py
[2026-04-22T09:48:14.701+0530] {processor.py:840} INFO - DAG(s) 'tutorial_objectstorage' retrieved from /Library/Frameworks/Python.framework/Versions/3.10/lib/python3.10/site-packages/airflow/example_dags/tutorial_objectstorage.py
[2026-04-22T09:48:14.735+0530] {logging_mixin.py:188} INFO - [2026-04-22T09:48:14.734+0530] {dag.py:3096} INFO - Sync 1 DAGs
[2026-04-22T09:48:14.737+0530] {logging_mixin.py:188} INFO - [2026-04-22T09:48:14.737+0530] {dag.py:3954} INFO - Setting next_dagrun for tutorial_objectstorage to None, run_after=None
[2026-04-22T09:48:14.743+0530] {processor.py:183} INFO - Processing /Library/Frameworks/Python.framework/Versions/3.10/lib/python3.10/site-packages/airflow/example_dags/tutorial_objectstorage.py took 0.073 seconds
[2026-04-22T11:48:00.507+0530] {processor.py:161} INFO - Started process (PID=69353) to work on /Library/Frameworks/Python.framework/Versions/3.10/lib/python3.10/site-packages/airflow/example_dags/tutorial_objectstorage.py
[2026-04-22T11:48:00.507+0530] {processor.py:830} INFO - Processing file /Library/Frameworks/Python.framework/Versions/3.10/lib/python3.10/site-packages/airflow/example_dags/tutorial_objectstorage.py for tasks to queue
[2026-04-22T11:48:00.507+0530] {logging_mixin.py:188} INFO - [2026-04-22T11:48:00.507+0530] {dagbag.py:545} INFO - Filling up the DagBag from /Library/Frameworks/Python.framework/Versions/3.10/lib/python3.10/site-packages/airflow/example_dags/tutorial_objectstorage.py
[2026-04-22T11:48:00.541+0530] {processor.py:840} INFO - DAG(s) 'tutorial_objectstorage' retrieved from /Library/Frameworks/Python.framework/Versions/3.10/lib/python3.10/site-packages/airflow/example_dags/tutorial_objectstorage.py
[2026-04-22T11:48:00.573+0530] {logging_mixin.py:188} INFO - [2026-04-22T11:48:00.572+0530] {dag.py:3096} INFO - Sync 1 DAGs
[2026-04-22T11:48:00.575+0530] {logging_mixin.py:188} INFO - [2026-04-22T11:48:00.575+0530] {dag.py:3954} INFO - Setting next_dagrun for tutorial_objectstorage to None, run_after=None
[2026-04-22T11:48:00.580+0530] {processor.py:183} INFO - Processing /Library/Frameworks/Python.framework/Versions/3.10/lib/python3.10/site-packages/airflow/example_dags/tutorial_objectstorage.py took 0.075 seconds
[2026-04-22T11:48:49.543+0530] {processor.py:161} INFO - Started process (PID=69444) to work on /Library/Frameworks/Python.framework/Versions/3.10/lib/python3.10/site-packages/airflow/example_dags/tutorial_objectstorage.py
[2026-04-22T11:48:49.544+0530] {processor.py:830} INFO - Processing file /Library/Frameworks/Python.framework/Versions/3.10/lib/python3.10/site-packages/airflow/example_dags/tutorial_objectstorage.py for tasks to queue
[2026-04-22T11:48:49.544+0530] {logging_mixin.py:188} INFO - [2026-04-22T11:48:49.544+0530] {dagbag.py:545} INFO - Filling up the DagBag from /Library/Frameworks/Python.framework/Versions/3.10/lib/python3.10/site-packages/airflow/example_dags/tutorial_objectstorage.py
[2026-04-22T11:48:49.579+0530] {processor.py:840} INFO - DAG(s) 'tutorial_objectstorage' retrieved from /Library/Frameworks/Python.framework/Versions/3.10/lib/python3.10/site-packages/airflow/example_dags/tutorial_objectstorage.py
[2026-04-22T11:48:49.612+0530] {logging_mixin.py:188} INFO - [2026-04-22T11:48:49.612+0530] {dag.py:3096} INFO - Sync 1 DAGs
[2026-04-22T11:48:49.615+0530] {logging_mixin.py:188} INFO - [2026-04-22T11:48:49.615+0530] {dag.py:3954} INFO - Setting next_dagrun for tutorial_objectstorage to None, run_after=None
[2026-04-22T11:48:49.620+0530] {processor.py:183} INFO - Processing /Library/Frameworks/Python.framework/Versions/3.10/lib/python3.10/site-packages/airflow/example_dags/tutorial_objectstorage.py took 0.078 seconds
[2026-04-22T11:49:26.607+0530] {processor.py:161} INFO - Started process (PID=69500) to work on /Library/Frameworks/Python.framework/Versions/3.10/lib/python3.10/site-packages/airflow/example_dags/tutorial_objectstorage.py
[2026-04-22T11:49:26.608+0530] {processor.py:830} INFO - Processing file /Library/Frameworks/Python.framework/Versions/3.10/lib/python3.10/site-packages/airflow/example_dags/tutorial_objectstorage.py for tasks to queue
[2026-04-22T11:49:26.609+0530] {logging_mixin.py:188} INFO - [2026-04-22T11:49:26.609+0530] {dagbag.py:545} INFO - Filling up the DagBag from /Library/Frameworks/Python.framework/Versions/3.10/lib/python3.10/site-packages/airflow/example_dags/tutorial_objectstorage.py
[2026-04-22T11:49:26.643+0530] {processor.py:840} INFO - DAG(s) 'tutorial_objectstorage' retrieved from /Library/Frameworks/Python.framework/Versions/3.10/lib/python3.10/site-packages/airflow/example_dags/tutorial_objectstorage.py
[2026-04-22T11:49:26.675+0530] {logging_mixin.py:188} INFO - [2026-04-22T11:49:26.675+0530] {dag.py:3096} INFO - Sync 1 DAGs
[2026-04-22T11:49:26.678+0530] {logging_mixin.py:188} INFO - [2026-04-22T11:49:26.678+0530] {dag.py:3954} INFO - Setting next_dagrun for tutorial_objectstorage to None, run_after=None
[2026-04-22T11:49:26.683+0530] {processor.py:183} INFO - Processing /Library/Frameworks/Python.framework/Versions/3.10/lib/python3.10/site-packages/airflow/example_dags/tutorial_objectstorage.py took 0.077 seconds
[2026-04-22T11:50:04.680+0530] {processor.py:161} INFO - Started process (PID=69565) to work on /Library/Frameworks/Python.framework/Versions/3.10/lib/python3.10/site-packages/airflow/example_dags/tutorial_objectstorage.py
[2026-04-22T11:50:04.681+0530] {processor.py:830} INFO - Processing file /Library/Frameworks/Python.framework/Versions/3.10/lib/python3.10/site-packages/airflow/example_dags/tutorial_objectstorage.py for tasks to queue
[2026-04-22T11:50:04.681+0530] {logging_mixin.py:188} INFO - [2026-04-22T11:50:04.681+0530] {dagbag.py:545} INFO - Filling up the DagBag from /Library/Frameworks/Python.framework/Versions/3.10/lib/python3.10/site-packages/airflow/example_dags/tutorial_objectstorage.py
[2026-04-22T11:50:04.716+0530] {processor.py:840} INFO - DAG(s) 'tutorial_objectstorage' retrieved from /Library/Frameworks/Python.framework/Versions/3.10/lib/python3.10/site-packages/airflow/example_dags/tutorial_objectstorage.py
[2026-04-22T11:50:04.748+0530] {logging_mixin.py:188} INFO - [2026-04-22T11:50:04.748+0530] {dag.py:3096} INFO - Sync 1 DAGs
[2026-04-22T11:50:04.751+0530] {logging_mixin.py:188} INFO - [2026-04-22T11:50:04.751+0530] {dag.py:3954} INFO - Setting next_dagrun for tutorial_objectstorage to None, run_after=None
[2026-04-22T11:50:04.756+0530] {processor.py:183} INFO - Processing /Library/Frameworks/Python.framework/Versions/3.10/lib/python3.10/site-packages/airflow/example_dags/tutorial_objectstorage.py took 0.077 seconds
[2026-04-22T11:50:41.209+0530] {processor.py:161} INFO - Started process (PID=69627) to work on /Library/Frameworks/Python.framework/Versions/3.10/lib/python3.10/site-packages/airflow/example_dags/tutorial_objectstorage.py
[2026-04-22T11:50:41.210+0530] {processor.py:830} INFO - Processing file /Library/Frameworks/Python.framework/Versions/3.10/lib/python3.10/site-packages/airflow/example_dags/tutorial_objectstorage.py for tasks to queue
[2026-04-22T11:50:41.210+0530] {logging_mixin.py:188} INFO - [2026-04-22T11:50:41.210+0530] {dagbag.py:545} INFO - Filling up the DagBag from /Library/Frameworks/Python.framework/Versions/3.10/lib/python3.10/site-packages/airflow/example_dags/tutorial_objectstorage.py
[2026-04-22T11:50:41.245+0530] {processor.py:840} INFO - DAG(s) 'tutorial_objectstorage' retrieved from /Library/Frameworks/Python.framework/Versions/3.10/lib/python3.10/site-packages/airflow/example_dags/tutorial_objectstorage.py
[2026-04-22T11:50:41.277+0530] {logging_mixin.py:188} INFO - [2026-04-22T11:50:41.277+0530] {dag.py:3096} INFO - Sync 1 DAGs
[2026-04-22T11:50:41.280+0530] {logging_mixin.py:188} INFO - [2026-04-22T11:50:41.280+0530] {dag.py:3954} INFO - Setting next_dagrun for tutorial_objectstorage to None, run_after=None
[2026-04-22T11:50:41.286+0530] {processor.py:183} INFO - Processing /Library/Frameworks/Python.framework/Versions/3.10/lib/python3.10/site-packages/airflow/example_dags/tutorial_objectstorage.py took 0.078 seconds
[2026-04-22T12:08:53.495+0530] {processor.py:161} INFO - Started process (PID=70832) to work on /Library/Frameworks/Python.framework/Versions/3.10/lib/python3.10/site-packages/airflow/example_dags/tutorial_objectstorage.py
[2026-04-22T12:08:53.495+0530] {processor.py:830} INFO - Processing file /Library/Frameworks/Python.framework/Versions/3.10/lib/python3.10/site-packages/airflow/example_dags/tutorial_objectstorage.py for tasks to queue
[2026-04-22T12:08:53.495+0530] {logging_mixin.py:188} INFO - [2026-04-22T12:08:53.495+0530] {dagbag.py:545} INFO - Filling up the DagBag from /Library/Frameworks/Python.framework/Versions/3.10/lib/python3.10/site-packages/airflow/example_dags/tutorial_objectstorage.py
[2026-04-22T12:08:53.525+0530] {processor.py:840} INFO - DAG(s) 'tutorial_objectstorage' retrieved from /Library/Frameworks/Python.framework/Versions/3.10/lib/python3.10/site-packages/airflow/example_dags/tutorial_objectstorage.py
[2026-04-22T12:08:53.556+0530] {logging_mixin.py:188} INFO - [2026-04-22T12:08:53.556+0530] {dag.py:3096} INFO - Sync 1 DAGs
[2026-04-22T12:08:53.559+0530] {logging_mixin.py:188} INFO - [2026-04-22T12:08:53.559+0530] {dag.py:3954} INFO - Setting next_dagrun for tutorial_objectstorage to None, run_after=None
[2026-04-22T12:08:53.564+0530] {processor.py:183} INFO - Processing /Library/Frameworks/Python.framework/Versions/3.10/lib/python3.10/site-packages/airflow/example_dags/tutorial_objectstorage.py took 0.070 seconds
[2026-04-22T12:13:51.485+0530] {processor.py:161} INFO - Started process (PID=71191) to work on /Library/Frameworks/Python.framework/Versions/3.10/lib/python3.10/site-packages/airflow/example_dags/tutorial_objectstorage.py
[2026-04-22T12:13:51.486+0530] {processor.py:830} INFO - Processing file /Library/Frameworks/Python.framework/Versions/3.10/lib/python3.10/site-packages/airflow/example_dags/tutorial_objectstorage.py for tasks to queue
[2026-04-22T12:13:51.486+0530] {logging_mixin.py:188} INFO - [2026-04-22T12:13:51.486+0530] {dagbag.py:545} INFO - Filling up the DagBag from /Library/Frameworks/Python.framework/Versions/3.10/lib/python3.10/site-packages/airflow/example_dags/tutorial_objectstorage.py
[2026-04-22T12:13:51.514+0530] {processor.py:840} INFO - DAG(s) 'tutorial_objectstorage' retrieved from /Library/Frameworks/Python.framework/Versions/3.10/lib/python3.10/site-packages/airflow/example_dags/tutorial_objectstorage.py
[2026-04-22T12:13:51.545+0530] {logging_mixin.py:188} INFO - [2026-04-22T12:13:51.545+0530] {dag.py:3096} INFO - Sync 1 DAGs
[2026-04-22T12:13:51.547+0530] {logging_mixin.py:188} INFO - [2026-04-22T12:13:51.547+0530] {dag.py:3954} INFO - Setting next_dagrun for tutorial_objectstorage to None, run_after=None
[2026-04-22T12:13:51.553+0530] {processor.py:183} INFO - Processing /Library/Frameworks/Python.framework/Versions/3.10/lib/python3.10/site-packages/airflow/example_dags/tutorial_objectstorage.py took 0.068 seconds
[2026-04-22T12:18:13.501+0530] {processor.py:161} INFO - Started process (PID=71503) to work on /Library/Frameworks/Python.framework/Versions/3.10/lib/python3.10/site-packages/airflow/example_dags/tutorial_objectstorage.py
[2026-04-22T12:18:13.502+0530] {processor.py:830} INFO - Processing file /Library/Frameworks/Python.framework/Versions/3.10/lib/python3.10/site-packages/airflow/example_dags/tutorial_objectstorage.py for tasks to queue
[2026-04-22T12:18:13.502+0530] {logging_mixin.py:188} INFO - [2026-04-22T12:18:13.502+0530] {dagbag.py:545} INFO - Filling up the DagBag from /Library/Frameworks/Python.framework/Versions/3.10/lib/python3.10/site-packages/airflow/example_dags/tutorial_objectstorage.py
[2026-04-22T12:18:13.531+0530] {processor.py:840} INFO - DAG(s) 'tutorial_objectstorage' retrieved from /Library/Frameworks/Python.framework/Versions/3.10/lib/python3.10/site-packages/airflow/example_dags/tutorial_objectstorage.py
[2026-04-22T12:18:13.563+0530] {logging_mixin.py:188} INFO - [2026-04-22T12:18:13.563+0530] {dag.py:3096} INFO - Sync 1 DAGs
[2026-04-22T12:18:13.566+0530] {logging_mixin.py:188} INFO - [2026-04-22T12:18:13.565+0530] {dag.py:3954} INFO - Setting next_dagrun for tutorial_objectstorage to None, run_after=None
[2026-04-22T12:18:13.571+0530] {processor.py:183} INFO - Processing /Library/Frameworks/Python.framework/Versions/3.10/lib/python3.10/site-packages/airflow/example_dags/tutorial_objectstorage.py took 0.071 seconds
[2026-04-22T12:20:18.871+0530] {processor.py:161} INFO - Started process (PID=72096) to work on /Library/Frameworks/Python.framework/Versions/3.10/lib/python3.10/site-packages/airflow/example_dags/tutorial_objectstorage.py
[2026-04-22T12:20:18.872+0530] {processor.py:830} INFO - Processing file /Library/Frameworks/Python.framework/Versions/3.10/lib/python3.10/site-packages/airflow/example_dags/tutorial_objectstorage.py for tasks to queue
[2026-04-22T12:20:18.873+0530] {logging_mixin.py:188} INFO - [2026-04-22T12:20:18.873+0530] {dagbag.py:545} INFO - Filling up the DagBag from /Library/Frameworks/Python.framework/Versions/3.10/lib/python3.10/site-packages/airflow/example_dags/tutorial_objectstorage.py
[2026-04-22T12:20:18.901+0530] {processor.py:840} INFO - DAG(s) 'tutorial_objectstorage' retrieved from /Library/Frameworks/Python.framework/Versions/3.10/lib/python3.10/site-packages/airflow/example_dags/tutorial_objectstorage.py
[2026-04-22T12:20:18.933+0530] {logging_mixin.py:188} INFO - [2026-04-22T12:20:18.932+0530] {dag.py:3096} INFO - Sync 1 DAGs
[2026-04-22T12:20:18.935+0530] {logging_mixin.py:188} INFO - [2026-04-22T12:20:18.935+0530] {dag.py:3954} INFO - Setting next_dagrun for tutorial_objectstorage to None, run_after=None
[2026-04-22T12:20:18.941+0530] {processor.py:183} INFO - Processing /Library/Frameworks/Python.framework/Versions/3.10/lib/python3.10/site-packages/airflow/example_dags/tutorial_objectstorage.py took 0.071 seconds
[2026-04-22T12:21:14.316+0530] {processor.py:161} INFO - Started process (PID=72283) to work on /Library/Frameworks/Python.framework/Versions/3.10/lib/python3.10/site-packages/airflow/example_dags/tutorial_objectstorage.py
[2026-04-22T12:21:14.317+0530] {processor.py:830} INFO - Processing file /Library/Frameworks/Python.framework/Versions/3.10/lib/python3.10/site-packages/airflow/example_dags/tutorial_objectstorage.py for tasks to queue
[2026-04-22T12:21:14.317+0530] {logging_mixin.py:188} INFO - [2026-04-22T12:21:14.317+0530] {dagbag.py:545} INFO - Filling up the DagBag from /Library/Frameworks/Python.framework/Versions/3.10/lib/python3.10/site-packages/airflow/example_dags/tutorial_objectstorage.py
[2026-04-22T12:21:14.347+0530] {processor.py:840} INFO - DAG(s) 'tutorial_objectstorage' retrieved from /Library/Frameworks/Python.framework/Versions/3.10/lib/python3.10/site-packages/airflow/example_dags/tutorial_objectstorage.py
[2026-04-22T12:21:14.379+0530] {logging_mixin.py:188} INFO - [2026-04-22T12:21:14.379+0530] {dag.py:3096} INFO - Sync 1 DAGs
[2026-04-22T12:21:14.382+0530] {logging_mixin.py:188} INFO - [2026-04-22T12:21:14.382+0530] {dag.py:3954} INFO - Setting next_dagrun for tutorial_objectstorage to None, run_after=None
[2026-04-22T12:21:14.387+0530] {processor.py:183} INFO - Processing /Library/Frameworks/Python.framework/Versions/3.10/lib/python3.10/site-packages/airflow/example_dags/tutorial_objectstorage.py took 0.072 seconds
[2026-04-22T12:22:09.049+0530] {processor.py:161} INFO - Started process (PID=72418) to work on /Library/Frameworks/Python.framework/Versions/3.10/lib/python3.10/site-packages/airflow/example_dags/tutorial_objectstorage.py
[2026-04-22T12:22:09.050+0530] {processor.py:830} INFO - Processing file /Library/Frameworks/Python.framework/Versions/3.10/lib/python3.10/site-packages/airflow/example_dags/tutorial_objectstorage.py for tasks to queue
[2026-04-22T12:22:09.050+0530] {logging_mixin.py:188} INFO - [2026-04-22T12:22:09.050+0530] {dagbag.py:545} INFO - Filling up the DagBag from /Library/Frameworks/Python.framework/Versions/3.10/lib/python3.10/site-packages/airflow/example_dags/tutorial_objectstorage.py
[2026-04-22T12:22:09.085+0530] {processor.py:840} INFO - DAG(s) 'tutorial_objectstorage' retrieved from /Library/Frameworks/Python.framework/Versions/3.10/lib/python3.10/site-packages/airflow/example_dags/tutorial_objectstorage.py
[2026-04-22T12:22:09.117+0530] {logging_mixin.py:188} INFO - [2026-04-22T12:22:09.117+0530] {dag.py:3096} INFO - Sync 1 DAGs
[2026-04-22T12:22:09.120+0530] {logging_mixin.py:188} INFO - [2026-04-22T12:22:09.120+0530] {dag.py:3954} INFO - Setting next_dagrun for tutorial_objectstorage to None, run_after=None
[2026-04-22T12:22:09.126+0530] {processor.py:183} INFO - Processing /Library/Frameworks/Python.framework/Versions/3.10/lib/python3.10/site-packages/airflow/example_dags/tutorial_objectstorage.py took 0.078 seconds
[2026-04-22T12:23:00.095+0530] {processor.py:161} INFO - Started process (PID=72494) to work on /Library/Frameworks/Python.framework/Versions/3.10/lib/python3.10/site-packages/airflow/example_dags/tutorial_objectstorage.py
[2026-04-22T12:23:00.095+0530] {processor.py:830} INFO - Processing file /Library/Frameworks/Python.framework/Versions/3.10/lib/python3.10/site-packages/airflow/example_dags/tutorial_objectstorage.py for tasks to queue
[2026-04-22T12:23:00.096+0530] {logging_mixin.py:188} INFO - [2026-04-22T12:23:00.096+0530] {dagbag.py:545} INFO - Filling up the DagBag from /Library/Frameworks/Python.framework/Versions/3.10/lib/python3.10/site-packages/airflow/example_dags/tutorial_objectstorage.py
[2026-04-22T12:23:00.128+0530] {processor.py:840} INFO - DAG(s) 'tutorial_objectstorage' retrieved from /Library/Frameworks/Python.framework/Versions/3.10/lib/python3.10/site-packages/airflow/example_dags/tutorial_objectstorage.py
[2026-04-22T12:23:00.159+0530] {logging_mixin.py:188} INFO - [2026-04-22T12:23:00.159+0530] {dag.py:3096} INFO - Sync 1 DAGs
[2026-04-22T12:23:00.161+0530] {logging_mixin.py:188} INFO - [2026-04-22T12:23:00.161+0530] {dag.py:3954} INFO - Setting next_dagrun for tutorial_objectstorage to None, run_after=None
[2026-04-22T12:23:00.166+0530] {processor.py:183} INFO - Processing /Library/Frameworks/Python.framework/Versions/3.10/lib/python3.10/site-packages/airflow/example_dags/tutorial_objectstorage.py took 0.073 seconds
[2026-04-22T12:23:50.941+0530] {processor.py:161} INFO - Started process (PID=72566) to work on /Library/Frameworks/Python.framework/Versions/3.10/lib/python3.10/site-packages/airflow/example_dags/tutorial_objectstorage.py
[2026-04-22T12:23:50.941+0530] {processor.py:830} INFO - Processing file /Library/Frameworks/Python.framework/Versions/3.10/lib/python3.10/site-packages/airflow/example_dags/tutorial_objectstorage.py for tasks to queue
[2026-04-22T12:23:50.941+0530] {logging_mixin.py:188} INFO - [2026-04-22T12:23:50.941+0530] {dagbag.py:545} INFO - Filling up the DagBag from /Library/Frameworks/Python.framework/Versions/3.10/lib/python3.10/site-packages/airflow/example_dags/tutorial_objectstorage.py
[2026-04-22T12:23:50.974+0530] {processor.py:840} INFO - DAG(s) 'tutorial_objectstorage' retrieved from /Library/Frameworks/Python.framework/Versions/3.10/lib/python3.10/site-packages/airflow/example_dags/tutorial_objectstorage.py
[2026-04-22T12:23:51.005+0530] {logging_mixin.py:188} INFO - [2026-04-22T12:23:51.005+0530] {dag.py:3096} INFO - Sync 1 DAGs
[2026-04-22T12:23:51.008+0530] {logging_mixin.py:188} INFO - [2026-04-22T12:23:51.008+0530] {dag.py:3954} INFO - Setting next_dagrun for tutorial_objectstorage to None, run_after=None
[2026-04-22T12:23:51.013+0530] {processor.py:183} INFO - Processing /Library/Frameworks/Python.framework/Versions/3.10/lib/python3.10/site-packages/airflow/example_dags/tutorial_objectstorage.py took 0.074 seconds
[2026-04-22T12:24:42.350+0530] {processor.py:161} INFO - Started process (PID=72617) to work on /Library/Frameworks/Python.framework/Versions/3.10/lib/python3.10/site-packages/airflow/example_dags/tutorial_objectstorage.py
[2026-04-22T12:24:42.351+0530] {processor.py:830} INFO - Processing file /Library/Frameworks/Python.framework/Versions/3.10/lib/python3.10/site-packages/airflow/example_dags/tutorial_objectstorage.py for tasks to queue
[2026-04-22T12:24:42.351+0530] {logging_mixin.py:188} INFO - [2026-04-22T12:24:42.351+0530] {dagbag.py:545} INFO - Filling up the DagBag from /Library/Frameworks/Python.framework/Versions/3.10/lib/python3.10/site-packages/airflow/example_dags/tutorial_objectstorage.py
[2026-04-22T12:24:42.384+0530] {processor.py:840} INFO - DAG(s) 'tutorial_objectstorage' retrieved from /Library/Frameworks/Python.framework/Versions/3.10/lib/python3.10/site-packages/airflow/example_dags/tutorial_objectstorage.py
[2026-04-22T12:24:42.416+0530] {logging_mixin.py:188} INFO - [2026-04-22T12:24:42.415+0530] {dag.py:3096} INFO - Sync 1 DAGs
[2026-04-22T12:24:42.418+0530] {logging_mixin.py:188} INFO - [2026-04-22T12:24:42.418+0530] {dag.py:3954} INFO - Setting next_dagrun for tutorial_objectstorage to None, run_after=None
[2026-04-22T12:24:42.424+0530] {processor.py:183} INFO - Processing /Library/Frameworks/Python.framework/Versions/3.10/lib/python3.10/site-packages/airflow/example_dags/tutorial_objectstorage.py took 0.075 seconds
[2026-04-22T12:25:35.460+0530] {processor.py:161} INFO - Started process (PID=72822) to work on /Library/Frameworks/Python.framework/Versions/3.10/lib/python3.10/site-packages/airflow/example_dags/tutorial_objectstorage.py
[2026-04-22T12:25:35.461+0530] {processor.py:830} INFO - Processing file /Library/Frameworks/Python.framework/Versions/3.10/lib/python3.10/site-packages/airflow/example_dags/tutorial_objectstorage.py for tasks to queue
[2026-04-22T12:25:35.461+0530] {logging_mixin.py:188} INFO - [2026-04-22T12:25:35.461+0530] {dagbag.py:545} INFO - Filling up the DagBag from /Library/Frameworks/Python.framework/Versions/3.10/lib/python3.10/site-packages/airflow/example_dags/tutorial_objectstorage.py
[2026-04-22T12:25:35.498+0530] {processor.py:840} INFO - DAG(s) 'tutorial_objectstorage' retrieved from /Library/Frameworks/Python.framework/Versions/3.10/lib/python3.10/site-packages/airflow/example_dags/tutorial_objectstorage.py
[2026-04-22T12:25:35.530+0530] {logging_mixin.py:188} INFO - [2026-04-22T12:25:35.530+0530] {dag.py:3096} INFO - Sync 1 DAGs
[2026-04-22T12:25:35.533+0530] {logging_mixin.py:188} INFO - [2026-04-22T12:25:35.533+0530] {dag.py:3954} INFO - Setting next_dagrun for tutorial_objectstorage to None, run_after=None
[2026-04-22T12:25:35.540+0530] {processor.py:183} INFO - Processing /Library/Frameworks/Python.framework/Versions/3.10/lib/python3.10/site-packages/airflow/example_dags/tutorial_objectstorage.py took 0.080 seconds
[2026-04-22T12:26:28.428+0530] {processor.py:161} INFO - Started process (PID=72903) to work on /Library/Frameworks/Python.framework/Versions/3.10/lib/python3.10/site-packages/airflow/example_dags/tutorial_objectstorage.py
[2026-04-22T12:26:28.429+0530] {processor.py:830} INFO - Processing file /Library/Frameworks/Python.framework/Versions/3.10/lib/python3.10/site-packages/airflow/example_dags/tutorial_objectstorage.py for tasks to queue
[2026-04-22T12:26:28.429+0530] {logging_mixin.py:188} INFO - [2026-04-22T12:26:28.429+0530] {dagbag.py:545} INFO - Filling up the DagBag from /Library/Frameworks/Python.framework/Versions/3.10/lib/python3.10/site-packages/airflow/example_dags/tutorial_objectstorage.py
[2026-04-22T12:26:28.462+0530] {processor.py:840} INFO - DAG(s) 'tutorial_objectstorage' retrieved from /Library/Frameworks/Python.framework/Versions/3.10/lib/python3.10/site-packages/airflow/example_dags/tutorial_objectstorage.py
[2026-04-22T12:26:28.493+0530] {logging_mixin.py:188} INFO - [2026-04-22T12:26:28.493+0530] {dag.py:3096} INFO - Sync 1 DAGs
[2026-04-22T12:26:28.496+0530] {logging_mixin.py:188} INFO - [2026-04-22T12:26:28.495+0530] {dag.py:3954} INFO - Setting next_dagrun for tutorial_objectstorage to None, run_after=None
[2026-04-22T12:26:28.501+0530] {processor.py:183} INFO - Processing /Library/Frameworks/Python.framework/Versions/3.10/lib/python3.10/site-packages/airflow/example_dags/tutorial_objectstorage.py took 0.074 seconds
[2026-04-22T12:27:20.692+0530] {processor.py:161} INFO - Started process (PID=72986) to work on /Library/Frameworks/Python.framework/Versions/3.10/lib/python3.10/site-packages/airflow/example_dags/tutorial_objectstorage.py
[2026-04-22T12:27:20.695+0530] {processor.py:830} INFO - Processing file /Library/Frameworks/Python.framework/Versions/3.10/lib/python3.10/site-packages/airflow/example_dags/tutorial_objectstorage.py for tasks to queue
[2026-04-22T12:27:20.695+0530] {logging_mixin.py:188} INFO - [2026-04-22T12:27:20.695+0530] {dagbag.py:545} INFO - Filling up the DagBag from /Library/Frameworks/Python.framework/Versions/3.10/lib/python3.10/site-packages/airflow/example_dags/tutorial_objectstorage.py
[2026-04-22T12:27:20.729+0530] {processor.py:840} INFO - DAG(s) 'tutorial_objectstorage' retrieved from /Library/Frameworks/Python.framework/Versions/3.10/lib/python3.10/site-packages/airflow/example_dags/tutorial_objectstorage.py
[2026-04-22T12:27:20.762+0530] {logging_mixin.py:188} INFO - [2026-04-22T12:27:20.761+0530] {dag.py:3096} INFO - Sync 1 DAGs
[2026-04-22T12:27:20.764+0530] {logging_mixin.py:188} INFO - [2026-04-22T12:27:20.764+0530] {dag.py:3954} INFO - Setting next_dagrun for tutorial_objectstorage to None, run_after=None
[2026-04-22T12:27:20.770+0530] {processor.py:183} INFO - Processing /Library/Frameworks/Python.framework/Versions/3.10/lib/python3.10/site-packages/airflow/example_dags/tutorial_objectstorage.py took 0.078 seconds
[2026-04-22T12:28:17.277+0530] {processor.py:161} INFO - Started process (PID=73115) to work on /Library/Frameworks/Python.framework/Versions/3.10/lib/python3.10/site-packages/airflow/example_dags/tutorial_objectstorage.py
[2026-04-22T12:28:17.278+0530] {processor.py:830} INFO - Processing file /Library/Frameworks/Python.framework/Versions/3.10/lib/python3.10/site-packages/airflow/example_dags/tutorial_objectstorage.py for tasks to queue
[2026-04-22T12:28:17.278+0530] {logging_mixin.py:188} INFO - [2026-04-22T12:28:17.278+0530] {dagbag.py:545} INFO - Filling up the DagBag from /Library/Frameworks/Python.framework/Versions/3.10/lib/python3.10/site-packages/airflow/example_dags/tutorial_objectstorage.py
[2026-04-22T12:28:17.312+0530] {processor.py:840} INFO - DAG(s) 'tutorial_objectstorage' retrieved from /Library/Frameworks/Python.framework/Versions/3.10/lib/python3.10/site-packages/airflow/example_dags/tutorial_objectstorage.py
[2026-04-22T12:28:17.344+0530] {logging_mixin.py:188} INFO - [2026-04-22T12:28:17.344+0530] {dag.py:3096} INFO - Sync 1 DAGs
[2026-04-22T12:28:17.347+0530] {logging_mixin.py:188} INFO - [2026-04-22T12:28:17.347+0530] {dag.py:3954} INFO - Setting next_dagrun for tutorial_objectstorage to None, run_after=None
[2026-04-22T12:28:17.353+0530] {processor.py:183} INFO - Processing /Library/Frameworks/Python.framework/Versions/3.10/lib/python3.10/site-packages/airflow/example_dags/tutorial_objectstorage.py took 0.076 seconds
[2026-04-22T12:29:16.339+0530] {processor.py:161} INFO - Started process (PID=73211) to work on /Library/Frameworks/Python.framework/Versions/3.10/lib/python3.10/site-packages/airflow/example_dags/tutorial_objectstorage.py
[2026-04-22T12:29:16.340+0530] {processor.py:830} INFO - Processing file /Library/Frameworks/Python.framework/Versions/3.10/lib/python3.10/site-packages/airflow/example_dags/tutorial_objectstorage.py for tasks to queue
[2026-04-22T12:29:16.340+0530] {logging_mixin.py:188} INFO - [2026-04-22T12:29:16.340+0530] {dagbag.py:545} INFO - Filling up the DagBag from /Library/Frameworks/Python.framework/Versions/3.10/lib/python3.10/site-packages/airflow/example_dags/tutorial_objectstorage.py
[2026-04-22T12:29:16.373+0530] {processor.py:840} INFO - DAG(s) 'tutorial_objectstorage' retrieved from /Library/Frameworks/Python.framework/Versions/3.10/lib/python3.10/site-packages/airflow/example_dags/tutorial_objectstorage.py
[2026-04-22T12:29:16.405+0530] {logging_mixin.py:188} INFO - [2026-04-22T12:29:16.405+0530] {dag.py:3096} INFO - Sync 1 DAGs
[2026-04-22T12:29:16.408+0530] {logging_mixin.py:188} INFO - [2026-04-22T12:29:16.408+0530] {dag.py:3954} INFO - Setting next_dagrun for tutorial_objectstorage to None, run_after=None
[2026-04-22T12:29:16.413+0530] {processor.py:183} INFO - Processing /Library/Frameworks/Python.framework/Versions/3.10/lib/python3.10/site-packages/airflow/example_dags/tutorial_objectstorage.py took 0.075 seconds
[2026-04-22T12:30:08.435+0530] {processor.py:161} INFO - Started process (PID=73327) to work on /Library/Frameworks/Python.framework/Versions/3.10/lib/python3.10/site-packages/airflow/example_dags/tutorial_objectstorage.py
[2026-04-22T12:30:08.436+0530] {processor.py:830} INFO - Processing file /Library/Frameworks/Python.framework/Versions/3.10/lib/python3.10/site-packages/airflow/example_dags/tutorial_objectstorage.py for tasks to queue
[2026-04-22T12:30:08.436+0530] {logging_mixin.py:188} INFO - [2026-04-22T12:30:08.436+0530] {dagbag.py:545} INFO - Filling up the DagBag from /Library/Frameworks/Python.framework/Versions/3.10/lib/python3.10/site-packages/airflow/example_dags/tutorial_objectstorage.py
[2026-04-22T12:30:08.470+0530] {processor.py:840} INFO - DAG(s) 'tutorial_objectstorage' retrieved from /Library/Frameworks/Python.framework/Versions/3.10/lib/python3.10/site-packages/airflow/example_dags/tutorial_objectstorage.py
[2026-04-22T12:30:08.502+0530] {logging_mixin.py:188} INFO - [2026-04-22T12:30:08.502+0530] {dag.py:3096} INFO - Sync 1 DAGs
[2026-04-22T12:30:08.505+0530] {logging_mixin.py:188} INFO - [2026-04-22T12:30:08.504+0530] {dag.py:3954} INFO - Setting next_dagrun for tutorial_objectstorage to None, run_after=None
[2026-04-22T12:30:08.510+0530] {processor.py:183} INFO - Processing /Library/Frameworks/Python.framework/Versions/3.10/lib/python3.10/site-packages/airflow/example_dags/tutorial_objectstorage.py took 0.076 seconds
[2026-04-22T12:31:04.932+0530] {processor.py:161} INFO - Started process (PID=73456) to work on /Library/Frameworks/Python.framework/Versions/3.10/lib/python3.10/site-packages/airflow/example_dags/tutorial_objectstorage.py
[2026-04-22T12:31:04.933+0530] {processor.py:830} INFO - Processing file /Library/Frameworks/Python.framework/Versions/3.10/lib/python3.10/site-packages/airflow/example_dags/tutorial_objectstorage.py for tasks to queue
[2026-04-22T12:31:04.933+0530] {logging_mixin.py:188} INFO - [2026-04-22T12:31:04.933+0530] {dagbag.py:545} INFO - Filling up the DagBag from /Library/Frameworks/Python.framework/Versions/3.10/lib/python3.10/site-packages/airflow/example_dags/tutorial_objectstorage.py
[2026-04-22T12:31:04.966+0530] {processor.py:840} INFO - DAG(s) 'tutorial_objectstorage' retrieved from /Library/Frameworks/Python.framework/Versions/3.10/lib/python3.10/site-packages/airflow/example_dags/tutorial_objectstorage.py
[2026-04-22T12:31:04.997+0530] {logging_mixin.py:188} INFO - [2026-04-22T12:31:04.997+0530] {dag.py:3096} INFO - Sync 1 DAGs
[2026-04-22T12:31:04.999+0530] {logging_mixin.py:188} INFO - [2026-04-22T12:31:04.999+0530] {dag.py:3954} INFO - Setting next_dagrun for tutorial_objectstorage to None, run_after=None
[2026-04-22T12:31:05.005+0530] {processor.py:183} INFO - Processing /Library/Frameworks/Python.framework/Versions/3.10/lib/python3.10/site-packages/airflow/example_dags/tutorial_objectstorage.py took 0.073 seconds
[2026-04-22T12:31:59.580+0530] {processor.py:161} INFO - Started process (PID=73560) to work on /Library/Frameworks/Python.framework/Versions/3.10/lib/python3.10/site-packages/airflow/example_dags/tutorial_objectstorage.py
[2026-04-22T12:31:59.580+0530] {processor.py:830} INFO - Processing file /Library/Frameworks/Python.framework/Versions/3.10/lib/python3.10/site-packages/airflow/example_dags/tutorial_objectstorage.py for tasks to queue
[2026-04-22T12:31:59.581+0530] {logging_mixin.py:188} INFO - [2026-04-22T12:31:59.581+0530] {dagbag.py:545} INFO - Filling up the DagBag from /Library/Frameworks/Python.framework/Versions/3.10/lib/python3.10/site-packages/airflow/example_dags/tutorial_objectstorage.py
[2026-04-22T12:31:59.615+0530] {processor.py:840} INFO - DAG(s) 'tutorial_objectstorage' retrieved from /Library/Frameworks/Python.framework/Versions/3.10/lib/python3.10/site-packages/airflow/example_dags/tutorial_objectstorage.py
[2026-04-22T12:31:59.648+0530] {logging_mixin.py:188} INFO - [2026-04-22T12:31:59.647+0530] {dag.py:3096} INFO - Sync 1 DAGs
[2026-04-22T12:31:59.651+0530] {logging_mixin.py:188} INFO - [2026-04-22T12:31:59.651+0530] {dag.py:3954} INFO - Setting next_dagrun for tutorial_objectstorage to None, run_after=None
[2026-04-22T12:31:59.658+0530] {processor.py:183} INFO - Processing /Library/Frameworks/Python.framework/Versions/3.10/lib/python3.10/site-packages/airflow/example_dags/tutorial_objectstorage.py took 0.079 seconds
[2026-04-22T12:32:51.797+0530] {processor.py:161} INFO - Started process (PID=73670) to work on /Library/Frameworks/Python.framework/Versions/3.10/lib/python3.10/site-packages/airflow/example_dags/tutorial_objectstorage.py
[2026-04-22T12:32:51.798+0530] {processor.py:830} INFO - Processing file /Library/Frameworks/Python.framework/Versions/3.10/lib/python3.10/site-packages/airflow/example_dags/tutorial_objectstorage.py for tasks to queue
[2026-04-22T12:32:51.798+0530] {logging_mixin.py:188} INFO - [2026-04-22T12:32:51.798+0530] {dagbag.py:545} INFO - Filling up the DagBag from /Library/Frameworks/Python.framework/Versions/3.10/lib/python3.10/site-packages/airflow/example_dags/tutorial_objectstorage.py
[2026-04-22T12:32:51.833+0530] {processor.py:840} INFO - DAG(s) 'tutorial_objectstorage' retrieved from /Library/Frameworks/Python.framework/Versions/3.10/lib/python3.10/site-packages/airflow/example_dags/tutorial_objectstorage.py
[2026-04-22T12:32:51.866+0530] {logging_mixin.py:188} INFO - [2026-04-22T12:32:51.866+0530] {dag.py:3096} INFO - Sync 1 DAGs
[2026-04-22T12:32:51.869+0530] {logging_mixin.py:188} INFO - [2026-04-22T12:32:51.869+0530] {dag.py:3954} INFO - Setting next_dagrun for tutorial_objectstorage to None, run_after=None
[2026-04-22T12:32:51.874+0530] {processor.py:183} INFO - Processing /Library/Frameworks/Python.framework/Versions/3.10/lib/python3.10/site-packages/airflow/example_dags/tutorial_objectstorage.py took 0.078 seconds
[2026-04-22T12:33:43.633+0530] {processor.py:161} INFO - Started process (PID=73741) to work on /Library/Frameworks/Python.framework/Versions/3.10/lib/python3.10/site-packages/airflow/example_dags/tutorial_objectstorage.py
[2026-04-22T12:33:43.633+0530] {processor.py:830} INFO - Processing file /Library/Frameworks/Python.framework/Versions/3.10/lib/python3.10/site-packages/airflow/example_dags/tutorial_objectstorage.py for tasks to queue
[2026-04-22T12:33:43.633+0530] {logging_mixin.py:188} INFO - [2026-04-22T12:33:43.633+0530] {dagbag.py:545} INFO - Filling up the DagBag from /Library/Frameworks/Python.framework/Versions/3.10/lib/python3.10/site-packages/airflow/example_dags/tutorial_objectstorage.py
[2026-04-22T12:33:43.667+0530] {processor.py:840} INFO - DAG(s) 'tutorial_objectstorage' retrieved from /Library/Frameworks/Python.framework/Versions/3.10/lib/python3.10/site-packages/airflow/example_dags/tutorial_objectstorage.py
[2026-04-22T12:33:43.698+0530] {logging_mixin.py:188} INFO - [2026-04-22T12:33:43.698+0530] {dag.py:3096} INFO - Sync 1 DAGs
[2026-04-22T12:33:43.700+0530] {logging_mixin.py:188} INFO - [2026-04-22T12:33:43.700+0530] {dag.py:3954} INFO - Setting next_dagrun for tutorial_objectstorage to None, run_after=None
[2026-04-22T12:33:43.707+0530] {processor.py:183} INFO - Processing /Library/Frameworks/Python.framework/Versions/3.10/lib/python3.10/site-packages/airflow/example_dags/tutorial_objectstorage.py took 0.075 seconds
[2026-04-22T12:34:36.347+0530] {processor.py:161} INFO - Started process (PID=73809) to work on /Library/Frameworks/Python.framework/Versions/3.10/lib/python3.10/site-packages/airflow/example_dags/tutorial_objectstorage.py
[2026-04-22T12:34:36.347+0530] {processor.py:830} INFO - Processing file /Library/Frameworks/Python.framework/Versions/3.10/lib/python3.10/site-packages/airflow/example_dags/tutorial_objectstorage.py for tasks to queue
[2026-04-22T12:34:36.347+0530] {logging_mixin.py:188} INFO - [2026-04-22T12:34:36.347+0530] {dagbag.py:545} INFO - Filling up the DagBag from /Library/Frameworks/Python.framework/Versions/3.10/lib/python3.10/site-packages/airflow/example_dags/tutorial_objectstorage.py
[2026-04-22T12:34:36.381+0530] {processor.py:840} INFO - DAG(s) 'tutorial_objectstorage' retrieved from /Library/Frameworks/Python.framework/Versions/3.10/lib/python3.10/site-packages/airflow/example_dags/tutorial_objectstorage.py
[2026-04-22T12:34:36.412+0530] {logging_mixin.py:188} INFO - [2026-04-22T12:34:36.412+0530] {dag.py:3096} INFO - Sync 1 DAGs
[2026-04-22T12:34:36.415+0530] {logging_mixin.py:188} INFO - [2026-04-22T12:34:36.415+0530] {dag.py:3954} INFO - Setting next_dagrun for tutorial_objectstorage to None, run_after=None
[2026-04-22T12:34:36.420+0530] {processor.py:183} INFO - Processing /Library/Frameworks/Python.framework/Versions/3.10/lib/python3.10/site-packages/airflow/example_dags/tutorial_objectstorage.py took 0.074 seconds
[2026-04-22T12:35:28.395+0530] {processor.py:161} INFO - Started process (PID=73878) to work on /Library/Frameworks/Python.framework/Versions/3.10/lib/python3.10/site-packages/airflow/example_dags/tutorial_objectstorage.py
[2026-04-22T12:35:28.395+0530] {processor.py:830} INFO - Processing file /Library/Frameworks/Python.framework/Versions/3.10/lib/python3.10/site-packages/airflow/example_dags/tutorial_objectstorage.py for tasks to queue
[2026-04-22T12:35:28.395+0530] {logging_mixin.py:188} INFO - [2026-04-22T12:35:28.395+0530] {dagbag.py:545} INFO - Filling up the DagBag from /Library/Frameworks/Python.framework/Versions/3.10/lib/python3.10/site-packages/airflow/example_dags/tutorial_objectstorage.py
[2026-04-22T12:35:28.429+0530] {processor.py:840} INFO - DAG(s) 'tutorial_objectstorage' retrieved from /Library/Frameworks/Python.framework/Versions/3.10/lib/python3.10/site-packages/airflow/example_dags/tutorial_objectstorage.py
[2026-04-22T12:35:28.461+0530] {logging_mixin.py:188} INFO - [2026-04-22T12:35:28.461+0530] {dag.py:3096} INFO - Sync 1 DAGs
[2026-04-22T12:35:28.464+0530] {logging_mixin.py:188} INFO - [2026-04-22T12:35:28.463+0530] {dag.py:3954} INFO - Setting next_dagrun for tutorial_objectstorage to None, run_after=None
[2026-04-22T12:35:28.469+0530] {processor.py:183} INFO - Processing /Library/Frameworks/Python.framework/Versions/3.10/lib/python3.10/site-packages/airflow/example_dags/tutorial_objectstorage.py took 0.075 seconds
[2026-04-22T12:36:19.281+0530] {processor.py:161} INFO - Started process (PID=73946) to work on /Library/Frameworks/Python.framework/Versions/3.10/lib/python3.10/site-packages/airflow/example_dags/tutorial_objectstorage.py
[2026-04-22T12:36:19.282+0530] {processor.py:830} INFO - Processing file /Library/Frameworks/Python.framework/Versions/3.10/lib/python3.10/site-packages/airflow/example_dags/tutorial_objectstorage.py for tasks to queue
[2026-04-22T12:36:19.282+0530] {logging_mixin.py:188} INFO - [2026-04-22T12:36:19.282+0530] {dagbag.py:545} INFO - Filling up the DagBag from /Library/Frameworks/Python.framework/Versions/3.10/lib/python3.10/site-packages/airflow/example_dags/tutorial_objectstorage.py
[2026-04-22T12:36:19.318+0530] {processor.py:840} INFO - DAG(s) 'tutorial_objectstorage' retrieved from /Library/Frameworks/Python.framework/Versions/3.10/lib/python3.10/site-packages/airflow/example_dags/tutorial_objectstorage.py
[2026-04-22T12:36:19.356+0530] {logging_mixin.py:188} INFO - [2026-04-22T12:36:19.356+0530] {dag.py:3096} INFO - Sync 1 DAGs
[2026-04-22T12:36:19.359+0530] {logging_mixin.py:188} INFO - [2026-04-22T12:36:19.358+0530] {dag.py:3954} INFO - Setting next_dagrun for tutorial_objectstorage to None, run_after=None
[2026-04-22T12:36:19.366+0530] {processor.py:183} INFO - Processing /Library/Frameworks/Python.framework/Versions/3.10/lib/python3.10/site-packages/airflow/example_dags/tutorial_objectstorage.py took 0.086 seconds
[2026-04-22T12:37:09.932+0530] {processor.py:161} INFO - Started process (PID=73998) to work on /Library/Frameworks/Python.framework/Versions/3.10/lib/python3.10/site-packages/airflow/example_dags/tutorial_objectstorage.py
[2026-04-22T12:37:09.933+0530] {processor.py:830} INFO - Processing file /Library/Frameworks/Python.framework/Versions/3.10/lib/python3.10/site-packages/airflow/example_dags/tutorial_objectstorage.py for tasks to queue
[2026-04-22T12:37:09.933+0530] {logging_mixin.py:188} INFO - [2026-04-22T12:37:09.933+0530] {dagbag.py:545} INFO - Filling up the DagBag from /Library/Frameworks/Python.framework/Versions/3.10/lib/python3.10/site-packages/airflow/example_dags/tutorial_objectstorage.py
[2026-04-22T12:37:09.966+0530] {processor.py:840} INFO - DAG(s) 'tutorial_objectstorage' retrieved from /Library/Frameworks/Python.framework/Versions/3.10/lib/python3.10/site-packages/airflow/example_dags/tutorial_objectstorage.py
[2026-04-22T12:37:09.998+0530] {logging_mixin.py:188} INFO - [2026-04-22T12:37:09.998+0530] {dag.py:3096} INFO - Sync 1 DAGs
[2026-04-22T12:37:10.001+0530] {logging_mixin.py:188} INFO - [2026-04-22T12:37:10.001+0530] {dag.py:3954} INFO - Setting next_dagrun for tutorial_objectstorage to None, run_after=None
[2026-04-22T12:37:10.006+0530] {processor.py:183} INFO - Processing /Library/Frameworks/Python.framework/Versions/3.10/lib/python3.10/site-packages/airflow/example_dags/tutorial_objectstorage.py took 0.075 seconds
[2026-04-22T12:38:06.562+0530] {processor.py:161} INFO - Started process (PID=74060) to work on /Library/Frameworks/Python.framework/Versions/3.10/lib/python3.10/site-packages/airflow/example_dags/tutorial_objectstorage.py
[2026-04-22T12:38:06.563+0530] {processor.py:830} INFO - Processing file /Library/Frameworks/Python.framework/Versions/3.10/lib/python3.10/site-packages/airflow/example_dags/tutorial_objectstorage.py for tasks to queue
[2026-04-22T12:38:06.563+0530] {logging_mixin.py:188} INFO - [2026-04-22T12:38:06.563+0530] {dagbag.py:545} INFO - Filling up the DagBag from /Library/Frameworks/Python.framework/Versions/3.10/lib/python3.10/site-packages/airflow/example_dags/tutorial_objectstorage.py
[2026-04-22T12:38:06.597+0530] {processor.py:840} INFO - DAG(s) 'tutorial_objectstorage' retrieved from /Library/Frameworks/Python.framework/Versions/3.10/lib/python3.10/site-packages/airflow/example_dags/tutorial_objectstorage.py
[2026-04-22T12:38:06.628+0530] {logging_mixin.py:188} INFO - [2026-04-22T12:38:06.628+0530] {dag.py:3096} INFO - Sync 1 DAGs
[2026-04-22T12:38:06.631+0530] {logging_mixin.py:188} INFO - [2026-04-22T12:38:06.631+0530] {dag.py:3954} INFO - Setting next_dagrun for tutorial_objectstorage to None, run_after=None
[2026-04-22T12:38:06.636+0530] {processor.py:183} INFO - Processing /Library/Frameworks/Python.framework/Versions/3.10/lib/python3.10/site-packages/airflow/example_dags/tutorial_objectstorage.py took 0.075 seconds
[2026-04-22T12:39:07.095+0530] {processor.py:161} INFO - Started process (PID=74127) to work on /Library/Frameworks/Python.framework/Versions/3.10/lib/python3.10/site-packages/airflow/example_dags/tutorial_objectstorage.py
[2026-04-22T12:39:07.096+0530] {processor.py:830} INFO - Processing file /Library/Frameworks/Python.framework/Versions/3.10/lib/python3.10/site-packages/airflow/example_dags/tutorial_objectstorage.py for tasks to queue
[2026-04-22T12:39:07.096+0530] {logging_mixin.py:188} INFO - [2026-04-22T12:39:07.096+0530] {dagbag.py:545} INFO - Filling up the DagBag from /Library/Frameworks/Python.framework/Versions/3.10/lib/python3.10/site-packages/airflow/example_dags/tutorial_objectstorage.py
[2026-04-22T12:39:07.130+0530] {processor.py:840} INFO - DAG(s) 'tutorial_objectstorage' retrieved from /Library/Frameworks/Python.framework/Versions/3.10/lib/python3.10/site-packages/airflow/example_dags/tutorial_objectstorage.py
[2026-04-22T12:39:07.163+0530] {logging_mixin.py:188} INFO - [2026-04-22T12:39:07.163+0530] {dag.py:3096} INFO - Sync 1 DAGs
[2026-04-22T12:39:07.166+0530] {logging_mixin.py:188} INFO - [2026-04-22T12:39:07.166+0530] {dag.py:3954} INFO - Setting next_dagrun for tutorial_objectstorage to None, run_after=None
[2026-04-22T12:39:07.173+0530] {processor.py:183} INFO - Processing /Library/Frameworks/Python.framework/Versions/3.10/lib/python3.10/site-packages/airflow/example_dags/tutorial_objectstorage.py took 0.078 seconds
[2026-04-22T12:40:07.076+0530] {processor.py:161} INFO - Started process (PID=74206) to work on /Library/Frameworks/Python.framework/Versions/3.10/lib/python3.10/site-packages/airflow/example_dags/tutorial_objectstorage.py
[2026-04-22T12:40:07.077+0530] {processor.py:830} INFO - Processing file /Library/Frameworks/Python.framework/Versions/3.10/lib/python3.10/site-packages/airflow/example_dags/tutorial_objectstorage.py for tasks to queue
[2026-04-22T12:40:07.077+0530] {logging_mixin.py:188} INFO - [2026-04-22T12:40:07.077+0530] {dagbag.py:545} INFO - Filling up the DagBag from /Library/Frameworks/Python.framework/Versions/3.10/lib/python3.10/site-packages/airflow/example_dags/tutorial_objectstorage.py
[2026-04-22T12:40:07.112+0530] {processor.py:840} INFO - DAG(s) 'tutorial_objectstorage' retrieved from /Library/Frameworks/Python.framework/Versions/3.10/lib/python3.10/site-packages/airflow/example_dags/tutorial_objectstorage.py
[2026-04-22T12:40:07.143+0530] {logging_mixin.py:188} INFO - [2026-04-22T12:40:07.143+0530] {dag.py:3096} INFO - Sync 1 DAGs
[2026-04-22T12:40:07.146+0530] {logging_mixin.py:188} INFO - [2026-04-22T12:40:07.146+0530] {dag.py:3954} INFO - Setting next_dagrun for tutorial_objectstorage to None, run_after=None
[2026-04-22T12:40:07.151+0530] {processor.py:183} INFO - Processing /Library/Frameworks/Python.framework/Versions/3.10/lib/python3.10/site-packages/airflow/example_dags/tutorial_objectstorage.py took 0.076 seconds
[2026-04-22T12:41:07.442+0530] {processor.py:161} INFO - Started process (PID=74270) to work on /Library/Frameworks/Python.framework/Versions/3.10/lib/python3.10/site-packages/airflow/example_dags/tutorial_objectstorage.py
[2026-04-22T12:41:07.443+0530] {processor.py:830} INFO - Processing file /Library/Frameworks/Python.framework/Versions/3.10/lib/python3.10/site-packages/airflow/example_dags/tutorial_objectstorage.py for tasks to queue
[2026-04-22T12:41:07.443+0530] {logging_mixin.py:188} INFO - [2026-04-22T12:41:07.443+0530] {dagbag.py:545} INFO - Filling up the DagBag from /Library/Frameworks/Python.framework/Versions/3.10/lib/python3.10/site-packages/airflow/example_dags/tutorial_objectstorage.py
[2026-04-22T12:41:07.477+0530] {processor.py:840} INFO - DAG(s) 'tutorial_objectstorage' retrieved from /Library/Frameworks/Python.framework/Versions/3.10/lib/python3.10/site-packages/airflow/example_dags/tutorial_objectstorage.py
[2026-04-22T12:41:07.509+0530] {logging_mixin.py:188} INFO - [2026-04-22T12:41:07.509+0530] {dag.py:3096} INFO - Sync 1 DAGs
[2026-04-22T12:41:07.512+0530] {logging_mixin.py:188} INFO - [2026-04-22T12:41:07.512+0530] {dag.py:3954} INFO - Setting next_dagrun for tutorial_objectstorage to None, run_after=None
[2026-04-22T12:41:07.517+0530] {processor.py:183} INFO - Processing /Library/Frameworks/Python.framework/Versions/3.10/lib/python3.10/site-packages/airflow/example_dags/tutorial_objectstorage.py took 0.076 seconds
[2026-04-22T12:42:06.843+0530] {processor.py:161} INFO - Started process (PID=74346) to work on /Library/Frameworks/Python.framework/Versions/3.10/lib/python3.10/site-packages/airflow/example_dags/tutorial_objectstorage.py
[2026-04-22T12:42:06.844+0530] {processor.py:830} INFO - Processing file /Library/Frameworks/Python.framework/Versions/3.10/lib/python3.10/site-packages/airflow/example_dags/tutorial_objectstorage.py for tasks to queue
[2026-04-22T12:42:06.844+0530] {logging_mixin.py:188} INFO - [2026-04-22T12:42:06.844+0530] {dagbag.py:545} INFO - Filling up the DagBag from /Library/Frameworks/Python.framework/Versions/3.10/lib/python3.10/site-packages/airflow/example_dags/tutorial_objectstorage.py
[2026-04-22T12:42:06.879+0530] {processor.py:840} INFO - DAG(s) 'tutorial_objectstorage' retrieved from /Library/Frameworks/Python.framework/Versions/3.10/lib/python3.10/site-packages/airflow/example_dags/tutorial_objectstorage.py
[2026-04-22T12:42:06.910+0530] {logging_mixin.py:188} INFO - [2026-04-22T12:42:06.910+0530] {dag.py:3096} INFO - Sync 1 DAGs
[2026-04-22T12:42:06.913+0530] {logging_mixin.py:188} INFO - [2026-04-22T12:42:06.913+0530] {dag.py:3954} INFO - Setting next_dagrun for tutorial_objectstorage to None, run_after=None
[2026-04-22T12:42:06.919+0530] {processor.py:183} INFO - Processing /Library/Frameworks/Python.framework/Versions/3.10/lib/python3.10/site-packages/airflow/example_dags/tutorial_objectstorage.py took 0.077 seconds
