[2026-04-22T05:57:30.007+0530] {processor.py:161} INFO - Started process (PID=68502) to work on /Library/Frameworks/Python.framework/Versions/3.10/lib/python3.10/site-packages/airflow/example_dags/tutorial_taskflow_api.py
[2026-04-22T05:57:30.007+0530] {processor.py:830} INFO - Processing file /Library/Frameworks/Python.framework/Versions/3.10/lib/python3.10/site-packages/airflow/example_dags/tutorial_taskflow_api.py for tasks to queue
[2026-04-22T05:57:30.007+0530] {logging_mixin.py:188} INFO - [2026-04-22T05:57:30.007+0530] {dagbag.py:545} INFO - Filling up the DagBag from /Library/Frameworks/Python.framework/Versions/3.10/lib/python3.10/site-packages/airflow/example_dags/tutorial_taskflow_api.py
[2026-04-22T05:57:30.020+0530] {processor.py:840} INFO - DAG(s) 'tutorial_taskflow_api' retrieved from /Library/Frameworks/Python.framework/Versions/3.10/lib/python3.10/site-packages/airflow/example_dags/tutorial_taskflow_api.py
[2026-04-22T05:57:30.052+0530] {logging_mixin.py:188} INFO - [2026-04-22T05:57:30.052+0530] {dag.py:3096} INFO - Sync 1 DAGs
[2026-04-22T05:57:30.055+0530] {logging_mixin.py:188} INFO - [2026-04-22T05:57:30.055+0530] {dag.py:3954} INFO - Setting next_dagrun for tutorial_taskflow_api to None, run_after=None
[2026-04-22T05:57:30.060+0530] {processor.py:183} INFO - Processing /Library/Frameworks/Python.framework/Versions/3.10/lib/python3.10/site-packages/airflow/example_dags/tutorial_taskflow_api.py took 0.055 seconds
[2026-04-22T08:30:33.837+0530] {processor.py:161} INFO - Started process (PID=68907) to work on /Library/Frameworks/Python.framework/Versions/3.10/lib/python3.10/site-packages/airflow/example_dags/tutorial_taskflow_api.py
[2026-04-22T08:30:33.838+0530] {processor.py:830} INFO - Processing file /Library/Frameworks/Python.framework/Versions/3.10/lib/python3.10/site-packages/airflow/example_dags/tutorial_taskflow_api.py for tasks to queue
[2026-04-22T08:30:33.838+0530] {logging_mixin.py:188} INFO - [2026-04-22T08:30:33.838+0530] {dagbag.py:545} INFO - Filling up the DagBag from /Library/Frameworks/Python.framework/Versions/3.10/lib/python3.10/site-packages/airflow/example_dags/tutorial_taskflow_api.py
[2026-04-22T08:30:33.856+0530] {processor.py:840} INFO - DAG(s) 'tutorial_taskflow_api' retrieved from /Library/Frameworks/Python.framework/Versions/3.10/lib/python3.10/site-packages/airflow/example_dags/tutorial_taskflow_api.py
[2026-04-22T08:30:33.904+0530] {logging_mixin.py:188} INFO - [2026-04-22T08:30:33.903+0530] {dag.py:3096} INFO - Sync 1 DAGs
[2026-04-22T08:30:33.908+0530] {logging_mixin.py:188} INFO - [2026-04-22T08:30:33.908+0530] {dag.py:3954} INFO - Setting next_dagrun for tutorial_taskflow_api to None, run_after=None
[2026-04-22T08:30:33.916+0530] {processor.py:183} INFO - Processing /Library/Frameworks/Python.framework/Versions/3.10/lib/python3.10/site-packages/airflow/example_dags/tutorial_taskflow_api.py took 0.080 seconds
[2026-04-22T09:48:13.614+0530] {processor.py:161} INFO - Started process (PID=69091) to work on /Library/Frameworks/Python.framework/Versions/3.10/lib/python3.10/site-packages/airflow/example_dags/tutorial_taskflow_api.py
[2026-04-22T09:48:13.614+0530] {processor.py:830} INFO - Processing file /Library/Frameworks/Python.framework/Versions/3.10/lib/python3.10/site-packages/airflow/example_dags/tutorial_taskflow_api.py for tasks to queue
[2026-04-22T09:48:13.614+0530] {logging_mixin.py:188} INFO - [2026-04-22T09:48:13.614+0530] {dagbag.py:545} INFO - Filling up the DagBag from /Library/Frameworks/Python.framework/Versions/3.10/lib/python3.10/site-packages/airflow/example_dags/tutorial_taskflow_api.py
[2026-04-22T09:48:13.626+0530] {processor.py:840} INFO - DAG(s) 'tutorial_taskflow_api' retrieved from /Library/Frameworks/Python.framework/Versions/3.10/lib/python3.10/site-packages/airflow/example_dags/tutorial_taskflow_api.py
[2026-04-22T09:48:13.659+0530] {logging_mixin.py:188} INFO - [2026-04-22T09:48:13.659+0530] {dag.py:3096} INFO - Sync 1 DAGs
[2026-04-22T09:48:13.662+0530] {logging_mixin.py:188} INFO - [2026-04-22T09:48:13.662+0530] {dag.py:3954} INFO - Setting next_dagrun for tutorial_taskflow_api to None, run_after=None
[2026-04-22T09:48:13.667+0530] {processor.py:183} INFO - Processing /Library/Frameworks/Python.framework/Versions/3.10/lib/python3.10/site-packages/airflow/example_dags/tutorial_taskflow_api.py took 0.054 seconds
[2026-04-22T11:47:59.854+0530] {processor.py:161} INFO - Started process (PID=69352) to work on /Library/Frameworks/Python.framework/Versions/3.10/lib/python3.10/site-packages/airflow/example_dags/tutorial_taskflow_api.py
[2026-04-22T11:47:59.855+0530] {processor.py:830} INFO - Processing file /Library/Frameworks/Python.framework/Versions/3.10/lib/python3.10/site-packages/airflow/example_dags/tutorial_taskflow_api.py for tasks to queue
[2026-04-22T11:47:59.855+0530] {logging_mixin.py:188} INFO - [2026-04-22T11:47:59.855+0530] {dagbag.py:545} INFO - Filling up the DagBag from /Library/Frameworks/Python.framework/Versions/3.10/lib/python3.10/site-packages/airflow/example_dags/tutorial_taskflow_api.py
[2026-04-22T11:47:59.867+0530] {processor.py:840} INFO - DAG(s) 'tutorial_taskflow_api' retrieved from /Library/Frameworks/Python.framework/Versions/3.10/lib/python3.10/site-packages/airflow/example_dags/tutorial_taskflow_api.py
[2026-04-22T11:47:59.898+0530] {logging_mixin.py:188} INFO - [2026-04-22T11:47:59.898+0530] {dag.py:3096} INFO - Sync 1 DAGs
[2026-04-22T11:47:59.901+0530] {logging_mixin.py:188} INFO - [2026-04-22T11:47:59.901+0530] {dag.py:3954} INFO - Setting next_dagrun for tutorial_taskflow_api to None, run_after=None
[2026-04-22T11:47:59.906+0530] {processor.py:183} INFO - Processing /Library/Frameworks/Python.framework/Versions/3.10/lib/python3.10/site-packages/airflow/example_dags/tutorial_taskflow_api.py took 0.053 seconds
[2026-04-22T11:48:37.225+0530] {processor.py:161} INFO - Started process (PID=69424) to work on /Library/Frameworks/Python.framework/Versions/3.10/lib/python3.10/site-packages/airflow/example_dags/tutorial_taskflow_api.py
[2026-04-22T11:48:37.225+0530] {processor.py:830} INFO - Processing file /Library/Frameworks/Python.framework/Versions/3.10/lib/python3.10/site-packages/airflow/example_dags/tutorial_taskflow_api.py for tasks to queue
[2026-04-22T11:48:37.226+0530] {logging_mixin.py:188} INFO - [2026-04-22T11:48:37.226+0530] {dagbag.py:545} INFO - Filling up the DagBag from /Library/Frameworks/Python.framework/Versions/3.10/lib/python3.10/site-packages/airflow/example_dags/tutorial_taskflow_api.py
[2026-04-22T11:48:37.237+0530] {processor.py:840} INFO - DAG(s) 'tutorial_taskflow_api' retrieved from /Library/Frameworks/Python.framework/Versions/3.10/lib/python3.10/site-packages/airflow/example_dags/tutorial_taskflow_api.py
[2026-04-22T11:48:37.269+0530] {logging_mixin.py:188} INFO - [2026-04-22T11:48:37.269+0530] {dag.py:3096} INFO - Sync 1 DAGs
[2026-04-22T11:48:37.272+0530] {logging_mixin.py:188} INFO - [2026-04-22T11:48:37.272+0530] {dag.py:3954} INFO - Setting next_dagrun for tutorial_taskflow_api to None, run_after=None
[2026-04-22T11:48:37.277+0530] {processor.py:183} INFO - Processing /Library/Frameworks/Python.framework/Versions/3.10/lib/python3.10/site-packages/airflow/example_dags/tutorial_taskflow_api.py took 0.053 seconds
[2026-04-22T11:49:14.511+0530] {processor.py:161} INFO - Started process (PID=69480) to work on /Library/Frameworks/Python.framework/Versions/3.10/lib/python3.10/site-packages/airflow/example_dags/tutorial_taskflow_api.py
[2026-04-22T11:49:14.512+0530] {processor.py:830} INFO - Processing file /Library/Frameworks/Python.framework/Versions/3.10/lib/python3.10/site-packages/airflow/example_dags/tutorial_taskflow_api.py for tasks to queue
[2026-04-22T11:49:14.512+0530] {logging_mixin.py:188} INFO - [2026-04-22T11:49:14.512+0530] {dagbag.py:545} INFO - Filling up the DagBag from /Library/Frameworks/Python.framework/Versions/3.10/lib/python3.10/site-packages/airflow/example_dags/tutorial_taskflow_api.py
[2026-04-22T11:49:14.525+0530] {processor.py:840} INFO - DAG(s) 'tutorial_taskflow_api' retrieved from /Library/Frameworks/Python.framework/Versions/3.10/lib/python3.10/site-packages/airflow/example_dags/tutorial_taskflow_api.py
[2026-04-22T11:49:14.560+0530] {logging_mixin.py:188} INFO - [2026-04-22T11:49:14.560+0530] {dag.py:3096} INFO - Sync 1 DAGs
[2026-04-22T11:49:14.564+0530] {logging_mixin.py:188} INFO - [2026-04-22T11:49:14.564+0530] {dag.py:3954} INFO - Setting next_dagrun for tutorial_taskflow_api to None, run_after=None
[2026-04-22T11:49:14.571+0530] {processor.py:183} INFO - Processing /Library/Frameworks/Python.framework/Versions/3.10/lib/python3.10/site-packages/airflow/example_dags/tutorial_taskflow_api.py took 0.061 seconds
[2026-04-22T11:50:03.609+0530] {processor.py:161} INFO - Started process (PID=69564) to work on /Library/Frameworks/Python.framework/Versions/3.10/lib/python3.10/site-packages/airflow/example_dags/tutorial_taskflow_api.py
[2026-04-22T11:50:03.610+0530] {processor.py:830} INFO - Processing file /Library/Frameworks/Python.framework/Versions/3.10/lib/python3.10/site-packages/airflow/example_dags/tutorial_taskflow_api.py for tasks to queue
[2026-04-22T11:50:03.610+0530] {logging_mixin.py:188} INFO - [2026-04-22T11:50:03.610+0530] {dagbag.py:545} INFO - Filling up the DagBag from /Library/Frameworks/Python.framework/Versions/3.10/lib/python3.10/site-packages/airflow/example_dags/tutorial_taskflow_api.py
[2026-04-22T11:50:03.621+0530] {processor.py:840} INFO - DAG(s) 'tutorial_taskflow_api' retrieved from /Library/Frameworks/Python.framework/Versions/3.10/lib/python3.10/site-packages/airflow/example_dags/tutorial_taskflow_api.py
[2026-04-22T11:50:03.653+0530] {logging_mixin.py:188} INFO - [2026-04-22T11:50:03.653+0530] {dag.py:3096} INFO - Sync 1 DAGs
[2026-04-22T11:50:03.656+0530] {logging_mixin.py:188} INFO - [2026-04-22T11:50:03.656+0530] {dag.py:3954} INFO - Setting next_dagrun for tutorial_taskflow_api to None, run_after=None
[2026-04-22T11:50:03.661+0530] {processor.py:183} INFO - Processing /Library/Frameworks/Python.framework/Versions/3.10/lib/python3.10/site-packages/airflow/example_dags/tutorial_taskflow_api.py took 0.053 seconds
[2026-04-22T11:50:40.459+0530] {processor.py:161} INFO - Started process (PID=69626) to work on /Library/Frameworks/Python.framework/Versions/3.10/lib/python3.10/site-packages/airflow/example_dags/tutorial_taskflow_api.py
[2026-04-22T11:50:40.460+0530] {processor.py:830} INFO - Processing file /Library/Frameworks/Python.framework/Versions/3.10/lib/python3.10/site-packages/airflow/example_dags/tutorial_taskflow_api.py for tasks to queue
[2026-04-22T11:50:40.460+0530] {logging_mixin.py:188} INFO - [2026-04-22T11:50:40.460+0530] {dagbag.py:545} INFO - Filling up the DagBag from /Library/Frameworks/Python.framework/Versions/3.10/lib/python3.10/site-packages/airflow/example_dags/tutorial_taskflow_api.py
[2026-04-22T11:50:40.475+0530] {processor.py:840} INFO - DAG(s) 'tutorial_taskflow_api' retrieved from /Library/Frameworks/Python.framework/Versions/3.10/lib/python3.10/site-packages/airflow/example_dags/tutorial_taskflow_api.py
[2026-04-22T11:50:40.514+0530] {logging_mixin.py:188} INFO - [2026-04-22T11:50:40.514+0530] {dag.py:3096} INFO - Sync 1 DAGs
[2026-04-22T11:50:40.517+0530] {logging_mixin.py:188} INFO - [2026-04-22T11:50:40.517+0530] {dag.py:3954} INFO - Setting next_dagrun for tutorial_taskflow_api to None, run_after=None
[2026-04-22T11:50:40.523+0530] {processor.py:183} INFO - Processing /Library/Frameworks/Python.framework/Versions/3.10/lib/python3.10/site-packages/airflow/example_dags/tutorial_taskflow_api.py took 0.065 seconds
[2026-04-22T12:08:51.784+0530] {processor.py:161} INFO - Started process (PID=70829) to work on /Library/Frameworks/Python.framework/Versions/3.10/lib/python3.10/site-packages/airflow/example_dags/tutorial_taskflow_api.py
[2026-04-22T12:08:51.785+0530] {processor.py:830} INFO - Processing file /Library/Frameworks/Python.framework/Versions/3.10/lib/python3.10/site-packages/airflow/example_dags/tutorial_taskflow_api.py for tasks to queue
[2026-04-22T12:08:51.786+0530] {logging_mixin.py:188} INFO - [2026-04-22T12:08:51.786+0530] {dagbag.py:545} INFO - Filling up the DagBag from /Library/Frameworks/Python.framework/Versions/3.10/lib/python3.10/site-packages/airflow/example_dags/tutorial_taskflow_api.py
[2026-04-22T12:08:51.797+0530] {processor.py:840} INFO - DAG(s) 'tutorial_taskflow_api' retrieved from /Library/Frameworks/Python.framework/Versions/3.10/lib/python3.10/site-packages/airflow/example_dags/tutorial_taskflow_api.py
[2026-04-22T12:08:51.829+0530] {logging_mixin.py:188} INFO - [2026-04-22T12:08:51.829+0530] {dag.py:3096} INFO - Sync 1 DAGs
[2026-04-22T12:08:51.832+0530] {logging_mixin.py:188} INFO - [2026-04-22T12:08:51.832+0530] {dag.py:3954} INFO - Setting next_dagrun for tutorial_taskflow_api to None, run_after=None
[2026-04-22T12:08:51.837+0530] {processor.py:183} INFO - Processing /Library/Frameworks/Python.framework/Versions/3.10/lib/python3.10/site-packages/airflow/example_dags/tutorial_taskflow_api.py took 0.053 seconds
[2026-04-22T12:13:49.493+0530] {processor.py:161} INFO - Started process (PID=71185) to work on /Library/Frameworks/Python.framework/Versions/3.10/lib/python3.10/site-packages/airflow/example_dags/tutorial_taskflow_api.py
[2026-04-22T12:13:49.493+0530] {processor.py:830} INFO - Processing file /Library/Frameworks/Python.framework/Versions/3.10/lib/python3.10/site-packages/airflow/example_dags/tutorial_taskflow_api.py for tasks to queue
[2026-04-22T12:13:49.493+0530] {logging_mixin.py:188} INFO - [2026-04-22T12:13:49.493+0530] {dagbag.py:545} INFO - Filling up the DagBag from /Library/Frameworks/Python.framework/Versions/3.10/lib/python3.10/site-packages/airflow/example_dags/tutorial_taskflow_api.py
[2026-04-22T12:13:49.505+0530] {processor.py:840} INFO - DAG(s) 'tutorial_taskflow_api' retrieved from /Library/Frameworks/Python.framework/Versions/3.10/lib/python3.10/site-packages/airflow/example_dags/tutorial_taskflow_api.py
[2026-04-22T12:13:49.538+0530] {logging_mixin.py:188} INFO - [2026-04-22T12:13:49.538+0530] {dag.py:3096} INFO - Sync 1 DAGs
[2026-04-22T12:13:49.541+0530] {logging_mixin.py:188} INFO - [2026-04-22T12:13:49.541+0530] {dag.py:3954} INFO - Setting next_dagrun for tutorial_taskflow_api to None, run_after=None
[2026-04-22T12:13:49.546+0530] {processor.py:183} INFO - Processing /Library/Frameworks/Python.framework/Versions/3.10/lib/python3.10/site-packages/airflow/example_dags/tutorial_taskflow_api.py took 0.054 seconds
[2026-04-22T12:18:06.283+0530] {processor.py:161} INFO - Started process (PID=71487) to work on /Library/Frameworks/Python.framework/Versions/3.10/lib/python3.10/site-packages/airflow/example_dags/tutorial_taskflow_api.py
[2026-04-22T12:18:06.284+0530] {processor.py:830} INFO - Processing file /Library/Frameworks/Python.framework/Versions/3.10/lib/python3.10/site-packages/airflow/example_dags/tutorial_taskflow_api.py for tasks to queue
[2026-04-22T12:18:06.284+0530] {logging_mixin.py:188} INFO - [2026-04-22T12:18:06.284+0530] {dagbag.py:545} INFO - Filling up the DagBag from /Library/Frameworks/Python.framework/Versions/3.10/lib/python3.10/site-packages/airflow/example_dags/tutorial_taskflow_api.py
[2026-04-22T12:18:06.296+0530] {processor.py:840} INFO - DAG(s) 'tutorial_taskflow_api' retrieved from /Library/Frameworks/Python.framework/Versions/3.10/lib/python3.10/site-packages/airflow/example_dags/tutorial_taskflow_api.py
[2026-04-22T12:18:06.329+0530] {logging_mixin.py:188} INFO - [2026-04-22T12:18:06.329+0530] {dag.py:3096} INFO - Sync 1 DAGs
[2026-04-22T12:18:06.332+0530] {logging_mixin.py:188} INFO - [2026-04-22T12:18:06.332+0530] {dag.py:3954} INFO - Setting next_dagrun for tutorial_taskflow_api to None, run_after=None
[2026-04-22T12:18:06.339+0530] {processor.py:183} INFO - Processing /Library/Frameworks/Python.framework/Versions/3.10/lib/python3.10/site-packages/airflow/example_dags/tutorial_taskflow_api.py took 0.057 seconds
[2026-04-22T12:20:17.167+0530] {processor.py:161} INFO - Started process (PID=72093) to work on /Library/Frameworks/Python.framework/Versions/3.10/lib/python3.10/site-packages/airflow/example_dags/tutorial_taskflow_api.py
[2026-04-22T12:20:17.168+0530] {processor.py:830} INFO - Processing file /Library/Frameworks/Python.framework/Versions/3.10/lib/python3.10/site-packages/airflow/example_dags/tutorial_taskflow_api.py for tasks to queue
[2026-04-22T12:20:17.168+0530] {logging_mixin.py:188} INFO - [2026-04-22T12:20:17.168+0530] {dagbag.py:545} INFO - Filling up the DagBag from /Library/Frameworks/Python.framework/Versions/3.10/lib/python3.10/site-packages/airflow/example_dags/tutorial_taskflow_api.py
[2026-04-22T12:20:17.179+0530] {processor.py:840} INFO - DAG(s) 'tutorial_taskflow_api' retrieved from /Library/Frameworks/Python.framework/Versions/3.10/lib/python3.10/site-packages/airflow/example_dags/tutorial_taskflow_api.py
[2026-04-22T12:20:17.211+0530] {logging_mixin.py:188} INFO - [2026-04-22T12:20:17.211+0530] {dag.py:3096} INFO - Sync 1 DAGs
[2026-04-22T12:20:17.214+0530] {logging_mixin.py:188} INFO - [2026-04-22T12:20:17.214+0530] {dag.py:3954} INFO - Setting next_dagrun for tutorial_taskflow_api to None, run_after=None
[2026-04-22T12:20:17.220+0530] {processor.py:183} INFO - Processing /Library/Frameworks/Python.framework/Versions/3.10/lib/python3.10/site-packages/airflow/example_dags/tutorial_taskflow_api.py took 0.053 seconds
[2026-04-22T12:21:12.615+0530] {processor.py:161} INFO - Started process (PID=72279) to work on /Library/Frameworks/Python.framework/Versions/3.10/lib/python3.10/site-packages/airflow/example_dags/tutorial_taskflow_api.py
[2026-04-22T12:21:12.615+0530] {processor.py:830} INFO - Processing file /Library/Frameworks/Python.framework/Versions/3.10/lib/python3.10/site-packages/airflow/example_dags/tutorial_taskflow_api.py for tasks to queue
[2026-04-22T12:21:12.615+0530] {logging_mixin.py:188} INFO - [2026-04-22T12:21:12.615+0530] {dagbag.py:545} INFO - Filling up the DagBag from /Library/Frameworks/Python.framework/Versions/3.10/lib/python3.10/site-packages/airflow/example_dags/tutorial_taskflow_api.py
[2026-04-22T12:21:12.627+0530] {processor.py:840} INFO - DAG(s) 'tutorial_taskflow_api' retrieved from /Library/Frameworks/Python.framework/Versions/3.10/lib/python3.10/site-packages/airflow/example_dags/tutorial_taskflow_api.py
[2026-04-22T12:21:12.661+0530] {logging_mixin.py:188} INFO - [2026-04-22T12:21:12.661+0530] {dag.py:3096} INFO - Sync 1 DAGs
[2026-04-22T12:21:12.664+0530] {logging_mixin.py:188} INFO - [2026-04-22T12:21:12.664+0530] {dag.py:3954} INFO - Setting next_dagrun for tutorial_taskflow_api to None, run_after=None
[2026-04-22T12:21:12.670+0530] {processor.py:183} INFO - Processing /Library/Frameworks/Python.framework/Versions/3.10/lib/python3.10/site-packages/airflow/example_dags/tutorial_taskflow_api.py took 0.056 seconds
[2026-04-22T12:22:07.322+0530] {processor.py:161} INFO - Started process (PID=72416) to work on /Library/Frameworks/Python.framework/Versions/3.10/lib/python3.10/site-packages/airflow/example_dags/tutorial_taskflow_api.py
[2026-04-22T12:22:07.323+0530] {processor.py:830} INFO - Processing file /Library/Frameworks/Python.framework/Versions/3.10/lib/python3.10/site-packages/airflow/example_dags/tutorial_taskflow_api.py for tasks to queue
[2026-04-22T12:22:07.323+0530] {logging_mixin.py:188} INFO - [2026-04-22T12:22:07.323+0530] {dagbag.py:545} INFO - Filling up the DagBag from /Library/Frameworks/Python.framework/Versions/3.10/lib/python3.10/site-packages/airflow/example_dags/tutorial_taskflow_api.py
[2026-04-22T12:22:07.340+0530] {processor.py:840} INFO - DAG(s) 'tutorial_taskflow_api' retrieved from /Library/Frameworks/Python.framework/Versions/3.10/lib/python3.10/site-packages/airflow/example_dags/tutorial_taskflow_api.py
[2026-04-22T12:22:07.382+0530] {logging_mixin.py:188} INFO - [2026-04-22T12:22:07.382+0530] {dag.py:3096} INFO - Sync 1 DAGs
[2026-04-22T12:22:07.385+0530] {logging_mixin.py:188} INFO - [2026-04-22T12:22:07.385+0530] {dag.py:3954} INFO - Setting next_dagrun for tutorial_taskflow_api to None, run_after=None
[2026-04-22T12:22:07.391+0530] {processor.py:183} INFO - Processing /Library/Frameworks/Python.framework/Versions/3.10/lib/python3.10/site-packages/airflow/example_dags/tutorial_taskflow_api.py took 0.069 seconds
[2026-04-22T12:22:58.710+0530] {processor.py:161} INFO - Started process (PID=72493) to work on /Library/Frameworks/Python.framework/Versions/3.10/lib/python3.10/site-packages/airflow/example_dags/tutorial_taskflow_api.py
[2026-04-22T12:22:58.711+0530] {processor.py:830} INFO - Processing file /Library/Frameworks/Python.framework/Versions/3.10/lib/python3.10/site-packages/airflow/example_dags/tutorial_taskflow_api.py for tasks to queue
[2026-04-22T12:22:58.711+0530] {logging_mixin.py:188} INFO - [2026-04-22T12:22:58.711+0530] {dagbag.py:545} INFO - Filling up the DagBag from /Library/Frameworks/Python.framework/Versions/3.10/lib/python3.10/site-packages/airflow/example_dags/tutorial_taskflow_api.py
[2026-04-22T12:22:58.723+0530] {processor.py:840} INFO - DAG(s) 'tutorial_taskflow_api' retrieved from /Library/Frameworks/Python.framework/Versions/3.10/lib/python3.10/site-packages/airflow/example_dags/tutorial_taskflow_api.py
[2026-04-22T12:22:58.756+0530] {logging_mixin.py:188} INFO - [2026-04-22T12:22:58.756+0530] {dag.py:3096} INFO - Sync 1 DAGs
[2026-04-22T12:22:58.759+0530] {logging_mixin.py:188} INFO - [2026-04-22T12:22:58.759+0530] {dag.py:3954} INFO - Setting next_dagrun for tutorial_taskflow_api to None, run_after=None
[2026-04-22T12:22:58.764+0530] {processor.py:183} INFO - Processing /Library/Frameworks/Python.framework/Versions/3.10/lib/python3.10/site-packages/airflow/example_dags/tutorial_taskflow_api.py took 0.055 seconds
[2026-04-22T12:23:49.656+0530] {processor.py:161} INFO - Started process (PID=72564) to work on /Library/Frameworks/Python.framework/Versions/3.10/lib/python3.10/site-packages/airflow/example_dags/tutorial_taskflow_api.py
[2026-04-22T12:23:49.657+0530] {processor.py:830} INFO - Processing file /Library/Frameworks/Python.framework/Versions/3.10/lib/python3.10/site-packages/airflow/example_dags/tutorial_taskflow_api.py for tasks to queue
[2026-04-22T12:23:49.657+0530] {logging_mixin.py:188} INFO - [2026-04-22T12:23:49.657+0530] {dagbag.py:545} INFO - Filling up the DagBag from /Library/Frameworks/Python.framework/Versions/3.10/lib/python3.10/site-packages/airflow/example_dags/tutorial_taskflow_api.py
[2026-04-22T12:23:49.669+0530] {processor.py:840} INFO - DAG(s) 'tutorial_taskflow_api' retrieved from /Library/Frameworks/Python.framework/Versions/3.10/lib/python3.10/site-packages/airflow/example_dags/tutorial_taskflow_api.py
[2026-04-22T12:23:49.701+0530] {logging_mixin.py:188} INFO - [2026-04-22T12:23:49.701+0530] {dag.py:3096} INFO - Sync 1 DAGs
[2026-04-22T12:23:49.704+0530] {logging_mixin.py:188} INFO - [2026-04-22T12:23:49.704+0530] {dag.py:3954} INFO - Setting next_dagrun for tutorial_taskflow_api to None, run_after=None
[2026-04-22T12:23:49.709+0530] {processor.py:183} INFO - Processing /Library/Frameworks/Python.framework/Versions/3.10/lib/python3.10/site-packages/airflow/example_dags/tutorial_taskflow_api.py took 0.054 seconds
[2026-04-22T12:24:41.445+0530] {processor.py:161} INFO - Started process (PID=72616) to work on /Library/Frameworks/Python.framework/Versions/3.10/lib/python3.10/site-packages/airflow/example_dags/tutorial_taskflow_api.py
[2026-04-22T12:24:41.446+0530] {processor.py:830} INFO - Processing file /Library/Frameworks/Python.framework/Versions/3.10/lib/python3.10/site-packages/airflow/example_dags/tutorial_taskflow_api.py for tasks to queue
[2026-04-22T12:24:41.446+0530] {logging_mixin.py:188} INFO - [2026-04-22T12:24:41.446+0530] {dagbag.py:545} INFO - Filling up the DagBag from /Library/Frameworks/Python.framework/Versions/3.10/lib/python3.10/site-packages/airflow/example_dags/tutorial_taskflow_api.py
[2026-04-22T12:24:41.457+0530] {processor.py:840} INFO - DAG(s) 'tutorial_taskflow_api' retrieved from /Library/Frameworks/Python.framework/Versions/3.10/lib/python3.10/site-packages/airflow/example_dags/tutorial_taskflow_api.py
[2026-04-22T12:24:41.488+0530] {logging_mixin.py:188} INFO - [2026-04-22T12:24:41.488+0530] {dag.py:3096} INFO - Sync 1 DAGs
[2026-04-22T12:24:41.491+0530] {logging_mixin.py:188} INFO - [2026-04-22T12:24:41.490+0530] {dag.py:3954} INFO - Setting next_dagrun for tutorial_taskflow_api to None, run_after=None
[2026-04-22T12:24:41.495+0530] {processor.py:183} INFO - Processing /Library/Frameworks/Python.framework/Versions/3.10/lib/python3.10/site-packages/airflow/example_dags/tutorial_taskflow_api.py took 0.051 seconds
[2026-04-22T12:25:33.695+0530] {processor.py:161} INFO - Started process (PID=72821) to work on /Library/Frameworks/Python.framework/Versions/3.10/lib/python3.10/site-packages/airflow/example_dags/tutorial_taskflow_api.py
[2026-04-22T12:25:33.695+0530] {processor.py:830} INFO - Processing file /Library/Frameworks/Python.framework/Versions/3.10/lib/python3.10/site-packages/airflow/example_dags/tutorial_taskflow_api.py for tasks to queue
[2026-04-22T12:25:33.695+0530] {logging_mixin.py:188} INFO - [2026-04-22T12:25:33.695+0530] {dagbag.py:545} INFO - Filling up the DagBag from /Library/Frameworks/Python.framework/Versions/3.10/lib/python3.10/site-packages/airflow/example_dags/tutorial_taskflow_api.py
[2026-04-22T12:25:33.712+0530] {processor.py:840} INFO - DAG(s) 'tutorial_taskflow_api' retrieved from /Library/Frameworks/Python.framework/Versions/3.10/lib/python3.10/site-packages/airflow/example_dags/tutorial_taskflow_api.py
[2026-04-22T12:25:33.754+0530] {logging_mixin.py:188} INFO - [2026-04-22T12:25:33.754+0530] {dag.py:3096} INFO - Sync 1 DAGs
[2026-04-22T12:25:33.757+0530] {logging_mixin.py:188} INFO - [2026-04-22T12:25:33.757+0530] {dag.py:3954} INFO - Setting next_dagrun for tutorial_taskflow_api to None, run_after=None
[2026-04-22T12:25:33.763+0530] {processor.py:183} INFO - Processing /Library/Frameworks/Python.framework/Versions/3.10/lib/python3.10/site-packages/airflow/example_dags/tutorial_taskflow_api.py took 0.069 seconds
[2026-04-22T12:26:27.373+0530] {processor.py:161} INFO - Started process (PID=72902) to work on /Library/Frameworks/Python.framework/Versions/3.10/lib/python3.10/site-packages/airflow/example_dags/tutorial_taskflow_api.py
[2026-04-22T12:26:27.374+0530] {processor.py:830} INFO - Processing file /Library/Frameworks/Python.framework/Versions/3.10/lib/python3.10/site-packages/airflow/example_dags/tutorial_taskflow_api.py for tasks to queue
[2026-04-22T12:26:27.374+0530] {logging_mixin.py:188} INFO - [2026-04-22T12:26:27.374+0530] {dagbag.py:545} INFO - Filling up the DagBag from /Library/Frameworks/Python.framework/Versions/3.10/lib/python3.10/site-packages/airflow/example_dags/tutorial_taskflow_api.py
[2026-04-22T12:26:27.386+0530] {processor.py:840} INFO - DAG(s) 'tutorial_taskflow_api' retrieved from /Library/Frameworks/Python.framework/Versions/3.10/lib/python3.10/site-packages/airflow/example_dags/tutorial_taskflow_api.py
[2026-04-22T12:26:27.426+0530] {logging_mixin.py:188} INFO - [2026-04-22T12:26:27.425+0530] {dag.py:3096} INFO - Sync 1 DAGs
[2026-04-22T12:26:27.429+0530] {logging_mixin.py:188} INFO - [2026-04-22T12:26:27.428+0530] {dag.py:3954} INFO - Setting next_dagrun for tutorial_taskflow_api to None, run_after=None
[2026-04-22T12:26:27.434+0530] {processor.py:183} INFO - Processing /Library/Frameworks/Python.framework/Versions/3.10/lib/python3.10/site-packages/airflow/example_dags/tutorial_taskflow_api.py took 0.062 seconds
[2026-04-22T12:27:18.942+0530] {processor.py:161} INFO - Started process (PID=72981) to work on /Library/Frameworks/Python.framework/Versions/3.10/lib/python3.10/site-packages/airflow/example_dags/tutorial_taskflow_api.py
[2026-04-22T12:27:18.943+0530] {processor.py:830} INFO - Processing file /Library/Frameworks/Python.framework/Versions/3.10/lib/python3.10/site-packages/airflow/example_dags/tutorial_taskflow_api.py for tasks to queue
[2026-04-22T12:27:18.943+0530] {logging_mixin.py:188} INFO - [2026-04-22T12:27:18.943+0530] {dagbag.py:545} INFO - Filling up the DagBag from /Library/Frameworks/Python.framework/Versions/3.10/lib/python3.10/site-packages/airflow/example_dags/tutorial_taskflow_api.py
[2026-04-22T12:27:18.957+0530] {processor.py:840} INFO - DAG(s) 'tutorial_taskflow_api' retrieved from /Library/Frameworks/Python.framework/Versions/3.10/lib/python3.10/site-packages/airflow/example_dags/tutorial_taskflow_api.py
[2026-04-22T12:27:18.998+0530] {logging_mixin.py:188} INFO - [2026-04-22T12:27:18.998+0530] {dag.py:3096} INFO - Sync 1 DAGs
[2026-04-22T12:27:19.001+0530] {logging_mixin.py:188} INFO - [2026-04-22T12:27:19.001+0530] {dag.py:3954} INFO - Setting next_dagrun for tutorial_taskflow_api to None, run_after=None
[2026-04-22T12:27:19.006+0530] {processor.py:183} INFO - Processing /Library/Frameworks/Python.framework/Versions/3.10/lib/python3.10/site-packages/airflow/example_dags/tutorial_taskflow_api.py took 0.065 seconds
[2026-04-22T12:28:15.533+0530] {processor.py:161} INFO - Started process (PID=73104) to work on /Library/Frameworks/Python.framework/Versions/3.10/lib/python3.10/site-packages/airflow/example_dags/tutorial_taskflow_api.py
[2026-04-22T12:28:15.534+0530] {processor.py:830} INFO - Processing file /Library/Frameworks/Python.framework/Versions/3.10/lib/python3.10/site-packages/airflow/example_dags/tutorial_taskflow_api.py for tasks to queue
[2026-04-22T12:28:15.534+0530] {logging_mixin.py:188} INFO - [2026-04-22T12:28:15.534+0530] {dagbag.py:545} INFO - Filling up the DagBag from /Library/Frameworks/Python.framework/Versions/3.10/lib/python3.10/site-packages/airflow/example_dags/tutorial_taskflow_api.py
[2026-04-22T12:28:15.548+0530] {processor.py:840} INFO - DAG(s) 'tutorial_taskflow_api' retrieved from /Library/Frameworks/Python.framework/Versions/3.10/lib/python3.10/site-packages/airflow/example_dags/tutorial_taskflow_api.py
[2026-04-22T12:28:15.589+0530] {logging_mixin.py:188} INFO - [2026-04-22T12:28:15.589+0530] {dag.py:3096} INFO - Sync 1 DAGs
[2026-04-22T12:28:15.592+0530] {logging_mixin.py:188} INFO - [2026-04-22T12:28:15.592+0530] {dag.py:3954} INFO - Setting next_dagrun for tutorial_taskflow_api to None, run_after=None
[2026-04-22T12:28:15.598+0530] {processor.py:183} INFO - Processing /Library/Frameworks/Python.framework/Versions/3.10/lib/python3.10/site-packages/airflow/example_dags/tutorial_taskflow_api.py took 0.066 seconds
[2026-04-22T12:29:14.625+0530] {processor.py:161} INFO - Started process (PID=73207) to work on /Library/Frameworks/Python.framework/Versions/3.10/lib/python3.10/site-packages/airflow/example_dags/tutorial_taskflow_api.py
[2026-04-22T12:29:14.626+0530] {processor.py:830} INFO - Processing file /Library/Frameworks/Python.framework/Versions/3.10/lib/python3.10/site-packages/airflow/example_dags/tutorial_taskflow_api.py for tasks to queue
[2026-04-22T12:29:14.626+0530] {logging_mixin.py:188} INFO - [2026-04-22T12:29:14.626+0530] {dagbag.py:545} INFO - Filling up the DagBag from /Library/Frameworks/Python.framework/Versions/3.10/lib/python3.10/site-packages/airflow/example_dags/tutorial_taskflow_api.py
[2026-04-22T12:29:14.640+0530] {processor.py:840} INFO - DAG(s) 'tutorial_taskflow_api' retrieved from /Library/Frameworks/Python.framework/Versions/3.10/lib/python3.10/site-packages/airflow/example_dags/tutorial_taskflow_api.py
[2026-04-22T12:29:14.679+0530] {logging_mixin.py:188} INFO - [2026-04-22T12:29:14.679+0530] {dag.py:3096} INFO - Sync 1 DAGs
[2026-04-22T12:29:14.682+0530] {logging_mixin.py:188} INFO - [2026-04-22T12:29:14.682+0530] {dag.py:3954} INFO - Setting next_dagrun for tutorial_taskflow_api to None, run_after=None
[2026-04-22T12:29:14.688+0530] {processor.py:183} INFO - Processing /Library/Frameworks/Python.framework/Versions/3.10/lib/python3.10/site-packages/airflow/example_dags/tutorial_taskflow_api.py took 0.063 seconds
[2026-04-22T12:30:07.392+0530] {processor.py:161} INFO - Started process (PID=73325) to work on /Library/Frameworks/Python.framework/Versions/3.10/lib/python3.10/site-packages/airflow/example_dags/tutorial_taskflow_api.py
[2026-04-22T12:30:07.392+0530] {processor.py:830} INFO - Processing file /Library/Frameworks/Python.framework/Versions/3.10/lib/python3.10/site-packages/airflow/example_dags/tutorial_taskflow_api.py for tasks to queue
[2026-04-22T12:30:07.393+0530] {logging_mixin.py:188} INFO - [2026-04-22T12:30:07.393+0530] {dagbag.py:545} INFO - Filling up the DagBag from /Library/Frameworks/Python.framework/Versions/3.10/lib/python3.10/site-packages/airflow/example_dags/tutorial_taskflow_api.py
[2026-04-22T12:30:07.404+0530] {processor.py:840} INFO - DAG(s) 'tutorial_taskflow_api' retrieved from /Library/Frameworks/Python.framework/Versions/3.10/lib/python3.10/site-packages/airflow/example_dags/tutorial_taskflow_api.py
[2026-04-22T12:30:07.436+0530] {logging_mixin.py:188} INFO - [2026-04-22T12:30:07.436+0530] {dag.py:3096} INFO - Sync 1 DAGs
[2026-04-22T12:30:07.439+0530] {logging_mixin.py:188} INFO - [2026-04-22T12:30:07.439+0530] {dag.py:3954} INFO - Setting next_dagrun for tutorial_taskflow_api to None, run_after=None
[2026-04-22T12:30:07.445+0530] {processor.py:183} INFO - Processing /Library/Frameworks/Python.framework/Versions/3.10/lib/python3.10/site-packages/airflow/example_dags/tutorial_taskflow_api.py took 0.054 seconds
[2026-04-22T12:31:03.209+0530] {processor.py:161} INFO - Started process (PID=73455) to work on /Library/Frameworks/Python.framework/Versions/3.10/lib/python3.10/site-packages/airflow/example_dags/tutorial_taskflow_api.py
[2026-04-22T12:31:03.211+0530] {processor.py:830} INFO - Processing file /Library/Frameworks/Python.framework/Versions/3.10/lib/python3.10/site-packages/airflow/example_dags/tutorial_taskflow_api.py for tasks to queue
[2026-04-22T12:31:03.211+0530] {logging_mixin.py:188} INFO - [2026-04-22T12:31:03.211+0530] {dagbag.py:545} INFO - Filling up the DagBag from /Library/Frameworks/Python.framework/Versions/3.10/lib/python3.10/site-packages/airflow/example_dags/tutorial_taskflow_api.py
[2026-04-22T12:31:03.224+0530] {processor.py:840} INFO - DAG(s) 'tutorial_taskflow_api' retrieved from /Library/Frameworks/Python.framework/Versions/3.10/lib/python3.10/site-packages/airflow/example_dags/tutorial_taskflow_api.py
[2026-04-22T12:31:03.266+0530] {logging_mixin.py:188} INFO - [2026-04-22T12:31:03.266+0530] {dag.py:3096} INFO - Sync 1 DAGs
[2026-04-22T12:31:03.269+0530] {logging_mixin.py:188} INFO - [2026-04-22T12:31:03.269+0530] {dag.py:3954} INFO - Setting next_dagrun for tutorial_taskflow_api to None, run_after=None
[2026-04-22T12:31:03.275+0530] {processor.py:183} INFO - Processing /Library/Frameworks/Python.framework/Versions/3.10/lib/python3.10/site-packages/airflow/example_dags/tutorial_taskflow_api.py took 0.067 seconds
[2026-04-22T12:31:57.882+0530] {processor.py:161} INFO - Started process (PID=73559) to work on /Library/Frameworks/Python.framework/Versions/3.10/lib/python3.10/site-packages/airflow/example_dags/tutorial_taskflow_api.py
[2026-04-22T12:31:57.883+0530] {processor.py:830} INFO - Processing file /Library/Frameworks/Python.framework/Versions/3.10/lib/python3.10/site-packages/airflow/example_dags/tutorial_taskflow_api.py for tasks to queue
[2026-04-22T12:31:57.883+0530] {logging_mixin.py:188} INFO - [2026-04-22T12:31:57.883+0530] {dagbag.py:545} INFO - Filling up the DagBag from /Library/Frameworks/Python.framework/Versions/3.10/lib/python3.10/site-packages/airflow/example_dags/tutorial_taskflow_api.py
[2026-04-22T12:31:57.894+0530] {processor.py:840} INFO - DAG(s) 'tutorial_taskflow_api' retrieved from /Library/Frameworks/Python.framework/Versions/3.10/lib/python3.10/site-packages/airflow/example_dags/tutorial_taskflow_api.py
[2026-04-22T12:31:57.926+0530] {logging_mixin.py:188} INFO - [2026-04-22T12:31:57.926+0530] {dag.py:3096} INFO - Sync 1 DAGs
[2026-04-22T12:31:57.929+0530] {logging_mixin.py:188} INFO - [2026-04-22T12:31:57.929+0530] {dag.py:3954} INFO - Setting next_dagrun for tutorial_taskflow_api to None, run_after=None
[2026-04-22T12:31:57.935+0530] {processor.py:183} INFO - Processing /Library/Frameworks/Python.framework/Versions/3.10/lib/python3.10/site-packages/airflow/example_dags/tutorial_taskflow_api.py took 0.054 seconds
[2026-04-22T12:32:50.065+0530] {processor.py:161} INFO - Started process (PID=73669) to work on /Library/Frameworks/Python.framework/Versions/3.10/lib/python3.10/site-packages/airflow/example_dags/tutorial_taskflow_api.py
[2026-04-22T12:32:50.066+0530] {processor.py:830} INFO - Processing file /Library/Frameworks/Python.framework/Versions/3.10/lib/python3.10/site-packages/airflow/example_dags/tutorial_taskflow_api.py for tasks to queue
[2026-04-22T12:32:50.066+0530] {logging_mixin.py:188} INFO - [2026-04-22T12:32:50.066+0530] {dagbag.py:545} INFO - Filling up the DagBag from /Library/Frameworks/Python.framework/Versions/3.10/lib/python3.10/site-packages/airflow/example_dags/tutorial_taskflow_api.py
[2026-04-22T12:32:50.081+0530] {processor.py:840} INFO - DAG(s) 'tutorial_taskflow_api' retrieved from /Library/Frameworks/Python.framework/Versions/3.10/lib/python3.10/site-packages/airflow/example_dags/tutorial_taskflow_api.py
[2026-04-22T12:32:50.122+0530] {logging_mixin.py:188} INFO - [2026-04-22T12:32:50.122+0530] {dag.py:3096} INFO - Sync 1 DAGs
[2026-04-22T12:32:50.125+0530] {logging_mixin.py:188} INFO - [2026-04-22T12:32:50.125+0530] {dag.py:3954} INFO - Setting next_dagrun for tutorial_taskflow_api to None, run_after=None
[2026-04-22T12:32:50.132+0530] {processor.py:183} INFO - Processing /Library/Frameworks/Python.framework/Versions/3.10/lib/python3.10/site-packages/airflow/example_dags/tutorial_taskflow_api.py took 0.068 seconds
[2026-04-22T12:33:41.910+0530] {processor.py:161} INFO - Started process (PID=73740) to work on /Library/Frameworks/Python.framework/Versions/3.10/lib/python3.10/site-packages/airflow/example_dags/tutorial_taskflow_api.py
[2026-04-22T12:33:41.912+0530] {processor.py:830} INFO - Processing file /Library/Frameworks/Python.framework/Versions/3.10/lib/python3.10/site-packages/airflow/example_dags/tutorial_taskflow_api.py for tasks to queue
[2026-04-22T12:33:41.912+0530] {logging_mixin.py:188} INFO - [2026-04-22T12:33:41.912+0530] {dagbag.py:545} INFO - Filling up the DagBag from /Library/Frameworks/Python.framework/Versions/3.10/lib/python3.10/site-packages/airflow/example_dags/tutorial_taskflow_api.py
[2026-04-22T12:33:41.923+0530] {processor.py:840} INFO - DAG(s) 'tutorial_taskflow_api' retrieved from /Library/Frameworks/Python.framework/Versions/3.10/lib/python3.10/site-packages/airflow/example_dags/tutorial_taskflow_api.py
[2026-04-22T12:33:41.956+0530] {logging_mixin.py:188} INFO - [2026-04-22T12:33:41.956+0530] {dag.py:3096} INFO - Sync 1 DAGs
[2026-04-22T12:33:41.959+0530] {logging_mixin.py:188} INFO - [2026-04-22T12:33:41.959+0530] {dag.py:3954} INFO - Setting next_dagrun for tutorial_taskflow_api to None, run_after=None
[2026-04-22T12:33:41.964+0530] {processor.py:183} INFO - Processing /Library/Frameworks/Python.framework/Versions/3.10/lib/python3.10/site-packages/airflow/example_dags/tutorial_taskflow_api.py took 0.055 seconds
[2026-04-22T12:34:34.649+0530] {processor.py:161} INFO - Started process (PID=73805) to work on /Library/Frameworks/Python.framework/Versions/3.10/lib/python3.10/site-packages/airflow/example_dags/tutorial_taskflow_api.py
[2026-04-22T12:34:34.650+0530] {processor.py:830} INFO - Processing file /Library/Frameworks/Python.framework/Versions/3.10/lib/python3.10/site-packages/airflow/example_dags/tutorial_taskflow_api.py for tasks to queue
[2026-04-22T12:34:34.650+0530] {logging_mixin.py:188} INFO - [2026-04-22T12:34:34.650+0530] {dagbag.py:545} INFO - Filling up the DagBag from /Library/Frameworks/Python.framework/Versions/3.10/lib/python3.10/site-packages/airflow/example_dags/tutorial_taskflow_api.py
[2026-04-22T12:34:34.662+0530] {processor.py:840} INFO - DAG(s) 'tutorial_taskflow_api' retrieved from /Library/Frameworks/Python.framework/Versions/3.10/lib/python3.10/site-packages/airflow/example_dags/tutorial_taskflow_api.py
[2026-04-22T12:34:34.694+0530] {logging_mixin.py:188} INFO - [2026-04-22T12:34:34.694+0530] {dag.py:3096} INFO - Sync 1 DAGs
[2026-04-22T12:34:34.697+0530] {logging_mixin.py:188} INFO - [2026-04-22T12:34:34.697+0530] {dag.py:3954} INFO - Setting next_dagrun for tutorial_taskflow_api to None, run_after=None
[2026-04-22T12:34:34.702+0530] {processor.py:183} INFO - Processing /Library/Frameworks/Python.framework/Versions/3.10/lib/python3.10/site-packages/airflow/example_dags/tutorial_taskflow_api.py took 0.054 seconds
[2026-04-22T12:35:26.630+0530] {processor.py:161} INFO - Started process (PID=73873) to work on /Library/Frameworks/Python.framework/Versions/3.10/lib/python3.10/site-packages/airflow/example_dags/tutorial_taskflow_api.py
[2026-04-22T12:35:26.631+0530] {processor.py:830} INFO - Processing file /Library/Frameworks/Python.framework/Versions/3.10/lib/python3.10/site-packages/airflow/example_dags/tutorial_taskflow_api.py for tasks to queue
[2026-04-22T12:35:26.631+0530] {logging_mixin.py:188} INFO - [2026-04-22T12:35:26.631+0530] {dagbag.py:545} INFO - Filling up the DagBag from /Library/Frameworks/Python.framework/Versions/3.10/lib/python3.10/site-packages/airflow/example_dags/tutorial_taskflow_api.py
[2026-04-22T12:35:26.646+0530] {processor.py:840} INFO - DAG(s) 'tutorial_taskflow_api' retrieved from /Library/Frameworks/Python.framework/Versions/3.10/lib/python3.10/site-packages/airflow/example_dags/tutorial_taskflow_api.py
[2026-04-22T12:35:26.692+0530] {logging_mixin.py:188} INFO - [2026-04-22T12:35:26.692+0530] {dag.py:3096} INFO - Sync 1 DAGs
[2026-04-22T12:35:26.695+0530] {logging_mixin.py:188} INFO - [2026-04-22T12:35:26.695+0530] {dag.py:3954} INFO - Setting next_dagrun for tutorial_taskflow_api to None, run_after=None
[2026-04-22T12:35:26.703+0530] {processor.py:183} INFO - Processing /Library/Frameworks/Python.framework/Versions/3.10/lib/python3.10/site-packages/airflow/example_dags/tutorial_taskflow_api.py took 0.074 seconds
[2026-04-22T12:36:18.197+0530] {processor.py:161} INFO - Started process (PID=73945) to work on /Library/Frameworks/Python.framework/Versions/3.10/lib/python3.10/site-packages/airflow/example_dags/tutorial_taskflow_api.py
[2026-04-22T12:36:18.197+0530] {processor.py:830} INFO - Processing file /Library/Frameworks/Python.framework/Versions/3.10/lib/python3.10/site-packages/airflow/example_dags/tutorial_taskflow_api.py for tasks to queue
[2026-04-22T12:36:18.198+0530] {logging_mixin.py:188} INFO - [2026-04-22T12:36:18.198+0530] {dagbag.py:545} INFO - Filling up the DagBag from /Library/Frameworks/Python.framework/Versions/3.10/lib/python3.10/site-packages/airflow/example_dags/tutorial_taskflow_api.py
[2026-04-22T12:36:18.210+0530] {processor.py:840} INFO - DAG(s) 'tutorial_taskflow_api' retrieved from /Library/Frameworks/Python.framework/Versions/3.10/lib/python3.10/site-packages/airflow/example_dags/tutorial_taskflow_api.py
[2026-04-22T12:36:18.242+0530] {logging_mixin.py:188} INFO - [2026-04-22T12:36:18.242+0530] {dag.py:3096} INFO - Sync 1 DAGs
[2026-04-22T12:36:18.245+0530] {logging_mixin.py:188} INFO - [2026-04-22T12:36:18.245+0530] {dag.py:3954} INFO - Setting next_dagrun for tutorial_taskflow_api to None, run_after=None
[2026-04-22T12:36:18.251+0530] {processor.py:183} INFO - Processing /Library/Frameworks/Python.framework/Versions/3.10/lib/python3.10/site-packages/airflow/example_dags/tutorial_taskflow_api.py took 0.055 seconds
[2026-04-22T12:37:08.232+0530] {processor.py:161} INFO - Started process (PID=73997) to work on /Library/Frameworks/Python.framework/Versions/3.10/lib/python3.10/site-packages/airflow/example_dags/tutorial_taskflow_api.py
[2026-04-22T12:37:08.233+0530] {processor.py:830} INFO - Processing file /Library/Frameworks/Python.framework/Versions/3.10/lib/python3.10/site-packages/airflow/example_dags/tutorial_taskflow_api.py for tasks to queue
[2026-04-22T12:37:08.233+0530] {logging_mixin.py:188} INFO - [2026-04-22T12:37:08.233+0530] {dagbag.py:545} INFO - Filling up the DagBag from /Library/Frameworks/Python.framework/Versions/3.10/lib/python3.10/site-packages/airflow/example_dags/tutorial_taskflow_api.py
[2026-04-22T12:37:08.245+0530] {processor.py:840} INFO - DAG(s) 'tutorial_taskflow_api' retrieved from /Library/Frameworks/Python.framework/Versions/3.10/lib/python3.10/site-packages/airflow/example_dags/tutorial_taskflow_api.py
[2026-04-22T12:37:08.277+0530] {logging_mixin.py:188} INFO - [2026-04-22T12:37:08.277+0530] {dag.py:3096} INFO - Sync 1 DAGs
[2026-04-22T12:37:08.281+0530] {logging_mixin.py:188} INFO - [2026-04-22T12:37:08.280+0530] {dag.py:3954} INFO - Setting next_dagrun for tutorial_taskflow_api to None, run_after=None
[2026-04-22T12:37:08.286+0530] {processor.py:183} INFO - Processing /Library/Frameworks/Python.framework/Versions/3.10/lib/python3.10/site-packages/airflow/example_dags/tutorial_taskflow_api.py took 0.055 seconds
[2026-04-22T12:38:04.840+0530] {processor.py:161} INFO - Started process (PID=74055) to work on /Library/Frameworks/Python.framework/Versions/3.10/lib/python3.10/site-packages/airflow/example_dags/tutorial_taskflow_api.py
[2026-04-22T12:38:04.841+0530] {processor.py:830} INFO - Processing file /Library/Frameworks/Python.framework/Versions/3.10/lib/python3.10/site-packages/airflow/example_dags/tutorial_taskflow_api.py for tasks to queue
[2026-04-22T12:38:04.842+0530] {logging_mixin.py:188} INFO - [2026-04-22T12:38:04.842+0530] {dagbag.py:545} INFO - Filling up the DagBag from /Library/Frameworks/Python.framework/Versions/3.10/lib/python3.10/site-packages/airflow/example_dags/tutorial_taskflow_api.py
[2026-04-22T12:38:04.854+0530] {processor.py:840} INFO - DAG(s) 'tutorial_taskflow_api' retrieved from /Library/Frameworks/Python.framework/Versions/3.10/lib/python3.10/site-packages/airflow/example_dags/tutorial_taskflow_api.py
[2026-04-22T12:38:04.894+0530] {logging_mixin.py:188} INFO - [2026-04-22T12:38:04.894+0530] {dag.py:3096} INFO - Sync 1 DAGs
[2026-04-22T12:38:04.897+0530] {logging_mixin.py:188} INFO - [2026-04-22T12:38:04.897+0530] {dag.py:3954} INFO - Setting next_dagrun for tutorial_taskflow_api to None, run_after=None
[2026-04-22T12:38:04.903+0530] {processor.py:183} INFO - Processing /Library/Frameworks/Python.framework/Versions/3.10/lib/python3.10/site-packages/airflow/example_dags/tutorial_taskflow_api.py took 0.063 seconds
[2026-04-22T12:39:05.369+0530] {processor.py:161} INFO - Started process (PID=74120) to work on /Library/Frameworks/Python.framework/Versions/3.10/lib/python3.10/site-packages/airflow/example_dags/tutorial_taskflow_api.py
[2026-04-22T12:39:05.370+0530] {processor.py:830} INFO - Processing file /Library/Frameworks/Python.framework/Versions/3.10/lib/python3.10/site-packages/airflow/example_dags/tutorial_taskflow_api.py for tasks to queue
[2026-04-22T12:39:05.370+0530] {logging_mixin.py:188} INFO - [2026-04-22T12:39:05.370+0530] {dagbag.py:545} INFO - Filling up the DagBag from /Library/Frameworks/Python.framework/Versions/3.10/lib/python3.10/site-packages/airflow/example_dags/tutorial_taskflow_api.py
[2026-04-22T12:39:05.385+0530] {processor.py:840} INFO - DAG(s) 'tutorial_taskflow_api' retrieved from /Library/Frameworks/Python.framework/Versions/3.10/lib/python3.10/site-packages/airflow/example_dags/tutorial_taskflow_api.py
[2026-04-22T12:39:05.424+0530] {logging_mixin.py:188} INFO - [2026-04-22T12:39:05.424+0530] {dag.py:3096} INFO - Sync 1 DAGs
[2026-04-22T12:39:05.427+0530] {logging_mixin.py:188} INFO - [2026-04-22T12:39:05.427+0530] {dag.py:3954} INFO - Setting next_dagrun for tutorial_taskflow_api to None, run_after=None
[2026-04-22T12:39:05.433+0530] {processor.py:183} INFO - Processing /Library/Frameworks/Python.framework/Versions/3.10/lib/python3.10/site-packages/airflow/example_dags/tutorial_taskflow_api.py took 0.065 seconds
[2026-04-22T12:40:05.376+0530] {processor.py:161} INFO - Started process (PID=74202) to work on /Library/Frameworks/Python.framework/Versions/3.10/lib/python3.10/site-packages/airflow/example_dags/tutorial_taskflow_api.py
[2026-04-22T12:40:05.377+0530] {processor.py:830} INFO - Processing file /Library/Frameworks/Python.framework/Versions/3.10/lib/python3.10/site-packages/airflow/example_dags/tutorial_taskflow_api.py for tasks to queue
[2026-04-22T12:40:05.377+0530] {logging_mixin.py:188} INFO - [2026-04-22T12:40:05.377+0530] {dagbag.py:545} INFO - Filling up the DagBag from /Library/Frameworks/Python.framework/Versions/3.10/lib/python3.10/site-packages/airflow/example_dags/tutorial_taskflow_api.py
[2026-04-22T12:40:05.389+0530] {processor.py:840} INFO - DAG(s) 'tutorial_taskflow_api' retrieved from /Library/Frameworks/Python.framework/Versions/3.10/lib/python3.10/site-packages/airflow/example_dags/tutorial_taskflow_api.py
[2026-04-22T12:40:05.429+0530] {logging_mixin.py:188} INFO - [2026-04-22T12:40:05.429+0530] {dag.py:3096} INFO - Sync 1 DAGs
[2026-04-22T12:40:05.432+0530] {logging_mixin.py:188} INFO - [2026-04-22T12:40:05.432+0530] {dag.py:3954} INFO - Setting next_dagrun for tutorial_taskflow_api to None, run_after=None
[2026-04-22T12:40:05.438+0530] {processor.py:183} INFO - Processing /Library/Frameworks/Python.framework/Versions/3.10/lib/python3.10/site-packages/airflow/example_dags/tutorial_taskflow_api.py took 0.063 seconds
[2026-04-22T12:41:05.738+0530] {processor.py:161} INFO - Started process (PID=74265) to work on /Library/Frameworks/Python.framework/Versions/3.10/lib/python3.10/site-packages/airflow/example_dags/tutorial_taskflow_api.py
[2026-04-22T12:41:05.738+0530] {processor.py:830} INFO - Processing file /Library/Frameworks/Python.framework/Versions/3.10/lib/python3.10/site-packages/airflow/example_dags/tutorial_taskflow_api.py for tasks to queue
[2026-04-22T12:41:05.738+0530] {logging_mixin.py:188} INFO - [2026-04-22T12:41:05.738+0530] {dagbag.py:545} INFO - Filling up the DagBag from /Library/Frameworks/Python.framework/Versions/3.10/lib/python3.10/site-packages/airflow/example_dags/tutorial_taskflow_api.py
[2026-04-22T12:41:05.752+0530] {processor.py:840} INFO - DAG(s) 'tutorial_taskflow_api' retrieved from /Library/Frameworks/Python.framework/Versions/3.10/lib/python3.10/site-packages/airflow/example_dags/tutorial_taskflow_api.py
[2026-04-22T12:41:05.791+0530] {logging_mixin.py:188} INFO - [2026-04-22T12:41:05.791+0530] {dag.py:3096} INFO - Sync 1 DAGs
[2026-04-22T12:41:05.794+0530] {logging_mixin.py:188} INFO - [2026-04-22T12:41:05.794+0530] {dag.py:3954} INFO - Setting next_dagrun for tutorial_taskflow_api to None, run_after=None
[2026-04-22T12:41:05.800+0530] {processor.py:183} INFO - Processing /Library/Frameworks/Python.framework/Versions/3.10/lib/python3.10/site-packages/airflow/example_dags/tutorial_taskflow_api.py took 0.063 seconds
[2026-04-22T12:42:05.145+0530] {processor.py:161} INFO - Started process (PID=74342) to work on /Library/Frameworks/Python.framework/Versions/3.10/lib/python3.10/site-packages/airflow/example_dags/tutorial_taskflow_api.py
[2026-04-22T12:42:05.146+0530] {processor.py:830} INFO - Processing file /Library/Frameworks/Python.framework/Versions/3.10/lib/python3.10/site-packages/airflow/example_dags/tutorial_taskflow_api.py for tasks to queue
[2026-04-22T12:42:05.146+0530] {logging_mixin.py:188} INFO - [2026-04-22T12:42:05.146+0530] {dagbag.py:545} INFO - Filling up the DagBag from /Library/Frameworks/Python.framework/Versions/3.10/lib/python3.10/site-packages/airflow/example_dags/tutorial_taskflow_api.py
[2026-04-22T12:42:05.157+0530] {processor.py:840} INFO - DAG(s) 'tutorial_taskflow_api' retrieved from /Library/Frameworks/Python.framework/Versions/3.10/lib/python3.10/site-packages/airflow/example_dags/tutorial_taskflow_api.py
[2026-04-22T12:42:05.188+0530] {logging_mixin.py:188} INFO - [2026-04-22T12:42:05.188+0530] {dag.py:3096} INFO - Sync 1 DAGs
[2026-04-22T12:42:05.191+0530] {logging_mixin.py:188} INFO - [2026-04-22T12:42:05.191+0530] {dag.py:3954} INFO - Setting next_dagrun for tutorial_taskflow_api to None, run_after=None
[2026-04-22T12:42:05.197+0530] {processor.py:183} INFO - Processing /Library/Frameworks/Python.framework/Versions/3.10/lib/python3.10/site-packages/airflow/example_dags/tutorial_taskflow_api.py took 0.053 seconds
[2026-04-22T12:43:01.994+0530] {processor.py:161} INFO - Started process (PID=74406) to work on /Library/Frameworks/Python.framework/Versions/3.10/lib/python3.10/site-packages/airflow/example_dags/tutorial_taskflow_api.py
[2026-04-22T12:43:01.995+0530] {processor.py:830} INFO - Processing file /Library/Frameworks/Python.framework/Versions/3.10/lib/python3.10/site-packages/airflow/example_dags/tutorial_taskflow_api.py for tasks to queue
[2026-04-22T12:43:01.995+0530] {logging_mixin.py:188} INFO - [2026-04-22T12:43:01.995+0530] {dagbag.py:545} INFO - Filling up the DagBag from /Library/Frameworks/Python.framework/Versions/3.10/lib/python3.10/site-packages/airflow/example_dags/tutorial_taskflow_api.py
[2026-04-22T12:43:02.007+0530] {processor.py:840} INFO - DAG(s) 'tutorial_taskflow_api' retrieved from /Library/Frameworks/Python.framework/Versions/3.10/lib/python3.10/site-packages/airflow/example_dags/tutorial_taskflow_api.py
[2026-04-22T12:43:02.046+0530] {logging_mixin.py:188} INFO - [2026-04-22T12:43:02.046+0530] {dag.py:3096} INFO - Sync 1 DAGs
[2026-04-22T12:43:02.049+0530] {logging_mixin.py:188} INFO - [2026-04-22T12:43:02.049+0530] {dag.py:3954} INFO - Setting next_dagrun for tutorial_taskflow_api to None, run_after=None
[2026-04-22T12:43:02.055+0530] {processor.py:183} INFO - Processing /Library/Frameworks/Python.framework/Versions/3.10/lib/python3.10/site-packages/airflow/example_dags/tutorial_taskflow_api.py took 0.062 seconds
