[2026-04-22T05:57:32.303+0530] {processor.py:161} INFO - Started process (PID=68505) to work on /Library/Frameworks/Python.framework/Versions/3.10/lib/python3.10/site-packages/airflow/example_dags/tutorial.py
[2026-04-22T05:57:32.303+0530] {processor.py:830} INFO - Processing file /Library/Frameworks/Python.framework/Versions/3.10/lib/python3.10/site-packages/airflow/example_dags/tutorial.py for tasks to queue
[2026-04-22T05:57:32.304+0530] {logging_mixin.py:188} INFO - [2026-04-22T05:57:32.303+0530] {dagbag.py:545} INFO - Filling up the DagBag from /Library/Frameworks/Python.framework/Versions/3.10/lib/python3.10/site-packages/airflow/example_dags/tutorial.py
[2026-04-22T05:57:32.306+0530] {processor.py:840} INFO - DAG(s) 'tutorial' retrieved from /Library/Frameworks/Python.framework/Versions/3.10/lib/python3.10/site-packages/airflow/example_dags/tutorial.py
[2026-04-22T05:57:32.338+0530] {logging_mixin.py:188} INFO - [2026-04-22T05:57:32.338+0530] {dag.py:3096} INFO - Sync 1 DAGs
[2026-04-22T05:57:32.343+0530] {logging_mixin.py:188} INFO - [2026-04-22T05:57:32.343+0530] {dag.py:3954} INFO - Setting next_dagrun for tutorial to 2026-04-21 00:00:00+00:00, run_after=2026-04-22 00:00:00+00:00
[2026-04-22T05:57:32.348+0530] {processor.py:183} INFO - Processing /Library/Frameworks/Python.framework/Versions/3.10/lib/python3.10/site-packages/airflow/example_dags/tutorial.py took 0.046 seconds
[2026-04-22T08:48:40.711+0530] {processor.py:161} INFO - Started process (PID=68957) to work on /Library/Frameworks/Python.framework/Versions/3.10/lib/python3.10/site-packages/airflow/example_dags/tutorial.py
[2026-04-22T08:48:40.712+0530] {processor.py:830} INFO - Processing file /Library/Frameworks/Python.framework/Versions/3.10/lib/python3.10/site-packages/airflow/example_dags/tutorial.py for tasks to queue
[2026-04-22T08:48:40.713+0530] {logging_mixin.py:188} INFO - [2026-04-22T08:48:40.712+0530] {dagbag.py:545} INFO - Filling up the DagBag from /Library/Frameworks/Python.framework/Versions/3.10/lib/python3.10/site-packages/airflow/example_dags/tutorial.py
[2026-04-22T08:48:40.716+0530] {processor.py:840} INFO - DAG(s) 'tutorial' retrieved from /Library/Frameworks/Python.framework/Versions/3.10/lib/python3.10/site-packages/airflow/example_dags/tutorial.py
[2026-04-22T08:48:40.759+0530] {logging_mixin.py:188} INFO - [2026-04-22T08:48:40.759+0530] {dag.py:3096} INFO - Sync 1 DAGs
[2026-04-22T08:48:40.765+0530] {logging_mixin.py:188} INFO - [2026-04-22T08:48:40.765+0530] {dag.py:3954} INFO - Setting next_dagrun for tutorial to 2026-04-21 00:00:00+00:00, run_after=2026-04-22 00:00:00+00:00
[2026-04-22T08:48:40.771+0530] {processor.py:183} INFO - Processing /Library/Frameworks/Python.framework/Versions/3.10/lib/python3.10/site-packages/airflow/example_dags/tutorial.py took 0.061 seconds
[2026-04-22T11:47:13.881+0530] {processor.py:161} INFO - Started process (PID=69269) to work on /Library/Frameworks/Python.framework/Versions/3.10/lib/python3.10/site-packages/airflow/example_dags/tutorial.py
[2026-04-22T11:47:13.884+0530] {processor.py:830} INFO - Processing file /Library/Frameworks/Python.framework/Versions/3.10/lib/python3.10/site-packages/airflow/example_dags/tutorial.py for tasks to queue
[2026-04-22T11:47:13.884+0530] {logging_mixin.py:188} INFO - [2026-04-22T11:47:13.884+0530] {dagbag.py:545} INFO - Filling up the DagBag from /Library/Frameworks/Python.framework/Versions/3.10/lib/python3.10/site-packages/airflow/example_dags/tutorial.py
[2026-04-22T11:47:13.888+0530] {processor.py:840} INFO - DAG(s) 'tutorial' retrieved from /Library/Frameworks/Python.framework/Versions/3.10/lib/python3.10/site-packages/airflow/example_dags/tutorial.py
[2026-04-22T11:47:13.923+0530] {logging_mixin.py:188} INFO - [2026-04-22T11:47:13.923+0530] {dag.py:3096} INFO - Sync 1 DAGs
[2026-04-22T11:47:13.928+0530] {logging_mixin.py:188} INFO - [2026-04-22T11:47:13.928+0530] {dag.py:3954} INFO - Setting next_dagrun for tutorial to 2026-04-21 00:00:00+00:00, run_after=2026-04-22 00:00:00+00:00
[2026-04-22T11:47:13.934+0530] {processor.py:183} INFO - Processing /Library/Frameworks/Python.framework/Versions/3.10/lib/python3.10/site-packages/airflow/example_dags/tutorial.py took 0.054 seconds
[2026-04-22T11:48:02.608+0530] {processor.py:161} INFO - Started process (PID=69358) to work on /Library/Frameworks/Python.framework/Versions/3.10/lib/python3.10/site-packages/airflow/example_dags/tutorial.py
[2026-04-22T11:48:02.609+0530] {processor.py:830} INFO - Processing file /Library/Frameworks/Python.framework/Versions/3.10/lib/python3.10/site-packages/airflow/example_dags/tutorial.py for tasks to queue
[2026-04-22T11:48:02.609+0530] {logging_mixin.py:188} INFO - [2026-04-22T11:48:02.609+0530] {dagbag.py:545} INFO - Filling up the DagBag from /Library/Frameworks/Python.framework/Versions/3.10/lib/python3.10/site-packages/airflow/example_dags/tutorial.py
[2026-04-22T11:48:02.612+0530] {processor.py:840} INFO - DAG(s) 'tutorial' retrieved from /Library/Frameworks/Python.framework/Versions/3.10/lib/python3.10/site-packages/airflow/example_dags/tutorial.py
[2026-04-22T11:48:02.644+0530] {logging_mixin.py:188} INFO - [2026-04-22T11:48:02.644+0530] {dag.py:3096} INFO - Sync 1 DAGs
[2026-04-22T11:48:02.649+0530] {logging_mixin.py:188} INFO - [2026-04-22T11:48:02.649+0530] {dag.py:3954} INFO - Setting next_dagrun for tutorial to 2026-04-21 00:00:00+00:00, run_after=2026-04-22 00:00:00+00:00
[2026-04-22T11:48:02.654+0530] {processor.py:183} INFO - Processing /Library/Frameworks/Python.framework/Versions/3.10/lib/python3.10/site-packages/airflow/example_dags/tutorial.py took 0.047 seconds
[2026-04-22T11:48:51.602+0530] {processor.py:161} INFO - Started process (PID=69446) to work on /Library/Frameworks/Python.framework/Versions/3.10/lib/python3.10/site-packages/airflow/example_dags/tutorial.py
[2026-04-22T11:48:51.603+0530] {processor.py:830} INFO - Processing file /Library/Frameworks/Python.framework/Versions/3.10/lib/python3.10/site-packages/airflow/example_dags/tutorial.py for tasks to queue
[2026-04-22T11:48:51.603+0530] {logging_mixin.py:188} INFO - [2026-04-22T11:48:51.603+0530] {dagbag.py:545} INFO - Filling up the DagBag from /Library/Frameworks/Python.framework/Versions/3.10/lib/python3.10/site-packages/airflow/example_dags/tutorial.py
[2026-04-22T11:48:51.606+0530] {processor.py:840} INFO - DAG(s) 'tutorial' retrieved from /Library/Frameworks/Python.framework/Versions/3.10/lib/python3.10/site-packages/airflow/example_dags/tutorial.py
[2026-04-22T11:48:51.639+0530] {logging_mixin.py:188} INFO - [2026-04-22T11:48:51.639+0530] {dag.py:3096} INFO - Sync 1 DAGs
[2026-04-22T11:48:51.643+0530] {logging_mixin.py:188} INFO - [2026-04-22T11:48:51.643+0530] {dag.py:3954} INFO - Setting next_dagrun for tutorial to 2026-04-21 00:00:00+00:00, run_after=2026-04-22 00:00:00+00:00
[2026-04-22T11:48:51.648+0530] {processor.py:183} INFO - Processing /Library/Frameworks/Python.framework/Versions/3.10/lib/python3.10/site-packages/airflow/example_dags/tutorial.py took 0.047 seconds
[2026-04-22T11:49:28.703+0530] {processor.py:161} INFO - Started process (PID=69502) to work on /Library/Frameworks/Python.framework/Versions/3.10/lib/python3.10/site-packages/airflow/example_dags/tutorial.py
[2026-04-22T11:49:28.704+0530] {processor.py:830} INFO - Processing file /Library/Frameworks/Python.framework/Versions/3.10/lib/python3.10/site-packages/airflow/example_dags/tutorial.py for tasks to queue
[2026-04-22T11:49:28.704+0530] {logging_mixin.py:188} INFO - [2026-04-22T11:49:28.704+0530] {dagbag.py:545} INFO - Filling up the DagBag from /Library/Frameworks/Python.framework/Versions/3.10/lib/python3.10/site-packages/airflow/example_dags/tutorial.py
[2026-04-22T11:49:28.707+0530] {processor.py:840} INFO - DAG(s) 'tutorial' retrieved from /Library/Frameworks/Python.framework/Versions/3.10/lib/python3.10/site-packages/airflow/example_dags/tutorial.py
[2026-04-22T11:49:28.740+0530] {logging_mixin.py:188} INFO - [2026-04-22T11:49:28.739+0530] {dag.py:3096} INFO - Sync 1 DAGs
[2026-04-22T11:49:28.744+0530] {logging_mixin.py:188} INFO - [2026-04-22T11:49:28.744+0530] {dag.py:3954} INFO - Setting next_dagrun for tutorial to 2026-04-21 00:00:00+00:00, run_after=2026-04-22 00:00:00+00:00
[2026-04-22T11:49:28.749+0530] {processor.py:183} INFO - Processing /Library/Frameworks/Python.framework/Versions/3.10/lib/python3.10/site-packages/airflow/example_dags/tutorial.py took 0.047 seconds
[2026-04-22T11:50:06.739+0530] {processor.py:161} INFO - Started process (PID=69570) to work on /Library/Frameworks/Python.framework/Versions/3.10/lib/python3.10/site-packages/airflow/example_dags/tutorial.py
[2026-04-22T11:50:06.739+0530] {processor.py:830} INFO - Processing file /Library/Frameworks/Python.framework/Versions/3.10/lib/python3.10/site-packages/airflow/example_dags/tutorial.py for tasks to queue
[2026-04-22T11:50:06.739+0530] {logging_mixin.py:188} INFO - [2026-04-22T11:50:06.739+0530] {dagbag.py:545} INFO - Filling up the DagBag from /Library/Frameworks/Python.framework/Versions/3.10/lib/python3.10/site-packages/airflow/example_dags/tutorial.py
[2026-04-22T11:50:06.742+0530] {processor.py:840} INFO - DAG(s) 'tutorial' retrieved from /Library/Frameworks/Python.framework/Versions/3.10/lib/python3.10/site-packages/airflow/example_dags/tutorial.py
[2026-04-22T11:50:06.774+0530] {logging_mixin.py:188} INFO - [2026-04-22T11:50:06.774+0530] {dag.py:3096} INFO - Sync 1 DAGs
[2026-04-22T11:50:06.778+0530] {logging_mixin.py:188} INFO - [2026-04-22T11:50:06.778+0530] {dag.py:3954} INFO - Setting next_dagrun for tutorial to 2026-04-21 00:00:00+00:00, run_after=2026-04-22 00:00:00+00:00
[2026-04-22T11:50:06.783+0530] {processor.py:183} INFO - Processing /Library/Frameworks/Python.framework/Versions/3.10/lib/python3.10/site-packages/airflow/example_dags/tutorial.py took 0.045 seconds
[2026-04-22T11:50:43.290+0530] {processor.py:161} INFO - Started process (PID=69629) to work on /Library/Frameworks/Python.framework/Versions/3.10/lib/python3.10/site-packages/airflow/example_dags/tutorial.py
[2026-04-22T11:50:43.291+0530] {processor.py:830} INFO - Processing file /Library/Frameworks/Python.framework/Versions/3.10/lib/python3.10/site-packages/airflow/example_dags/tutorial.py for tasks to queue
[2026-04-22T11:50:43.291+0530] {logging_mixin.py:188} INFO - [2026-04-22T11:50:43.291+0530] {dagbag.py:545} INFO - Filling up the DagBag from /Library/Frameworks/Python.framework/Versions/3.10/lib/python3.10/site-packages/airflow/example_dags/tutorial.py
[2026-04-22T11:50:43.294+0530] {processor.py:840} INFO - DAG(s) 'tutorial' retrieved from /Library/Frameworks/Python.framework/Versions/3.10/lib/python3.10/site-packages/airflow/example_dags/tutorial.py
[2026-04-22T11:50:43.326+0530] {logging_mixin.py:188} INFO - [2026-04-22T11:50:43.326+0530] {dag.py:3096} INFO - Sync 1 DAGs
[2026-04-22T11:50:43.331+0530] {logging_mixin.py:188} INFO - [2026-04-22T11:50:43.330+0530] {dag.py:3954} INFO - Setting next_dagrun for tutorial to 2026-04-21 00:00:00+00:00, run_after=2026-04-22 00:00:00+00:00
[2026-04-22T11:50:43.336+0530] {processor.py:183} INFO - Processing /Library/Frameworks/Python.framework/Versions/3.10/lib/python3.10/site-packages/airflow/example_dags/tutorial.py took 0.047 seconds
[2026-04-22T12:09:14.603+0530] {processor.py:161} INFO - Started process (PID=70852) to work on /Library/Frameworks/Python.framework/Versions/3.10/lib/python3.10/site-packages/airflow/example_dags/tutorial.py
[2026-04-22T12:09:14.604+0530] {processor.py:830} INFO - Processing file /Library/Frameworks/Python.framework/Versions/3.10/lib/python3.10/site-packages/airflow/example_dags/tutorial.py for tasks to queue
[2026-04-22T12:09:14.604+0530] {logging_mixin.py:188} INFO - [2026-04-22T12:09:14.604+0530] {dagbag.py:545} INFO - Filling up the DagBag from /Library/Frameworks/Python.framework/Versions/3.10/lib/python3.10/site-packages/airflow/example_dags/tutorial.py
[2026-04-22T12:09:14.608+0530] {processor.py:840} INFO - DAG(s) 'tutorial' retrieved from /Library/Frameworks/Python.framework/Versions/3.10/lib/python3.10/site-packages/airflow/example_dags/tutorial.py
[2026-04-22T12:09:14.643+0530] {logging_mixin.py:188} INFO - [2026-04-22T12:09:14.643+0530] {dag.py:3096} INFO - Sync 1 DAGs
[2026-04-22T12:09:14.648+0530] {logging_mixin.py:188} INFO - [2026-04-22T12:09:14.648+0530] {dag.py:3954} INFO - Setting next_dagrun for tutorial to 2026-04-21 00:00:00+00:00, run_after=2026-04-22 00:00:00+00:00
[2026-04-22T12:09:14.653+0530] {processor.py:183} INFO - Processing /Library/Frameworks/Python.framework/Versions/3.10/lib/python3.10/site-packages/airflow/example_dags/tutorial.py took 0.051 seconds
[2026-04-22T12:13:54.495+0530] {processor.py:161} INFO - Started process (PID=71193) to work on /Library/Frameworks/Python.framework/Versions/3.10/lib/python3.10/site-packages/airflow/example_dags/tutorial.py
[2026-04-22T12:13:54.496+0530] {processor.py:830} INFO - Processing file /Library/Frameworks/Python.framework/Versions/3.10/lib/python3.10/site-packages/airflow/example_dags/tutorial.py for tasks to queue
[2026-04-22T12:13:54.496+0530] {logging_mixin.py:188} INFO - [2026-04-22T12:13:54.496+0530] {dagbag.py:545} INFO - Filling up the DagBag from /Library/Frameworks/Python.framework/Versions/3.10/lib/python3.10/site-packages/airflow/example_dags/tutorial.py
[2026-04-22T12:13:54.499+0530] {processor.py:840} INFO - DAG(s) 'tutorial' retrieved from /Library/Frameworks/Python.framework/Versions/3.10/lib/python3.10/site-packages/airflow/example_dags/tutorial.py
[2026-04-22T12:13:54.532+0530] {logging_mixin.py:188} INFO - [2026-04-22T12:13:54.532+0530] {dag.py:3096} INFO - Sync 1 DAGs
[2026-04-22T12:13:54.536+0530] {logging_mixin.py:188} INFO - [2026-04-22T12:13:54.536+0530] {dag.py:3954} INFO - Setting next_dagrun for tutorial to 2026-04-21 00:00:00+00:00, run_after=2026-04-22 00:00:00+00:00
[2026-04-22T12:13:54.542+0530] {processor.py:183} INFO - Processing /Library/Frameworks/Python.framework/Versions/3.10/lib/python3.10/site-packages/airflow/example_dags/tutorial.py took 0.047 seconds
[2026-04-22T12:18:17.181+0530] {processor.py:161} INFO - Started process (PID=71513) to work on /Library/Frameworks/Python.framework/Versions/3.10/lib/python3.10/site-packages/airflow/example_dags/tutorial.py
[2026-04-22T12:18:17.182+0530] {processor.py:830} INFO - Processing file /Library/Frameworks/Python.framework/Versions/3.10/lib/python3.10/site-packages/airflow/example_dags/tutorial.py for tasks to queue
[2026-04-22T12:18:17.182+0530] {logging_mixin.py:188} INFO - [2026-04-22T12:18:17.182+0530] {dagbag.py:545} INFO - Filling up the DagBag from /Library/Frameworks/Python.framework/Versions/3.10/lib/python3.10/site-packages/airflow/example_dags/tutorial.py
[2026-04-22T12:18:17.185+0530] {processor.py:840} INFO - DAG(s) 'tutorial' retrieved from /Library/Frameworks/Python.framework/Versions/3.10/lib/python3.10/site-packages/airflow/example_dags/tutorial.py
[2026-04-22T12:18:17.217+0530] {logging_mixin.py:188} INFO - [2026-04-22T12:18:17.217+0530] {dag.py:3096} INFO - Sync 1 DAGs
[2026-04-22T12:18:17.222+0530] {logging_mixin.py:188} INFO - [2026-04-22T12:18:17.222+0530] {dag.py:3954} INFO - Setting next_dagrun for tutorial to 2026-04-21 00:00:00+00:00, run_after=2026-04-22 00:00:00+00:00
[2026-04-22T12:18:17.227+0530] {processor.py:183} INFO - Processing /Library/Frameworks/Python.framework/Versions/3.10/lib/python3.10/site-packages/airflow/example_dags/tutorial.py took 0.048 seconds
[2026-04-22T12:20:22.328+0530] {processor.py:161} INFO - Started process (PID=72120) to work on /Library/Frameworks/Python.framework/Versions/3.10/lib/python3.10/site-packages/airflow/example_dags/tutorial.py
[2026-04-22T12:20:22.329+0530] {processor.py:830} INFO - Processing file /Library/Frameworks/Python.framework/Versions/3.10/lib/python3.10/site-packages/airflow/example_dags/tutorial.py for tasks to queue
[2026-04-22T12:20:22.330+0530] {logging_mixin.py:188} INFO - [2026-04-22T12:20:22.330+0530] {dagbag.py:545} INFO - Filling up the DagBag from /Library/Frameworks/Python.framework/Versions/3.10/lib/python3.10/site-packages/airflow/example_dags/tutorial.py
[2026-04-22T12:20:22.332+0530] {processor.py:840} INFO - DAG(s) 'tutorial' retrieved from /Library/Frameworks/Python.framework/Versions/3.10/lib/python3.10/site-packages/airflow/example_dags/tutorial.py
[2026-04-22T12:20:22.366+0530] {logging_mixin.py:188} INFO - [2026-04-22T12:20:22.366+0530] {dag.py:3096} INFO - Sync 1 DAGs
[2026-04-22T12:20:22.371+0530] {logging_mixin.py:188} INFO - [2026-04-22T12:20:22.371+0530] {dag.py:3954} INFO - Setting next_dagrun for tutorial to 2026-04-21 00:00:00+00:00, run_after=2026-04-22 00:00:00+00:00
[2026-04-22T12:20:22.376+0530] {processor.py:183} INFO - Processing /Library/Frameworks/Python.framework/Versions/3.10/lib/python3.10/site-packages/airflow/example_dags/tutorial.py took 0.049 seconds
[2026-04-22T12:21:17.601+0530] {processor.py:161} INFO - Started process (PID=72292) to work on /Library/Frameworks/Python.framework/Versions/3.10/lib/python3.10/site-packages/airflow/example_dags/tutorial.py
[2026-04-22T12:21:17.601+0530] {processor.py:830} INFO - Processing file /Library/Frameworks/Python.framework/Versions/3.10/lib/python3.10/site-packages/airflow/example_dags/tutorial.py for tasks to queue
[2026-04-22T12:21:17.602+0530] {logging_mixin.py:188} INFO - [2026-04-22T12:21:17.601+0530] {dagbag.py:545} INFO - Filling up the DagBag from /Library/Frameworks/Python.framework/Versions/3.10/lib/python3.10/site-packages/airflow/example_dags/tutorial.py
[2026-04-22T12:21:17.604+0530] {processor.py:840} INFO - DAG(s) 'tutorial' retrieved from /Library/Frameworks/Python.framework/Versions/3.10/lib/python3.10/site-packages/airflow/example_dags/tutorial.py
[2026-04-22T12:21:17.638+0530] {logging_mixin.py:188} INFO - [2026-04-22T12:21:17.638+0530] {dag.py:3096} INFO - Sync 1 DAGs
[2026-04-22T12:21:17.644+0530] {logging_mixin.py:188} INFO - [2026-04-22T12:21:17.644+0530] {dag.py:3954} INFO - Setting next_dagrun for tutorial to 2026-04-21 00:00:00+00:00, run_after=2026-04-22 00:00:00+00:00
[2026-04-22T12:21:17.649+0530] {processor.py:183} INFO - Processing /Library/Frameworks/Python.framework/Versions/3.10/lib/python3.10/site-packages/airflow/example_dags/tutorial.py took 0.049 seconds
[2026-04-22T12:22:12.503+0530] {processor.py:161} INFO - Started process (PID=72428) to work on /Library/Frameworks/Python.framework/Versions/3.10/lib/python3.10/site-packages/airflow/example_dags/tutorial.py
[2026-04-22T12:22:12.503+0530] {processor.py:830} INFO - Processing file /Library/Frameworks/Python.framework/Versions/3.10/lib/python3.10/site-packages/airflow/example_dags/tutorial.py for tasks to queue
[2026-04-22T12:22:12.503+0530] {logging_mixin.py:188} INFO - [2026-04-22T12:22:12.503+0530] {dagbag.py:545} INFO - Filling up the DagBag from /Library/Frameworks/Python.framework/Versions/3.10/lib/python3.10/site-packages/airflow/example_dags/tutorial.py
[2026-04-22T12:22:12.506+0530] {processor.py:840} INFO - DAG(s) 'tutorial' retrieved from /Library/Frameworks/Python.framework/Versions/3.10/lib/python3.10/site-packages/airflow/example_dags/tutorial.py
[2026-04-22T12:22:12.538+0530] {logging_mixin.py:188} INFO - [2026-04-22T12:22:12.538+0530] {dag.py:3096} INFO - Sync 1 DAGs
[2026-04-22T12:22:12.542+0530] {logging_mixin.py:188} INFO - [2026-04-22T12:22:12.542+0530] {dag.py:3954} INFO - Setting next_dagrun for tutorial to 2026-04-21 00:00:00+00:00, run_after=2026-04-22 00:00:00+00:00
[2026-04-22T12:22:12.547+0530] {processor.py:183} INFO - Processing /Library/Frameworks/Python.framework/Versions/3.10/lib/python3.10/site-packages/airflow/example_dags/tutorial.py took 0.045 seconds
[2026-04-22T12:23:03.516+0530] {processor.py:161} INFO - Started process (PID=72497) to work on /Library/Frameworks/Python.framework/Versions/3.10/lib/python3.10/site-packages/airflow/example_dags/tutorial.py
[2026-04-22T12:23:03.516+0530] {processor.py:830} INFO - Processing file /Library/Frameworks/Python.framework/Versions/3.10/lib/python3.10/site-packages/airflow/example_dags/tutorial.py for tasks to queue
[2026-04-22T12:23:03.516+0530] {logging_mixin.py:188} INFO - [2026-04-22T12:23:03.516+0530] {dagbag.py:545} INFO - Filling up the DagBag from /Library/Frameworks/Python.framework/Versions/3.10/lib/python3.10/site-packages/airflow/example_dags/tutorial.py
[2026-04-22T12:23:03.519+0530] {processor.py:840} INFO - DAG(s) 'tutorial' retrieved from /Library/Frameworks/Python.framework/Versions/3.10/lib/python3.10/site-packages/airflow/example_dags/tutorial.py
[2026-04-22T12:23:03.553+0530] {logging_mixin.py:188} INFO - [2026-04-22T12:23:03.553+0530] {dag.py:3096} INFO - Sync 1 DAGs
[2026-04-22T12:23:03.557+0530] {logging_mixin.py:188} INFO - [2026-04-22T12:23:03.557+0530] {dag.py:3954} INFO - Setting next_dagrun for tutorial to 2026-04-21 00:00:00+00:00, run_after=2026-04-22 00:00:00+00:00
[2026-04-22T12:23:03.562+0530] {processor.py:183} INFO - Processing /Library/Frameworks/Python.framework/Versions/3.10/lib/python3.10/site-packages/airflow/example_dags/tutorial.py took 0.047 seconds
[2026-04-22T12:23:53.668+0530] {processor.py:161} INFO - Started process (PID=72568) to work on /Library/Frameworks/Python.framework/Versions/3.10/lib/python3.10/site-packages/airflow/example_dags/tutorial.py
[2026-04-22T12:23:53.668+0530] {processor.py:830} INFO - Processing file /Library/Frameworks/Python.framework/Versions/3.10/lib/python3.10/site-packages/airflow/example_dags/tutorial.py for tasks to queue
[2026-04-22T12:23:53.668+0530] {logging_mixin.py:188} INFO - [2026-04-22T12:23:53.668+0530] {dagbag.py:545} INFO - Filling up the DagBag from /Library/Frameworks/Python.framework/Versions/3.10/lib/python3.10/site-packages/airflow/example_dags/tutorial.py
[2026-04-22T12:23:53.671+0530] {processor.py:840} INFO - DAG(s) 'tutorial' retrieved from /Library/Frameworks/Python.framework/Versions/3.10/lib/python3.10/site-packages/airflow/example_dags/tutorial.py
[2026-04-22T12:23:53.704+0530] {logging_mixin.py:188} INFO - [2026-04-22T12:23:53.704+0530] {dag.py:3096} INFO - Sync 1 DAGs
[2026-04-22T12:23:53.710+0530] {logging_mixin.py:188} INFO - [2026-04-22T12:23:53.710+0530] {dag.py:3954} INFO - Setting next_dagrun for tutorial to 2026-04-21 00:00:00+00:00, run_after=2026-04-22 00:00:00+00:00
[2026-04-22T12:23:53.715+0530] {processor.py:183} INFO - Processing /Library/Frameworks/Python.framework/Versions/3.10/lib/python3.10/site-packages/airflow/example_dags/tutorial.py took 0.048 seconds
[2026-04-22T12:24:45.900+0530] {processor.py:161} INFO - Started process (PID=72627) to work on /Library/Frameworks/Python.framework/Versions/3.10/lib/python3.10/site-packages/airflow/example_dags/tutorial.py
[2026-04-22T12:24:45.900+0530] {processor.py:830} INFO - Processing file /Library/Frameworks/Python.framework/Versions/3.10/lib/python3.10/site-packages/airflow/example_dags/tutorial.py for tasks to queue
[2026-04-22T12:24:45.901+0530] {logging_mixin.py:188} INFO - [2026-04-22T12:24:45.901+0530] {dagbag.py:545} INFO - Filling up the DagBag from /Library/Frameworks/Python.framework/Versions/3.10/lib/python3.10/site-packages/airflow/example_dags/tutorial.py
[2026-04-22T12:24:45.903+0530] {processor.py:840} INFO - DAG(s) 'tutorial' retrieved from /Library/Frameworks/Python.framework/Versions/3.10/lib/python3.10/site-packages/airflow/example_dags/tutorial.py
[2026-04-22T12:24:45.937+0530] {logging_mixin.py:188} INFO - [2026-04-22T12:24:45.937+0530] {dag.py:3096} INFO - Sync 1 DAGs
[2026-04-22T12:24:45.958+0530] {logging_mixin.py:188} INFO - [2026-04-22T12:24:45.958+0530] {dag.py:3954} INFO - Setting next_dagrun for tutorial to 2026-04-21 00:00:00+00:00, run_after=2026-04-22 00:00:00+00:00
[2026-04-22T12:24:45.963+0530] {processor.py:183} INFO - Processing /Library/Frameworks/Python.framework/Versions/3.10/lib/python3.10/site-packages/airflow/example_dags/tutorial.py took 0.064 seconds
[2026-04-22T12:25:38.951+0530] {processor.py:161} INFO - Started process (PID=72827) to work on /Library/Frameworks/Python.framework/Versions/3.10/lib/python3.10/site-packages/airflow/example_dags/tutorial.py
[2026-04-22T12:25:38.951+0530] {processor.py:830} INFO - Processing file /Library/Frameworks/Python.framework/Versions/3.10/lib/python3.10/site-packages/airflow/example_dags/tutorial.py for tasks to queue
[2026-04-22T12:25:38.951+0530] {logging_mixin.py:188} INFO - [2026-04-22T12:25:38.951+0530] {dagbag.py:545} INFO - Filling up the DagBag from /Library/Frameworks/Python.framework/Versions/3.10/lib/python3.10/site-packages/airflow/example_dags/tutorial.py
[2026-04-22T12:25:38.954+0530] {processor.py:840} INFO - DAG(s) 'tutorial' retrieved from /Library/Frameworks/Python.framework/Versions/3.10/lib/python3.10/site-packages/airflow/example_dags/tutorial.py
[2026-04-22T12:25:38.987+0530] {logging_mixin.py:188} INFO - [2026-04-22T12:25:38.986+0530] {dag.py:3096} INFO - Sync 1 DAGs
[2026-04-22T12:25:38.992+0530] {logging_mixin.py:188} INFO - [2026-04-22T12:25:38.992+0530] {dag.py:3954} INFO - Setting next_dagrun for tutorial to 2026-04-21 00:00:00+00:00, run_after=2026-04-22 00:00:00+00:00
[2026-04-22T12:25:38.997+0530] {processor.py:183} INFO - Processing /Library/Frameworks/Python.framework/Versions/3.10/lib/python3.10/site-packages/airflow/example_dags/tutorial.py took 0.047 seconds
[2026-04-22T12:26:31.746+0530] {processor.py:161} INFO - Started process (PID=72905) to work on /Library/Frameworks/Python.framework/Versions/3.10/lib/python3.10/site-packages/airflow/example_dags/tutorial.py
[2026-04-22T12:26:31.747+0530] {processor.py:830} INFO - Processing file /Library/Frameworks/Python.framework/Versions/3.10/lib/python3.10/site-packages/airflow/example_dags/tutorial.py for tasks to queue
[2026-04-22T12:26:31.747+0530] {logging_mixin.py:188} INFO - [2026-04-22T12:26:31.747+0530] {dagbag.py:545} INFO - Filling up the DagBag from /Library/Frameworks/Python.framework/Versions/3.10/lib/python3.10/site-packages/airflow/example_dags/tutorial.py
[2026-04-22T12:26:31.750+0530] {processor.py:840} INFO - DAG(s) 'tutorial' retrieved from /Library/Frameworks/Python.framework/Versions/3.10/lib/python3.10/site-packages/airflow/example_dags/tutorial.py
[2026-04-22T12:26:31.782+0530] {logging_mixin.py:188} INFO - [2026-04-22T12:26:31.782+0530] {dag.py:3096} INFO - Sync 1 DAGs
[2026-04-22T12:26:31.788+0530] {logging_mixin.py:188} INFO - [2026-04-22T12:26:31.788+0530] {dag.py:3954} INFO - Setting next_dagrun for tutorial to 2026-04-21 00:00:00+00:00, run_after=2026-04-22 00:00:00+00:00
[2026-04-22T12:26:31.793+0530] {processor.py:183} INFO - Processing /Library/Frameworks/Python.framework/Versions/3.10/lib/python3.10/site-packages/airflow/example_dags/tutorial.py took 0.048 seconds
[2026-04-22T12:27:24.132+0530] {processor.py:161} INFO - Started process (PID=72992) to work on /Library/Frameworks/Python.framework/Versions/3.10/lib/python3.10/site-packages/airflow/example_dags/tutorial.py
[2026-04-22T12:27:24.133+0530] {processor.py:830} INFO - Processing file /Library/Frameworks/Python.framework/Versions/3.10/lib/python3.10/site-packages/airflow/example_dags/tutorial.py for tasks to queue
[2026-04-22T12:27:24.134+0530] {logging_mixin.py:188} INFO - [2026-04-22T12:27:24.134+0530] {dagbag.py:545} INFO - Filling up the DagBag from /Library/Frameworks/Python.framework/Versions/3.10/lib/python3.10/site-packages/airflow/example_dags/tutorial.py
[2026-04-22T12:27:24.136+0530] {processor.py:840} INFO - DAG(s) 'tutorial' retrieved from /Library/Frameworks/Python.framework/Versions/3.10/lib/python3.10/site-packages/airflow/example_dags/tutorial.py
[2026-04-22T12:27:24.172+0530] {logging_mixin.py:188} INFO - [2026-04-22T12:27:24.172+0530] {dag.py:3096} INFO - Sync 1 DAGs
[2026-04-22T12:27:24.177+0530] {logging_mixin.py:188} INFO - [2026-04-22T12:27:24.176+0530] {dag.py:3954} INFO - Setting next_dagrun for tutorial to 2026-04-21 00:00:00+00:00, run_after=2026-04-22 00:00:00+00:00
[2026-04-22T12:27:24.182+0530] {processor.py:183} INFO - Processing /Library/Frameworks/Python.framework/Versions/3.10/lib/python3.10/site-packages/airflow/example_dags/tutorial.py took 0.050 seconds
[2026-04-22T12:28:20.773+0530] {processor.py:161} INFO - Started process (PID=73121) to work on /Library/Frameworks/Python.framework/Versions/3.10/lib/python3.10/site-packages/airflow/example_dags/tutorial.py
[2026-04-22T12:28:20.774+0530] {processor.py:830} INFO - Processing file /Library/Frameworks/Python.framework/Versions/3.10/lib/python3.10/site-packages/airflow/example_dags/tutorial.py for tasks to queue
[2026-04-22T12:28:20.774+0530] {logging_mixin.py:188} INFO - [2026-04-22T12:28:20.774+0530] {dagbag.py:545} INFO - Filling up the DagBag from /Library/Frameworks/Python.framework/Versions/3.10/lib/python3.10/site-packages/airflow/example_dags/tutorial.py
[2026-04-22T12:28:20.776+0530] {processor.py:840} INFO - DAG(s) 'tutorial' retrieved from /Library/Frameworks/Python.framework/Versions/3.10/lib/python3.10/site-packages/airflow/example_dags/tutorial.py
[2026-04-22T12:28:20.810+0530] {logging_mixin.py:188} INFO - [2026-04-22T12:28:20.810+0530] {dag.py:3096} INFO - Sync 1 DAGs
[2026-04-22T12:28:20.815+0530] {logging_mixin.py:188} INFO - [2026-04-22T12:28:20.815+0530] {dag.py:3954} INFO - Setting next_dagrun for tutorial to 2026-04-21 00:00:00+00:00, run_after=2026-04-22 00:00:00+00:00
[2026-04-22T12:28:20.820+0530] {processor.py:183} INFO - Processing /Library/Frameworks/Python.framework/Versions/3.10/lib/python3.10/site-packages/airflow/example_dags/tutorial.py took 0.048 seconds
[2026-04-22T12:29:19.528+0530] {processor.py:161} INFO - Started process (PID=73217) to work on /Library/Frameworks/Python.framework/Versions/3.10/lib/python3.10/site-packages/airflow/example_dags/tutorial.py
[2026-04-22T12:29:19.529+0530] {processor.py:830} INFO - Processing file /Library/Frameworks/Python.framework/Versions/3.10/lib/python3.10/site-packages/airflow/example_dags/tutorial.py for tasks to queue
[2026-04-22T12:29:19.529+0530] {logging_mixin.py:188} INFO - [2026-04-22T12:29:19.529+0530] {dagbag.py:545} INFO - Filling up the DagBag from /Library/Frameworks/Python.framework/Versions/3.10/lib/python3.10/site-packages/airflow/example_dags/tutorial.py
[2026-04-22T12:29:19.532+0530] {processor.py:840} INFO - DAG(s) 'tutorial' retrieved from /Library/Frameworks/Python.framework/Versions/3.10/lib/python3.10/site-packages/airflow/example_dags/tutorial.py
[2026-04-22T12:29:19.565+0530] {logging_mixin.py:188} INFO - [2026-04-22T12:29:19.564+0530] {dag.py:3096} INFO - Sync 1 DAGs
[2026-04-22T12:29:19.570+0530] {logging_mixin.py:188} INFO - [2026-04-22T12:29:19.570+0530] {dag.py:3954} INFO - Setting next_dagrun for tutorial to 2026-04-21 00:00:00+00:00, run_after=2026-04-22 00:00:00+00:00
[2026-04-22T12:29:19.575+0530] {processor.py:183} INFO - Processing /Library/Frameworks/Python.framework/Versions/3.10/lib/python3.10/site-packages/airflow/example_dags/tutorial.py took 0.048 seconds
[2026-04-22T12:30:11.450+0530] {processor.py:161} INFO - Started process (PID=73332) to work on /Library/Frameworks/Python.framework/Versions/3.10/lib/python3.10/site-packages/airflow/example_dags/tutorial.py
[2026-04-22T12:30:11.450+0530] {processor.py:830} INFO - Processing file /Library/Frameworks/Python.framework/Versions/3.10/lib/python3.10/site-packages/airflow/example_dags/tutorial.py for tasks to queue
[2026-04-22T12:30:11.451+0530] {logging_mixin.py:188} INFO - [2026-04-22T12:30:11.451+0530] {dagbag.py:545} INFO - Filling up the DagBag from /Library/Frameworks/Python.framework/Versions/3.10/lib/python3.10/site-packages/airflow/example_dags/tutorial.py
[2026-04-22T12:30:11.453+0530] {processor.py:840} INFO - DAG(s) 'tutorial' retrieved from /Library/Frameworks/Python.framework/Versions/3.10/lib/python3.10/site-packages/airflow/example_dags/tutorial.py
[2026-04-22T12:30:11.486+0530] {logging_mixin.py:188} INFO - [2026-04-22T12:30:11.486+0530] {dag.py:3096} INFO - Sync 1 DAGs
[2026-04-22T12:30:11.492+0530] {logging_mixin.py:188} INFO - [2026-04-22T12:30:11.492+0530] {dag.py:3954} INFO - Setting next_dagrun for tutorial to 2026-04-21 00:00:00+00:00, run_after=2026-04-22 00:00:00+00:00
[2026-04-22T12:30:11.497+0530] {processor.py:183} INFO - Processing /Library/Frameworks/Python.framework/Versions/3.10/lib/python3.10/site-packages/airflow/example_dags/tutorial.py took 0.048 seconds
[2026-04-22T12:31:08.364+0530] {processor.py:161} INFO - Started process (PID=73465) to work on /Library/Frameworks/Python.framework/Versions/3.10/lib/python3.10/site-packages/airflow/example_dags/tutorial.py
[2026-04-22T12:31:08.365+0530] {processor.py:830} INFO - Processing file /Library/Frameworks/Python.framework/Versions/3.10/lib/python3.10/site-packages/airflow/example_dags/tutorial.py for tasks to queue
[2026-04-22T12:31:08.366+0530] {logging_mixin.py:188} INFO - [2026-04-22T12:31:08.366+0530] {dagbag.py:545} INFO - Filling up the DagBag from /Library/Frameworks/Python.framework/Versions/3.10/lib/python3.10/site-packages/airflow/example_dags/tutorial.py
[2026-04-22T12:31:08.368+0530] {processor.py:840} INFO - DAG(s) 'tutorial' retrieved from /Library/Frameworks/Python.framework/Versions/3.10/lib/python3.10/site-packages/airflow/example_dags/tutorial.py
[2026-04-22T12:31:08.401+0530] {logging_mixin.py:188} INFO - [2026-04-22T12:31:08.401+0530] {dag.py:3096} INFO - Sync 1 DAGs
[2026-04-22T12:31:08.407+0530] {logging_mixin.py:188} INFO - [2026-04-22T12:31:08.407+0530] {dag.py:3954} INFO - Setting next_dagrun for tutorial to 2026-04-21 00:00:00+00:00, run_after=2026-04-22 00:00:00+00:00
[2026-04-22T12:31:08.412+0530] {processor.py:183} INFO - Processing /Library/Frameworks/Python.framework/Versions/3.10/lib/python3.10/site-packages/airflow/example_dags/tutorial.py took 0.048 seconds
[2026-04-22T12:32:03.045+0530] {processor.py:161} INFO - Started process (PID=73575) to work on /Library/Frameworks/Python.framework/Versions/3.10/lib/python3.10/site-packages/airflow/example_dags/tutorial.py
[2026-04-22T12:32:03.046+0530] {processor.py:830} INFO - Processing file /Library/Frameworks/Python.framework/Versions/3.10/lib/python3.10/site-packages/airflow/example_dags/tutorial.py for tasks to queue
[2026-04-22T12:32:03.046+0530] {logging_mixin.py:188} INFO - [2026-04-22T12:32:03.046+0530] {dagbag.py:545} INFO - Filling up the DagBag from /Library/Frameworks/Python.framework/Versions/3.10/lib/python3.10/site-packages/airflow/example_dags/tutorial.py
[2026-04-22T12:32:03.049+0530] {processor.py:840} INFO - DAG(s) 'tutorial' retrieved from /Library/Frameworks/Python.framework/Versions/3.10/lib/python3.10/site-packages/airflow/example_dags/tutorial.py
[2026-04-22T12:32:03.082+0530] {logging_mixin.py:188} INFO - [2026-04-22T12:32:03.082+0530] {dag.py:3096} INFO - Sync 1 DAGs
[2026-04-22T12:32:03.088+0530] {logging_mixin.py:188} INFO - [2026-04-22T12:32:03.088+0530] {dag.py:3954} INFO - Setting next_dagrun for tutorial to 2026-04-21 00:00:00+00:00, run_after=2026-04-22 00:00:00+00:00
[2026-04-22T12:32:03.094+0530] {processor.py:183} INFO - Processing /Library/Frameworks/Python.framework/Versions/3.10/lib/python3.10/site-packages/airflow/example_dags/tutorial.py took 0.049 seconds
[2026-04-22T12:32:55.244+0530] {processor.py:161} INFO - Started process (PID=73676) to work on /Library/Frameworks/Python.framework/Versions/3.10/lib/python3.10/site-packages/airflow/example_dags/tutorial.py
[2026-04-22T12:32:55.244+0530] {processor.py:830} INFO - Processing file /Library/Frameworks/Python.framework/Versions/3.10/lib/python3.10/site-packages/airflow/example_dags/tutorial.py for tasks to queue
[2026-04-22T12:32:55.244+0530] {logging_mixin.py:188} INFO - [2026-04-22T12:32:55.244+0530] {dagbag.py:545} INFO - Filling up the DagBag from /Library/Frameworks/Python.framework/Versions/3.10/lib/python3.10/site-packages/airflow/example_dags/tutorial.py
[2026-04-22T12:32:55.247+0530] {processor.py:840} INFO - DAG(s) 'tutorial' retrieved from /Library/Frameworks/Python.framework/Versions/3.10/lib/python3.10/site-packages/airflow/example_dags/tutorial.py
[2026-04-22T12:32:55.281+0530] {logging_mixin.py:188} INFO - [2026-04-22T12:32:55.281+0530] {dag.py:3096} INFO - Sync 1 DAGs
[2026-04-22T12:32:55.286+0530] {logging_mixin.py:188} INFO - [2026-04-22T12:32:55.286+0530] {dag.py:3954} INFO - Setting next_dagrun for tutorial to 2026-04-21 00:00:00+00:00, run_after=2026-04-22 00:00:00+00:00
[2026-04-22T12:32:55.293+0530] {processor.py:183} INFO - Processing /Library/Frameworks/Python.framework/Versions/3.10/lib/python3.10/site-packages/airflow/example_dags/tutorial.py took 0.050 seconds
[2026-04-22T12:33:47.043+0530] {processor.py:161} INFO - Started process (PID=73746) to work on /Library/Frameworks/Python.framework/Versions/3.10/lib/python3.10/site-packages/airflow/example_dags/tutorial.py
[2026-04-22T12:33:47.044+0530] {processor.py:830} INFO - Processing file /Library/Frameworks/Python.framework/Versions/3.10/lib/python3.10/site-packages/airflow/example_dags/tutorial.py for tasks to queue
[2026-04-22T12:33:47.044+0530] {logging_mixin.py:188} INFO - [2026-04-22T12:33:47.044+0530] {dagbag.py:545} INFO - Filling up the DagBag from /Library/Frameworks/Python.framework/Versions/3.10/lib/python3.10/site-packages/airflow/example_dags/tutorial.py
[2026-04-22T12:33:47.047+0530] {processor.py:840} INFO - DAG(s) 'tutorial' retrieved from /Library/Frameworks/Python.framework/Versions/3.10/lib/python3.10/site-packages/airflow/example_dags/tutorial.py
[2026-04-22T12:33:47.079+0530] {logging_mixin.py:188} INFO - [2026-04-22T12:33:47.079+0530] {dag.py:3096} INFO - Sync 1 DAGs
[2026-04-22T12:33:47.085+0530] {logging_mixin.py:188} INFO - [2026-04-22T12:33:47.085+0530] {dag.py:3954} INFO - Setting next_dagrun for tutorial to 2026-04-21 00:00:00+00:00, run_after=2026-04-22 00:00:00+00:00
[2026-04-22T12:33:47.090+0530] {processor.py:183} INFO - Processing /Library/Frameworks/Python.framework/Versions/3.10/lib/python3.10/site-packages/airflow/example_dags/tutorial.py took 0.048 seconds
[2026-04-22T12:34:39.749+0530] {processor.py:161} INFO - Started process (PID=73812) to work on /Library/Frameworks/Python.framework/Versions/3.10/lib/python3.10/site-packages/airflow/example_dags/tutorial.py
[2026-04-22T12:34:39.750+0530] {processor.py:830} INFO - Processing file /Library/Frameworks/Python.framework/Versions/3.10/lib/python3.10/site-packages/airflow/example_dags/tutorial.py for tasks to queue
[2026-04-22T12:34:39.750+0530] {logging_mixin.py:188} INFO - [2026-04-22T12:34:39.750+0530] {dagbag.py:545} INFO - Filling up the DagBag from /Library/Frameworks/Python.framework/Versions/3.10/lib/python3.10/site-packages/airflow/example_dags/tutorial.py
[2026-04-22T12:34:39.753+0530] {processor.py:840} INFO - DAG(s) 'tutorial' retrieved from /Library/Frameworks/Python.framework/Versions/3.10/lib/python3.10/site-packages/airflow/example_dags/tutorial.py
[2026-04-22T12:34:39.785+0530] {logging_mixin.py:188} INFO - [2026-04-22T12:34:39.784+0530] {dag.py:3096} INFO - Sync 1 DAGs
[2026-04-22T12:34:39.790+0530] {logging_mixin.py:188} INFO - [2026-04-22T12:34:39.790+0530] {dag.py:3954} INFO - Setting next_dagrun for tutorial to 2026-04-21 00:00:00+00:00, run_after=2026-04-22 00:00:00+00:00
[2026-04-22T12:34:39.795+0530] {processor.py:183} INFO - Processing /Library/Frameworks/Python.framework/Versions/3.10/lib/python3.10/site-packages/airflow/example_dags/tutorial.py took 0.047 seconds
[2026-04-22T12:35:31.597+0530] {processor.py:161} INFO - Started process (PID=73880) to work on /Library/Frameworks/Python.framework/Versions/3.10/lib/python3.10/site-packages/airflow/example_dags/tutorial.py
[2026-04-22T12:35:31.598+0530] {processor.py:830} INFO - Processing file /Library/Frameworks/Python.framework/Versions/3.10/lib/python3.10/site-packages/airflow/example_dags/tutorial.py for tasks to queue
[2026-04-22T12:35:31.598+0530] {logging_mixin.py:188} INFO - [2026-04-22T12:35:31.598+0530] {dagbag.py:545} INFO - Filling up the DagBag from /Library/Frameworks/Python.framework/Versions/3.10/lib/python3.10/site-packages/airflow/example_dags/tutorial.py
[2026-04-22T12:35:31.601+0530] {processor.py:840} INFO - DAG(s) 'tutorial' retrieved from /Library/Frameworks/Python.framework/Versions/3.10/lib/python3.10/site-packages/airflow/example_dags/tutorial.py
[2026-04-22T12:35:31.634+0530] {logging_mixin.py:188} INFO - [2026-04-22T12:35:31.634+0530] {dag.py:3096} INFO - Sync 1 DAGs
[2026-04-22T12:35:31.640+0530] {logging_mixin.py:188} INFO - [2026-04-22T12:35:31.640+0530] {dag.py:3954} INFO - Setting next_dagrun for tutorial to 2026-04-21 00:00:00+00:00, run_after=2026-04-22 00:00:00+00:00
[2026-04-22T12:35:31.645+0530] {processor.py:183} INFO - Processing /Library/Frameworks/Python.framework/Versions/3.10/lib/python3.10/site-packages/airflow/example_dags/tutorial.py took 0.049 seconds
[2026-04-22T12:36:22.830+0530] {processor.py:161} INFO - Started process (PID=73951) to work on /Library/Frameworks/Python.framework/Versions/3.10/lib/python3.10/site-packages/airflow/example_dags/tutorial.py
[2026-04-22T12:36:22.831+0530] {processor.py:830} INFO - Processing file /Library/Frameworks/Python.framework/Versions/3.10/lib/python3.10/site-packages/airflow/example_dags/tutorial.py for tasks to queue
[2026-04-22T12:36:22.832+0530] {logging_mixin.py:188} INFO - [2026-04-22T12:36:22.832+0530] {dagbag.py:545} INFO - Filling up the DagBag from /Library/Frameworks/Python.framework/Versions/3.10/lib/python3.10/site-packages/airflow/example_dags/tutorial.py
[2026-04-22T12:36:22.834+0530] {processor.py:840} INFO - DAG(s) 'tutorial' retrieved from /Library/Frameworks/Python.framework/Versions/3.10/lib/python3.10/site-packages/airflow/example_dags/tutorial.py
[2026-04-22T12:36:22.868+0530] {logging_mixin.py:188} INFO - [2026-04-22T12:36:22.868+0530] {dag.py:3096} INFO - Sync 1 DAGs
[2026-04-22T12:36:22.874+0530] {logging_mixin.py:188} INFO - [2026-04-22T12:36:22.874+0530] {dag.py:3954} INFO - Setting next_dagrun for tutorial to 2026-04-21 00:00:00+00:00, run_after=2026-04-22 00:00:00+00:00
[2026-04-22T12:36:22.879+0530] {processor.py:183} INFO - Processing /Library/Frameworks/Python.framework/Versions/3.10/lib/python3.10/site-packages/airflow/example_dags/tutorial.py took 0.050 seconds
[2026-04-22T12:37:13.345+0530] {processor.py:161} INFO - Started process (PID=74000) to work on /Library/Frameworks/Python.framework/Versions/3.10/lib/python3.10/site-packages/airflow/example_dags/tutorial.py
[2026-04-22T12:37:13.345+0530] {processor.py:830} INFO - Processing file /Library/Frameworks/Python.framework/Versions/3.10/lib/python3.10/site-packages/airflow/example_dags/tutorial.py for tasks to queue
[2026-04-22T12:37:13.345+0530] {logging_mixin.py:188} INFO - [2026-04-22T12:37:13.345+0530] {dagbag.py:545} INFO - Filling up the DagBag from /Library/Frameworks/Python.framework/Versions/3.10/lib/python3.10/site-packages/airflow/example_dags/tutorial.py
[2026-04-22T12:37:13.348+0530] {processor.py:840} INFO - DAG(s) 'tutorial' retrieved from /Library/Frameworks/Python.framework/Versions/3.10/lib/python3.10/site-packages/airflow/example_dags/tutorial.py
[2026-04-22T12:37:13.383+0530] {logging_mixin.py:188} INFO - [2026-04-22T12:37:13.382+0530] {dag.py:3096} INFO - Sync 1 DAGs
[2026-04-22T12:37:13.387+0530] {logging_mixin.py:188} INFO - [2026-04-22T12:37:13.387+0530] {dag.py:3954} INFO - Setting next_dagrun for tutorial to 2026-04-21 00:00:00+00:00, run_after=2026-04-22 00:00:00+00:00
[2026-04-22T12:37:13.393+0530] {processor.py:183} INFO - Processing /Library/Frameworks/Python.framework/Versions/3.10/lib/python3.10/site-packages/airflow/example_dags/tutorial.py took 0.050 seconds
[2026-04-22T12:38:10.045+0530] {processor.py:161} INFO - Started process (PID=74063) to work on /Library/Frameworks/Python.framework/Versions/3.10/lib/python3.10/site-packages/airflow/example_dags/tutorial.py
[2026-04-22T12:38:10.045+0530] {processor.py:830} INFO - Processing file /Library/Frameworks/Python.framework/Versions/3.10/lib/python3.10/site-packages/airflow/example_dags/tutorial.py for tasks to queue
[2026-04-22T12:38:10.045+0530] {logging_mixin.py:188} INFO - [2026-04-22T12:38:10.045+0530] {dagbag.py:545} INFO - Filling up the DagBag from /Library/Frameworks/Python.framework/Versions/3.10/lib/python3.10/site-packages/airflow/example_dags/tutorial.py
[2026-04-22T12:38:10.048+0530] {processor.py:840} INFO - DAG(s) 'tutorial' retrieved from /Library/Frameworks/Python.framework/Versions/3.10/lib/python3.10/site-packages/airflow/example_dags/tutorial.py
[2026-04-22T12:38:10.080+0530] {logging_mixin.py:188} INFO - [2026-04-22T12:38:10.080+0530] {dag.py:3096} INFO - Sync 1 DAGs
[2026-04-22T12:38:10.085+0530] {logging_mixin.py:188} INFO - [2026-04-22T12:38:10.085+0530] {dag.py:3954} INFO - Setting next_dagrun for tutorial to 2026-04-21 00:00:00+00:00, run_after=2026-04-22 00:00:00+00:00
[2026-04-22T12:38:10.092+0530] {processor.py:183} INFO - Processing /Library/Frameworks/Python.framework/Versions/3.10/lib/python3.10/site-packages/airflow/example_dags/tutorial.py took 0.048 seconds
[2026-04-22T12:39:10.511+0530] {processor.py:161} INFO - Started process (PID=74132) to work on /Library/Frameworks/Python.framework/Versions/3.10/lib/python3.10/site-packages/airflow/example_dags/tutorial.py
[2026-04-22T12:39:10.512+0530] {processor.py:830} INFO - Processing file /Library/Frameworks/Python.framework/Versions/3.10/lib/python3.10/site-packages/airflow/example_dags/tutorial.py for tasks to queue
[2026-04-22T12:39:10.512+0530] {logging_mixin.py:188} INFO - [2026-04-22T12:39:10.512+0530] {dagbag.py:545} INFO - Filling up the DagBag from /Library/Frameworks/Python.framework/Versions/3.10/lib/python3.10/site-packages/airflow/example_dags/tutorial.py
[2026-04-22T12:39:10.515+0530] {processor.py:840} INFO - DAG(s) 'tutorial' retrieved from /Library/Frameworks/Python.framework/Versions/3.10/lib/python3.10/site-packages/airflow/example_dags/tutorial.py
[2026-04-22T12:39:10.546+0530] {logging_mixin.py:188} INFO - [2026-04-22T12:39:10.546+0530] {dag.py:3096} INFO - Sync 1 DAGs
[2026-04-22T12:39:10.551+0530] {logging_mixin.py:188} INFO - [2026-04-22T12:39:10.551+0530] {dag.py:3954} INFO - Setting next_dagrun for tutorial to 2026-04-21 00:00:00+00:00, run_after=2026-04-22 00:00:00+00:00
[2026-04-22T12:39:10.556+0530] {processor.py:183} INFO - Processing /Library/Frameworks/Python.framework/Versions/3.10/lib/python3.10/site-packages/airflow/example_dags/tutorial.py took 0.046 seconds
[2026-04-22T12:40:10.526+0530] {processor.py:161} INFO - Started process (PID=74208) to work on /Library/Frameworks/Python.framework/Versions/3.10/lib/python3.10/site-packages/airflow/example_dags/tutorial.py
[2026-04-22T12:40:10.526+0530] {processor.py:830} INFO - Processing file /Library/Frameworks/Python.framework/Versions/3.10/lib/python3.10/site-packages/airflow/example_dags/tutorial.py for tasks to queue
[2026-04-22T12:40:10.527+0530] {logging_mixin.py:188} INFO - [2026-04-22T12:40:10.527+0530] {dagbag.py:545} INFO - Filling up the DagBag from /Library/Frameworks/Python.framework/Versions/3.10/lib/python3.10/site-packages/airflow/example_dags/tutorial.py
[2026-04-22T12:40:10.529+0530] {processor.py:840} INFO - DAG(s) 'tutorial' retrieved from /Library/Frameworks/Python.framework/Versions/3.10/lib/python3.10/site-packages/airflow/example_dags/tutorial.py
[2026-04-22T12:40:10.564+0530] {logging_mixin.py:188} INFO - [2026-04-22T12:40:10.564+0530] {dag.py:3096} INFO - Sync 1 DAGs
[2026-04-22T12:40:10.568+0530] {logging_mixin.py:188} INFO - [2026-04-22T12:40:10.568+0530] {dag.py:3954} INFO - Setting next_dagrun for tutorial to 2026-04-21 00:00:00+00:00, run_after=2026-04-22 00:00:00+00:00
[2026-04-22T12:40:10.574+0530] {processor.py:183} INFO - Processing /Library/Frameworks/Python.framework/Versions/3.10/lib/python3.10/site-packages/airflow/example_dags/tutorial.py took 0.049 seconds
[2026-04-22T12:41:10.959+0530] {processor.py:161} INFO - Started process (PID=74275) to work on /Library/Frameworks/Python.framework/Versions/3.10/lib/python3.10/site-packages/airflow/example_dags/tutorial.py
[2026-04-22T12:41:10.960+0530] {processor.py:830} INFO - Processing file /Library/Frameworks/Python.framework/Versions/3.10/lib/python3.10/site-packages/airflow/example_dags/tutorial.py for tasks to queue
[2026-04-22T12:41:10.960+0530] {logging_mixin.py:188} INFO - [2026-04-22T12:41:10.960+0530] {dagbag.py:545} INFO - Filling up the DagBag from /Library/Frameworks/Python.framework/Versions/3.10/lib/python3.10/site-packages/airflow/example_dags/tutorial.py
[2026-04-22T12:41:10.964+0530] {processor.py:840} INFO - DAG(s) 'tutorial' retrieved from /Library/Frameworks/Python.framework/Versions/3.10/lib/python3.10/site-packages/airflow/example_dags/tutorial.py
[2026-04-22T12:41:11.002+0530] {logging_mixin.py:188} INFO - [2026-04-22T12:41:11.002+0530] {dag.py:3096} INFO - Sync 1 DAGs
[2026-04-22T12:41:11.008+0530] {logging_mixin.py:188} INFO - [2026-04-22T12:41:11.008+0530] {dag.py:3954} INFO - Setting next_dagrun for tutorial to 2026-04-21 00:00:00+00:00, run_after=2026-04-22 00:00:00+00:00
[2026-04-22T12:41:11.013+0530] {processor.py:183} INFO - Processing /Library/Frameworks/Python.framework/Versions/3.10/lib/python3.10/site-packages/airflow/example_dags/tutorial.py took 0.055 seconds
[2026-04-22T12:42:10.143+0530] {processor.py:161} INFO - Started process (PID=74348) to work on /Library/Frameworks/Python.framework/Versions/3.10/lib/python3.10/site-packages/airflow/example_dags/tutorial.py
[2026-04-22T12:42:10.144+0530] {processor.py:830} INFO - Processing file /Library/Frameworks/Python.framework/Versions/3.10/lib/python3.10/site-packages/airflow/example_dags/tutorial.py for tasks to queue
[2026-04-22T12:42:10.144+0530] {logging_mixin.py:188} INFO - [2026-04-22T12:42:10.144+0530] {dagbag.py:545} INFO - Filling up the DagBag from /Library/Frameworks/Python.framework/Versions/3.10/lib/python3.10/site-packages/airflow/example_dags/tutorial.py
[2026-04-22T12:42:10.146+0530] {processor.py:840} INFO - DAG(s) 'tutorial' retrieved from /Library/Frameworks/Python.framework/Versions/3.10/lib/python3.10/site-packages/airflow/example_dags/tutorial.py
[2026-04-22T12:42:10.178+0530] {logging_mixin.py:188} INFO - [2026-04-22T12:42:10.178+0530] {dag.py:3096} INFO - Sync 1 DAGs
[2026-04-22T12:42:10.183+0530] {logging_mixin.py:188} INFO - [2026-04-22T12:42:10.183+0530] {dag.py:3954} INFO - Setting next_dagrun for tutorial to 2026-04-21 00:00:00+00:00, run_after=2026-04-22 00:00:00+00:00
[2026-04-22T12:42:10.188+0530] {processor.py:183} INFO - Processing /Library/Frameworks/Python.framework/Versions/3.10/lib/python3.10/site-packages/airflow/example_dags/tutorial.py took 0.046 seconds
