[2026-04-21T14:59:39.098+0530] {local_task_job_runner.py:120} INFO - ::group::Pre task execution logs
[2026-04-21T14:59:39.106+0530] {taskinstance.py:2076} INFO - Dependencies all met for dep_context=non-requeueable deps ti=<TaskInstance: fraud_detection_pipeline.branch_on_drift scheduled__2026-04-09T02:00:00+00:00 [queued]>
[2026-04-21T14:59:39.108+0530] {taskinstance.py:2076} INFO - Dependencies all met for dep_context=requeueable deps ti=<TaskInstance: fraud_detection_pipeline.branch_on_drift scheduled__2026-04-09T02:00:00+00:00 [queued]>
[2026-04-21T14:59:39.108+0530] {taskinstance.py:2306} INFO - Starting attempt 1 of 3
[2026-04-21T14:59:39.111+0530] {taskinstance.py:2330} INFO - Executing <Task(BranchPythonOperator): branch_on_drift> on 2026-04-09 02:00:00+00:00
[2026-04-21T14:59:39.113+0530] {standard_task_runner.py:63} INFO - Started process 61639 to run task
[2026-04-21T14:59:39.115+0530] {standard_task_runner.py:90} INFO - Running: ['airflow', 'tasks', 'run', 'fraud_detection_pipeline', 'branch_on_drift', 'scheduled__2026-04-09T02:00:00+00:00', '--job-id', '125', '--raw', '--subdir', 'DAGS_FOLDER/fraud_pipeline.py', '--cfg-path', '/var/folders/t3/vln6zx7d3f73chjjcynlp_qh0000gn/T/tmpyy6t41_w']
[2026-04-21T14:59:39.116+0530] {standard_task_runner.py:91} INFO - Job 125: Subtask branch_on_drift
[2026-04-21T14:59:39.127+0530] {task_command.py:426} INFO - Running <TaskInstance: fraud_detection_pipeline.branch_on_drift scheduled__2026-04-09T02:00:00+00:00 [running]> on host srishtis-macbook-air.local
[2026-04-21T14:59:39.143+0530] {taskinstance.py:2648} INFO - Exporting env vars: AIRFLOW_CTX_DAG_OWNER='mlops-team' AIRFLOW_CTX_DAG_ID='fraud_detection_pipeline' AIRFLOW_CTX_TASK_ID='branch_on_drift' AIRFLOW_CTX_EXECUTION_DATE='2026-04-09T02:00:00+00:00' AIRFLOW_CTX_TRY_NUMBER='1' AIRFLOW_CTX_DAG_RUN_ID='scheduled__2026-04-09T02:00:00+00:00'
[2026-04-21T14:59:39.144+0530] {taskinstance.py:430} INFO - ::endgroup::
[2026-04-21T14:59:39.149+0530] {baseoperator.py:399} WARNING - BranchPythonOperator.execute cannot be called outside TaskInstance!
[2026-04-21T14:59:39.152+0530] {fraud_pipeline.py:319} INFO -    Branching: drift_detected=True, max_psi=4.0043
[2026-04-21T14:59:39.152+0530] {fraud_pipeline.py:322} INFO -    → Taking RETRAIN path
[2026-04-21T14:59:39.153+0530] {python.py:237} INFO - Done. Returned value was: retrain_model
[2026-04-21T14:59:39.153+0530] {branch.py:36} INFO - Branch into retrain_model
[2026-04-21T14:59:39.153+0530] {skipmixin.py:178} INFO - Following branch retrain_model
[2026-04-21T14:59:39.156+0530] {skipmixin.py:246} INFO - Skipping tasks [('skip_retrain', -1)]
[2026-04-21T14:59:39.160+0530] {taskinstance.py:441} INFO - ::group::Post task execution logs
[2026-04-21T14:59:39.162+0530] {taskinstance.py:1206} INFO - Marking task as SUCCESS. dag_id=fraud_detection_pipeline, task_id=branch_on_drift, run_id=scheduled__2026-04-09T02:00:00+00:00, execution_date=20260409T020000, start_date=20260421T092939, end_date=20260421T092939
[2026-04-21T14:59:39.169+0530] {local_task_job_runner.py:240} INFO - Task exited with return code 0
[2026-04-21T14:59:39.178+0530] {taskinstance.py:3498} INFO - 1 downstream tasks scheduled from follow-on schedule check
[2026-04-21T14:59:39.178+0530] {local_task_job_runner.py:222} INFO - ::endgroup::
