[2026-04-22T12:08:31.866+0530] {local_task_job_runner.py:120} INFO - ::group::Pre task execution logs
[2026-04-22T12:08:31.877+0530] {taskinstance.py:2076} INFO - Dependencies all met for dep_context=non-requeueable deps ti=<TaskInstance: fraud_detection_pipeline.check_drift scheduled__2026-04-11T02:00:00+00:00 [queued]>
[2026-04-22T12:08:31.878+0530] {taskinstance.py:2076} INFO - Dependencies all met for dep_context=requeueable deps ti=<TaskInstance: fraud_detection_pipeline.check_drift scheduled__2026-04-11T02:00:00+00:00 [queued]>
[2026-04-22T12:08:31.878+0530] {taskinstance.py:2306} INFO - Starting attempt 5 of 7
[2026-04-22T12:08:31.881+0530] {taskinstance.py:2330} INFO - Executing <Task(PythonOperator): check_drift> on 2026-04-11 02:00:00+00:00
[2026-04-22T12:08:31.884+0530] {standard_task_runner.py:63} INFO - Started process 70798 to run task
[2026-04-22T12:08:31.886+0530] {standard_task_runner.py:90} INFO - Running: ['airflow', 'tasks', 'run', 'fraud_detection_pipeline', 'check_drift', 'scheduled__2026-04-11T02:00:00+00:00', '--job-id', '196', '--raw', '--subdir', 'DAGS_FOLDER/fraud_pipeline.py', '--cfg-path', '/var/folders/t3/vln6zx7d3f73chjjcynlp_qh0000gn/T/tmp8bspp6y7']
[2026-04-22T12:08:31.887+0530] {standard_task_runner.py:91} INFO - Job 196: Subtask check_drift
[2026-04-22T12:08:31.899+0530] {task_command.py:426} INFO - Running <TaskInstance: fraud_detection_pipeline.check_drift scheduled__2026-04-11T02:00:00+00:00 [running]> on host srishtis-macbook-air.local
[2026-04-22T12:08:31.953+0530] {taskinstance.py:2648} INFO - Exporting env vars: AIRFLOW_CTX_DAG_OWNER='mlops-team' AIRFLOW_CTX_DAG_ID='fraud_detection_pipeline' AIRFLOW_CTX_TASK_ID='check_drift' AIRFLOW_CTX_EXECUTION_DATE='2026-04-11T02:00:00+00:00' AIRFLOW_CTX_TRY_NUMBER='5' AIRFLOW_CTX_DAG_RUN_ID='scheduled__2026-04-11T02:00:00+00:00'
[2026-04-22T12:08:31.954+0530] {taskinstance.py:430} INFO - ::endgroup::
[2026-04-22T12:08:31.954+0530] {fraud_pipeline.py:268} INFO - 🔍 Task 3: Checking for data drift...
[2026-04-22T12:08:32.410+0530] {logging_mixin.py:188} INFO - 
🔍 Running drift check...
[2026-04-22T12:08:32.410+0530] {logging_mixin.py:188} INFO -    Current data: 118,108 samples
[2026-04-22T12:08:32.414+0530] {logging_mixin.py:188} INFO -    Reference data: 472,432 samples (from 2026-04-10)
[2026-04-22T12:08:32.455+0530] {logging_mixin.py:188} INFO - 
   📊 PSI Results:
[2026-04-22T12:08:32.455+0530] {logging_mixin.py:188} INFO -       🔴 RETRAIN card6: 4.0043
[2026-04-22T12:08:32.455+0530] {logging_mixin.py:188} INFO -       🔴 RETRAIN TransactionAmt: 1.1851
[2026-04-22T12:08:32.456+0530] {logging_mixin.py:188} INFO -       🔴 RETRAIN TransactionAmt_log: 1.1851
[2026-04-22T12:08:32.456+0530] {logging_mixin.py:188} INFO -       🟢 D15: 0.0416
[2026-04-22T12:08:32.456+0530] {logging_mixin.py:188} INFO -       🟢 D10: 0.0243
[2026-04-22T12:08:32.456+0530] {logging_mixin.py:188} INFO -       🟢 C13: 0.0176
[2026-04-22T12:08:32.456+0530] {logging_mixin.py:188} INFO -       🟢 D1: 0.0164
[2026-04-22T12:08:32.456+0530] {logging_mixin.py:188} INFO -       🟢 Transaction_hour: 0.0127
[2026-04-22T12:08:32.456+0530] {logging_mixin.py:188} INFO -       🟢 C6: 0.0087
[2026-04-22T12:08:32.456+0530] {logging_mixin.py:188} INFO -       🟢 C2: 0.0078
[2026-04-22T12:08:32.456+0530] {logging_mixin.py:188} INFO -       🟢 C1: 0.0076
[2026-04-22T12:08:32.457+0530] {logging_mixin.py:188} INFO -       🟢 card1: 0.0060
[2026-04-22T12:08:32.457+0530] {logging_mixin.py:188} INFO -       🟢 dist1: 0.0053
[2026-04-22T12:08:32.457+0530] {logging_mixin.py:188} INFO -       🟢 card4: 0.0030
[2026-04-22T12:08:32.457+0530] {logging_mixin.py:188} INFO -       🟢 addr1: 0.0029
[2026-04-22T12:08:32.457+0530] {logging_mixin.py:188} INFO - 
   Status: DRIFTED
[2026-04-22T12:08:32.457+0530] {logging_mixin.py:188} INFO -    Max PSI: 4.0043
[2026-04-22T12:08:32.457+0530] {logging_mixin.py:188} INFO -    Drift detected: True
[2026-04-22T12:08:37.041+0530] {logging_mixin.py:188} INFO - ✅ Evidently drift report saved → /Users/srish/Documents/mlops+fintech/data/processed/drift_reports/drift_report_20260422_063836.html
[2026-04-22T12:08:37.042+0530] {logging_mixin.py:188} INFO - 
   ✅ Result saved → /Users/srish/Documents/mlops+fintech/data/processed/drift_reports/latest_drift_result.json
[2026-04-22T12:08:37.043+0530] {fraud_pipeline.py:282} INFO -    Max PSI: 4.0043
[2026-04-22T12:08:37.043+0530] {fraud_pipeline.py:283} INFO -    Drift detected: True
[2026-04-22T12:08:37.043+0530] {fraud_pipeline.py:285} INFO -    Drifted features: ['TransactionAmt', 'card6', 'TransactionAmt_log']
[2026-04-22T12:08:37.047+0530] {python.py:237} INFO - Done. Returned value was: 4.0043
[2026-04-22T12:08:37.047+0530] {taskinstance.py:441} INFO - ::group::Post task execution logs
[2026-04-22T12:08:37.050+0530] {taskinstance.py:1206} INFO - Marking task as SUCCESS. dag_id=fraud_detection_pipeline, task_id=check_drift, run_id=scheduled__2026-04-11T02:00:00+00:00, execution_date=20260411T020000, start_date=20260422T063831, end_date=20260422T063837
[2026-04-22T12:08:37.083+0530] {local_task_job_runner.py:240} INFO - Task exited with return code 0
[2026-04-22T12:08:37.122+0530] {taskinstance.py:3498} INFO - 1 downstream tasks scheduled from follow-on schedule check
[2026-04-22T12:08:37.122+0530] {local_task_job_runner.py:222} INFO - ::endgroup::
