[2026-04-21T16:28:11.334+0530] {processor.py:161} INFO - Started process (PID=65919) to work on /Library/Frameworks/Python.framework/Versions/3.10/lib/python3.10/site-packages/airflow/example_dags/plugins/event_listener.py
[2026-04-21T16:28:11.334+0530] {processor.py:830} INFO - Processing file /Library/Frameworks/Python.framework/Versions/3.10/lib/python3.10/site-packages/airflow/example_dags/plugins/event_listener.py for tasks to queue
[2026-04-21T16:28:11.335+0530] {logging_mixin.py:188} INFO - [2026-04-21T16:28:11.335+0530] {dagbag.py:545} INFO - Filling up the DagBag from /Library/Frameworks/Python.framework/Versions/3.10/lib/python3.10/site-packages/airflow/example_dags/plugins/event_listener.py
[2026-04-21T16:28:11.335+0530] {processor.py:842} WARNING - No viable dags retrieved from /Library/Frameworks/Python.framework/Versions/3.10/lib/python3.10/site-packages/airflow/example_dags/plugins/event_listener.py
[2026-04-21T16:28:11.359+0530] {processor.py:183} INFO - Processing /Library/Frameworks/Python.framework/Versions/3.10/lib/python3.10/site-packages/airflow/example_dags/plugins/event_listener.py took 0.026 seconds
[2026-04-21T16:30:00.926+0530] {processor.py:161} INFO - Started process (PID=66025) to work on /Library/Frameworks/Python.framework/Versions/3.10/lib/python3.10/site-packages/airflow/example_dags/plugins/event_listener.py
[2026-04-21T16:30:00.927+0530] {processor.py:830} INFO - Processing file /Library/Frameworks/Python.framework/Versions/3.10/lib/python3.10/site-packages/airflow/example_dags/plugins/event_listener.py for tasks to queue
[2026-04-21T16:30:00.927+0530] {logging_mixin.py:188} INFO - [2026-04-21T16:30:00.927+0530] {dagbag.py:545} INFO - Filling up the DagBag from /Library/Frameworks/Python.framework/Versions/3.10/lib/python3.10/site-packages/airflow/example_dags/plugins/event_listener.py
[2026-04-21T16:30:00.928+0530] {processor.py:842} WARNING - No viable dags retrieved from /Library/Frameworks/Python.framework/Versions/3.10/lib/python3.10/site-packages/airflow/example_dags/plugins/event_listener.py
[2026-04-21T16:30:00.951+0530] {processor.py:183} INFO - Processing /Library/Frameworks/Python.framework/Versions/3.10/lib/python3.10/site-packages/airflow/example_dags/plugins/event_listener.py took 0.026 seconds
[2026-04-21T16:30:50.761+0530] {processor.py:161} INFO - Started process (PID=66567) to work on /Library/Frameworks/Python.framework/Versions/3.10/lib/python3.10/site-packages/airflow/example_dags/plugins/event_listener.py
[2026-04-21T16:30:50.762+0530] {processor.py:830} INFO - Processing file /Library/Frameworks/Python.framework/Versions/3.10/lib/python3.10/site-packages/airflow/example_dags/plugins/event_listener.py for tasks to queue
[2026-04-21T16:30:50.762+0530] {logging_mixin.py:188} INFO - [2026-04-21T16:30:50.762+0530] {dagbag.py:545} INFO - Filling up the DagBag from /Library/Frameworks/Python.framework/Versions/3.10/lib/python3.10/site-packages/airflow/example_dags/plugins/event_listener.py
[2026-04-21T16:30:50.762+0530] {processor.py:842} WARNING - No viable dags retrieved from /Library/Frameworks/Python.framework/Versions/3.10/lib/python3.10/site-packages/airflow/example_dags/plugins/event_listener.py
[2026-04-21T16:30:50.788+0530] {processor.py:183} INFO - Processing /Library/Frameworks/Python.framework/Versions/3.10/lib/python3.10/site-packages/airflow/example_dags/plugins/event_listener.py took 0.028 seconds
[2026-04-21T19:23:55.715+0530] {processor.py:161} INFO - Started process (PID=66830) to work on /Library/Frameworks/Python.framework/Versions/3.10/lib/python3.10/site-packages/airflow/example_dags/plugins/event_listener.py
[2026-04-21T19:23:55.716+0530] {processor.py:830} INFO - Processing file /Library/Frameworks/Python.framework/Versions/3.10/lib/python3.10/site-packages/airflow/example_dags/plugins/event_listener.py for tasks to queue
[2026-04-21T19:23:55.716+0530] {logging_mixin.py:188} INFO - [2026-04-21T19:23:55.716+0530] {dagbag.py:545} INFO - Filling up the DagBag from /Library/Frameworks/Python.framework/Versions/3.10/lib/python3.10/site-packages/airflow/example_dags/plugins/event_listener.py
[2026-04-21T19:23:55.716+0530] {processor.py:842} WARNING - No viable dags retrieved from /Library/Frameworks/Python.framework/Versions/3.10/lib/python3.10/site-packages/airflow/example_dags/plugins/event_listener.py
[2026-04-21T19:23:55.753+0530] {processor.py:183} INFO - Processing /Library/Frameworks/Python.framework/Versions/3.10/lib/python3.10/site-packages/airflow/example_dags/plugins/event_listener.py took 0.039 seconds
[2026-04-21T21:54:34.620+0530] {processor.py:161} INFO - Started process (PID=67232) to work on /Library/Frameworks/Python.framework/Versions/3.10/lib/python3.10/site-packages/airflow/example_dags/plugins/event_listener.py
[2026-04-21T21:54:34.621+0530] {processor.py:830} INFO - Processing file /Library/Frameworks/Python.framework/Versions/3.10/lib/python3.10/site-packages/airflow/example_dags/plugins/event_listener.py for tasks to queue
[2026-04-21T21:54:34.621+0530] {logging_mixin.py:188} INFO - [2026-04-21T21:54:34.621+0530] {dagbag.py:545} INFO - Filling up the DagBag from /Library/Frameworks/Python.framework/Versions/3.10/lib/python3.10/site-packages/airflow/example_dags/plugins/event_listener.py
[2026-04-21T21:54:34.621+0530] {processor.py:842} WARNING - No viable dags retrieved from /Library/Frameworks/Python.framework/Versions/3.10/lib/python3.10/site-packages/airflow/example_dags/plugins/event_listener.py
[2026-04-21T21:54:34.663+0530] {processor.py:183} INFO - Processing /Library/Frameworks/Python.framework/Versions/3.10/lib/python3.10/site-packages/airflow/example_dags/plugins/event_listener.py took 0.045 seconds
[2026-04-21T23:17:05.303+0530] {processor.py:161} INFO - Started process (PID=67474) to work on /Library/Frameworks/Python.framework/Versions/3.10/lib/python3.10/site-packages/airflow/example_dags/plugins/event_listener.py
[2026-04-21T23:17:05.304+0530] {processor.py:830} INFO - Processing file /Library/Frameworks/Python.framework/Versions/3.10/lib/python3.10/site-packages/airflow/example_dags/plugins/event_listener.py for tasks to queue
[2026-04-21T23:17:05.304+0530] {logging_mixin.py:188} INFO - [2026-04-21T23:17:05.304+0530] {dagbag.py:545} INFO - Filling up the DagBag from /Library/Frameworks/Python.framework/Versions/3.10/lib/python3.10/site-packages/airflow/example_dags/plugins/event_listener.py
[2026-04-21T23:17:05.305+0530] {processor.py:842} WARNING - No viable dags retrieved from /Library/Frameworks/Python.framework/Versions/3.10/lib/python3.10/site-packages/airflow/example_dags/plugins/event_listener.py
[2026-04-21T23:17:05.347+0530] {processor.py:183} INFO - Processing /Library/Frameworks/Python.framework/Versions/3.10/lib/python3.10/site-packages/airflow/example_dags/plugins/event_listener.py took 0.045 seconds
[2026-04-22T01:52:20.776+0530] {processor.py:161} INFO - Started process (PID=67851) to work on /Library/Frameworks/Python.framework/Versions/3.10/lib/python3.10/site-packages/airflow/example_dags/plugins/event_listener.py
[2026-04-22T01:52:20.776+0530] {processor.py:830} INFO - Processing file /Library/Frameworks/Python.framework/Versions/3.10/lib/python3.10/site-packages/airflow/example_dags/plugins/event_listener.py for tasks to queue
[2026-04-22T01:52:20.777+0530] {logging_mixin.py:188} INFO - [2026-04-22T01:52:20.777+0530] {dagbag.py:545} INFO - Filling up the DagBag from /Library/Frameworks/Python.framework/Versions/3.10/lib/python3.10/site-packages/airflow/example_dags/plugins/event_listener.py
[2026-04-22T01:52:20.777+0530] {processor.py:842} WARNING - No viable dags retrieved from /Library/Frameworks/Python.framework/Versions/3.10/lib/python3.10/site-packages/airflow/example_dags/plugins/event_listener.py
[2026-04-22T01:52:20.805+0530] {processor.py:183} INFO - Processing /Library/Frameworks/Python.framework/Versions/3.10/lib/python3.10/site-packages/airflow/example_dags/plugins/event_listener.py took 0.030 seconds
[2026-04-22T03:14:50.641+0530] {processor.py:161} INFO - Started process (PID=68092) to work on /Library/Frameworks/Python.framework/Versions/3.10/lib/python3.10/site-packages/airflow/example_dags/plugins/event_listener.py
[2026-04-22T03:14:50.641+0530] {processor.py:830} INFO - Processing file /Library/Frameworks/Python.framework/Versions/3.10/lib/python3.10/site-packages/airflow/example_dags/plugins/event_listener.py for tasks to queue
[2026-04-22T03:14:50.641+0530] {logging_mixin.py:188} INFO - [2026-04-22T03:14:50.641+0530] {dagbag.py:545} INFO - Filling up the DagBag from /Library/Frameworks/Python.framework/Versions/3.10/lib/python3.10/site-packages/airflow/example_dags/plugins/event_listener.py
[2026-04-22T03:14:50.642+0530] {processor.py:842} WARNING - No viable dags retrieved from /Library/Frameworks/Python.framework/Versions/3.10/lib/python3.10/site-packages/airflow/example_dags/plugins/event_listener.py
[2026-04-22T03:14:50.673+0530] {processor.py:183} INFO - Processing /Library/Frameworks/Python.framework/Versions/3.10/lib/python3.10/site-packages/airflow/example_dags/plugins/event_listener.py took 0.033 seconds
