[2026-04-21T16:28:09.279+0530] {processor.py:161} INFO - Started process (PID=65917) to work on /Library/Frameworks/Python.framework/Versions/3.10/lib/python3.10/site-packages/airflow/example_dags/plugins/workday.py
[2026-04-21T16:28:09.279+0530] {processor.py:830} INFO - Processing file /Library/Frameworks/Python.framework/Versions/3.10/lib/python3.10/site-packages/airflow/example_dags/plugins/workday.py for tasks to queue
[2026-04-21T16:28:09.279+0530] {logging_mixin.py:188} INFO - [2026-04-21T16:28:09.279+0530] {dagbag.py:545} INFO - Filling up the DagBag from /Library/Frameworks/Python.framework/Versions/3.10/lib/python3.10/site-packages/airflow/example_dags/plugins/workday.py
[2026-04-21T16:28:09.642+0530] {processor.py:842} WARNING - No viable dags retrieved from /Library/Frameworks/Python.framework/Versions/3.10/lib/python3.10/site-packages/airflow/example_dags/plugins/workday.py
[2026-04-21T16:28:09.667+0530] {processor.py:183} INFO - Processing /Library/Frameworks/Python.framework/Versions/3.10/lib/python3.10/site-packages/airflow/example_dags/plugins/workday.py took 0.389 seconds
[2026-04-21T16:29:58.885+0530] {processor.py:161} INFO - Started process (PID=66022) to work on /Library/Frameworks/Python.framework/Versions/3.10/lib/python3.10/site-packages/airflow/example_dags/plugins/workday.py
[2026-04-21T16:29:58.886+0530] {processor.py:830} INFO - Processing file /Library/Frameworks/Python.framework/Versions/3.10/lib/python3.10/site-packages/airflow/example_dags/plugins/workday.py for tasks to queue
[2026-04-21T16:29:58.887+0530] {logging_mixin.py:188} INFO - [2026-04-21T16:29:58.887+0530] {dagbag.py:545} INFO - Filling up the DagBag from /Library/Frameworks/Python.framework/Versions/3.10/lib/python3.10/site-packages/airflow/example_dags/plugins/workday.py
[2026-04-21T16:29:59.165+0530] {processor.py:842} WARNING - No viable dags retrieved from /Library/Frameworks/Python.framework/Versions/3.10/lib/python3.10/site-packages/airflow/example_dags/plugins/workday.py
[2026-04-21T16:29:59.190+0530] {processor.py:183} INFO - Processing /Library/Frameworks/Python.framework/Versions/3.10/lib/python3.10/site-packages/airflow/example_dags/plugins/workday.py took 0.306 seconds
[2026-04-21T16:30:48.774+0530] {processor.py:161} INFO - Started process (PID=66561) to work on /Library/Frameworks/Python.framework/Versions/3.10/lib/python3.10/site-packages/airflow/example_dags/plugins/workday.py
[2026-04-21T16:30:48.774+0530] {processor.py:830} INFO - Processing file /Library/Frameworks/Python.framework/Versions/3.10/lib/python3.10/site-packages/airflow/example_dags/plugins/workday.py for tasks to queue
[2026-04-21T16:30:48.774+0530] {logging_mixin.py:188} INFO - [2026-04-21T16:30:48.774+0530] {dagbag.py:545} INFO - Filling up the DagBag from /Library/Frameworks/Python.framework/Versions/3.10/lib/python3.10/site-packages/airflow/example_dags/plugins/workday.py
[2026-04-21T16:30:49.045+0530] {processor.py:842} WARNING - No viable dags retrieved from /Library/Frameworks/Python.framework/Versions/3.10/lib/python3.10/site-packages/airflow/example_dags/plugins/workday.py
[2026-04-21T16:30:49.070+0530] {processor.py:183} INFO - Processing /Library/Frameworks/Python.framework/Versions/3.10/lib/python3.10/site-packages/airflow/example_dags/plugins/workday.py took 0.297 seconds
[2026-04-21T19:23:28.341+0530] {processor.py:161} INFO - Started process (PID=66828) to work on /Library/Frameworks/Python.framework/Versions/3.10/lib/python3.10/site-packages/airflow/example_dags/plugins/workday.py
[2026-04-21T19:23:28.342+0530] {processor.py:830} INFO - Processing file /Library/Frameworks/Python.framework/Versions/3.10/lib/python3.10/site-packages/airflow/example_dags/plugins/workday.py for tasks to queue
[2026-04-21T19:23:28.342+0530] {logging_mixin.py:188} INFO - [2026-04-21T19:23:28.342+0530] {dagbag.py:545} INFO - Filling up the DagBag from /Library/Frameworks/Python.framework/Versions/3.10/lib/python3.10/site-packages/airflow/example_dags/plugins/workday.py
[2026-04-21T19:23:28.695+0530] {processor.py:842} WARNING - No viable dags retrieved from /Library/Frameworks/Python.framework/Versions/3.10/lib/python3.10/site-packages/airflow/example_dags/plugins/workday.py
[2026-04-21T19:23:28.732+0530] {processor.py:183} INFO - Processing /Library/Frameworks/Python.framework/Versions/3.10/lib/python3.10/site-packages/airflow/example_dags/plugins/workday.py took 0.392 seconds
[2026-04-21T21:54:31.996+0530] {processor.py:161} INFO - Started process (PID=67230) to work on /Library/Frameworks/Python.framework/Versions/3.10/lib/python3.10/site-packages/airflow/example_dags/plugins/workday.py
[2026-04-21T21:54:31.996+0530] {processor.py:830} INFO - Processing file /Library/Frameworks/Python.framework/Versions/3.10/lib/python3.10/site-packages/airflow/example_dags/plugins/workday.py for tasks to queue
[2026-04-21T21:54:31.997+0530] {logging_mixin.py:188} INFO - [2026-04-21T21:54:31.996+0530] {dagbag.py:545} INFO - Filling up the DagBag from /Library/Frameworks/Python.framework/Versions/3.10/lib/python3.10/site-packages/airflow/example_dags/plugins/workday.py
[2026-04-21T21:54:32.375+0530] {processor.py:842} WARNING - No viable dags retrieved from /Library/Frameworks/Python.framework/Versions/3.10/lib/python3.10/site-packages/airflow/example_dags/plugins/workday.py
[2026-04-21T21:54:32.415+0530] {processor.py:183} INFO - Processing /Library/Frameworks/Python.framework/Versions/3.10/lib/python3.10/site-packages/airflow/example_dags/plugins/workday.py took 0.420 seconds
[2026-04-21T23:16:59.898+0530] {processor.py:161} INFO - Started process (PID=67461) to work on /Library/Frameworks/Python.framework/Versions/3.10/lib/python3.10/site-packages/airflow/example_dags/plugins/workday.py
[2026-04-21T23:16:59.899+0530] {processor.py:830} INFO - Processing file /Library/Frameworks/Python.framework/Versions/3.10/lib/python3.10/site-packages/airflow/example_dags/plugins/workday.py for tasks to queue
[2026-04-21T23:16:59.900+0530] {logging_mixin.py:188} INFO - [2026-04-21T23:16:59.900+0530] {dagbag.py:545} INFO - Filling up the DagBag from /Library/Frameworks/Python.framework/Versions/3.10/lib/python3.10/site-packages/airflow/example_dags/plugins/workday.py
[2026-04-21T23:17:00.301+0530] {processor.py:842} WARNING - No viable dags retrieved from /Library/Frameworks/Python.framework/Versions/3.10/lib/python3.10/site-packages/airflow/example_dags/plugins/workday.py
[2026-04-21T23:17:00.348+0530] {processor.py:183} INFO - Processing /Library/Frameworks/Python.framework/Versions/3.10/lib/python3.10/site-packages/airflow/example_dags/plugins/workday.py took 0.451 seconds
[2026-04-22T01:52:18.847+0530] {processor.py:161} INFO - Started process (PID=67846) to work on /Library/Frameworks/Python.framework/Versions/3.10/lib/python3.10/site-packages/airflow/example_dags/plugins/workday.py
[2026-04-22T01:52:18.848+0530] {processor.py:830} INFO - Processing file /Library/Frameworks/Python.framework/Versions/3.10/lib/python3.10/site-packages/airflow/example_dags/plugins/workday.py for tasks to queue
[2026-04-22T01:52:18.848+0530] {logging_mixin.py:188} INFO - [2026-04-22T01:52:18.848+0530] {dagbag.py:545} INFO - Filling up the DagBag from /Library/Frameworks/Python.framework/Versions/3.10/lib/python3.10/site-packages/airflow/example_dags/plugins/workday.py
[2026-04-22T01:52:19.155+0530] {processor.py:842} WARNING - No viable dags retrieved from /Library/Frameworks/Python.framework/Versions/3.10/lib/python3.10/site-packages/airflow/example_dags/plugins/workday.py
[2026-04-22T01:52:19.186+0530] {processor.py:183} INFO - Processing /Library/Frameworks/Python.framework/Versions/3.10/lib/python3.10/site-packages/airflow/example_dags/plugins/workday.py took 0.340 seconds
[2026-04-22T03:14:48.471+0530] {processor.py:161} INFO - Started process (PID=68090) to work on /Library/Frameworks/Python.framework/Versions/3.10/lib/python3.10/site-packages/airflow/example_dags/plugins/workday.py
[2026-04-22T03:14:48.472+0530] {processor.py:830} INFO - Processing file /Library/Frameworks/Python.framework/Versions/3.10/lib/python3.10/site-packages/airflow/example_dags/plugins/workday.py for tasks to queue
[2026-04-22T03:14:48.473+0530] {logging_mixin.py:188} INFO - [2026-04-22T03:14:48.473+0530] {dagbag.py:545} INFO - Filling up the DagBag from /Library/Frameworks/Python.framework/Versions/3.10/lib/python3.10/site-packages/airflow/example_dags/plugins/workday.py
[2026-04-22T03:14:48.759+0530] {processor.py:842} WARNING - No viable dags retrieved from /Library/Frameworks/Python.framework/Versions/3.10/lib/python3.10/site-packages/airflow/example_dags/plugins/workday.py
[2026-04-22T03:14:48.785+0530] {processor.py:183} INFO - Processing /Library/Frameworks/Python.framework/Versions/3.10/lib/python3.10/site-packages/airflow/example_dags/plugins/workday.py took 0.315 seconds
