[2026-04-22T05:56:57.561+0530] {processor.py:161} INFO - Started process (PID=68486) to work on /Users/srish/Documents/mlops+fintech/dags/fraud_pipeline.py
[2026-04-22T05:56:57.561+0530] {processor.py:830} INFO - Processing file /Users/srish/Documents/mlops+fintech/dags/fraud_pipeline.py for tasks to queue
[2026-04-22T05:56:57.562+0530] {logging_mixin.py:188} INFO - [2026-04-22T05:56:57.561+0530] {dagbag.py:545} INFO - Filling up the DagBag from /Users/srish/Documents/mlops+fintech/dags/fraud_pipeline.py
[2026-04-22T05:56:57.578+0530] {processor.py:840} INFO - DAG(s) 'fraud_detection_pipeline' retrieved from /Users/srish/Documents/mlops+fintech/dags/fraud_pipeline.py
[2026-04-22T05:56:57.622+0530] {logging_mixin.py:188} INFO - [2026-04-22T05:56:57.622+0530] {taskinstance.py:2907} ERROR - {'DAG Id': 'fraud_detection_pipeline', 'Task Id': 'retrain_model', 'Run Id': 'manual__2026-04-10T14:19:05+00:00', 'Hostname': 'srishtis-macbook-air.local'}
[2026-04-22T05:56:57.627+0530] {logging_mixin.py:188} INFO - [2026-04-22T05:56:57.627+0530] {taskinstance.py:1206} INFO - Marking task as UP_FOR_RETRY. dag_id=fraud_detection_pipeline, task_id=retrain_model, run_id=manual__2026-04-10T14:19:05+00:00, execution_date=20260410T141905, start_date=20260421T232917, end_date=20260422T002657
[2026-04-22T05:56:57.632+0530] {processor.py:791} INFO - Executed failure callback for <TaskInstance: fraud_detection_pipeline.retrain_model manual__2026-04-10T14:19:05+00:00 [up_for_retry]> in state up_for_retry
[2026-04-22T05:56:57.702+0530] {logging_mixin.py:188} INFO - [2026-04-22T05:56:57.702+0530] {dag.py:3096} INFO - Sync 1 DAGs
[2026-04-22T05:56:57.714+0530] {processor.py:183} INFO - Processing /Users/srish/Documents/mlops+fintech/dags/fraud_pipeline.py took 0.155 seconds
[2026-04-22T07:21:40.405+0530] {processor.py:161} INFO - Started process (PID=68733) to work on /Users/srish/Documents/mlops+fintech/dags/fraud_pipeline.py
[2026-04-22T07:21:40.406+0530] {processor.py:830} INFO - Processing file /Users/srish/Documents/mlops+fintech/dags/fraud_pipeline.py for tasks to queue
[2026-04-22T07:21:40.406+0530] {logging_mixin.py:188} INFO - [2026-04-22T07:21:40.406+0530] {dagbag.py:545} INFO - Filling up the DagBag from /Users/srish/Documents/mlops+fintech/dags/fraud_pipeline.py
[2026-04-22T07:21:40.422+0530] {processor.py:840} INFO - DAG(s) 'fraud_detection_pipeline' retrieved from /Users/srish/Documents/mlops+fintech/dags/fraud_pipeline.py
[2026-04-22T07:21:40.455+0530] {logging_mixin.py:188} INFO - [2026-04-22T07:21:40.455+0530] {taskinstance.py:2907} ERROR - {'DAG Id': 'fraud_detection_pipeline', 'Task Id': 'retrain_model', 'Run Id': 'manual__2026-04-10T14:19:05+00:00', 'Hostname': 'srishtis-macbook-air.local'}
[2026-04-22T07:21:40.459+0530] {logging_mixin.py:188} INFO - [2026-04-22T07:21:40.459+0530] {taskinstance.py:1206} INFO - Marking task as UP_FOR_RETRY. dag_id=fraud_detection_pipeline, task_id=retrain_model, run_id=manual__2026-04-10T14:19:05+00:00, execution_date=20260410T141905, start_date=20260422T004336, end_date=20260422T015140
[2026-04-22T07:21:40.464+0530] {processor.py:791} INFO - Executed failure callback for <TaskInstance: fraud_detection_pipeline.retrain_model manual__2026-04-10T14:19:05+00:00 [up_for_retry]> in state up_for_retry
[2026-04-22T07:21:40.485+0530] {logging_mixin.py:188} INFO - [2026-04-22T07:21:40.485+0530] {dag.py:3096} INFO - Sync 1 DAGs
[2026-04-22T07:21:40.496+0530] {processor.py:183} INFO - Processing /Users/srish/Documents/mlops+fintech/dags/fraud_pipeline.py took 0.092 seconds
[2026-04-22T07:23:22.955+0530] {processor.py:161} INFO - Started process (PID=68777) to work on /Users/srish/Documents/mlops+fintech/dags/fraud_pipeline.py
[2026-04-22T07:23:22.956+0530] {processor.py:830} INFO - Processing file /Users/srish/Documents/mlops+fintech/dags/fraud_pipeline.py for tasks to queue
[2026-04-22T07:23:22.956+0530] {logging_mixin.py:188} INFO - [2026-04-22T07:23:22.956+0530] {dagbag.py:545} INFO - Filling up the DagBag from /Users/srish/Documents/mlops+fintech/dags/fraud_pipeline.py
[2026-04-22T07:23:22.966+0530] {processor.py:840} INFO - DAG(s) 'fraud_detection_pipeline' retrieved from /Users/srish/Documents/mlops+fintech/dags/fraud_pipeline.py
[2026-04-22T07:23:23.001+0530] {logging_mixin.py:188} INFO - [2026-04-22T07:23:23.001+0530] {dag.py:3096} INFO - Sync 1 DAGs
[2026-04-22T07:23:23.011+0530] {processor.py:183} INFO - Processing /Users/srish/Documents/mlops+fintech/dags/fraud_pipeline.py took 0.057 seconds
[2026-04-22T08:30:29.944+0530] {processor.py:161} INFO - Started process (PID=68897) to work on /Users/srish/Documents/mlops+fintech/dags/fraud_pipeline.py
[2026-04-22T08:30:29.945+0530] {processor.py:830} INFO - Processing file /Users/srish/Documents/mlops+fintech/dags/fraud_pipeline.py for tasks to queue
[2026-04-22T08:30:29.945+0530] {logging_mixin.py:188} INFO - [2026-04-22T08:30:29.945+0530] {dagbag.py:545} INFO - Filling up the DagBag from /Users/srish/Documents/mlops+fintech/dags/fraud_pipeline.py
[2026-04-22T08:30:29.964+0530] {processor.py:840} INFO - DAG(s) 'fraud_detection_pipeline' retrieved from /Users/srish/Documents/mlops+fintech/dags/fraud_pipeline.py
[2026-04-22T08:30:29.997+0530] {logging_mixin.py:188} INFO - [2026-04-22T08:30:29.997+0530] {taskinstance.py:2907} ERROR - {'DAG Id': 'fraud_detection_pipeline', 'Task Id': 'retrain_model', 'Run Id': 'manual__2026-04-10T14:19:05+00:00', 'Hostname': 'srishtis-macbook-air.local'}
[2026-04-22T08:30:30.001+0530] {logging_mixin.py:188} INFO - [2026-04-22T08:30:30.001+0530] {taskinstance.py:1206} INFO - Marking task as FAILED. dag_id=fraud_detection_pipeline, task_id=retrain_model, run_id=manual__2026-04-10T14:19:05+00:00, execution_date=20260410T141905, start_date=20260422T020946, end_date=20260422T030029
[2026-04-22T08:30:30.005+0530] {processor.py:791} INFO - Executed failure callback for <TaskInstance: fraud_detection_pipeline.retrain_model manual__2026-04-10T14:19:05+00:00 [failed]> in state failed
[2026-04-22T08:30:30.026+0530] {logging_mixin.py:188} INFO - [2026-04-22T08:30:30.026+0530] {dag.py:3096} INFO - Sync 1 DAGs
[2026-04-22T08:30:30.035+0530] {processor.py:183} INFO - Processing /Users/srish/Documents/mlops+fintech/dags/fraud_pipeline.py took 0.092 seconds
[2026-04-22T09:47:41.831+0530] {processor.py:161} INFO - Started process (PID=69076) to work on /Users/srish/Documents/mlops+fintech/dags/fraud_pipeline.py
[2026-04-22T09:47:41.832+0530] {processor.py:830} INFO - Processing file /Users/srish/Documents/mlops+fintech/dags/fraud_pipeline.py for tasks to queue
[2026-04-22T09:47:41.832+0530] {logging_mixin.py:188} INFO - [2026-04-22T09:47:41.832+0530] {dagbag.py:545} INFO - Filling up the DagBag from /Users/srish/Documents/mlops+fintech/dags/fraud_pipeline.py
[2026-04-22T09:47:41.846+0530] {processor.py:840} INFO - DAG(s) 'fraud_detection_pipeline' retrieved from /Users/srish/Documents/mlops+fintech/dags/fraud_pipeline.py
[2026-04-22T09:47:41.882+0530] {logging_mixin.py:188} INFO - [2026-04-22T09:47:41.882+0530] {taskinstance.py:2907} ERROR - {'DAG Id': 'fraud_detection_pipeline', 'Task Id': 'retrain_model', 'Run Id': 'scheduled__2026-04-11T02:00:00+00:00', 'Hostname': 'srishtis-macbook-air.local'}
[2026-04-22T09:47:41.887+0530] {logging_mixin.py:188} INFO - [2026-04-22T09:47:41.887+0530] {taskinstance.py:1206} INFO - Marking task as UP_FOR_RETRY. dag_id=fraud_detection_pipeline, task_id=retrain_model, run_id=scheduled__2026-04-11T02:00:00+00:00, execution_date=20260411T020000, start_date=20260422T031911, end_date=20260422T041741
[2026-04-22T09:47:41.891+0530] {processor.py:791} INFO - Executed failure callback for <TaskInstance: fraud_detection_pipeline.retrain_model scheduled__2026-04-11T02:00:00+00:00 [up_for_retry]> in state up_for_retry
[2026-04-22T09:47:41.907+0530] {logging_mixin.py:188} INFO - [2026-04-22T09:47:41.907+0530] {dag.py:3096} INFO - Sync 1 DAGs
[2026-04-22T09:47:41.918+0530] {processor.py:183} INFO - Processing /Users/srish/Documents/mlops+fintech/dags/fraud_pipeline.py took 0.088 seconds
[2026-04-22T11:47:13.098+0530] {processor.py:161} INFO - Started process (PID=69266) to work on /Users/srish/Documents/mlops+fintech/dags/fraud_pipeline.py
[2026-04-22T11:47:13.099+0530] {processor.py:830} INFO - Processing file /Users/srish/Documents/mlops+fintech/dags/fraud_pipeline.py for tasks to queue
[2026-04-22T11:47:13.099+0530] {logging_mixin.py:188} INFO - [2026-04-22T11:47:13.099+0530] {dagbag.py:545} INFO - Filling up the DagBag from /Users/srish/Documents/mlops+fintech/dags/fraud_pipeline.py
[2026-04-22T11:47:13.116+0530] {processor.py:840} INFO - DAG(s) 'fraud_detection_pipeline' retrieved from /Users/srish/Documents/mlops+fintech/dags/fraud_pipeline.py
[2026-04-22T11:47:13.151+0530] {logging_mixin.py:188} INFO - [2026-04-22T11:47:13.151+0530] {taskinstance.py:2907} ERROR - {'DAG Id': 'fraud_detection_pipeline', 'Task Id': 'retrain_model', 'Run Id': 'scheduled__2026-04-11T02:00:00+00:00', 'Hostname': 'srishtis-macbook-air.local'}
[2026-04-22T11:47:13.158+0530] {logging_mixin.py:188} INFO - [2026-04-22T11:47:13.158+0530] {taskinstance.py:1206} INFO - Marking task as UP_FOR_RETRY. dag_id=fraud_detection_pipeline, task_id=retrain_model, run_id=scheduled__2026-04-11T02:00:00+00:00, execution_date=20260411T020000, start_date=20260422T042812, end_date=20260422T061713
[2026-04-22T11:47:13.162+0530] {processor.py:791} INFO - Executed failure callback for <TaskInstance: fraud_detection_pipeline.retrain_model scheduled__2026-04-11T02:00:00+00:00 [up_for_retry]> in state up_for_retry
[2026-04-22T11:47:13.184+0530] {logging_mixin.py:188} INFO - [2026-04-22T11:47:13.184+0530] {dag.py:3096} INFO - Sync 1 DAGs
[2026-04-22T11:47:13.194+0530] {processor.py:183} INFO - Processing /Users/srish/Documents/mlops+fintech/dags/fraud_pipeline.py took 0.098 seconds
[2026-04-22T11:47:53.388+0530] {processor.py:161} INFO - Started process (PID=69342) to work on /Users/srish/Documents/mlops+fintech/dags/fraud_pipeline.py
[2026-04-22T11:47:53.390+0530] {processor.py:830} INFO - Processing file /Users/srish/Documents/mlops+fintech/dags/fraud_pipeline.py for tasks to queue
[2026-04-22T11:47:53.390+0530] {logging_mixin.py:188} INFO - [2026-04-22T11:47:53.390+0530] {dagbag.py:545} INFO - Filling up the DagBag from /Users/srish/Documents/mlops+fintech/dags/fraud_pipeline.py
[2026-04-22T11:47:53.400+0530] {processor.py:840} INFO - DAG(s) 'fraud_detection_pipeline' retrieved from /Users/srish/Documents/mlops+fintech/dags/fraud_pipeline.py
[2026-04-22T11:47:53.432+0530] {logging_mixin.py:188} INFO - [2026-04-22T11:47:53.432+0530] {dag.py:3096} INFO - Sync 1 DAGs
[2026-04-22T11:47:53.443+0530] {processor.py:183} INFO - Processing /Users/srish/Documents/mlops+fintech/dags/fraud_pipeline.py took 0.056 seconds
[2026-04-22T11:48:30.708+0530] {processor.py:161} INFO - Started process (PID=69410) to work on /Users/srish/Documents/mlops+fintech/dags/fraud_pipeline.py
[2026-04-22T11:48:30.708+0530] {processor.py:830} INFO - Processing file /Users/srish/Documents/mlops+fintech/dags/fraud_pipeline.py for tasks to queue
[2026-04-22T11:48:30.708+0530] {logging_mixin.py:188} INFO - [2026-04-22T11:48:30.708+0530] {dagbag.py:545} INFO - Filling up the DagBag from /Users/srish/Documents/mlops+fintech/dags/fraud_pipeline.py
[2026-04-22T11:48:30.719+0530] {processor.py:840} INFO - DAG(s) 'fraud_detection_pipeline' retrieved from /Users/srish/Documents/mlops+fintech/dags/fraud_pipeline.py
[2026-04-22T11:48:30.752+0530] {logging_mixin.py:188} INFO - [2026-04-22T11:48:30.752+0530] {dag.py:3096} INFO - Sync 1 DAGs
[2026-04-22T11:48:30.762+0530] {processor.py:183} INFO - Processing /Users/srish/Documents/mlops+fintech/dags/fraud_pipeline.py took 0.055 seconds
[2026-04-22T11:49:08.366+0530] {processor.py:161} INFO - Started process (PID=69471) to work on /Users/srish/Documents/mlops+fintech/dags/fraud_pipeline.py
[2026-04-22T11:49:08.367+0530] {processor.py:830} INFO - Processing file /Users/srish/Documents/mlops+fintech/dags/fraud_pipeline.py for tasks to queue
[2026-04-22T11:49:08.367+0530] {logging_mixin.py:188} INFO - [2026-04-22T11:49:08.367+0530] {dagbag.py:545} INFO - Filling up the DagBag from /Users/srish/Documents/mlops+fintech/dags/fraud_pipeline.py
[2026-04-22T11:49:08.378+0530] {processor.py:840} INFO - DAG(s) 'fraud_detection_pipeline' retrieved from /Users/srish/Documents/mlops+fintech/dags/fraud_pipeline.py
[2026-04-22T11:49:08.411+0530] {logging_mixin.py:188} INFO - [2026-04-22T11:49:08.411+0530] {dag.py:3096} INFO - Sync 1 DAGs
[2026-04-22T11:49:08.421+0530] {processor.py:183} INFO - Processing /Users/srish/Documents/mlops+fintech/dags/fraud_pipeline.py took 0.056 seconds
[2026-04-22T11:49:44.740+0530] {processor.py:161} INFO - Started process (PID=69524) to work on /Users/srish/Documents/mlops+fintech/dags/fraud_pipeline.py
[2026-04-22T11:49:44.741+0530] {processor.py:830} INFO - Processing file /Users/srish/Documents/mlops+fintech/dags/fraud_pipeline.py for tasks to queue
[2026-04-22T11:49:44.742+0530] {logging_mixin.py:188} INFO - [2026-04-22T11:49:44.742+0530] {dagbag.py:545} INFO - Filling up the DagBag from /Users/srish/Documents/mlops+fintech/dags/fraud_pipeline.py
[2026-04-22T11:49:44.753+0530] {processor.py:840} INFO - DAG(s) 'fraud_detection_pipeline' retrieved from /Users/srish/Documents/mlops+fintech/dags/fraud_pipeline.py
[2026-04-22T11:49:44.785+0530] {logging_mixin.py:188} INFO - [2026-04-22T11:49:44.784+0530] {dag.py:3096} INFO - Sync 1 DAGs
[2026-04-22T11:49:44.794+0530] {processor.py:183} INFO - Processing /Users/srish/Documents/mlops+fintech/dags/fraud_pipeline.py took 0.055 seconds
[2026-04-22T11:50:21.937+0530] {processor.py:161} INFO - Started process (PID=69593) to work on /Users/srish/Documents/mlops+fintech/dags/fraud_pipeline.py
[2026-04-22T11:50:21.937+0530] {processor.py:830} INFO - Processing file /Users/srish/Documents/mlops+fintech/dags/fraud_pipeline.py for tasks to queue
[2026-04-22T11:50:21.938+0530] {logging_mixin.py:188} INFO - [2026-04-22T11:50:21.937+0530] {dagbag.py:545} INFO - Filling up the DagBag from /Users/srish/Documents/mlops+fintech/dags/fraud_pipeline.py
[2026-04-22T11:50:21.949+0530] {processor.py:840} INFO - DAG(s) 'fraud_detection_pipeline' retrieved from /Users/srish/Documents/mlops+fintech/dags/fraud_pipeline.py
[2026-04-22T11:50:21.983+0530] {logging_mixin.py:188} INFO - [2026-04-22T11:50:21.983+0530] {dag.py:3096} INFO - Sync 1 DAGs
[2026-04-22T11:50:21.993+0530] {processor.py:183} INFO - Processing /Users/srish/Documents/mlops+fintech/dags/fraud_pipeline.py took 0.058 seconds
[2026-04-22T11:50:59.521+0530] {processor.py:161} INFO - Started process (PID=69695) to work on /Users/srish/Documents/mlops+fintech/dags/fraud_pipeline.py
[2026-04-22T11:50:59.522+0530] {processor.py:830} INFO - Processing file /Users/srish/Documents/mlops+fintech/dags/fraud_pipeline.py for tasks to queue
[2026-04-22T11:50:59.522+0530] {logging_mixin.py:188} INFO - [2026-04-22T11:50:59.522+0530] {dagbag.py:545} INFO - Filling up the DagBag from /Users/srish/Documents/mlops+fintech/dags/fraud_pipeline.py
[2026-04-22T11:50:59.534+0530] {processor.py:840} INFO - DAG(s) 'fraud_detection_pipeline' retrieved from /Users/srish/Documents/mlops+fintech/dags/fraud_pipeline.py
[2026-04-22T11:50:59.565+0530] {logging_mixin.py:188} INFO - [2026-04-22T11:50:59.565+0530] {dag.py:3096} INFO - Sync 1 DAGs
[2026-04-22T11:50:59.575+0530] {processor.py:183} INFO - Processing /Users/srish/Documents/mlops+fintech/dags/fraud_pipeline.py took 0.055 seconds
[2026-04-22T12:08:08.349+0530] {processor.py:161} INFO - Started process (PID=70757) to work on /Users/srish/Documents/mlops+fintech/dags/fraud_pipeline.py
[2026-04-22T12:08:08.350+0530] {processor.py:830} INFO - Processing file /Users/srish/Documents/mlops+fintech/dags/fraud_pipeline.py for tasks to queue
[2026-04-22T12:08:08.350+0530] {logging_mixin.py:188} INFO - [2026-04-22T12:08:08.350+0530] {dagbag.py:545} INFO - Filling up the DagBag from /Users/srish/Documents/mlops+fintech/dags/fraud_pipeline.py
[2026-04-22T12:08:08.362+0530] {processor.py:840} INFO - DAG(s) 'fraud_detection_pipeline' retrieved from /Users/srish/Documents/mlops+fintech/dags/fraud_pipeline.py
[2026-04-22T12:08:08.394+0530] {logging_mixin.py:188} INFO - [2026-04-22T12:08:08.394+0530] {dag.py:3096} INFO - Sync 1 DAGs
[2026-04-22T12:08:08.405+0530] {processor.py:183} INFO - Processing /Users/srish/Documents/mlops+fintech/dags/fraud_pipeline.py took 0.057 seconds
[2026-04-22T12:13:09.395+0530] {processor.py:161} INFO - Started process (PID=71133) to work on /Users/srish/Documents/mlops+fintech/dags/fraud_pipeline.py
[2026-04-22T12:13:09.396+0530] {processor.py:830} INFO - Processing file /Users/srish/Documents/mlops+fintech/dags/fraud_pipeline.py for tasks to queue
[2026-04-22T12:13:09.396+0530] {logging_mixin.py:188} INFO - [2026-04-22T12:13:09.396+0530] {dagbag.py:545} INFO - Filling up the DagBag from /Users/srish/Documents/mlops+fintech/dags/fraud_pipeline.py
[2026-04-22T12:13:09.406+0530] {processor.py:840} INFO - DAG(s) 'fraud_detection_pipeline' retrieved from /Users/srish/Documents/mlops+fintech/dags/fraud_pipeline.py
[2026-04-22T12:13:09.438+0530] {logging_mixin.py:188} INFO - [2026-04-22T12:13:09.438+0530] {dag.py:3096} INFO - Sync 1 DAGs
[2026-04-22T12:13:09.448+0530] {processor.py:183} INFO - Processing /Users/srish/Documents/mlops+fintech/dags/fraud_pipeline.py took 0.053 seconds
[2026-04-22T12:17:30.040+0530] {processor.py:161} INFO - Started process (PID=71436) to work on /Users/srish/Documents/mlops+fintech/dags/fraud_pipeline.py
[2026-04-22T12:17:30.041+0530] {processor.py:830} INFO - Processing file /Users/srish/Documents/mlops+fintech/dags/fraud_pipeline.py for tasks to queue
[2026-04-22T12:17:30.041+0530] {logging_mixin.py:188} INFO - [2026-04-22T12:17:30.041+0530] {dagbag.py:545} INFO - Filling up the DagBag from /Users/srish/Documents/mlops+fintech/dags/fraud_pipeline.py
[2026-04-22T12:17:30.056+0530] {processor.py:840} INFO - DAG(s) 'fraud_detection_pipeline' retrieved from /Users/srish/Documents/mlops+fintech/dags/fraud_pipeline.py
[2026-04-22T12:17:30.097+0530] {logging_mixin.py:188} INFO - [2026-04-22T12:17:30.096+0530] {dag.py:3096} INFO - Sync 1 DAGs
[2026-04-22T12:17:30.107+0530] {processor.py:183} INFO - Processing /Users/srish/Documents/mlops+fintech/dags/fraud_pipeline.py took 0.068 seconds
[2026-04-22T12:19:39.753+0530] {processor.py:161} INFO - Started process (PID=71741) to work on /Users/srish/Documents/mlops+fintech/dags/fraud_pipeline.py
[2026-04-22T12:19:39.754+0530] {processor.py:830} INFO - Processing file /Users/srish/Documents/mlops+fintech/dags/fraud_pipeline.py for tasks to queue
[2026-04-22T12:19:39.754+0530] {logging_mixin.py:188} INFO - [2026-04-22T12:19:39.754+0530] {dagbag.py:545} INFO - Filling up the DagBag from /Users/srish/Documents/mlops+fintech/dags/fraud_pipeline.py
[2026-04-22T12:19:39.766+0530] {processor.py:840} INFO - DAG(s) 'fraud_detection_pipeline' retrieved from /Users/srish/Documents/mlops+fintech/dags/fraud_pipeline.py
[2026-04-22T12:19:39.800+0530] {logging_mixin.py:188} INFO - [2026-04-22T12:19:39.800+0530] {dag.py:3096} INFO - Sync 1 DAGs
[2026-04-22T12:19:39.807+0530] {logging_mixin.py:188} INFO - [2026-04-22T12:19:39.806+0530] {dag.py:3954} INFO - Setting next_dagrun for fraud_detection_pipeline to 2026-04-21 02:00:00+00:00, run_after=2026-04-22 02:00:00+00:00
[2026-04-22T12:19:39.813+0530] {processor.py:183} INFO - Processing /Users/srish/Documents/mlops+fintech/dags/fraud_pipeline.py took 0.061 seconds
[2026-04-22T12:21:01.912+0530] {processor.py:161} INFO - Started process (PID=72261) to work on /Users/srish/Documents/mlops+fintech/dags/fraud_pipeline.py
[2026-04-22T12:21:01.912+0530] {processor.py:830} INFO - Processing file /Users/srish/Documents/mlops+fintech/dags/fraud_pipeline.py for tasks to queue
[2026-04-22T12:21:01.912+0530] {logging_mixin.py:188} INFO - [2026-04-22T12:21:01.912+0530] {dagbag.py:545} INFO - Filling up the DagBag from /Users/srish/Documents/mlops+fintech/dags/fraud_pipeline.py
[2026-04-22T12:21:01.922+0530] {processor.py:840} INFO - DAG(s) 'fraud_detection_pipeline' retrieved from /Users/srish/Documents/mlops+fintech/dags/fraud_pipeline.py
[2026-04-22T12:21:01.955+0530] {logging_mixin.py:188} INFO - [2026-04-22T12:21:01.955+0530] {dag.py:3096} INFO - Sync 1 DAGs
[2026-04-22T12:21:01.961+0530] {logging_mixin.py:188} INFO - [2026-04-22T12:21:01.961+0530] {dag.py:3954} INFO - Setting next_dagrun for fraud_detection_pipeline to 2026-04-22 02:00:00+00:00, run_after=2026-04-23 02:00:00+00:00
[2026-04-22T12:21:01.966+0530] {processor.py:183} INFO - Processing /Users/srish/Documents/mlops+fintech/dags/fraud_pipeline.py took 0.055 seconds
[2026-04-22T12:21:56.551+0530] {processor.py:161} INFO - Started process (PID=72385) to work on /Users/srish/Documents/mlops+fintech/dags/fraud_pipeline.py
[2026-04-22T12:21:56.551+0530] {processor.py:830} INFO - Processing file /Users/srish/Documents/mlops+fintech/dags/fraud_pipeline.py for tasks to queue
[2026-04-22T12:21:56.552+0530] {logging_mixin.py:188} INFO - [2026-04-22T12:21:56.552+0530] {dagbag.py:545} INFO - Filling up the DagBag from /Users/srish/Documents/mlops+fintech/dags/fraud_pipeline.py
[2026-04-22T12:21:56.563+0530] {processor.py:840} INFO - DAG(s) 'fraud_detection_pipeline' retrieved from /Users/srish/Documents/mlops+fintech/dags/fraud_pipeline.py
[2026-04-22T12:21:56.596+0530] {logging_mixin.py:188} INFO - [2026-04-22T12:21:56.596+0530] {dag.py:3096} INFO - Sync 1 DAGs
[2026-04-22T12:21:56.602+0530] {logging_mixin.py:188} INFO - [2026-04-22T12:21:56.602+0530] {dag.py:3954} INFO - Setting next_dagrun for fraud_detection_pipeline to 2026-04-22 02:00:00+00:00, run_after=2026-04-23 02:00:00+00:00
[2026-04-22T12:21:56.608+0530] {processor.py:183} INFO - Processing /Users/srish/Documents/mlops+fintech/dags/fraud_pipeline.py took 0.058 seconds
[2026-04-22T12:22:47.990+0530] {processor.py:161} INFO - Started process (PID=72483) to work on /Users/srish/Documents/mlops+fintech/dags/fraud_pipeline.py
[2026-04-22T12:22:47.990+0530] {processor.py:830} INFO - Processing file /Users/srish/Documents/mlops+fintech/dags/fraud_pipeline.py for tasks to queue
[2026-04-22T12:22:47.991+0530] {logging_mixin.py:188} INFO - [2026-04-22T12:22:47.991+0530] {dagbag.py:545} INFO - Filling up the DagBag from /Users/srish/Documents/mlops+fintech/dags/fraud_pipeline.py
[2026-04-22T12:22:48.003+0530] {processor.py:840} INFO - DAG(s) 'fraud_detection_pipeline' retrieved from /Users/srish/Documents/mlops+fintech/dags/fraud_pipeline.py
[2026-04-22T12:22:48.040+0530] {logging_mixin.py:188} INFO - [2026-04-22T12:22:48.040+0530] {dag.py:3096} INFO - Sync 1 DAGs
[2026-04-22T12:22:48.046+0530] {logging_mixin.py:188} INFO - [2026-04-22T12:22:48.045+0530] {dag.py:3954} INFO - Setting next_dagrun for fraud_detection_pipeline to 2026-04-22 02:00:00+00:00, run_after=2026-04-23 02:00:00+00:00
[2026-04-22T12:22:48.052+0530] {processor.py:183} INFO - Processing /Users/srish/Documents/mlops+fintech/dags/fraud_pipeline.py took 0.063 seconds
[2026-04-22T12:23:38.681+0530] {processor.py:161} INFO - Started process (PID=72554) to work on /Users/srish/Documents/mlops+fintech/dags/fraud_pipeline.py
[2026-04-22T12:23:38.681+0530] {processor.py:830} INFO - Processing file /Users/srish/Documents/mlops+fintech/dags/fraud_pipeline.py for tasks to queue
[2026-04-22T12:23:38.681+0530] {logging_mixin.py:188} INFO - [2026-04-22T12:23:38.681+0530] {dagbag.py:545} INFO - Filling up the DagBag from /Users/srish/Documents/mlops+fintech/dags/fraud_pipeline.py
[2026-04-22T12:23:38.691+0530] {processor.py:840} INFO - DAG(s) 'fraud_detection_pipeline' retrieved from /Users/srish/Documents/mlops+fintech/dags/fraud_pipeline.py
[2026-04-22T12:23:38.723+0530] {logging_mixin.py:188} INFO - [2026-04-22T12:23:38.723+0530] {dag.py:3096} INFO - Sync 1 DAGs
[2026-04-22T12:23:38.729+0530] {logging_mixin.py:188} INFO - [2026-04-22T12:23:38.729+0530] {dag.py:3954} INFO - Setting next_dagrun for fraud_detection_pipeline to 2026-04-22 02:00:00+00:00, run_after=2026-04-23 02:00:00+00:00
[2026-04-22T12:23:38.735+0530] {processor.py:183} INFO - Processing /Users/srish/Documents/mlops+fintech/dags/fraud_pipeline.py took 0.055 seconds
[2026-04-22T12:24:30.790+0530] {processor.py:161} INFO - Started process (PID=72606) to work on /Users/srish/Documents/mlops+fintech/dags/fraud_pipeline.py
[2026-04-22T12:24:30.791+0530] {processor.py:830} INFO - Processing file /Users/srish/Documents/mlops+fintech/dags/fraud_pipeline.py for tasks to queue
[2026-04-22T12:24:30.791+0530] {logging_mixin.py:188} INFO - [2026-04-22T12:24:30.791+0530] {dagbag.py:545} INFO - Filling up the DagBag from /Users/srish/Documents/mlops+fintech/dags/fraud_pipeline.py
[2026-04-22T12:24:30.801+0530] {processor.py:840} INFO - DAG(s) 'fraud_detection_pipeline' retrieved from /Users/srish/Documents/mlops+fintech/dags/fraud_pipeline.py
[2026-04-22T12:24:30.833+0530] {logging_mixin.py:188} INFO - [2026-04-22T12:24:30.833+0530] {dag.py:3096} INFO - Sync 1 DAGs
[2026-04-22T12:24:30.838+0530] {logging_mixin.py:188} INFO - [2026-04-22T12:24:30.838+0530] {dag.py:3954} INFO - Setting next_dagrun for fraud_detection_pipeline to 2026-04-22 02:00:00+00:00, run_after=2026-04-23 02:00:00+00:00
[2026-04-22T12:24:30.843+0530] {processor.py:183} INFO - Processing /Users/srish/Documents/mlops+fintech/dags/fraud_pipeline.py took 0.054 seconds
[2026-04-22T12:25:21.348+0530] {processor.py:161} INFO - Started process (PID=72810) to work on /Users/srish/Documents/mlops+fintech/dags/fraud_pipeline.py
[2026-04-22T12:25:21.349+0530] {processor.py:830} INFO - Processing file /Users/srish/Documents/mlops+fintech/dags/fraud_pipeline.py for tasks to queue
[2026-04-22T12:25:21.349+0530] {logging_mixin.py:188} INFO - [2026-04-22T12:25:21.349+0530] {dagbag.py:545} INFO - Filling up the DagBag from /Users/srish/Documents/mlops+fintech/dags/fraud_pipeline.py
[2026-04-22T12:25:21.360+0530] {processor.py:840} INFO - DAG(s) 'fraud_detection_pipeline' retrieved from /Users/srish/Documents/mlops+fintech/dags/fraud_pipeline.py
[2026-04-22T12:25:21.393+0530] {logging_mixin.py:188} INFO - [2026-04-22T12:25:21.393+0530] {dag.py:3096} INFO - Sync 1 DAGs
[2026-04-22T12:25:21.398+0530] {logging_mixin.py:188} INFO - [2026-04-22T12:25:21.398+0530] {dag.py:3954} INFO - Setting next_dagrun for fraud_detection_pipeline to 2026-04-22 02:00:00+00:00, run_after=2026-04-23 02:00:00+00:00
[2026-04-22T12:25:21.404+0530] {processor.py:183} INFO - Processing /Users/srish/Documents/mlops+fintech/dags/fraud_pipeline.py took 0.056 seconds
[2026-04-22T12:26:15.793+0530] {processor.py:161} INFO - Started process (PID=72888) to work on /Users/srish/Documents/mlops+fintech/dags/fraud_pipeline.py
[2026-04-22T12:26:15.794+0530] {processor.py:830} INFO - Processing file /Users/srish/Documents/mlops+fintech/dags/fraud_pipeline.py for tasks to queue
[2026-04-22T12:26:15.795+0530] {logging_mixin.py:188} INFO - [2026-04-22T12:26:15.795+0530] {dagbag.py:545} INFO - Filling up the DagBag from /Users/srish/Documents/mlops+fintech/dags/fraud_pipeline.py
[2026-04-22T12:26:15.805+0530] {processor.py:840} INFO - DAG(s) 'fraud_detection_pipeline' retrieved from /Users/srish/Documents/mlops+fintech/dags/fraud_pipeline.py
[2026-04-22T12:26:15.838+0530] {logging_mixin.py:188} INFO - [2026-04-22T12:26:15.838+0530] {dag.py:3096} INFO - Sync 1 DAGs
[2026-04-22T12:26:15.844+0530] {logging_mixin.py:188} INFO - [2026-04-22T12:26:15.843+0530] {dag.py:3954} INFO - Setting next_dagrun for fraud_detection_pipeline to 2026-04-22 02:00:00+00:00, run_after=2026-04-23 02:00:00+00:00
[2026-04-22T12:26:15.849+0530] {processor.py:183} INFO - Processing /Users/srish/Documents/mlops+fintech/dags/fraud_pipeline.py took 0.057 seconds
[2026-04-22T12:27:07.748+0530] {processor.py:161} INFO - Started process (PID=72955) to work on /Users/srish/Documents/mlops+fintech/dags/fraud_pipeline.py
[2026-04-22T12:27:07.748+0530] {processor.py:830} INFO - Processing file /Users/srish/Documents/mlops+fintech/dags/fraud_pipeline.py for tasks to queue
[2026-04-22T12:27:07.749+0530] {logging_mixin.py:188} INFO - [2026-04-22T12:27:07.749+0530] {dagbag.py:545} INFO - Filling up the DagBag from /Users/srish/Documents/mlops+fintech/dags/fraud_pipeline.py
[2026-04-22T12:27:07.760+0530] {processor.py:840} INFO - DAG(s) 'fraud_detection_pipeline' retrieved from /Users/srish/Documents/mlops+fintech/dags/fraud_pipeline.py
[2026-04-22T12:27:07.794+0530] {logging_mixin.py:188} INFO - [2026-04-22T12:27:07.794+0530] {dag.py:3096} INFO - Sync 1 DAGs
[2026-04-22T12:27:07.801+0530] {logging_mixin.py:188} INFO - [2026-04-22T12:27:07.801+0530] {dag.py:3954} INFO - Setting next_dagrun for fraud_detection_pipeline to 2026-04-22 02:00:00+00:00, run_after=2026-04-23 02:00:00+00:00
[2026-04-22T12:27:07.806+0530] {processor.py:183} INFO - Processing /Users/srish/Documents/mlops+fintech/dags/fraud_pipeline.py took 0.059 seconds
[2026-04-22T12:28:03.547+0530] {processor.py:161} INFO - Started process (PID=73074) to work on /Users/srish/Documents/mlops+fintech/dags/fraud_pipeline.py
[2026-04-22T12:28:03.549+0530] {processor.py:830} INFO - Processing file /Users/srish/Documents/mlops+fintech/dags/fraud_pipeline.py for tasks to queue
[2026-04-22T12:28:03.549+0530] {logging_mixin.py:188} INFO - [2026-04-22T12:28:03.549+0530] {dagbag.py:545} INFO - Filling up the DagBag from /Users/srish/Documents/mlops+fintech/dags/fraud_pipeline.py
[2026-04-22T12:28:03.559+0530] {processor.py:840} INFO - DAG(s) 'fraud_detection_pipeline' retrieved from /Users/srish/Documents/mlops+fintech/dags/fraud_pipeline.py
[2026-04-22T12:28:03.592+0530] {logging_mixin.py:188} INFO - [2026-04-22T12:28:03.592+0530] {dag.py:3096} INFO - Sync 1 DAGs
[2026-04-22T12:28:03.597+0530] {logging_mixin.py:188} INFO - [2026-04-22T12:28:03.597+0530] {dag.py:3954} INFO - Setting next_dagrun for fraud_detection_pipeline to 2026-04-22 02:00:00+00:00, run_after=2026-04-23 02:00:00+00:00
[2026-04-22T12:28:03.603+0530] {processor.py:183} INFO - Processing /Users/srish/Documents/mlops+fintech/dags/fraud_pipeline.py took 0.056 seconds
[2026-04-22T12:29:02.152+0530] {processor.py:161} INFO - Started process (PID=73169) to work on /Users/srish/Documents/mlops+fintech/dags/fraud_pipeline.py
[2026-04-22T12:29:02.153+0530] {processor.py:830} INFO - Processing file /Users/srish/Documents/mlops+fintech/dags/fraud_pipeline.py for tasks to queue
[2026-04-22T12:29:02.153+0530] {logging_mixin.py:188} INFO - [2026-04-22T12:29:02.153+0530] {dagbag.py:545} INFO - Filling up the DagBag from /Users/srish/Documents/mlops+fintech/dags/fraud_pipeline.py
[2026-04-22T12:29:02.165+0530] {processor.py:840} INFO - DAG(s) 'fraud_detection_pipeline' retrieved from /Users/srish/Documents/mlops+fintech/dags/fraud_pipeline.py
[2026-04-22T12:29:02.198+0530] {logging_mixin.py:188} INFO - [2026-04-22T12:29:02.198+0530] {dag.py:3096} INFO - Sync 1 DAGs
[2026-04-22T12:29:02.205+0530] {logging_mixin.py:188} INFO - [2026-04-22T12:29:02.205+0530] {dag.py:3954} INFO - Setting next_dagrun for fraud_detection_pipeline to 2026-04-22 02:00:00+00:00, run_after=2026-04-23 02:00:00+00:00
[2026-04-22T12:29:02.210+0530] {processor.py:183} INFO - Processing /Users/srish/Documents/mlops+fintech/dags/fraud_pipeline.py took 0.059 seconds
[2026-04-22T12:29:57.514+0530] {processor.py:161} INFO - Started process (PID=73302) to work on /Users/srish/Documents/mlops+fintech/dags/fraud_pipeline.py
[2026-04-22T12:29:57.515+0530] {processor.py:830} INFO - Processing file /Users/srish/Documents/mlops+fintech/dags/fraud_pipeline.py for tasks to queue
[2026-04-22T12:29:57.515+0530] {logging_mixin.py:188} INFO - [2026-04-22T12:29:57.515+0530] {dagbag.py:545} INFO - Filling up the DagBag from /Users/srish/Documents/mlops+fintech/dags/fraud_pipeline.py
[2026-04-22T12:29:57.526+0530] {processor.py:840} INFO - DAG(s) 'fraud_detection_pipeline' retrieved from /Users/srish/Documents/mlops+fintech/dags/fraud_pipeline.py
[2026-04-22T12:29:57.559+0530] {logging_mixin.py:188} INFO - [2026-04-22T12:29:57.559+0530] {dag.py:3096} INFO - Sync 1 DAGs
[2026-04-22T12:29:57.565+0530] {logging_mixin.py:188} INFO - [2026-04-22T12:29:57.565+0530] {dag.py:3954} INFO - Setting next_dagrun for fraud_detection_pipeline to 2026-04-22 02:00:00+00:00, run_after=2026-04-23 02:00:00+00:00
[2026-04-22T12:29:57.572+0530] {processor.py:183} INFO - Processing /Users/srish/Documents/mlops+fintech/dags/fraud_pipeline.py took 0.059 seconds
[2026-04-22T12:30:51.129+0530] {processor.py:161} INFO - Started process (PID=73437) to work on /Users/srish/Documents/mlops+fintech/dags/fraud_pipeline.py
[2026-04-22T12:30:51.129+0530] {processor.py:830} INFO - Processing file /Users/srish/Documents/mlops+fintech/dags/fraud_pipeline.py for tasks to queue
[2026-04-22T12:30:51.130+0530] {logging_mixin.py:188} INFO - [2026-04-22T12:30:51.129+0530] {dagbag.py:545} INFO - Filling up the DagBag from /Users/srish/Documents/mlops+fintech/dags/fraud_pipeline.py
[2026-04-22T12:30:51.141+0530] {processor.py:840} INFO - DAG(s) 'fraud_detection_pipeline' retrieved from /Users/srish/Documents/mlops+fintech/dags/fraud_pipeline.py
[2026-04-22T12:30:51.176+0530] {logging_mixin.py:188} INFO - [2026-04-22T12:30:51.176+0530] {dag.py:3096} INFO - Sync 1 DAGs
[2026-04-22T12:30:51.182+0530] {logging_mixin.py:188} INFO - [2026-04-22T12:30:51.181+0530] {dag.py:3954} INFO - Setting next_dagrun for fraud_detection_pipeline to 2026-04-22 02:00:00+00:00, run_after=2026-04-23 02:00:00+00:00
[2026-04-22T12:30:51.188+0530] {processor.py:183} INFO - Processing /Users/srish/Documents/mlops+fintech/dags/fraud_pipeline.py took 0.060 seconds
[2026-04-22T12:31:46.867+0530] {processor.py:161} INFO - Started process (PID=73541) to work on /Users/srish/Documents/mlops+fintech/dags/fraud_pipeline.py
[2026-04-22T12:31:46.868+0530] {processor.py:830} INFO - Processing file /Users/srish/Documents/mlops+fintech/dags/fraud_pipeline.py for tasks to queue
[2026-04-22T12:31:46.868+0530] {logging_mixin.py:188} INFO - [2026-04-22T12:31:46.868+0530] {dagbag.py:545} INFO - Filling up the DagBag from /Users/srish/Documents/mlops+fintech/dags/fraud_pipeline.py
[2026-04-22T12:31:46.878+0530] {processor.py:840} INFO - DAG(s) 'fraud_detection_pipeline' retrieved from /Users/srish/Documents/mlops+fintech/dags/fraud_pipeline.py
[2026-04-22T12:31:46.910+0530] {logging_mixin.py:188} INFO - [2026-04-22T12:31:46.910+0530] {dag.py:3096} INFO - Sync 1 DAGs
[2026-04-22T12:31:46.915+0530] {logging_mixin.py:188} INFO - [2026-04-22T12:31:46.915+0530] {dag.py:3954} INFO - Setting next_dagrun for fraud_detection_pipeline to 2026-04-22 02:00:00+00:00, run_after=2026-04-23 02:00:00+00:00
[2026-04-22T12:31:46.921+0530] {processor.py:183} INFO - Processing /Users/srish/Documents/mlops+fintech/dags/fraud_pipeline.py took 0.055 seconds
[2026-04-22T12:32:39.375+0530] {processor.py:161} INFO - Started process (PID=73648) to work on /Users/srish/Documents/mlops+fintech/dags/fraud_pipeline.py
[2026-04-22T12:32:39.376+0530] {processor.py:830} INFO - Processing file /Users/srish/Documents/mlops+fintech/dags/fraud_pipeline.py for tasks to queue
[2026-04-22T12:32:39.377+0530] {logging_mixin.py:188} INFO - [2026-04-22T12:32:39.377+0530] {dagbag.py:545} INFO - Filling up the DagBag from /Users/srish/Documents/mlops+fintech/dags/fraud_pipeline.py
[2026-04-22T12:32:39.387+0530] {processor.py:840} INFO - DAG(s) 'fraud_detection_pipeline' retrieved from /Users/srish/Documents/mlops+fintech/dags/fraud_pipeline.py
[2026-04-22T12:32:39.419+0530] {logging_mixin.py:188} INFO - [2026-04-22T12:32:39.419+0530] {dag.py:3096} INFO - Sync 1 DAGs
[2026-04-22T12:32:39.425+0530] {logging_mixin.py:188} INFO - [2026-04-22T12:32:39.425+0530] {dag.py:3954} INFO - Setting next_dagrun for fraud_detection_pipeline to 2026-04-22 02:00:00+00:00, run_after=2026-04-23 02:00:00+00:00
[2026-04-22T12:32:39.430+0530] {processor.py:183} INFO - Processing /Users/srish/Documents/mlops+fintech/dags/fraud_pipeline.py took 0.056 seconds
[2026-04-22T12:33:31.992+0530] {processor.py:161} INFO - Started process (PID=73729) to work on /Users/srish/Documents/mlops+fintech/dags/fraud_pipeline.py
[2026-04-22T12:33:31.993+0530] {processor.py:830} INFO - Processing file /Users/srish/Documents/mlops+fintech/dags/fraud_pipeline.py for tasks to queue
[2026-04-22T12:33:31.993+0530] {logging_mixin.py:188} INFO - [2026-04-22T12:33:31.993+0530] {dagbag.py:545} INFO - Filling up the DagBag from /Users/srish/Documents/mlops+fintech/dags/fraud_pipeline.py
[2026-04-22T12:33:32.003+0530] {processor.py:840} INFO - DAG(s) 'fraud_detection_pipeline' retrieved from /Users/srish/Documents/mlops+fintech/dags/fraud_pipeline.py
[2026-04-22T12:33:32.036+0530] {logging_mixin.py:188} INFO - [2026-04-22T12:33:32.036+0530] {dag.py:3096} INFO - Sync 1 DAGs
[2026-04-22T12:33:32.041+0530] {logging_mixin.py:188} INFO - [2026-04-22T12:33:32.041+0530] {dag.py:3954} INFO - Setting next_dagrun for fraud_detection_pipeline to 2026-04-22 02:00:00+00:00, run_after=2026-04-23 02:00:00+00:00
[2026-04-22T12:33:32.047+0530] {processor.py:183} INFO - Processing /Users/srish/Documents/mlops+fintech/dags/fraud_pipeline.py took 0.056 seconds
[2026-04-22T12:34:22.624+0530] {processor.py:161} INFO - Started process (PID=73788) to work on /Users/srish/Documents/mlops+fintech/dags/fraud_pipeline.py
[2026-04-22T12:34:22.624+0530] {processor.py:830} INFO - Processing file /Users/srish/Documents/mlops+fintech/dags/fraud_pipeline.py for tasks to queue
[2026-04-22T12:34:22.624+0530] {logging_mixin.py:188} INFO - [2026-04-22T12:34:22.624+0530] {dagbag.py:545} INFO - Filling up the DagBag from /Users/srish/Documents/mlops+fintech/dags/fraud_pipeline.py
[2026-04-22T12:34:22.634+0530] {processor.py:840} INFO - DAG(s) 'fraud_detection_pipeline' retrieved from /Users/srish/Documents/mlops+fintech/dags/fraud_pipeline.py
[2026-04-22T12:34:22.665+0530] {logging_mixin.py:188} INFO - [2026-04-22T12:34:22.665+0530] {dag.py:3096} INFO - Sync 1 DAGs
[2026-04-22T12:34:22.670+0530] {logging_mixin.py:188} INFO - [2026-04-22T12:34:22.670+0530] {dag.py:3954} INFO - Setting next_dagrun for fraud_detection_pipeline to 2026-04-22 02:00:00+00:00, run_after=2026-04-23 02:00:00+00:00
[2026-04-22T12:34:22.676+0530] {processor.py:183} INFO - Processing /Users/srish/Documents/mlops+fintech/dags/fraud_pipeline.py took 0.053 seconds
[2026-04-22T12:35:15.880+0530] {processor.py:161} INFO - Started process (PID=73859) to work on /Users/srish/Documents/mlops+fintech/dags/fraud_pipeline.py
[2026-04-22T12:35:15.881+0530] {processor.py:830} INFO - Processing file /Users/srish/Documents/mlops+fintech/dags/fraud_pipeline.py for tasks to queue
[2026-04-22T12:35:15.881+0530] {logging_mixin.py:188} INFO - [2026-04-22T12:35:15.881+0530] {dagbag.py:545} INFO - Filling up the DagBag from /Users/srish/Documents/mlops+fintech/dags/fraud_pipeline.py
[2026-04-22T12:35:15.891+0530] {processor.py:840} INFO - DAG(s) 'fraud_detection_pipeline' retrieved from /Users/srish/Documents/mlops+fintech/dags/fraud_pipeline.py
[2026-04-22T12:35:15.923+0530] {logging_mixin.py:188} INFO - [2026-04-22T12:35:15.922+0530] {dag.py:3096} INFO - Sync 1 DAGs
[2026-04-22T12:35:15.928+0530] {logging_mixin.py:188} INFO - [2026-04-22T12:35:15.928+0530] {dag.py:3954} INFO - Setting next_dagrun for fraud_detection_pipeline to 2026-04-22 02:00:00+00:00, run_after=2026-04-23 02:00:00+00:00
[2026-04-22T12:35:15.933+0530] {processor.py:183} INFO - Processing /Users/srish/Documents/mlops+fintech/dags/fraud_pipeline.py took 0.054 seconds
[2026-04-22T12:36:07.881+0530] {processor.py:161} INFO - Started process (PID=73932) to work on /Users/srish/Documents/mlops+fintech/dags/fraud_pipeline.py
[2026-04-22T12:36:07.882+0530] {processor.py:830} INFO - Processing file /Users/srish/Documents/mlops+fintech/dags/fraud_pipeline.py for tasks to queue
[2026-04-22T12:36:07.882+0530] {logging_mixin.py:188} INFO - [2026-04-22T12:36:07.882+0530] {dagbag.py:545} INFO - Filling up the DagBag from /Users/srish/Documents/mlops+fintech/dags/fraud_pipeline.py
[2026-04-22T12:36:07.893+0530] {processor.py:840} INFO - DAG(s) 'fraud_detection_pipeline' retrieved from /Users/srish/Documents/mlops+fintech/dags/fraud_pipeline.py
[2026-04-22T12:36:07.927+0530] {logging_mixin.py:188} INFO - [2026-04-22T12:36:07.927+0530] {dag.py:3096} INFO - Sync 1 DAGs
[2026-04-22T12:36:07.933+0530] {logging_mixin.py:188} INFO - [2026-04-22T12:36:07.933+0530] {dag.py:3954} INFO - Setting next_dagrun for fraud_detection_pipeline to 2026-04-22 02:00:00+00:00, run_after=2026-04-23 02:00:00+00:00
[2026-04-22T12:36:07.939+0530] {processor.py:183} INFO - Processing /Users/srish/Documents/mlops+fintech/dags/fraud_pipeline.py took 0.059 seconds
[2026-04-22T12:36:58.554+0530] {processor.py:161} INFO - Started process (PID=73987) to work on /Users/srish/Documents/mlops+fintech/dags/fraud_pipeline.py
[2026-04-22T12:36:58.554+0530] {processor.py:830} INFO - Processing file /Users/srish/Documents/mlops+fintech/dags/fraud_pipeline.py for tasks to queue
[2026-04-22T12:36:58.555+0530] {logging_mixin.py:188} INFO - [2026-04-22T12:36:58.554+0530] {dagbag.py:545} INFO - Filling up the DagBag from /Users/srish/Documents/mlops+fintech/dags/fraud_pipeline.py
[2026-04-22T12:36:58.565+0530] {processor.py:840} INFO - DAG(s) 'fraud_detection_pipeline' retrieved from /Users/srish/Documents/mlops+fintech/dags/fraud_pipeline.py
[2026-04-22T12:36:58.597+0530] {logging_mixin.py:188} INFO - [2026-04-22T12:36:58.596+0530] {dag.py:3096} INFO - Sync 1 DAGs
[2026-04-22T12:36:58.602+0530] {logging_mixin.py:188} INFO - [2026-04-22T12:36:58.602+0530] {dag.py:3954} INFO - Setting next_dagrun for fraud_detection_pipeline to 2026-04-22 02:00:00+00:00, run_after=2026-04-23 02:00:00+00:00
[2026-04-22T12:36:58.607+0530] {processor.py:183} INFO - Processing /Users/srish/Documents/mlops+fintech/dags/fraud_pipeline.py took 0.054 seconds
[2026-04-22T12:37:52.606+0530] {processor.py:161} INFO - Started process (PID=74045) to work on /Users/srish/Documents/mlops+fintech/dags/fraud_pipeline.py
[2026-04-22T12:37:52.607+0530] {processor.py:830} INFO - Processing file /Users/srish/Documents/mlops+fintech/dags/fraud_pipeline.py for tasks to queue
[2026-04-22T12:37:52.607+0530] {logging_mixin.py:188} INFO - [2026-04-22T12:37:52.607+0530] {dagbag.py:545} INFO - Filling up the DagBag from /Users/srish/Documents/mlops+fintech/dags/fraud_pipeline.py
[2026-04-22T12:37:52.617+0530] {processor.py:840} INFO - DAG(s) 'fraud_detection_pipeline' retrieved from /Users/srish/Documents/mlops+fintech/dags/fraud_pipeline.py
[2026-04-22T12:37:52.648+0530] {logging_mixin.py:188} INFO - [2026-04-22T12:37:52.648+0530] {dag.py:3096} INFO - Sync 1 DAGs
[2026-04-22T12:37:52.653+0530] {logging_mixin.py:188} INFO - [2026-04-22T12:37:52.653+0530] {dag.py:3954} INFO - Setting next_dagrun for fraud_detection_pipeline to 2026-04-22 02:00:00+00:00, run_after=2026-04-23 02:00:00+00:00
[2026-04-22T12:37:52.658+0530] {processor.py:183} INFO - Processing /Users/srish/Documents/mlops+fintech/dags/fraud_pipeline.py took 0.053 seconds
[2026-04-22T12:38:53.177+0530] {processor.py:161} INFO - Started process (PID=74109) to work on /Users/srish/Documents/mlops+fintech/dags/fraud_pipeline.py
[2026-04-22T12:38:53.178+0530] {processor.py:830} INFO - Processing file /Users/srish/Documents/mlops+fintech/dags/fraud_pipeline.py for tasks to queue
[2026-04-22T12:38:53.178+0530] {logging_mixin.py:188} INFO - [2026-04-22T12:38:53.178+0530] {dagbag.py:545} INFO - Filling up the DagBag from /Users/srish/Documents/mlops+fintech/dags/fraud_pipeline.py
[2026-04-22T12:38:53.189+0530] {processor.py:840} INFO - DAG(s) 'fraud_detection_pipeline' retrieved from /Users/srish/Documents/mlops+fintech/dags/fraud_pipeline.py
[2026-04-22T12:38:53.224+0530] {logging_mixin.py:188} INFO - [2026-04-22T12:38:53.224+0530] {dag.py:3096} INFO - Sync 1 DAGs
[2026-04-22T12:38:53.231+0530] {logging_mixin.py:188} INFO - [2026-04-22T12:38:53.231+0530] {dag.py:3954} INFO - Setting next_dagrun for fraud_detection_pipeline to 2026-04-22 02:00:00+00:00, run_after=2026-04-23 02:00:00+00:00
[2026-04-22T12:38:53.238+0530] {processor.py:183} INFO - Processing /Users/srish/Documents/mlops+fintech/dags/fraud_pipeline.py took 0.062 seconds
[2026-04-22T12:39:53.172+0530] {processor.py:161} INFO - Started process (PID=74187) to work on /Users/srish/Documents/mlops+fintech/dags/fraud_pipeline.py
[2026-04-22T12:39:53.172+0530] {processor.py:830} INFO - Processing file /Users/srish/Documents/mlops+fintech/dags/fraud_pipeline.py for tasks to queue
[2026-04-22T12:39:53.172+0530] {logging_mixin.py:188} INFO - [2026-04-22T12:39:53.172+0530] {dagbag.py:545} INFO - Filling up the DagBag from /Users/srish/Documents/mlops+fintech/dags/fraud_pipeline.py
[2026-04-22T12:39:53.183+0530] {processor.py:840} INFO - DAG(s) 'fraud_detection_pipeline' retrieved from /Users/srish/Documents/mlops+fintech/dags/fraud_pipeline.py
[2026-04-22T12:39:53.216+0530] {logging_mixin.py:188} INFO - [2026-04-22T12:39:53.216+0530] {dag.py:3096} INFO - Sync 1 DAGs
[2026-04-22T12:39:53.221+0530] {logging_mixin.py:188} INFO - [2026-04-22T12:39:53.221+0530] {dag.py:3954} INFO - Setting next_dagrun for fraud_detection_pipeline to 2026-04-22 02:00:00+00:00, run_after=2026-04-23 02:00:00+00:00
[2026-04-22T12:39:53.227+0530] {processor.py:183} INFO - Processing /Users/srish/Documents/mlops+fintech/dags/fraud_pipeline.py took 0.056 seconds
[2026-04-22T12:40:53.463+0530] {processor.py:161} INFO - Started process (PID=74255) to work on /Users/srish/Documents/mlops+fintech/dags/fraud_pipeline.py
[2026-04-22T12:40:53.463+0530] {processor.py:830} INFO - Processing file /Users/srish/Documents/mlops+fintech/dags/fraud_pipeline.py for tasks to queue
[2026-04-22T12:40:53.464+0530] {logging_mixin.py:188} INFO - [2026-04-22T12:40:53.463+0530] {dagbag.py:545} INFO - Filling up the DagBag from /Users/srish/Documents/mlops+fintech/dags/fraud_pipeline.py
[2026-04-22T12:40:53.474+0530] {processor.py:840} INFO - DAG(s) 'fraud_detection_pipeline' retrieved from /Users/srish/Documents/mlops+fintech/dags/fraud_pipeline.py
[2026-04-22T12:40:53.506+0530] {logging_mixin.py:188} INFO - [2026-04-22T12:40:53.506+0530] {dag.py:3096} INFO - Sync 1 DAGs
[2026-04-22T12:40:53.513+0530] {logging_mixin.py:188} INFO - [2026-04-22T12:40:53.513+0530] {dag.py:3954} INFO - Setting next_dagrun for fraud_detection_pipeline to 2026-04-22 02:00:00+00:00, run_after=2026-04-23 02:00:00+00:00
[2026-04-22T12:40:53.518+0530] {processor.py:183} INFO - Processing /Users/srish/Documents/mlops+fintech/dags/fraud_pipeline.py took 0.056 seconds
[2026-04-22T12:41:54.283+0530] {processor.py:161} INFO - Started process (PID=74332) to work on /Users/srish/Documents/mlops+fintech/dags/fraud_pipeline.py
[2026-04-22T12:41:54.283+0530] {processor.py:830} INFO - Processing file /Users/srish/Documents/mlops+fintech/dags/fraud_pipeline.py for tasks to queue
[2026-04-22T12:41:54.284+0530] {logging_mixin.py:188} INFO - [2026-04-22T12:41:54.284+0530] {dagbag.py:545} INFO - Filling up the DagBag from /Users/srish/Documents/mlops+fintech/dags/fraud_pipeline.py
[2026-04-22T12:41:54.294+0530] {processor.py:840} INFO - DAG(s) 'fraud_detection_pipeline' retrieved from /Users/srish/Documents/mlops+fintech/dags/fraud_pipeline.py
[2026-04-22T12:41:54.327+0530] {logging_mixin.py:188} INFO - [2026-04-22T12:41:54.327+0530] {dag.py:3096} INFO - Sync 1 DAGs
[2026-04-22T12:41:54.332+0530] {logging_mixin.py:188} INFO - [2026-04-22T12:41:54.332+0530] {dag.py:3954} INFO - Setting next_dagrun for fraud_detection_pipeline to 2026-04-22 02:00:00+00:00, run_after=2026-04-23 02:00:00+00:00
[2026-04-22T12:41:54.339+0530] {processor.py:183} INFO - Processing /Users/srish/Documents/mlops+fintech/dags/fraud_pipeline.py took 0.057 seconds
[2026-04-22T12:42:49.772+0530] {processor.py:161} INFO - Started process (PID=74392) to work on /Users/srish/Documents/mlops+fintech/dags/fraud_pipeline.py
[2026-04-22T12:42:49.772+0530] {processor.py:830} INFO - Processing file /Users/srish/Documents/mlops+fintech/dags/fraud_pipeline.py for tasks to queue
[2026-04-22T12:42:49.773+0530] {logging_mixin.py:188} INFO - [2026-04-22T12:42:49.773+0530] {dagbag.py:545} INFO - Filling up the DagBag from /Users/srish/Documents/mlops+fintech/dags/fraud_pipeline.py
[2026-04-22T12:42:49.783+0530] {processor.py:840} INFO - DAG(s) 'fraud_detection_pipeline' retrieved from /Users/srish/Documents/mlops+fintech/dags/fraud_pipeline.py
[2026-04-22T12:42:49.814+0530] {logging_mixin.py:188} INFO - [2026-04-22T12:42:49.814+0530] {dag.py:3096} INFO - Sync 1 DAGs
[2026-04-22T12:42:49.821+0530] {logging_mixin.py:188} INFO - [2026-04-22T12:42:49.821+0530] {dag.py:3954} INFO - Setting next_dagrun for fraud_detection_pipeline to 2026-04-22 02:00:00+00:00, run_after=2026-04-23 02:00:00+00:00
[2026-04-22T12:42:49.826+0530] {processor.py:183} INFO - Processing /Users/srish/Documents/mlops+fintech/dags/fraud_pipeline.py took 0.055 seconds
