[2026-04-22T12:08:50.431+0530] {local_task_job_runner.py:120} INFO - ::group::Pre task execution logs
[2026-04-22T12:08:50.441+0530] {taskinstance.py:2076} INFO - Dependencies all met for dep_context=non-requeueable deps ti=<TaskInstance: fraud_detection_pipeline.update_reference_stats scheduled__2026-04-11T02:00:00+00:00 [queued]>
[2026-04-22T12:08:50.443+0530] {taskinstance.py:2076} INFO - Dependencies all met for dep_context=requeueable deps ti=<TaskInstance: fraud_detection_pipeline.update_reference_stats scheduled__2026-04-11T02:00:00+00:00 [queued]>
[2026-04-22T12:08:50.443+0530] {taskinstance.py:2306} INFO - Starting attempt 1 of 3
[2026-04-22T12:08:50.446+0530] {taskinstance.py:2330} INFO - Executing <Task(PythonOperator): update_reference_stats> on 2026-04-11 02:00:00+00:00
[2026-04-22T12:08:50.449+0530] {standard_task_runner.py:63} INFO - Started process 70828 to run task
[2026-04-22T12:08:50.451+0530] {standard_task_runner.py:90} INFO - Running: ['airflow', 'tasks', 'run', 'fraud_detection_pipeline', 'update_reference_stats', 'scheduled__2026-04-11T02:00:00+00:00', '--job-id', '200', '--raw', '--subdir', 'DAGS_FOLDER/fraud_pipeline.py', '--cfg-path', '/var/folders/t3/vln6zx7d3f73chjjcynlp_qh0000gn/T/tmpd5kdqkhl']
[2026-04-22T12:08:50.452+0530] {standard_task_runner.py:91} INFO - Job 200: Subtask update_reference_stats
[2026-04-22T12:08:50.464+0530] {task_command.py:426} INFO - Running <TaskInstance: fraud_detection_pipeline.update_reference_stats scheduled__2026-04-11T02:00:00+00:00 [running]> on host srishtis-macbook-air.local
[2026-04-22T12:08:50.517+0530] {taskinstance.py:2648} INFO - Exporting env vars: AIRFLOW_CTX_DAG_OWNER='mlops-team' AIRFLOW_CTX_DAG_ID='fraud_detection_pipeline' AIRFLOW_CTX_TASK_ID='update_reference_stats' AIRFLOW_CTX_EXECUTION_DATE='2026-04-11T02:00:00+00:00' AIRFLOW_CTX_TRY_NUMBER='1' AIRFLOW_CTX_DAG_RUN_ID='scheduled__2026-04-11T02:00:00+00:00'
[2026-04-22T12:08:50.517+0530] {taskinstance.py:430} INFO - ::endgroup::
[2026-04-22T12:08:50.518+0530] {fraud_pipeline.py:398} INFO - 📊 Task 7: Updating drift reference statistics...
[2026-04-22T12:08:51.080+0530] {logging_mixin.py:188} INFO - ✅ Reference stats saved → /Users/srish/Documents/mlops+fintech/data/processed/reference_stats.json
[2026-04-22T12:08:51.080+0530] {logging_mixin.py:188} INFO -    Features tracked: 15
[2026-04-22T12:08:51.081+0530] {fraud_pipeline.py:408} INFO -    ✅ Reference updated: 118,108 samples
[2026-04-22T12:08:51.081+0530] {fraud_pipeline.py:409} INFO -    15 features tracked
[2026-04-22T12:08:51.085+0530] {python.py:237} INFO - Done. Returned value was: None
[2026-04-22T12:08:51.085+0530] {taskinstance.py:441} INFO - ::group::Post task execution logs
[2026-04-22T12:08:51.087+0530] {taskinstance.py:1206} INFO - Marking task as SUCCESS. dag_id=fraud_detection_pipeline, task_id=update_reference_stats, run_id=scheduled__2026-04-11T02:00:00+00:00, execution_date=20260411T020000, start_date=20260422T063850, end_date=20260422T063851
[2026-04-22T12:08:51.120+0530] {local_task_job_runner.py:240} INFO - Task exited with return code 0
[2026-04-22T12:08:51.124+0530] {taskinstance.py:3498} INFO - 0 downstream tasks scheduled from follow-on schedule check
[2026-04-22T12:08:51.124+0530] {local_task_job_runner.py:222} INFO - ::endgroup::
