[2026-04-10T19:25:38.550+0530] {local_task_job_runner.py:120} INFO - ::group::Pre task execution logs
[2026-04-10T19:25:38.559+0530] {taskinstance.py:2076} INFO - Dependencies all met for dep_context=non-requeueable deps ti=<TaskInstance: fraud_detection_pipeline.check_drift scheduled__2026-04-09T02:00:00+00:00 [queued]>
[2026-04-10T19:25:38.561+0530] {taskinstance.py:2076} INFO - Dependencies all met for dep_context=requeueable deps ti=<TaskInstance: fraud_detection_pipeline.check_drift scheduled__2026-04-09T02:00:00+00:00 [queued]>
[2026-04-10T19:25:38.561+0530] {taskinstance.py:2306} INFO - Starting attempt 4 of 6
[2026-04-10T19:25:38.564+0530] {taskinstance.py:2330} INFO - Executing <Task(PythonOperator): check_drift> on 2026-04-09 02:00:00+00:00
[2026-04-10T19:25:38.566+0530] {standard_task_runner.py:63} INFO - Started process 78644 to run task
[2026-04-10T19:25:38.568+0530] {standard_task_runner.py:90} INFO - Running: ['airflow', 'tasks', 'run', 'fraud_detection_pipeline', 'check_drift', 'scheduled__2026-04-09T02:00:00+00:00', '--job-id', '31', '--raw', '--subdir', 'DAGS_FOLDER/fraud_pipeline.py', '--cfg-path', '/var/folders/t3/vln6zx7d3f73chjjcynlp_qh0000gn/T/tmpcqkuo_er']
[2026-04-10T19:25:38.569+0530] {standard_task_runner.py:91} INFO - Job 31: Subtask check_drift
[2026-04-10T19:25:38.581+0530] {task_command.py:426} INFO - Running <TaskInstance: fraud_detection_pipeline.check_drift scheduled__2026-04-09T02:00:00+00:00 [running]> on host srishtis-macbook-air.local
[2026-04-10T19:25:38.596+0530] {taskinstance.py:2648} INFO - Exporting env vars: AIRFLOW_CTX_DAG_OWNER='mlops-team' AIRFLOW_CTX_DAG_ID='fraud_detection_pipeline' AIRFLOW_CTX_TASK_ID='check_drift' AIRFLOW_CTX_EXECUTION_DATE='2026-04-09T02:00:00+00:00' AIRFLOW_CTX_TRY_NUMBER='4' AIRFLOW_CTX_DAG_RUN_ID='scheduled__2026-04-09T02:00:00+00:00'
[2026-04-10T19:25:38.596+0530] {taskinstance.py:430} INFO - ::endgroup::
[2026-04-10T19:25:38.928+0530] {fraud_pipeline.py:268} INFO - 🔍 Task 3: Checking for data drift...
[2026-04-10T19:25:39.419+0530] {logging_mixin.py:188} INFO - 
🔍 Running drift check...
[2026-04-10T19:25:39.419+0530] {logging_mixin.py:188} INFO -    Current data: 118,108 samples
[2026-04-10T19:25:39.420+0530] {taskinstance.py:441} INFO - ::group::Post task execution logs
[2026-04-10T19:25:39.420+0530] {taskinstance.py:2905} ERROR - Task failed with exception
Traceback (most recent call last):
  File "/Library/Frameworks/Python.framework/Versions/3.10/lib/python3.10/site-packages/airflow/models/taskinstance.py", line 460, in _execute_task
    result = _execute_callable(context=context, **execute_callable_kwargs)
  File "/Library/Frameworks/Python.framework/Versions/3.10/lib/python3.10/site-packages/airflow/models/taskinstance.py", line 432, in _execute_callable
    return execute_callable(context=context, **execute_callable_kwargs)
  File "/Library/Frameworks/Python.framework/Versions/3.10/lib/python3.10/site-packages/airflow/models/baseoperator.py", line 400, in wrapper
    return func(self, *args, **kwargs)
  File "/Library/Frameworks/Python.framework/Versions/3.10/lib/python3.10/site-packages/airflow/operators/python.py", line 235, in execute
    return_value = self.execute_callable()
  File "/Library/Frameworks/Python.framework/Versions/3.10/lib/python3.10/site-packages/airflow/operators/python.py", line 252, in execute_callable
    return self.python_callable(*self.op_args, **self.op_kwargs)
  File "/Users/srish/Documents/mlops+fintech/dags/fraud_pipeline.py", line 276, in task_check_drift
    result = check_drift(df, generate_report=True)
  File "/Users/srish/Documents/mlops+fintech/src/drift_detector.py", line 465, in check_drift
    ref_stats = load_reference_stats()
  File "/Users/srish/Documents/mlops+fintech/src/drift_detector.py", line 269, in load_reference_stats
    raise FileNotFoundError(
FileNotFoundError: Reference stats not found at data/processed/reference_stats.json.
Run: build_reference_stats(training_df) first.
[2026-04-10T19:25:39.424+0530] {taskinstance.py:1206} INFO - Marking task as UP_FOR_RETRY. dag_id=fraud_detection_pipeline, task_id=check_drift, run_id=scheduled__2026-04-09T02:00:00+00:00, execution_date=20260409T020000, start_date=20260410T135538, end_date=20260410T135539
[2026-04-10T19:25:39.426+0530] {standard_task_runner.py:110} ERROR - Failed to execute job 31 for task check_drift (Reference stats not found at data/processed/reference_stats.json.
Run: build_reference_stats(training_df) first.; 78644)
[2026-04-10T19:25:39.443+0530] {local_task_job_runner.py:240} INFO - Task exited with return code 1
[2026-04-10T19:25:39.449+0530] {taskinstance.py:3498} INFO - 0 downstream tasks scheduled from follow-on schedule check
[2026-04-10T19:25:39.450+0530] {local_task_job_runner.py:222} INFO - ::endgroup::
