[2026-04-21T15:10:14.831+0530] {local_task_job_runner.py:120} INFO - ::group::Pre task execution logs
[2026-04-21T15:10:14.839+0530] {taskinstance.py:2076} INFO - Dependencies all met for dep_context=non-requeueable deps ti=<TaskInstance: fraud_detection_pipeline.branch_on_drift scheduled__2026-04-10T02:00:00+00:00 [queued]>
[2026-04-21T15:10:14.841+0530] {taskinstance.py:2076} INFO - Dependencies all met for dep_context=requeueable deps ti=<TaskInstance: fraud_detection_pipeline.branch_on_drift scheduled__2026-04-10T02:00:00+00:00 [queued]>
[2026-04-21T15:10:14.841+0530] {taskinstance.py:2306} INFO - Starting attempt 1 of 3
[2026-04-21T15:10:14.844+0530] {taskinstance.py:2330} INFO - Executing <Task(BranchPythonOperator): branch_on_drift> on 2026-04-10 02:00:00+00:00
[2026-04-21T15:10:14.846+0530] {standard_task_runner.py:63} INFO - Started process 62318 to run task
[2026-04-21T15:10:14.848+0530] {standard_task_runner.py:90} INFO - Running: ['airflow', 'tasks', 'run', 'fraud_detection_pipeline', 'branch_on_drift', 'scheduled__2026-04-10T02:00:00+00:00', '--job-id', '132', '--raw', '--subdir', 'DAGS_FOLDER/fraud_pipeline.py', '--cfg-path', '/var/folders/t3/vln6zx7d3f73chjjcynlp_qh0000gn/T/tmp2glldrqa']
[2026-04-21T15:10:14.849+0530] {standard_task_runner.py:91} INFO - Job 132: Subtask branch_on_drift
[2026-04-21T15:10:14.860+0530] {task_command.py:426} INFO - Running <TaskInstance: fraud_detection_pipeline.branch_on_drift scheduled__2026-04-10T02:00:00+00:00 [running]> on host srishtis-macbook-air.local
[2026-04-21T15:10:14.874+0530] {taskinstance.py:2648} INFO - Exporting env vars: AIRFLOW_CTX_DAG_OWNER='mlops-team' AIRFLOW_CTX_DAG_ID='fraud_detection_pipeline' AIRFLOW_CTX_TASK_ID='branch_on_drift' AIRFLOW_CTX_EXECUTION_DATE='2026-04-10T02:00:00+00:00' AIRFLOW_CTX_TRY_NUMBER='1' AIRFLOW_CTX_DAG_RUN_ID='scheduled__2026-04-10T02:00:00+00:00'
[2026-04-21T15:10:14.875+0530] {taskinstance.py:430} INFO - ::endgroup::
[2026-04-21T15:10:14.879+0530] {baseoperator.py:399} WARNING - BranchPythonOperator.execute cannot be called outside TaskInstance!
[2026-04-21T15:10:14.881+0530] {fraud_pipeline.py:319} INFO -    Branching: drift_detected=True, max_psi=4.0043
[2026-04-21T15:10:14.881+0530] {fraud_pipeline.py:322} INFO -    → Taking RETRAIN path
[2026-04-21T15:10:14.881+0530] {python.py:237} INFO - Done. Returned value was: retrain_model
[2026-04-21T15:10:14.881+0530] {branch.py:36} INFO - Branch into retrain_model
[2026-04-21T15:10:14.881+0530] {skipmixin.py:178} INFO - Following branch retrain_model
[2026-04-21T15:10:14.884+0530] {skipmixin.py:246} INFO - Skipping tasks [('skip_retrain', -1)]
[2026-04-21T15:10:14.887+0530] {taskinstance.py:441} INFO - ::group::Post task execution logs
[2026-04-21T15:10:14.890+0530] {taskinstance.py:1206} INFO - Marking task as SUCCESS. dag_id=fraud_detection_pipeline, task_id=branch_on_drift, run_id=scheduled__2026-04-10T02:00:00+00:00, execution_date=20260410T020000, start_date=20260421T094014, end_date=20260421T094014
[2026-04-21T15:10:14.902+0530] {local_task_job_runner.py:240} INFO - Task exited with return code 0
[2026-04-21T15:10:14.910+0530] {taskinstance.py:3498} INFO - 1 downstream tasks scheduled from follow-on schedule check
[2026-04-21T15:10:14.910+0530] {local_task_job_runner.py:222} INFO - ::endgroup::
