[2026-04-13T07:40:21.937+0530] {local_task_job_runner.py:120} INFO - ::group::Pre task execution logs
[2026-04-13T07:40:21.945+0530] {taskinstance.py:2076} INFO - Dependencies all met for dep_context=non-requeueable deps ti=<TaskInstance: fraud_detection_pipeline.ingest_data scheduled__2026-04-12T02:00:00+00:00 [queued]>
[2026-04-13T07:40:21.947+0530] {taskinstance.py:2076} INFO - Dependencies all met for dep_context=requeueable deps ti=<TaskInstance: fraud_detection_pipeline.ingest_data scheduled__2026-04-12T02:00:00+00:00 [queued]>
[2026-04-13T07:40:21.947+0530] {taskinstance.py:2306} INFO - Starting attempt 1 of 3
[2026-04-13T07:40:21.950+0530] {taskinstance.py:2330} INFO - Executing <Task(PythonOperator): ingest_data> on 2026-04-12 02:00:00+00:00
[2026-04-13T07:40:21.952+0530] {standard_task_runner.py:63} INFO - Started process 13026 to run task
[2026-04-13T07:40:21.954+0530] {standard_task_runner.py:90} INFO - Running: ['airflow', 'tasks', 'run', 'fraud_detection_pipeline', 'ingest_data', 'scheduled__2026-04-12T02:00:00+00:00', '--job-id', '77', '--raw', '--subdir', 'DAGS_FOLDER/fraud_pipeline.py', '--cfg-path', '/var/folders/t3/vln6zx7d3f73chjjcynlp_qh0000gn/T/tmpv5426d1d']
[2026-04-13T07:40:21.958+0530] {standard_task_runner.py:91} INFO - Job 77: Subtask ingest_data
[2026-04-13T07:40:21.981+0530] {task_command.py:426} INFO - Running <TaskInstance: fraud_detection_pipeline.ingest_data scheduled__2026-04-12T02:00:00+00:00 [running]> on host srishtis-macbook-air.local
[2026-04-13T07:40:21.997+0530] {taskinstance.py:2648} INFO - Exporting env vars: AIRFLOW_CTX_DAG_OWNER='mlops-team' AIRFLOW_CTX_DAG_ID='fraud_detection_pipeline' AIRFLOW_CTX_TASK_ID='ingest_data' AIRFLOW_CTX_EXECUTION_DATE='2026-04-12T02:00:00+00:00' AIRFLOW_CTX_TRY_NUMBER='1' AIRFLOW_CTX_DAG_RUN_ID='scheduled__2026-04-12T02:00:00+00:00'
[2026-04-13T07:40:21.998+0530] {taskinstance.py:430} INFO - ::endgroup::
[2026-04-13T07:40:22.473+0530] {fraud_pipeline.py:175} INFO - 📂 Task 1: Ingesting latest transaction batch...
[2026-04-13T07:56:15.813+0530] {fraud_pipeline.py:208} INFO -    Applied drift factor: 2.664 (day 832)
[2026-04-13T07:56:16.659+0530] {fraud_pipeline.py:216} INFO -    ✅ Batch saved: 118,108 transactions, 4,064 fraud cases
[2026-04-13T07:56:16.659+0530] {fraud_pipeline.py:217} INFO -    Output: /Users/srish/Documents/mlops+fintech/data/processed/current_batch.parquet
[2026-04-13T07:56:16.791+0530] {python.py:237} INFO - Done. Returned value was: /Users/srish/Documents/mlops+fintech/data/processed/current_batch.parquet
[2026-04-13T07:56:16.792+0530] {taskinstance.py:441} INFO - ::group::Post task execution logs
[2026-04-13T07:56:16.799+0530] {taskinstance.py:1206} INFO - Marking task as SUCCESS. dag_id=fraud_detection_pipeline, task_id=ingest_data, run_id=scheduled__2026-04-12T02:00:00+00:00, execution_date=20260412T020000, start_date=20260413T021021, end_date=20260413T022616
[2026-04-13T07:56:16.863+0530] {local_task_job_runner.py:240} INFO - Task exited with return code 0
[2026-04-13T07:56:16.884+0530] {taskinstance.py:3498} INFO - 1 downstream tasks scheduled from follow-on schedule check
[2026-04-13T07:56:16.885+0530] {local_task_job_runner.py:222} INFO - ::endgroup::
