[2026-04-10T19:25:18.336+0530] {local_task_job_runner.py:120} INFO - ::group::Pre task execution logs
[2026-04-10T19:25:18.345+0530] {taskinstance.py:2076} INFO - Dependencies all met for dep_context=non-requeueable deps ti=<TaskInstance: fraud_detection_pipeline.ingest_data scheduled__2026-04-09T02:00:00+00:00 [queued]>
[2026-04-10T19:25:18.347+0530] {taskinstance.py:2076} INFO - Dependencies all met for dep_context=requeueable deps ti=<TaskInstance: fraud_detection_pipeline.ingest_data scheduled__2026-04-09T02:00:00+00:00 [queued]>
[2026-04-10T19:25:18.347+0530] {taskinstance.py:2306} INFO - Starting attempt 3 of 5
[2026-04-10T19:25:18.350+0530] {taskinstance.py:2330} INFO - Executing <Task(PythonOperator): ingest_data> on 2026-04-09 02:00:00+00:00
[2026-04-10T19:25:18.352+0530] {standard_task_runner.py:63} INFO - Started process 78610 to run task
[2026-04-10T19:25:18.354+0530] {standard_task_runner.py:90} INFO - Running: ['airflow', 'tasks', 'run', 'fraud_detection_pipeline', 'ingest_data', 'scheduled__2026-04-09T02:00:00+00:00', '--job-id', '29', '--raw', '--subdir', 'DAGS_FOLDER/fraud_pipeline.py', '--cfg-path', '/var/folders/t3/vln6zx7d3f73chjjcynlp_qh0000gn/T/tmp_6tulwau']
[2026-04-10T19:25:18.355+0530] {standard_task_runner.py:91} INFO - Job 29: Subtask ingest_data
[2026-04-10T19:25:18.366+0530] {task_command.py:426} INFO - Running <TaskInstance: fraud_detection_pipeline.ingest_data scheduled__2026-04-09T02:00:00+00:00 [running]> on host srishtis-macbook-air.local
[2026-04-10T19:25:18.381+0530] {taskinstance.py:2648} INFO - Exporting env vars: AIRFLOW_CTX_DAG_OWNER='mlops-team' AIRFLOW_CTX_DAG_ID='fraud_detection_pipeline' AIRFLOW_CTX_TASK_ID='ingest_data' AIRFLOW_CTX_EXECUTION_DATE='2026-04-09T02:00:00+00:00' AIRFLOW_CTX_TRY_NUMBER='3' AIRFLOW_CTX_DAG_RUN_ID='scheduled__2026-04-09T02:00:00+00:00'
[2026-04-10T19:25:18.381+0530] {taskinstance.py:430} INFO - ::endgroup::
[2026-04-10T19:25:18.720+0530] {fraud_pipeline.py:175} INFO - 📂 Task 1: Ingesting latest transaction batch...
[2026-04-10T19:25:33.485+0530] {fraud_pipeline.py:208} INFO -    Applied drift factor: 2.658 (day 829)
[2026-04-10T19:25:34.051+0530] {fraud_pipeline.py:216} INFO -    ✅ Batch saved: 118,108 transactions, 4,064 fraud cases
[2026-04-10T19:25:34.051+0530] {fraud_pipeline.py:217} INFO -    Output: /Users/srish/Documents/mlops+fintech/data/processed/current_batch.parquet
[2026-04-10T19:25:34.119+0530] {python.py:237} INFO - Done. Returned value was: /Users/srish/Documents/mlops+fintech/data/processed/current_batch.parquet
[2026-04-10T19:25:34.120+0530] {taskinstance.py:441} INFO - ::group::Post task execution logs
[2026-04-10T19:25:34.124+0530] {taskinstance.py:1206} INFO - Marking task as SUCCESS. dag_id=fraud_detection_pipeline, task_id=ingest_data, run_id=scheduled__2026-04-09T02:00:00+00:00, execution_date=20260409T020000, start_date=20260410T135518, end_date=20260410T135534
[2026-04-10T19:25:34.162+0530] {local_task_job_runner.py:240} INFO - Task exited with return code 0
[2026-04-10T19:25:34.170+0530] {taskinstance.py:3498} INFO - 1 downstream tasks scheduled from follow-on schedule check
[2026-04-10T19:25:34.171+0530] {local_task_job_runner.py:222} INFO - ::endgroup::
