[2026-04-10T19:59:35.842+0530] {local_task_job_runner.py:120} INFO - ::group::Pre task execution logs
[2026-04-10T19:59:35.850+0530] {taskinstance.py:2076} INFO - Dependencies all met for dep_context=non-requeueable deps ti=<TaskInstance: fraud_detection_pipeline.ingest_data scheduled__2026-04-09T02:00:00+00:00 [queued]>
[2026-04-10T19:59:35.852+0530] {taskinstance.py:2076} INFO - Dependencies all met for dep_context=requeueable deps ti=<TaskInstance: fraud_detection_pipeline.ingest_data scheduled__2026-04-09T02:00:00+00:00 [queued]>
[2026-04-10T19:59:35.852+0530] {taskinstance.py:2306} INFO - Starting attempt 4 of 6
[2026-04-10T19:59:35.855+0530] {taskinstance.py:2330} INFO - Executing <Task(PythonOperator): ingest_data> on 2026-04-09 02:00:00+00:00
[2026-04-10T19:59:35.857+0530] {standard_task_runner.py:63} INFO - Started process 80325 to run task
[2026-04-10T19:59:35.859+0530] {standard_task_runner.py:90} INFO - Running: ['airflow', 'tasks', 'run', 'fraud_detection_pipeline', 'ingest_data', 'scheduled__2026-04-09T02:00:00+00:00', '--job-id', '47', '--raw', '--subdir', 'DAGS_FOLDER/fraud_pipeline.py', '--cfg-path', '/var/folders/t3/vln6zx7d3f73chjjcynlp_qh0000gn/T/tmpjbh8omye']
[2026-04-10T19:59:35.860+0530] {standard_task_runner.py:91} INFO - Job 47: Subtask ingest_data
[2026-04-10T19:59:35.871+0530] {task_command.py:426} INFO - Running <TaskInstance: fraud_detection_pipeline.ingest_data scheduled__2026-04-09T02:00:00+00:00 [running]> on host srishtis-macbook-air.local
[2026-04-10T19:59:35.888+0530] {taskinstance.py:2648} INFO - Exporting env vars: AIRFLOW_CTX_DAG_OWNER='mlops-team' AIRFLOW_CTX_DAG_ID='fraud_detection_pipeline' AIRFLOW_CTX_TASK_ID='ingest_data' AIRFLOW_CTX_EXECUTION_DATE='2026-04-09T02:00:00+00:00' AIRFLOW_CTX_TRY_NUMBER='4' AIRFLOW_CTX_DAG_RUN_ID='scheduled__2026-04-09T02:00:00+00:00'
[2026-04-10T19:59:35.888+0530] {taskinstance.py:430} INFO - ::endgroup::
[2026-04-10T19:59:36.247+0530] {fraud_pipeline.py:175} INFO - 📂 Task 1: Ingesting latest transaction batch...
[2026-04-10T19:59:54.974+0530] {fraud_pipeline.py:208} INFO -    Applied drift factor: 2.658 (day 829)
[2026-04-10T19:59:55.539+0530] {fraud_pipeline.py:216} INFO -    ✅ Batch saved: 118,108 transactions, 4,064 fraud cases
[2026-04-10T19:59:55.539+0530] {fraud_pipeline.py:217} INFO -    Output: /Users/srish/Documents/mlops+fintech/data/processed/current_batch.parquet
[2026-04-10T19:59:55.618+0530] {python.py:237} INFO - Done. Returned value was: /Users/srish/Documents/mlops+fintech/data/processed/current_batch.parquet
[2026-04-10T19:59:55.619+0530] {taskinstance.py:441} INFO - ::group::Post task execution logs
[2026-04-10T19:59:55.624+0530] {taskinstance.py:1206} INFO - Marking task as SUCCESS. dag_id=fraud_detection_pipeline, task_id=ingest_data, run_id=scheduled__2026-04-09T02:00:00+00:00, execution_date=20260409T020000, start_date=20260410T142935, end_date=20260410T142955
[2026-04-10T19:59:55.652+0530] {local_task_job_runner.py:240} INFO - Task exited with return code 0
[2026-04-10T19:59:55.663+0530] {taskinstance.py:3498} INFO - 1 downstream tasks scheduled from follow-on schedule check
[2026-04-10T19:59:55.664+0530] {local_task_job_runner.py:222} INFO - ::endgroup::
