[2026-04-21T15:42:17.925+0530] {local_task_job_runner.py:120} INFO - ::group::Pre task execution logs
[2026-04-21T15:42:17.935+0530] {taskinstance.py:2076} INFO - Dependencies all met for dep_context=non-requeueable deps ti=<TaskInstance: fraud_detection_pipeline.retrain_model scheduled__2026-04-09T02:00:00+00:00 [queued]>
[2026-04-21T15:42:17.937+0530] {taskinstance.py:2076} INFO - Dependencies all met for dep_context=requeueable deps ti=<TaskInstance: fraud_detection_pipeline.retrain_model scheduled__2026-04-09T02:00:00+00:00 [queued]>
[2026-04-21T15:42:17.937+0530] {taskinstance.py:2306} INFO - Starting attempt 5 of 6
[2026-04-21T15:42:17.940+0530] {taskinstance.py:2330} INFO - Executing <Task(PythonOperator): retrain_model> on 2026-04-09 02:00:00+00:00
[2026-04-21T15:42:17.942+0530] {standard_task_runner.py:63} INFO - Started process 65106 to run task
[2026-04-21T15:42:17.945+0530] {standard_task_runner.py:90} INFO - Running: ['airflow', 'tasks', 'run', 'fraud_detection_pipeline', 'retrain_model', 'scheduled__2026-04-09T02:00:00+00:00', '--job-id', '155', '--raw', '--subdir', 'DAGS_FOLDER/fraud_pipeline.py', '--cfg-path', '/var/folders/t3/vln6zx7d3f73chjjcynlp_qh0000gn/T/tmphaonpcbv']
[2026-04-21T15:42:17.946+0530] {standard_task_runner.py:91} INFO - Job 155: Subtask retrain_model
[2026-04-21T15:42:17.960+0530] {task_command.py:426} INFO - Running <TaskInstance: fraud_detection_pipeline.retrain_model scheduled__2026-04-09T02:00:00+00:00 [running]> on host srishtis-macbook-air.local
[2026-04-21T15:42:17.976+0530] {taskinstance.py:2648} INFO - Exporting env vars: AIRFLOW_CTX_DAG_OWNER='mlops-team' AIRFLOW_CTX_DAG_ID='fraud_detection_pipeline' AIRFLOW_CTX_TASK_ID='retrain_model' AIRFLOW_CTX_EXECUTION_DATE='2026-04-09T02:00:00+00:00' AIRFLOW_CTX_TRY_NUMBER='5' AIRFLOW_CTX_DAG_RUN_ID='scheduled__2026-04-09T02:00:00+00:00'
[2026-04-21T15:42:17.976+0530] {taskinstance.py:430} INFO - ::endgroup::
[2026-04-21T15:42:17.982+0530] {fraud_pipeline.py:344} INFO - 🚀 Task 5a: Retraining model (drift detected)...
[2026-04-21T15:42:19.316+0530] {logging_mixin.py:188} INFO - ============================================================
[2026-04-21T15:42:19.317+0530] {logging_mixin.py:188} INFO -   FRAUD DETECTION — TRAINING PIPELINE (MLflow)
[2026-04-21T15:42:19.317+0530] {logging_mixin.py:188} INFO - ============================================================
[2026-04-21T15:42:19.317+0530] {logging_mixin.py:188} INFO - 📂 Loading raw data...
[2026-04-21T15:42:36.042+0530] {logging_mixin.py:188} INFO -   ✅ Transactions loaded: (590540, 394)
[2026-04-21T15:42:36.796+0530] {logging_mixin.py:188} INFO -   ✅ Identity merged: (590540, 434)
[2026-04-21T15:42:36.828+0530] {logging_mixin.py:188} INFO - 
🔧 Engineering features...
[2026-04-21T15:42:39.316+0530] {logging_mixin.py:188} INFO -   ✅ Features engineered. Shape: (590540, 438)
[2026-04-21T15:42:43.239+0530] {logging_mixin.py:188} INFO - 
📊 Feature matrix: (590540, 418)
[2026-04-21T15:42:43.244+0530] {logging_mixin.py:188} INFO -    Target distribution:
isFraud
0    0.965
1    0.035
Name: proportion, dtype: float64
[2026-04-21T15:42:43.313+0530] {local_task_job_runner.py:120} INFO - ::group::Pre task execution logs
[2026-04-21T15:42:43.332+0530] {taskinstance.py:2066} INFO - Dependencies not met for <TaskInstance: fraud_detection_pipeline.retrain_model scheduled__2026-04-09T02:00:00+00:00 [running]>, dependency 'Task Instance Not Running' FAILED: Task is in the running state
[2026-04-21T15:42:43.333+0530] {taskinstance.py:2066} INFO - Dependencies not met for <TaskInstance: fraud_detection_pipeline.retrain_model scheduled__2026-04-09T02:00:00+00:00 [running]>, dependency 'Task Instance State' FAILED: Task is in the 'running' state.
[2026-04-21T15:42:43.333+0530] {local_task_job_runner.py:163} INFO - Task is not able to be run
[2026-04-21T15:42:44.039+0530] {logging_mixin.py:188} INFO - 
🚀 Training XGBoost model...
[2026-04-21T15:42:47.239+0530] {logging_mixin.py:188} INFO - [0]	validation_0-auc:0.84011
[2026-04-21T15:42:58.866+0530] {logging_mixin.py:188} INFO - [100]	validation_0-auc:0.90690
[2026-04-21T15:43:11.035+0530] {logging_mixin.py:188} INFO - [200]	validation_0-auc:0.92482
[2026-04-21T15:43:22.173+0530] {logging_mixin.py:188} INFO - [300]	validation_0-auc:0.93394
[2026-04-21T15:43:33.247+0530] {logging_mixin.py:188} INFO - [400]	validation_0-auc:0.94122
[2026-04-21T15:43:44.962+0530] {logging_mixin.py:188} INFO - [499]	validation_0-auc:0.94645
[2026-04-21T15:43:44.999+0530] {logging_mixin.py:188} INFO -    Best iteration: 499
[2026-04-21T15:43:44.999+0530] {logging_mixin.py:188} INFO - 
📈 Evaluating model...
[2026-04-21T15:43:45.512+0530] {logging_mixin.py:188} INFO - 
   🎯 AUC-ROC: 0.9464  (target: > 0.88)
[2026-04-21T15:43:45.513+0530] {logging_mixin.py:188} INFO -    🎯 AUC-PR:  0.6903
[2026-04-21T15:43:45.524+0530] {logging_mixin.py:188} INFO - 
   Confusion Matrix:
[[105171   8804]
 [   710   3423]]
[2026-04-21T15:43:45.611+0530] {logging_mixin.py:188} INFO - 
   Classification Report:
              precision    recall  f1-score   support

           0       0.99      0.92      0.96    113975
           1       0.28      0.83      0.42      4133

    accuracy                           0.92    118108
   macro avg       0.64      0.88      0.69    118108
weighted avg       0.97      0.92      0.94    118108
[2026-04-21T15:43:45.619+0530] {logging_mixin.py:188} INFO - 
💾 Local fallback saved → models/fraud_model_v1.joblib
[2026-04-21T15:43:45.620+0530] {logging_mixin.py:188} INFO - 
📊 Logging to MLflow...
[2026-04-21T15:43:46.635+0530] {logging_mixin.py:188} INFO - 
📊 MLflow run started: 6397f48d043c468fa37452734f9f0aba
[2026-04-21T15:43:46.658+0530] {logging_mixin.py:188} INFO -   ✅ Params logged
[2026-04-21T15:43:46.689+0530] {logging_mixin.py:188} INFO -   ✅ Metrics logged
[2026-04-21T15:43:46.724+0530] {logging_mixin.py:188} INFO -   ✅ Feature names artifact logged
[2026-04-21T15:43:47.383+0530] {logging_mixin.py:188} WARNING - /Users/srish/Documents/mlops+fintech/src/train.py:262 UserWarning: Starting a Matplotlib GUI outside of the main thread will likely fail.
