[2026-04-22T08:49:09.786+0530] {local_task_job_runner.py:120} INFO - ::group::Pre task execution logs
[2026-04-22T08:49:09.797+0530] {taskinstance.py:2076} INFO - Dependencies all met for dep_context=non-requeueable deps ti=<TaskInstance: fraud_detection_pipeline.branch_on_drift scheduled__2026-04-11T02:00:00+00:00 [queued]>
[2026-04-22T08:49:09.799+0530] {taskinstance.py:2076} INFO - Dependencies all met for dep_context=requeueable deps ti=<TaskInstance: fraud_detection_pipeline.branch_on_drift scheduled__2026-04-11T02:00:00+00:00 [queued]>
[2026-04-22T08:49:09.799+0530] {taskinstance.py:2306} INFO - Starting attempt 1 of 3
[2026-04-22T08:49:09.802+0530] {taskinstance.py:2330} INFO - Executing <Task(BranchPythonOperator): branch_on_drift> on 2026-04-11 02:00:00+00:00
[2026-04-22T08:49:09.805+0530] {standard_task_runner.py:63} INFO - Started process 68967 to run task
[2026-04-22T08:49:09.807+0530] {standard_task_runner.py:90} INFO - Running: ['airflow', 'tasks', 'run', 'fraud_detection_pipeline', 'branch_on_drift', 'scheduled__2026-04-11T02:00:00+00:00', '--job-id', '190', '--raw', '--subdir', 'DAGS_FOLDER/fraud_pipeline.py', '--cfg-path', '/var/folders/t3/vln6zx7d3f73chjjcynlp_qh0000gn/T/tmp88ljey1w']
[2026-04-22T08:49:09.808+0530] {standard_task_runner.py:91} INFO - Job 190: Subtask branch_on_drift
[2026-04-22T08:49:09.819+0530] {task_command.py:426} INFO - Running <TaskInstance: fraud_detection_pipeline.branch_on_drift scheduled__2026-04-11T02:00:00+00:00 [running]> on host srishtis-macbook-air.local
[2026-04-22T08:49:09.869+0530] {taskinstance.py:2648} INFO - Exporting env vars: AIRFLOW_CTX_DAG_OWNER='mlops-team' AIRFLOW_CTX_DAG_ID='fraud_detection_pipeline' AIRFLOW_CTX_TASK_ID='branch_on_drift' AIRFLOW_CTX_EXECUTION_DATE='2026-04-11T02:00:00+00:00' AIRFLOW_CTX_TRY_NUMBER='1' AIRFLOW_CTX_DAG_RUN_ID='scheduled__2026-04-11T02:00:00+00:00'
[2026-04-22T08:49:09.869+0530] {taskinstance.py:430} INFO - ::endgroup::
[2026-04-22T08:49:09.869+0530] {baseoperator.py:399} WARNING - BranchPythonOperator.execute cannot be called outside TaskInstance!
[2026-04-22T08:49:09.871+0530] {fraud_pipeline.py:319} INFO -    Branching: drift_detected=True, max_psi=4.0043
[2026-04-22T08:49:09.871+0530] {fraud_pipeline.py:322} INFO -    → Taking RETRAIN path
[2026-04-22T08:49:09.872+0530] {python.py:237} INFO - Done. Returned value was: retrain_model
[2026-04-22T08:49:09.872+0530] {branch.py:36} INFO - Branch into retrain_model
[2026-04-22T08:49:09.872+0530] {skipmixin.py:178} INFO - Following branch retrain_model
[2026-04-22T08:49:09.874+0530] {skipmixin.py:246} INFO - Skipping tasks [('skip_retrain', -1)]
[2026-04-22T08:49:09.877+0530] {taskinstance.py:441} INFO - ::group::Post task execution logs
[2026-04-22T08:49:09.879+0530] {taskinstance.py:1206} INFO - Marking task as SUCCESS. dag_id=fraud_detection_pipeline, task_id=branch_on_drift, run_id=scheduled__2026-04-11T02:00:00+00:00, execution_date=20260411T020000, start_date=20260422T031909, end_date=20260422T031909
[2026-04-22T08:49:09.907+0530] {local_task_job_runner.py:240} INFO - Task exited with return code 0
[2026-04-22T08:49:09.944+0530] {taskinstance.py:3498} INFO - 1 downstream tasks scheduled from follow-on schedule check
[2026-04-22T08:49:09.945+0530] {local_task_job_runner.py:222} INFO - ::endgroup::
