[2026-04-21T15:26:32.065+0530] {local_task_job_runner.py:120} INFO - ::group::Pre task execution logs
[2026-04-21T15:26:32.074+0530] {taskinstance.py:2076} INFO - Dependencies all met for dep_context=non-requeueable deps ti=<TaskInstance: fraud_detection_pipeline.check_drift manual__2026-04-10T12:06:41+00:00 [queued]>
[2026-04-21T15:26:32.075+0530] {taskinstance.py:2076} INFO - Dependencies all met for dep_context=requeueable deps ti=<TaskInstance: fraud_detection_pipeline.check_drift manual__2026-04-10T12:06:41+00:00 [queued]>
[2026-04-21T15:26:32.075+0530] {taskinstance.py:2306} INFO - Starting attempt 11 of 13
[2026-04-21T15:26:32.078+0530] {taskinstance.py:2330} INFO - Executing <Task(PythonOperator): check_drift> on 2026-04-10 12:06:41+00:00
[2026-04-21T15:26:32.080+0530] {standard_task_runner.py:63} INFO - Started process 63951 to run task
[2026-04-21T15:26:32.082+0530] {standard_task_runner.py:90} INFO - Running: ['airflow', 'tasks', 'run', 'fraud_detection_pipeline', 'check_drift', 'manual__2026-04-10T12:06:41+00:00', '--job-id', '144', '--raw', '--subdir', 'DAGS_FOLDER/fraud_pipeline.py', '--cfg-path', '/var/folders/t3/vln6zx7d3f73chjjcynlp_qh0000gn/T/tmp0dt4eu_s']
[2026-04-21T15:26:32.083+0530] {standard_task_runner.py:91} INFO - Job 144: Subtask check_drift
[2026-04-21T15:26:32.094+0530] {task_command.py:426} INFO - Running <TaskInstance: fraud_detection_pipeline.check_drift manual__2026-04-10T12:06:41+00:00 [running]> on host srishtis-macbook-air.local
[2026-04-21T15:26:32.110+0530] {taskinstance.py:2648} INFO - Exporting env vars: AIRFLOW_CTX_DAG_OWNER='mlops-team' AIRFLOW_CTX_DAG_ID='fraud_detection_pipeline' AIRFLOW_CTX_TASK_ID='check_drift' AIRFLOW_CTX_EXECUTION_DATE='2026-04-10T12:06:41+00:00' AIRFLOW_CTX_TRY_NUMBER='11' AIRFLOW_CTX_DAG_RUN_ID='manual__2026-04-10T12:06:41+00:00'
[2026-04-21T15:26:32.110+0530] {taskinstance.py:430} INFO - ::endgroup::
[2026-04-21T15:26:32.431+0530] {fraud_pipeline.py:268} INFO - 🔍 Task 3: Checking for data drift...
[2026-04-21T15:26:32.911+0530] {logging_mixin.py:188} INFO - 
🔍 Running drift check...
[2026-04-21T15:26:32.912+0530] {logging_mixin.py:188} INFO -    Current data: 118,108 samples
[2026-04-21T15:26:32.916+0530] {logging_mixin.py:188} INFO -    Reference data: 472,432 samples (from 2026-04-10)
[2026-04-21T15:26:32.955+0530] {logging_mixin.py:188} INFO - 
   📊 PSI Results:
[2026-04-21T15:26:32.956+0530] {logging_mixin.py:188} INFO -       🔴 RETRAIN card6: 4.0043
[2026-04-21T15:26:32.956+0530] {logging_mixin.py:188} INFO -       🔴 RETRAIN TransactionAmt: 1.1814
[2026-04-21T15:26:32.956+0530] {logging_mixin.py:188} INFO -       🔴 RETRAIN TransactionAmt_log: 1.1814
[2026-04-21T15:26:32.956+0530] {logging_mixin.py:188} INFO -       🟢 D15: 0.0416
[2026-04-21T15:26:32.956+0530] {logging_mixin.py:188} INFO -       🟢 D10: 0.0243
[2026-04-21T15:26:32.956+0530] {logging_mixin.py:188} INFO -       🟢 C13: 0.0176
[2026-04-21T15:26:32.956+0530] {logging_mixin.py:188} INFO -       🟢 D1: 0.0164
[2026-04-21T15:26:32.956+0530] {logging_mixin.py:188} INFO -       🟢 Transaction_hour: 0.0127
[2026-04-21T15:26:32.957+0530] {logging_mixin.py:188} INFO -       🟢 C6: 0.0087
[2026-04-21T15:26:32.957+0530] {logging_mixin.py:188} INFO -       🟢 C2: 0.0078
[2026-04-21T15:26:32.957+0530] {logging_mixin.py:188} INFO -       🟢 C1: 0.0076
[2026-04-21T15:26:32.957+0530] {logging_mixin.py:188} INFO -       🟢 card1: 0.0060
[2026-04-21T15:26:32.957+0530] {logging_mixin.py:188} INFO -       🟢 dist1: 0.0053
[2026-04-21T15:26:32.957+0530] {logging_mixin.py:188} INFO -       🟢 card4: 0.0030
[2026-04-21T15:26:32.957+0530] {logging_mixin.py:188} INFO -       🟢 addr1: 0.0029
[2026-04-21T15:26:32.957+0530] {logging_mixin.py:188} INFO - 
   Status: DRIFTED
[2026-04-21T15:26:32.957+0530] {logging_mixin.py:188} INFO -    Max PSI: 4.0043
[2026-04-21T15:26:32.957+0530] {logging_mixin.py:188} INFO -    Drift detected: True
[2026-04-21T15:26:37.565+0530] {logging_mixin.py:188} INFO - ✅ Evidently drift report saved → /Users/srish/Documents/mlops+fintech/data/processed/drift_reports/drift_report_20260421_095637.html
[2026-04-21T15:26:37.565+0530] {logging_mixin.py:188} INFO - 
   ✅ Result saved → /Users/srish/Documents/mlops+fintech/data/processed/drift_reports/latest_drift_result.json
[2026-04-21T15:26:37.565+0530] {fraud_pipeline.py:282} INFO -    Max PSI: 4.0043
[2026-04-21T15:26:37.565+0530] {fraud_pipeline.py:283} INFO -    Drift detected: True
[2026-04-21T15:26:37.565+0530] {fraud_pipeline.py:285} INFO -    Drifted features: ['TransactionAmt', 'card6', 'TransactionAmt_log']
[2026-04-21T15:26:37.570+0530] {python.py:237} INFO - Done. Returned value was: 4.0043
[2026-04-21T15:26:37.570+0530] {taskinstance.py:441} INFO - ::group::Post task execution logs
[2026-04-21T15:26:37.573+0530] {taskinstance.py:1206} INFO - Marking task as SUCCESS. dag_id=fraud_detection_pipeline, task_id=check_drift, run_id=manual__2026-04-10T12:06:41+00:00, execution_date=20260410T120641, start_date=20260421T095632, end_date=20260421T095637
[2026-04-21T15:26:37.609+0530] {local_task_job_runner.py:240} INFO - Task exited with return code 0
[2026-04-21T15:26:37.617+0530] {taskinstance.py:3498} INFO - 1 downstream tasks scheduled from follow-on schedule check
[2026-04-21T15:26:37.617+0530] {local_task_job_runner.py:222} INFO - ::endgroup::
