[2026-04-10T17:47:06.094+0530] {local_task_job_runner.py:120} INFO - ::group::Pre task execution logs
[2026-04-10T17:47:06.107+0530] {taskinstance.py:2076} INFO - Dependencies all met for dep_context=non-requeueable deps ti=<TaskInstance: fraud_detection_pipeline.engineer_features scheduled__2026-04-09T02:00:00+00:00 [queued]>
[2026-04-10T17:47:06.108+0530] {taskinstance.py:2076} INFO - Dependencies all met for dep_context=requeueable deps ti=<TaskInstance: fraud_detection_pipeline.engineer_features scheduled__2026-04-09T02:00:00+00:00 [queued]>
[2026-04-10T17:47:06.108+0530] {taskinstance.py:2306} INFO - Starting attempt 3 of 3
[2026-04-10T17:47:06.111+0530] {taskinstance.py:2330} INFO - Executing <Task(PythonOperator): engineer_features> on 2026-04-09 02:00:00+00:00
[2026-04-10T17:47:06.114+0530] {standard_task_runner.py:63} INFO - Started process 72916 to run task
[2026-04-10T17:47:06.116+0530] {standard_task_runner.py:90} INFO - Running: ['airflow', 'tasks', 'run', 'fraud_detection_pipeline', 'engineer_features', 'scheduled__2026-04-09T02:00:00+00:00', '--job-id', '5', '--raw', '--subdir', 'DAGS_FOLDER/fraud_pipeline.py', '--cfg-path', '/var/folders/t3/vln6zx7d3f73chjjcynlp_qh0000gn/T/tmp1qdztaoy']
[2026-04-10T17:47:06.118+0530] {standard_task_runner.py:91} INFO - Job 5: Subtask engineer_features
[2026-04-10T17:47:06.131+0530] {task_command.py:426} INFO - Running <TaskInstance: fraud_detection_pipeline.engineer_features scheduled__2026-04-09T02:00:00+00:00 [running]> on host srishtis-macbook-air.local
[2026-04-10T17:47:06.146+0530] {taskinstance.py:2648} INFO - Exporting env vars: AIRFLOW_CTX_DAG_OWNER='mlops-team' AIRFLOW_CTX_DAG_ID='fraud_detection_pipeline' AIRFLOW_CTX_TASK_ID='engineer_features' AIRFLOW_CTX_EXECUTION_DATE='2026-04-09T02:00:00+00:00' AIRFLOW_CTX_TRY_NUMBER='3' AIRFLOW_CTX_DAG_RUN_ID='scheduled__2026-04-09T02:00:00+00:00'
[2026-04-10T17:47:06.146+0530] {taskinstance.py:430} INFO - ::endgroup::
[2026-04-10T17:47:06.477+0530] {fraud_pipeline.py:237} INFO - 🔧 Task 2: Engineering features...
[2026-04-10T17:47:07.643+0530] {taskinstance.py:441} INFO - ::group::Post task execution logs
[2026-04-10T17:47:07.643+0530] {taskinstance.py:2905} ERROR - Task failed with exception
Traceback (most recent call last):
  File "/Library/Frameworks/Python.framework/Versions/3.10/lib/python3.10/site-packages/airflow/models/taskinstance.py", line 460, in _execute_task
    result = _execute_callable(context=context, **execute_callable_kwargs)
  File "/Library/Frameworks/Python.framework/Versions/3.10/lib/python3.10/site-packages/airflow/models/taskinstance.py", line 432, in _execute_callable
    return execute_callable(context=context, **execute_callable_kwargs)
  File "/Library/Frameworks/Python.framework/Versions/3.10/lib/python3.10/site-packages/airflow/models/baseoperator.py", line 400, in wrapper
    return func(self, *args, **kwargs)
  File "/Library/Frameworks/Python.framework/Versions/3.10/lib/python3.10/site-packages/airflow/operators/python.py", line 235, in execute
    return_value = self.execute_callable()
  File "/Library/Frameworks/Python.framework/Versions/3.10/lib/python3.10/site-packages/airflow/operators/python.py", line 252, in execute_callable
    return self.python_callable(*self.op_args, **self.op_kwargs)
  File "/Users/srish/Documents/mlops+fintech/dags/fraud_pipeline.py", line 249, in task_engineer_features
    df_engineered.to_parquet(output_path, index=False)
  File "/Library/Frameworks/Python.framework/Versions/3.10/lib/python3.10/site-packages/pandas/util/_decorators.py", line 333, in wrapper
    return func(*args, **kwargs)
  File "/Library/Frameworks/Python.framework/Versions/3.10/lib/python3.10/site-packages/pandas/core/frame.py", line 3113, in to_parquet
    return to_parquet(
  File "/Library/Frameworks/Python.framework/Versions/3.10/lib/python3.10/site-packages/pandas/io/parquet.py", line 480, in to_parquet
    impl.write(
  File "/Library/Frameworks/Python.framework/Versions/3.10/lib/python3.10/site-packages/pandas/io/parquet.py", line 190, in write
    table = self.api.Table.from_pandas(df, **from_pandas_kwargs)
  File "pyarrow/table.pxi", line 3874, in pyarrow.lib.Table.from_pandas
  File "/Library/Frameworks/Python.framework/Versions/3.10/lib/python3.10/site-packages/pyarrow/pandas_compat.py", line 624, in dataframe_to_arrays
    arrays[i] = maybe_fut.result()
  File "/Library/Frameworks/Python.framework/Versions/3.10/lib/python3.10/concurrent/futures/_base.py", line 451, in result
    return self.__get_result()
  File "/Library/Frameworks/Python.framework/Versions/3.10/lib/python3.10/concurrent/futures/_base.py", line 403, in __get_result
    raise self._exception
  File "/Library/Frameworks/Python.framework/Versions/3.10/lib/python3.10/concurrent/futures/thread.py", line 58, in run
    result = self.fn(*self.args, **self.kwargs)
  File "/Library/Frameworks/Python.framework/Versions/3.10/lib/python3.10/site-packages/pyarrow/pandas_compat.py", line 598, in convert_column
    raise e
  File "/Library/Frameworks/Python.framework/Versions/3.10/lib/python3.10/site-packages/pyarrow/pandas_compat.py", line 592, in convert_column
    result = pa.array(col, type=type_, from_pandas=True, safe=safe)
  File "pyarrow/array.pxi", line 339, in pyarrow.lib.array
  File "pyarrow/array.pxi", line 85, in pyarrow.lib._ndarray_to_array
  File "pyarrow/error.pxi", line 91, in pyarrow.lib.check_status
pyarrow.lib.ArrowInvalid: ("Could not convert 'T' with type str: tried to convert to int64", 'Conversion failed for column M1 with type object')
[2026-04-10T17:47:07.651+0530] {taskinstance.py:1206} INFO - Marking task as FAILED. dag_id=fraud_detection_pipeline, task_id=engineer_features, run_id=scheduled__2026-04-09T02:00:00+00:00, execution_date=20260409T020000, start_date=20260410T121706, end_date=20260410T121707
[2026-04-10T17:47:07.653+0530] {standard_task_runner.py:110} ERROR - Failed to execute job 5 for task engineer_features (("Could not convert 'T' with type str: tried to convert to int64", 'Conversion failed for column M1 with type object'); 72916)
[2026-04-10T17:47:07.686+0530] {local_task_job_runner.py:240} INFO - Task exited with return code 1
[2026-04-10T17:47:07.693+0530] {taskinstance.py:3498} INFO - 0 downstream tasks scheduled from follow-on schedule check
[2026-04-10T17:47:07.694+0530] {local_task_job_runner.py:222} INFO - ::endgroup::
